    1.9968858107e+03    2.2301373552e+03   -6.1245578846e+04    1.3356736317e+02    1.3316936996e+02    1.3331696495e+02   -3.3840582518e-03   -1.3219351868e-01    8.9517384364e-03    5.8822935548e+01    3.9215290365e+01    2.9411467774e+01
    2.0103087676e+03    2.2451282162e+03   -6.1248119520e+04    1.3379462904e+02    1.3309956176e+02    1.3331724710e+02    1.4575343085e-02   -3.8118855207e-02   -1.0876692600e-01    5.8822935548e+01    3.9215290365e+01    2.9411467774e+01
    2.0199959841e+03    2.2559469736e+03   -6.1255735797e+04    1.3343785817e+02    1.3341611043e+02    1.3338443976e+02   -1.4548834728e-02    1.6025015870e-01    2.5583214755e-02    5.8822935548e+01    3.9215290365e+01    2.9411467774e+01
    1.9941845697e+03    2.2271205885e+03   -6.1225223258e+04    1.3369551815e+02    1.3329515744e+02    1.3326435744e+02    9.5830414235e-02    2.6888006664e-02    7.0920045874e-02    5.8822935548e+01    3.9215290365e+01    2.9411467774e+01
    2.0103962926e+03    2.2452259648e+03   -6.1244477302e+04    1.3375834889e+02    1.3310902151e+02    1.3329223956e+02   -6.5915121417e-02    5.1397399632e-02   -9.0710447621e-02    5.8822935548e+01    3.9215290365e+01    2.9411467774e+01
    1.9953000843e+03    2.2283664038e+03   -6.1229895292e+04    1.3343611909e+02    1.3319242222e+02    1.3369860705e+02   -1.2440996855e-02    2.0987454965e-02    8.7124441137e-03    5.8822935548e+01    3.9215290365e+01    2.9411467774e+01
    2.0124902784e+03    2.2475645441e+03   -6.1249511848e+04    1.3358225731e+02    1.3334276503e+02    1.3303579313e+02   -1.4956505727e-01    8.3309202841e-02    2.6783679037e-02    5.8822935548e+01    3.9215290365e+01    2.9411467774e+01
    2.0052753017e+03    2.2395068029e+03   -6.1241400504e+04    1.3364506075e+02    1.3291942727e+02    1.3358753101e+02   -3.1077921151e-02   -7.8378739029e-02    1.6031863360e-02    5.8822935548e+01    3.9215290365e+01    2.9411467774e+01
    1.9958864905e+03    2.2290213068e+03   -6.1230563735e+04    1.3380406794e+02    1.3289113352e+02    1.3356929712e+02    4.0161539878e-02   -1.1988818331e-02    5.4317747923e-02    5.8822935548e+01    3.9215290365e+01    2.9411467774e+01
    1.9941143168e+03    2.2270421296e+03   -6.1225097752e+04    1.3367238954e+02    1.3335461186e+02    1.3341057050e+02   -5.5303411941e-02    1.1368306011e-01    5.0944408332e-02    5.8822935548e+01    3.9215290365e+01    2.9411467774e+01
    2.0086021133e+03    2.2432222116e+03   -6.1244102324e+04    1.3386161219e+02    1.3328585688e+02    1.3316934666e+02   -2.7518600586e-02    8.7073200142e-02    1.7142060697e-02    5.8822935548e+01    3.9215290365e+01    2.9411467774e+01
    1.9937829526e+03    2.2266720595e+03   -6.1227825663e+04    1.3324770060e+02    1.3353291518e+02    1.3354744001e+02   -9.8585779989e-02   -5.7770790757e-02   -4.9284937654e-02    5.8822935548e+01    3.9215290365e+01    2.9411467774e+01
    1.9932429712e+03    2.2260690041e+03   -6.1228065340e+04    1.3346584157e+02    1.3345942463e+02    1.3351395958e+02   -4.3083626552e-02   -6.8772549133e-02   -1.8465698348e-02    5.8822935548e+01    3.9215290365e+01    2.9411467774e+01
    1.9971729696e+03    2.2304580564e+03   -6.1227950130e+04    1.3378009542e+02    1.3300450746e+02    1.3329668631e+02    1.0086134686e-01   -9.6066352059e-02   -5.6985542047e-02    5.8822935548e+01    3.9215290365e+01    2.9411467774e+01
    2.0147436301e+03    2.2500811046e+03   -6.1251554998e+04    1.3341382500e+02    1.3351832738e+02    1.3320927996e+02   -1.4316714235e-01    9.8530697886e-02   -5.8457858981e-02    5.8822935548e+01    3.9215290365e+01    2.9411467774e+01
    1.9883453293e+03    2.2205992802e+03   -6.1223346350e+04    1.3362338482e+02    1.3348905286e+02    1.3333017403e+02    1.3341605687e-01   -1.4363350005e-01    1.2496828228e-01    5.8822935548e+01    3.9215290365e+01    2.9411467774e+01
    2.0179731888e+03    2.2536879004e+03   -6.1252634863e+04    1.3365574780e+02    1.3335389724e+02    1.3335292662e+02   -3.7566419082e-02   -3.8717130744e-02   -3.5468798960e-02    5.8822935548e+01    3.9215290365e+01    2.9411467774e+01
    1.9972424028e+03    2.2305355999e+03   -6.1231799711e+04    1.3358414941e+02    1.3334708638e+02    1.3337541026e+02   -3.6688301581e-02   -1.8471891354e-01   -1.1471723667e-01    5.8822935548e+01    3.9215290365e+01    2.9411467774e+01
    1.9907722242e+03    2.2233096550e+03   -6.1221290018e+04    1.3351908207e+02    1.3341618555e+02    1.3338952937e+02    7.4631078309e-02   -7.3451417907e-02   -9.4225301361e-02    5.8822935548e+01    3.9215290365e+01    2.9411467774e+01
    1.9721736754e+03    2.2025386534e+03   -6.1200905289e+04    1.3393926124e+02    1.3349391509e+02    1.3336702586e+02    1.2814780717e-01    4.1787233494e-02   -1.3514786888e-01    5.8822935548e+01    3.9215290365e+01    2.9411467774e+01
    2.0016267018e+03    2.2354320186e+03   -6.1237502936e+04    1.3356663267e+02    1.3334133123e+02    1.3322150768e+02    4.0684686324e-02   -5.9858588870e-02    2.4821348238e-01    5.8822935548e+01    3.9215290365e+01    2.9411467774e+01
    2.0032835833e+03    2.2372824366e+03   -6.1236805757e+04    1.3357121479e+02    1.3351649121e+02    1.3338890554e+02    1.2828304799e-01   -7.0577545960e-02    2.0278037483e-01    5.8822935548e+01    3.9215290365e+01    2.9411467774e+01
    1.9851751785e+03    2.2170588315e+03   -6.1218435176e+04    1.3359778032e+02    1.3317670317e+02    1.3362651091e+02   -2.5135322866e-02    1.4060999986e-02   -9.2448663038e-03    5.8822935548e+01    3.9215290365e+01    2.9411467774e+01
    2.0148985314e+03    2.2502540995e+03   -6.1249651476e+04    1.3357622919e+02    1.3324114686e+02    1.3328790934e+02   -9.7323041121e-02   -1.8506454107e-01   -1.0777421804e-01    5.8822935548e+01    3.9215290365e+01    2.9411467774e+01
    2.0089484127e+03    2.2436089614e+03   -6.1245508852e+04    1.3328759197e+02    1.3338813239e+02    1.3312316352e+02   -3.2367950911e-02   -1.3646482552e-01   -1.8365845752e-01    5.8822935548e+01    3.9215290365e+01    2.9411467774e+01
    1.9861938903e+03    2.2181965366e+03   -6.1218610190e+04    1.3361010753e+02    1.3338386517e+02    1.3336692657e+02   -6.6613796913e-02   -3.0281882425e-02    7.3246613814e-02    5.8822935548e+01    3.9215290365e+01    2.9411467774e+01
    1.9924841978e+03    2.2252216002e+03   -6.1224667439e+04    1.3372276729e+02    1.3348448290e+02    1.3340265177e+02    1.6820609579e-01    9.9353287800e-02   -5.9394357606e-03    5.8822935548e+01    3.9215290365e+01    2.9411467774e+01
    1.9890726633e+03    2.2214115724e+03   -6.1222622128e+04    1.3352619776e+02    1.3346830288e+02    1.3331391099e+02    1.5002773535e-02    6.3907033203e-02    6.0788458365e-02    5.8822935548e+01    3.9215290365e+01    2.9411467774e+01
    2.0055287411e+03    2.2397898460e+03   -6.1240755270e+04    1.3344660325e+02    1.3322796656e+02    1.3330763582e+02   -1.5074968405e-02   -3.8404456032e-02    1.0064334559e-02    5.8822935548e+01    3.9215290365e+01    2.9411467774e+01
    2.0067337753e+03    2.2411356374e+03   -6.1241370531e+04    1.3393884676e+02    1.3319880200e+02    1.3321580002e+02   -1.9854483683e-02   -1.0655790851e-01   -1.0443367347e-02    5.8822935548e+01    3.9215290365e+01    2.9411467774e+01
    1.9845457703e+03    2.2163559036e+03   -6.1216159386e+04    1.3329792736e+02    1.3349723870e+02    1.3381100590e+02   -1.5407376685e-01   -2.4890249998e-02   -1.9782009712e-02    5.8822935548e+01    3.9215290365e+01    2.9411467774e+01
    2.0091658786e+03    2.2438518290e+03   -6.1242883611e+04    1.3361413660e+02    1.3318725314e+02    1.3342773055e+02    1.4385320744e-01   -7.5380884349e-02    1.3500713607e-01    5.8822935548e+01    3.9215290365e+01    2.9411467774e+01
    1.9758467668e+03    2.2066407899e+03   -6.1209915822e+04    1.3356904546e+02    1.3328319152e+02    1.3374344194e+02    1.9143506416e-02   -3.0100035853e-01    4.5227325638e-02    5.8822935548e+01    3.9215290365e+01    2.9411467774e+01
    2.0208416132e+03    2.2568913788e+03   -6.1256360312e+04    1.3386062041e+02    1.3328428269e+02    1.3286968065e+02   -2.9834889622e-02   -4.6173360358e-02    7.2440001915e-02    5.8822935548e+01    3.9215290365e+01    2.9411467774e+01
    2.0004845450e+03    2.2341564492e+03   -6.1236509634e+04    1.3345342891e+02    1.3344455910e+02    1.3334694465e+02    4.2884167565e-02    1.8699424075e-01    2.6297732119e-02    5.8822935548e+01    3.9215290365e+01    2.9411467774e+01
    2.0025443167e+03    2.2364568180e+03   -6.1235850298e+04    1.3350339828e+02    1.3347428196e+02    1.3320509170e+02    1.7503494385e-01   -1.5412764124e-01    1.1013737436e-01    5.8822935548e+01    3.9215290365e+01    2.9411467774e+01
    1.9930980354e+03    2.2259071387e+03   -6.1225777722e+04    1.3392768746e+02    1.3334013601e+02    1.3329633724e+02    1.5046390401e-02   -2.2092418019e-03    2.6839728344e-01    5.8822935548e+01    3.9215290365e+01    2.9411467774e+01
    1.9884276755e+03    2.2206912450e+03   -6.1219597415e+04    1.3358003993e+02    1.3334887220e+02    1.3346365629e+02   -2.3251477214e-02   -1.3002708933e-02    1.1157528233e-01    5.8822935548e+01    3.9215290365e+01    2.9411467774e+01
    1.9879504611e+03    2.2201582884e+03   -6.1221356779e+04    1.3362725848e+02    1.3368431639e+02    1.3310929185e+02    4.7922664617e-02    3.4815397446e-02    2.1233837121e-01    5.8822935548e+01    3.9215290365e+01    2.9411467774e+01
    2.0008886571e+03    2.2346077646e+03   -6.1234694956e+04    1.3331331440e+02    1.3335368857e+02    1.3346765949e+02   -4.5106904637e-02   -9.1961555013e-02    9.9881183412e-03    5.8822935548e+01    3.9215290365e+01    2.9411467774e+01
    1.9978436002e+03    2.2312070218e+03   -6.1230778677e+04    1.3359157820e+02    1.3347092636e+02    1.3323604823e+02   -4.8732013415e-02   -6.0453451322e-03   -1.4636642491e-01    5.8822935548e+01    3.9215290365e+01    2.9411467774e+01
    1.9855246463e+03    2.2174491199e+03   -6.1217995989e+04    1.3347041717e+02    1.3361591242e+02    1.3326925871e+02    3.0063597573e-02    1.0394262806e-01    8.4128331563e-02    5.8822935548e+01    3.9215290365e+01    2.9411467774e+01
    2.0026796208e+03    2.2366079266e+03   -6.1235716724e+04    1.3317174101e+02    1.3355586059e+02    1.3347993135e+02   -1.5265529795e-01    5.7328926835e-02    5.1048612029e-02    5.8822935548e+01    3.9215290365e+01    2.9411467774e+01
    2.0162558126e+03    2.2517699215e+03   -6.1251948943e+04    1.3322278790e+02    1.3327073525e+02    1.3354041318e+02   -8.9039943936e-02    1.9754499302e-01   -6.3416556633e-02    5.8822935548e+01    3.9215290365e+01    2.9411467774e+01
    2.0048960403e+03    2.2390832408e+03   -6.1238905325e+04    1.3350687261e+02    1.3324930530e+02    1.3343938604e+02    2.1236141486e-03    3.7043405813e-02    1.9021478408e-01    5.8822935548e+01    3.9215290365e+01    2.9411467774e+01
    2.0025718133e+03    2.2364875264e+03   -6.1235903140e+04    1.3351866351e+02    1.3358450136e+02    1.3329270804e+02    7.3286046236e-02    2.4127474700e-01    1.6915224390e-02    5.8822935548e+01    3.9215290365e+01    2.9411467774e+01
    2.0097860965e+03    2.2445444931e+03   -6.1244230244e+04    1.3371039408e+02    1.3339795389e+02    1.3320583756e+02    5.1596617366e-02   -1.1377634575e-01    6.3956296311e-02    5.8822935548e+01    3.9215290365e+01    2.9411467774e+01
    2.0098519821e+03    2.2446180746e+03   -6.1245398427e+04    1.3355276659e+02    1.3344732389e+02    1.3316726828e+02   -1.3991352409e-02   -5.9066993400e-02    1.5715440173e-02    5.8822935548e+01    3.9215290365e+01    2.9411467774e+01
    2.0146089863e+03    2.2499307333e+03   -6.1249515449e+04    1.3359241196e+02    1.3328381848e+02    1.3309473837e+02    5.5012319454e-02   -4.9558492655e-02   -3.7372652954e-03    5.8822935548e+01    3.9215290365e+01    2.9411467774e+01
    2.0124244867e+03    2.2474910674e+03   -6.1249635864e+04    1.3346671778e+02    1.3330827069e+02    1.3314742392e+02   -1.7239963038e-02   -1.5528074934e-02    1.2847903971e-01    5.8822935548e+01    3.9215290365e+01    2.9411467774e+01
    2.0218533871e+03    2.2580213356e+03   -6.1256253972e+04    1.3361095155e+02    1.3326916895e+02    1.3317327646e+02    6.4505478442e-02   -6.5185427753e-03    6.8959603254e-02    5.8822935548e+01    3.9215290365e+01    2.9411467774e+01
    1.9988484944e+03    2.2323292953e+03   -6.1230891469e+04    1.3344294264e+02    1.3335441049e+02    1.3339979533e+02    2.8328467609e-02    4.6159574796e-02    4.6334381150e-02    5.8822935548e+01    3.9215290365e+01    2.9411467774e+01
    1.9855995518e+03    2.2175327749e+03   -6.1217624115e+04    1.3337723658e+02    1.3343112961e+02    1.3345626234e+02   -3.6449752811e-02   -1.0187383045e-01   -1.3239740537e-01    5.8822935548e+01    3.9215290365e+01    2.9411467774e+01
    2.0086091747e+03    2.2432300978e+03   -6.1241710617e+04    1.3351974642e+02    1.3317771772e+02    1.3354838602e+02    2.3459267970e-03    6.6947314755e-02    1.7030805210e-02    5.8822935548e+01    3.9215290365e+01    2.9411467774e+01
    2.0045556340e+03    2.2387030725e+03   -6.1238947304e+04    1.3357847352e+02    1.3325615133e+02    1.3348228543e+02    8.6391825460e-02   -1.6843657883e-01   -8.0972230815e-02    5.8822935548e+01    3.9215290365e+01    2.9411467774e+01
    2.0070304514e+03    2.2414669675e+03   -6.1242598578e+04    1.3381506026e+02    1.3326499799e+02    1.3314562351e+02   -2.1479240999e-01   -4.3418957405e-02    3.5339445008e-02    5.8822935548e+01    3.9215290365e+01    2.9411467774e+01
    1.9846719422e+03    2.2164968133e+03   -6.1217122313e+04    1.3347333109e+02    1.3353854907e+02    1.3352423100e+02   -3.5024194057e-02    7.9844647793e-03   -6.4562834482e-02    5.8822935548e+01    3.9215290365e+01    2.9411467774e+01
    1.9874600192e+03    2.2196105591e+03   -6.1220193623e+04    1.3360839691e+02    1.3332471027e+02    1.3336301424e+02    9.8854571650e-02   -5.2602365389e-02    1.7411314620e-02    5.8822935548e+01    3.9215290365e+01    2.9411467774e+01
    1.9852727528e+03    2.2171678032e+03   -6.1217303294e+04    1.3386566753e+02    1.3325563839e+02    1.3333103464e+02   -1.6538733655e-01   -1.8941121188e-01   -1.8645458733e-01    5.8822935548e+01    3.9215290365e+01    2.9411467774e+01
    2.0083189659e+03    2.2429059904e+03   -6.1243748742e+04    1.3389769244e+02    1.3313594716e+02    1.3314563243e+02   -1.1675589072e-01    1.0382585611e-02   -3.6455287261e-02    5.8822935548e+01    3.9215290365e+01    2.9411467774e+01
    1.9776136121e+03    2.2086140162e+03   -6.1209116041e+04    1.3362044285e+02    1.3328656542e+02    1.3348280672e+02   -3.6372437068e-02   -6.5645927150e-02   -5.4902482749e-02    5.8822935548e+01    3.9215290365e+01    2.9411467774e+01
    2.0087178110e+03    2.2433514237e+03   -6.1242813324e+04    1.3354763418e+02    1.3325578571e+02    1.3348953238e+02    1.6032852605e-02    1.4404305793e-01   -5.5950949265e-02    5.8822935548e+01    3.9215290365e+01    2.9411467774e+01
    1.9940309608e+03    2.2269490370e+03   -6.1225426999e+04    1.3360735764e+02    1.3348933589e+02    1.3342641193e+02    2.5759704724e-03   -1.4491778080e-02   -5.7166963093e-02    5.8822935548e+01    3.9215290365e+01    2.9411467774e+01
    2.0053395994e+03    2.2395786111e+03   -6.1241783325e+04    1.3364358709e+02    1.3346475459e+02    1.3314250811e+02   -1.0241426629e-01   -6.4103068899e-03    3.8695975979e-02    5.8822935548e+01    3.9215290365e+01    2.9411467774e+01
    1.9901503797e+03    2.2226151742e+03   -6.1223283398e+04    1.3360792800e+02    1.3357610011e+02    1.3338075383e+02    2.3984432218e-01   -8.8876440421e-02   -8.2951510751e-03    5.8822935548e+01    3.9215290365e+01    2.9411467774e+01
    1.9888557712e+03    2.2211693456e+03   -6.1220363367e+04    1.3343394681e+02    1.3371123142e+02    1.3330905352e+02    5.2778049269e-02   -1.7638366889e-01    1.6929201570e-02    5.8822935548e+01    3.9215290365e+01    2.9411467774e+01
    1.9951677678e+03    2.2282186318e+03   -6.1228010933e+04    1.3374974377e+02    1.3288411385e+02    1.3362560051e+02    1.7108448818e-01    1.8633570583e-02   -1.3111799553e-01    5.8822935548e+01    3.9215290365e+01    2.9411467774e+01
    2.0206687049e+03    2.2566982734e+03   -6.1256929990e+04    1.3369555861e+02    1.3299875120e+02    1.3328675653e+02   -4.3718691012e-02   -1.7267742162e-01   -1.2802117907e-01    5.8822935548e+01    3.9215290365e+01    2.9411467774e+01
    1.9976856470e+03    2.2310306184e+03   -6.1232441689e+04    1.3348325483e+02    1.3346066047e+02    1.3331942577e+02   -5.4981158246e-02   -8.2960368466e-02   -4.6120529418e-03    5.8822935548e+01    3.9215290365e+01    2.9411467774e+01
    1.9946343235e+03    2.2276228770e+03   -6.1227172148e+04    1.3342293114e+02    1.3328350490e+02    1.3369077824e+02    5.8703683203e-03    1.1040615218e-01   -9.3713378271e-02    5.8822935548e+01    3.9215290365e+01    2.9411467774e+01
    1.9775386435e+03    2.2085302908e+03   -6.1209218657e+04    1.3393431966e+02    1.3339023751e+02    1.3334097918e+02    1.5351092668e-01    5.8074252019e-02    1.6979190175e-01    5.8822935548e+01    3.9215290365e+01    2.9411467774e+01
    1.9814477048e+03    2.2128959603e+03   -6.1213405822e+04    1.3375999393e+02    1.3329967433e+02    1.3344537953e+02    4.8622762907e-02   -1.9402135254e-02    2.1301876684e-01    5.8822935548e+01    3.9215290365e+01    2.9411467774e+01
    1.9957469447e+03    2.2288654608e+03   -6.1230004756e+04    1.3331078376e+02    1.3383016186e+02    1.3314964356e+02    1.3888207815e-01   -7.7688105532e-02    1.2024220470e-01    5.8822935548e+01    3.9215290365e+01    2.9411467774e+01
    2.0113624966e+03    2.2463050287e+03   -6.1245255290e+04    1.3327303317e+02    1.3335574946e+02    1.3341678843e+02   -1.5852713267e-01   -1.5072020308e-02   -6.2367119974e-02    5.8822935548e+01    3.9215290365e+01    2.9411467774e+01
    2.0109186265e+03    2.2458093112e+03   -6.1246080808e+04    1.3366009720e+02    1.3324075043e+02    1.3331272708e+02   -1.3079933142e-02   -6.0022124282e-02   -5.0221559485e-02    5.8822935548e+01    3.9215290365e+01    2.9411467774e+01
    1.9951284310e+03    2.2281747001e+03   -6.1229468350e+04    1.3368922108e+02    1.3332410879e+02    1.3339089443e+02   -1.4706442255e-01   -3.0303515377e-02   -1.0839285022e-01    5.8822935548e+01    3.9215290365e+01    2.9411467774e+01
    1.9934437033e+03    2.2262931833e+03   -6.1227613858e+04    1.3371506439e+02    1.3317723641e+02    1.3353838722e+02   -4.0047511854e-02    1.2275453388e-01    5.2664725350e-02    5.8822935548e+01    3.9215290365e+01    2.9411467774e+01
    2.0136797588e+03    2.2488929649e+03   -6.1249376245e+04    1.3351992184e+02    1.3318301932e+02    1.3339454068e+02    1.7204085290e-02   -1.3079657019e-01    1.3562252770e-01    5.8822935548e+01    3.9215290365e+01    2.9411467774e+01
    2.0023952057e+03    2.2362902897e+03   -6.1235793100e+04    1.3365456022e+02    1.3335951543e+02    1.3363178169e+02    2.1362097620e-02   -7.6378623816e-02   -1.0257435157e-01    5.8822935548e+01    3.9215290365e+01    2.9411467774e+01
    2.0017084173e+03    2.2355232791e+03   -6.1235754444e+04    1.3331405341e+02    1.3318507961e+02    1.3367329014e+02    9.7864489009e-02   -1.8829517069e-01   -1.0059072740e-02    5.8822935548e+01    3.9215290365e+01    2.9411467774e+01
    1.9925381518e+03    2.2252818564e+03   -6.1225173489e+04    1.3378124468e+02    1.3322894939e+02    1.3324921303e+02    5.0269455563e-02   -4.3813498475e-02    8.4086537233e-02    5.8822935548e+01    3.9215290365e+01    2.9411467774e+01
    1.9923547461e+03    2.2250770275e+03   -6.1225718488e+04    1.3345489204e+02    1.3369863836e+02    1.3342127647e+02    1.4643379495e-01    4.2660920101e-02   -6.3027197695e-02    5.8822935548e+01    3.9215290365e+01    2.9411467774e+01
    1.9934977725e+03    2.2263535681e+03   -6.1227183770e+04    1.3363846019e+02    1.3331624400e+02    1.3331484791e+02   -1.8945719088e-02   -1.0747517700e-01    1.0548401170e-01    5.8822935548e+01    3.9215290365e+01    2.9411467774e+01
    1.9886595907e+03    2.2209502498e+03   -6.1223756588e+04    1.3356452152e+02    1.3325996652e+02    1.3342041590e+02    1.1925982918e-02   -3.5244684989e-02   -1.6262460167e-01    5.8822935548e+01    3.9215290365e+01    2.9411467774e+01
    2.0194996864e+03    2.2553927046e+03   -6.1255224447e+04    1.3381786184e+02    1.3320673600e+02    1.3291722666e+02    3.4900257626e-02    1.4349282578e-01    1.0146303740e-01    5.8822935548e+01    3.9215290365e+01    2.9411467774e+01
    2.0179293992e+03    2.2536389958e+03   -6.1253073920e+04    1.3333018764e+02    1.3342392963e+02    1.3330670363e+02    4.1109477255e-03    1.3521154957e-01    4.7099604645e-03    5.8822935548e+01    3.9215290365e+01    2.9411467774e+01
    2.0037418841e+03    2.2377942704e+03   -6.1238542474e+04    1.3370190631e+02    1.3331407142e+02    1.3319953125e+02    2.8898632259e-02    5.2690505119e-02    1.7258281372e-01    5.8822935548e+01    3.9215290365e+01    2.9411467774e+01
    1.9996679410e+03    2.2332444596e+03   -6.1234974577e+04    1.3379717245e+02    1.3325196475e+02    1.3327500493e+02   -1.3795004526e-02    3.1719317105e-02    1.6426169174e-01    5.8822935548e+01    3.9215290365e+01    2.9411467774e+01
    1.9774758194e+03    2.2084601283e+03   -6.1209576519e+04    1.3379360687e+02    1.3340986699e+02    1.3359643725e+02   -5.1348318681e-02   -4.4909175924e-02   -9.6722796459e-02    5.8822935548e+01    3.9215290365e+01    2.9411467774e+01
    1.9850313517e+03    2.2168982046e+03   -6.1217559382e+04    1.3406655384e+02    1.3341873095e+02    1.3330523448e+02    3.0739741215e-03    5.3720835237e-02   -1.4382561204e-01    5.8822935548e+01    3.9215290365e+01    2.9411467774e+01
    1.9959326436e+03    2.2290728508e+03   -6.1228898224e+04    1.3371226470e+02    1.3344019275e+02    1.3317315367e+02    9.6845463201e-02   -2.1186661847e-01    1.6348084969e-01    5.8822935548e+01    3.9215290365e+01    2.9411467774e+01
    1.9888276559e+03    2.2211379462e+03   -6.1223130749e+04    1.3363854313e+02    1.3308766496e+02    1.3355445965e+02    1.8390773757e-01    7.2015897892e-02   -1.0389851600e-02    5.8822935548e+01    3.9215290365e+01    2.9411467774e+01
    2.0019841306e+03    2.2358311978e+03   -6.1236526742e+04    1.3375506406e+02    1.3326771934e+02    1.3341330735e+02   -1.5070312178e-01   -3.8793019969e-02   -6.4111020522e-02    5.8822935548e+01    3.9215290365e+01    2.9411467774e+01
    2.0025708482e+03    2.2364864485e+03   -6.1237499071e+04    1.3364591381e+02    1.3346542953e+02    1.3315724788e+02    2.5517273145e-03    1.3863786331e-02    8.8543774400e-02    5.8822935548e+01    3.9215290365e+01    2.9411467774e+01
    2.0098542589e+03    2.2446206174e+03   -6.1244092741e+04    1.3349377151e+02    1.3338149074e+02    1.3329340027e+02    1.2342093648e-01    3.7928325298e-02   -4.0420563663e-02    5.8822935548e+01    3.9215290365e+01    2.9411467774e+01
    1.9764249195e+03    2.2072864753e+03   -6.1205831922e+04    1.3366465100e+02    1.3327477984e+02    1.3362939263e+02    1.0182759451e-01    2.5287898309e-02    8.9928700337e-03    5.8822935548e+01    3.9215290365e+01    2.9411467774e+01
    2.0033367694e+03    2.2373418352e+03   -6.1237166166e+04    1.3347037951e+02    1.3315595003e+02    1.3351257909e+02    7.0869871318e-02   -8.5818966622e-02    4.0764159928e-02    5.8822935548e+01    3.9215290365e+01    2.9411467774e+01
    2.0052425958e+03    2.2394702767e+03   -6.1242355207e+04    1.3358026416e+02    1.3320582768e+02    1.3339262220e+02   -1.0575082340e-01    5.3238428792e-02   -9.7491801402e-02    5.8822935548e+01    3.9215290365e+01    2.9411467774e+01
    1.9885761953e+03    2.2208571131e+03   -6.1220354856e+04    1.3384460582e+02    1.3314393460e+02    1.3368704594e+02    2.6712468953e-02    1.6870449374e-02    5.5748911336e-02    5.8822935548e+01    3.9215290365e+01    2.9411467774e+01
    1.9829936372e+03    2.2146224695e+03   -6.1214491397e+04    1.3357223233e+02    1.3343012187e+02    1.3351283076e+02    6.1498033691e-02   -6.0782019842e-02    1.9249668520e-01    5.8822935548e+01    3.9215290365e+01    2.9411467774e+01
    1.9829936372e+03    2.2146224695e+03   -6.1214491397e+04    1.3357223233e+02    1.3343012187e+02    1.3351283076e+02    6.1498033691e-02   -6.0782019842e-02    1.9249668520e-01    5.8822935548e+01    3.9215290365e+01    2.9411467774e+01
    1.9829936372e+03    2.2146224695e+03   -6.1214491397e+04    1.3357223233e+02    1.3343012187e+02    1.3351283076e+02    6.1498033691e-02   -6.0782019842e-02    1.9249668520e-01    5.8822935548e+01    3.9215290365e+01    2.9411467774e+01
    1.9829936372e+03    2.2146224695e+03   -6.1214491397e+04    1.3357223233e+02    1.3343012187e+02    1.3351283076e+02    6.1498033691e-02   -6.0782019842e-02    1.9249668520e-01    5.8822935548e+01    3.9215290365e+01    2.9411467774e+01
    1.9829936372e+03    2.2146224695e+03   -6.1214491397e+04    1.3357223233e+02    1.3343012187e+02    1.3351283076e+02    6.1498033691e-02   -6.0782019842e-02    1.9249668520e-01    5.8822935548e+01    3.9215290365e+01    2.9411467774e+01
    1.9829936372e+03    2.2146224695e+03   -6.1214491397e+04    1.3357223233e+02    1.3343012187e+02    1.3351283076e+02    6.1498033691e-02   -6.0782019842e-02    1.9249668520e-01    5.8822935548e+01    3.9215290365e+01    2.9411467774e+01
    1.9829936372e+03    2.2146224695e+03   -6.1214491397e+04    1.3357223233e+02    1.3343012187e+02    1.3351283076e+02    6.1498033691e-02   -6.0782019842e-02    1.9249668520e-01    5.8822935548e+01    3.9215290365e+01    2.9411467774e+01
    1.9829936372e+03    2.2146224695e+03   -6.1214491397e+04    1.3357223233e+02    1.3343012187e+02    1.3351283076e+02    6.1498033691e-02   -6.0782019842e-02    1.9249668520e-01    5.8822935548e+01    3.9215290365e+01    2.9411467774e+01
    1.9829936372e+03    2.2146224695e+03   -6.1214491397e+04    1.3357223233e+02    1.3343012187e+02    1.3351283076e+02    6.1498033691e-02   -6.0782019842e-02    1.9249668520e-01    5.8822935548e+01    3.9215290365e+01    2.9411467774e+01
    1.9829936372e+03    2.2146224695e+03   -6.1214491397e+04    1.3357223233e+02    1.3343012187e+02    1.3351283076e+02    6.1498033691e-02   -6.0782019842e-02    1.9249668520e-01    5.8822935548e+01    3.9215290365e+01    2.9411467774e+01
    1.9829936372e+03    2.2146224695e+03   -6.1214491397e+04    1.3357223233e+02    1.3343012187e+02    1.3351283076e+02    6.1498033691e-02   -6.0782019842e-02    1.9249668520e-01    5.8822935548e+01    3.9215290365e+01    2.9411467774e+01
    1.9829936372e+03    2.2146224695e+03   -6.1214491397e+04    1.3357223233e+02    1.3343012187e+02    1.3351283076e+02    6.1498033691e-02   -6.0782019842e-02    1.9249668520e-01    5.8822935548e+01    3.9215290365e+01    2.9411467774e+01
    1.9829936372e+03    2.2146224695e+03   -6.1214491397e+04    1.3357223233e+02    1.3343012187e+02    1.3351283076e+02    6.1498033691e-02   -6.0782019842e-02    1.9249668520e-01    5.8822935548e+01    3.9215290365e+01    2.9411467774e+01
    1.9829936372e+03    2.2146224695e+03   -6.1214491397e+04    1.3357223233e+02    1.3343012187e+02    1.3351283076e+02    6.1498033691e-02   -6.0782019842e-02    1.9249668520e-01    5.8822935548e+01    3.9215290365e+01    2.9411467774e+01
    1.9829936372e+03    2.2146224695e+03   -6.1214491397e+04    1.3357223233e+02    1.3343012187e+02    1.3351283076e+02    6.1498033691e-02   -6.0782019842e-02    1.9249668520e-01    5.8822935548e+01    3.9215290365e+01    2.9411467774e+01
    1.9829936372e+03    2.2146224695e+03   -6.1214491397e+04    1.3357223233e+02    1.3343012187e+02    1.3351283076e+02    6.1498033691e-02   -6.0782019842e-02    1.9249668520e-01    5.8822935548e+01    3.9215290365e+01    2.9411467774e+01
    1.9829936372e+03    2.2146224695e+03   -6.1214491397e+04    1.3357223233e+02    1.3343012187e+02    1.3351283076e+02    6.1498033691e-02   -6.0782019842e-02    1.9249668520e-01    5.8822935548e+01    3.9215290365e+01    2.9411467774e+01
    1.9829936372e+03    2.2146224695e+03   -6.1214491397e+04    1.3357223233e+02    1.3343012187e+02    1.3351283076e+02    6.1498033691e-02   -6.0782019842e-02    1.9249668520e-01    5.8822935548e+01    3.9215290365e+01    2.9411467774e+01
    1.9829936372e+03    2.2146224695e+03   -6.1214491397e+04    1.3357223233e+02    1.3343012187e+02    1.3351283076e+02    6.1498033691e-02   -6.0782019842e-02    1.9249668520e-01    5.8822935548e+01    3.9215290365e+01    2.9411467774e+01
    1.9829936372e+03    2.2146224695e+03   -6.1214491397e+04    1.3357223233e+02    1.3343012187e+02    1.3351283076e+02    6.1498033691e-02   -6.0782019842e-02    1.9249668520e-01    5.8822935548e+01    3.9215290365e+01    2.9411467774e+01
    1.9829936372e+03    2.2146224695e+03   -6.1214491397e+04    1.3357223233e+02    1.3343012187e+02    1.3351283076e+02    6.1498033691e-02   -6.0782019842e-02    1.9249668520e-01    5.8822935548e+01    3.9215290365e+01    2.9411467774e+01
    1.9829936372e+03    2.2146224695e+03   -6.1214491397e+04    1.3357223233e+02    1.3343012187e+02    1.3351283076e+02    6.1498033691e-02   -6.0782019842e-02    1.9249668520e-01    5.8822935548e+01    3.9215290365e+01    2.9411467774e+01
    1.9829936372e+03    2.2146224695e+03   -6.1214491397e+04    1.3357223233e+02    1.3343012187e+02    1.3351283076e+02    6.1498033691e-02   -6.0782019842e-02    1.9249668520e-01    5.8822935548e+01    3.9215290365e+01    2.9411467774e+01
    1.9829936372e+03    2.2146224695e+03   -6.1214491397e+04    1.3357223233e+02    1.3343012187e+02    1.3351283076e+02    6.1498033691e-02   -6.0782019842e-02    1.9249668520e-01    5.8822935548e+01    3.9215290365e+01    2.9411467774e+01
    1.9829936372e+03    2.2146224695e+03   -6.1214491397e+04    1.3357223233e+02    1.3343012187e+02    1.3351283076e+02    6.1498033691e-02   -6.0782019842e-02    1.9249668520e-01    5.8822935548e+01    3.9215290365e+01    2.9411467774e+01
    1.9829936372e+03    2.2146224695e+03   -6.1214491397e+04    1.3357223233e+02    1.3343012187e+02    1.3351283076e+02    6.1498033691e-02   -6.0782019842e-02    1.9249668520e-01    5.8822935548e+01    3.9215290365e+01    2.9411467774e+01
    1.9829936372e+03    2.2146224695e+03   -6.1214491397e+04    1.3357223233e+02    1.3343012187e+02    1.3351283076e+02    6.1498033691e-02   -6.0782019842e-02    1.9249668520e-01    5.8822935548e+01    3.9215290365e+01    2.9411467774e+01
    1.9829936372e+03    2.2146224695e+03   -6.1214491397e+04    1.3357223233e+02    1.3343012187e+02    1.3351283076e+02    6.1498033691e-02   -6.0782019842e-02    1.9249668520e-01    5.8822935548e+01    3.9215290365e+01    2.9411467774e+01
    1.9829936372e+03    2.2146224695e+03   -6.1214491397e+04    1.3357223233e+02    1.3343012187e+02    1.3351283076e+02    6.1498033691e-02   -6.0782019842e-02    1.9249668520e-01    5.8822935548e+01    3.9215290365e+01    2.9411467774e+01
    1.9829936372e+03    2.2146224695e+03   -6.1214491397e+04    1.3357223233e+02    1.3343012187e+02    1.3351283076e+02    6.1498033691e-02   -6.0782019842e-02    1.9249668520e-01    5.8822935548e+01    3.9215290365e+01    2.9411467774e+01
    1.9829936372e+03    2.2146224695e+03   -6.1214491397e+04    1.3357223233e+02    1.3343012187e+02    1.3351283076e+02    6.1498033691e-02   -6.0782019842e-02    1.9249668520e-01    5.8822935548e+01    3.9215290365e+01    2.9411467774e+01
