    2.0031038684e+03    2.7963521620e+03   -8.1963740194e+04    7.3802943228e+01    7.3541580249e+01    7.3705211155e+01   -1.9800246396e-02   -2.1767614642e-02   -6.2455936118e-02    6.1005964536e+01    5.0838303780e+01    3.0502982268e+01
    2.0052111211e+03    2.7992939069e+03   -8.1948094652e+04    7.4013769320e+01    7.3734701573e+01    7.3576764806e+01    6.5463621875e-02   -4.7174737135e-02   -2.7234573276e-02    6.1005964536e+01    5.0838303780e+01    3.0502982268e+01
    2.0125279649e+03    2.8095082909e+03   -8.1959608214e+04    7.3839769974e+01    7.3593407967e+01    7.3625376528e+01   -6.0542900858e-02    1.0279118132e-01    3.1705611050e-02    6.1005964536e+01    5.0838303780e+01    3.0502982268e+01
    2.0016048124e+03    2.7942594655e+03   -8.1945280137e+04    7.3664797637e+01    7.3779294418e+01    7.3705867323e+01   -3.9817935690e-02    3.8721751655e-02   -3.7006521950e-02    6.1005964536e+01    5.0838303780e+01    3.0502982268e+01
    2.0106558705e+03    2.8068948292e+03   -8.1960489500e+04    7.3992567809e+01    7.3500135755e+01    7.3761955752e+01   -8.2131084286e-02    2.1375911883e-02    2.1472079524e-02    6.1005964536e+01    5.0838303780e+01    3.0502982268e+01
    2.0174004538e+03    2.8163103320e+03   -8.1965986516e+04    7.3857976279e+01    7.3649295152e+01    7.3806483797e+01    2.5689206944e-02   -1.3078214693e-02    1.2805725885e-01    6.1005964536e+01    5.0838303780e+01    3.0502982268e+01
    1.9960827868e+03    2.7865506650e+03   -8.1938741164e+04    7.3864672703e+01    7.3603723339e+01    7.3817354832e+01    1.8368049331e-02   -1.7078128452e-03   -3.7094090610e-02    6.1005964536e+01    5.0838303780e+01    3.0502982268e+01
    1.9915086539e+03    2.7801651316e+03   -8.1932310211e+04    7.3837245926e+01    7.3465109279e+01    7.3864690964e+01    1.0423499263e-02   -4.6596402985e-02   -7.5993352756e-02    6.1005964536e+01    5.0838303780e+01    3.0502982268e+01
    1.9894160256e+03    2.7772438024e+03   -8.1930634936e+04    7.4072580141e+01    7.3724616356e+01    7.3704855778e+01    3.9040163561e-03   -6.1748856340e-02    2.0741882459e-02    6.1005964536e+01    5.0838303780e+01    3.0502982268e+01
    1.9907746101e+03    2.7791403994e+03   -8.1930943500e+04    7.3976582223e+01    7.3788991182e+01    7.3763606748e+01   -3.4756135761e-02    5.4648113883e-03    8.3617077879e-02    6.1005964536e+01    5.0838303780e+01    3.0502982268e+01
    1.9886705013e+03    2.7762030434e+03   -8.1927713497e+04    7.3964678104e+01    7.3791155414e+01    7.3583711688e+01    1.0445342043e-01    7.6431799506e-02    1.3839847724e-01    6.1005964536e+01    5.0838303780e+01    3.0502982268e+01
    1.9987134557e+03    2.7902231038e+03   -8.1943073082e+04    7.4198484137e+01    7.3516983362e+01    7.3570378004e+01    7.4940951731e-02   -1.0425221265e-01   -8.1177263173e-02    6.1005964536e+01    5.0838303780e+01    3.0502982268e+01
    1.9996683687e+03    2.7915561715e+03   -8.1944677576e+04    7.3874919304e+01    7.3851270201e+01    7.3640211641e+01    4.0998464829e-02    8.6124207152e-03    8.5653230307e-02    6.1005964536e+01    5.0838303780e+01    3.0502982268e+01
    2.0027283470e+03    2.7958279305e+03   -8.1948392776e+04    7.3875487880e+01    7.3463698221e+01    7.3828862072e+01   -2.4950587402e-02   -1.5465056643e-02    1.3928749619e-01    6.1005964536e+01    5.0838303780e+01    3.0502982268e+01
    2.0064811295e+03    2.8010668508e+03   -8.1954429040e+04    7.3813556219e+01    7.3797831335e+01    7.3490632750e+01   -1.7882547723e-01   -5.7470106732e-02    6.2652708926e-02    6.1005964536e+01    5.0838303780e+01    3.0502982268e+01
    2.0088700718e+03    2.8044018370e+03   -8.1959548420e+04    7.3991442961e+01    7.3395265231e+01    7.3684526142e+01   -5.1761725293e-02    9.7798529329e-02    9.6120640485e-03    6.1005964536e+01    5.0838303780e+01    3.0502982268e+01
    1.9910971104e+03    2.7795906129e+03   -8.1932507188e+04    7.3929266163e+01    7.3742354553e+01    7.3764562444e+01   -8.5888244845e-02   -6.0006506834e-02    5.1525144087e-02    6.1005964536e+01    5.0838303780e+01    3.0502982268e+01
    1.9842759855e+03    2.7700682573e+03   -8.1921768040e+04    7.3921171339e+01    7.3618047155e+01    7.3903722714e+01    2.4318535140e-02    1.5843007756e-02    3.5475176371e-03    6.1005964536e+01    5.0838303780e+01    3.0502982268e+01
    2.0237562369e+03    2.8251830659e+03   -8.1978037531e+04    7.3482750761e+01    7.3730233550e+01    7.3631091293e+01    2.1342228960e-02    4.4246497259e-03    4.8640041682e-02    6.1005964536e+01    5.0838303780e+01    3.0502982268e+01
    1.9947075067e+03    2.7846307607e+03   -8.1935871294e+04    7.3921603143e+01    7.3776581605e+01    7.3754605830e+01   -5.2744495360e-03    5.5391062267e-02    5.5066918973e-02    6.1005964536e+01    5.0838303780e+01    3.0502982268e+01
    1.9916810635e+03    2.7804058170e+03   -8.1930917490e+04    7.3779718768e+01    7.3809939633e+01    7.3657146316e+01   -2.0698201522e-01   -1.4331483491e-02   -1.4570889562e-01    6.1005964536e+01    5.0838303780e+01    3.0502982268e+01
    2.0006391490e+03    2.7929113901e+03   -8.1946791597e+04    7.3671612550e+01    7.3876958398e+01    7.3809920388e+01    7.3931110821e-03    2.5739171323e-02   -7.6612310176e-02    6.1005964536e+01    5.0838303780e+01    3.0502982268e+01
    1.9900353354e+03    2.7781083649e+03   -8.1928441679e+04    7.4078224080e+01    7.3724603900e+01    7.3919694358e+01   -2.2591663530e-02    3.4209422574e-02   -4.0381249471e-03    6.1005964536e+01    5.0838303780e+01    3.0502982268e+01
    1.9903526102e+03    2.7785512836e+03   -8.1929078560e+04    7.3688788300e+01    7.3827282161e+01    7.3648364741e+01    1.4070058720e-01   -3.2855418929e-02   -2.8622245464e-02    6.1005964536e+01    5.0838303780e+01    3.0502982268e+01
    2.0180578531e+03    2.8172280676e+03   -8.1970799317e+04    7.3854361856e+01    7.3616359223e+01    7.3545410978e+01    5.4368949547e-02    5.2345514943e-02   -3.3947763049e-02    6.1005964536e+01    5.0838303780e+01    3.0502982268e+01
    1.9833256777e+03    2.7687416186e+03   -8.1919878023e+04    7.3870577939e+01    7.3699787981e+01    7.3796978831e+01   -2.7063841116e-02   -5.3521906497e-02   -1.5625097855e-02    6.1005964536e+01    5.0838303780e+01    3.0502982268e+01
    2.0227609072e+03    2.8237935761e+03   -8.1973871451e+04    7.3890615954e+01    7.3596129252e+01    7.3524954982e+01    3.5004840713e-02   -2.5913505810e-02   -2.8423341718e-02    6.1005964536e+01    5.0838303780e+01    3.0502982268e+01
    1.9909676794e+03    2.7794099260e+03   -8.1929782183e+04    7.3707837031e+01    7.3566180064e+01    7.3887482339e+01    3.2883089104e-02   -7.4119381362e-02   -1.8114790200e-02    6.1005964536e+01    5.0838303780e+01    3.0502982268e+01
    2.0039462488e+03    2.7975281331e+03   -8.1948195619e+04    7.3766279733e+01    7.3850764137e+01    7.3590470123e+01    7.7906318097e-03   -2.1925699079e-02   -3.5434429865e-02    6.1005964536e+01    5.0838303780e+01    3.0502982268e+01
    2.0234537730e+03    2.8247608235e+03   -8.1978146233e+04    7.3906803132e+01    7.3587673900e+01    7.3443716261e+01   -3.8167246068e-02    4.7411152620e-02    1.9851246556e-03    6.1005964536e+01    5.0838303780e+01    3.0502982268e+01
    2.0220083295e+03    2.8227429705e+03   -8.1978078145e+04    7.3737054941e+01    7.3455917820e+01    7.3897338128e+01    8.3446266352e-02    1.7673685919e-02   -8.0692657815e-02    6.1005964536e+01    5.0838303780e+01    3.0502982268e+01
    1.9876316365e+03    2.7747527782e+03   -8.1926220632e+04    7.4011316222e+01    7.3589999787e+01    7.4071204150e+01   -8.5012364508e-02   -7.3910708400e-02   -1.4045317810e-02    6.1005964536e+01    5.0838303780e+01    3.0502982268e+01
    2.0153770410e+03    2.8134856283e+03   -8.1963517390e+04    7.3752959228e+01    7.3788934068e+01    7.3627647781e+01    5.9363852448e-02    8.9914093131e-02   -5.5213388805e-02    6.1005964536e+01    5.0838303780e+01    3.0502982268e+01
    1.9830882665e+03    2.7684101902e+03   -8.1922074183e+04    7.4072452630e+01    7.3505995277e+01    7.3879427047e+01    3.8056524868e-02    5.2232223473e-03    2.0310388957e-02    6.1005964536e+01    5.0838303780e+01    3.0502982268e+01
    1.9929627607e+03    2.7821950786e+03   -8.1934334125e+04    7.3946910084e+01    7.3676353499e+01    7.3626677195e+01   -3.2378423362e-02    1.0265230089e-01    2.8840673066e-02    6.1005964536e+01    5.0838303780e+01    3.0502982268e+01
    1.9940179899e+03    2.7836681887e+03   -8.1937374255e+04    7.4063273556e+01    7.3759643914e+01    7.3576183530e+01   -2.2959398033e-02    5.7954622875e-02   -4.4555133595e-02    6.1005964536e+01    5.0838303780e+01    3.0502982268e+01
    2.0099570949e+03    2.8059193317e+03   -8.1957897279e+04    7.4003285769e+01    7.3927836168e+01    7.3441009839e+01    2.7134277642e-02   -8.9624093117e-03   -2.2044232318e-02    6.1005964536e+01    5.0838303780e+01    3.0502982268e+01
    2.0109433663e+03    2.8072961760e+03   -8.1960496166e+04    7.3769824468e+01    7.3632675639e+01    7.3533627050e+01   -1.7524216394e-04    1.2046396265e-01   -1.7990546759e-01    6.1005964536e+01    5.0838303780e+01    3.0502982268e+01
    2.0161503370e+03    2.8145651570e+03   -8.1964835459e+04    7.3933390607e+01    7.3370836794e+01    7.3708744845e+01    1.0373717815e-02   -8.8889050979e-03    4.1115216436e-02    6.1005964536e+01    5.0838303780e+01    3.0502982268e+01
    1.9990907180e+03    2.7907497657e+03   -8.1944627002e+04    7.4060584125e+01    7.3712646811e+01    7.3632915771e+01    3.0318760484e-02    5.0082539994e-03    1.7624763425e-01    6.1005964536e+01    5.0838303780e+01    3.0502982268e+01
    2.0116570628e+03    2.8082925032e+03   -8.1961566017e+04    7.4055157435e+01    7.3608519531e+01    7.3389486779e+01    5.0683477598e-03    8.5669495935e-02    7.2817006356e-02    6.1005964536e+01    5.0838303780e+01    3.0502982268e+01
    2.0127541091e+03    2.8098239903e+03   -8.1959251539e+04    7.3714002373e+01    7.3589511129e+01    7.3528798358e+01    4.6964182616e-02   -4.4904323869e-02    7.0805529166e-02    6.1005964536e+01    5.0838303780e+01    3.0502982268e+01
    1.9867021832e+03    2.7734552525e+03   -8.1924300114e+04    7.3847128970e+01    7.3821999255e+01    7.3737859149e+01   -6.9817056897e-02   -1.4288438930e-02    3.9799669589e-02    6.1005964536e+01    5.0838303780e+01    3.0502982268e+01
    2.0030235960e+03    2.7962401009e+03   -8.1949075352e+04    7.3924567881e+01    7.3440865435e+01    7.3831149776e+01   -1.0406750743e-02    2.6699251708e-02    1.1612726864e-01    6.1005964536e+01    5.0838303780e+01    3.0502982268e+01
    2.0029556549e+03    2.7961452545e+03   -8.1949108190e+04    7.3811137799e+01    7.3597069943e+01    7.3703670958e+01   -5.4098370462e-02    2.4545161514e-02   -5.8641438630e-02    6.1005964536e+01    5.0838303780e+01    3.0502982268e+01
    1.9996786604e+03    2.7915705389e+03   -8.1945734433e+04    7.3992019122e+01    7.3486728318e+01    7.3843516586e+01   -1.7458002116e-02    6.4199086202e-02    1.7057904361e-01    6.1005964536e+01    5.0838303780e+01    3.0502982268e+01
    2.0083300510e+03    2.8036479629e+03   -8.1955446535e+04    7.3913896669e+01    7.3749378259e+01    7.3557200353e+01    5.2832495874e-02    1.1781405479e-01   -6.3596768490e-03    6.1005964536e+01    5.0838303780e+01    3.0502982268e+01
    2.0356546797e+03    2.8417934059e+03   -8.1993572368e+04    7.3521542732e+01    7.3447724960e+01    7.3716040139e+01    4.8235234420e-03    2.6636324836e-02    8.3404629200e-02    6.1005964536e+01    5.0838303780e+01    3.0502982268e+01
    2.0040853962e+03    2.7977223842e+03   -8.1950849752e+04    7.3863060379e+01    7.3601894249e+01    7.3770509145e+01   -7.8550368301e-05    2.5501494388e-02    9.0242763832e-02    6.1005964536e+01    5.0838303780e+01    3.0502982268e+01
    1.9870089370e+03    2.7738834838e+03   -8.1926058209e+04    7.3995696383e+01    7.3783020747e+01    7.3824109656e+01   -6.0509773865e-02   -4.4796902521e-02    2.2816153701e-02    6.1005964536e+01    5.0838303780e+01    3.0502982268e+01
    2.0106920575e+03    2.8069453465e+03   -8.1957806847e+04    7.3821189745e+01    7.3620856974e+01    7.3552274367e+01   -5.6117080607e-02    1.0457503081e-01   -1.1391644661e-02    6.1005964536e+01    5.0838303780e+01    3.0502982268e+01
    2.0116356124e+03    2.8082625582e+03   -8.1962354399e+04    7.3722242717e+01    7.3572317033e+01    7.3723707943e+01    1.9678842176e-02   -8.7313166828e-02    2.6576149269e-02    6.1005964536e+01    5.0838303780e+01    3.0502982268e+01
    2.0007589368e+03    2.7930786150e+03   -8.1946655542e+04    7.3903152621e+01    7.3549919543e+01    7.3680797824e+01    7.1023967405e-02   -1.4865612705e-02   -3.5805809624e-02    6.1005964536e+01    5.0838303780e+01    3.0502982268e+01
    2.0000272935e+03    2.7920572340e+03   -8.1943904968e+04    7.3980787406e+01    7.3498777529e+01    7.3825346343e+01   -4.2127624239e-02   -4.9506031163e-02    3.6584834914e-02    6.1005964536e+01    5.0838303780e+01    3.0502982268e+01
    2.0012597073e+03    2.7937776954e+03   -8.1945821022e+04    7.3928900862e+01    7.3615075322e+01    7.3656909507e+01   -6.2277123159e-02    4.7168206887e-02   -4.5557876287e-02    6.1005964536e+01    5.0838303780e+01    3.0502982268e+01
    2.0053296934e+03    2.7994594349e+03   -8.1951143744e+04    7.3762594559e+01    7.3864863217e+01    7.3569098146e+01    1.0600998291e-01    1.1802193647e-02   -5.4268106656e-03    6.1005964536e+01    5.0838303780e+01    3.0502982268e+01
    1.9924358173e+03    2.7814594606e+03   -8.1931957585e+04    7.4014318422e+01    7.3859111646e+01    7.3529715107e+01    3.0212495960e-02   -2.9906355399e-02    2.5370054275e-02    6.1005964536e+01    5.0838303780e+01    3.0502982268e+01
    1.9947375441e+03    2.7846726933e+03   -8.1937057471e+04    7.3958449220e+01    7.3958651707e+01    7.3756250805e+01    1.2885599108e-01   -8.5248603065e-02    1.2082572329e-01    6.1005964536e+01    5.0838303780e+01    3.0502982268e+01
    1.9944070216e+03    2.7842112807e+03   -8.1938603382e+04    7.3854749469e+01    7.3766928783e+01    7.3644019936e+01   -1.2983473598e-01   -8.8553346041e-03   -1.8764542015e-02    6.1005964536e+01    5.0838303780e+01    3.0502982268e+01
    1.9896301216e+03    2.7775426825e+03   -8.1930142327e+04    7.3782750844e+01    7.4026589323e+01    7.3732844564e+01   -1.6140571494e-01    4.3408341643e-02    2.9882128690e-02    6.1005964536e+01    5.0838303780e+01    3.0502982268e+01
    2.0165114286e+03    2.8150692443e+03   -8.1969703125e+04    7.3696317120e+01    7.3578010500e+01    7.3652952742e+01    7.7274464925e-02    1.2529276227e-01    1.4611245198e-03    6.1005964536e+01    5.0838303780e+01    3.0502982268e+01
    2.0047385202e+03    2.7986341515e+03   -8.1951821503e+04    7.3895953902e+01    7.3684484966e+01    7.3446816447e+01    6.8184894841e-02    5.4947109762e-02    9.9273592951e-02    6.1005964536e+01    5.0838303780e+01    3.0502982268e+01
    2.0118419804e+03    2.8085506499e+03   -8.1963628901e+04    7.3681108544e+01    7.3632322419e+01    7.3455415122e+01   -3.6471627963e-02   -1.5762278225e-02   -2.8434451295e-02    6.1005964536e+01    5.0838303780e+01    3.0502982268e+01
    2.0112138403e+03    2.8076737603e+03   -8.1960616144e+04    7.3895734676e+01    7.3610489821e+01    7.3650647736e+01    2.1910426808e-02    4.1063589194e-03    5.0503017844e-02    6.1005964536e+01    5.0838303780e+01    3.0502982268e+01
    1.9876034919e+03    2.7747134882e+03   -8.1928560447e+04    7.3945745436e+01    7.3865626979e+01    7.3734876085e+01   -3.5489663773e-02    1.0794480318e-01    9.5773050934e-02    6.1005964536e+01    5.0838303780e+01    3.0502982268e+01
    1.9831028089e+03    2.7684304916e+03   -8.1921159194e+04    7.3920401168e+01    7.3809923864e+01    7.3797924159e+01    1.9632588234e-02   -2.5586197844e-02    1.0894066658e-02    6.1005964536e+01    5.0838303780e+01    3.0502982268e+01
    2.0020074926e+03    2.7948216109e+03   -8.1946913502e+04    7.3947000171e+01    7.3503716390e+01    7.3584553890e+01   -5.3033957521e-02   -3.0369442298e-02   -1.1555197460e-01    6.1005964536e+01    5.0838303780e+01    3.0502982268e+01
    2.0087083724e+03    2.8041761032e+03   -8.1959672572e+04    7.3750963328e+01    7.3661133004e+01    7.3656441913e+01    9.8350335236e-02    8.0356001790e-02    1.3978984166e-02    6.1005964536e+01    5.0838303780e+01    3.0502982268e+01
    2.0077297891e+03    2.8028099915e+03   -8.1955839379e+04    7.3984646288e+01    7.3722950576e+01    7.3518120572e+01   -2.9932519059e-02   -1.0466287701e-01   -2.9739215476e-02    6.1005964536e+01    5.0838303780e+01    3.0502982268e+01
    2.0033605534e+03    2.7967104967e+03   -8.1949566460e+04    7.3731783370e+01    7.3464317969e+01    7.3776823176e+01   -1.0252260869e-02    1.9842151094e-01   -3.0740571899e-02    6.1005964536e+01    5.0838303780e+01    3.0502982268e+01
    1.9834314752e+03    2.7688893129e+03   -8.1917442842e+04    7.3963931396e+01    7.3734011858e+01    7.3671971561e+01    5.3745347707e-02   -4.8324638944e-02   -5.4269078867e-02    6.1005964536e+01    5.0838303780e+01    3.0502982268e+01
    2.0242992839e+03    2.8259411647e+03   -8.1975249324e+04    7.3906236821e+01    7.3335920122e+01    7.3585120670e+01    1.5006809826e-02   -2.7956108439e-03    1.1981586202e-02    6.1005964536e+01    5.0838303780e+01    3.0502982268e+01
    2.0036073289e+03    2.7970549976e+03   -8.1950787927e+04    7.3668661975e+01    7.3726781668e+01    7.3776151767e+01   -1.6421533404e-03    6.4230639655e-02   -1.1509687852e-03    6.1005964536e+01    5.0838303780e+01    3.0502982268e+01
    2.0149377946e+03    2.8128724361e+03   -8.1964871704e+04    7.3885155535e+01    7.3524577594e+01    7.3599396982e+01   -1.0176606300e-02   -3.1698904583e-02    1.5659553057e-03    6.1005964536e+01    5.0838303780e+01    3.0502982268e+01
    1.9926036542e+03    2.7816937625e+03   -8.1933588224e+04    7.3762061910e+01    7.3812774619e+01    7.3798342186e+01    2.9844554020e-02    6.3814487120e-02    6.6241910854e-02    6.1005964536e+01    5.0838303780e+01    3.0502982268e+01
    1.9909408204e+03    2.7793724307e+03   -8.1931209149e+04    7.4090277485e+01    7.3608303713e+01    7.3545467678e+01   -4.9432785127e-02    1.5010508182e-01    7.2275071097e-02    6.1005964536e+01    5.0838303780e+01    3.0502982268e+01
    2.0083307257e+03    2.8036489047e+03   -8.1955733670e+04    7.3961335875e+01    7.3723083346e+01    7.3207145616e+01    9.1894801013e-02    9.1502329885e-04   -5.2274446674e-02    6.1005964536e+01    5.0838303780e+01    3.0502982268e+01
    2.0033263094e+03    2.7966626918e+03   -8.1947673960e+04    7.4106957966e+01    7.3435582666e+01    7.3738136468e+01   -2.1651624585e-01   -2.8841971821e-03   -5.1998207670e-02    6.1005964536e+01    5.0838303780e+01    3.0502982268e+01
    2.0072905908e+03    2.8021968665e+03   -8.1954448071e+04    7.3824148811e+01    7.3555685021e+01    7.3799867386e+01   -3.3680430560e-03   -8.7504697535e-02   -3.1509106012e-02    6.1005964536e+01    5.0838303780e+01    3.0502982268e+01
    1.9948658700e+03    2.7848518374e+03   -8.1937173102e+04    7.3752677253e+01    7.3826730301e+01    7.3591098377e+01    2.1931005297e-02    1.1173383865e-01    1.1151119641e-01    6.1005964536e+01    5.0838303780e+01    3.0502982268e+01
    1.9946461790e+03    2.7845451467e+03   -8.1937566417e+04    7.3818944233e+01    7.3871099465e+01    7.3774142441e+01    1.0517271362e-02    4.0207935475e-02   -4.0385216830e-02    6.1005964536e+01    5.0838303780e+01    3.0502982268e+01
    1.9981640116e+03    2.7894560746e+03   -8.1942139802e+04    7.3872088611e+01    7.3598319486e+01    7.3689413335e+01   -6.3795836034e-02   -1.7720490075e-02    4.6285577213e-02    6.1005964536e+01    5.0838303780e+01    3.0502982268e+01
    2.0063208242e+03    2.8008430630e+03   -8.1952346465e+04    7.4000703370e+01    7.3416769138e+01    7.3782786800e+01    9.0270620935e-02   -4.8706942750e-02    9.0794401647e-02    6.1005964536e+01    5.0838303780e+01    3.0502982268e+01
    2.0053325954e+03    2.7994634861e+03   -8.1951778825e+04    7.3753349702e+01    7.3740486285e+01    7.3885302047e+01    2.3427432156e-02    6.1337844704e-02   -4.4874108355e-02    6.1005964536e+01    5.0838303780e+01    3.0502982268e+01
    2.0085839695e+03    2.8040024355e+03   -8.1958426353e+04    7.3827904513e+01    7.3822856986e+01    7.3621067987e+01    8.2503779521e-02    1.0648428288e-01   -7.4565587920e-02    6.1005964536e+01    5.0838303780e+01    3.0502982268e+01
    1.9969054289e+03    2.7876990811e+03   -8.1940328396e+04    7.3811497077e+01    7.3818468258e+01    7.3840377833e+01   -1.7498186907e-01   -4.4157526034e-02   -5.8300054971e-02    6.1005964536e+01    5.0838303780e+01    3.0502982268e+01
    1.9948599723e+03    2.7848436041e+03   -8.1938759611e+04    7.3848368906e+01    7.3681930759e+01    7.3631872795e+01   -1.6173420156e-01   -1.0440556866e-01    8.4434806496e-02    6.1005964536e+01    5.0838303780e+01    3.0502982268e+01
    1.9946133505e+03    2.7844993178e+03   -8.1938925208e+04    7.4008777094e+01    7.3674689050e+01    7.3719017315e+01    1.9648384772e-03    8.7672963259e-02    1.0014954367e-01    6.1005964536e+01    5.0838303780e+01    3.0502982268e+01
    1.9982594203e+03    2.7895892661e+03   -8.1943702858e+04    7.3751086325e+01    7.3765502194e+01    7.3870945128e+01   -4.9560073404e-03   -3.2770138406e-02   -4.3913554782e-02    6.1005964536e+01    5.0838303780e+01    3.0502982268e+01
    1.9998490010e+03    2.7918083359e+03   -8.1946682600e+04    7.3994330750e+01    7.3595675000e+01    7.3595306460e+01    1.4963346315e-02   -4.0536885134e-02   -5.7478231283e-03    6.1005964536e+01    5.0838303780e+01    3.0502982268e+01
    1.9813585199e+03    2.7659954474e+03   -8.1916123956e+04    7.3786631004e+01    7.3893963668e+01    7.3503006808e+01    8.2828137814e-03    6.0549496768e-02   -6.2087568411e-02    6.1005964536e+01    5.0838303780e+01    3.0502982268e+01
    2.0019373727e+03    2.7947237229e+03   -8.1947334007e+04    7.3996664609e+01    7.3555305085e+01    7.3570250644e+01    6.4726562473e-02    3.3227604262e-02    1.6742963425e-02    6.1005964536e+01    5.0838303780e+01    3.0502982268e+01
    2.0071475930e+03    2.8019972402e+03   -8.1953941370e+04    7.3779651983e+01    7.3584319977e+01    7.3862290949e+01   -1.2394082530e-03    2.5889240288e-02    5.8866631765e-02    6.1005964536e+01    5.0838303780e+01    3.0502982268e+01
    2.0029682383e+03    2.7961628211e+03   -8.1946772241e+04    7.3696918750e+01    7.3585713886e+01    7.3978744094e+01   -8.0459525110e-02   -2.2758816734e-02    1.0351678932e-01    6.1005964536e+01    5.0838303780e+01    3.0502982268e+01
    2.0012872942e+03    2.7938162070e+03   -8.1944708908e+04    7.3800372387e+01    7.3748864777e+01    7.3715886905e+01   -6.9020046452e-02    5.9365626970e-02    7.4453457524e-02    6.1005964536e+01    5.0838303780e+01    3.0502982268e+01
    2.0126055187e+03    2.8096165566e+03   -8.1965454380e+04    7.3848603168e+01    7.3654578911e+01    7.3671449323e+01    2.2173792289e-02   -4.4430638401e-02    7.8405309736e-02    6.1005964536e+01    5.0838303780e+01    3.0502982268e+01
    2.0180412469e+03    2.8172048852e+03   -8.1969944971e+04    7.3817726886e+01    7.3599200324e+01    7.3784768281e+01   -6.1343005028e-02    2.9798383655e-02    1.7682014529e-01    6.1005964536e+01    5.0838303780e+01    3.0502982268e+01
    1.9978634464e+03    2.7890364828e+03   -8.1942328043e+04    7.4118111301e+01    7.3646834111e+01    7.3738605715e+01    7.0897403268e-02   -7.4591859959e-02    6.3829699730e-02    6.1005964536e+01    5.0838303780e+01    3.0502982268e+01
    1.9897302814e+03    2.7776825067e+03   -8.1929941561e+04    7.3899774783e+01    7.3938470736e+01    7.3732318673e+01   -3.7884659840e-02    6.4569957609e-03   -1.8864847425e-02    6.1005964536e+01    5.0838303780e+01    3.0502982268e+01
    1.9846868139e+03    2.7706417777e+03   -8.1918457549e+04    7.4037390086e+01    7.3692403378e+01    7.3787362724e+01   -2.3635017936e-02   -1.0141982524e-01    5.6470707428e-02    6.1005964536e+01    5.0838303780e+01    3.0502982268e+01
    1.9846868139e+03    2.7706417777e+03   -8.1918457549e+04    7.4037390086e+01    7.3692403378e+01    7.3787362724e+01   -2.3635017936e-02   -1.0141982524e-01    5.6470707428e-02    6.1005964536e+01    5.0838303780e+01    3.0502982268e+01
    1.9846868139e+03    2.7706417777e+03   -8.1918457549e+04    7.4037390086e+01    7.3692403378e+01    7.3787362724e+01   -2.3635017936e-02   -1.0141982524e-01    5.6470707428e-02    6.1005964536e+01    5.0838303780e+01    3.0502982268e+01
    1.9846868139e+03    2.7706417777e+03   -8.1918457549e+04    7.4037390086e+01    7.3692403378e+01    7.3787362724e+01   -2.3635017936e-02   -1.0141982524e-01    5.6470707428e-02    6.1005964536e+01    5.0838303780e+01    3.0502982268e+01
    1.9846868139e+03    2.7706417777e+03   -8.1918457549e+04    7.4037390086e+01    7.3692403378e+01    7.3787362724e+01   -2.3635017936e-02   -1.0141982524e-01    5.6470707428e-02    6.1005964536e+01    5.0838303780e+01    3.0502982268e+01
    1.9846868139e+03    2.7706417777e+03   -8.1918457549e+04    7.4037390086e+01    7.3692403378e+01    7.3787362724e+01   -2.3635017936e-02   -1.0141982524e-01    5.6470707428e-02    6.1005964536e+01    5.0838303780e+01    3.0502982268e+01
    1.9846868139e+03    2.7706417777e+03   -8.1918457549e+04    7.4037390086e+01    7.3692403378e+01    7.3787362724e+01   -2.3635017936e-02   -1.0141982524e-01    5.6470707428e-02    6.1005964536e+01    5.0838303780e+01    3.0502982268e+01
    1.9846868139e+03    2.7706417777e+03   -8.1918457549e+04    7.4037390086e+01    7.3692403378e+01    7.3787362724e+01   -2.3635017936e-02   -1.0141982524e-01    5.6470707428e-02    6.1005964536e+01    5.0838303780e+01    3.0502982268e+01
    1.9846868139e+03    2.7706417777e+03   -8.1918457549e+04    7.4037390086e+01    7.3692403378e+01    7.3787362724e+01   -2.3635017936e-02   -1.0141982524e-01    5.6470707428e-02    6.1005964536e+01    5.0838303780e+01    3.0502982268e+01
    1.9846868139e+03    2.7706417777e+03   -8.1918457549e+04    7.4037390086e+01    7.3692403378e+01    7.3787362724e+01   -2.3635017936e-02   -1.0141982524e-01    5.6470707428e-02    6.1005964536e+01    5.0838303780e+01    3.0502982268e+01
    1.9846868139e+03    2.7706417777e+03   -8.1918457549e+04    7.4037390086e+01    7.3692403378e+01    7.3787362724e+01   -2.3635017936e-02   -1.0141982524e-01    5.6470707428e-02    6.1005964536e+01    5.0838303780e+01    3.0502982268e+01
    1.9846868139e+03    2.7706417777e+03   -8.1918457549e+04    7.4037390086e+01    7.3692403378e+01    7.3787362724e+01   -2.3635017936e-02   -1.0141982524e-01    5.6470707428e-02    6.1005964536e+01    5.0838303780e+01    3.0502982268e+01
    1.9846868139e+03    2.7706417777e+03   -8.1918457549e+04    7.4037390086e+01    7.3692403378e+01    7.3787362724e+01   -2.3635017936e-02   -1.0141982524e-01    5.6470707428e-02    6.1005964536e+01    5.0838303780e+01    3.0502982268e+01
    1.9846868139e+03    2.7706417777e+03   -8.1918457549e+04    7.4037390086e+01    7.3692403378e+01    7.3787362724e+01   -2.3635017936e-02   -1.0141982524e-01    5.6470707428e-02    6.1005964536e+01    5.0838303780e+01    3.0502982268e+01
    1.9846868139e+03    2.7706417777e+03   -8.1918457549e+04    7.4037390086e+01    7.3692403378e+01    7.3787362724e+01   -2.3635017936e-02   -1.0141982524e-01    5.6470707428e-02    6.1005964536e+01    5.0838303780e+01    3.0502982268e+01
    1.9846868139e+03    2.7706417777e+03   -8.1918457549e+04    7.4037390086e+01    7.3692403378e+01    7.3787362724e+01   -2.3635017936e-02   -1.0141982524e-01    5.6470707428e-02    6.1005964536e+01    5.0838303780e+01    3.0502982268e+01
    1.9846868139e+03    2.7706417777e+03   -8.1918457549e+04    7.4037390086e+01    7.3692403378e+01    7.3787362724e+01   -2.3635017936e-02   -1.0141982524e-01    5.6470707428e-02    6.1005964536e+01    5.0838303780e+01    3.0502982268e+01
    1.9846868139e+03    2.7706417777e+03   -8.1918457549e+04    7.4037390086e+01    7.3692403378e+01    7.3787362724e+01   -2.3635017936e-02   -1.0141982524e-01    5.6470707428e-02    6.1005964536e+01    5.0838303780e+01    3.0502982268e+01
    1.9846868139e+03    2.7706417777e+03   -8.1918457549e+04    7.4037390086e+01    7.3692403378e+01    7.3787362724e+01   -2.3635017936e-02   -1.0141982524e-01    5.6470707428e-02    6.1005964536e+01    5.0838303780e+01    3.0502982268e+01
    1.9846868139e+03    2.7706417777e+03   -8.1918457549e+04    7.4037390086e+01    7.3692403378e+01    7.3787362724e+01   -2.3635017936e-02   -1.0141982524e-01    5.6470707428e-02    6.1005964536e+01    5.0838303780e+01    3.0502982268e+01
    1.9846868139e+03    2.7706417777e+03   -8.1918457549e+04    7.4037390086e+01    7.3692403378e+01    7.3787362724e+01   -2.3635017936e-02   -1.0141982524e-01    5.6470707428e-02    6.1005964536e+01    5.0838303780e+01    3.0502982268e+01
    1.9846868139e+03    2.7706417777e+03   -8.1918457549e+04    7.4037390086e+01    7.3692403378e+01    7.3787362724e+01   -2.3635017936e-02   -1.0141982524e-01    5.6470707428e-02    6.1005964536e+01    5.0838303780e+01    3.0502982268e+01
    1.9846868139e+03    2.7706417777e+03   -8.1918457549e+04    7.4037390086e+01    7.3692403378e+01    7.3787362724e+01   -2.3635017936e-02   -1.0141982524e-01    5.6470707428e-02    6.1005964536e+01    5.0838303780e+01    3.0502982268e+01
    1.9846868139e+03    2.7706417777e+03   -8.1918457549e+04    7.4037390086e+01    7.3692403378e+01    7.3787362724e+01   -2.3635017936e-02   -1.0141982524e-01    5.6470707428e-02    6.1005964536e+01    5.0838303780e+01    3.0502982268e+01
    1.9846868139e+03    2.7706417777e+03   -8.1918457549e+04    7.4037390086e+01    7.3692403378e+01    7.3787362724e+01   -2.3635017936e-02   -1.0141982524e-01    5.6470707428e-02    6.1005964536e+01    5.0838303780e+01    3.0502982268e+01
    1.9846868139e+03    2.7706417777e+03   -8.1918457549e+04    7.4037390086e+01    7.3692403378e+01    7.3787362724e+01   -2.3635017936e-02   -1.0141982524e-01    5.6470707428e-02    6.1005964536e+01    5.0838303780e+01    3.0502982268e+01
    1.9846868139e+03    2.7706417777e+03   -8.1918457549e+04    7.4037390086e+01    7.3692403378e+01    7.3787362724e+01   -2.3635017936e-02   -1.0141982524e-01    5.6470707428e-02    6.1005964536e+01    5.0838303780e+01    3.0502982268e+01
    1.9846868139e+03    2.7706417777e+03   -8.1918457549e+04    7.4037390086e+01    7.3692403378e+01    7.3787362724e+01   -2.3635017936e-02   -1.0141982524e-01    5.6470707428e-02    6.1005964536e+01    5.0838303780e+01    3.0502982268e+01
    1.9846868139e+03    2.7706417777e+03   -8.1918457549e+04    7.4037390086e+01    7.3692403378e+01    7.3787362724e+01   -2.3635017936e-02   -1.0141982524e-01    5.6470707428e-02    6.1005964536e+01    5.0838303780e+01    3.0502982268e+01
    1.9846868139e+03    2.7706417777e+03   -8.1918457549e+04    7.4037390086e+01    7.3692403378e+01    7.3787362724e+01   -2.3635017936e-02   -1.0141982524e-01    5.6470707428e-02    6.1005964536e+01    5.0838303780e+01    3.0502982268e+01
    1.9846868139e+03    2.7706417777e+03   -8.1918457549e+04    7.4037390086e+01    7.3692403378e+01    7.3787362724e+01   -2.3635017936e-02   -1.0141982524e-01    5.6470707428e-02    6.1005964536e+01    5.0838303780e+01    3.0502982268e+01
