    2.0118553919e+03    1.9379128670e+03   -5.3630861597e+04    1.3327783684e+02    1.3333422751e+02    1.3308850321e+02    3.5350401261e-02    9.1020522578e-04   -9.9155644684e-02    6.8626758139e+01    2.9411467774e+01    2.9411467774e+01
    1.9962999927e+03    1.9229291817e+03   -5.3603318807e+04    1.3345810641e+02    1.3321165114e+02    1.3322050809e+02    9.2101352727e-02    6.4003658875e-02    1.5630935867e-01    6.8626758139e+01    2.9411467774e+01    2.9411467774e+01
    2.0277175316e+03    1.9531920192e+03   -5.3633496223e+04    1.3313638167e+02    1.3305730904e+02    1.3332835993e+02    1.6813981379e-01   -2.5722925851e-02   -1.7578885092e-01    6.8626758139e+01    2.9411467774e+01    2.9411467774e+01
    1.9879009430e+03    1.9148388256e+03   -5.3596929277e+04    1.3331299437e+02    1.3329373664e+02    1.3361110888e+02   -5.4634751234e-02    1.6379418277e-01    1.1448871423e-01    6.8626758139e+01    2.9411467774e+01    2.9411467774e+01
    2.0166136045e+03    1.9424961992e+03   -5.3624037739e+04    1.3341387469e+02    1.3291986088e+02    1.3320380103e+02    9.8586678538e-02    7.2945978704e-02    4.5403046029e-02    6.8626758139e+01    2.9411467774e+01    2.9411467774e+01
    1.9966468214e+03    1.9232632632e+03   -5.3603243922e+04    1.3316194174e+02    1.3357156261e+02    1.3311152572e+02   -2.3407864840e-02    3.8355648850e-02   -1.0191402751e-01    6.8626758139e+01    2.9411467774e+01    2.9411467774e+01
    2.0188261552e+03    1.9446274311e+03   -5.3622635164e+04    1.3327539562e+02    1.3329753406e+02    1.3324993984e+02   -1.4366597450e-01   -2.3897259209e-02    2.5584250411e-01    6.8626758139e+01    2.9411467774e+01    2.9411467774e+01
    2.0031693145e+03    1.9295460325e+03   -5.3609745270e+04    1.3329772002e+02    1.3302579022e+02    1.3319060660e+02    3.4201493362e-02    1.0072011299e-01   -9.2284484869e-02    6.8626758139e+01    2.9411467774e+01    2.9411467774e+01
    1.9954417477e+03    1.9221024800e+03   -5.3602830281e+04    1.3353203696e+02    1.3329241841e+02    1.3333576337e+02    1.7390809274e-02    9.8967437504e-02    9.8662731767e-02    6.8626758139e+01    2.9411467774e+01    2.9411467774e+01
    2.0037497170e+03    1.9301051033e+03   -5.3610887497e+04    1.3316079621e+02    1.3351217411e+02    1.3332409514e+02    2.8001202921e-02   -2.2430180750e-02    1.2308089445e-01    6.8626758139e+01    2.9411467774e+01    2.9411467774e+01
    1.9768587380e+03    1.9042024591e+03   -5.3584549810e+04    1.3353781514e+02    1.3324954200e+02    1.3348598947e+02    1.1933683491e-01   -2.4738969173e-01   -5.2088358620e-02    6.8626758139e+01    2.9411467774e+01    2.9411467774e+01
    2.0276470497e+03    1.9531241277e+03   -5.3631352136e+04    1.3312847433e+02    1.3329936575e+02    1.3299770636e+02    1.4856018658e-01   -6.1167088811e-03    1.2480462947e-02    6.8626758139e+01    2.9411467774e+01    2.9411467774e+01
    2.0117843999e+03    1.9378444842e+03   -5.3618310771e+04    1.3349289599e+02    1.3319499051e+02    1.3304236298e+02    7.0809029542e-02   -1.1441807115e-01   -1.8922734498e-01    6.8626758139e+01    2.9411467774e+01    2.9411467774e+01
    2.0150637360e+03    1.9410032936e+03   -5.3622251957e+04    1.3348530976e+02    1.3318944373e+02    1.3317592654e+02   -4.2150825797e-02   -2.1312760634e-02   -1.4065938254e-01    6.8626758139e+01    2.9411467774e+01    2.9411467774e+01
    2.0020846604e+03    1.9285012431e+03   -5.3608957898e+04    1.3354758974e+02    1.3342356108e+02    1.3289751032e+02   -9.3080050468e-02    5.6645326314e-02    1.1511329942e-01    6.8626758139e+01    2.9411467774e+01    2.9411467774e+01
    1.9985945686e+03    1.9251394241e+03   -5.3605974190e+04    1.3352450774e+02    1.3311874886e+02    1.3333089346e+02   -8.6608417683e-02    6.6119325385e-03    3.4707559707e-02    6.8626758139e+01    2.9411467774e+01    2.9411467774e+01
    2.0044289803e+03    1.9307594013e+03   -5.3612242545e+04    1.3326507165e+02    1.3341744115e+02    1.3326328572e+02    2.7442242484e-02   -1.0184811285e-01   -5.7439665294e-02    6.8626758139e+01    2.9411467774e+01    2.9411467774e+01
    1.9831164127e+03    1.9102301430e+03   -5.3592424219e+04    1.3327593479e+02    1.3363488613e+02    1.3331939106e+02   -1.4201622485e-01    1.1163037081e-01   -5.8838268054e-02    6.8626758139e+01    2.9411467774e+01    2.9411467774e+01
    1.9929983370e+03    1.9197488730e+03   -5.3600021850e+04    1.3370808357e+02    1.3323922431e+02    1.3321979936e+02    3.1542727632e-02    2.0849110876e-01    9.1942474927e-02    6.8626758139e+01    2.9411467774e+01    2.9411467774e+01
    2.0105838508e+03    1.9366880593e+03   -5.3616052455e+04    1.3371812245e+02    1.3313826118e+02    1.3295081677e+02   -3.2608748648e-02    5.6330670895e-03    1.6724876732e-01    6.8626758139e+01    2.9411467774e+01    2.9411467774e+01
    2.0278105495e+03    1.9532816184e+03   -5.3634146020e+04    1.3327982458e+02    1.3318362088e+02    1.3296406541e+02   -5.7171614099e-02    2.2387406074e-01   -1.7418692037e-02    6.8626758139e+01    2.9411467774e+01    2.9411467774e+01
    2.0085072584e+03    1.9346877888e+03   -5.3615399835e+04    1.3339826525e+02    1.3321928724e+02    1.3315356587e+02   -7.2199350264e-02    7.1815788336e-02   -4.3557415961e-03    6.8626758139e+01    2.9411467774e+01    2.9411467774e+01
    1.9852365954e+03    1.9122724018e+03   -5.3591847117e+04    1.3368192952e+02    1.3322659904e+02    1.3340368621e+02   -5.8003327861e-03    5.8566996888e-02    5.5419202135e-02    6.8626758139e+01    2.9411467774e+01    2.9411467774e+01
    1.9935867289e+03    1.9203156395e+03   -5.3600544639e+04    1.3341679737e+02    1.3306766039e+02    1.3334108971e+02   -2.1271549618e-01    2.1890107968e-01    1.4048351462e-01    6.8626758139e+01    2.9411467774e+01    2.9411467774e+01
    2.0075118592e+03    1.9337289739e+03   -5.3615955708e+04    1.3321986469e+02    1.3327870087e+02    1.3324823295e+02    1.4566632147e-01   -2.5276713885e-03   -8.3265495008e-02    6.8626758139e+01    2.9411467774e+01    2.9411467774e+01
    1.9875190200e+03    1.9144709395e+03   -5.3594462226e+04    1.3347333325e+02    1.3334158540e+02    1.3345033284e+02   -1.7728502900e-01   -2.8706508944e-02    1.3058915376e-01    6.8626758139e+01    2.9411467774e+01    2.9411467774e+01
    2.0107235475e+03    1.9368226217e+03   -5.3617804810e+04    1.3309432193e+02    1.3330551435e+02    1.3331507509e+02    7.8920861744e-02    6.0954890250e-02    1.0572098120e-01    6.8626758139e+01    2.9411467774e+01    2.9411467774e+01
    2.0354305928e+03    1.9606215992e+03   -5.3639507657e+04    1.3315763460e+02    1.3330509444e+02    1.3334743708e+02    8.1487515028e-02    1.5930921344e-01   -6.8766091026e-02    6.8626758139e+01    2.9411467774e+01    2.9411467774e+01
    2.0315084803e+03    1.9568436376e+03   -5.3635435902e+04    1.3327878844e+02    1.3301197374e+02    1.3330085158e+02   -2.1480821309e-01   -5.5567100030e-02   -7.4288118334e-02    6.8626758139e+01    2.9411467774e+01    2.9411467774e+01
    2.0173668571e+03    1.9432217671e+03   -5.3624244151e+04    1.3341756532e+02    1.3277803126e+02    1.3328051216e+02    1.6203236838e-01   -1.9051679707e-01    1.9188451366e-01    6.8626758139e+01    2.9411467774e+01    2.9411467774e+01
    2.0061335645e+03    1.9324013363e+03   -5.3610705931e+04    1.3355004847e+02    1.3327969816e+02    1.3307173768e+02   -6.1330020587e-02   -1.2914318678e-02    2.4241574460e-02    6.8626758139e+01    2.9411467774e+01    2.9411467774e+01
    2.0123603450e+03    1.9383992614e+03   -5.3617839481e+04    1.3346286401e+02    1.3338137032e+02    1.3316139232e+02   -1.4523513318e-01   -1.1426422606e-01    1.6600956716e-02    6.8626758139e+01    2.9411467774e+01    2.9411467774e+01
    2.0143608988e+03    1.9403262880e+03   -5.3619860171e+04    1.3352314605e+02    1.3308682835e+02    1.3339573533e+02    5.9998118599e-02    1.5315451342e-01   -1.6421222844e-01    6.8626758139e+01    2.9411467774e+01    2.9411467774e+01
    1.9953791077e+03    1.9220421423e+03   -5.3602708460e+04    1.3343367454e+02    1.3318368676e+02    1.3322197602e+02    1.0043578897e-01    7.0999834529e-03    9.0981964186e-02    6.8626758139e+01    2.9411467774e+01    2.9411467774e+01
    1.9978908707e+03    1.9244615895e+03   -5.3605257920e+04    1.3366163015e+02    1.3339407353e+02    1.3295888747e+02   -3.4485328440e-02    2.1337859384e-02   -1.9331465793e-02    6.8626758139e+01    2.9411467774e+01    2.9411467774e+01
    2.0137012104e+03    1.9396908454e+03   -5.3622063369e+04    1.3317968620e+02    1.3317190815e+02    1.3321518266e+02   -6.0106193671e-02   -5.8291626478e-02   -4.4312296869e-02    6.8626758139e+01    2.9411467774e+01    2.9411467774e+01
    1.9810673271e+03    1.9082563683e+03   -5.3590085209e+04    1.3338066980e+02    1.3347846379e+02    1.3339517755e+02    1.0455891616e-02   -1.5280210883e-01   -4.7256217624e-03    6.8626758139e+01    2.9411467774e+01    2.9411467774e+01
    2.0007957812e+03    1.9272597346e+03   -5.3608349929e+04    1.3367961000e+02    1.3324830798e+02    1.3320735510e+02   -6.5875731771e-02   -7.9794635161e-02    1.9102571838e-02    6.8626758139e+01    2.9411467774e+01    2.9411467774e+01
    2.0082820969e+03    1.9344709027e+03   -5.3615118952e+04    1.3331573294e+02    1.3342692518e+02    1.3294115170e+02   -3.1081994339e-02    1.0298695843e-01   -5.9784356385e-02    6.8626758139e+01    2.9411467774e+01    2.9411467774e+01
    1.9968931624e+03    1.9235005503e+03   -5.3603424720e+04    1.3359984713e+02    1.3334645293e+02    1.3320108183e+02   -1.0360629424e-01    1.7405719245e-01   -1.8125267892e-02    6.8626758139e+01    2.9411467774e+01    2.9411467774e+01
    1.9997572982e+03    1.9262594194e+03   -5.3607470716e+04    1.3362761274e+02    1.3306860099e+02    1.3321055920e+02   -1.3009570916e-01   -8.0728577766e-02   -3.5908012354e-02    6.8626758139e+01    2.9411467774e+01    2.9411467774e+01
    1.9841669266e+03    1.9112420470e+03   -5.3592018657e+04    1.3338799757e+02    1.3359953820e+02    1.3313151658e+02    1.1237499165e-02    2.7879447274e-02   -2.1775597548e-01    6.8626758139e+01    2.9411467774e+01    2.9411467774e+01
    2.0168058195e+03    1.9426813496e+03   -5.3624010176e+04    1.3297188637e+02    1.3354647413e+02    1.3303186824e+02   -6.1773518576e-02   -4.1214044401e-02    1.1063839186e-01    6.8626758139e+01    2.9411467774e+01    2.9411467774e+01
    2.0168720453e+03    1.9427451414e+03   -5.3624686668e+04    1.3316368624e+02    1.3330709076e+02    1.3321495080e+02    9.0037390396e-02    1.7625916731e-01    4.9337953509e-02    6.8626758139e+01    2.9411467774e+01    2.9411467774e+01
    2.0037004587e+03    1.9300576554e+03   -5.3611705387e+04    1.3332581531e+02    1.3337201041e+02    1.3321254766e+02   -5.4576003054e-03   -1.2129422484e-01    1.0910744868e-01    6.8626758139e+01    2.9411467774e+01    2.9411467774e+01
    1.9904748196e+03    1.9173181034e+03   -5.3598108603e+04    1.3359119906e+02    1.3303378272e+02    1.3356274660e+02   -7.0122323253e-02   -4.0789857876e-02   -2.4872987022e-01    6.8626758139e+01    2.9411467774e+01    2.9411467774e+01
    2.0000920262e+03    1.9265818450e+03   -5.3606577432e+04    1.3349294341e+02    1.3303455084e+02    1.3344261363e+02    9.0631999585e-02    3.9087562074e-03   -7.0499378980e-03    6.8626758139e+01    2.9411467774e+01    2.9411467774e+01
    1.9857218968e+03    1.9127398667e+03   -5.3591349072e+04    1.3342020362e+02    1.3323798647e+02    1.3357535062e+02   -1.0561321595e-02   -1.8148644075e-01   -9.1970840538e-02    6.8626758139e+01    2.9411467774e+01    2.9411467774e+01
    1.9989778113e+03    1.9255085813e+03   -5.3606751298e+04    1.3348040383e+02    1.3316181451e+02    1.3321974821e+02   -4.6366217737e-02   -2.4244511796e-01    2.8666209180e-02    6.8626758139e+01    2.9411467774e+01    2.9411467774e+01
    1.9972130274e+03    1.9238086592e+03   -5.3604249919e+04    1.3358641345e+02    1.3331328969e+02    1.3290350084e+02    1.3706742326e-01   -8.6881354403e-02    1.3488230851e-01    6.8626758139e+01    2.9411467774e+01    2.9411467774e+01
    1.9973861697e+03    1.9239754379e+03   -5.3605171389e+04    1.3331822152e+02    1.3344877267e+02    1.3327585923e+02   -3.8401873885e-02    1.5509356253e-02   -2.2304632845e-01    6.8626758139e+01    2.9411467774e+01    2.9411467774e+01
    2.0022630328e+03    1.9286730597e+03   -5.3611270373e+04    1.3308400308e+02    1.3310691361e+02    1.3329276605e+02   -3.7437729374e-02    6.0179059740e-02   -7.0099635385e-02    6.8626758139e+01    2.9411467774e+01    2.9411467774e+01
    1.9960342964e+03    1.9226732505e+03   -5.3604028196e+04    1.3343668042e+02    1.3318539896e+02    1.3348546633e+02   -1.5628143911e-01    1.1511561968e-01   -8.0270130593e-03    6.8626758139e+01    2.9411467774e+01    2.9411467774e+01
    2.0186659894e+03    1.9444731520e+03   -5.3627660472e+04    1.3316424010e+02    1.3312498225e+02    1.3309722425e+02   -4.7041666830e-02    1.0003026456e-01    2.9705319929e-02    6.8626758139e+01    2.9411467774e+01    2.9411467774e+01
    2.0203315373e+03    1.9460774853e+03   -5.3627903419e+04    1.3348667073e+02    1.3317005894e+02    1.3306638442e+02   -1.6041060126e-01    6.4132923223e-02   -4.1503357032e-02    6.8626758139e+01    2.9411467774e+01    2.9411467774e+01
    2.0020275899e+03    1.9284462701e+03   -5.3609719770e+04    1.3334481880e+02    1.3336953979e+02    1.3337673597e+02   -2.1114286321e-02    7.8132770569e-03   -1.7343211567e-01    6.8626758139e+01    2.9411467774e+01    2.9411467774e+01
    1.9961638883e+03    1.9227980795e+03   -5.3604206636e+04    1.3312365688e+02    1.3327131588e+02    1.3351771956e+02   -1.3120113102e-01    7.9779874031e-02    2.2458100887e-02    6.8626758139e+01    2.9411467774e+01    2.9411467774e+01
    2.0050739687e+03    1.9313806842e+03   -5.3613087487e+04    1.3318347006e+02    1.3319603690e+02    1.3334631051e+02    4.9038610543e-02    1.2268066047e-02   -1.3029097190e-02    6.8626758139e+01    2.9411467774e+01    2.9411467774e+01
    2.0177269848e+03    1.9435686589e+03   -5.3627144854e+04    1.3312257183e+02    1.3332427547e+02    1.3324681921e+02   -2.6853102463e-02   -5.8892637756e-02    1.2385762779e-01    6.8626758139e+01    2.9411467774e+01    2.9411467774e+01
    1.9858233088e+03    1.9128375515e+03   -5.3593647306e+04    1.3349014518e+02    1.3330815143e+02    1.3333508558e+02    1.2677090336e-02    1.2529791295e-01    1.6055231570e-01    6.8626758139e+01    2.9411467774e+01    2.9411467774e+01
    2.0173356848e+03    1.9431917406e+03   -5.3623061439e+04    1.3333746740e+02    1.3319014674e+02    1.3322338632e+02   -1.6000912358e-01   -5.4355742162e-02    7.8842984816e-02    6.8626758139e+01    2.9411467774e+01    2.9411467774e+01
    1.9954325953e+03    1.9220936641e+03   -5.3604410047e+04    1.3325244122e+02    1.3325286604e+02    1.3334631741e+02    9.9879374346e-02   -7.5789657179e-02    2.1269814449e-01    6.8626758139e+01    2.9411467774e+01    2.9411467774e+01
    1.9910716491e+03    1.9178929974e+03   -5.3596596978e+04    1.3347479034e+02    1.3332915365e+02    1.3353467931e+02    1.1786012163e-01   -1.0130414964e-02   -2.3549547319e-02    6.8626758139e+01    2.9411467774e+01    2.9411467774e+01
    1.9844715387e+03    1.9115354635e+03   -5.3593349719e+04    1.3342285049e+02    1.3337967613e+02    1.3338585870e+02   -4.6715515621e-02   -1.4156669504e-01    8.2966422440e-02    6.8626758139e+01    2.9411467774e+01    2.9411467774e+01
    2.0070851332e+03    1.9333179315e+03   -5.3614238348e+04    1.3328261836e+02    1.3318658267e+02    1.3310147622e+02   -2.9848950367e-02    8.2577604833e-03    1.2195176454e-02    6.8626758139e+01    2.9411467774e+01    2.9411467774e+01
    1.9927522302e+03    1.9195118115e+03   -5.3602090847e+04    1.3333899145e+02    1.3335303205e+02    1.3342253294e+02    7.6601446844e-02    9.6959609542e-02   -2.7622959517e-02    6.8626758139e+01    2.9411467774e+01    2.9411467774e+01
    1.9843297182e+03    1.9113988554e+03   -5.3592206173e+04    1.3354160621e+02    1.3321374058e+02    1.3348306805e+02    2.1723924860e-02    3.3904253328e-03    9.2043143628e-02    6.8626758139e+01    2.9411467774e+01    2.9411467774e+01
    1.9966658358e+03    1.9232815788e+03   -5.3606184443e+04    1.3348658335e+02    1.3322132079e+02    1.3341732198e+02   -9.5204942305e-02    2.4819606212e-02    8.0306796865e-02    6.8626758139e+01    2.9411467774e+01    2.9411467774e+01
    2.0234362497e+03    1.9490680889e+03   -5.3628599223e+04    1.3331486757e+02    1.3313093299e+02    1.3306509111e+02   -4.7789747859e-03   -2.5446838333e-02   -3.7476566665e-02    6.8626758139e+01    2.9411467774e+01    2.9411467774e+01
    2.0158029522e+03    1.9417153410e+03   -5.3623979387e+04    1.3329427555e+02    1.3326897169e+02    1.3327333734e+02   -9.1989550954e-04   -1.9172878488e-01   -2.0553840743e-01    6.8626758139e+01    2.9411467774e+01    2.9411467774e+01
    2.0018690623e+03    1.9282935690e+03   -5.3610792790e+04    1.3339740225e+02    1.3312033688e+02    1.3323254909e+02   -4.1470354684e-02    4.1283722533e-02    1.2418430920e-01    6.8626758139e+01    2.9411467774e+01    2.9411467774e+01
    2.0101154107e+03    1.9362368360e+03   -5.3617821707e+04    1.3374231118e+02    1.3305664569e+02    1.3306118829e+02   -2.4382384208e-02    1.6040026694e-01    2.8074317812e-02    6.8626758139e+01    2.9411467774e+01    2.9411467774e+01
    2.0049369875e+03    1.9312487375e+03   -5.3611464831e+04    1.3323242381e+02    1.3307521565e+02    1.3348018611e+02    1.0486975133e-03    1.1083068877e-03    8.4504038556e-02    6.8626758139e+01    2.9411467774e+01    2.9411467774e+01
    1.9838739625e+03    1.9109598503e+03   -5.3590676608e+04    1.3320948774e+02    1.3324336988e+02    1.3339518503e+02    1.5349737603e-02   -1.4923396131e-01    9.1128063156e-03    6.8626758139e+01    2.9411467774e+01    2.9411467774e+01
    1.9855476437e+03    1.9125720180e+03   -5.3594564567e+04    1.3338231161e+02    1.3324931777e+02    1.3336439245e+02   -5.6252721098e-02    7.2202231578e-02    1.0164016236e-01    6.8626758139e+01    2.9411467774e+01    2.9411467774e+01
    1.9835745876e+03    1.9106714785e+03   -5.3590087660e+04    1.3339676123e+02    1.3363035718e+02    1.3342731109e+02   -1.0965534693e-01   -9.6944474904e-02   -2.1861073718e-02    6.8626758139e+01    2.9411467774e+01    2.9411467774e+01
    2.0257467080e+03    1.9512936300e+03   -5.3630231756e+04    1.3310339065e+02    1.3310388188e+02    1.3338102020e+02    6.6112618504e-02   -1.2807349737e-01   -3.2973438608e-02    6.8626758139e+01    2.9411467774e+01    2.9411467774e+01
    2.0118040225e+03    1.9378633856e+03   -5.3620640448e+04    1.3341392072e+02    1.3308846744e+02    1.3327978186e+02   -5.4002576456e-05   -1.7533521770e-01   -1.0760165266e-01    6.8626758139e+01    2.9411467774e+01    2.9411467774e+01
    1.9783606160e+03    1.9056491380e+03   -5.3587839711e+04    1.3322724135e+02    1.3376495565e+02    1.3341835127e+02   -2.6688573675e-02    1.6919605535e-01   -4.9489097308e-02    6.8626758139e+01    2.9411467774e+01    2.9411467774e+01
    2.0126202200e+03    1.9386495851e+03   -5.3618687596e+04    1.3321211415e+02    1.3328066449e+02    1.3320674004e+02    1.4143215199e-01    1.9862921663e-01   -2.0672821848e-01    6.8626758139e+01    2.9411467774e+01    2.9411467774e+01
    1.9961712790e+03    1.9228051986e+03   -5.3604251391e+04    1.3351968287e+02    1.3319628786e+02    1.3315516847e+02   -1.1196932244e-01    8.5144985134e-02   -4.9180210447e-02    6.8626758139e+01    2.9411467774e+01    2.9411467774e+01
    1.9824541096e+03    1.9095921818e+03   -5.3589649554e+04    1.3355899579e+02    1.3328364807e+02    1.3334931788e+02    9.2751833488e-02    1.9795071409e-02   -6.1729711860e-02    6.8626758139e+01    2.9411467774e+01    2.9411467774e+01
    1.9984428366e+03    1.9249932688e+03   -5.3607651996e+04    1.3328759271e+02    1.3342195587e+02    1.3317640671e+02   -1.3389702481e-01    5.7380216553e-02    4.1372897444e-02    6.8626758139e+01    2.9411467774e+01    2.9411467774e+01
    2.0108805395e+03    1.9369738438e+03   -5.3619257403e+04    1.3332988624e+02    1.3316113820e+02    1.3321991959e+02    1.0783562830e-01   -5.4064297612e-02   -7.8586687471e-03    6.8626758139e+01    2.9411467774e+01    2.9411467774e+01
    1.9944583389e+03    1.9211552149e+03   -5.3601948374e+04    1.3352226637e+02    1.3313066218e+02    1.3329394796e+02   -8.1607207362e-02    3.3769623655e-03    1.9802435517e-02    6.8626758139e+01    2.9411467774e+01    2.9411467774e+01
    2.0133184379e+03    1.9393221411e+03   -5.3619610196e+04    1.3299529994e+02    1.3353709812e+02    1.3318414731e+02    4.7302985806e-02    2.8751914956e-01    1.4654594534e-02    6.8626758139e+01    2.9411467774e+01    2.9411467774e+01
    2.0015785900e+03    1.9280137725e+03   -5.3607858750e+04    1.3336674420e+02    1.3320792934e+02    1.3331408901e+02   -8.9062412697e-02    2.5425026324e-02   -7.3517986415e-03    6.8626758139e+01    2.9411467774e+01    2.9411467774e+01
    2.0038036672e+03    1.9301570705e+03   -5.3611191405e+04    1.3326837439e+02    1.3342199911e+02    1.3320303357e+02    1.0317662137e-01    1.1012515949e-01   -8.6763099870e-02    6.8626758139e+01    2.9411467774e+01    2.9411467774e+01
    1.9891625571e+03    1.9160540710e+03   -5.3598164713e+04    1.3347291404e+02    1.3321051433e+02    1.3327250542e+02    1.5054447271e-01   -6.2654933790e-02    2.5345194989e-01    6.8626758139e+01    2.9411467774e+01    2.9411467774e+01
    2.0045452791e+03    1.9308714257e+03   -5.3610789645e+04    1.3322717451e+02    1.3345794222e+02    1.3311805838e+02   -3.9066495583e-02   -5.8091548000e-02   -1.9437688136e-03    6.8626758139e+01    2.9411467774e+01    2.9411467774e+01
    1.9952854328e+03    1.9219519103e+03   -5.3601608643e+04    1.3354500192e+02    1.3304711660e+02    1.3345050917e+02   -4.5510702734e-02   -3.5592644219e-02    7.4526633704e-02    6.8626758139e+01    2.9411467774e+01    2.9411467774e+01
    1.9660720430e+03    1.8938122119e+03   -5.3574320235e+04    1.3368039205e+02    1.3350805330e+02    1.3349198072e+02    9.6596811032e-02    3.3328957096e-03   -7.3063277081e-02    6.8626758139e+01    2.9411467774e+01    2.9411467774e+01
    2.0165814672e+03    1.9424652430e+03   -5.3624787954e+04    1.3336131092e+02    1.3305167598e+02    1.3326965547e+02    5.0576152220e-02    1.1477085477e-01   -4.9099300242e-02    6.8626758139e+01    2.9411467774e+01    2.9411467774e+01
    1.9881695940e+03    1.9150976028e+03   -5.3597946997e+04    1.3358586102e+02    1.3319000850e+02    1.3311301138e+02    1.9202890519e-03   -3.5658008649e-02   -7.9236596248e-02    6.8626758139e+01    2.9411467774e+01    2.9411467774e+01
    1.9826027590e+03    1.9097353679e+03   -5.3590846807e+04    1.3317906982e+02    1.3329693625e+02    1.3364714361e+02   -4.8159789158e-02   -5.6438678111e-02    5.7371785830e-02    6.8626758139e+01    2.9411467774e+01    2.9411467774e+01
    1.9829255980e+03    1.9100463414e+03   -5.3591280629e+04    1.3342287315e+02    1.3335703654e+02    1.3363135073e+02    5.8959280793e-02   -1.6269401761e-01   -1.4553834622e-01    6.8626758139e+01    2.9411467774e+01    2.9411467774e+01
    2.0022813528e+03    1.9286907064e+03   -5.3609253726e+04    1.3357366654e+02    1.3324671806e+02    1.3320205682e+02    7.9545766292e-02   -9.4534260174e-02    1.0456125034e-01    6.8626758139e+01    2.9411467774e+01    2.9411467774e+01
    2.0032773319e+03    1.9296500799e+03   -5.3611004701e+04    1.3360331494e+02    1.3313168137e+02    1.3321110592e+02    7.6034963456e-02    7.6316815971e-02    1.6481303679e-01    6.8626758139e+01    2.9411467774e+01    2.9411467774e+01
    1.9980568224e+03    1.9246214419e+03   -5.3606506195e+04    1.3361767259e+02    1.3315071876e+02    1.3348414265e+02   -4.8416860941e-03   -2.9465224867e-01   -8.9466269062e-02    6.8626758139e+01    2.9411467774e+01    2.9411467774e+01
    1.9661145965e+03    1.8938532014e+03   -5.3575083614e+04    1.3331276654e+02    1.3329571909e+02    1.3373912304e+02    1.4356375393e-01   -2.1636276211e-01    1.8644259766e-02    6.8626758139e+01    2.9411467774e+01    2.9411467774e+01
    1.9661145965e+03    1.8938532014e+03   -5.3575083614e+04    1.3331276654e+02    1.3329571909e+02    1.3373912304e+02    1.4356375393e-01   -2.1636276211e-01    1.8644259766e-02    6.8626758139e+01    2.9411467774e+01    2.9411467774e+01
    1.9661145965e+03    1.8938532014e+03   -5.3575083614e+04    1.3331276654e+02    1.3329571909e+02    1.3373912304e+02    1.4356375393e-01   -2.1636276211e-01    1.8644259766e-02    6.8626758139e+01    2.9411467774e+01    2.9411467774e+01
    1.9661145965e+03    1.8938532014e+03   -5.3575083614e+04    1.3331276654e+02    1.3329571909e+02    1.3373912304e+02    1.4356375393e-01   -2.1636276211e-01    1.8644259766e-02    6.8626758139e+01    2.9411467774e+01    2.9411467774e+01
    1.9661145965e+03    1.8938532014e+03   -5.3575083614e+04    1.3331276654e+02    1.3329571909e+02    1.3373912304e+02    1.4356375393e-01   -2.1636276211e-01    1.8644259766e-02    6.8626758139e+01    2.9411467774e+01    2.9411467774e+01
    1.9661145965e+03    1.8938532014e+03   -5.3575083614e+04    1.3331276654e+02    1.3329571909e+02    1.3373912304e+02    1.4356375393e-01   -2.1636276211e-01    1.8644259766e-02    6.8626758139e+01    2.9411467774e+01    2.9411467774e+01
    1.9661145965e+03    1.8938532014e+03   -5.3575083614e+04    1.3331276654e+02    1.3329571909e+02    1.3373912304e+02    1.4356375393e-01   -2.1636276211e-01    1.8644259766e-02    6.8626758139e+01    2.9411467774e+01    2.9411467774e+01
    1.9661145965e+03    1.8938532014e+03   -5.3575083614e+04    1.3331276654e+02    1.3329571909e+02    1.3373912304e+02    1.4356375393e-01   -2.1636276211e-01    1.8644259766e-02    6.8626758139e+01    2.9411467774e+01    2.9411467774e+01
    1.9661145965e+03    1.8938532014e+03   -5.3575083614e+04    1.3331276654e+02    1.3329571909e+02    1.3373912304e+02    1.4356375393e-01   -2.1636276211e-01    1.8644259766e-02    6.8626758139e+01    2.9411467774e+01    2.9411467774e+01
    1.9661145965e+03    1.8938532014e+03   -5.3575083614e+04    1.3331276654e+02    1.3329571909e+02    1.3373912304e+02    1.4356375393e-01   -2.1636276211e-01    1.8644259766e-02    6.8626758139e+01    2.9411467774e+01    2.9411467774e+01
    1.9661145965e+03    1.8938532014e+03   -5.3575083614e+04    1.3331276654e+02    1.3329571909e+02    1.3373912304e+02    1.4356375393e-01   -2.1636276211e-01    1.8644259766e-02    6.8626758139e+01    2.9411467774e+01    2.9411467774e+01
    1.9661145965e+03    1.8938532014e+03   -5.3575083614e+04    1.3331276654e+02    1.3329571909e+02    1.3373912304e+02    1.4356375393e-01   -2.1636276211e-01    1.8644259766e-02    6.8626758139e+01    2.9411467774e+01    2.9411467774e+01
    1.9661145965e+03    1.8938532014e+03   -5.3575083614e+04    1.3331276654e+02    1.3329571909e+02    1.3373912304e+02    1.4356375393e-01   -2.1636276211e-01    1.8644259766e-02    6.8626758139e+01    2.9411467774e+01    2.9411467774e+01
    1.9661145965e+03    1.8938532014e+03   -5.3575083614e+04    1.3331276654e+02    1.3329571909e+02    1.3373912304e+02    1.4356375393e-01   -2.1636276211e-01    1.8644259766e-02    6.8626758139e+01    2.9411467774e+01    2.9411467774e+01
    1.9661145965e+03    1.8938532014e+03   -5.3575083614e+04    1.3331276654e+02    1.3329571909e+02    1.3373912304e+02    1.4356375393e-01   -2.1636276211e-01    1.8644259766e-02    6.8626758139e+01    2.9411467774e+01    2.9411467774e+01
    1.9661145965e+03    1.8938532014e+03   -5.3575083614e+04    1.3331276654e+02    1.3329571909e+02    1.3373912304e+02    1.4356375393e-01   -2.1636276211e-01    1.8644259766e-02    6.8626758139e+01    2.9411467774e+01    2.9411467774e+01
    1.9661145965e+03    1.8938532014e+03   -5.3575083614e+04    1.3331276654e+02    1.3329571909e+02    1.3373912304e+02    1.4356375393e-01   -2.1636276211e-01    1.8644259766e-02    6.8626758139e+01    2.9411467774e+01    2.9411467774e+01
    1.9661145965e+03    1.8938532014e+03   -5.3575083614e+04    1.3331276654e+02    1.3329571909e+02    1.3373912304e+02    1.4356375393e-01   -2.1636276211e-01    1.8644259766e-02    6.8626758139e+01    2.9411467774e+01    2.9411467774e+01
    1.9661145965e+03    1.8938532014e+03   -5.3575083614e+04    1.3331276654e+02    1.3329571909e+02    1.3373912304e+02    1.4356375393e-01   -2.1636276211e-01    1.8644259766e-02    6.8626758139e+01    2.9411467774e+01    2.9411467774e+01
    1.9661145965e+03    1.8938532014e+03   -5.3575083614e+04    1.3331276654e+02    1.3329571909e+02    1.3373912304e+02    1.4356375393e-01   -2.1636276211e-01    1.8644259766e-02    6.8626758139e+01    2.9411467774e+01    2.9411467774e+01
    1.9661145965e+03    1.8938532014e+03   -5.3575083614e+04    1.3331276654e+02    1.3329571909e+02    1.3373912304e+02    1.4356375393e-01   -2.1636276211e-01    1.8644259766e-02    6.8626758139e+01    2.9411467774e+01    2.9411467774e+01
    1.9661145965e+03    1.8938532014e+03   -5.3575083614e+04    1.3331276654e+02    1.3329571909e+02    1.3373912304e+02    1.4356375393e-01   -2.1636276211e-01    1.8644259766e-02    6.8626758139e+01    2.9411467774e+01    2.9411467774e+01
    1.9661145965e+03    1.8938532014e+03   -5.3575083614e+04    1.3331276654e+02    1.3329571909e+02    1.3373912304e+02    1.4356375393e-01   -2.1636276211e-01    1.8644259766e-02    6.8626758139e+01    2.9411467774e+01    2.9411467774e+01
    1.9661145965e+03    1.8938532014e+03   -5.3575083614e+04    1.3331276654e+02    1.3329571909e+02    1.3373912304e+02    1.4356375393e-01   -2.1636276211e-01    1.8644259766e-02    6.8626758139e+01    2.9411467774e+01    2.9411467774e+01
    1.9661145965e+03    1.8938532014e+03   -5.3575083614e+04    1.3331276654e+02    1.3329571909e+02    1.3373912304e+02    1.4356375393e-01   -2.1636276211e-01    1.8644259766e-02    6.8626758139e+01    2.9411467774e+01    2.9411467774e+01
    1.9661145965e+03    1.8938532014e+03   -5.3575083614e+04    1.3331276654e+02    1.3329571909e+02    1.3373912304e+02    1.4356375393e-01   -2.1636276211e-01    1.8644259766e-02    6.8626758139e+01    2.9411467774e+01    2.9411467774e+01
    1.9661145965e+03    1.8938532014e+03   -5.3575083614e+04    1.3331276654e+02    1.3329571909e+02    1.3373912304e+02    1.4356375393e-01   -2.1636276211e-01    1.8644259766e-02    6.8626758139e+01    2.9411467774e+01    2.9411467774e+01
    1.9661145965e+03    1.8938532014e+03   -5.3575083614e+04    1.3331276654e+02    1.3329571909e+02    1.3373912304e+02    1.4356375393e-01   -2.1636276211e-01    1.8644259766e-02    6.8626758139e+01    2.9411467774e+01    2.9411467774e+01
    1.9661145965e+03    1.8938532014e+03   -5.3575083614e+04    1.3331276654e+02    1.3329571909e+02    1.3373912304e+02    1.4356375393e-01   -2.1636276211e-01    1.8644259766e-02    6.8626758139e+01    2.9411467774e+01    2.9411467774e+01
    1.9661145965e+03    1.8938532014e+03   -5.3575083614e+04    1.3331276654e+02    1.3329571909e+02    1.3373912304e+02    1.4356375393e-01   -2.1636276211e-01    1.8644259766e-02    6.8626758139e+01    2.9411467774e+01    2.9411467774e+01
    1.9661145965e+03    1.8938532014e+03   -5.3575083614e+04    1.3331276654e+02    1.3329571909e+02    1.3373912304e+02    1.4356375393e-01   -2.1636276211e-01    1.8644259766e-02    6.8626758139e+01    2.9411467774e+01    2.9411467774e+01
