    1.9832952283e+03    2.2218810365e+03   -6.7673689500e+04    3.3716843252e+01    3.3596026872e+01    3.3941027208e+01   -1.3393146844e-01    5.2548293604e-02    2.8592576775e-02    8.4333407524e+01    3.1625027822e+01    3.1625027822e+01
    2.0066886607e+03    2.2480886445e+03   -6.7686355412e+04    3.3661432226e+01    3.3785690297e+01    3.3827844411e+01   -1.4421004428e-01   -5.6270954623e-03    1.4203920293e-02    8.4333407524e+01    3.1625027822e+01    3.1625027822e+01
    2.0177913384e+03    2.2605269485e+03   -6.7698248430e+04    3.3806685355e+01    3.3651982746e+01    3.3415175879e+01   -8.3973185991e-02    1.3375893327e-02   -8.5922362850e-02    8.4333407524e+01    3.1625027822e+01    3.1625027822e+01
    1.9986545961e+03    2.2390881006e+03   -6.7680010315e+04    3.3758349068e+01    3.3855550841e+01    3.3556061096e+01    1.0450639372e-01   -4.4815233397e-02   -1.3459584131e-02    8.4333407524e+01    3.1625027822e+01    3.1625027822e+01
    1.9894588497e+03    2.2287861272e+03   -6.7666338145e+04    3.4088831260e+01    3.3976170376e+01    3.3722314035e+01    1.3043397983e-02    4.7812003337e-02   -3.5663930855e-02    8.4333407524e+01    3.1625027822e+01    3.1625027822e+01
    2.0242183077e+03    2.2677270672e+03   -6.7707164114e+04    3.3754401983e+01    3.3515905236e+01    3.3529855124e+01    4.3309619840e-02    6.0528565237e-02   -5.9638940936e-02    8.4333407524e+01    3.1625027822e+01    3.1625027822e+01
    1.9985811628e+03    2.2390058334e+03   -6.7676189113e+04    3.3982483174e+01    3.3737709924e+01    3.3713951870e+01    1.7969659114e-02    1.2799673406e-01    1.4349129802e-01    8.4333407524e+01    3.1625027822e+01    3.1625027822e+01
    1.9854393052e+03    2.2242830409e+03   -6.7662776158e+04    3.3991349863e+01    3.3608834781e+01    3.3565730041e+01   -5.5781314248e-03    4.9079497123e-02    4.7610571239e-02    8.4333407524e+01    3.1625027822e+01    3.1625027822e+01
    1.9972041791e+03    2.2374632018e+03   -6.7678886636e+04    3.3904618735e+01    3.3803536858e+01    3.3655895115e+01    6.5793363826e-02    2.4188466546e-02    4.3625911310e-02    8.4333407524e+01    3.1625027822e+01    3.1625027822e+01
    1.9901209466e+03    2.2295278728e+03   -6.7668043838e+04    3.3981698766e+01    3.4112031797e+01    3.3793842270e+01   -1.9644900495e-02    7.0049294653e-03   -4.8861153675e-02    8.4333407524e+01    3.1625027822e+01    3.1625027822e+01
    1.9979311819e+03    2.2382776613e+03   -6.7678153156e+04    3.4017169004e+01    3.3903128813e+01    3.3309641606e+01    4.1990794690e-02   -7.9063079940e-02    3.2620237389e-03    8.4333407524e+01    3.1625027822e+01    3.1625027822e+01
    2.0021810704e+03    2.2430388015e+03   -6.7679905331e+04    3.3766175434e+01    3.3674827269e+01    3.3654072395e+01    4.4377144378e-02    9.1397058692e-03   -5.5152754531e-02    8.4333407524e+01    3.1625027822e+01    3.1625027822e+01
    1.9925725373e+03    2.2322743843e+03   -6.7673217234e+04    3.4108948735e+01    3.3893929686e+01    3.3694581718e+01   -7.1472417386e-03   -3.7444040388e-03   -1.0072244494e-01    8.4333407524e+01    3.1625027822e+01    3.1625027822e+01
    1.9872198861e+03    2.2262778215e+03   -6.7667740545e+04    3.3969232184e+01    3.3728679721e+01    3.3851450648e+01    1.9976705371e-02   -7.7197537624e-02   -7.1149439530e-02    8.4333407524e+01    3.1625027822e+01    3.1625027822e+01
    1.9944721476e+03    2.2344025133e+03   -6.7672884072e+04    3.3955125368e+01    3.3654385340e+01    3.3637845901e+01   -3.5829963561e-02   -3.3440721264e-03    2.7666287325e-02    8.4333407524e+01    3.1625027822e+01    3.1625027822e+01
    2.0010079829e+03    2.2417245944e+03   -6.7680965059e+04    3.4085971027e+01    3.3718580716e+01    3.3675000319e+01   -5.6736904857e-02   -7.9485364264e-02   -6.2929713812e-03    8.4333407524e+01    3.1625027822e+01    3.1625027822e+01
    2.0128379813e+03    2.2549777140e+03   -6.7694264395e+04    3.3738892123e+01    3.3686923715e+01    3.3765197863e+01   -6.9196017878e-02   -2.8964782347e-02    5.0846209912e-02    8.4333407524e+01    3.1625027822e+01    3.1625027822e+01
    2.0055541329e+03    2.2468176356e+03   -6.7685032478e+04    3.3864245246e+01    3.3582037930e+01    3.3550100981e+01    2.4215203445e-02   -1.2625638175e-01   -3.9380503400e-02    8.4333407524e+01    3.1625027822e+01    3.1625027822e+01
    1.9931290660e+03    2.2328978620e+03   -6.7672450717e+04    3.4017287489e+01    3.3739317953e+01    3.3661293952e+01    1.0832961493e-01    3.9728661341e-02   -6.2366012172e-03    8.4333407524e+01    3.1625027822e+01    3.1625027822e+01
    1.9813645234e+03    2.2197180723e+03   -6.7659485916e+04    3.4102829813e+01    3.3673442263e+01    3.3827072263e+01   -7.1040281356e-02   -6.0883075781e-02    1.7913372662e-02    8.4333407524e+01    3.1625027822e+01    3.1625027822e+01
    2.0099893300e+03    2.2517863767e+03   -6.7689962136e+04    3.3782211619e+01    3.3701099055e+01    3.3635011659e+01   -1.1799436076e-02   -2.5236179665e-02    8.2763970994e-02    8.4333407524e+01    3.1625027822e+01    3.1625027822e+01
    1.9950214064e+03    2.2350178466e+03   -6.7676216316e+04    3.3924246646e+01    3.3795219870e+01    3.3631661517e+01    3.8769884189e-02    9.2309157151e-02    6.6211673490e-02    8.4333407524e+01    3.1625027822e+01    3.1625027822e+01
    2.0023882316e+03    2.2432708838e+03   -6.7681006013e+04    3.3833091489e+01    3.3567159685e+01    3.3834572639e+01   -1.8758891000e-02   -6.4430258171e-02    2.4225104650e-02    8.4333407524e+01    3.1625027822e+01    3.1625027822e+01
    1.9970372738e+03    2.2372762181e+03   -6.7677803071e+04    3.3768384798e+01    3.3818928557e+01    3.3766813212e+01    8.3782931072e-02   -3.5727690976e-02   -3.3466527274e-02    8.4333407524e+01    3.1625027822e+01    3.1625027822e+01
    2.0071611068e+03    2.2486179248e+03   -6.7687222436e+04    3.3851163610e+01    3.3826793003e+01    3.3831542395e+01   -7.2713427200e-02    5.8702543170e-02    6.3898891781e-02    8.4333407524e+01    3.1625027822e+01    3.1625027822e+01
    1.9903918915e+03    2.2298314118e+03   -6.7668133096e+04    3.4072381961e+01    3.3835490423e+01    3.3880169248e+01    9.0147037655e-03    9.6712816461e-02   -6.6256797185e-02    8.4333407524e+01    3.1625027822e+01    3.1625027822e+01
    2.0102931876e+03    2.2521267876e+03   -6.7693021394e+04    3.3632041786e+01    3.3711542544e+01    3.3696027183e+01   -4.4415699081e-02    9.3436761409e-02   -3.6235841825e-02    8.4333407524e+01    3.1625027822e+01    3.1625027822e+01
    1.9915484282e+03    2.2311270772e+03   -6.7669419868e+04    3.4166285303e+01    3.3900023580e+01    3.3641863843e+01   -2.8768854332e-02   -2.0332299549e-02   -3.4651043310e-03    8.4333407524e+01    3.1625027822e+01    3.1625027822e+01
    2.0074209748e+03    2.2489090542e+03   -6.7686178641e+04    3.3628183890e+01    3.3614543775e+01    3.3680959738e+01   -6.1362445118e-02   -1.2880516856e-01   -8.6087122563e-02    8.4333407524e+01    3.1625027822e+01    3.1625027822e+01
    1.9982714133e+03    2.2386588218e+03   -6.7679895802e+04    3.3839482449e+01    3.3804832767e+01    3.3651283078e+01    3.6854830591e-02   -4.2794958490e-02    2.0712841787e-02    8.4333407524e+01    3.1625027822e+01    3.1625027822e+01
    2.0061090114e+03    2.2474392647e+03   -6.7686725054e+04    3.3694992969e+01    3.3855434751e+01    3.3779527631e+01    1.2950610595e-02   -1.7811646242e-02   -1.6198556258e-03    8.4333407524e+01    3.1625027822e+01    3.1625027822e+01
    1.9998725770e+03    2.2404526017e+03   -6.7681782009e+04    3.3918033101e+01    3.3634604272e+01    3.3779133440e+01   -5.1179277884e-02    5.1767396657e-04   -3.3473273875e-02    8.4333407524e+01    3.1625027822e+01    3.1625027822e+01
    2.0044780111e+03    2.2456120588e+03   -6.7686059258e+04    3.3946902817e+01    3.3469365845e+01    3.3583105704e+01   -2.0292570093e-02    1.0355343696e-01    3.5898730935e-02    8.4333407524e+01    3.1625027822e+01    3.1625027822e+01
    1.9766217326e+03    2.2144047348e+03   -6.7653031444e+04    3.3739392757e+01    3.3998413150e+01    3.3905070570e+01    7.0442936792e-02    8.6086374859e-03    2.5191392939e-02    8.4333407524e+01    3.1625027822e+01    3.1625027822e+01
    1.9729573428e+03    2.2102995274e+03   -6.7649034845e+04    3.4180856216e+01    3.3815334507e+01    3.3892014934e+01   -1.6855438635e-02   -7.0644512329e-03   -5.9640339080e-02    8.4333407524e+01    3.1625027822e+01    3.1625027822e+01
    1.9951916627e+03    2.2352085843e+03   -6.7676813138e+04    3.3867763061e+01    3.3689756585e+01    3.3922538054e+01    6.4355515569e-02   -7.1508118298e-03   -5.1632886114e-02    8.4333407524e+01    3.1625027822e+01    3.1625027822e+01
    1.9981429461e+03    2.2385149002e+03   -6.7677109705e+04    3.3995759779e+01    3.3824403899e+01    3.3821852606e+01    9.4394544993e-02    3.3838301891e-02   -1.7123668125e-01    8.4333407524e+01    3.1625027822e+01    3.1625027822e+01
    1.9956465793e+03    2.2357182263e+03   -6.7675828963e+04    3.4034353881e+01    3.3819873525e+01    3.3562954028e+01   -1.6390267395e-02    9.3297367385e-02   -1.4093768484e-02    8.4333407524e+01    3.1625027822e+01    3.1625027822e+01
    2.0124746624e+03    2.2545706887e+03   -6.7695733063e+04    3.3822224011e+01    3.3538923180e+01    3.3855340069e+01    3.1806039845e-03    1.1055631437e-02    7.6500724359e-03    8.4333407524e+01    3.1625027822e+01    3.1625027822e+01
    1.9829765027e+03    2.2215239690e+03   -6.7661044483e+04    3.3935687453e+01    3.3982993412e+01    3.3594341174e+01    1.7183680442e-02    1.7165394976e-02   -2.5889967558e-03    8.4333407524e+01    3.1625027822e+01    3.1625027822e+01
    2.0065299667e+03    2.2479108599e+03   -6.7687416848e+04    3.3869668670e+01    3.3607508255e+01    3.3688183664e+01   -4.8872269522e-02   -1.5999888458e-01   -9.1501900517e-02    8.4333407524e+01    3.1625027822e+01    3.1625027822e+01
    1.9885764418e+03    2.2277975678e+03   -6.7667076965e+04    3.3787859230e+01    3.3887317137e+01    3.3848932127e+01    1.1869477448e-01   -9.0078596706e-02    6.7688379774e-02    8.4333407524e+01    3.1625027822e+01    3.1625027822e+01
    2.0069007656e+03    2.2483262651e+03   -6.7685604044e+04    3.3753393337e+01    3.3616042629e+01    3.3767953703e+01    1.0048008965e-01    2.4908132765e-02   -1.0976616957e-01    8.4333407524e+01    3.1625027822e+01    3.1625027822e+01
    2.0022351438e+03    2.2430993799e+03   -6.7681257504e+04    3.3990942799e+01    3.3598815342e+01    3.3880462057e+01    7.3887691809e-04    5.6737295046e-02    7.9875820154e-03    8.4333407524e+01    3.1625027822e+01    3.1625027822e+01
    1.9927119890e+03    2.2324306116e+03   -6.7671681840e+04    3.3934727787e+01    3.3722495076e+01    3.3688755158e+01    1.1954329496e-02    1.8107783701e-03   -1.4502646561e-02    8.4333407524e+01    3.1625027822e+01    3.1625027822e+01
    2.0155296486e+03    2.2579931827e+03   -6.7697953743e+04    3.3815523411e+01    3.3671780488e+01    3.3525174637e+01   -2.2198579001e-02    1.7934547390e-02   -1.4618306672e-01    8.4333407524e+01    3.1625027822e+01    3.1625027822e+01
    2.0087573255e+03    2.2504061648e+03   -6.7689039606e+04    3.3900805718e+01    3.3576088517e+01    3.3586092523e+01   -7.6562268465e-02    8.5917408494e-02   -3.0779737048e-03    8.4333407524e+01    3.1625027822e+01    3.1625027822e+01
    2.0001634252e+03    2.2407784383e+03   -6.7679244474e+04    3.3661248393e+01    3.3548896342e+01    3.3779367655e+01   -7.5914352084e-02   -1.0622600165e-01   -2.0594288083e-02    8.4333407524e+01    3.1625027822e+01    3.1625027822e+01
    1.9932970236e+03    2.2330860246e+03   -6.7671241404e+04    3.3967999615e+01    3.3908748912e+01    3.3631143836e+01   -5.5708117488e-02   -1.2835167758e-01    2.7645758209e-02    8.4333407524e+01    3.1625027822e+01    3.1625027822e+01
    1.9779053626e+03    2.2158427825e+03   -6.7654197814e+04    3.4047186288e+01    3.3900942828e+01    3.3873412430e+01   -4.6904812621e-02    1.2968043938e-02    3.3278497806e-02    8.4333407524e+01    3.1625027822e+01    3.1625027822e+01
    1.9999681508e+03    2.2405596729e+03   -6.7679924833e+04    3.4001884578e+01    3.3809314342e+01    3.3444240648e+01   -3.6882229613e-02   -6.6431470080e-02    8.0012536564e-02    8.4333407524e+01    3.1625027822e+01    3.1625027822e+01
    1.9872577946e+03    2.2263202903e+03   -6.7664800144e+04    3.4104436460e+01    3.3580851807e+01    3.3731655664e+01   -6.3692931959e-02    8.9899290807e-02    6.6085329915e-02    8.4333407524e+01    3.1625027822e+01    3.1625027822e+01
    1.9965126217e+03    2.2366884517e+03   -6.7674543120e+04    3.3645086892e+01    3.3886126623e+01    3.3873451989e+01   -6.5679414999e-03   -6.3326499886e-02   -2.0582321138e-02    8.4333407524e+01    3.1625027822e+01    3.1625027822e+01
    1.9960338304e+03    2.2361520629e+03   -6.7677684716e+04    3.3977723762e+01    3.3906467188e+01    3.3763442506e+01    5.3438655844e-02    7.0179564723e-02   -8.4865684388e-03    8.4333407524e+01    3.1625027822e+01    3.1625027822e+01
    2.0060904026e+03    2.2474184173e+03   -6.7684229087e+04    3.3709271888e+01    3.3831135641e+01    3.3609608932e+01   -3.4636322863e-02    1.5714523686e-01    1.0246358410e-01    8.4333407524e+01    3.1625027822e+01    3.1625027822e+01
    1.9990862395e+03    2.2395716697e+03   -6.7679281140e+04    3.3766729561e+01    3.3837436384e+01    3.3742135251e+01    8.7412207563e-03    8.1593522361e-02   -2.6707878126e-04    8.4333407524e+01    3.1625027822e+01    3.1625027822e+01
    2.0100572743e+03    2.2518624945e+03   -6.7691483420e+04    3.4001222536e+01    3.3809896580e+01    3.3662126885e+01    4.8306486760e-02   -6.1092230055e-02   -1.2520408403e-02    8.4333407524e+01    3.1625027822e+01    3.1625027822e+01
    2.0065477625e+03    2.2479307965e+03   -6.7687899754e+04    3.3996365752e+01    3.3584949601e+01    3.3752405895e+01   -5.5849593386e-02    7.4234456854e-02   -3.2928378438e-03    8.4333407524e+01    3.1625027822e+01    3.1625027822e+01
    1.9964793066e+03    2.2366511288e+03   -6.7678454156e+04    3.3654133174e+01    3.3845858873e+01    3.3813719763e+01   -8.1601297954e-02   -8.1816604833e-02    2.3529022329e-02    8.4333407524e+01    3.1625027822e+01    3.1625027822e+01
    2.0106112450e+03    2.2524831065e+03   -6.7694592534e+04    3.4144043798e+01    3.3379717731e+01    3.3683431689e+01    5.9621411380e-02    3.6724156131e-02   -2.5945091868e-02    8.4333407524e+01    3.1625027822e+01    3.1625027822e+01
    2.0052869333e+03    2.2465182925e+03   -6.7688094410e+04    3.3781016119e+01    3.3418572820e+01    3.3737814591e+01    4.1480400812e-02    7.8585698783e-02   -5.5550094643e-04    8.4333407524e+01    3.1625027822e+01    3.1625027822e+01
    1.9971491918e+03    2.2374015997e+03   -6.7678463518e+04    3.3869917982e+01    3.3683753856e+01    3.3771648410e+01   -1.9374770788e-01    1.5274287251e-02    9.5301490186e-02    8.4333407524e+01    3.1625027822e+01    3.1625027822e+01
    1.9973685853e+03    2.2376473857e+03   -6.7680380820e+04    3.4007138753e+01    3.3669707383e+01    3.3798063998e+01    9.8124556202e-02    7.8165185718e-02   -9.6569645073e-02    8.4333407524e+01    3.1625027822e+01    3.1625027822e+01
    1.9822577943e+03    2.2207188016e+03   -6.7660297368e+04    3.4112750544e+01    3.3824751634e+01    3.3925012007e+01    3.0892125543e-02    9.5631077433e-02    5.6945935596e-02    8.4333407524e+01    3.1625027822e+01    3.1625027822e+01
    2.0110064640e+03    2.2529258695e+03   -6.7691045934e+04    3.3769840932e+01    3.3748704469e+01    3.3515079028e+01    3.2499180977e-04    6.4980850679e-02   -2.7722060514e-02    8.4333407524e+01    3.1625027822e+01    3.1625027822e+01
    2.0083438922e+03    2.2499429965e+03   -6.7689627755e+04    3.3762268641e+01    3.3755293927e+01    3.3552688005e+01   -5.7307675241e-02    1.2393547801e-01    2.2781001978e-02    8.4333407524e+01    3.1625027822e+01    3.1625027822e+01
    2.0009157435e+03    2.2416212587e+03   -6.7680671983e+04    3.3824826500e+01    3.3627240181e+01    3.4008375894e+01   -6.5499986742e-03    1.6473274335e-02    4.9235257295e-02    8.4333407524e+01    3.1625027822e+01    3.1625027822e+01
    1.9860577808e+03    2.2249759177e+03   -6.7661586282e+04    3.3842795667e+01    3.3710851776e+01    3.4131076648e+01   -1.1714781102e-01   -2.4517155582e-02   -1.3013780402e-01    8.4333407524e+01    3.1625027822e+01    3.1625027822e+01
    1.9936323269e+03    2.2334616641e+03   -6.7674733344e+04    3.3832415505e+01    3.3956127374e+01    3.3690727844e+01   -5.2891344753e-02    5.0346506291e-02   -1.0054627683e-01    8.4333407524e+01    3.1625027822e+01    3.1625027822e+01
    1.9813751156e+03    2.2197299387e+03   -6.7660409857e+04    3.4067634499e+01    3.3910415639e+01    3.3900264091e+01   -3.2665384643e-02   -7.1742631576e-02   -9.0288060377e-03    8.4333407524e+01    3.1625027822e+01    3.1625027822e+01
    1.9907509408e+03    2.2302336539e+03   -6.7669126927e+04    3.3953175059e+01    3.3737113667e+01    3.3792069999e+01    2.5791945323e-02   -1.0549173241e-01   -1.2076303570e-02    8.4333407524e+01    3.1625027822e+01    3.1625027822e+01
    2.0143286879e+03    2.2566477492e+03   -6.7696510928e+04    3.3923229187e+01    3.3501702612e+01    3.3688566706e+01   -8.3929284652e-02    1.3773487475e-02   -2.5615799113e-02    8.4333407524e+01    3.1625027822e+01    3.1625027822e+01
    1.9687736062e+03    2.2056124970e+03   -6.7642309187e+04    3.4271257464e+01    3.3796302088e+01    3.3671631994e+01   -2.6570365093e-02    8.8164188263e-02    8.6397242703e-02    8.4333407524e+01    3.1625027822e+01    3.1625027822e+01
    1.9856374171e+03    2.2245049852e+03   -6.7660260468e+04    3.4121102546e+01    3.3824214068e+01    3.3870927494e+01    4.0993356104e-03   -4.0300251851e-02   -6.9750781712e-02    8.4333407524e+01    3.1625027822e+01    3.1625027822e+01
    2.0085764933e+03    2.2502035790e+03   -6.7687786582e+04    3.3778584473e+01    3.3921580699e+01    3.3548500092e+01   -1.8517541120e-02    1.3210811089e-02   -1.0864092080e-01    8.4333407524e+01    3.1625027822e+01    3.1625027822e+01
    2.0066141131e+03    2.2480051289e+03   -6.7686128606e+04    3.4132122078e+01    3.3550177992e+01    3.3748026398e+01    2.8276672789e-02   -2.2592630309e-02    7.4832037348e-03    8.4333407524e+01    3.1625027822e+01    3.1625027822e+01
    2.0011861986e+03    2.2419242490e+03   -6.7682591754e+04    3.3826493356e+01    3.3631395114e+01    3.3924257096e+01    1.0214459135e-01   -5.3376621610e-02   -2.2478534210e-02    8.4333407524e+01    3.1625027822e+01    3.1625027822e+01
    2.0111847800e+03    2.2531256365e+03   -6.7692805877e+04    3.3924860616e+01    3.3477775771e+01    3.3699522951e+01    9.9422206918e-02    4.7795990641e-02   -3.3955869100e-02    8.4333407524e+01    3.1625027822e+01    3.1625027822e+01
    2.0040225377e+03    2.2451017930e+03   -6.7682929401e+04    3.3920807105e+01    3.3609684290e+01    3.3611427068e+01    1.3715668539e-01   -4.8340887870e-04   -1.0125946434e-01    8.4333407524e+01    3.1625027822e+01    3.1625027822e+01
    1.9808053366e+03    2.2190916166e+03   -6.7658772505e+04    3.3907998729e+01    3.3869102369e+01    3.3806261213e+01   -1.6506238975e-02    1.1506342837e-01    6.6285808379e-04    8.4333407524e+01    3.1625027822e+01    3.1625027822e+01
    2.0101764690e+03    2.2519960280e+03   -6.7688809547e+04    3.3638202793e+01    3.3590094131e+01    3.3663553777e+01   -5.7666262790e-02   -1.7697241192e-02    5.4638146121e-02    8.4333407524e+01    3.1625027822e+01    3.1625027822e+01
    1.9952892635e+03    2.2353179262e+03   -6.7675013086e+04    3.3929322169e+01    3.3709976349e+01    3.3765385836e+01   -3.2572835126e-03   -4.0869193971e-02    1.0051665707e-01    8.4333407524e+01    3.1625027822e+01    3.1625027822e+01
    1.9911632019e+03    2.2306955090e+03   -6.7672225636e+04    3.3711766954e+01    3.3968455071e+01    3.3773212609e+01   -4.1517676679e-02    1.7189717321e-02    9.7209365893e-03    8.4333407524e+01    3.1625027822e+01    3.1625027822e+01
    2.0051313238e+03    2.2463439635e+03   -6.7685766748e+04    3.3622146944e+01    3.3620998997e+01    3.3653768617e+01   -6.0475201540e-02   -1.9722866431e-03    6.7844292738e-02    8.4333407524e+01    3.1625027822e+01    3.1625027822e+01
    1.9907140102e+03    2.2301922806e+03   -6.7670481177e+04    3.3899782664e+01    3.3840104987e+01    3.3757520339e+01    2.5227868079e-02    5.2782749939e-02   -4.9407406800e-02    8.4333407524e+01    3.1625027822e+01    3.1625027822e+01
    2.0091858059e+03    2.2508861905e+03   -6.7691376613e+04    3.3887819541e+01    3.3590498648e+01    3.3782909230e+01   -4.2086831633e-02   -1.7373350185e-01    3.1373434385e-02    8.4333407524e+01    3.1625027822e+01    3.1625027822e+01
    1.9991828019e+03    2.2396798483e+03   -6.7681260282e+04    3.3842634634e+01    3.3965145626e+01    3.3565480870e+01   -4.4809046379e-02    1.2275875156e-03    9.2848427811e-03    8.4333407524e+01    3.1625027822e+01    3.1625027822e+01
    2.0107179575e+03    2.2526026563e+03   -6.7689903832e+04    3.3854714112e+01    3.3559003899e+01    3.3621622781e+01   -5.2440252743e-02   -1.9238044131e-02    1.3994512165e-02    8.4333407524e+01    3.1625027822e+01    3.1625027822e+01
    1.9969289938e+03    2.2371549123e+03   -6.7673130281e+04    3.3821432193e+01    3.3743841710e+01    3.3896319859e+01    1.1994490978e-02    7.5710642754e-02   -8.6303266843e-02    8.4333407524e+01    3.1625027822e+01    3.1625027822e+01
    2.0028912453e+03    2.2438344088e+03   -6.7682478008e+04    3.3683643681e+01    3.3605420723e+01    3.3765723032e+01   -1.6916899187e-02    3.8098818419e-02   -1.2016545892e-01    8.4333407524e+01    3.1625027822e+01    3.1625027822e+01
    1.9725659085e+03    2.2098610044e+03   -6.7649767673e+04    3.3977815150e+01    3.4045443192e+01    3.3726487875e+01    1.2641804138e-02   -1.5792313153e-01   -8.9903282157e-03    8.4333407524e+01    3.1625027822e+01    3.1625027822e+01
    1.9884659968e+03    2.2276738364e+03   -6.7667675202e+04    3.4162787344e+01    3.3791532246e+01    3.3447122202e+01    1.0154650607e-02    1.4057095438e-01    2.2327742667e-01    8.4333407524e+01    3.1625027822e+01    3.1625027822e+01
    2.0030464812e+03    2.2440083192e+03   -6.7683733357e+04    3.3852301324e+01    3.3824428482e+01    3.3706403282e+01    8.8189551421e-02    8.7201401251e-02    1.0643163358e-02    8.4333407524e+01    3.1625027822e+01    3.1625027822e+01
    1.9766218355e+03    2.2144048500e+03   -6.7653552901e+04    3.3925731978e+01    3.4064382575e+01    3.3836276454e+01    2.3327280618e-02    8.5284667604e-02   -3.9475643788e-02    8.4333407524e+01    3.1625027822e+01    3.1625027822e+01
    2.0079206530e+03    2.2494688426e+03   -6.7687993517e+04    3.4018311189e+01    3.3550643075e+01    3.3688884665e+01    6.7882485245e-02    8.0416615675e-02   -1.9895082297e-02    8.4333407524e+01    3.1625027822e+01    3.1625027822e+01
    1.9893342018e+03    2.2286464845e+03   -6.7666463900e+04    3.3791355112e+01    3.3767697133e+01    3.3863757265e+01    5.8545136385e-02   -4.9814499521e-02   -9.0641135895e-02    8.4333407524e+01    3.1625027822e+01    3.1625027822e+01
    1.9962074204e+03    2.2363465353e+03   -6.7677355527e+04    3.3801475699e+01    3.4068852493e+01    3.3614259005e+01    5.4447547036e-03    6.2682822560e-03   -1.1450739609e-01    8.4333407524e+01    3.1625027822e+01    3.1625027822e+01
    2.0017127636e+03    2.2425141586e+03   -6.7682077960e+04    3.3651127365e+01    3.4004219127e+01    3.3542528873e+01    5.5976780461e-02    1.8632521878e-02   -5.1826970214e-03    8.4333407524e+01    3.1625027822e+01    3.1625027822e+01
    1.9877948079e+03    2.2269219051e+03   -6.7666047482e+04    3.3833588911e+01    3.3749441727e+01    3.4101899265e+01   -5.2841391330e-02    1.3028589913e-02   -4.6427156545e-02    8.4333407524e+01    3.1625027822e+01    3.1625027822e+01
    1.9997872249e+03    2.2403569820e+03   -6.7679169855e+04    3.3932577668e+01    3.3787879070e+01    3.3582264475e+01   -4.8014018472e-02    6.8587244833e-02   -5.6439600171e-02    8.4333407524e+01    3.1625027822e+01    3.1625027822e+01
    1.9997872249e+03    2.2403569820e+03   -6.7679169855e+04    3.3932577668e+01    3.3787879070e+01    3.3582264475e+01   -4.8014018472e-02    6.8587244833e-02   -5.6439600171e-02    8.4333407524e+01    3.1625027822e+01    3.1625027822e+01
    1.9997872249e+03    2.2403569820e+03   -6.7679169855e+04    3.3932577668e+01    3.3787879070e+01    3.3582264475e+01   -4.8014018472e-02    6.8587244833e-02   -5.6439600171e-02    8.4333407524e+01    3.1625027822e+01    3.1625027822e+01
    1.9997872249e+03    2.2403569820e+03   -6.7679169855e+04    3.3932577668e+01    3.3787879070e+01    3.3582264475e+01   -4.8014018472e-02    6.8587244833e-02   -5.6439600171e-02    8.4333407524e+01    3.1625027822e+01    3.1625027822e+01
    1.9997872249e+03    2.2403569820e+03   -6.7679169855e+04    3.3932577668e+01    3.3787879070e+01    3.3582264475e+01   -4.8014018472e-02    6.8587244833e-02   -5.6439600171e-02    8.4333407524e+01    3.1625027822e+01    3.1625027822e+01
    1.9997872249e+03    2.2403569820e+03   -6.7679169855e+04    3.3932577668e+01    3.3787879070e+01    3.3582264475e+01   -4.8014018472e-02    6.8587244833e-02   -5.6439600171e-02    8.4333407524e+01    3.1625027822e+01    3.1625027822e+01
    1.9997872249e+03    2.2403569820e+03   -6.7679169855e+04    3.3932577668e+01    3.3787879070e+01    3.3582264475e+01   -4.8014018472e-02    6.8587244833e-02   -5.6439600171e-02    8.4333407524e+01    3.1625027822e+01    3.1625027822e+01
    1.9997872249e+03    2.2403569820e+03   -6.7679169855e+04    3.3932577668e+01    3.3787879070e+01    3.3582264475e+01   -4.8014018472e-02    6.8587244833e-02   -5.6439600171e-02    8.4333407524e+01    3.1625027822e+01    3.1625027822e+01
    1.9997872249e+03    2.2403569820e+03   -6.7679169855e+04    3.3932577668e+01    3.3787879070e+01    3.3582264475e+01   -4.8014018472e-02    6.8587244833e-02   -5.6439600171e-02    8.4333407524e+01    3.1625027822e+01    3.1625027822e+01
    1.9997872249e+03    2.2403569820e+03   -6.7679169855e+04    3.3932577668e+01    3.3787879070e+01    3.3582264475e+01   -4.8014018472e-02    6.8587244833e-02   -5.6439600171e-02    8.4333407524e+01    3.1625027822e+01    3.1625027822e+01
    1.9997872249e+03    2.2403569820e+03   -6.7679169855e+04    3.3932577668e+01    3.3787879070e+01    3.3582264475e+01   -4.8014018472e-02    6.8587244833e-02   -5.6439600171e-02    8.4333407524e+01    3.1625027822e+01    3.1625027822e+01
    1.9997872249e+03    2.2403569820e+03   -6.7679169855e+04    3.3932577668e+01    3.3787879070e+01    3.3582264475e+01   -4.8014018472e-02    6.8587244833e-02   -5.6439600171e-02    8.4333407524e+01    3.1625027822e+01    3.1625027822e+01
    1.9997872249e+03    2.2403569820e+03   -6.7679169855e+04    3.3932577668e+01    3.3787879070e+01    3.3582264475e+01   -4.8014018472e-02    6.8587244833e-02   -5.6439600171e-02    8.4333407524e+01    3.1625027822e+01    3.1625027822e+01
    1.9997872249e+03    2.2403569820e+03   -6.7679169855e+04    3.3932577668e+01    3.3787879070e+01    3.3582264475e+01   -4.8014018472e-02    6.8587244833e-02   -5.6439600171e-02    8.4333407524e+01    3.1625027822e+01    3.1625027822e+01
    1.9997872249e+03    2.2403569820e+03   -6.7679169855e+04    3.3932577668e+01    3.3787879070e+01    3.3582264475e+01   -4.8014018472e-02    6.8587244833e-02   -5.6439600171e-02    8.4333407524e+01    3.1625027822e+01    3.1625027822e+01
    1.9997872249e+03    2.2403569820e+03   -6.7679169855e+04    3.3932577668e+01    3.3787879070e+01    3.3582264475e+01   -4.8014018472e-02    6.8587244833e-02   -5.6439600171e-02    8.4333407524e+01    3.1625027822e+01    3.1625027822e+01
    1.9997872249e+03    2.2403569820e+03   -6.7679169855e+04    3.3932577668e+01    3.3787879070e+01    3.3582264475e+01   -4.8014018472e-02    6.8587244833e-02   -5.6439600171e-02    8.4333407524e+01    3.1625027822e+01    3.1625027822e+01
    1.9997872249e+03    2.2403569820e+03   -6.7679169855e+04    3.3932577668e+01    3.3787879070e+01    3.3582264475e+01   -4.8014018472e-02    6.8587244833e-02   -5.6439600171e-02    8.4333407524e+01    3.1625027822e+01    3.1625027822e+01
    1.9997872249e+03    2.2403569820e+03   -6.7679169855e+04    3.3932577668e+01    3.3787879070e+01    3.3582264475e+01   -4.8014018472e-02    6.8587244833e-02   -5.6439600171e-02    8.4333407524e+01    3.1625027822e+01    3.1625027822e+01
    1.9997872249e+03    2.2403569820e+03   -6.7679169855e+04    3.3932577668e+01    3.3787879070e+01    3.3582264475e+01   -4.8014018472e-02    6.8587244833e-02   -5.6439600171e-02    8.4333407524e+01    3.1625027822e+01    3.1625027822e+01
    1.9997872249e+03    2.2403569820e+03   -6.7679169855e+04    3.3932577668e+01    3.3787879070e+01    3.3582264475e+01   -4.8014018472e-02    6.8587244833e-02   -5.6439600171e-02    8.4333407524e+01    3.1625027822e+01    3.1625027822e+01
    1.9997872249e+03    2.2403569820e+03   -6.7679169855e+04    3.3932577668e+01    3.3787879070e+01    3.3582264475e+01   -4.8014018472e-02    6.8587244833e-02   -5.6439600171e-02    8.4333407524e+01    3.1625027822e+01    3.1625027822e+01
    1.9997872249e+03    2.2403569820e+03   -6.7679169855e+04    3.3932577668e+01    3.3787879070e+01    3.3582264475e+01   -4.8014018472e-02    6.8587244833e-02   -5.6439600171e-02    8.4333407524e+01    3.1625027822e+01    3.1625027822e+01
    1.9997872249e+03    2.2403569820e+03   -6.7679169855e+04    3.3932577668e+01    3.3787879070e+01    3.3582264475e+01   -4.8014018472e-02    6.8587244833e-02   -5.6439600171e-02    8.4333407524e+01    3.1625027822e+01    3.1625027822e+01
    1.9997872249e+03    2.2403569820e+03   -6.7679169855e+04    3.3932577668e+01    3.3787879070e+01    3.3582264475e+01   -4.8014018472e-02    6.8587244833e-02   -5.6439600171e-02    8.4333407524e+01    3.1625027822e+01    3.1625027822e+01
    1.9997872249e+03    2.2403569820e+03   -6.7679169855e+04    3.3932577668e+01    3.3787879070e+01    3.3582264475e+01   -4.8014018472e-02    6.8587244833e-02   -5.6439600171e-02    8.4333407524e+01    3.1625027822e+01    3.1625027822e+01
    1.9997872249e+03    2.2403569820e+03   -6.7679169855e+04    3.3932577668e+01    3.3787879070e+01    3.3582264475e+01   -4.8014018472e-02    6.8587244833e-02   -5.6439600171e-02    8.4333407524e+01    3.1625027822e+01    3.1625027822e+01
    1.9997872249e+03    2.2403569820e+03   -6.7679169855e+04    3.3932577668e+01    3.3787879070e+01    3.3582264475e+01   -4.8014018472e-02    6.8587244833e-02   -5.6439600171e-02    8.4333407524e+01    3.1625027822e+01    3.1625027822e+01
    1.9997872249e+03    2.2403569820e+03   -6.7679169855e+04    3.3932577668e+01    3.3787879070e+01    3.3582264475e+01   -4.8014018472e-02    6.8587244833e-02   -5.6439600171e-02    8.4333407524e+01    3.1625027822e+01    3.1625027822e+01
    1.9997872249e+03    2.2403569820e+03   -6.7679169855e+04    3.3932577668e+01    3.3787879070e+01    3.3582264475e+01   -4.8014018472e-02    6.8587244833e-02   -5.6439600171e-02    8.4333407524e+01    3.1625027822e+01    3.1625027822e+01
    1.9997872249e+03    2.2403569820e+03   -6.7679169855e+04    3.3932577668e+01    3.3787879070e+01    3.3582264475e+01   -4.8014018472e-02    6.8587244833e-02   -5.6439600171e-02    8.4333407524e+01    3.1625027822e+01    3.1625027822e+01
