    2.9914450777e+03    2.0984831872e+03   -4.0287061069e+04    8.0216816132e+01    8.0463117892e+01    7.9808474606e+01    4.7861983729e-02   -2.5213077586e-01    2.1526039303e-01    5.0838303780e+01    3.0502982268e+01    3.0502982268e+01
    3.0296032410e+03    2.1252509406e+03   -4.0301849368e+04    7.9822952982e+01    8.0148032071e+01    7.9989348882e+01    4.9352726837e-02   -1.2938024341e-01   -2.0028773376e-01    5.0838303780e+01    3.0502982268e+01    3.0502982268e+01
    2.9669302329e+03    2.0812861508e+03   -4.0260454897e+04    8.0658848899e+01    7.9916403401e+01    7.9815080869e+01    1.7119845157e-01   -1.0629669771e-01    2.9626802695e-01    5.0838303780e+01    3.0502982268e+01    3.0502982268e+01
    3.0344995577e+03    2.1286856813e+03   -4.0306550494e+04    8.0654509491e+01    7.9899066389e+01    7.9310436077e+01   -1.9407628163e-01    1.3109589818e-01    2.8477666169e-01    5.0838303780e+01    3.0502982268e+01    3.0502982268e+01
    3.0262886495e+03    2.1229257719e+03   -4.0298217072e+04    8.0136024165e+01    8.0064645566e+01    7.9758970539e+01   -1.6262639514e-01   -7.4176107472e-02   -8.1302858522e-04    5.0838303780e+01    3.0502982268e+01    3.0502982268e+01
    2.9874062993e+03    2.0956500051e+03   -4.0272380815e+04    8.0427333912e+01    8.0200782924e+01    8.0418388154e+01    1.9680571518e-01    1.1506773742e-01    1.0746899856e-01    5.0838303780e+01    3.0502982268e+01    3.0502982268e+01
    3.0138984758e+03    2.1142341293e+03   -4.0289535568e+04    8.0600850407e+01    8.0149381720e+01    7.9888678204e+01    2.4835852923e-01    2.0725093179e-01    3.0559809866e-02    5.0838303780e+01    3.0502982268e+01    3.0502982268e+01
    2.9879648109e+03    2.0960417981e+03   -4.0271809580e+04    8.0363707445e+01    8.0135831847e+01    8.0102669402e+01   -1.8587983267e-01    9.4763137356e-03    1.4042318557e-01    5.0838303780e+01    3.0502982268e+01    3.0502982268e+01
    3.0419451919e+03    2.1339087551e+03   -4.0313571602e+04    7.9866878295e+01    7.9649480567e+01    8.0256316122e+01    1.2541764422e-02   -2.1842908093e-02   -8.8985688234e-02    5.0838303780e+01    3.0502982268e+01    3.0502982268e+01
    2.9724095325e+03    2.0851298510e+03   -4.0263960295e+04    8.0531655601e+01    8.0106686849e+01    8.0115788261e+01   -8.2642081331e-02    1.2900622668e-01    6.1890951728e-02    5.0838303780e+01    3.0502982268e+01    3.0502982268e+01
    2.9779738710e+03    2.0890332057e+03   -4.0265901652e+04    8.0213539663e+01    8.0248364291e+01    7.9846931999e+01    4.1445892586e-02   -9.0836117419e-02   -2.9166434768e-01    5.0838303780e+01    3.0502982268e+01    3.0502982268e+01
    3.0075111769e+03    2.1097534723e+03   -4.0288334586e+04    8.0480790171e+01    7.9926652363e+01    7.9947459765e+01    2.1649075647e-02   -1.1854999361e-01    9.4792627708e-02    5.0838303780e+01    3.0502982268e+01    3.0502982268e+01
    2.9567060424e+03    2.0741139343e+03   -4.0253639795e+04    8.0456380434e+01    8.0273339649e+01    8.0148749907e+01   -5.9090466138e-02   -1.7713005609e-02   -1.7740577461e-01    5.0838303780e+01    3.0502982268e+01    3.0502982268e+01
    3.0485828805e+03    2.1385650591e+03   -4.0316967310e+04    8.0206082185e+01    7.9489986531e+01    7.9629943238e+01    6.2394030575e-02   -3.5638265838e-02   -7.2298831032e-02    5.0838303780e+01    3.0502982268e+01    3.0502982268e+01
    2.9795811672e+03    2.0901607156e+03   -4.0267656947e+04    8.0643914777e+01    8.0234004893e+01    7.9931831476e+01   -5.5261643007e-02    3.6033070530e-02    4.9699785908e-03    5.0838303780e+01    3.0502982268e+01    3.0502982268e+01
    3.0044331540e+03    2.1075942553e+03   -4.0284365411e+04    8.0073399123e+01    8.0553595581e+01    7.9570394541e+01    9.3905505648e-02    1.7565807334e-01   -1.4069543297e-01    5.0838303780e+01    3.0502982268e+01    3.0502982268e+01
    2.9468322661e+03    2.0671875315e+03   -4.0244406972e+04    8.0276885775e+01    8.0585574924e+01    8.0306929868e+01    1.3584216720e-01   -1.2674261912e-02   -7.5345181130e-02    5.0838303780e+01    3.0502982268e+01    3.0502982268e+01
    3.0257618576e+03    2.1225562301e+03   -4.0301212861e+04    8.0270544830e+01    7.9726542836e+01    7.9381371300e+01   -1.2639543000e-01   -2.1318466568e-01   -8.9627690644e-02    5.0838303780e+01    3.0502982268e+01    3.0502982268e+01
    3.0083517794e+03    2.1103431507e+03   -4.0288533203e+04    8.0135056875e+01    8.0362673853e+01    8.0113219635e+01    2.2094196089e-01    1.0350157920e-01   -2.7977977153e-01    5.0838303780e+01    3.0502982268e+01    3.0502982268e+01
    3.0324837418e+03    2.1272715969e+03   -4.0306992494e+04    8.0113780287e+01    7.9632168053e+01    7.9854701920e+01   -9.4174434482e-02   -8.1068924690e-02    4.7040463558e-02    5.0838303780e+01    3.0502982268e+01    3.0502982268e+01
    3.0182243349e+03    2.1172686970e+03   -4.0294412767e+04    8.0293411360e+01    8.0024059368e+01    8.0094655660e+01    7.2864220108e-02    7.1288213098e-02   -4.2807519028e-02    5.0838303780e+01    3.0502982268e+01    3.0502982268e+01
    3.0133870928e+03    2.1138753968e+03   -4.0291433486e+04    7.9889645669e+01    8.0289598630e+01    8.0412467619e+01   -6.3496497231e-02   -7.8797974920e-02   -2.9524290890e-02    5.0838303780e+01    3.0502982268e+01    3.0502982268e+01
    3.0033493489e+03    2.1068339716e+03   -4.0283589467e+04    8.0370526304e+01    7.9620319094e+01    8.0108064396e+01   -1.1985833515e-01   -1.4384128595e-02    2.5244859770e-02    5.0838303780e+01    3.0502982268e+01    3.0502982268e+01
    2.9981273276e+03    2.1031707508e+03   -4.0279850052e+04    8.0519694114e+01    7.9723741932e+01    7.9963249129e+01    1.8259274424e-01   -9.0195765399e-02   -2.3959909599e-01    5.0838303780e+01    3.0502982268e+01    3.0502982268e+01
    2.9915511681e+03    2.0985576090e+03   -4.0276805959e+04    8.0402439104e+01    7.9934725405e+01    8.0012013056e+01   -3.7309865202e-02   -8.6320795699e-02   -2.7254225524e-02    5.0838303780e+01    3.0502982268e+01    3.0502982268e+01
    2.9634373533e+03    2.0788359139e+03   -4.0256380543e+04    8.0210308424e+01    8.0149765380e+01    8.0645580017e+01   -1.5448979850e-01   -1.3382009120e-02    1.0124602749e-01    5.0838303780e+01    3.0502982268e+01    3.0502982268e+01
    3.0086108255e+03    2.1105248701e+03   -4.0287196722e+04    7.9956296505e+01    7.9840700297e+01    8.0006044654e+01    8.9231712733e-02   -9.8783133271e-02    3.2526643953e-03    5.0838303780e+01    3.0502982268e+01    3.0502982268e+01
    3.0313338765e+03    2.1264649724e+03   -4.0303240778e+04    7.9831710189e+01    7.9804502423e+01    8.0552194843e+01   -2.2471110072e-01    3.7941217187e-03    3.4768301721e-02    5.0838303780e+01    3.0502982268e+01    3.0502982268e+01
    3.0196915851e+03    2.1182979655e+03   -4.0295482373e+04    8.0123242096e+01    7.9892708354e+01    7.9712408620e+01    3.2651738164e-03    7.4608595203e-02    2.2449627966e-01    5.0838303780e+01    3.0502982268e+01    3.0502982268e+01
    2.9898800420e+03    2.0973853227e+03   -4.0275484128e+04    8.0586923799e+01    7.9874010231e+01    8.0143310634e+01   -1.9794802059e-01   -5.2960517420e-02   -2.0556886469e-02    5.0838303780e+01    3.0502982268e+01    3.0502982268e+01
    2.9902254336e+03    2.0976276132e+03   -4.0272364594e+04    8.0400268395e+01    7.9729989291e+01    8.0258897327e+01   -3.3032706240e-02   -1.6221603695e-02   -1.0662544023e-01    5.0838303780e+01    3.0502982268e+01    3.0502982268e+01
    2.9803758354e+03    2.0907181712e+03   -4.0267223217e+04    8.0084782074e+01    8.0458876464e+01    7.9855739144e+01   -1.2663610127e-01    6.0585367376e-02    1.3101177866e-01    5.0838303780e+01    3.0502982268e+01    3.0502982268e+01
    3.0032568919e+03    2.1067691135e+03   -4.0286548646e+04    8.0406913101e+01    7.9631600047e+01    7.9875288452e+01   -1.3915762958e-01    1.4422682814e-01    5.0147536524e-03    5.0838303780e+01    3.0502982268e+01    3.0502982268e+01
    2.9809627304e+03    2.0911298750e+03   -4.0266468946e+04    8.0712408652e+01    7.9998672459e+01    8.0021445688e+01    1.5996931114e-02   -2.6584122992e-01    7.1407136872e-02    5.0838303780e+01    3.0502982268e+01    3.0502982268e+01
    3.0393701214e+03    2.1321023565e+03   -4.0306371929e+04    7.9675734575e+01    8.0214177359e+01    7.9283790654e+01   -2.6189526687e-01   -2.1223396872e-02    2.3829716603e-01    5.0838303780e+01    3.0502982268e+01    3.0502982268e+01
    3.0515719372e+03    2.1406618669e+03   -4.0317328902e+04    8.0009150345e+01    7.9396370065e+01    8.0271613630e+01    4.9415052136e-02    9.0543534267e-02    1.7307543609e-01    5.0838303780e+01    3.0502982268e+01    3.0502982268e+01
    2.9854441887e+03    2.0942735947e+03   -4.0271553526e+04    8.0442238454e+01    8.0510042084e+01    7.9945087729e+01    2.1116141986e-02    1.1428080682e-01    1.7618140827e-01    5.0838303780e+01    3.0502982268e+01    3.0502982268e+01
    3.0048120342e+03    2.1078600378e+03   -4.0285320817e+04    7.9921774728e+01    7.9858673214e+01    8.0444708085e+01   -1.9806314961e-02   -1.4085209929e-01    1.2068436524e-01    5.0838303780e+01    3.0502982268e+01    3.0502982268e+01
    2.9786898806e+03    2.0895354827e+03   -4.0264364541e+04    8.0652770290e+01    8.0288280964e+01    8.0082084111e+01    1.1152173166e-01   -2.2684899788e-02    1.2205327527e-02    5.0838303780e+01    3.0502982268e+01    3.0502982268e+01
    3.0103368491e+03    2.1117356667e+03   -4.0287540624e+04    8.0256607111e+01    7.9715815089e+01    8.0491382685e+01    1.4832454047e-01   -8.2384586701e-02    1.3456203312e-01    5.0838303780e+01    3.0502982268e+01    3.0502982268e+01
    2.9937589763e+03    2.1001063750e+03   -4.0276817342e+04    8.0354495077e+01    8.0376083875e+01    7.9743472824e+01    1.0209945429e-01   -2.1393266143e-01   -2.9757345697e-02    5.0838303780e+01    3.0502982268e+01    3.0502982268e+01
    2.9808797054e+03    2.0910716334e+03   -4.0266234407e+04    8.0533821896e+01    8.0194693698e+01    7.9916261837e+01   -2.4347765121e-01   -1.6951151977e-01    7.5095023231e-02    5.0838303780e+01    3.0502982268e+01    3.0502982268e+01
    3.0117551383e+03    2.1127305892e+03   -4.0292826006e+04    8.0296091791e+01    7.9919183530e+01    7.9917272231e+01   -5.3451121066e-02   -1.2390918184e-02    1.7996153010e-02    5.0838303780e+01    3.0502982268e+01    3.0502982268e+01
    2.9750336799e+03    2.0869706769e+03   -4.0265128966e+04    8.0291743467e+01    7.9875962219e+01    8.0431213576e+01   -6.8883076941e-02   -2.9595281377e-02    9.6818498788e-02    5.0838303780e+01    3.0502982268e+01    3.0502982268e+01
    2.9832922423e+03    2.0927640155e+03   -4.0270933662e+04    8.0359275468e+01    7.9770797637e+01    7.9845365404e+01   -1.1110561452e-01   -7.3993704913e-02    2.8649941050e-01    5.0838303780e+01    3.0502982268e+01    3.0502982268e+01
    3.0234231340e+03    2.1209156276e+03   -4.0299370367e+04    8.0360396950e+01    7.9775933791e+01    8.0013145114e+01    1.8652060709e-01   -1.5177739431e-01    1.0157469723e-01    5.0838303780e+01    3.0502982268e+01    3.0502982268e+01
    3.0380353586e+03    2.1311660273e+03   -4.0307540229e+04    7.9948446178e+01    8.0281693019e+01    7.9866415658e+01    4.3119636031e-02    1.8320006625e-01   -1.5938161298e-01    5.0838303780e+01    3.0502982268e+01    3.0502982268e+01
    3.0120500541e+03    2.1129374711e+03   -4.0292795275e+04    8.0331832370e+01    8.0025242396e+01    8.0114861187e+01   -7.0625846168e-03    1.7884743213e-01    2.2394734669e-02    5.0838303780e+01    3.0502982268e+01    3.0502982268e+01
    2.9933043474e+03    2.0997874552e+03   -4.0277967226e+04    8.1144798219e+01    7.9788492047e+01    7.9762460052e+01    1.5308726842e-01    1.8500217669e-01    6.4979467309e-02    5.0838303780e+01    3.0502982268e+01    3.0502982268e+01
    2.9658954275e+03    2.0805602402e+03   -4.0257495056e+04    8.0492364198e+01    7.9986988981e+01    8.0283403639e+01   -2.8825354775e-02   -1.4078872024e-01   -4.2235390535e-02    5.0838303780e+01    3.0502982268e+01    3.0502982268e+01
    3.0393738082e+03    2.1321049427e+03   -4.0308626055e+04    7.9881947685e+01    7.9984561795e+01    7.9592478887e+01   -1.2969104656e-01   -1.5385349254e-01   -1.9161577941e-02    5.0838303780e+01    3.0502982268e+01    3.0502982268e+01
    3.0130699902e+03    2.1136529510e+03   -4.0292635532e+04    8.0571198621e+01    7.9609065380e+01    7.9799875064e+01   -7.5826582174e-02   -1.6382861891e-01    2.4210217204e-01    5.0838303780e+01    3.0502982268e+01    3.0502982268e+01
    2.9983747286e+03    2.1033443013e+03   -4.0282169062e+04    8.0492045804e+01    7.9958322494e+01    7.9597704921e+01    1.3517435156e-01   -1.0730368462e-02    2.1310395416e-01    5.0838303780e+01    3.0502982268e+01    3.0502982268e+01
    3.0045060924e+03    2.1076454212e+03   -4.0285028125e+04    8.0077867649e+01    8.0453921493e+01    7.9658710703e+01    1.5133664443e-01    2.3230676108e-01    4.0419139282e-02    5.0838303780e+01    3.0502982268e+01    3.0502982268e+01
    2.9703186260e+03    2.0836630910e+03   -4.0261249262e+04    8.0307742333e+01    8.0504057099e+01    7.9917762843e+01   -1.0840766969e-01    7.0621503720e-02    6.4352062706e-02    5.0838303780e+01    3.0502982268e+01    3.0502982268e+01
    3.0028088512e+03    2.1064548153e+03   -4.0280620383e+04    8.0552657084e+01    7.9986249856e+01    8.0487575734e+01    2.1184150864e-01    6.8717999624e-02   -3.1952357929e-02    5.0838303780e+01    3.0502982268e+01    3.0502982268e+01
    3.0167707591e+03    2.1162490212e+03   -4.0295067932e+04    7.9891942559e+01    7.9861943510e+01    8.0149083451e+01   -1.1477919923e-01   -2.2376327853e-01    1.8394716411e-01    5.0838303780e+01    3.0502982268e+01    3.0502982268e+01
    3.0149048878e+03    2.1149401221e+03   -4.0291339702e+04    8.0181607257e+01    7.9852938688e+01    8.0125429484e+01   -5.4685780821e-03    9.2247333781e-02   -2.2595479321e-02    5.0838303780e+01    3.0502982268e+01    3.0502982268e+01
    3.0495877996e+03    2.1392700047e+03   -4.0316545762e+04    8.0114308799e+01    7.9617671085e+01    7.9538089318e+01   -6.4578120810e-02    1.6125017554e-01   -6.4835985278e-04    5.0838303780e+01    3.0502982268e+01    3.0502982268e+01
    2.9688998025e+03    2.0826677937e+03   -4.0261026692e+04    8.0784893506e+01    7.9777894469e+01    8.0147654886e+01   -3.4105777691e-03   -2.2205636146e-01    6.5067767416e-02    5.0838303780e+01    3.0502982268e+01    3.0502982268e+01
    2.9905575234e+03    2.0978605724e+03   -4.0277033417e+04    8.1020340238e+01    7.9789876690e+01    7.9778979477e+01   -1.2572087803e-03   -1.9947130937e-01   -5.6121072795e-02    5.0838303780e+01    3.0502982268e+01    3.0502982268e+01
    2.9609303655e+03    2.0770772750e+03   -4.0253952600e+04    8.0543087841e+01    8.0376970280e+01    7.9691477579e+01    8.9036308990e-03    5.6897482570e-02    1.8022661425e-01    5.0838303780e+01    3.0502982268e+01    3.0502982268e+01
    2.9834530352e+03    2.0928768109e+03   -4.0269023444e+04    8.0500056073e+01    8.0061875803e+01    8.0007598937e+01    7.4924236589e-02    9.8317530193e-02   -1.0342060843e-01    5.0838303780e+01    3.0502982268e+01    3.0502982268e+01
    3.0043867776e+03    2.1075617224e+03   -4.0284677067e+04    8.0075488489e+01    8.0419805908e+01    7.9900183641e+01    2.1181807930e-01   -2.2129218552e-01    1.2157835051e-01    5.0838303780e+01    3.0502982268e+01    3.0502982268e+01
    3.0048727968e+03    2.1079026624e+03   -4.0284742155e+04    8.0140663150e+01    7.9838180644e+01    8.0176864743e+01   -1.0611391363e-01    1.5548543051e-02    1.5897272858e-01    5.0838303780e+01    3.0502982268e+01    3.0502982268e+01
    3.0233789599e+03    2.1208846397e+03   -4.0298362942e+04    7.9958662300e+01    7.9978342969e+01    8.0069894992e+01    7.1502308860e-03    4.8841332203e-02    6.5607174661e-02    5.0838303780e+01    3.0502982268e+01    3.0502982268e+01
    2.9841661874e+03    2.0933770834e+03   -4.0269223255e+04    8.0202454724e+01    7.9930172620e+01    8.0430991201e+01    1.0191074578e-01    2.0659962193e-01   -6.4883515449e-02    5.0838303780e+01    3.0502982268e+01    3.0502982268e+01
    2.9869433424e+03    2.0953252432e+03   -4.0274187358e+04    8.0441600945e+01    7.9616265183e+01    8.0162587004e+01    1.2247148706e-01   -1.8413642549e-01   -1.9761646586e-01    5.0838303780e+01    3.0502982268e+01    3.0502982268e+01
    3.0316502407e+03    2.1266869002e+03   -4.0304027230e+04    7.9969021357e+01    7.9563237985e+01    7.9798954144e+01    1.1299408783e-01    6.5304223966e-02    7.2823842121e-02    5.0838303780e+01    3.0502982268e+01    3.0502982268e+01
    3.0052670467e+03    2.1081792266e+03   -4.0287967955e+04    8.0593730952e+01    8.0020218550e+01    7.9736368758e+01    1.9969022746e-01    4.3918366901e-02   -1.8638965219e-01    5.0838303780e+01    3.0502982268e+01    3.0502982268e+01
    2.9957017389e+03    2.1014692129e+03   -4.0277341660e+04    8.0343534632e+01    8.0205365666e+01    8.0363021867e+01    4.5800177253e-02   -1.2707452148e-01   -2.4649372118e-01    5.0838303780e+01    3.0502982268e+01    3.0502982268e+01
    2.9740046805e+03    2.0862488391e+03   -4.0263056074e+04    8.0418495725e+01    8.0274045867e+01    7.9796026395e+01   -5.9079256321e-02    5.3565795934e-02    1.0113717864e-01    5.0838303780e+01    3.0502982268e+01    3.0502982268e+01
    2.9755210499e+03    2.0873125643e+03   -4.0262985549e+04    8.0052453918e+01    8.0264122050e+01    8.0319375156e+01    2.3187828169e-01    1.9489229124e-01    1.1887219146e-01    5.0838303780e+01    3.0502982268e+01    3.0502982268e+01
    2.9688512467e+03    2.0826337321e+03   -4.0259437201e+04    8.0493499730e+01    8.0145601832e+01    8.0009162059e+01   -4.9984367666e-02   -9.4639726882e-02    1.0928989337e-01    5.0838303780e+01    3.0502982268e+01    3.0502982268e+01
    2.9838273592e+03    2.0931393972e+03   -4.0266220553e+04    8.0680052641e+01    8.0216953242e+01    7.9548989489e+01   -9.1629174366e-02    1.1809153189e-01   -1.1388480641e-01    5.0838303780e+01    3.0502982268e+01    3.0502982268e+01
    2.9693915813e+03    2.0830127740e+03   -4.0262691761e+04    8.0181920111e+01    8.0285812560e+01    7.9835390665e+01    1.7961278581e-01   -9.1978690531e-02    8.4405009229e-02    5.0838303780e+01    3.0502982268e+01    3.0502982268e+01
    3.0260198848e+03    2.1227372348e+03   -4.0298984987e+04    8.0380461973e+01    8.0121980208e+01    7.9689462566e+01   -8.3669710904e-02    1.2275887447e-01   -9.0237190890e-02    5.0838303780e+01    3.0502982268e+01    3.0502982268e+01
    2.9886745512e+03    2.0965396772e+03   -4.0274110942e+04    8.0372912369e+01    7.9934462785e+01    8.0025620619e+01    1.2534015386e-02   -1.3075666285e-01   -5.6772109280e-03    5.0838303780e+01    3.0502982268e+01    3.0502982268e+01
    3.0192332704e+03    2.1179764600e+03   -4.0298341232e+04    7.9788476896e+01    8.0077336680e+01    7.9967809728e+01    4.9498134127e-02    1.8942364142e-01   -3.4646810746e-02    5.0838303780e+01    3.0502982268e+01    3.0502982268e+01
    2.9806886648e+03    2.0909376194e+03   -4.0266377319e+04    8.0289428569e+01    8.0102498723e+01    8.0245049992e+01   -1.3414077065e-02   -6.5506196216e-02    1.9493516291e-01    5.0838303780e+01    3.0502982268e+01    3.0502982268e+01
    2.9999616347e+03    2.1044575077e+03   -4.0283622785e+04    8.0307476223e+01    8.0067624526e+01    7.9760709125e+01   -1.5856785692e-01   -1.1214475820e-01   -6.0612665789e-02    5.0838303780e+01    3.0502982268e+01    3.0502982268e+01
    2.9936023930e+03    2.0999965327e+03   -4.0278395101e+04    7.9968774360e+01    8.0027493639e+01    7.9811761325e+01   -2.0902133776e-01   -6.6506462396e-02    1.1693030231e-01    5.0838303780e+01    3.0502982268e+01    3.0502982268e+01
    2.9884068105e+03    2.0963518585e+03   -4.0271989066e+04    8.0766516673e+01    8.0038571207e+01    7.9815555415e+01    2.0361249615e-01    6.5277456777e-02    3.5203210402e-02    5.0838303780e+01    3.0502982268e+01    3.0502982268e+01
    3.0205679873e+03    2.1189127570e+03   -4.0296512050e+04    8.0065998748e+01    7.9797572338e+01    7.9834644455e+01   -4.9899503879e-02    2.4879248158e-01   -1.1516733047e-01    5.0838303780e+01    3.0502982268e+01    3.0502982268e+01
    2.9884482582e+03    2.0963809338e+03   -4.0271519234e+04    8.0212410984e+01    8.0104540982e+01    8.0149058368e+01    1.2948179004e-01    2.3254723549e-01   -7.8777166947e-02    5.0838303780e+01    3.0502982268e+01    3.0502982268e+01
    3.0330768061e+03    2.1276876285e+03   -4.0305127688e+04    8.0286819309e+01    7.9999799138e+01    7.9644273042e+01   -4.9032771348e-02    4.7764564338e-02   -3.5478341122e-02    5.0838303780e+01    3.0502982268e+01    3.0502982268e+01
    3.0477613517e+03    2.1379887609e+03   -4.0314536078e+04    7.9916586240e+01    8.0035874623e+01    7.9660714243e+01   -3.6793024277e-01    6.9234846364e-02    6.6918042983e-02    5.0838303780e+01    3.0502982268e+01    3.0502982268e+01
    2.9930495523e+03    2.0996087178e+03   -4.0275748618e+04    8.0040546719e+01    7.9986472915e+01    8.0296271281e+01    1.5665614271e-01    4.8956743212e-02   -1.3591073356e-01    5.0838303780e+01    3.0502982268e+01    3.0502982268e+01
    3.0045371432e+03    2.1076672031e+03   -4.0284137492e+04    8.0451822305e+01    7.9707246762e+01    7.9666313164e+01    4.2806466259e-02   -8.1968034537e-03    4.6293637049e-03    5.0838303780e+01    3.0502982268e+01    3.0502982268e+01
    2.9972752047e+03    2.1025729910e+03   -4.0279427101e+04    8.0339228181e+01    7.9869570000e+01    7.9917763203e+01    1.9133139547e-01   -6.9734005689e-02    1.0903682993e-01    5.0838303780e+01    3.0502982268e+01    3.0502982268e+01
    2.9903303682e+03    2.0977012242e+03   -4.0275781641e+04    7.9988323318e+01    8.0168780641e+01    8.0000974330e+01   -2.4630049316e-02    1.6776628299e-01   -1.6438587956e-01    5.0838303780e+01    3.0502982268e+01    3.0502982268e+01
    2.9930397667e+03    2.0996018532e+03   -4.0276538824e+04    8.0498047925e+01    7.9968031327e+01    7.9545388074e+01    9.1175076483e-02   -1.3272230753e-01   -5.2281028775e-02    5.0838303780e+01    3.0502982268e+01    3.0502982268e+01
    2.9695400799e+03    2.0831169450e+03   -4.0263035016e+04    8.0334806976e+01    8.0248399095e+01    8.0348931103e+01   -8.9234460804e-02   -9.4314745153e-02    1.6285322857e-01    5.0838303780e+01    3.0502982268e+01    3.0502982268e+01
    2.9759943419e+03    2.0876445763e+03   -4.0266577337e+04    8.0078550558e+01    8.0306942278e+01    8.0333173236e+01    6.7928731628e-02    1.5131240502e-01    3.0125967806e-03    5.0838303780e+01    3.0502982268e+01    3.0502982268e+01
    2.9839725622e+03    2.0932412564e+03   -4.0271628114e+04    8.0110484313e+01    8.0283498419e+01    7.9919169588e+01   -9.4869325242e-02   -6.4797298594e-02    2.0517048266e-02    5.0838303780e+01    3.0502982268e+01    3.0502982268e+01
    3.0230958893e+03    2.1206860671e+03   -4.0297947369e+04    8.0029541772e+01    7.9978617655e+01    7.9744026778e+01    3.5305731686e-02    1.1706957092e-01   -5.9877078960e-02    5.0838303780e+01    3.0502982268e+01    3.0502982268e+01
    3.0116637788e+03    2.1126665010e+03   -4.0286292394e+04    8.0135461210e+01    8.0203231384e+01    7.9861581666e+01    1.4754707858e-01    6.0491342263e-02   -6.9322328271e-02    5.0838303780e+01    3.0502982268e+01    3.0502982268e+01
    2.9748642648e+03    2.0868518331e+03   -4.0264685825e+04    8.0310194738e+01    7.9973692697e+01    8.0047384478e+01    2.5687029070e-02    2.2681507331e-01   -1.3605573471e-01    5.0838303780e+01    3.0502982268e+01    3.0502982268e+01
    2.9965961357e+03    2.1020966276e+03   -4.0278071042e+04    7.9914226904e+01    8.0180266451e+01    7.9984805241e+01   -1.1789375770e-02    1.5807487063e-01    4.3728000378e-02    5.0838303780e+01    3.0502982268e+01    3.0502982268e+01
    2.9725364949e+03    2.0852189145e+03   -4.0262501630e+04    8.0373234787e+01    8.0017179983e+01    8.0168621694e+01   -9.3638594423e-02    1.8135498017e-02   -1.4548644582e-01    5.0838303780e+01    3.0502982268e+01    3.0502982268e+01
    2.9725364949e+03    2.0852189145e+03   -4.0262501630e+04    8.0373234787e+01    8.0017179983e+01    8.0168621694e+01   -9.3638594423e-02    1.8135498017e-02   -1.4548644582e-01    5.0838303780e+01    3.0502982268e+01    3.0502982268e+01
    2.9725364949e+03    2.0852189145e+03   -4.0262501630e+04    8.0373234787e+01    8.0017179983e+01    8.0168621694e+01   -9.3638594423e-02    1.8135498017e-02   -1.4548644582e-01    5.0838303780e+01    3.0502982268e+01    3.0502982268e+01
    2.9725364949e+03    2.0852189145e+03   -4.0262501630e+04    8.0373234787e+01    8.0017179983e+01    8.0168621694e+01   -9.3638594423e-02    1.8135498017e-02   -1.4548644582e-01    5.0838303780e+01    3.0502982268e+01    3.0502982268e+01
    2.9725364949e+03    2.0852189145e+03   -4.0262501630e+04    8.0373234787e+01    8.0017179983e+01    8.0168621694e+01   -9.3638594423e-02    1.8135498017e-02   -1.4548644582e-01    5.0838303780e+01    3.0502982268e+01    3.0502982268e+01
    2.9725364949e+03    2.0852189145e+03   -4.0262501630e+04    8.0373234787e+01    8.0017179983e+01    8.0168621694e+01   -9.3638594423e-02    1.8135498017e-02   -1.4548644582e-01    5.0838303780e+01    3.0502982268e+01    3.0502982268e+01
    2.9725364949e+03    2.0852189145e+03   -4.0262501630e+04    8.0373234787e+01    8.0017179983e+01    8.0168621694e+01   -9.3638594423e-02    1.8135498017e-02   -1.4548644582e-01    5.0838303780e+01    3.0502982268e+01    3.0502982268e+01
    2.9725364949e+03    2.0852189145e+03   -4.0262501630e+04    8.0373234787e+01    8.0017179983e+01    8.0168621694e+01   -9.3638594423e-02    1.8135498017e-02   -1.4548644582e-01    5.0838303780e+01    3.0502982268e+01    3.0502982268e+01
    2.9725364949e+03    2.0852189145e+03   -4.0262501630e+04    8.0373234787e+01    8.0017179983e+01    8.0168621694e+01   -9.3638594423e-02    1.8135498017e-02   -1.4548644582e-01    5.0838303780e+01    3.0502982268e+01    3.0502982268e+01
    2.9725364949e+03    2.0852189145e+03   -4.0262501630e+04    8.0373234787e+01    8.0017179983e+01    8.0168621694e+01   -9.3638594423e-02    1.8135498017e-02   -1.4548644582e-01    5.0838303780e+01    3.0502982268e+01    3.0502982268e+01
    2.9725364949e+03    2.0852189145e+03   -4.0262501630e+04    8.0373234787e+01    8.0017179983e+01    8.0168621694e+01   -9.3638594423e-02    1.8135498017e-02   -1.4548644582e-01    5.0838303780e+01    3.0502982268e+01    3.0502982268e+01
    2.9725364949e+03    2.0852189145e+03   -4.0262501630e+04    8.0373234787e+01    8.0017179983e+01    8.0168621694e+01   -9.3638594423e-02    1.8135498017e-02   -1.4548644582e-01    5.0838303780e+01    3.0502982268e+01    3.0502982268e+01
    2.9725364949e+03    2.0852189145e+03   -4.0262501630e+04    8.0373234787e+01    8.0017179983e+01    8.0168621694e+01   -9.3638594423e-02    1.8135498017e-02   -1.4548644582e-01    5.0838303780e+01    3.0502982268e+01    3.0502982268e+01
    2.9725364949e+03    2.0852189145e+03   -4.0262501630e+04    8.0373234787e+01    8.0017179983e+01    8.0168621694e+01   -9.3638594423e-02    1.8135498017e-02   -1.4548644582e-01    5.0838303780e+01    3.0502982268e+01    3.0502982268e+01
    2.9725364949e+03    2.0852189145e+03   -4.0262501630e+04    8.0373234787e+01    8.0017179983e+01    8.0168621694e+01   -9.3638594423e-02    1.8135498017e-02   -1.4548644582e-01    5.0838303780e+01    3.0502982268e+01    3.0502982268e+01
    2.9725364949e+03    2.0852189145e+03   -4.0262501630e+04    8.0373234787e+01    8.0017179983e+01    8.0168621694e+01   -9.3638594423e-02    1.8135498017e-02   -1.4548644582e-01    5.0838303780e+01    3.0502982268e+01    3.0502982268e+01
    2.9725364949e+03    2.0852189145e+03   -4.0262501630e+04    8.0373234787e+01    8.0017179983e+01    8.0168621694e+01   -9.3638594423e-02    1.8135498017e-02   -1.4548644582e-01    5.0838303780e+01    3.0502982268e+01    3.0502982268e+01
    2.9725364949e+03    2.0852189145e+03   -4.0262501630e+04    8.0373234787e+01    8.0017179983e+01    8.0168621694e+01   -9.3638594423e-02    1.8135498017e-02   -1.4548644582e-01    5.0838303780e+01    3.0502982268e+01    3.0502982268e+01
    2.9725364949e+03    2.0852189145e+03   -4.0262501630e+04    8.0373234787e+01    8.0017179983e+01    8.0168621694e+01   -9.3638594423e-02    1.8135498017e-02   -1.4548644582e-01    5.0838303780e+01    3.0502982268e+01    3.0502982268e+01
    2.9725364949e+03    2.0852189145e+03   -4.0262501630e+04    8.0373234787e+01    8.0017179983e+01    8.0168621694e+01   -9.3638594423e-02    1.8135498017e-02   -1.4548644582e-01    5.0838303780e+01    3.0502982268e+01    3.0502982268e+01
    2.9725364949e+03    2.0852189145e+03   -4.0262501630e+04    8.0373234787e+01    8.0017179983e+01    8.0168621694e+01   -9.3638594423e-02    1.8135498017e-02   -1.4548644582e-01    5.0838303780e+01    3.0502982268e+01    3.0502982268e+01
    2.9725364949e+03    2.0852189145e+03   -4.0262501630e+04    8.0373234787e+01    8.0017179983e+01    8.0168621694e+01   -9.3638594423e-02    1.8135498017e-02   -1.4548644582e-01    5.0838303780e+01    3.0502982268e+01    3.0502982268e+01
    2.9725364949e+03    2.0852189145e+03   -4.0262501630e+04    8.0373234787e+01    8.0017179983e+01    8.0168621694e+01   -9.3638594423e-02    1.8135498017e-02   -1.4548644582e-01    5.0838303780e+01    3.0502982268e+01    3.0502982268e+01
    2.9725364949e+03    2.0852189145e+03   -4.0262501630e+04    8.0373234787e+01    8.0017179983e+01    8.0168621694e+01   -9.3638594423e-02    1.8135498017e-02   -1.4548644582e-01    5.0838303780e+01    3.0502982268e+01    3.0502982268e+01
    2.9725364949e+03    2.0852189145e+03   -4.0262501630e+04    8.0373234787e+01    8.0017179983e+01    8.0168621694e+01   -9.3638594423e-02    1.8135498017e-02   -1.4548644582e-01    5.0838303780e+01    3.0502982268e+01    3.0502982268e+01
    2.9725364949e+03    2.0852189145e+03   -4.0262501630e+04    8.0373234787e+01    8.0017179983e+01    8.0168621694e+01   -9.3638594423e-02    1.8135498017e-02   -1.4548644582e-01    5.0838303780e+01    3.0502982268e+01    3.0502982268e+01
    2.9725364949e+03    2.0852189145e+03   -4.0262501630e+04    8.0373234787e+01    8.0017179983e+01    8.0168621694e+01   -9.3638594423e-02    1.8135498017e-02   -1.4548644582e-01    5.0838303780e+01    3.0502982268e+01    3.0502982268e+01
    2.9725364949e+03    2.0852189145e+03   -4.0262501630e+04    8.0373234787e+01    8.0017179983e+01    8.0168621694e+01   -9.3638594423e-02    1.8135498017e-02   -1.4548644582e-01    5.0838303780e+01    3.0502982268e+01    3.0502982268e+01
    2.9725364949e+03    2.0852189145e+03   -4.0262501630e+04    8.0373234787e+01    8.0017179983e+01    8.0168621694e+01   -9.3638594423e-02    1.8135498017e-02   -1.4548644582e-01    5.0838303780e+01    3.0502982268e+01    3.0502982268e+01
    2.9725364949e+03    2.0852189145e+03   -4.0262501630e+04    8.0373234787e+01    8.0017179983e+01    8.0168621694e+01   -9.3638594423e-02    1.8135498017e-02   -1.4548644582e-01    5.0838303780e+01    3.0502982268e+01    3.0502982268e+01
    2.9725364949e+03    2.0852189145e+03   -4.0262501630e+04    8.0373234787e+01    8.0017179983e+01    8.0168621694e+01   -9.3638594423e-02    1.8135498017e-02   -1.4548644582e-01    5.0838303780e+01    3.0502982268e+01    3.0502982268e+01
