    3.9723432208e+03    4.4502068814e+03   -6.3352914855e+04    8.6243371456e+01    8.6213919699e+01    8.5956067394e+01    8.2130108750e-02   -3.2295091867e-01   -8.8889715573e-02    8.1341286048e+01    3.0502982268e+01    3.0502982268e+01
    4.0116739802e+03    4.4942690398e+03   -6.3367872236e+04    8.6129327986e+01    8.6247488183e+01    8.6107217922e+01   -2.6610416083e-01    2.0069475553e-01    2.3341257905e-01    8.1341286048e+01    3.0502982268e+01    3.0502982268e+01
    4.0161323871e+03    4.4992637826e+03   -6.3372484794e+04    8.6363815903e+01    8.5831471223e+01    8.6033401548e+01    1.5722582216e-02    1.5246013709e-01    2.4287435415e-01    8.1341286048e+01    3.0502982268e+01    3.0502982268e+01
    3.9860753759e+03    4.4655909828e+03   -6.3347177242e+04    8.6536337538e+01    8.6301593753e+01    8.6279248853e+01   -3.4980324856e-01   -2.8703305363e-01    2.6742683894e-02    8.1341286048e+01    3.0502982268e+01    3.0502982268e+01
    4.0453206812e+03    4.5319633607e+03   -6.3409611140e+04    8.6617406424e+01    8.5572457726e+01    8.5955971302e+01    3.0170717711e-01    1.1136224574e-02    3.9713262011e-02    8.1341286048e+01    3.0502982268e+01    3.0502982268e+01
    3.9875374520e+03    4.4672289432e+03   -6.3344669981e+04    8.6689251326e+01    8.6148146948e+01    8.6245832021e+01    1.2117486870e-01   -1.1300122934e-01   -1.2617803650e-01    8.1341286048e+01    3.0502982268e+01    3.0502982268e+01
    4.0065275865e+03    4.4885035468e+03   -6.3363673714e+04    8.6703591990e+01    8.6002547481e+01    8.5995884021e+01   -1.4633007179e-01   -6.9176219675e-02    1.9752452645e-01    8.1341286048e+01    3.0502982268e+01    3.0502982268e+01
    4.0337463318e+03    4.5189966440e+03   -6.3395630628e+04    8.6085451866e+01    8.5971922761e+01    8.6021762502e+01   -1.3738637667e-01   -1.2498803847e-02   -6.5545891825e-03    8.1341286048e+01    3.0502982268e+01    3.0502982268e+01
    3.9942285065e+03    4.4747249161e+03   -6.3351635762e+04    8.6387464516e+01    8.6277089050e+01    8.5927723461e+01    9.4968392060e-02    7.9136666949e-02    5.5780138932e-02    8.1341286048e+01    3.0502982268e+01    3.0502982268e+01
    4.0017098325e+03    4.4831062282e+03   -6.3354860489e+04    8.6335236621e+01    8.6649688570e+01    8.5861014140e+01   -1.1972986845e-01    1.1049576997e-01    8.2728737366e-02    8.1341286048e+01    3.0502982268e+01    3.0502982268e+01
    4.0195253187e+03    4.5030648761e+03   -6.3380802118e+04    8.5980762073e+01    8.6143915485e+01    8.6198382070e+01   -6.4728885945e-02    1.1303964707e-01   -1.5517900098e-01    8.1341286048e+01    3.0502982268e+01    3.0502982268e+01
    4.0042399401e+03    4.4859407019e+03   -6.3358831292e+04    8.6494338057e+01    8.6229030933e+01    8.6421955347e+01   -1.7721757614e-01    1.8405217802e-01    8.9631122348e-02    8.1341286048e+01    3.0502982268e+01    3.0502982268e+01
    4.0046222998e+03    4.4863690586e+03   -6.3363954403e+04    8.6186648809e+01    8.5825658464e+01    8.6328144448e+01   -9.9509191762e-02   -2.2181896492e-01    1.1452571731e-01    8.1341286048e+01    3.0502982268e+01    3.0502982268e+01
    4.0404083332e+03    4.5264600687e+03   -6.3403982284e+04    8.6489891132e+01    8.5858389196e+01    8.5490111527e+01    9.8206730747e-02   -9.0015983816e-02   -5.0338938940e-02    8.1341286048e+01    3.0502982268e+01    3.0502982268e+01
    4.0266964424e+03    4.5110986693e+03   -6.3385588531e+04    8.6267953053e+01    8.6369312162e+01    8.6289919595e+01   -2.2356917909e-01    1.1690362713e-01    1.8883970638e-02    8.1341286048e+01    3.0502982268e+01    3.0502982268e+01
    3.9995842331e+03    4.4807249242e+03   -6.3356408068e+04    8.6740888305e+01    8.6246043702e+01    8.5606723497e+01    1.8548329234e-02    1.6765266395e-02   -3.1883904637e-01    8.1341286048e+01    3.0502982268e+01    3.0502982268e+01
    4.0187004131e+03    4.5021407363e+03   -6.3377601079e+04    8.6303381046e+01    8.5927306337e+01    8.6158632128e+01    1.3649360543e-01    2.4319711295e-01    1.1521454306e-01    8.1341286048e+01    3.0502982268e+01    3.0502982268e+01
    4.0075747809e+03    4.4896767163e+03   -6.3365806588e+04    8.6470714899e+01    8.6149606745e+01    8.6019919538e+01    1.1822734631e-02   -2.2907794540e-01   -1.6323365210e-01    8.1341286048e+01    3.0502982268e+01    3.0502982268e+01
    3.9815534102e+03    4.4605250352e+03   -6.3338093935e+04    8.6552067785e+01    8.6146730582e+01    8.6232332503e+01    2.9150668681e-01    2.9451424776e-01    1.3030096640e-02    8.1341286048e+01    3.0502982268e+01    3.0502982268e+01
    3.9662545185e+03    4.4433857223e+03   -6.3322733526e+04    8.6785156689e+01    8.6579111984e+01    8.6649241145e+01    1.7181544680e-01    3.7341648810e-02    9.7381102787e-02    8.1341286048e+01    3.0502982268e+01    3.0502982268e+01
    4.0034492609e+03    4.4850549058e+03   -6.3360493150e+04    8.6938989559e+01    8.6061931838e+01    8.5964202500e+01    1.8622725597e-01    5.2724994369e-02    9.3836468603e-02    8.1341286048e+01    3.0502982268e+01    3.0502982268e+01
    4.0095084828e+03    4.4918430380e+03   -6.3369301094e+04    8.6300357880e+01    8.6379592030e+01    8.5672129309e+01   -2.1612932778e-01    1.4322210299e-01   -6.1761058765e-02    8.1341286048e+01    3.0502982268e+01    3.0502982268e+01
    4.0103298808e+03    4.4927632483e+03   -6.3366886885e+04    8.6739090587e+01    8.6174066196e+01    8.6262612911e+01    6.7081765155e-02    1.6201406094e-01   -5.9421923218e-02    8.1341286048e+01    3.0502982268e+01    3.0502982268e+01
    3.9845758955e+03    4.4639111184e+03   -6.3343386430e+04    8.6395688284e+01    8.6091630288e+01    8.6444263714e+01    1.8799714621e-01   -1.4035613694e-01   -4.0291086980e-02    8.1341286048e+01    3.0502982268e+01    3.0502982268e+01
    4.0027024858e+03    4.4842182954e+03   -6.3361079122e+04    8.6274175521e+01    8.6303013769e+01    8.5956818124e+01    3.0391780137e-01    1.2746431755e-01    1.3681537736e-01    8.1341286048e+01    3.0502982268e+01    3.0502982268e+01
    3.9710389060e+03    4.4487456605e+03   -6.3324831470e+04    8.6068821385e+01    8.6359959824e+01    8.6350419206e+01    2.9132371547e-02    6.6140167736e-02   -2.1286751210e-03    8.1341286048e+01    3.0502982268e+01    3.0502982268e+01
    3.9919248677e+03    4.4721441549e+03   -6.3339990509e+04    8.6603851863e+01    8.6423609083e+01    8.5782613772e+01   -2.6366584497e-01   -6.0030255980e-03    2.3963376411e-02    8.1341286048e+01    3.0502982268e+01    3.0502982268e+01
    3.9964993603e+03    4.4772689483e+03   -6.3353813712e+04    8.6562554146e+01    8.6286212283e+01    8.5942715801e+01   -2.1440090585e-01   -7.5829847694e-02    8.0695303399e-02    8.1341286048e+01    3.0502982268e+01    3.0502982268e+01
    3.9941669544e+03    4.4746559594e+03   -6.3352034858e+04    8.6544482487e+01    8.6051185941e+01    8.6605065936e+01    2.1365278987e-01    7.1358372486e-02   -2.6017119757e-02    8.1341286048e+01    3.0502982268e+01    3.0502982268e+01
    4.0243777532e+03    4.5085010471e+03   -6.3389615317e+04    8.6007941382e+01    8.6198529551e+01    8.6067131689e+01    2.4237401553e-02   -6.0517943297e-02   -6.8617722759e-02    8.1341286048e+01    3.0502982268e+01    3.0502982268e+01
    3.9971191123e+03    4.4779632550e+03   -6.3352319318e+04    8.6822521207e+01    8.6133714594e+01    8.6258349395e+01   -4.8787005940e-03    1.2529812638e-01    3.1696630077e-01    8.1341286048e+01    3.0502982268e+01    3.0502982268e+01
    4.0206949028e+03    4.5043751584e+03   -6.3384414177e+04    8.6636573234e+01    8.6055187862e+01    8.5731971956e+01    7.8982022506e-02   -4.9730133744e-02    1.3665701545e-01    8.1341286048e+01    3.0502982268e+01    3.0502982268e+01
    3.9609618924e+03    4.4374564057e+03   -6.3315242772e+04    8.6570181148e+01    8.5963654230e+01    8.6518423755e+01    2.9549322356e-02    2.9740130191e-02    3.7721214910e-02    8.1341286048e+01    3.0502982268e+01    3.0502982268e+01
    4.0087574518e+03    4.4910016597e+03   -6.3363144003e+04    8.6138921035e+01    8.6164143589e+01    8.6234927160e+01   -1.1646273563e-01    1.7436722446e-03    2.0320147688e-01    8.1341286048e+01    3.0502982268e+01    3.0502982268e+01
    4.0337702934e+03    4.5190234881e+03   -6.3397000198e+04    8.6361431483e+01    8.5843238074e+01    8.5863375083e+01    8.2751366717e-02   -9.4630537256e-02   -2.3910044100e-01    8.1341286048e+01    3.0502982268e+01    3.0502982268e+01
    3.9681994686e+03    4.4455646454e+03   -6.3324282799e+04    8.6418891774e+01    8.6207976845e+01    8.6593209137e+01    1.8878721831e-01   -3.3578501286e-02    2.1438157352e-01    8.1341286048e+01    3.0502982268e+01    3.0502982268e+01
    3.9829277135e+03    4.4620646640e+03   -6.3335511903e+04    8.6540517418e+01    8.6065938480e+01    8.6387697505e+01   -2.5466548551e-01    9.0135081005e-02   -8.9477294483e-02    8.1341286048e+01    3.0502982268e+01    3.0502982268e+01
    3.9653873302e+03    4.4424142133e+03   -6.3317546120e+04    8.6440530841e+01    8.6533000786e+01    8.6483069017e+01    1.9477954549e-01   -4.5125318931e-02    1.8792869945e-01    8.1341286048e+01    3.0502982268e+01    3.0502982268e+01
    3.9631859970e+03    4.4399480648e+03   -6.3319115727e+04    8.6302076345e+01    8.6515068114e+01    8.6489435675e+01    4.6264667031e-02   -1.0857356123e-01    1.9194592238e-01    8.1341286048e+01    3.0502982268e+01    3.0502982268e+01
    4.0390928464e+03    4.5249863319e+03   -6.3397313158e+04    8.6590634701e+01    8.5841900551e+01    8.5885545002e+01    8.9365971205e-02    1.3810338921e-01   -2.4375935842e-02    8.1341286048e+01    3.0502982268e+01    3.0502982268e+01
    4.0208577030e+03    4.5045575431e+03   -6.3378304670e+04    8.6664889971e+01    8.6276522523e+01    8.5607611690e+01    1.6600061124e-01    9.8023266305e-02   -1.0078787894e-01    8.1341286048e+01    3.0502982268e+01    3.0502982268e+01
    3.9903090083e+03    4.4703339113e+03   -6.3343294160e+04    8.6160890035e+01    8.6195283495e+01    8.6584386462e+01   -1.6213341418e-01   -1.7609718993e-01   -2.0130361143e-01    8.1341286048e+01    3.0502982268e+01    3.0502982268e+01
    3.9996350357e+03    4.4807818383e+03   -6.3360341822e+04    8.6356396931e+01    8.6755440586e+01    8.6025142553e+01    3.7729080258e-04    1.2813891729e-01    1.6433326433e-02    8.1341286048e+01    3.0502982268e+01    3.0502982268e+01
    4.0234006499e+03    4.5074064005e+03   -6.3379070910e+04    8.6447569471e+01    8.5976601421e+01    8.6081103720e+01    1.3401528263e-02    9.6196185565e-02    3.8124677540e-02    8.1341286048e+01    3.0502982268e+01    3.0502982268e+01
    3.9829224984e+03    4.4620588215e+03   -6.3339948313e+04    8.6065337303e+01    8.6401368211e+01    8.6250769070e+01   -4.2132567373e-01    1.8510333560e-01   -1.4043245717e-01    8.1341286048e+01    3.0502982268e+01    3.0502982268e+01
    3.9875326615e+03    4.4672235766e+03   -6.3336398975e+04    8.6569708797e+01    8.6303033428e+01    8.6016823827e+01   -1.4721463624e-01   -5.5936947544e-02   -7.4921258889e-03    8.1341286048e+01    3.0502982268e+01    3.0502982268e+01
    4.0254532673e+03    4.5097059431e+03   -6.3380964990e+04    8.6047989616e+01    8.6197616053e+01    8.6152378094e+01   -1.2914507256e-01   -1.4366220095e-01   -1.6313383954e-01    8.1341286048e+01    3.0502982268e+01    3.0502982268e+01
    4.0032662055e+03    4.4848498293e+03   -6.3358871391e+04    8.6139426425e+01    8.6239056351e+01    8.6525274330e+01    1.7411582915e-01   -2.6656557224e-02   -7.1659673007e-03    8.1341286048e+01    3.0502982268e+01    3.0502982268e+01
    3.9594204762e+03    4.4357295606e+03   -6.3306349045e+04    8.6515322405e+01    8.6878103924e+01    8.6199088794e+01    5.7526429968e-02    1.7150732736e-01    1.1200296381e-01    8.1341286048e+01    3.0502982268e+01    3.0502982268e+01
    4.0144610087e+03    4.4973913414e+03   -6.3368216250e+04    8.6427100126e+01    8.6078548498e+01    8.6105817414e+01   -1.5011417497e-01   -1.0087783889e-01   -6.1143959168e-02    8.1341286048e+01    3.0502982268e+01    3.0502982268e+01
    3.9732871970e+03    4.4512644157e+03   -6.3322788656e+04    8.6319361498e+01    8.6150062264e+01    8.6262424109e+01    6.5079213441e-02   -1.2461803799e-01   -5.8663191456e-02    8.1341286048e+01    3.0502982268e+01    3.0502982268e+01
    4.0345672911e+03    4.5199163628e+03   -6.3391975799e+04    8.6265340222e+01    8.6101030398e+01    8.5689186846e+01    1.7662086295e-02   -1.7456875256e-01    1.2598162280e-01    8.1341286048e+01    3.0502982268e+01    3.0502982268e+01
    4.0012315275e+03    4.4825703842e+03   -6.3349537151e+04    8.6472610006e+01    8.5997431630e+01    8.6100658215e+01   -1.4117350361e-01   -3.5956302445e-02    7.0413743438e-02    8.1341286048e+01    3.0502982268e+01    3.0502982268e+01
    4.0337703963e+03    4.5190236034e+03   -6.3389145829e+04    8.6093238298e+01    8.5931432305e+01    8.5444279984e+01    7.2394982988e-03    4.8701579978e-03   -2.4972095916e-03    8.1341286048e+01    3.0502982268e+01    3.0502982268e+01
    4.0284000909e+03    4.5130072628e+03   -6.3387248301e+04    8.6554401261e+01    8.5581379580e+01    8.5911396488e+01   -1.9672782731e-01    1.0808770839e-01   -1.7377226940e-01    8.1341286048e+01    3.0502982268e+01    3.0502982268e+01
    4.0159472359e+03    4.4990563581e+03   -6.3373590368e+04    8.6200232074e+01    8.6099795393e+01    8.6226466273e+01   -1.0161366360e-01   -2.4571203988e-01   -6.3611776226e-02    8.1341286048e+01    3.0502982268e+01    3.0502982268e+01
    4.0070083116e+03    4.4890421021e+03   -6.3355001326e+04    8.6438934345e+01    8.6146702029e+01    8.5919904974e+01    1.3515355765e-01   -2.4347982231e-01   -1.1248980238e-01    8.1341286048e+01    3.0502982268e+01    3.0502982268e+01
    3.9938663875e+03    4.4743192350e+03   -6.3341877909e+04    8.6242505961e+01    8.6186472811e+01    8.6226957661e+01    1.1195197787e-02   -1.3985574135e-01   -6.4514057398e-02    8.1341286048e+01    3.0502982268e+01    3.0502982268e+01
    4.0122327637e+03    4.4948950436e+03   -6.3361803364e+04    8.6678301606e+01    8.6136424467e+01    8.6027598566e+01   -2.7623397202e-01    2.6364951022e-02    3.0341748208e-02    8.1341286048e+01    3.0502982268e+01    3.0502982268e+01
    3.9724452638e+03    4.4503211999e+03   -6.3321002119e+04    8.6135007873e+01    8.6603004090e+01    8.6415074245e+01    1.0837080916e-01    1.3217465026e-01    2.1145310439e-01    8.1341286048e+01    3.0502982268e+01    3.0502982268e+01
    4.0059645587e+03    4.4878727881e+03   -6.3357939636e+04    8.6121960751e+01    8.6323666154e+01    8.6284916911e+01    5.4463719789e-02    8.2664144896e-02    1.8246783026e-01    8.1341286048e+01    3.0502982268e+01    3.0502982268e+01
    3.9926998704e+03    4.4730123887e+03   -6.3339977187e+04    8.6343351685e+01    8.6348506479e+01    8.6152952548e+01   -1.0696916344e-01   -6.8608895028e-02    2.6906982912e-02    8.1341286048e+01    3.0502982268e+01    3.0502982268e+01
    3.9713638880e+03    4.4491097371e+03   -6.3321800214e+04    8.6836458684e+01    8.6096077685e+01    8.6463398043e+01   -5.7495056371e-02    1.8475764898e-01    1.2956253694e-01    8.1341286048e+01    3.0502982268e+01    3.0502982268e+01
    4.0013965467e+03    4.4827552548e+03   -6.3355747984e+04    8.6883262812e+01    8.5788963825e+01    8.6100985654e+01   -1.9869965337e-01   -1.0098123655e-02   -1.7603768179e-01    8.1341286048e+01    3.0502982268e+01    3.0502982268e+01
    3.9623449881e+03    4.4390058845e+03   -6.3309554520e+04    8.6885931876e+01    8.6356092068e+01    8.6366310356e+01    4.4925918599e-02    2.2329506688e-01    6.8332675086e-02    8.1341286048e+01    3.0502982268e+01    3.0502982268e+01
    4.0114524282e+03    4.4940208356e+03   -6.3362444345e+04    8.6263453049e+01    8.6055494112e+01    8.6320696499e+01    8.0054454936e-02   -1.7410433556e-02   -2.2768964956e-01    8.1341286048e+01    3.0502982268e+01    3.0502982268e+01
    4.0075287636e+03    4.4896251632e+03   -6.3354116967e+04    8.6748526842e+01    8.6182434634e+01    8.5731151313e+01   -1.4760698206e-01   -2.2638040822e-01    1.3217711435e-01    8.1341286048e+01    3.0502982268e+01    3.0502982268e+01
    3.9579774466e+03    4.4341129379e+03   -6.3308374543e+04    8.6777537842e+01    8.6144137601e+01    8.6359036943e+01   -1.8145356227e-01    7.5564517028e-02    1.5996676015e-01    8.1341286048e+01    3.0502982268e+01    3.0502982268e+01
    4.0078824511e+03    4.4900213985e+03   -6.3359384302e+04    8.6778392093e+01    8.6159982099e+01    8.6219321516e+01    6.8941828097e-02    1.9017817724e-01    7.6799555774e-02    8.1341286048e+01    3.0502982268e+01    3.0502982268e+01
    4.0117955554e+03    4.4944052402e+03   -6.3359502487e+04    8.6240515038e+01    8.6382945210e+01    8.6319151306e+01   -1.9376918345e-01    1.6053749835e-01    1.0572685521e-01    8.1341286048e+01    3.0502982268e+01    3.0502982268e+01
    4.0176452282e+03    4.5009586150e+03   -6.3372169158e+04    8.6469939203e+01    8.5870953411e+01    8.6268401630e+01   -1.2263498331e-01   -6.9433467595e-02   -1.6594562386e-02    8.1341286048e+01    3.0502982268e+01    3.0502982268e+01
    3.9836007092e+03    4.4628186195e+03   -6.3330228399e+04    8.6872570454e+01    8.5850177088e+01    8.6445079105e+01   -2.2408636351e-01    5.9627187009e-02   -1.2326109457e-01    8.1341286048e+01    3.0502982268e+01    3.0502982268e+01
    4.0185209902e+03    4.5019397291e+03   -6.3378936088e+04    8.6713136252e+01    8.6012587238e+01    8.6090146659e+01    5.7503828114e-02   -2.3427250976e-02   -3.6701845619e-02    8.1341286048e+01    3.0502982268e+01    3.0502982268e+01
    4.0001110884e+03    4.4813151589e+03   -6.3355788045e+04    8.6489975649e+01    8.6296040165e+01    8.5924684369e+01   -6.5777491480e-03    2.4277369264e-01    1.7014336728e-01    8.1341286048e+01    3.0502982268e+01    3.0502982268e+01
    4.0011890443e+03    4.4825227904e+03   -6.3354753812e+04    8.6325437008e+01    8.6152612766e+01    8.6354419979e+01   -1.9572668938e-01   -2.7862200092e-02    2.2694987633e-01    8.1341286048e+01    3.0502982268e+01    3.0502982268e+01
    4.0023037729e+03    4.4837716183e+03   -6.3351533820e+04    8.7033946903e+01    8.6002469978e+01    8.5520234599e+01    1.4682492040e-01   -6.3236232279e-02    1.6996197544e-02    8.1341286048e+01    3.0502982268e+01    3.0502982268e+01
    4.0163700333e+03    4.4995300171e+03   -6.3372463870e+04    8.6603732342e+01    8.5731070152e+01    8.6027435169e+01   -3.3115431283e-02    5.2585729834e-02   -7.1016285852e-02    8.1341286048e+01    3.0502982268e+01    3.0502982268e+01
    3.9987058143e+03    4.4797408336e+03   -6.3347212745e+04    8.6817273901e+01    8.6205004956e+01    8.6275524979e+01    1.2120197794e-01    1.6342404913e-01   -2.2935805433e-02    8.1341286048e+01    3.0502982268e+01    3.0502982268e+01
    3.9856469740e+03    4.4651110452e+03   -6.3334067228e+04    8.6552674325e+01    8.6570565499e+01    8.6171785908e+01   -2.1036256682e-01   -1.7496689171e-01   -3.0768069393e-02    8.1341286048e+01    3.0502982268e+01    3.0502982268e+01
    4.0251542517e+03    4.5093709566e+03   -6.3381945117e+04    8.6117100121e+01    8.6210649252e+01    8.6055435141e+01    1.2527293595e-01   -2.3112597423e-02    2.2223171796e-03    8.1341286048e+01    3.0502982268e+01    3.0502982268e+01
    4.0138259335e+03    4.4966798681e+03   -6.3373334268e+04    8.6690226187e+01    8.6125225317e+01    8.6219217292e+01    1.0167557019e-01    1.5224277281e-02    5.1890439584e-02    8.1341286048e+01    3.0502982268e+01    3.0502982268e+01
    3.9937335789e+03    4.4741704499e+03   -6.3346969020e+04    8.6304916442e+01    8.6219109882e+01    8.6506668491e+01   -1.1797974370e-01   -1.7524332635e-01   -5.6794904845e-02    8.1341286048e+01    3.0502982268e+01    3.0502982268e+01
    3.9689897360e+03    4.4464499801e+03   -6.3324664331e+04    8.5998590633e+01    8.6418128240e+01    8.6277923032e+01    1.7520529699e-01    4.9987211125e-03    3.0226307963e-02    8.1341286048e+01    3.0502982268e+01    3.0502982268e+01
    3.9782418861e+03    4.4568151424e+03   -6.3329349607e+04    8.6420512434e+01    8.5741897905e+01    8.6709069367e+01   -2.4661041224e-01   -2.5491071500e-01    2.1303413370e-01    8.1341286048e+01    3.0502982268e+01    3.0502982268e+01
    3.9596532548e+03    4.4359903420e+03   -6.3312845354e+04    8.6382519262e+01    8.6587520835e+01    8.6485199015e+01    4.6973368696e-02    9.0466604008e-02    1.3936517888e-01    8.1341286048e+01    3.0502982268e+01    3.0502982268e+01
    3.9752036962e+03    4.4534114654e+03   -6.3323517077e+04    8.6582768045e+01    8.6394538368e+01    8.6489786351e+01    2.0827535546e-01    4.4145424482e-02    2.2371645635e-01    8.1341286048e+01    3.0502982268e+01    3.0502982268e+01
    3.9471489015e+03    4.4219817440e+03   -6.3295098949e+04    8.6432261542e+01    8.6574176407e+01    8.6067431299e+01    1.0396911513e-01   -1.0722478277e-01   -9.3633178475e-02    8.1341286048e+01    3.0502982268e+01    3.0502982268e+01
    4.0067090406e+03    4.4887068295e+03   -6.3366472441e+04    8.6620797942e+01    8.5756899710e+01    8.6323207518e+01   -1.0437871289e-01   -3.8390177423e-02   -1.3191059849e-01    8.1341286048e+01    3.0502982268e+01    3.0502982268e+01
    4.0014494906e+03    4.4828145678e+03   -6.3357750809e+04    8.6705593134e+01    8.6095702118e+01    8.5847938710e+01   -9.4439395374e-02   -6.8293904899e-02   -6.3708855676e-03    8.1341286048e+01    3.0502982268e+01    3.0502982268e+01
    4.0201167211e+03    4.5037274228e+03   -6.3386308389e+04    8.6352422075e+01    8.5780182485e+01    8.6162497278e+01    3.5681710964e-02    1.1908753474e-01   -1.2297744136e-02    8.1341286048e+01    3.0502982268e+01    3.0502982268e+01
    3.9997344455e+03    4.4808932068e+03   -6.3356101980e+04    8.6173530081e+01    8.6461708160e+01    8.6215055904e+01   -1.0764780783e-02   -1.2631072203e-01    1.9676323170e-01    8.1341286048e+01    3.0502982268e+01    3.0502982268e+01
    3.9824948277e+03    4.4615797030e+03   -6.3339029662e+04    8.6274556342e+01    8.6765898753e+01    8.6454523055e+01   -2.1359342658e-01   -1.3694651206e-01   -3.9515255310e-02    8.1341286048e+01    3.0502982268e+01    3.0502982268e+01
    3.9963610476e+03    4.4771139969e+03   -6.3355604007e+04    8.5919059137e+01    8.6276120639e+01    8.5826341173e+01   -7.7558332790e-02   -6.6040698538e-02    6.4043228704e-02    8.1341286048e+01    3.0502982268e+01    3.0502982268e+01
    4.0222553500e+03    4.5061233237e+03   -6.3379077182e+04    8.6205334607e+01    8.5970834956e+01    8.6398017849e+01   -1.1140804923e-01    8.9705795980e-02    4.9501100793e-02    8.1341286048e+01    3.0502982268e+01    3.0502982268e+01
    4.0161586809e+03    4.4992932396e+03   -6.3376022377e+04    8.6481126480e+01    8.5877615616e+01    8.5758301472e+01    3.3314490994e-02    9.6894621593e-02   -1.5888068853e-01    8.1341286048e+01    3.0502982268e+01    3.0502982268e+01
    4.0168486621e+03    4.5000662239e+03   -6.3382311362e+04    8.6139318171e+01    8.5971669792e+01    8.6361810793e+01   -1.0772160333e-01    1.1699129886e-01    5.8591790139e-02    8.1341286048e+01    3.0502982268e+01    3.0502982268e+01
    4.0118878181e+03    4.4945086018e+03   -6.3373210375e+04    8.6327740635e+01    8.6177534355e+01    8.6004435148e+01   -1.3389607070e-01    4.0935243010e-02    6.9349129415e-02    8.1341286048e+01    3.0502982268e+01    3.0502982268e+01
    4.0144296912e+03    4.4973562563e+03   -6.3375129688e+04    8.6288317398e+01    8.5948918026e+01    8.6188642533e+01   -8.3251712703e-02   -1.1533601965e-02   -1.1121340374e-02    8.1341286048e+01    3.0502982268e+01    3.0502982268e+01
    3.9855665483e+03    4.4650209444e+03   -6.3341871588e+04    8.6552913257e+01    8.6207015887e+01    8.5920187528e+01    1.5139514602e-01    3.8045625789e-02   -8.9431147664e-02    8.1341286048e+01    3.0502982268e+01    3.0502982268e+01
    3.9931924035e+03    4.4735641723e+03   -6.3350100067e+04    8.6125408478e+01    8.6826023686e+01    8.6057681465e+01   -1.4594812451e-01    1.0231254727e-01    2.9638375541e-01    8.1341286048e+01    3.0502982268e+01    3.0502982268e+01
    3.9931924035e+03    4.4735641723e+03   -6.3350100067e+04    8.6125408478e+01    8.6826023686e+01    8.6057681465e+01   -1.4594812451e-01    1.0231254727e-01    2.9638375541e-01    8.1341286048e+01    3.0502982268e+01    3.0502982268e+01
    3.9931924035e+03    4.4735641723e+03   -6.3350100067e+04    8.6125408478e+01    8.6826023686e+01    8.6057681465e+01   -1.4594812451e-01    1.0231254727e-01    2.9638375541e-01    8.1341286048e+01    3.0502982268e+01    3.0502982268e+01
    3.9931924035e+03    4.4735641723e+03   -6.3350100067e+04    8.6125408478e+01    8.6826023686e+01    8.6057681465e+01   -1.4594812451e-01    1.0231254727e-01    2.9638375541e-01    8.1341286048e+01    3.0502982268e+01    3.0502982268e+01
    3.9931924035e+03    4.4735641723e+03   -6.3350100067e+04    8.6125408478e+01    8.6826023686e+01    8.6057681465e+01   -1.4594812451e-01    1.0231254727e-01    2.9638375541e-01    8.1341286048e+01    3.0502982268e+01    3.0502982268e+01
    3.9931924035e+03    4.4735641723e+03   -6.3350100067e+04    8.6125408478e+01    8.6826023686e+01    8.6057681465e+01   -1.4594812451e-01    1.0231254727e-01    2.9638375541e-01    8.1341286048e+01    3.0502982268e+01    3.0502982268e+01
    3.9931924035e+03    4.4735641723e+03   -6.3350100067e+04    8.6125408478e+01    8.6826023686e+01    8.6057681465e+01   -1.4594812451e-01    1.0231254727e-01    2.9638375541e-01    8.1341286048e+01    3.0502982268e+01    3.0502982268e+01
    3.9931924035e+03    4.4735641723e+03   -6.3350100067e+04    8.6125408478e+01    8.6826023686e+01    8.6057681465e+01   -1.4594812451e-01    1.0231254727e-01    2.9638375541e-01    8.1341286048e+01    3.0502982268e+01    3.0502982268e+01
    3.9931924035e+03    4.4735641723e+03   -6.3350100067e+04    8.6125408478e+01    8.6826023686e+01    8.6057681465e+01   -1.4594812451e-01    1.0231254727e-01    2.9638375541e-01    8.1341286048e+01    3.0502982268e+01    3.0502982268e+01
    3.9931924035e+03    4.4735641723e+03   -6.3350100067e+04    8.6125408478e+01    8.6826023686e+01    8.6057681465e+01   -1.4594812451e-01    1.0231254727e-01    2.9638375541e-01    8.1341286048e+01    3.0502982268e+01    3.0502982268e+01
    3.9931924035e+03    4.4735641723e+03   -6.3350100067e+04    8.6125408478e+01    8.6826023686e+01    8.6057681465e+01   -1.4594812451e-01    1.0231254727e-01    2.9638375541e-01    8.1341286048e+01    3.0502982268e+01    3.0502982268e+01
    3.9931924035e+03    4.4735641723e+03   -6.3350100067e+04    8.6125408478e+01    8.6826023686e+01    8.6057681465e+01   -1.4594812451e-01    1.0231254727e-01    2.9638375541e-01    8.1341286048e+01    3.0502982268e+01    3.0502982268e+01
    3.9931924035e+03    4.4735641723e+03   -6.3350100067e+04    8.6125408478e+01    8.6826023686e+01    8.6057681465e+01   -1.4594812451e-01    1.0231254727e-01    2.9638375541e-01    8.1341286048e+01    3.0502982268e+01    3.0502982268e+01
    3.9931924035e+03    4.4735641723e+03   -6.3350100067e+04    8.6125408478e+01    8.6826023686e+01    8.6057681465e+01   -1.4594812451e-01    1.0231254727e-01    2.9638375541e-01    8.1341286048e+01    3.0502982268e+01    3.0502982268e+01
    3.9931924035e+03    4.4735641723e+03   -6.3350100067e+04    8.6125408478e+01    8.6826023686e+01    8.6057681465e+01   -1.4594812451e-01    1.0231254727e-01    2.9638375541e-01    8.1341286048e+01    3.0502982268e+01    3.0502982268e+01
    3.9931924035e+03    4.4735641723e+03   -6.3350100067e+04    8.6125408478e+01    8.6826023686e+01    8.6057681465e+01   -1.4594812451e-01    1.0231254727e-01    2.9638375541e-01    8.1341286048e+01    3.0502982268e+01    3.0502982268e+01
    3.9931924035e+03    4.4735641723e+03   -6.3350100067e+04    8.6125408478e+01    8.6826023686e+01    8.6057681465e+01   -1.4594812451e-01    1.0231254727e-01    2.9638375541e-01    8.1341286048e+01    3.0502982268e+01    3.0502982268e+01
    3.9931924035e+03    4.4735641723e+03   -6.3350100067e+04    8.6125408478e+01    8.6826023686e+01    8.6057681465e+01   -1.4594812451e-01    1.0231254727e-01    2.9638375541e-01    8.1341286048e+01    3.0502982268e+01    3.0502982268e+01
    3.9931924035e+03    4.4735641723e+03   -6.3350100067e+04    8.6125408478e+01    8.6826023686e+01    8.6057681465e+01   -1.4594812451e-01    1.0231254727e-01    2.9638375541e-01    8.1341286048e+01    3.0502982268e+01    3.0502982268e+01
    3.9931924035e+03    4.4735641723e+03   -6.3350100067e+04    8.6125408478e+01    8.6826023686e+01    8.6057681465e+01   -1.4594812451e-01    1.0231254727e-01    2.9638375541e-01    8.1341286048e+01    3.0502982268e+01    3.0502982268e+01
    3.9931924035e+03    4.4735641723e+03   -6.3350100067e+04    8.6125408478e+01    8.6826023686e+01    8.6057681465e+01   -1.4594812451e-01    1.0231254727e-01    2.9638375541e-01    8.1341286048e+01    3.0502982268e+01    3.0502982268e+01
    3.9931924035e+03    4.4735641723e+03   -6.3350100067e+04    8.6125408478e+01    8.6826023686e+01    8.6057681465e+01   -1.4594812451e-01    1.0231254727e-01    2.9638375541e-01    8.1341286048e+01    3.0502982268e+01    3.0502982268e+01
    3.9931924035e+03    4.4735641723e+03   -6.3350100067e+04    8.6125408478e+01    8.6826023686e+01    8.6057681465e+01   -1.4594812451e-01    1.0231254727e-01    2.9638375541e-01    8.1341286048e+01    3.0502982268e+01    3.0502982268e+01
    3.9931924035e+03    4.4735641723e+03   -6.3350100067e+04    8.6125408478e+01    8.6826023686e+01    8.6057681465e+01   -1.4594812451e-01    1.0231254727e-01    2.9638375541e-01    8.1341286048e+01    3.0502982268e+01    3.0502982268e+01
    3.9931924035e+03    4.4735641723e+03   -6.3350100067e+04    8.6125408478e+01    8.6826023686e+01    8.6057681465e+01   -1.4594812451e-01    1.0231254727e-01    2.9638375541e-01    8.1341286048e+01    3.0502982268e+01    3.0502982268e+01
    3.9931924035e+03    4.4735641723e+03   -6.3350100067e+04    8.6125408478e+01    8.6826023686e+01    8.6057681465e+01   -1.4594812451e-01    1.0231254727e-01    2.9638375541e-01    8.1341286048e+01    3.0502982268e+01    3.0502982268e+01
    3.9931924035e+03    4.4735641723e+03   -6.3350100067e+04    8.6125408478e+01    8.6826023686e+01    8.6057681465e+01   -1.4594812451e-01    1.0231254727e-01    2.9638375541e-01    8.1341286048e+01    3.0502982268e+01    3.0502982268e+01
    3.9931924035e+03    4.4735641723e+03   -6.3350100067e+04    8.6125408478e+01    8.6826023686e+01    8.6057681465e+01   -1.4594812451e-01    1.0231254727e-01    2.9638375541e-01    8.1341286048e+01    3.0502982268e+01    3.0502982268e+01
    3.9931924035e+03    4.4735641723e+03   -6.3350100067e+04    8.6125408478e+01    8.6826023686e+01    8.6057681465e+01   -1.4594812451e-01    1.0231254727e-01    2.9638375541e-01    8.1341286048e+01    3.0502982268e+01    3.0502982268e+01
    3.9931924035e+03    4.4735641723e+03   -6.3350100067e+04    8.6125408478e+01    8.6826023686e+01    8.6057681465e+01   -1.4594812451e-01    1.0231254727e-01    2.9638375541e-01    8.1341286048e+01    3.0502982268e+01    3.0502982268e+01
    3.9931924035e+03    4.4735641723e+03   -6.3350100067e+04    8.6125408478e+01    8.6826023686e+01    8.6057681465e+01   -1.4594812451e-01    1.0231254727e-01    2.9638375541e-01    8.1341286048e+01    3.0502982268e+01    3.0502982268e+01
