    2.9743279858e+03    3.3321327323e+03   -6.1639184304e+04    1.2049403449e+02    1.1959120698e+02    1.1992243859e+02   -6.4662483469e-02    2.1800102632e-02   -4.4587912902e-02    7.9271556718e+01    2.9726833769e+01    2.9726833769e+01
    3.0102601463e+03    3.3723874482e+03   -6.1654629959e+04    1.2013775402e+02    1.1965215318e+02    1.1976787742e+02    2.5824279840e-01   -2.6474809521e-02    8.4417031682e-02    7.9271556718e+01    2.9726833769e+01    2.9726833769e+01
    3.0226964706e+03    3.3863198334e+03   -6.1669611609e+04    1.2048037020e+02    1.1958515953e+02    1.1938352507e+02   -2.4513940227e-02    1.6473042411e-01    8.0527106359e-02    7.9271556718e+01    2.9726833769e+01    2.9726833769e+01
    2.9814273449e+03    3.3400861278e+03   -6.1622017540e+04    1.2007454960e+02    1.1961249889e+02    1.1991685366e+02   -1.6322070007e-01    4.1127088447e-03   -2.5667658548e-01    7.9271556718e+01    2.9726833769e+01    2.9726833769e+01
    2.9752590561e+03    3.3331758081e+03   -6.1614526381e+04    1.1986282785e+02    1.2003214750e+02    1.2001713599e+02    1.0363368188e-01    6.0061198185e-03    1.2241695701e-01    7.9271556718e+01    2.9726833769e+01    2.9726833769e+01
    2.9919878491e+03    3.3519170361e+03   -6.1634389913e+04    1.2025262473e+02    1.1970181165e+02    1.2010762114e+02   -7.3858752904e-02   -1.9738225071e-01    2.0991862997e-02    7.9271556718e+01    2.9726833769e+01    2.9726833769e+01
    2.9960905369e+03    3.3565132677e+03   -6.1641317353e+04    1.1991913440e+02    1.1993861545e+02    1.2002438479e+02   -2.0831964515e-01    9.0077006653e-02    1.0914406093e-01    7.9271556718e+01    2.9726833769e+01    2.9726833769e+01
    2.9830395666e+03    3.3418922960e+03   -6.1622992476e+04    1.1962517960e+02    1.2015562516e+02    1.2003660018e+02    3.2761700195e-03   -2.5284498121e-02   -8.7962384683e-02    7.9271556718e+01    2.9726833769e+01    2.9726833769e+01
    3.0164723063e+03    3.3793469166e+03   -6.1664279762e+04    1.2011018774e+02    1.1998644287e+02    1.1943987893e+02    1.0488161693e-01   -1.5403486204e-01   -7.9153840377e-02    7.9271556718e+01    2.9726833769e+01    2.9726833769e+01
    3.0067398041e+03    3.3684436170e+03   -6.1651833308e+04    1.1988915954e+02    1.1986651539e+02    1.1965937437e+02   -2.2324648031e-01    2.0677160596e-01    5.2661815761e-03    7.9271556718e+01    2.9726833769e+01    2.9726833769e+01
    3.0159959892e+03    3.3788132997e+03   -6.1660765399e+04    1.2058996681e+02    1.1986074270e+02    1.1933755060e+02    2.0961006403e-01   -4.3965965637e-02   -2.0891205454e-01    7.9271556718e+01    2.9726833769e+01    2.9726833769e+01
    3.0180885254e+03    3.3811575631e+03   -6.1663398445e+04    1.2037200666e+02    1.2005129014e+02    1.1939045219e+02   -8.1323253659e-02    8.4389651805e-02    1.8422804977e-02    7.9271556718e+01    2.9726833769e+01    2.9726833769e+01
    3.0082351451e+03    3.3701188440e+03   -6.1652839088e+04    1.1984086922e+02    1.1954786150e+02    1.1995499868e+02    4.7598143494e-02    9.3761075969e-02    1.9230806681e-02    7.9271556718e+01    2.9726833769e+01    2.9726833769e+01
    2.9468020249e+03    3.3012954622e+03   -6.1585330915e+04    1.1995296096e+02    1.2020777743e+02    1.1994790842e+02   -4.0370110409e-02   -3.2474246579e-01   -1.2750230305e-01    7.9271556718e+01    2.9726833769e+01    2.9726833769e+01
    2.9778561718e+03    3.3360853509e+03   -6.1621164084e+04    1.2047296402e+02    1.1958712149e+02    1.2001266313e+02   -1.2192111620e-01    1.0006061460e-01    5.5125819686e-02    7.9271556718e+01    2.9726833769e+01    2.9726833769e+01
    2.9590594710e+03    3.3150274506e+03   -6.1595080984e+04    1.2031127988e+02    1.2032268534e+02    1.1996782502e+02    1.4335160326e-01   -4.9494374864e-02   -2.7506113075e-02    7.9271556718e+01    2.9726833769e+01    2.9726833769e+01
    2.9834861825e+03    3.3423926387e+03   -6.1625245280e+04    1.2017181419e+02    1.2006102960e+02    1.1973590287e+02   -1.8851890658e-02    1.2941855354e-01   -5.3279126558e-02    7.9271556718e+01    2.9726833769e+01    2.9726833769e+01
    3.0118331303e+03    3.3741496585e+03   -6.1657910120e+04    1.2015723649e+02    1.1985550627e+02    1.1957351645e+02   -1.7912615725e-02   -2.0076326623e-01    5.4636769661e-03    7.9271556718e+01    2.9726833769e+01    2.9726833769e+01
    3.0355880627e+03    3.4007622541e+03   -6.1679512104e+04    1.1986587457e+02    1.1990159146e+02    1.1942139840e+02    4.4206459129e-02   -3.4709549530e-02   -1.9732338753e-01    7.9271556718e+01    2.9726833769e+01    2.9726833769e+01
    3.0369364343e+03    3.4022728317e+03   -6.1685866839e+04    1.1978504520e+02    1.1992907779e+02    1.1972711400e+02    9.8722764983e-02    2.0659892825e-02    8.8963845548e-02    7.9271556718e+01    2.9726833769e+01    2.9726833769e+01
    2.9906654657e+03    3.3504355731e+03   -6.1636311505e+04    1.2008656022e+02    1.2016203910e+02    1.1961944014e+02    3.9114627631e-02    4.0003597547e-02    1.5987915370e-01    7.9271556718e+01    2.9726833769e+01    2.9726833769e+01
    2.9818657468e+03    3.3405772685e+03   -6.1623613609e+04    1.2010706960e+02    1.1969586888e+02    1.1987244707e+02    4.0296474778e-02   -9.6709336125e-02    3.2465616897e-01    7.9271556718e+01    2.9726833769e+01    2.9726833769e+01
    2.9667057225e+03    3.3235935284e+03   -6.1605230198e+04    1.2052851752e+02    1.2013138122e+02    1.1953674038e+02   -1.5578780515e-01    3.0026013746e-02    1.8503947288e-02    7.9271556718e+01    2.9726833769e+01    2.9726833769e+01
    2.9864619804e+03    3.3457264183e+03   -6.1630118432e+04    1.1988486336e+02    1.1984067157e+02    1.2021892392e+02   -1.4546574128e-01   -1.0592207560e-01   -8.1543347078e-02    7.9271556718e+01    2.9726833769e+01    2.9726833769e+01
    2.9911963095e+03    3.3510302761e+03   -6.1632758197e+04    1.1962408354e+02    1.1998703828e+02    1.1999766911e+02    1.9732776881e-03    9.8221931845e-02    7.4224457088e-02    7.9271556718e+01    2.9726833769e+01    2.9726833769e+01
    3.0117551638e+03    3.3740623128e+03   -6.1655835790e+04    1.2005845744e+02    1.1965198730e+02    1.1963793893e+02   -2.0121023334e-02    2.7997916035e-02   -1.1685308207e-01    7.9271556718e+01    2.9726833769e+01    2.9726833769e+01
    3.0352558199e+03    3.4003900432e+03   -6.1681633013e+04    1.1991672232e+02    1.2014066566e+02    1.1920678296e+02    9.6147763960e-02    1.9427073893e-01    1.7504847518e-01    7.9271556718e+01    2.9726833769e+01    2.9726833769e+01
    2.9888600147e+03    3.3484129305e+03   -6.1628706185e+04    1.2009625908e+02    1.1980787912e+02    1.2003780750e+02    1.6284999569e-01   -7.4282118902e-02   -1.1974976362e-01    7.9271556718e+01    2.9726833769e+01    2.9726833769e+01
    2.9846579271e+03    3.3437053416e+03   -6.1628613776e+04    1.1994089578e+02    1.1978928029e+02    1.2019402967e+02   -3.0335120095e-01   -1.6320642949e-01    1.6692046036e-01    7.9271556718e+01    2.9726833769e+01    2.9726833769e+01
    2.9826060451e+03    3.3414066229e+03   -6.1623478094e+04    1.2026566996e+02    1.1982204593e+02    1.1990567453e+02   -5.5759180649e-02    5.5228787453e-02    1.5638600323e-01    7.9271556718e+01    2.9726833769e+01    2.9726833769e+01
    3.0220281609e+03    3.3855711276e+03   -6.1666503414e+04    1.1986661429e+02    1.1957543274e+02    1.1999669439e+02   -4.9672840651e-02    5.5596849455e-02   -6.7243399127e-02    7.9271556718e+01    2.9726833769e+01    2.9726833769e+01
    2.9884643487e+03    3.3479696668e+03   -6.1632526952e+04    1.1981665312e+02    1.2032368836e+02    1.1982118518e+02   -1.2659581181e-01   -1.4052520611e-02    1.2243981210e-01    7.9271556718e+01    2.9726833769e+01    2.9726833769e+01
    3.0277606256e+03    3.3919931945e+03   -6.1675560698e+04    1.1996967713e+02    1.1927173047e+02    1.1983093422e+02   -5.8651664325e-02    5.7433473505e-02    1.5922517822e-01    7.9271556718e+01    2.9726833769e+01    2.9726833769e+01
    3.0040867389e+03    3.3654713942e+03   -6.1648696435e+04    1.1961495397e+02    1.1994289683e+02    1.2014063212e+02    1.7596762176e-01   -2.2372445304e-01    1.5737433530e-01    7.9271556718e+01    2.9726833769e+01    2.9726833769e+01
    2.9933230223e+03    3.3534128276e+03   -6.1637383978e+04    1.2016585443e+02    1.1975889380e+02    1.1996410482e+02   -5.9155499677e-02    1.7091314272e-01   -8.4423594963e-02    7.9271556718e+01    2.9726833769e+01    2.9726833769e+01
    3.0236179049e+03    3.3873521141e+03   -6.1667407133e+04    1.1981387562e+02    1.1968637130e+02    1.1969644280e+02   -1.0732677018e-01    1.3539168548e-01   -2.6181441959e-02    7.9271556718e+01    2.9726833769e+01    2.9726833769e+01
    3.0091687316e+03    3.3711647388e+03   -6.1655204270e+04    1.2046349558e+02    1.1992120232e+02    1.1922491558e+02   -1.0529206418e-01   -8.7605344745e-02   -1.3446148222e-01    7.9271556718e+01    2.9726833769e+01    2.9726833769e+01
    3.0125081364e+03    3.3749058663e+03   -6.1655876358e+04    1.1962958699e+02    1.1989994448e+02    1.1993428801e+02   -3.9648590218e-01   -1.7197406178e-01   -2.0121314526e-01    7.9271556718e+01    2.9726833769e+01    2.9726833769e+01
    2.9983019627e+03    3.3589907229e+03   -6.1640582907e+04    1.2002934048e+02    1.2000436350e+02    1.1999497845e+02    1.5256184147e-02    1.4702077370e-01    1.9549159685e-01    7.9271556718e+01    2.9726833769e+01    2.9726833769e+01
    3.0016218151e+03    3.3627099459e+03   -6.1648947154e+04    1.1993993377e+02    1.2012941099e+02    1.1973312750e+02   -1.4561138047e-02    2.0599491441e-01    1.0689517122e-02    7.9271556718e+01    2.9726833769e+01    2.9726833769e+01
    2.9885931704e+03    3.3481139855e+03   -6.1631253195e+04    1.1988180856e+02    1.2010874168e+02    1.1981043430e+02    4.4205409834e-02    2.4988870884e-01    1.4218512781e-01    7.9271556718e+01    2.9726833769e+01    2.9726833769e+01
    3.0043236783e+03    3.3657368369e+03   -6.1650525307e+04    1.1977433244e+02    1.1985385747e+02    1.2007517138e+02    9.5365601857e-02   -3.6631563001e-02    4.3988135080e-02    7.9271556718e+01    2.9726833769e+01    2.9726833769e+01
    2.9795226143e+03    3.3379522626e+03   -6.1621359133e+04    1.2017553126e+02    1.1997336819e+02    1.1976779119e+02   -2.4144752489e-01   -2.4645676134e-01   -3.5265725987e-03    7.9271556718e+01    2.9726833769e+01    2.9726833769e+01
    3.0189462886e+03    3.3821185132e+03   -6.1668775882e+04    1.1998023277e+02    1.1922189514e+02    1.1972663733e+02    8.7407434400e-02    9.3453605103e-02    5.9405201387e-02    7.9271556718e+01    2.9726833769e+01    2.9726833769e+01
    2.9955197680e+03    3.3558738366e+03   -6.1637012335e+04    1.1996120762e+02    1.1971028253e+02    1.2002127194e+02    4.1573760336e-02   -2.3880414100e-02    3.9942949079e-02    7.9271556718e+01    2.9726833769e+01    2.9726833769e+01
    2.9745872030e+03    3.3324231327e+03   -6.1615234010e+04    1.2035736134e+02    1.1975941977e+02    1.1971191328e+02   -4.7643106919e-02    5.9392699558e-02    1.1755395787e-01    7.9271556718e+01    2.9726833769e+01    2.9726833769e+01
    3.0183225777e+03    3.3814197714e+03   -6.1665398963e+04    1.2017057905e+02    1.1975886947e+02    1.1937552265e+02   -1.1760219598e-02   -1.3698543419e-01   -4.5462165178e-02    7.9271556718e+01    2.9726833769e+01    2.9726833769e+01
    3.0078638144e+03    3.3697028432e+03   -6.1652831712e+04    1.2033404593e+02    1.1964619509e+02    1.1992724254e+02   -3.6145651643e-02   -2.3193040277e-02   -5.9811854764e-03    7.9271556718e+01    2.9726833769e+01    2.9726833769e+01
    2.9937478258e+03    3.3538887340e+03   -6.1636448085e+04    1.2032280007e+02    1.1968051033e+02    1.1940607480e+02   -5.5317135456e-02   -1.6026563177e-02   -1.9449992789e-02    7.9271556718e+01    2.9726833769e+01    2.9726833769e+01
    2.9703188478e+03    3.3276413043e+03   -6.1611411899e+04    1.2011227714e+02    1.1978298980e+02    1.1992566994e+02   -6.2817686693e-02    1.5742152713e-01   -9.9793040924e-02    7.9271556718e+01    2.9726833769e+01    2.9726833769e+01
    3.0118733585e+03    3.3741947261e+03   -6.1659401237e+04    1.2020543113e+02    1.1978209156e+02    1.1957827912e+02    3.8620694200e-02   -1.0756613423e-01   -3.2213031462e-02    7.9271556718e+01    2.9726833769e+01    2.9726833769e+01
    3.0170204400e+03    3.3799609895e+03   -6.1661636544e+04    1.2019386798e+02    1.1960624923e+02    1.1981906506e+02    1.3138760311e-01   -4.6058767499e-02   -1.4513659389e-01    7.9271556718e+01    2.9726833769e+01    2.9726833769e+01
    3.0016802291e+03    3.3627753869e+03   -6.1645179698e+04    1.1996434099e+02    1.1975328570e+02    1.2008721018e+02    2.9347026167e-03    5.6152568257e-02   -2.5965929111e-01    7.9271556718e+01    2.9726833769e+01    2.9726833769e+01
    3.0071154023e+03    3.3688643988e+03   -6.1652835602e+04    1.2050432486e+02    1.1977239480e+02    1.1951237351e+02    1.0497793987e-01   -1.8145328457e-02   -8.1341807203e-02    7.9271556718e+01    2.9726833769e+01    2.9726833769e+01
    2.9762411246e+03    3.3342760172e+03   -6.1615558041e+04    1.2027413540e+02    1.2009225153e+02    1.1989442642e+02   -4.5513297285e-03    3.0272118799e-02    2.5633420148e-03    7.9271556718e+01    2.9726833769e+01    2.9726833769e+01
    2.9744032955e+03    3.3322171016e+03   -6.1609226180e+04    1.1998367485e+02    1.2030448715e+02    1.1973584136e+02   -5.3921417068e-02    2.9829868869e-01   -1.2773478294e-02    7.9271556718e+01    2.9726833769e+01    2.9726833769e+01
    2.9937267286e+03    3.3538650988e+03   -6.1637536806e+04    1.1985234745e+02    1.1991738970e+02    1.2015951749e+02    1.0118058521e-01    3.3335426116e-01   -6.8820792314e-02    7.9271556718e+01    2.9726833769e+01    2.9726833769e+01
    2.9983676038e+03    3.3590642605e+03   -6.1639646592e+04    1.1996369993e+02    1.2028449341e+02    1.1938900942e+02    4.2156801479e-02    6.3753731584e-02    1.0200947109e-01    7.9271556718e+01    2.9726833769e+01    2.9726833769e+01
    3.0075742585e+03    3.3693784543e+03   -6.1647217539e+04    1.1998991924e+02    1.1977008786e+02    1.1988900829e+02    4.3873914917e-02   -1.6692271825e-01    1.1686108008e-01    7.9271556718e+01    2.9726833769e+01    2.9726833769e+01
    2.9962311876e+03    3.3566708383e+03   -6.1636853240e+04    1.1985653801e+02    1.1995679917e+02    1.1961878704e+02   -2.4598724928e-02    4.5105609133e-02    1.1659173952e-01    7.9271556718e+01    2.9726833769e+01    2.9726833769e+01
    3.0037231418e+03    3.3650640573e+03   -6.1643257133e+04    1.1990316285e+02    1.1995894730e+02    1.1981889301e+02    8.8007785310e-02   -1.2691078849e-01   -6.2841204032e-03    7.9271556718e+01    2.9726833769e+01    2.9726833769e+01
    3.0154564323e+03    3.3782088354e+03   -6.1660429727e+04    1.1954945143e+02    1.1997574199e+02    1.1976001228e+02   -1.0915581418e-01   -7.9639613267e-02   -2.6569421459e-02    7.9271556718e+01    2.9726833769e+01    2.9726833769e+01
    2.9665094777e+03    3.3233736758e+03   -6.1608191128e+04    1.2006193894e+02    1.2004007947e+02    1.1992449501e+02    1.9191829651e-02   -1.7137579581e-01   -2.7372790174e-01    7.9271556718e+01    2.9726833769e+01    2.9726833769e+01
    3.0096282613e+03    3.3716795489e+03   -6.1651918530e+04    1.2000024684e+02    1.1983827597e+02    1.1997024658e+02   -1.0581586111e-01    9.8776089649e-02    1.3248989007e-01    7.9271556718e+01    2.9726833769e+01    2.9726833769e+01
    3.0145285016e+03    3.3771692768e+03   -6.1664028170e+04    1.2002617008e+02    1.1943739363e+02    1.2019295272e+02   -2.2720712893e-01    8.2161208639e-02    5.3762055256e-02    7.9271556718e+01    2.9726833769e+01    2.9726833769e+01
    2.9682737300e+03    3.3253501636e+03   -6.1607694298e+04    1.2031933139e+02    1.2005799853e+02    1.1962108440e+02    2.0383943797e-01    3.1755138101e-01   -1.6800599904e-01    7.9271556718e+01    2.9726833769e+01    2.9726833769e+01
    3.0016455999e+03    3.3627365919e+03   -6.1650037457e+04    1.2025629259e+02    1.1953801525e+02    1.1943251481e+02    1.9979911173e-01    1.2290950863e-01    1.3890268962e-01    7.9271556718e+01    2.9726833769e+01    2.9726833769e+01
    3.0217304618e+03    3.3852376160e+03   -6.1668084544e+04    1.1986551718e+02    1.1973584963e+02    1.1951643737e+02    5.5755396750e-02    8.5259204770e-02   -9.7279459039e-03    7.9271556718e+01    2.9726833769e+01    2.9726833769e+01
    3.0066603762e+03    3.3683546342e+03   -6.1652000722e+04    1.2023251418e+02    1.1962382849e+02    1.1956313479e+02   -3.1375268763e-02   -4.3570172949e-02    1.5368470491e-02    7.9271556718e+01    2.9726833769e+01    2.9726833769e+01
    2.9875892255e+03    3.3469892683e+03   -6.1632656116e+04    1.2008911415e+02    1.1970094657e+02    1.2007248378e+02   -1.0691679308e-01    1.0521639622e-01   -1.1071029567e-01    7.9271556718e+01    2.9726833769e+01    2.9726833769e+01
    3.0067703858e+03    3.3684778776e+03   -6.1649396933e+04    1.1984353694e+02    1.1970506923e+02    1.1989300038e+02    5.2383913327e-02   -4.4228107029e-02   -2.9886353898e-02    7.9271556718e+01    2.9726833769e+01    2.9726833769e+01
    2.9922506328e+03    3.3522114321e+03   -6.1632104524e+04    1.2002193071e+02    1.1996327172e+02    1.1992507393e+02    4.0274591887e-02    1.0064168059e-01    5.3814021328e-02    7.9271556718e+01    2.9726833769e+01    2.9726833769e+01
    3.0045744971e+03    3.3660178286e+03   -6.1648954386e+04    1.1988454216e+02    1.1972845344e+02    1.1993195939e+02    1.1598377370e-01   -3.0355698469e-02   -1.0680038044e-01    7.9271556718e+01    2.9726833769e+01    2.9726833769e+01
    3.0193407565e+03    3.3825604347e+03   -6.1665637883e+04    1.2003179434e+02    1.1984567201e+02    1.1984240985e+02   -4.6351398635e-02   -1.0508111661e-01   -3.9602218695e-02    7.9271556718e+01    2.9726833769e+01    2.9726833769e+01
    2.9953487220e+03    3.3556822142e+03   -6.1639137465e+04    1.2020330380e+02    1.1997331502e+02    1.1997751937e+02    1.1558660690e-01   -2.7644562025e-01   -4.2857864064e-02    7.9271556718e+01    2.9726833769e+01    2.9726833769e+01
    3.0258273853e+03    3.3898273899e+03   -6.1675610673e+04    1.1996983413e+02    1.1960616120e+02    1.1974703540e+02    8.1378432619e-02   -2.2928868442e-01   -6.5695689734e-02    7.9271556718e+01    2.9726833769e+01    2.9726833769e+01
    3.0170123796e+03    3.3799519594e+03   -6.1663172288e+04    1.1998860788e+02    1.2006892098e+02    1.1953421332e+02   -3.9774932867e-02    1.7224825930e-02    4.8580166019e-02    7.9271556718e+01    2.9726833769e+01    2.9726833769e+01
    2.9889508976e+03    3.3485147464e+03   -6.1630302711e+04    1.1991133366e+02    1.2022854207e+02    1.1974609623e+02    9.0170980948e-02    6.1582836500e-02   -9.4313623823e-02    7.9271556718e+01    2.9726833769e+01    2.9726833769e+01
    3.0208883315e+03    3.3842941793e+03   -6.1664829868e+04    1.1992184777e+02    1.1967221276e+02    1.2008112551e+02   -8.4308031487e-02    1.9280084611e-01    1.7787873281e-01    7.9271556718e+01    2.9726833769e+01    2.9726833769e+01
    3.0401993200e+03    3.4059282349e+03   -6.1688398631e+04    1.1971785643e+02    1.1998199047e+02    1.1956234997e+02   -8.5135487844e-02   -1.9298947512e-01   -1.7470680313e-01    7.9271556718e+01    2.9726833769e+01    2.9726833769e+01
    3.0000623862e+03    3.3609629213e+03   -6.1642693090e+04    1.1982402777e+02    1.1989576170e+02    1.1984816163e+02   -8.9748939041e-02    1.1308821880e-01   -1.9329572674e-01    7.9271556718e+01    2.9726833769e+01    2.9726833769e+01
    3.0182876374e+03    3.3813806278e+03   -6.1659904466e+04    1.1964505402e+02    1.1971582477e+02    1.2004283617e+02   -5.2393686170e-03   -2.8494923294e-01   -8.5096021016e-02    7.9271556718e+01    2.9726833769e+01    2.9726833769e+01
    3.0000764776e+03    3.3609787078e+03   -6.1646890293e+04    1.1985157864e+02    1.1967072644e+02    1.2005209777e+02   -1.3864197574e-01   -1.6224318026e-01   -1.3719218381e-01    7.9271556718e+01    2.9726833769e+01    2.9726833769e+01
    2.9957899619e+03    3.3561765343e+03   -6.1637985534e+04    1.2028355141e+02    1.1947107379e+02    1.2003885010e+02   -2.5919573447e-01   -2.6480995639e-01   -3.7882588412e-03    7.9271556718e+01    2.9726833769e+01    2.9726833769e+01
    2.9850975210e+03    3.3441978176e+03   -6.1628931968e+04    1.2015361235e+02    1.1954674758e+02    1.2003938308e+02    9.4699243884e-02    3.1378953623e-02   -1.0598152504e-01    7.9271556718e+01    2.9726833769e+01    2.9726833769e+01
    2.9589549175e+03    3.3149103196e+03   -6.1597259029e+04    1.2052972484e+02    1.1972966080e+02    1.2002929979e+02   -8.5368696831e-02    2.6087182397e-02   -2.7970771309e-01    7.9271556718e+01    2.9726833769e+01    2.9726833769e+01
    3.0150359909e+03    3.3777378158e+03   -6.1662460927e+04    1.1993229585e+02    1.1966708061e+02    1.1995342191e+02   -2.8416229838e-02   -5.0193843686e-02    8.4451544629e-02    7.9271556718e+01    2.9726833769e+01    2.9726833769e+01
    3.0287809448e+03    3.3931362558e+03   -6.1674622450e+04    1.2039309945e+02    1.1990065064e+02    1.1918595974e+02    7.2131315935e-02    5.7970546483e-02    2.3584228132e-02    7.9271556718e+01    2.9726833769e+01    2.9726833769e+01
    3.0118210489e+03    3.3741361237e+03   -6.1656438998e+04    1.1996156759e+02    1.1960820619e+02    1.1976629030e+02   -1.0918067017e-01    2.4752561699e-01   -2.1294458463e-01    7.9271556718e+01    2.9726833769e+01    2.9726833769e+01
    3.0262392899e+03    3.3902888457e+03   -6.1676392581e+04    1.1984527250e+02    1.1969279326e+02    1.1966137585e+02    3.6465827626e-01    9.2450104464e-02    1.5571144796e-01    7.9271556718e+01    2.9726833769e+01    2.9726833769e+01
    3.0254769802e+03    3.3894348319e+03   -6.1670561212e+04    1.2010173869e+02    1.1977123116e+02    1.1984695409e+02   -9.2659333678e-02    1.8477847425e-01   -5.2057043275e-02    7.9271556718e+01    2.9726833769e+01    2.9726833769e+01
    2.9917497940e+03    3.3516503436e+03   -6.1635948524e+04    1.2015770143e+02    1.1998822680e+02    1.1964021847e+02    3.0835153899e-03   -9.3942161261e-03   -5.9595215369e-04    7.9271556718e+01    2.9726833769e+01    2.9726833769e+01
    2.9704087865e+03    3.3277420624e+03   -6.1608581009e+04    1.2067247651e+02    1.2015850346e+02    1.1963791766e+02    2.0761372598e-01    7.8688881656e-02    1.4981770944e-01    7.9271556718e+01    2.9726833769e+01    2.9726833769e+01
    2.9877534260e+03    3.3471732217e+03   -6.1627568939e+04    1.2006514955e+02    1.1971980212e+02    1.2028420339e+02   -1.4790989718e-01    5.9319401759e-02    7.0771673281e-03    7.9271556718e+01    2.9726833769e+01    2.9726833769e+01
    3.0084404549e+03    3.3703488522e+03   -6.1651569934e+04    1.2007255844e+02    1.1978054185e+02    1.1963917964e+02   -8.7113012253e-02   -5.7073150571e-02    6.6432573208e-02    7.9271556718e+01    2.9726833769e+01    2.9726833769e+01
    3.0075521106e+03    3.3693536421e+03   -6.1650622429e+04    1.2030657577e+02    1.1993803579e+02    1.1949221847e+02   -9.5433281799e-02    9.9153373135e-02   -9.9884890852e-02    7.9271556718e+01    2.9726833769e+01    2.9726833769e+01
    2.9872177300e+03    3.3465730828e+03   -6.1629717237e+04    1.2010216831e+02    1.2002697101e+02    1.1995069687e+02    9.5092020273e-02   -8.0889428284e-02    4.3044351589e-02    7.9271556718e+01    2.9726833769e+01    2.9726833769e+01
    2.9642610645e+03    3.3208547838e+03   -6.1600649040e+04    1.2059637008e+02    1.2011017272e+02    1.1977432364e+02   -4.6248550344e-02    2.2294616238e-01    1.6351100170e-01    7.9271556718e+01    2.9726833769e+01    2.9726833769e+01
    2.9835394295e+03    3.3424522913e+03   -6.1627752058e+04    1.2002938081e+02    1.1943293883e+02    1.2008802645e+02    7.5387087415e-02   -3.1362335037e-02    2.3285637171e-01    7.9271556718e+01    2.9726833769e+01    2.9726833769e+01
    2.9895173393e+03    3.3491493297e+03   -6.1633173081e+04    1.1966207095e+02    1.2022691076e+02    1.2013341220e+02   -6.4286138222e-02    7.6966942084e-02   -1.7402487759e-01    7.9271556718e+01    2.9726833769e+01    2.9726833769e+01
    2.9895173393e+03    3.3491493297e+03   -6.1633173081e+04    1.1966207095e+02    1.2022691076e+02    1.2013341220e+02   -6.4286138222e-02    7.6966942084e-02   -1.7402487759e-01    7.9271556718e+01    2.9726833769e+01    2.9726833769e+01
    2.9895173393e+03    3.3491493297e+03   -6.1633173081e+04    1.1966207095e+02    1.2022691076e+02    1.2013341220e+02   -6.4286138222e-02    7.6966942084e-02   -1.7402487759e-01    7.9271556718e+01    2.9726833769e+01    2.9726833769e+01
    2.9895173393e+03    3.3491493297e+03   -6.1633173081e+04    1.1966207095e+02    1.2022691076e+02    1.2013341220e+02   -6.4286138222e-02    7.6966942084e-02   -1.7402487759e-01    7.9271556718e+01    2.9726833769e+01    2.9726833769e+01
    2.9895173393e+03    3.3491493297e+03   -6.1633173081e+04    1.1966207095e+02    1.2022691076e+02    1.2013341220e+02   -6.4286138222e-02    7.6966942084e-02   -1.7402487759e-01    7.9271556718e+01    2.9726833769e+01    2.9726833769e+01
    2.9895173393e+03    3.3491493297e+03   -6.1633173081e+04    1.1966207095e+02    1.2022691076e+02    1.2013341220e+02   -6.4286138222e-02    7.6966942084e-02   -1.7402487759e-01    7.9271556718e+01    2.9726833769e+01    2.9726833769e+01
    2.9895173393e+03    3.3491493297e+03   -6.1633173081e+04    1.1966207095e+02    1.2022691076e+02    1.2013341220e+02   -6.4286138222e-02    7.6966942084e-02   -1.7402487759e-01    7.9271556718e+01    2.9726833769e+01    2.9726833769e+01
    2.9895173393e+03    3.3491493297e+03   -6.1633173081e+04    1.1966207095e+02    1.2022691076e+02    1.2013341220e+02   -6.4286138222e-02    7.6966942084e-02   -1.7402487759e-01    7.9271556718e+01    2.9726833769e+01    2.9726833769e+01
    2.9895173393e+03    3.3491493297e+03   -6.1633173081e+04    1.1966207095e+02    1.2022691076e+02    1.2013341220e+02   -6.4286138222e-02    7.6966942084e-02   -1.7402487759e-01    7.9271556718e+01    2.9726833769e+01    2.9726833769e+01
    2.9895173393e+03    3.3491493297e+03   -6.1633173081e+04    1.1966207095e+02    1.2022691076e+02    1.2013341220e+02   -6.4286138222e-02    7.6966942084e-02   -1.7402487759e-01    7.9271556718e+01    2.9726833769e+01    2.9726833769e+01
    2.9895173393e+03    3.3491493297e+03   -6.1633173081e+04    1.1966207095e+02    1.2022691076e+02    1.2013341220e+02   -6.4286138222e-02    7.6966942084e-02   -1.7402487759e-01    7.9271556718e+01    2.9726833769e+01    2.9726833769e+01
    2.9895173393e+03    3.3491493297e+03   -6.1633173081e+04    1.1966207095e+02    1.2022691076e+02    1.2013341220e+02   -6.4286138222e-02    7.6966942084e-02   -1.7402487759e-01    7.9271556718e+01    2.9726833769e+01    2.9726833769e+01
    2.9895173393e+03    3.3491493297e+03   -6.1633173081e+04    1.1966207095e+02    1.2022691076e+02    1.2013341220e+02   -6.4286138222e-02    7.6966942084e-02   -1.7402487759e-01    7.9271556718e+01    2.9726833769e+01    2.9726833769e+01
    2.9895173393e+03    3.3491493297e+03   -6.1633173081e+04    1.1966207095e+02    1.2022691076e+02    1.2013341220e+02   -6.4286138222e-02    7.6966942084e-02   -1.7402487759e-01    7.9271556718e+01    2.9726833769e+01    2.9726833769e+01
    2.9895173393e+03    3.3491493297e+03   -6.1633173081e+04    1.1966207095e+02    1.2022691076e+02    1.2013341220e+02   -6.4286138222e-02    7.6966942084e-02   -1.7402487759e-01    7.9271556718e+01    2.9726833769e+01    2.9726833769e+01
    2.9895173393e+03    3.3491493297e+03   -6.1633173081e+04    1.1966207095e+02    1.2022691076e+02    1.2013341220e+02   -6.4286138222e-02    7.6966942084e-02   -1.7402487759e-01    7.9271556718e+01    2.9726833769e+01    2.9726833769e+01
    2.9895173393e+03    3.3491493297e+03   -6.1633173081e+04    1.1966207095e+02    1.2022691076e+02    1.2013341220e+02   -6.4286138222e-02    7.6966942084e-02   -1.7402487759e-01    7.9271556718e+01    2.9726833769e+01    2.9726833769e+01
    2.9895173393e+03    3.3491493297e+03   -6.1633173081e+04    1.1966207095e+02    1.2022691076e+02    1.2013341220e+02   -6.4286138222e-02    7.6966942084e-02   -1.7402487759e-01    7.9271556718e+01    2.9726833769e+01    2.9726833769e+01
    2.9895173393e+03    3.3491493297e+03   -6.1633173081e+04    1.1966207095e+02    1.2022691076e+02    1.2013341220e+02   -6.4286138222e-02    7.6966942084e-02   -1.7402487759e-01    7.9271556718e+01    2.9726833769e+01    2.9726833769e+01
    2.9895173393e+03    3.3491493297e+03   -6.1633173081e+04    1.1966207095e+02    1.2022691076e+02    1.2013341220e+02   -6.4286138222e-02    7.6966942084e-02   -1.7402487759e-01    7.9271556718e+01    2.9726833769e+01    2.9726833769e+01
    2.9895173393e+03    3.3491493297e+03   -6.1633173081e+04    1.1966207095e+02    1.2022691076e+02    1.2013341220e+02   -6.4286138222e-02    7.6966942084e-02   -1.7402487759e-01    7.9271556718e+01    2.9726833769e+01    2.9726833769e+01
    2.9895173393e+03    3.3491493297e+03   -6.1633173081e+04    1.1966207095e+02    1.2022691076e+02    1.2013341220e+02   -6.4286138222e-02    7.6966942084e-02   -1.7402487759e-01    7.9271556718e+01    2.9726833769e+01    2.9726833769e+01
    2.9895173393e+03    3.3491493297e+03   -6.1633173081e+04    1.1966207095e+02    1.2022691076e+02    1.2013341220e+02   -6.4286138222e-02    7.6966942084e-02   -1.7402487759e-01    7.9271556718e+01    2.9726833769e+01    2.9726833769e+01
    2.9895173393e+03    3.3491493297e+03   -6.1633173081e+04    1.1966207095e+02    1.2022691076e+02    1.2013341220e+02   -6.4286138222e-02    7.6966942084e-02   -1.7402487759e-01    7.9271556718e+01    2.9726833769e+01    2.9726833769e+01
    2.9895173393e+03    3.3491493297e+03   -6.1633173081e+04    1.1966207095e+02    1.2022691076e+02    1.2013341220e+02   -6.4286138222e-02    7.6966942084e-02   -1.7402487759e-01    7.9271556718e+01    2.9726833769e+01    2.9726833769e+01
    2.9895173393e+03    3.3491493297e+03   -6.1633173081e+04    1.1966207095e+02    1.2022691076e+02    1.2013341220e+02   -6.4286138222e-02    7.6966942084e-02   -1.7402487759e-01    7.9271556718e+01    2.9726833769e+01    2.9726833769e+01
    2.9895173393e+03    3.3491493297e+03   -6.1633173081e+04    1.1966207095e+02    1.2022691076e+02    1.2013341220e+02   -6.4286138222e-02    7.6966942084e-02   -1.7402487759e-01    7.9271556718e+01    2.9726833769e+01    2.9726833769e+01
    2.9895173393e+03    3.3491493297e+03   -6.1633173081e+04    1.1966207095e+02    1.2022691076e+02    1.2013341220e+02   -6.4286138222e-02    7.6966942084e-02   -1.7402487759e-01    7.9271556718e+01    2.9726833769e+01    2.9726833769e+01
    2.9895173393e+03    3.3491493297e+03   -6.1633173081e+04    1.1966207095e+02    1.2022691076e+02    1.2013341220e+02   -6.4286138222e-02    7.6966942084e-02   -1.7402487759e-01    7.9271556718e+01    2.9726833769e+01    2.9726833769e+01
    2.9895173393e+03    3.3491493297e+03   -6.1633173081e+04    1.1966207095e+02    1.2022691076e+02    1.2013341220e+02   -6.4286138222e-02    7.6966942084e-02   -1.7402487759e-01    7.9271556718e+01    2.9726833769e+01    2.9726833769e+01
    2.9895173393e+03    3.3491493297e+03   -6.1633173081e+04    1.1966207095e+02    1.2022691076e+02    1.2013341220e+02   -6.4286138222e-02    7.6966942084e-02   -1.7402487759e-01    7.9271556718e+01    2.9726833769e+01    2.9726833769e+01
