    3.9641060683e+03    3.3203579952e+03   -4.5397714703e+04    1.2607389401e+02    1.2594128565e+02    1.2642345616e+02   -1.5611203498e-01    1.8138209527e-01   -6.2406059593e-02    5.9453667539e+01    2.9726833769e+01    2.9726833769e+01
    4.0358575225e+03    3.3804574251e+03   -4.5435701849e+04    1.2640776787e+02    1.2543466129e+02    1.2639377696e+02   -9.9731335448e-02    1.5226519886e-01    8.2227996446e-02    5.9453667539e+01    2.9726833769e+01    2.9726833769e+01
    4.0025067422e+03    3.3525226201e+03   -4.5412003148e+04    1.2667182201e+02    1.2555301650e+02    1.2640030886e+02   -1.4102867355e-01   -1.9680000407e-01   -2.6600951960e-01    5.9453667539e+01    2.9726833769e+01    2.9726833769e+01
    4.0635349634e+03    3.4036402084e+03   -4.5458289732e+04    1.2643832058e+02    1.2557081049e+02    1.2581437764e+02    3.8378612192e-01   -7.3364098954e-02    4.7253423877e-02    5.9453667539e+01    2.9726833769e+01    2.9726833769e+01
    4.0289546193e+03    3.3746755137e+03   -4.5429942780e+04    1.2650369618e+02    1.2609661246e+02    1.2507343880e+02   -2.4843396639e-01    4.9732141801e-02   -1.1889452854e-01    5.9453667539e+01    2.9726833769e+01    2.9726833769e+01
    4.0030210394e+03    3.3529533983e+03   -4.5412935259e+04    1.2678385398e+02    1.2552624129e+02    1.2605679466e+02    1.3232174431e-01   -1.1112082574e-01   -1.3747554653e-03    5.9453667539e+01    2.9726833769e+01    2.9726833769e+01
    3.9967604114e+03    3.3477094604e+03   -4.5401535149e+04    1.2674086599e+02    1.2559817073e+02    1.2621869898e+02   -2.3058459096e-02    1.0956075550e-01   -1.1508397758e-01    5.9453667539e+01    2.9726833769e+01    2.9726833769e+01
    3.9926959422e+03    3.3443050377e+03   -4.5400612954e+04    1.2633257045e+02    1.2545464689e+02    1.2614498319e+02    2.1840603751e-01    7.0764098523e-03    3.4446438302e-01    5.9453667539e+01    2.9726833769e+01    2.9726833769e+01
    3.9580443031e+03    3.3152806259e+03   -4.5371048394e+04    1.2684123679e+02    1.2586368099e+02    1.2600155121e+02    1.5433109764e-01   -9.5355550751e-02    4.9369666022e-02    5.9453667539e+01    2.9726833769e+01    2.9726833769e+01
    3.9595973947e+03    3.3165815043e+03   -4.5377121058e+04    1.2621238088e+02    1.2646856612e+02    1.2629034492e+02   -3.8248518986e-02   -1.8888021105e-01    1.2391948663e-01    5.9453667539e+01    2.9726833769e+01    2.9726833769e+01
    3.9963476115e+03    3.3473636968e+03   -4.5407280010e+04    1.2620705416e+02    1.2569859729e+02    1.2636935620e+02   -2.6125447798e-01    1.9107595463e-01    1.5312650153e-01    5.9453667539e+01    2.9726833769e+01    2.9726833769e+01
    3.9865168208e+03    3.3391293701e+03   -4.5396570162e+04    1.2631670021e+02    1.2616978658e+02    1.2627583337e+02    2.4344461352e-01    7.7883915272e-02    1.9194331935e-02    5.9453667539e+01    2.9726833769e+01    2.9726833769e+01
    3.9918254772e+03    3.3435759312e+03   -4.5398709275e+04    1.2652037604e+02    1.2600390497e+02    1.2604578541e+02    5.9834112133e-03   -1.4728136296e-01   -1.8493393631e-02    5.9453667539e+01    2.9726833769e+01    2.9726833769e+01
    3.9940457098e+03    3.3454356107e+03   -4.5401547687e+04    1.2659335033e+02    1.2578437522e+02    1.2586946679e+02   -4.5388117100e-02   -1.4600789162e-01    1.2840183809e-01    5.9453667539e+01    2.9726833769e+01    2.9726833769e+01
    4.0411593974e+03    3.3848983059e+03   -4.5440684823e+04    1.2672268355e+02    1.2560232899e+02    1.2530916858e+02    7.6001683035e-03    6.3235859900e-02   -1.8097803005e-01    5.9453667539e+01    2.9726833769e+01    2.9726833769e+01
    4.0318551749e+03    3.3771050357e+03   -4.5432120877e+04    1.2603462815e+02    1.2602852278e+02    1.2559220380e+02   -1.5151447446e-01    1.0272991112e-01   -1.1683474955e-01    5.9453667539e+01    2.9726833769e+01    2.9726833769e+01
    4.0020866926e+03    3.3521707841e+03   -4.5408692707e+04    1.2644289471e+02    1.2560307514e+02    1.2613324733e+02    2.6023132455e-01    1.8649660157e-02   -2.4186451651e-02    5.9453667539e+01    2.9726833769e+01    2.9726833769e+01
    3.9903891260e+03    3.3423728352e+03   -4.5399737976e+04    1.2631989306e+02    1.2653302069e+02    1.2604601679e+02   -1.9920888365e-01    9.4380725053e-02    8.0257666478e-02    5.9453667539e+01    2.9726833769e+01    2.9726833769e+01
    4.0314326795e+03    3.3767511511e+03   -4.5431013301e+04    1.2631864073e+02    1.2628941375e+02    1.2572229068e+02   -2.1553231071e-01   -1.5339294550e-01   -7.8001919108e-02    5.9453667539e+01    2.9726833769e+01    2.9726833769e+01
    3.9527574805e+03    3.3108523529e+03   -4.5367016439e+04    1.2681851509e+02    1.2591866542e+02    1.2634680697e+02   -1.6171840233e-01   -3.0945680292e-01    2.6399433725e-01    5.9453667539e+01    2.9726833769e+01    2.9726833769e+01
    3.9775476401e+03    3.3316167329e+03   -4.5388345201e+04    1.2654968213e+02    1.2600161278e+02    1.2650168828e+02    6.6821011482e-02   -2.0145330201e-01   -1.6422712016e-01    5.9453667539e+01    2.9726833769e+01    2.9726833769e+01
    3.9167830380e+03    3.2807199534e+03   -4.5337804872e+04    1.2638311841e+02    1.2644272666e+02    1.2632142877e+02   -1.0333524291e-02    8.5151164328e-02    1.3992274249e-01    5.9453667539e+01    2.9726833769e+01    2.9726833769e+01
    3.9915363779e+03    3.3433337799e+03   -4.5397150546e+04    1.2621194184e+02    1.2608622959e+02    1.2625909126e+02    2.7541819331e-01   -3.4119229406e-01    2.1176007316e-01    5.9453667539e+01    2.9726833769e+01    2.9726833769e+01
    4.0324918528e+03    3.3776383208e+03   -4.5434286020e+04    1.2625448401e+02    1.2571799099e+02    1.2567120084e+02    4.4198864456e-01    1.4846566805e-01    3.6487773607e-01    5.9453667539e+01    2.9726833769e+01    2.9726833769e+01
    3.9769185985e+03    3.3310898440e+03   -4.5391695883e+04    1.2704405632e+02    1.2598602822e+02    1.2606414477e+02   -1.8506804853e-01    3.0104815096e-01    7.1340186324e-03    5.9453667539e+01    2.9726833769e+01    2.9726833769e+01
    3.9640226855e+03    3.3202881533e+03   -4.5377590453e+04    1.2699886061e+02    1.2568957705e+02    1.2631428179e+02    3.8024096271e-01    1.8811523115e-01    1.5324070342e-01    5.9453667539e+01    2.9726833769e+01    2.9726833769e+01
    3.9858595251e+03    3.3385788154e+03   -4.5395718646e+04    1.2674570062e+02    1.2508011836e+02    1.2631449405e+02    1.2912227326e-01   -1.5456080415e-01    1.6340374109e-02    5.9453667539e+01    2.9726833769e+01    2.9726833769e+01
    4.0154633787e+03    3.3633751731e+03   -4.5416712844e+04    1.2585561727e+02    1.2629173195e+02    1.2559800069e+02    8.1684852266e-03   -4.2209826243e-01   -1.2003075589e-01    5.9453667539e+01    2.9726833769e+01    2.9726833769e+01
    3.9803737517e+03    3.3339839002e+03   -4.5389985663e+04    1.2663343327e+02    1.2597009209e+02    1.2570211298e+02   -1.2900349366e-01    6.4175649858e-02   -5.5973233581e-02    5.9453667539e+01    2.9726833769e+01    2.9726833769e+01
    3.9395900667e+03    3.2998232515e+03   -4.5355651251e+04    1.2664244093e+02    1.2598743971e+02    1.2621434106e+02    2.3863421830e-01    1.2537252472e-01    2.3293452908e-01    5.9453667539e+01    2.9726833769e+01    2.9726833769e+01
    3.9999120775e+03    3.3503493140e+03   -4.5405402149e+04    1.2615421155e+02    1.2581629047e+02    1.2651318126e+02   -8.3427984018e-02    1.0519183065e-02    1.9443411799e-02    5.9453667539e+01    2.9726833769e+01    2.9726833769e+01
    3.9537115879e+03    3.3116515188e+03   -4.5367794745e+04    1.2670042452e+02    1.2639436528e+02    1.2567543973e+02   -1.1582310432e-01    1.4190886807e-01   -1.7727198860e-01    5.9453667539e+01    2.9726833769e+01    2.9726833769e+01
    3.9751039100e+03    3.3295698505e+03   -4.5385614882e+04    1.2591984241e+02    1.2594797427e+02    1.2644824248e+02    9.2843494042e-02   -4.9641389146e-02   -2.2839742162e-04    5.9453667539e+01    2.9726833769e+01    2.9726833769e+01
    4.0196079793e+03    3.3668467144e+03   -4.5424628446e+04    1.2649734196e+02    1.2556397206e+02    1.2594618257e+02   -9.4171386720e-02   -1.6414674474e-01    5.3985057345e-03    5.9453667539e+01    2.9726833769e+01    2.9726833769e+01
    4.0901230187e+03    3.4259105162e+03   -4.5483644258e+04    1.2607754990e+02    1.2628953934e+02    1.2516459537e+02   -1.5612475991e-01    1.1299964162e-01   -7.1759761093e-02    5.9453667539e+01    2.9726833769e+01    2.9726833769e+01
    3.9729769327e+03    3.3277882822e+03   -4.5383456523e+04    1.2711835126e+02    1.2636537425e+02    1.2549219971e+02   -8.7596978100e-02    1.9695806534e-01    3.2809334584e-01    5.9453667539e+01    2.9726833769e+01    2.9726833769e+01
    4.0215111686e+03    3.3684408367e+03   -4.5425968939e+04    1.2590307017e+02    1.2648999272e+02    1.2548106258e+02    1.2525242695e-01    8.7576414088e-03   -2.4128636125e-01    5.9453667539e+01    2.9726833769e+01    2.9726833769e+01
    3.9908404667e+03    3.3427508807e+03   -4.5399191862e+04    1.2600602957e+02    1.2624796120e+02    1.2606237588e+02   -2.0501058305e-01    2.1833145100e-01    9.4317872345e-02    5.9453667539e+01    2.9726833769e+01    2.9726833769e+01
    3.9621258554e+03    3.3186993575e+03   -4.5374158647e+04    1.2692959131e+02    1.2684341924e+02    1.2559722193e+02    1.6509808979e-01   -1.9050720851e-01    2.1229279613e-01    5.9453667539e+01    2.9726833769e+01    2.9726833769e+01
    3.9810790326e+03    3.3345746475e+03   -4.5393184981e+04    1.2660141935e+02    1.2610778062e+02    1.2628834850e+02    4.0646041780e-01    5.1607862896e-03    2.1964210948e-02    5.9453667539e+01    2.9726833769e+01    2.9726833769e+01
    4.0400780881e+03    3.3839925951e+03   -4.5439207333e+04    1.2626469318e+02    1.2550549620e+02    1.2609573156e+02   -1.8115484959e-01   -1.3541093496e-01    5.7255450007e-03    5.9453667539e+01    2.9726833769e+01    2.9726833769e+01
    3.9845741501e+03    3.3375021780e+03   -4.5390592869e+04    1.2670872319e+02    1.2556014185e+02    1.2599679554e+02    3.4567239203e-01    2.4899780130e-01    6.6902525293e-02    5.9453667539e+01    2.9726833769e+01    2.9726833769e+01
    3.9670869064e+03    3.3228547623e+03   -4.5377917453e+04    1.2651215199e+02    1.2621923661e+02    1.2599602745e+02   -3.7745502612e-02   -2.9656908597e-01   -1.2837256448e-01    5.9453667539e+01    2.9726833769e+01    2.9726833769e+01
    4.0190817665e+03    3.3664059555e+03   -4.5419778619e+04    1.2597737834e+02    1.2577596508e+02    1.2604315231e+02   -2.4568169145e-01    3.7235944299e-01   -5.2490372978e-02    5.9453667539e+01    2.9726833769e+01    2.9726833769e+01
    4.0342296834e+03    3.3790939377e+03   -4.5433976897e+04    1.2623146336e+02    1.2615989663e+02    1.2530654098e+02    2.5804794267e-01    3.1469638325e-01   -2.3066396005e-01    5.9453667539e+01    2.9726833769e+01    2.9726833769e+01
    3.9962437731e+03    3.3472767211e+03   -4.5404220966e+04    1.2623778607e+02    1.2578499398e+02    1.2631027104e+02    3.4463974732e-01    4.3084978961e-02   -1.1013161769e-02    5.9453667539e+01    2.9726833769e+01    2.9726833769e+01
    3.9863074113e+03    3.3389539675e+03   -4.5398274044e+04    1.2647931187e+02    1.2540456293e+02    1.2610953823e+02    1.9725528659e-01    1.3049807723e-01   -6.5460738754e-02    5.9453667539e+01    2.9726833769e+01    2.9726833769e+01
    4.0044544960e+03    3.3541540698e+03   -4.5408260315e+04    1.2671364443e+02    1.2594860725e+02    1.2589169671e+02   -1.6620820987e-02    3.1949162802e-02    2.0156453011e-02    5.9453667539e+01    2.9726833769e+01    2.9726833769e+01
    4.0411416628e+03    3.3848834513e+03   -4.5441490131e+04    1.2636233105e+02    1.2546107469e+02    1.2677490192e+02    3.3173221513e-01    5.8738439289e-02    1.2162483714e-01    5.9453667539e+01    2.9726833769e+01    2.9726833769e+01
    4.0300922071e+03    3.3756283638e+03   -4.5431803856e+04    1.2649286630e+02    1.2547638187e+02    1.2568261729e+02    1.0523246969e-02    9.5023051850e-03   -1.5320871294e-01    5.9453667539e+01    2.9726833769e+01    2.9726833769e+01
    4.0170159577e+03    3.3646756222e+03   -4.5419048576e+04    1.2653407010e+02    1.2600981003e+02    1.2626981975e+02    2.3380265753e-01    1.8457665523e-01   -4.8971253269e-02    5.9453667539e+01    2.9726833769e+01    2.9726833769e+01
    4.0127996980e+03    3.3611440589e+03   -4.5415855141e+04    1.2627968087e+02    1.2643562978e+02    1.2522933823e+02    1.5861974900e-01   -1.0162933120e-01   -1.5168439149e-01    5.9453667539e+01    2.9726833769e+01    2.9726833769e+01
    4.0111978369e+03    3.3598023309e+03   -4.5418516465e+04    1.2634997595e+02    1.2588763703e+02    1.2615988514e+02   -1.4583954178e-01    3.2263962414e-01    6.6364530735e-02    5.9453667539e+01    2.9726833769e+01    2.9726833769e+01
    4.0044013521e+03    3.3541095562e+03   -4.5410963763e+04    1.2682399482e+02    1.2539631473e+02    1.2607586344e+02   -2.1930488974e-02   -2.6149142463e-02    1.0999224298e-01    5.9453667539e+01    2.9726833769e+01    2.9726833769e+01
    4.0042369010e+03    3.3539718110e+03   -4.5415236270e+04    1.2586368376e+02    1.2574203723e+02    1.2648333801e+02    2.3962754183e-02   -1.0472849697e-01    2.1867763374e-01    5.9453667539e+01    2.9726833769e+01    2.9726833769e+01
    3.9808196665e+03    3.3343574010e+03   -4.5391857900e+04    1.2623451330e+02    1.2655704949e+02    1.2619244603e+02   -1.2645437612e-01    4.1444170991e-02    2.2374382526e-02    5.9453667539e+01    2.9726833769e+01    2.9726833769e+01
    3.9671072190e+03    3.3228717763e+03   -4.5379269667e+04    1.2618733200e+02    1.2612068543e+02    1.2632615618e+02    1.0295770848e-01    2.2054264287e-01    1.2702338276e-01    5.9453667539e+01    2.9726833769e+01    2.9726833769e+01
    3.9968812208e+03    3.3478106510e+03   -4.5405513988e+04    1.2660719292e+02    1.2597295497e+02    1.2605453873e+02    1.1668682486e-04    1.1268335816e-01   -2.2283188800e-02    5.9453667539e+01    2.9726833769e+01    2.9726833769e+01
    3.9961302231e+03    3.3471816111e+03   -4.5404658628e+04    1.2664086912e+02    1.2581701085e+02    1.2661015179e+02   -1.2465423261e-01   -4.0251966712e-02    5.9760596152e-02    5.9453667539e+01    2.9726833769e+01    2.9726833769e+01
    3.9344123699e+03    3.2954863830e+03   -4.5350879578e+04    1.2635376634e+02    1.2600878778e+02    1.2633905748e+02   -8.6498821139e-02    9.3711119403e-02   -4.7615146756e-02    5.9453667539e+01    2.9726833769e+01    2.9726833769e+01
    3.9982996400e+03    3.3489987271e+03   -4.5403346376e+04    1.2612204468e+02    1.2626565700e+02    1.2586565572e+02    1.0832512210e-01    1.0345408417e-01   -2.3630235237e-01    5.9453667539e+01    2.9726833769e+01    2.9726833769e+01
    3.9704398982e+03    3.3256632475e+03   -4.5384009754e+04    1.2652218910e+02    1.2595028617e+02    1.2615601214e+02    2.6064801220e-01    1.0304840393e-01   -2.8056219747e-01    5.9453667539e+01    2.9726833769e+01    2.9726833769e+01
    3.9698845666e+03    3.3251980985e+03   -4.5381577281e+04    1.2631398485e+02    1.2582824619e+02    1.2598232381e+02    1.9232547560e-01    8.5726385644e-02   -1.3894812185e-01    5.9453667539e+01    2.9726833769e+01    2.9726833769e+01
    3.9922439247e+03    3.3439264252e+03   -4.5401167208e+04    1.2643098831e+02    1.2602176985e+02    1.2604203707e+02   -4.7624727906e-02    2.7372111188e-01    1.7036019143e-01    5.9453667539e+01    2.9726833769e+01    2.9726833769e+01
    3.9666264456e+03    3.3224690776e+03   -4.5377177365e+04    1.2683891073e+02    1.2581257488e+02    1.2658942314e+02   -1.2303670521e-01    4.4694182555e-01    4.0516056619e-02    5.9453667539e+01    2.9726833769e+01    2.9726833769e+01
    3.9842462265e+03    3.3372275073e+03   -4.5388419181e+04    1.2654509185e+02    1.2598801684e+02    1.2590015941e+02   -3.3941832222e-02   -2.0671794797e-01   -2.1624845282e-01    5.9453667539e+01    2.9726833769e+01    2.9726833769e+01
    4.0410412075e+03    3.3847993094e+03   -4.5444105084e+04    1.2662002758e+02    1.2557750665e+02    1.2567256467e+02   -1.3979748082e-01   -3.5771641598e-02    4.4044931749e-02    5.9453667539e+01    2.9726833769e+01    2.9726833769e+01
    3.9881063475e+03    3.3404607668e+03   -4.5397559080e+04    1.2670176047e+02    1.2623517640e+02    1.2557431843e+02   -7.3559127893e-02   -1.4858808027e-01    2.5794620313e-02    5.9453667539e+01    2.9726833769e+01    2.9726833769e+01
    4.0382073678e+03    3.3824256690e+03   -4.5439961724e+04    1.2612551928e+02    1.2620841235e+02    1.2544195569e+02    2.2282351729e-01    6.8223649267e-02    2.7973951114e-02    5.9453667539e+01    2.9726833769e+01    2.9726833769e+01
    4.0069541707e+03    3.3562478117e+03   -4.5412871147e+04    1.2637957292e+02    1.2576144621e+02    1.2617568705e+02    1.8723295123e-01    2.4179866006e-01    1.6421215820e-02    5.9453667539e+01    2.9726833769e+01    2.9726833769e+01
    4.0635022492e+03    3.4036128068e+03   -4.5460805405e+04    1.2651184141e+02    1.2563976813e+02    1.2537998653e+02    2.2131781061e-01   -8.0017796366e-02   -1.8819870938e-01    5.9453667539e+01    2.9726833769e+01    2.9726833769e+01
    3.9455446365e+03    3.3048108334e+03   -4.5360484547e+04    1.2680994569e+02    1.2652352064e+02    1.2585232036e+02   -6.1820939965e-02    2.4033808978e-02   -2.8409751591e-02    5.9453667539e+01    2.9726833769e+01    2.9726833769e+01
    4.0037595839e+03    3.3535720074e+03   -4.5406600499e+04    1.2634676301e+02    1.2578729792e+02    1.2594547958e+02   -7.2344928522e-02   -2.7702429746e-01    1.0500172430e-01    5.9453667539e+01    2.9726833769e+01    2.9726833769e+01
    4.0458522201e+03    3.3888290411e+03   -4.5449407115e+04    1.2592200556e+02    1.2609788485e+02    1.2547547722e+02   -4.2674738410e-02   -1.5758295717e-02   -6.1654255603e-02    5.9453667539e+01    2.9726833769e+01    2.9726833769e+01
    3.9947460430e+03    3.3460222138e+03   -4.5402437531e+04    1.2646136111e+02    1.2592600578e+02    1.2579169330e+02    2.8167768093e-01   -2.1796916234e-01   -3.8598258044e-02    5.9453667539e+01    2.9726833769e+01    2.9726833769e+01
    3.9478340267e+03    3.3067284397e+03   -4.5360398366e+04    1.2642145338e+02    1.2605243715e+02    1.2601883667e+02    2.5110888264e-01   -1.6813402658e-01    1.7089306380e-01    5.9453667539e+01    2.9726833769e+01    2.9726833769e+01
    4.0048210547e+03    3.3544611015e+03   -4.5406005946e+04    1.2674391064e+02    1.2553960310e+02    1.2606699303e+02    2.3359401841e-01    1.2107123048e-01   -1.8384077368e-02    5.9453667539e+01    2.9726833769e+01    2.9726833769e+01
    3.9833667261e+03    3.3364908327e+03   -4.5393221325e+04    1.2615356284e+02    1.2593309309e+02    1.2594363894e+02    2.5077013361e-01    2.5064328455e-02    1.6569784983e-01    5.9453667539e+01    2.9726833769e+01    2.9726833769e+01
    3.9963573620e+03    3.3473718639e+03   -4.5399019956e+04    1.2610376647e+02    1.2600815977e+02    1.2614366665e+02    2.0360547481e-01   -1.4175296446e-01    7.5585554486e-02    5.9453667539e+01    2.9726833769e+01    2.9726833769e+01
    3.9633998258e+03    3.3197664425e+03   -4.5379978452e+04    1.2588422981e+02    1.2626818569e+02    1.2570470752e+02   -1.4554229081e-01   -2.1696170070e-01   -4.3379039225e-02    5.9453667539e+01    2.9726833769e+01    2.9726833769e+01
    3.9971088942e+03    3.3480013516e+03   -4.5402672883e+04    1.2595858819e+02    1.2611075977e+02    1.2606706482e+02    3.4225584184e-01    5.3337827730e-02   -1.7636607588e-01    5.9453667539e+01    2.9726833769e+01    2.9726833769e+01
    3.9967834638e+03    3.3477287692e+03   -4.5405260803e+04    1.2623568089e+02    1.2624827677e+02    1.2569057063e+02    1.0878600226e-01    1.4627148860e-01   -1.4101260900e-01    5.9453667539e+01    2.9726833769e+01    2.9726833769e+01
    3.9661515578e+03    3.3220713089e+03   -4.5382376153e+04    1.2597619513e+02    1.2672347707e+02    1.2620152066e+02    3.1558508624e-01    1.5122497203e-02    9.7702053011e-02    5.9453667539e+01    2.9726833769e+01    2.9726833769e+01
    3.9654381082e+03    3.3214737195e+03   -4.5377403281e+04    1.2663212980e+02    1.2612404304e+02    1.2626477763e+02    6.4515287515e-02    3.6249560745e-01    2.0562606532e-01    5.9453667539e+01    2.9726833769e+01    2.9726833769e+01
    4.0173561894e+03    3.3649606022e+03   -4.5427393574e+04    1.2648772756e+02    1.2572734572e+02    1.2566265833e+02    3.0432394238e-01   -1.1727553283e-01   -8.6977235969e-02    5.9453667539e+01    2.9726833769e+01    2.9726833769e+01
    3.9512730474e+03    3.3096089832e+03   -4.5368393632e+04    1.2687716350e+02    1.2627440706e+02    1.2558733493e+02   -1.2499951582e-01   -3.7046734737e-01   -1.5425306096e-01    5.9453667539e+01    2.9726833769e+01    2.9726833769e+01
    4.0201183917e+03    3.3672742387e+03   -4.5426974221e+04    1.2595187467e+02    1.2564428651e+02    1.2654072391e+02    1.1294983529e-01   -1.1392876341e-01    6.7632739914e-02    5.9453667539e+01    2.9726833769e+01    2.9726833769e+01
    4.0307030676e+03    3.3761400240e+03   -4.5435127646e+04    1.2635376262e+02    1.2578657462e+02    1.2550412880e+02   -8.7612933475e-02    3.0744905652e-01    1.9587040379e-02    5.9453667539e+01    2.9726833769e+01    2.9726833769e+01
    3.9726274209e+03    3.3274955290e+03   -4.5385272941e+04    1.2658134044e+02    1.2625584704e+02    1.2585591191e+02   -2.5893980974e-02   -7.8289305901e-02    1.5640315180e-01    5.9453667539e+01    2.9726833769e+01    2.9726833769e+01
    3.9506853506e+03    3.3091167250e+03   -4.5366638386e+04    1.2685654443e+02    1.2548949133e+02    1.2653707011e+02    1.7912747434e-01    1.9655031319e-01   -5.6767084232e-02    5.9453667539e+01    2.9726833769e+01    2.9726833769e+01
    4.0328631612e+03    3.3779493309e+03   -4.5431916193e+04    1.2652328779e+02    1.2565750534e+02    1.2588121849e+02   -6.2760469933e-02   -1.3879005870e-01   -2.3204777100e-01    5.9453667539e+01    2.9726833769e+01    2.9726833769e+01
    4.0485658300e+03    3.3911019764e+03   -4.5447759597e+04    1.2611830090e+02    1.2560151061e+02    1.2567444908e+02    8.4945704833e-04   -1.9356753777e-01    2.0976613744e-01    5.9453667539e+01    2.9726833769e+01    2.9726833769e+01
    4.0028895948e+03    3.3528432996e+03   -4.5410229103e+04    1.2649970522e+02    1.2581587441e+02    1.2596596517e+02   -1.9104140644e-01    2.3741994949e-01   -1.4728585400e-01    5.9453667539e+01    2.9726833769e+01    2.9726833769e+01
    3.9743364243e+03    3.3289270001e+03   -4.5387221658e+04    1.2635612945e+02    1.2595503047e+02    1.2613771227e+02    1.9558177266e-01    1.0996458849e-01    2.7403358788e-01    5.9453667539e+01    2.9726833769e+01    2.9726833769e+01
    4.0117303561e+03    3.3602483720e+03   -4.5416986839e+04    1.2645018397e+02    1.2554851722e+02    1.2598528025e+02   -2.3103973613e-01    2.2386625244e-01   -3.6322286553e-02    5.9453667539e+01    2.9726833769e+01    2.9726833769e+01
    3.9627070631e+03    3.3191861804e+03   -4.5375560760e+04    1.2631690389e+02    1.2643532710e+02    1.2574047439e+02    1.4245440453e-01    4.2087689346e-01   -4.0012582096e-01    5.9453667539e+01    2.9726833769e+01    2.9726833769e+01
    4.0247384449e+03    3.3711440218e+03   -4.5430322512e+04    1.2584425761e+02    1.2658205199e+02    1.2594010134e+02    2.3771574078e-01    5.5077731601e-02   -3.3749020881e-01    5.9453667539e+01    2.9726833769e+01    2.9726833769e+01
    3.9834513327e+03    3.3365616997e+03   -4.5393744451e+04    1.2605581277e+02    1.2620887221e+02    1.2575205709e+02   -8.4536464916e-02   -8.3984667290e-02    1.6710296931e-01    5.9453667539e+01    2.9726833769e+01    2.9726833769e+01
    4.0067059414e+03    3.3560398934e+03   -4.5412383768e+04    1.2638476553e+02    1.2603142736e+02    1.2606675209e+02    7.8812469651e-02    5.1967020266e-02    2.1214123351e-01    5.9453667539e+01    2.9726833769e+01    2.9726833769e+01
    4.0307552760e+03    3.3761837541e+03   -4.5436308928e+04    1.2648344926e+02    1.2592829099e+02    1.2530866932e+02    2.8674696345e-02    2.3428544820e-01   -2.9221687340e-01    5.9453667539e+01    2.9726833769e+01    2.9726833769e+01
    4.0307552760e+03    3.3761837541e+03   -4.5436308928e+04    1.2648344926e+02    1.2592829099e+02    1.2530866932e+02    2.8674696345e-02    2.3428544820e-01   -2.9221687340e-01    5.9453667539e+01    2.9726833769e+01    2.9726833769e+01
    4.0307552760e+03    3.3761837541e+03   -4.5436308928e+04    1.2648344926e+02    1.2592829099e+02    1.2530866932e+02    2.8674696345e-02    2.3428544820e-01   -2.9221687340e-01    5.9453667539e+01    2.9726833769e+01    2.9726833769e+01
    4.0307552760e+03    3.3761837541e+03   -4.5436308928e+04    1.2648344926e+02    1.2592829099e+02    1.2530866932e+02    2.8674696345e-02    2.3428544820e-01   -2.9221687340e-01    5.9453667539e+01    2.9726833769e+01    2.9726833769e+01
    4.0307552760e+03    3.3761837541e+03   -4.5436308928e+04    1.2648344926e+02    1.2592829099e+02    1.2530866932e+02    2.8674696345e-02    2.3428544820e-01   -2.9221687340e-01    5.9453667539e+01    2.9726833769e+01    2.9726833769e+01
    4.0307552760e+03    3.3761837541e+03   -4.5436308928e+04    1.2648344926e+02    1.2592829099e+02    1.2530866932e+02    2.8674696345e-02    2.3428544820e-01   -2.9221687340e-01    5.9453667539e+01    2.9726833769e+01    2.9726833769e+01
    4.0307552760e+03    3.3761837541e+03   -4.5436308928e+04    1.2648344926e+02    1.2592829099e+02    1.2530866932e+02    2.8674696345e-02    2.3428544820e-01   -2.9221687340e-01    5.9453667539e+01    2.9726833769e+01    2.9726833769e+01
    4.0307552760e+03    3.3761837541e+03   -4.5436308928e+04    1.2648344926e+02    1.2592829099e+02    1.2530866932e+02    2.8674696345e-02    2.3428544820e-01   -2.9221687340e-01    5.9453667539e+01    2.9726833769e+01    2.9726833769e+01
    4.0307552760e+03    3.3761837541e+03   -4.5436308928e+04    1.2648344926e+02    1.2592829099e+02    1.2530866932e+02    2.8674696345e-02    2.3428544820e-01   -2.9221687340e-01    5.9453667539e+01    2.9726833769e+01    2.9726833769e+01
    4.0307552760e+03    3.3761837541e+03   -4.5436308928e+04    1.2648344926e+02    1.2592829099e+02    1.2530866932e+02    2.8674696345e-02    2.3428544820e-01   -2.9221687340e-01    5.9453667539e+01    2.9726833769e+01    2.9726833769e+01
    4.0307552760e+03    3.3761837541e+03   -4.5436308928e+04    1.2648344926e+02    1.2592829099e+02    1.2530866932e+02    2.8674696345e-02    2.3428544820e-01   -2.9221687340e-01    5.9453667539e+01    2.9726833769e+01    2.9726833769e+01
    4.0307552760e+03    3.3761837541e+03   -4.5436308928e+04    1.2648344926e+02    1.2592829099e+02    1.2530866932e+02    2.8674696345e-02    2.3428544820e-01   -2.9221687340e-01    5.9453667539e+01    2.9726833769e+01    2.9726833769e+01
    4.0307552760e+03    3.3761837541e+03   -4.5436308928e+04    1.2648344926e+02    1.2592829099e+02    1.2530866932e+02    2.8674696345e-02    2.3428544820e-01   -2.9221687340e-01    5.9453667539e+01    2.9726833769e+01    2.9726833769e+01
    4.0307552760e+03    3.3761837541e+03   -4.5436308928e+04    1.2648344926e+02    1.2592829099e+02    1.2530866932e+02    2.8674696345e-02    2.3428544820e-01   -2.9221687340e-01    5.9453667539e+01    2.9726833769e+01    2.9726833769e+01
    4.0307552760e+03    3.3761837541e+03   -4.5436308928e+04    1.2648344926e+02    1.2592829099e+02    1.2530866932e+02    2.8674696345e-02    2.3428544820e-01   -2.9221687340e-01    5.9453667539e+01    2.9726833769e+01    2.9726833769e+01
    4.0307552760e+03    3.3761837541e+03   -4.5436308928e+04    1.2648344926e+02    1.2592829099e+02    1.2530866932e+02    2.8674696345e-02    2.3428544820e-01   -2.9221687340e-01    5.9453667539e+01    2.9726833769e+01    2.9726833769e+01
    4.0307552760e+03    3.3761837541e+03   -4.5436308928e+04    1.2648344926e+02    1.2592829099e+02    1.2530866932e+02    2.8674696345e-02    2.3428544820e-01   -2.9221687340e-01    5.9453667539e+01    2.9726833769e+01    2.9726833769e+01
    4.0307552760e+03    3.3761837541e+03   -4.5436308928e+04    1.2648344926e+02    1.2592829099e+02    1.2530866932e+02    2.8674696345e-02    2.3428544820e-01   -2.9221687340e-01    5.9453667539e+01    2.9726833769e+01    2.9726833769e+01
    4.0307552760e+03    3.3761837541e+03   -4.5436308928e+04    1.2648344926e+02    1.2592829099e+02    1.2530866932e+02    2.8674696345e-02    2.3428544820e-01   -2.9221687340e-01    5.9453667539e+01    2.9726833769e+01    2.9726833769e+01
    4.0307552760e+03    3.3761837541e+03   -4.5436308928e+04    1.2648344926e+02    1.2592829099e+02    1.2530866932e+02    2.8674696345e-02    2.3428544820e-01   -2.9221687340e-01    5.9453667539e+01    2.9726833769e+01    2.9726833769e+01
    4.0307552760e+03    3.3761837541e+03   -4.5436308928e+04    1.2648344926e+02    1.2592829099e+02    1.2530866932e+02    2.8674696345e-02    2.3428544820e-01   -2.9221687340e-01    5.9453667539e+01    2.9726833769e+01    2.9726833769e+01
    4.0307552760e+03    3.3761837541e+03   -4.5436308928e+04    1.2648344926e+02    1.2592829099e+02    1.2530866932e+02    2.8674696345e-02    2.3428544820e-01   -2.9221687340e-01    5.9453667539e+01    2.9726833769e+01    2.9726833769e+01
    4.0307552760e+03    3.3761837541e+03   -4.5436308928e+04    1.2648344926e+02    1.2592829099e+02    1.2530866932e+02    2.8674696345e-02    2.3428544820e-01   -2.9221687340e-01    5.9453667539e+01    2.9726833769e+01    2.9726833769e+01
    4.0307552760e+03    3.3761837541e+03   -4.5436308928e+04    1.2648344926e+02    1.2592829099e+02    1.2530866932e+02    2.8674696345e-02    2.3428544820e-01   -2.9221687340e-01    5.9453667539e+01    2.9726833769e+01    2.9726833769e+01
    4.0307552760e+03    3.3761837541e+03   -4.5436308928e+04    1.2648344926e+02    1.2592829099e+02    1.2530866932e+02    2.8674696345e-02    2.3428544820e-01   -2.9221687340e-01    5.9453667539e+01    2.9726833769e+01    2.9726833769e+01
    4.0307552760e+03    3.3761837541e+03   -4.5436308928e+04    1.2648344926e+02    1.2592829099e+02    1.2530866932e+02    2.8674696345e-02    2.3428544820e-01   -2.9221687340e-01    5.9453667539e+01    2.9726833769e+01    2.9726833769e+01
    4.0307552760e+03    3.3761837541e+03   -4.5436308928e+04    1.2648344926e+02    1.2592829099e+02    1.2530866932e+02    2.8674696345e-02    2.3428544820e-01   -2.9221687340e-01    5.9453667539e+01    2.9726833769e+01    2.9726833769e+01
    4.0307552760e+03    3.3761837541e+03   -4.5436308928e+04    1.2648344926e+02    1.2592829099e+02    1.2530866932e+02    2.8674696345e-02    2.3428544820e-01   -2.9221687340e-01    5.9453667539e+01    2.9726833769e+01    2.9726833769e+01
    4.0307552760e+03    3.3761837541e+03   -4.5436308928e+04    1.2648344926e+02    1.2592829099e+02    1.2530866932e+02    2.8674696345e-02    2.3428544820e-01   -2.9221687340e-01    5.9453667539e+01    2.9726833769e+01    2.9726833769e+01
    4.0307552760e+03    3.3761837541e+03   -4.5436308928e+04    1.2648344926e+02    1.2592829099e+02    1.2530866932e+02    2.8674696345e-02    2.3428544820e-01   -2.9221687340e-01    5.9453667539e+01    2.9726833769e+01    2.9726833769e+01
    4.0307552760e+03    3.3761837541e+03   -4.5436308928e+04    1.2648344926e+02    1.2592829099e+02    1.2530866932e+02    2.8674696345e-02    2.3428544820e-01   -2.9221687340e-01    5.9453667539e+01    2.9726833769e+01    2.9726833769e+01
