    1.9877393257e+03    2.2268597485e+03   -6.2749352622e+04    1.1330850294e+02    1.1376843883e+02    1.1341971092e+02    5.6137369345e-02   -6.2962235248e-02    3.0679890509e-03    2.9726833769e+01    7.9271556718e+01    2.9726833769e+01
    1.9859520922e+03    2.2248575150e+03   -6.2731113104e+04    1.1353687422e+02    1.1378968246e+02    1.1358351424e+02   -1.2492547885e-02   -1.6072185899e-01   -2.9799177188e-02    2.9726833769e+01    7.9271556718e+01    2.9726833769e+01
    2.0135836056e+03    2.2558130352e+03   -6.2763886917e+04    1.1330953924e+02    1.1354996661e+02    1.1330545029e+02    6.5590270525e-02    2.6012255089e-02    5.9533622172e-03    2.9726833769e+01    7.9271556718e+01    2.9726833769e+01
    1.9745418872e+03    2.2120746888e+03   -6.2718787478e+04    1.1347318224e+02    1.1389298992e+02    1.1372450730e+02    4.4372079190e-02   -7.6609155922e-02   -5.2672123723e-02    2.9726833769e+01    7.9271556718e+01    2.9726833769e+01
    1.9839490807e+03    2.2226135458e+03   -6.2731096030e+04    1.1335812410e+02    1.1355805280e+02    1.1379009717e+02    2.3929147385e-02    3.3224590773e-02   -7.2340883313e-02    2.9726833769e+01    7.9271556718e+01    2.9726833769e+01
    1.9889768816e+03    2.2282461794e+03   -6.2734348552e+04    1.1369880380e+02    1.1371855857e+02    1.1345659599e+02    2.5541043548e-03    3.3875208413e-02    8.9912581453e-02    2.9726833769e+01    7.9271556718e+01    2.9726833769e+01
    1.9904897660e+03    2.2299410603e+03   -6.2735796034e+04    1.1368945279e+02    1.1378293987e+02    1.1340265789e+02    6.2262163256e-02    7.4546287965e-03   -6.6518061723e-02    2.9726833769e+01    7.9271556718e+01    2.9726833769e+01
    2.0117529321e+03    2.2537621360e+03   -6.2759112758e+04    1.1325149897e+02    1.1384619576e+02    1.1334982266e+02   -2.0678241640e-03   -8.7635286474e-02    4.3925158312e-02    2.9726833769e+01    7.9271556718e+01    2.9726833769e+01
    1.9975691748e+03    2.2378721056e+03   -6.2743603792e+04    1.1332195278e+02    1.1367551054e+02    1.1368276329e+02    2.4170496783e-01   -7.4218955506e-02   -5.5768649358e-02    2.9726833769e+01    7.9271556718e+01    2.9726833769e+01
    2.0007529044e+03    2.2414388305e+03   -6.2750314597e+04    1.1315349791e+02    1.1368904128e+02    1.1365643625e+02    1.1312834357e-03   -2.7723699385e-02   -3.7545301111e-02    2.9726833769e+01    7.9271556718e+01    2.9726833769e+01
    2.0183293799e+03    2.2611297151e+03   -6.2768472040e+04    1.1352711034e+02    1.1339110875e+02    1.1339156970e+02   -5.2733484946e-03    6.4945901112e-02    3.3438240328e-02    2.9726833769e+01    7.9271556718e+01    2.9726833769e+01
    2.0191042837e+03    2.2619978381e+03   -6.2770480268e+04    1.1349368346e+02    1.1365098499e+02    1.1317363476e+02    1.3216710307e-02    1.2475686254e-01   -4.7252453237e-02    2.9726833769e+01    7.9271556718e+01    2.9726833769e+01
    1.9847478891e+03    2.2235084491e+03   -6.2729657925e+04    1.1337986271e+02    1.1373550062e+02    1.1356064015e+02    1.0245069605e-01   -4.9421945273e-02    5.7473543896e-02    2.9726833769e+01    7.9271556718e+01    2.9726833769e+01
    1.9934348634e+03    2.2332404461e+03   -6.2741865043e+04    1.1359244042e+02    1.1363491243e+02    1.1335329169e+02   -9.9310327305e-02    3.9607551672e-02    9.8937539331e-02    2.9726833769e+01    7.9271556718e+01    2.9726833769e+01
    2.0222637247e+03    2.2655373524e+03   -6.2774120145e+04    1.1362585175e+02    1.1351438028e+02    1.1309299541e+02   -4.5788206291e-02   -6.7642816232e-03    8.2691285174e-02    2.9726833769e+01    7.9271556718e+01    2.9726833769e+01
    2.0195214857e+03    2.2624652286e+03   -6.2769218529e+04    1.1335268078e+02    1.1338579896e+02    1.1345213534e+02   -8.7886540460e-02   -8.2773375222e-02    6.0636314879e-02    2.9726833769e+01    7.9271556718e+01    2.9726833769e+01
    1.9870769805e+03    2.2261177247e+03   -6.2729688928e+04    1.1363331614e+02    1.1362555853e+02    1.1352880521e+02   -1.5509018812e-01   -3.1709755201e-02    5.2766731337e-02    2.9726833769e+01    7.9271556718e+01    2.9726833769e+01
    2.0139557160e+03    2.2562299097e+03   -6.2761654775e+04    1.1345686898e+02    1.1318971614e+02    1.1371166705e+02   -6.1756991991e-02    1.0027037501e-02    1.5490579294e-01    2.9726833769e+01    7.9271556718e+01    2.9726833769e+01
    1.9986506581e+03    2.2390836889e+03   -6.2746579767e+04    1.1362457688e+02    1.1364255118e+02    1.1345267631e+02   -6.3224470344e-02   -4.3691868185e-02   -6.3162680272e-02    2.9726833769e+01    7.9271556718e+01    2.9726833769e+01
    1.9965700263e+03    2.2367527618e+03   -6.2744420537e+04    1.1351738703e+02    1.1381398461e+02    1.1325715982e+02   -9.0586673495e-02   -1.1204826475e-01    8.7048099317e-02    2.9726833769e+01    7.9271556718e+01    2.9726833769e+01
    1.9951901331e+03    2.2352068707e+03   -6.2743866079e+04    1.1338940887e+02    1.1350362336e+02    1.1352759551e+02    8.8349934833e-02    1.0256733265e-01   -4.9629747703e-02    2.9726833769e+01    7.9271556718e+01    2.9726833769e+01
    1.9991796604e+03    2.2396763289e+03   -6.2745473936e+04    1.1381226399e+02    1.1359615157e+02    1.1327996774e+02   -1.1883131770e-01    2.3150686913e-01   -9.1189083007e-02    2.9726833769e+01    7.9271556718e+01    2.9726833769e+01
    1.9965405728e+03    2.2367197652e+03   -6.2746317438e+04    1.1340256457e+02    1.1370375985e+02    1.1351719237e+02    1.4824155598e-01    6.4696836445e-02   -1.1207347113e-01    2.9726833769e+01    7.9271556718e+01    2.9726833769e+01
    1.9880865342e+03    2.2272487254e+03   -6.2735396178e+04    1.1360416465e+02    1.1360871031e+02    1.1354983353e+02    1.1235369077e-06   -2.7038486369e-04   -1.9143637293e-01    2.9726833769e+01    7.9271556718e+01    2.9726833769e+01
    1.9921165759e+03    2.2317635717e+03   -6.2741153394e+04    1.1339918341e+02    1.1355737088e+02    1.1375553610e+02   -2.2650138022e-02    9.7871977193e-03   -9.2118072491e-02    2.9726833769e+01    7.9271556718e+01    2.9726833769e+01
    1.9830462919e+03    2.2216021536e+03   -6.2728528449e+04    1.1361127845e+02    1.1354721806e+02    1.1347594469e+02    2.9838763464e-03    7.6308097451e-02   -8.9518920827e-02    2.9726833769e+01    7.9271556718e+01    2.9726833769e+01
    1.9881682236e+03    2.2273402418e+03   -6.2734454746e+04    1.1360597650e+02    1.1350927681e+02    1.1373421236e+02    8.4822798329e-02   -2.8871162415e-02   -1.8324079674e-02    2.9726833769e+01    7.9271556718e+01    2.9726833769e+01
    1.9994441733e+03    2.2399726621e+03   -6.2747756888e+04    1.1346206356e+02    1.1342053226e+02    1.1359614009e+02    4.5570225508e-02    1.7411895767e-01   -1.6899547130e-02    2.9726833769e+01    7.9271556718e+01    2.9726833769e+01
    2.0050267147e+03    2.2462267703e+03   -6.2752962365e+04    1.1348524134e+02    1.1362410659e+02    1.1337996158e+02    1.0798605397e-01   -1.4791317772e-02   -6.2224504957e-02    2.9726833769e+01    7.9271556718e+01    2.9726833769e+01
    2.0021607381e+03    2.2430160233e+03   -6.2749890773e+04    1.1377976326e+02    1.1367774556e+02    1.1352251768e+02   -1.1250500001e-01   -2.8559371252e-02    2.4038883557e-02    2.9726833769e+01    7.9271556718e+01    2.9726833769e+01
    1.9783905175e+03    2.2163863004e+03   -6.2723274135e+04    1.1367041058e+02    1.1388667926e+02    1.1333541323e+02   -6.7235489379e-02    1.0952062638e-02   -1.4229395825e-02    2.9726833769e+01    7.9271556718e+01    2.9726833769e+01
    2.0114523554e+03    2.2534254006e+03   -6.2760796803e+04    1.1342566320e+02    1.1340406911e+02    1.1333882125e+02    1.1011344712e-01    8.4688435424e-02    4.7084130108e-02    2.9726833769e+01    7.9271556718e+01    2.9726833769e+01
    1.9891040990e+03    2.2283887008e+03   -6.2735028147e+04    1.1336883874e+02    1.1362927730e+02    1.1355131023e+02    1.7291715934e-02   -7.2245526473e-02   -4.6873995646e-02    2.9726833769e+01    7.9271556718e+01    2.9726833769e+01
    1.9912124139e+03    2.2307506411e+03   -6.2738657163e+04    1.1360330775e+02    1.1366699188e+02    1.1351722982e+02    2.6030001420e-02   -5.0325470993e-02   -1.8896349145e-01    2.9726833769e+01    7.9271556718e+01    2.9726833769e+01
    2.0255925364e+03    2.2692666125e+03   -6.2777184844e+04    1.1332156581e+02    1.1361133347e+02    1.1317561808e+02   -2.2622349310e-02    2.4846433486e-03    1.2367254302e-03    2.9726833769e+01    7.9271556718e+01    2.9726833769e+01
    2.0276907028e+03    2.2716171835e+03   -6.2776082535e+04    1.1340854624e+02    1.1351319506e+02    1.1304512541e+02    1.8510273606e-02    2.4226337630e-02    1.9533967972e-02    2.9726833769e+01    7.9271556718e+01    2.9726833769e+01
    1.9903543465e+03    2.2297893502e+03   -6.2735913564e+04    1.1339334186e+02    1.1385404589e+02    1.1341192378e+02    1.8724197647e-02    1.7152334889e-02    6.7743661440e-02    2.9726833769e+01    7.9271556718e+01    2.9726833769e+01
    2.0090053686e+03    2.2506840470e+03   -6.2755638457e+04    1.1325879037e+02    1.1362783168e+02    1.1369312264e+02    1.6320476102e-03   -1.9519488690e-02    1.1606894950e-02    2.9726833769e+01    7.9271556718e+01    2.9726833769e+01
    2.0064376501e+03    2.2478074379e+03   -6.2754754793e+04    1.1345221437e+02    1.1369309727e+02    1.1324056064e+02    3.7291490202e-02    9.5779778841e-02    4.7643090561e-02    2.9726833769e+01    7.9271556718e+01    2.9726833769e+01
    2.0014665302e+03    2.2422383038e+03   -6.2750109315e+04    1.1347284635e+02    1.1351813796e+02    1.1346359356e+02   -1.1824053216e-02   -6.4305619376e-02    2.5411359477e-02    2.9726833769e+01    7.9271556718e+01    2.9726833769e+01
    1.9919559703e+03    2.2315836457e+03   -6.2736157356e+04    1.1348251018e+02    1.1372002456e+02    1.1354696025e+02   -1.5795183205e-01    7.9100006949e-02    9.5497694533e-02    2.9726833769e+01    7.9271556718e+01    2.9726833769e+01
    1.9819187472e+03    2.2203389679e+03   -6.2727165926e+04    1.1354438189e+02    1.1386509632e+02    1.1339742296e+02   -5.3945020177e-03    1.2343792567e-01    1.0840953985e-01    2.9726833769e+01    7.9271556718e+01    2.9726833769e+01
    2.0256326760e+03    2.2693115808e+03   -6.2773036574e+04    1.1365236801e+02    1.1337780499e+02    1.1331081026e+02    1.7169637299e-01   -1.2971096928e-01   -3.1701171262e-02    2.9726833769e+01    7.9271556718e+01    2.9726833769e+01
    2.0176288697e+03    2.2603449352e+03   -6.2768192280e+04    1.1346789888e+02    1.1347866871e+02    1.1320277287e+02   -6.1953395573e-02    4.9968753594e-02    6.1375555056e-02    2.9726833769e+01    7.9271556718e+01    2.9726833769e+01
    2.0006622472e+03    2.2413372675e+03   -6.2748004573e+04    1.1363525526e+02    1.1353167235e+02    1.1352584528e+02    9.2787991260e-02   -5.8776888087e-02    2.4809300688e-03    2.9726833769e+01    7.9271556718e+01    2.9726833769e+01
    2.0093603324e+03    2.2510817121e+03   -6.2760268867e+04    1.1319022326e+02    1.1380971615e+02    1.1334376864e+02    3.4560829967e-02   -5.4939615461e-03    1.8845182104e-01    2.9726833769e+01    7.9271556718e+01    2.9726833769e+01
    2.0083853706e+03    2.2499894646e+03   -6.2757024101e+04    1.1362091790e+02    1.1353623646e+02    1.1341329116e+02   -5.3380476797e-02   -9.2730133625e-02    7.6964462060e-02    2.9726833769e+01    7.9271556718e+01    2.9726833769e+01
    2.0073894823e+03    2.2488737733e+03   -6.2756838878e+04    1.1330937239e+02    1.1360533994e+02    1.1342525393e+02    9.3431109650e-02   -1.7843982896e-02    1.3640122442e-02    2.9726833769e+01    7.9271556718e+01    2.9726833769e+01
    1.9871233488e+03    2.2261696710e+03   -6.2730833024e+04    1.1356593827e+02    1.1364170875e+02    1.1351175551e+02   -7.7311692299e-02    4.1096537582e-02    6.8322143406e-02    2.9726833769e+01    7.9271556718e+01    2.9726833769e+01
    1.9939813948e+03    2.2338527240e+03   -6.2741971316e+04    1.1362511151e+02    1.1361915374e+02    1.1335548407e+02   -2.3242742762e-02    2.9731736657e-02    2.3394660058e-02    2.9726833769e+01    7.9271556718e+01    2.9726833769e+01
    2.0050172470e+03    2.2462161636e+03   -6.2752933781e+04    1.1333848673e+02    1.1385362517e+02    1.1340947196e+02    7.9733794503e-02    8.2723583236e-02    3.3421891792e-02    2.9726833769e+01    7.9271556718e+01    2.9726833769e+01
    2.0072936843e+03    2.2487664510e+03   -6.2753973835e+04    1.1357430397e+02    1.1341926218e+02    1.1347707415e+02    7.5836203083e-02    1.3256968755e-01   -2.8071756888e-02    2.9726833769e+01    7.9271556718e+01    2.9726833769e+01
    2.0024240887e+03    2.2433110543e+03   -6.2749615637e+04    1.1353175219e+02    1.1361207832e+02    1.1362095609e+02   -3.6498086667e-02    7.6916681061e-02   -2.7801236984e-02    2.9726833769e+01    7.9271556718e+01    2.9726833769e+01
    1.9837398374e+03    2.2223791311e+03   -6.2728572999e+04    1.1335452205e+02    1.1372687679e+02    1.1364383784e+02    4.8377823510e-02   -1.8939608146e-03   -2.6024976162e-02    2.9726833769e+01    7.9271556718e+01    2.9726833769e+01
    2.0155630398e+03    2.2580305907e+03   -6.2764291350e+04    1.1355421235e+02    1.1380237069e+02    1.1313004086e+02    1.1270087519e-01    1.1051955089e-01   -4.9095203612e-02    2.9726833769e+01    7.9271556718e+01    2.9726833769e+01
    2.0087443389e+03    2.2503916160e+03   -6.2755680365e+04    1.1341946626e+02    1.1362340626e+02    1.1317222924e+02    5.6151923205e-02    5.9862729455e-02   -1.4986341313e-01    2.9726833769e+01    7.9271556718e+01    2.9726833769e+01
    1.9887828954e+03    2.2280288572e+03   -6.2733907874e+04    1.1341389700e+02    1.1380175131e+02    1.1338063376e+02    1.0937544363e-01    1.2325061680e-01    4.2927386367e-02    2.9726833769e+01    7.9271556718e+01    2.9726833769e+01
    1.9932039717e+03    2.2329817787e+03   -6.2740859406e+04    1.1333957110e+02    1.1363988698e+02    1.1371982908e+02    3.4325190404e-02   -2.0449392810e-02   -3.9893254379e-03    2.9726833769e+01    7.9271556718e+01    2.9726833769e+01
    2.0269308660e+03    2.2707659401e+03   -6.2776883961e+04    1.1352924362e+02    1.1340438451e+02    1.1332188898e+02    1.8048094218e-01    9.8329659003e-02   -9.9796303308e-02    2.9726833769e+01    7.9271556718e+01    2.9726833769e+01
    2.0069531292e+03    2.2483849279e+03   -6.2757660928e+04    1.1335987355e+02    1.1337895187e+02    1.1352071280e+02   -2.0133612696e-01    7.5180943740e-02    1.2041864382e-01    2.9726833769e+01    7.9271556718e+01    2.9726833769e+01
    1.9901909770e+03    2.2296063277e+03   -6.2738477737e+04    1.1369075023e+02    1.1397821089e+02    1.1304743910e+02   -2.0726181154e-02    4.5271659013e-02   -4.7804147282e-02    2.9726833769e+01    7.9271556718e+01    2.9726833769e+01
    1.9914856954e+03    2.2310567978e+03   -6.2738673354e+04    1.1322028715e+02    1.1375677659e+02    1.1373125486e+02    8.5417947221e-03    1.0701812872e-02    8.3582918396e-03    2.9726833769e+01    7.9271556718e+01    2.9726833769e+01
    2.0098607421e+03    2.2516423199e+03   -6.2758194480e+04    1.1341114705e+02    1.1383296742e+02    1.1334811521e+02    2.0881641888e-02   -6.3648654166e-02    2.5707788362e-02    2.9726833769e+01    7.9271556718e+01    2.9726833769e+01
    2.0141008192e+03    2.2563924684e+03   -6.2763584455e+04    1.1352491486e+02    1.1370372407e+02    1.1323387635e+02   -1.4204925104e-01   -6.4725086811e-02   -1.5014761525e-01    2.9726833769e+01    7.9271556718e+01    2.9726833769e+01
    1.9822111038e+03    2.2206664944e+03   -6.2727744346e+04    1.1341298713e+02    1.1362268889e+02    1.1358282294e+02   -6.9561833564e-02    3.3235075478e-02    1.9597059102e-01    2.9726833769e+01    7.9271556718e+01    2.9726833769e+01
    2.0057596823e+03    2.2470479121e+03   -6.2752706485e+04    1.1334114466e+02    1.1373478802e+02    1.1358293120e+02   -4.8899600054e-03   -1.9263003154e-02    7.9531702700e-02    2.9726833769e+01    7.9271556718e+01    2.9726833769e+01
    2.0001723987e+03    2.2407884912e+03   -6.2746499801e+04    1.1349602261e+02    1.1354762459e+02    1.1351553715e+02   -6.2185852589e-02    1.3887493972e-02   -2.2122748776e-02    2.9726833769e+01    7.9271556718e+01    2.9726833769e+01
    2.0192938489e+03    2.2622102076e+03   -6.2768795918e+04    1.1327707054e+02    1.1356057569e+02    1.1361356310e+02    5.2192403232e-02    9.1347272907e-02    9.5446780385e-02    2.9726833769e+01    7.9271556718e+01    2.9726833769e+01
    2.0034174019e+03    2.2444238608e+03   -6.2752108757e+04    1.1344127393e+02    1.1366146416e+02    1.1334726727e+02    1.3360194335e-02    5.4029618217e-03    1.4819227942e-02    2.9726833769e+01    7.9271556718e+01    2.9726833769e+01
    1.9875275263e+03    2.2266224701e+03   -6.2730366861e+04    1.1333388247e+02    1.1389608709e+02    1.1346151385e+02    3.5718781074e-02   -2.0450390667e-01    4.9586675883e-02    2.9726833769e+01    7.9271556718e+01    2.9726833769e+01
    1.9932078982e+03    2.2329861775e+03   -6.2739303218e+04    1.1342629667e+02    1.1377340568e+02    1.1355267221e+02   -1.2936713376e-01    1.4756522678e-01    7.7707114696e-02    2.9726833769e+01    7.9271556718e+01    2.9726833769e+01
    2.0017941087e+03    2.2426052892e+03   -6.2751636012e+04    1.1356119530e+02    1.1341146635e+02    1.1359457133e+02    1.0616904892e-01    3.2393478352e-02    2.2397759876e-01    2.9726833769e+01    7.9271556718e+01    2.9726833769e+01
    1.9903183115e+03    2.2297489803e+03   -6.2735831988e+04    1.1363490977e+02    1.1374738404e+02    1.1328831638e+02    1.0946821927e-01   -8.8219109431e-02    3.8518106952e-02    2.9726833769e+01    7.9271556718e+01    2.9726833769e+01
    2.0012214120e+03    2.2419636985e+03   -6.2748936323e+04    1.1359582466e+02    1.1334283769e+02    1.1340362259e+02    3.1506958324e-03   -5.3219366165e-02   -1.1993171110e-01    2.9726833769e+01    7.9271556718e+01    2.9726833769e+01
    1.9826415336e+03    2.2211487038e+03   -6.2727399263e+04    1.1376510050e+02    1.1370197567e+02    1.1351534612e+02   -3.9907506745e-02   -7.4262770462e-02    1.2271158800e-01    2.9726833769e+01    7.9271556718e+01    2.9726833769e+01
    2.0050545671e+03    2.2462579732e+03   -6.2752030653e+04    1.1374660902e+02    1.1364408961e+02    1.1327533390e+02   -2.2782478875e-01   -7.2866148442e-02   -7.0698856265e-02    2.9726833769e+01    7.9271556718e+01    2.9726833769e+01
    2.0037377734e+03    2.2447827723e+03   -6.2752124593e+04    1.1350997188e+02    1.1365993220e+02    1.1341292970e+02    1.5326880137e-02    1.3021883773e-02   -3.7689891111e-03    2.9726833769e+01    7.9271556718e+01    2.9726833769e+01
    1.9928596389e+03    2.2325960234e+03   -6.2741219092e+04    1.1337153091e+02    1.1379392770e+02    1.1350484627e+02   -8.8918039899e-02    1.3194895063e-01   -9.2560683564e-02    2.9726833769e+01    7.9271556718e+01    2.9726833769e+01
    2.0189372912e+03    2.2618107568e+03   -6.2768016868e+04    1.1337173737e+02    1.1368006075e+02    1.1333423620e+02   -1.2145636036e-01    4.5204450178e-02    2.2197425160e-01    2.9726833769e+01    7.9271556718e+01    2.9726833769e+01
    2.0233966387e+03    2.2668065534e+03   -6.2772979252e+04    1.1312495599e+02    1.1349431049e+02    1.1353478146e+02   -2.9370355077e-02    6.9331104419e-04   -1.2636929742e-02    2.9726833769e+01    7.9271556718e+01    2.9726833769e+01
    1.9901555301e+03    2.2295666166e+03   -6.2734639654e+04    1.1359774986e+02    1.1383799571e+02    1.1343154373e+02   -8.7331323399e-03   -1.1693034708e-01    1.5453807167e-01    2.9726833769e+01    7.9271556718e+01    2.9726833769e+01
    1.9924014080e+03    2.2320826684e+03   -6.2738870499e+04    1.1346562158e+02    1.1363937349e+02    1.1357815419e+02   -5.2595670837e-02   -9.0689844887e-02   -1.1027644653e-01    2.9726833769e+01    7.9271556718e+01    2.9726833769e+01
    2.0040500135e+03    2.2451325741e+03   -6.2751723141e+04    1.1335855983e+02    1.1365415907e+02    1.1371321244e+02   -2.5062314922e-02   -1.3548171425e-02    1.0117975188e-01    2.9726833769e+01    7.9271556718e+01    2.9726833769e+01
    1.9884963541e+03    2.2277078456e+03   -6.2732797354e+04    1.1334231688e+02    1.1374756347e+02    1.1350616236e+02   -7.0565649976e-02    1.1478175181e-01   -1.2031504088e-01    2.9726833769e+01    7.9271556718e+01    2.9726833769e+01
    2.0334588691e+03    2.2780792467e+03   -6.2784476043e+04    1.1314769361e+02    1.1347626356e+02    1.1340748702e+02    2.8892314661e-02   -6.5646053058e-02   -1.0144507828e-01    2.9726833769e+01    7.9271556718e+01    2.9726833769e+01
    2.0076282015e+03    2.2491412099e+03   -6.2755953760e+04    1.1327934328e+02    1.1352849870e+02    1.1353107444e+02    2.4079871568e-02   -5.3788380422e-02    3.9653236045e-02    2.9726833769e+01    7.9271556718e+01    2.9726833769e+01
    1.9957344682e+03    2.2358166880e+03   -6.2743015633e+04    1.1341704355e+02    1.1407594829e+02    1.1313896696e+02   -1.1845928141e-01    4.4778478538e-02   -1.3872598291e-02    2.9726833769e+01    7.9271556718e+01    2.9726833769e+01
    1.9979332718e+03    2.2382800026e+03   -6.2746116606e+04    1.1343495908e+02    1.1376645743e+02    1.1334035716e+02    1.1153050565e-01   -9.2251908728e-02    8.4102180010e-02    2.9726833769e+01    7.9271556718e+01    2.9726833769e+01
    2.0123477779e+03    2.2544285404e+03   -6.2761245764e+04    1.1335286886e+02    1.1352581982e+02    1.1369027435e+02    4.9508902176e-02   -1.6700320551e-01   -4.0990865149e-02    2.9726833769e+01    7.9271556718e+01    2.9726833769e+01
    1.9943279977e+03    2.2342410225e+03   -6.2740916287e+04    1.1381775032e+02    1.1353499209e+02    1.1309750262e+02    1.1399509131e-01    1.0789308952e-01   -1.8359387721e-01    2.9726833769e+01    7.9271556718e+01    2.9726833769e+01
    2.0136531468e+03    2.2558909421e+03   -6.2761087557e+04    1.1306672589e+02    1.1393842978e+02    1.1322420133e+02    2.6964184491e-02   -8.5555818976e-02    1.7382879420e-02    2.9726833769e+01    7.9271556718e+01    2.9726833769e+01
    1.9925229246e+03    2.2322188032e+03   -6.2738390095e+04    1.1369617925e+02    1.1341646767e+02    1.1372798830e+02   -1.2913544935e-01    9.8218731563e-02   -1.0130382581e-01    2.9726833769e+01    7.9271556718e+01    2.9726833769e+01
    1.9958117755e+03    2.2359032952e+03   -6.2743159662e+04    1.1361399878e+02    1.1353577053e+02    1.1343619635e+02    1.7554149195e-01   -3.9364156926e-02    9.7506525664e-02    2.9726833769e+01    7.9271556718e+01    2.9726833769e+01
    1.9951868865e+03    2.2352032335e+03   -6.2743341295e+04    1.1351886747e+02    1.1356733559e+02    1.1349063418e+02    4.1898286359e-02    4.1844785256e-03    1.4164799089e-01    2.9726833769e+01    7.9271556718e+01    2.9726833769e+01
    1.9986591500e+03    2.2390932023e+03   -6.2746815928e+04    1.1353618574e+02    1.1345866594e+02    1.1345897521e+02    3.9294007177e-03   -1.7554506565e-01    5.5941259722e-03    2.9726833769e+01    7.9271556718e+01    2.9726833769e+01
    1.9908321379e+03    2.2303246188e+03   -6.2739960781e+04    1.1343731253e+02    1.1375908778e+02    1.1367744187e+02    2.6995077853e-01    8.8366043537e-02   -1.3416658380e-01    2.9726833769e+01    7.9271556718e+01    2.9726833769e+01
    1.9940170934e+03    2.2338927171e+03   -6.2741030384e+04    1.1339367365e+02    1.1354529262e+02    1.1384479748e+02    3.4041046546e-03    1.2895901893e-03   -1.1372133148e-01    2.9726833769e+01    7.9271556718e+01    2.9726833769e+01
    1.9983846836e+03    2.2387857182e+03   -6.2745082911e+04    1.1339517790e+02    1.1366107368e+02    1.1350599757e+02   -7.8303783543e-02    3.2075619476e-02   -4.2394487362e-03    2.9726833769e+01    7.9271556718e+01    2.9726833769e+01
    2.0122270916e+03    2.2542933357e+03   -6.2761515710e+04    1.1353112630e+02    1.1357764545e+02    1.1345018157e+02    7.6381146899e-02    5.3616987388e-02    5.2399969892e-02    2.9726833769e+01    7.9271556718e+01    2.9726833769e+01
    1.9757851666e+03    2.2134675319e+03   -6.2717491556e+04    1.1380171052e+02    1.1354557527e+02    1.1369929542e+02    1.4293146591e-01    1.9620409122e-02    3.7303364861e-02    2.9726833769e+01    7.9271556718e+01    2.9726833769e+01
    1.9757851666e+03    2.2134675319e+03   -6.2717491556e+04    1.1380171052e+02    1.1354557527e+02    1.1369929542e+02    1.4293146591e-01    1.9620409122e-02    3.7303364861e-02    2.9726833769e+01    7.9271556718e+01    2.9726833769e+01
    1.9757851666e+03    2.2134675319e+03   -6.2717491556e+04    1.1380171052e+02    1.1354557527e+02    1.1369929542e+02    1.4293146591e-01    1.9620409122e-02    3.7303364861e-02    2.9726833769e+01    7.9271556718e+01    2.9726833769e+01
    1.9757851666e+03    2.2134675319e+03   -6.2717491556e+04    1.1380171052e+02    1.1354557527e+02    1.1369929542e+02    1.4293146591e-01    1.9620409122e-02    3.7303364861e-02    2.9726833769e+01    7.9271556718e+01    2.9726833769e+01
    1.9757851666e+03    2.2134675319e+03   -6.2717491556e+04    1.1380171052e+02    1.1354557527e+02    1.1369929542e+02    1.4293146591e-01    1.9620409122e-02    3.7303364861e-02    2.9726833769e+01    7.9271556718e+01    2.9726833769e+01
    1.9757851666e+03    2.2134675319e+03   -6.2717491556e+04    1.1380171052e+02    1.1354557527e+02    1.1369929542e+02    1.4293146591e-01    1.9620409122e-02    3.7303364861e-02    2.9726833769e+01    7.9271556718e+01    2.9726833769e+01
    1.9757851666e+03    2.2134675319e+03   -6.2717491556e+04    1.1380171052e+02    1.1354557527e+02    1.1369929542e+02    1.4293146591e-01    1.9620409122e-02    3.7303364861e-02    2.9726833769e+01    7.9271556718e+01    2.9726833769e+01
    1.9757851666e+03    2.2134675319e+03   -6.2717491556e+04    1.1380171052e+02    1.1354557527e+02    1.1369929542e+02    1.4293146591e-01    1.9620409122e-02    3.7303364861e-02    2.9726833769e+01    7.9271556718e+01    2.9726833769e+01
    1.9757851666e+03    2.2134675319e+03   -6.2717491556e+04    1.1380171052e+02    1.1354557527e+02    1.1369929542e+02    1.4293146591e-01    1.9620409122e-02    3.7303364861e-02    2.9726833769e+01    7.9271556718e+01    2.9726833769e+01
    1.9757851666e+03    2.2134675319e+03   -6.2717491556e+04    1.1380171052e+02    1.1354557527e+02    1.1369929542e+02    1.4293146591e-01    1.9620409122e-02    3.7303364861e-02    2.9726833769e+01    7.9271556718e+01    2.9726833769e+01
    1.9757851666e+03    2.2134675319e+03   -6.2717491556e+04    1.1380171052e+02    1.1354557527e+02    1.1369929542e+02    1.4293146591e-01    1.9620409122e-02    3.7303364861e-02    2.9726833769e+01    7.9271556718e+01    2.9726833769e+01
    1.9757851666e+03    2.2134675319e+03   -6.2717491556e+04    1.1380171052e+02    1.1354557527e+02    1.1369929542e+02    1.4293146591e-01    1.9620409122e-02    3.7303364861e-02    2.9726833769e+01    7.9271556718e+01    2.9726833769e+01
    1.9757851666e+03    2.2134675319e+03   -6.2717491556e+04    1.1380171052e+02    1.1354557527e+02    1.1369929542e+02    1.4293146591e-01    1.9620409122e-02    3.7303364861e-02    2.9726833769e+01    7.9271556718e+01    2.9726833769e+01
    1.9757851666e+03    2.2134675319e+03   -6.2717491556e+04    1.1380171052e+02    1.1354557527e+02    1.1369929542e+02    1.4293146591e-01    1.9620409122e-02    3.7303364861e-02    2.9726833769e+01    7.9271556718e+01    2.9726833769e+01
    1.9757851666e+03    2.2134675319e+03   -6.2717491556e+04    1.1380171052e+02    1.1354557527e+02    1.1369929542e+02    1.4293146591e-01    1.9620409122e-02    3.7303364861e-02    2.9726833769e+01    7.9271556718e+01    2.9726833769e+01
    1.9757851666e+03    2.2134675319e+03   -6.2717491556e+04    1.1380171052e+02    1.1354557527e+02    1.1369929542e+02    1.4293146591e-01    1.9620409122e-02    3.7303364861e-02    2.9726833769e+01    7.9271556718e+01    2.9726833769e+01
    1.9757851666e+03    2.2134675319e+03   -6.2717491556e+04    1.1380171052e+02    1.1354557527e+02    1.1369929542e+02    1.4293146591e-01    1.9620409122e-02    3.7303364861e-02    2.9726833769e+01    7.9271556718e+01    2.9726833769e+01
    1.9757851666e+03    2.2134675319e+03   -6.2717491556e+04    1.1380171052e+02    1.1354557527e+02    1.1369929542e+02    1.4293146591e-01    1.9620409122e-02    3.7303364861e-02    2.9726833769e+01    7.9271556718e+01    2.9726833769e+01
    1.9757851666e+03    2.2134675319e+03   -6.2717491556e+04    1.1380171052e+02    1.1354557527e+02    1.1369929542e+02    1.4293146591e-01    1.9620409122e-02    3.7303364861e-02    2.9726833769e+01    7.9271556718e+01    2.9726833769e+01
    1.9757851666e+03    2.2134675319e+03   -6.2717491556e+04    1.1380171052e+02    1.1354557527e+02    1.1369929542e+02    1.4293146591e-01    1.9620409122e-02    3.7303364861e-02    2.9726833769e+01    7.9271556718e+01    2.9726833769e+01
    1.9757851666e+03    2.2134675319e+03   -6.2717491556e+04    1.1380171052e+02    1.1354557527e+02    1.1369929542e+02    1.4293146591e-01    1.9620409122e-02    3.7303364861e-02    2.9726833769e+01    7.9271556718e+01    2.9726833769e+01
    1.9757851666e+03    2.2134675319e+03   -6.2717491556e+04    1.1380171052e+02    1.1354557527e+02    1.1369929542e+02    1.4293146591e-01    1.9620409122e-02    3.7303364861e-02    2.9726833769e+01    7.9271556718e+01    2.9726833769e+01
    1.9757851666e+03    2.2134675319e+03   -6.2717491556e+04    1.1380171052e+02    1.1354557527e+02    1.1369929542e+02    1.4293146591e-01    1.9620409122e-02    3.7303364861e-02    2.9726833769e+01    7.9271556718e+01    2.9726833769e+01
    1.9757851666e+03    2.2134675319e+03   -6.2717491556e+04    1.1380171052e+02    1.1354557527e+02    1.1369929542e+02    1.4293146591e-01    1.9620409122e-02    3.7303364861e-02    2.9726833769e+01    7.9271556718e+01    2.9726833769e+01
    1.9757851666e+03    2.2134675319e+03   -6.2717491556e+04    1.1380171052e+02    1.1354557527e+02    1.1369929542e+02    1.4293146591e-01    1.9620409122e-02    3.7303364861e-02    2.9726833769e+01    7.9271556718e+01    2.9726833769e+01
    1.9757851666e+03    2.2134675319e+03   -6.2717491556e+04    1.1380171052e+02    1.1354557527e+02    1.1369929542e+02    1.4293146591e-01    1.9620409122e-02    3.7303364861e-02    2.9726833769e+01    7.9271556718e+01    2.9726833769e+01
    1.9757851666e+03    2.2134675319e+03   -6.2717491556e+04    1.1380171052e+02    1.1354557527e+02    1.1369929542e+02    1.4293146591e-01    1.9620409122e-02    3.7303364861e-02    2.9726833769e+01    7.9271556718e+01    2.9726833769e+01
    1.9757851666e+03    2.2134675319e+03   -6.2717491556e+04    1.1380171052e+02    1.1354557527e+02    1.1369929542e+02    1.4293146591e-01    1.9620409122e-02    3.7303364861e-02    2.9726833769e+01    7.9271556718e+01    2.9726833769e+01
    1.9757851666e+03    2.2134675319e+03   -6.2717491556e+04    1.1380171052e+02    1.1354557527e+02    1.1369929542e+02    1.4293146591e-01    1.9620409122e-02    3.7303364861e-02    2.9726833769e+01    7.9271556718e+01    2.9726833769e+01
    1.9757851666e+03    2.2134675319e+03   -6.2717491556e+04    1.1380171052e+02    1.1354557527e+02    1.1369929542e+02    1.4293146591e-01    1.9620409122e-02    3.7303364861e-02    2.9726833769e+01    7.9271556718e+01    2.9726833769e+01
    1.9757851666e+03    2.2134675319e+03   -6.2717491556e+04    1.1380171052e+02    1.1354557527e+02    1.1369929542e+02    1.4293146591e-01    1.9620409122e-02    3.7303364861e-02    2.9726833769e+01    7.9271556718e+01    2.9726833769e+01
