    3.9816396528e+03    3.8353008601e+03   -5.3034644373e+04    1.2574262992e+02    1.2638424336e+02    1.2510912972e+02    1.7103195382e-01   -5.5244877710e-02   -6.6217781483e-03    6.9362612128e+01    2.9726833769e+01    2.9726833769e+01
    3.9901823980e+03    3.8435296304e+03   -5.3023956076e+04    1.2615011131e+02    1.2564332971e+02    1.2584809026e+02    3.7322639016e-01   -1.6181466892e-01    2.0610126976e-01    6.9362612128e+01    2.9726833769e+01    2.9726833769e+01
    3.9729805181e+03    3.8269599780e+03   -5.3004593628e+04    1.2614074623e+02    1.2612401505e+02    1.2576924601e+02   -3.3464976130e-04    1.2327776471e-01   -2.3597865174e-01    6.9362612128e+01    2.9726833769e+01    2.9726833769e+01
    3.9582075827e+03    3.8127299983e+03   -5.2988034714e+04    1.2614591422e+02    1.2642482258e+02    1.2558717191e+02    6.6433742966e-02    9.5423349957e-02    1.1293411902e-01    6.9362612128e+01    2.9726833769e+01    2.9726833769e+01
    3.9999155514e+03    3.8529050573e+03   -5.3030836818e+04    1.2568245783e+02    1.2586397058e+02    1.2593929061e+02    1.0596874453e-01    1.6463471412e-01   -2.1896526413e-01    6.9362612128e+01    2.9726833769e+01    2.9726833769e+01
    3.9991408173e+03    3.8521587974e+03   -5.3028120512e+04    1.2602793496e+02    1.2568876167e+02    1.2579714846e+02   -2.7107638515e-01   -1.3636193167e-01    1.2554298069e-01    6.9362612128e+01    2.9726833769e+01    2.9726833769e+01
    3.9686203949e+03    3.8227601042e+03   -5.3000798101e+04    1.2620922969e+02    1.2600903155e+02    1.2563898866e+02    4.4468828192e-01   -5.6463826362e-02    2.1306846252e-02    6.9362612128e+01    2.9726833769e+01    2.9726833769e+01
    3.9965822110e+03    3.8496942286e+03   -5.3022398593e+04    1.2654841051e+02    1.2564539406e+02    1.2556162641e+02   -3.0380582002e-02    2.6024099053e-01    1.2541791981e-01    6.9362612128e+01    2.9726833769e+01    2.9726833769e+01
    4.0158888864e+03    3.8682913180e+03   -5.3047194037e+04    1.2616911288e+02    1.2549732065e+02    1.2554544967e+02    2.0235485412e-01    2.7780278174e-01   -1.5372453866e-01    6.9362612128e+01    2.9726833769e+01    2.9726833769e+01
    3.9797256766e+03    3.8334572291e+03   -5.3012378540e+04    1.2654136266e+02    1.2549185756e+02    1.2553372450e+02    1.4818327187e-01   -2.3885766408e-01    3.5278054080e-02    6.9362612128e+01    2.9726833769e+01    2.9726833769e+01
    3.9933738109e+03    3.8466037481e+03   -5.3026214909e+04    1.2589467318e+02    1.2520203159e+02    1.2620333330e+02   -1.8139145194e-01    6.8014892566e-02    1.7251800691e-01    6.9362612128e+01    2.9726833769e+01    2.9726833769e+01
    4.0042414518e+03    3.8570719662e+03   -5.3034258049e+04    1.2603374720e+02    1.2597104279e+02    1.2523714952e+02   -1.8659708275e-01   -1.3873536463e-01   -1.7903950385e-02    6.9362612128e+01    2.9726833769e+01    2.9726833769e+01
    4.0364371004e+03    3.8880843153e+03   -5.3066924494e+04    1.2587231073e+02    1.2572100802e+02    1.2563800634e+02    4.8246710202e-03   -1.0508320120e-01    7.4441505600e-02    6.9362612128e+01    2.9726833769e+01    2.9726833769e+01
    3.9625507804e+03    3.8169135687e+03   -5.2995662879e+04    1.2651567384e+02    1.2545743293e+02    1.2593159898e+02    3.6718788681e-02   -2.9234944599e-02   -2.0618931528e-01    6.9362612128e+01    2.9726833769e+01    2.9726833769e+01
    4.0107186549e+03    3.8633111101e+03   -5.3038165718e+04    1.2565884990e+02    1.2557568682e+02    1.2598005770e+02   -3.6969061821e-02    1.0431415131e-01    5.9064505355e-02    6.9362612128e+01    2.9726833769e+01    2.9726833769e+01
    4.0101148378e+03    3.8627294853e+03   -5.3043749347e+04    1.2593883833e+02    1.2568059926e+02    1.2576001874e+02   -9.8205237190e-02    2.7439033272e-02   -3.2666959497e-02    6.9362612128e+01    2.9726833769e+01    2.9726833769e+01
    4.0375503257e+03    3.8891566257e+03   -5.3065057019e+04    1.2586100769e+02    1.2533438149e+02    1.2584726315e+02   -7.8614192503e-02   -3.6074052970e-01    1.0846130876e-01    6.9362612128e+01    2.9726833769e+01    2.9726833769e+01
    4.0311288625e+03    3.8829711731e+03   -5.3056368209e+04    1.2611700002e+02    1.2593162262e+02    1.2498980260e+02    2.3029133242e-01   -5.9558922019e-04    1.1747581695e-01    6.9362612128e+01    2.9726833769e+01    2.9726833769e+01
    4.0296942720e+03    3.8815893087e+03   -5.3062153563e+04    1.2584420314e+02    1.2558566430e+02    1.2585029876e+02    3.5269679258e-02   -1.0018069812e-01   -4.7605344874e-03    6.9362612128e+01    2.9726833769e+01    2.9726833769e+01
    4.0223981854e+03    3.8745613781e+03   -5.3052026307e+04    1.2589275520e+02    1.2583716155e+02    1.2528541517e+02   -7.9136776794e-02    4.0424129163e-01   -2.2764628839e-01    6.9362612128e+01    2.9726833769e+01    2.9726833769e+01
    4.0088043501e+03    3.8614671625e+03   -5.3042404442e+04    1.2557573959e+02    1.2606857436e+02    1.2565475723e+02   -2.0698691716e-01   -4.7723121009e-02   -2.6065499817e-01    6.9362612128e+01    2.9726833769e+01    2.9726833769e+01
    4.0058138619e+03    3.8585865849e+03   -5.3031775373e+04    1.2615990121e+02    1.2569348887e+02    1.2575171571e+02    1.7960229352e-01    2.0130776263e-01    1.4903366907e-01    6.9362612128e+01    2.9726833769e+01    2.9726833769e+01
    4.0103174201e+03    3.8629246220e+03   -5.3042892371e+04    1.2612939822e+02    1.2573370388e+02    1.2542146465e+02    1.0560056033e-01    3.2714301324e-01    1.7837772750e-02    6.9362612128e+01    2.9726833769e+01    2.9726833769e+01
    3.9939932846e+03    3.8472004540e+03   -5.3024523932e+04    1.2615733313e+02    1.2612705722e+02    1.2541396781e+02   -1.0967057997e-02   -2.1450409258e-01    2.5384653691e-02    6.9362612128e+01    2.9726833769e+01    2.9726833769e+01
    4.0113164892e+03    3.8638869719e+03   -5.3037541578e+04    1.2631071035e+02    1.2584841617e+02    1.2566807686e+02   -6.8374207997e-02    9.1871612002e-02   -1.0733096663e-01    6.9362612128e+01    2.9726833769e+01    2.9726833769e+01
    4.0311114212e+03    3.8829543729e+03   -5.3059944855e+04    1.2587246171e+02    1.2544823404e+02    1.2568650256e+02    1.6361143131e-02   -2.4331151137e-02    3.8730925365e-02    6.9362612128e+01    2.9726833769e+01    2.9726833769e+01
    3.9950175189e+03    3.8481870442e+03   -5.3022769132e+04    1.2638562070e+02    1.2564093672e+02    1.2596131626e+02    1.3193457196e-01   -1.0751236411e-01    1.5641112461e-01    6.9362612128e+01    2.9726833769e+01    2.9726833769e+01
    4.0362046877e+03    3.8878604445e+03   -5.3057623485e+04    1.2610573109e+02    1.2550579110e+02    1.2565093777e+02    1.0352288052e-01    1.2902862474e-01   -2.2698526543e-01    6.9362612128e+01    2.9726833769e+01    2.9726833769e+01
    4.0648409097e+03    3.9154441880e+03   -5.3092613499e+04    1.2548330316e+02    1.2615846738e+02    1.2519207875e+02   -6.6998930803e-02   -2.2247631329e-01   -2.3528007869e-01    6.9362612128e+01    2.9726833769e+01    2.9726833769e+01
    4.0048321000e+03    3.8576409060e+03   -5.3032261535e+04    1.2569833403e+02    1.2597655730e+02    1.2548614820e+02    1.6793597971e-01    1.5869867805e-01    1.0773111680e-01    6.9362612128e+01    2.9726833769e+01    2.9726833769e+01
    3.9938854735e+03    3.8470966053e+03   -5.3020957960e+04    1.2593537792e+02    1.2580425110e+02    1.2551667578e+02    1.8496898087e-01   -1.1804208799e-01   -5.9962715716e-02    6.9362612128e+01    2.9726833769e+01    2.9726833769e+01
    4.0062292351e+03    3.8589866917e+03   -5.3031247871e+04    1.2598536883e+02    1.2575102392e+02    1.2566402053e+02   -4.7707649497e-02    1.9414805198e-01   -7.3338221682e-02    6.9362612128e+01    2.9726833769e+01    2.9726833769e+01
    3.9956560716e+03    3.8488021279e+03   -5.3019453862e+04    1.2620641457e+02    1.2592031783e+02    1.2548564922e+02    1.4920693601e-02    1.6465226003e-01   -1.2312388025e-01    6.9362612128e+01    2.9726833769e+01    2.9726833769e+01
    4.0092460670e+03    3.8618926448e+03   -5.3039305881e+04    1.2587617131e+02    1.2587119394e+02    1.2571044575e+02   -1.4883354548e-01   -1.8916873645e-01    1.5870468748e-01    6.9362612128e+01    2.9726833769e+01    2.9726833769e+01
    4.0406438131e+03    3.8921364170e+03   -5.3068715909e+04    1.2590327278e+02    1.2528344521e+02    1.2550564270e+02    2.7191737116e-01   -2.6350010128e-02   -3.1498764648e-01    6.9362612128e+01    2.9726833769e+01    2.9726833769e+01
    3.9902982200e+03    3.8436411956e+03   -5.3021010078e+04    1.2547472853e+02    1.2587185550e+02    1.2611429212e+02   -4.3964764909e-02   -2.6313939392e-01    3.2214444197e-01    6.9362612128e+01    2.9726833769e+01    2.9726833769e+01
    4.0253438546e+03    3.8773987840e+03   -5.3055457049e+04    1.2676814498e+02    1.2588068788e+02    1.2517745078e+02   -8.8650821825e-03   -9.0354480381e-02    8.1683387579e-02    6.9362612128e+01    2.9726833769e+01    2.9726833769e+01
    4.0146153561e+03    3.8670645942e+03   -5.3042467166e+04    1.2626439995e+02    1.2575404779e+02    1.2547507299e+02   -1.8094867103e-01    1.6700524181e-01    6.8383272694e-02    6.9362612128e+01    2.9726833769e+01    2.9726833769e+01
    3.9994738702e+03    3.8524796095e+03   -5.3027572129e+04    1.2624518965e+02    1.2602969676e+02    1.2548605616e+02   -1.0527470316e-01   -6.9710656800e-02   -4.4473102231e-02    6.9362612128e+01    2.9726833769e+01    2.9726833769e+01
    3.9689551807e+03    3.8230825855e+03   -5.3000480212e+04    1.2606989085e+02    1.2567743697e+02    1.2548993895e+02   -6.6723560718e-02   -1.1937240631e-01    5.9683069843e-04    6.9362612128e+01    2.9726833769e+01    2.9726833769e+01
    3.9922968105e+03    3.8455663311e+03   -5.3024560687e+04    1.2628609383e+02    1.2590401551e+02    1.2553994260e+02    2.5478056017e-01    1.6898331070e-01    1.2426316744e-01    6.9362612128e+01    2.9726833769e+01    2.9726833769e+01
    4.0246510146e+03    3.8767314082e+03   -5.3051968027e+04    1.2537644289e+02    1.2590493193e+02    1.2560241335e+02    3.2768067710e-01   -7.5218894700e-03    1.3842721974e-01    6.9362612128e+01    2.9726833769e+01    2.9726833769e+01
    4.0412827224e+03    3.8927518442e+03   -5.3068327997e+04    1.2601665844e+02    1.2571056332e+02    1.2528199535e+02   -9.8580322481e-02    2.1966015043e-02    2.2880372656e-01    6.9362612128e+01    2.9726833769e+01    2.9726833769e+01
    4.0166102436e+03    3.8689861628e+03   -5.3045748148e+04    1.2583074799e+02    1.2537340874e+02    1.2573786351e+02    8.9086048818e-02   -2.0690649584e-02    2.3647457636e-01    6.9362612128e+01    2.9726833769e+01    2.9726833769e+01
    3.9987249181e+03    3.8517581838e+03   -5.3026317965e+04    1.2610603640e+02    1.2598160434e+02    1.2581626541e+02    2.7945582049e-02   -2.9419913314e-01    3.4503416209e-01    6.9362612128e+01    2.9726833769e+01    2.9726833769e+01
    3.9858909257e+03    3.8393958843e+03   -5.3016308906e+04    1.2586894753e+02    1.2571133729e+02    1.2607075820e+02    4.6560085479e-02   -2.1980151084e-01   -2.1181208473e-01    6.9362612128e+01    2.9726833769e+01    2.9726833769e+01
    4.0125347772e+03    3.8650604837e+03   -5.3043285072e+04    1.2608493269e+02    1.2552008487e+02    1.2571033526e+02   -1.3268446612e-01    1.3435159872e-01    2.7596367041e-01    6.9362612128e+01    2.9726833769e+01    2.9726833769e+01
    4.0110237663e+03    3.8636050075e+03   -5.3039709438e+04    1.2553447221e+02    1.2577281699e+02    1.2600675686e+02   -5.5817153324e-02    9.0761443152e-03   -9.1985358709e-02    6.9362612128e+01    2.9726833769e+01    2.9726833769e+01
    3.9834204268e+03    3.8370161846e+03   -5.3012765720e+04    1.2586895674e+02    1.2617361405e+02    1.2561439193e+02   -3.8989308607e-01    1.6990532822e-01    2.1039683133e-01    6.9362612128e+01    2.9726833769e+01    2.9726833769e+01
    3.9748442907e+03    3.8287552507e+03   -5.3007674375e+04    1.2602938833e+02    1.2642929686e+02    1.2546931641e+02   -9.2241971501e-02   -1.7776053523e-01    2.7109515901e-01    6.9362612128e+01    2.9726833769e+01    2.9726833769e+01
    3.9987154004e+03    3.8517490159e+03   -5.3028644916e+04    1.2653330658e+02    1.2542025350e+02    1.2594609496e+02   -2.0572438589e-01    2.3606913234e-01    1.4261614037e-01    6.9362612128e+01    2.9726833769e+01    2.9726833769e+01
    4.0125683813e+03    3.8650928527e+03   -5.3045557468e+04    1.2570940843e+02    1.2594986155e+02    1.2550887950e+02   -1.9091703267e-01    3.5919533103e-02   -3.6537013754e-01    6.9362612128e+01    2.9726833769e+01    2.9726833769e+01
    3.9799182122e+03    3.8336426884e+03   -5.3010052429e+04    1.2603758845e+02    1.2577206403e+02    1.2609417641e+02   -6.4813523550e-02    6.1667353094e-03   -1.4941636858e-01    6.9362612128e+01    2.9726833769e+01    2.9726833769e+01
    4.0283707573e+03    3.8803144376e+03   -5.3058287723e+04    1.2595108138e+02    1.2542406047e+02    1.2603933919e+02    1.0236211251e-01    1.1630149816e-01    1.1695446271e-01    6.9362612128e+01    2.9726833769e+01    2.9726833769e+01
    3.9628173433e+03    3.8171703345e+03   -5.2991875082e+04    1.2650244199e+02    1.2573874844e+02    1.2516827290e+02   -3.9386641069e-02   -2.5605817822e-01   -4.8467777950e-02    6.9362612128e+01    2.9726833769e+01    2.9726833769e+01
    3.9755396834e+03    3.8294250853e+03   -5.3007998736e+04    1.2622193227e+02    1.2549556471e+02    1.2551879582e+02    4.7929013403e-02   -3.2659059486e-01   -3.5423291842e-02    6.9362612128e+01    2.9726833769e+01    2.9726833769e+01
    3.9658573034e+03    3.8200985657e+03   -5.3000871189e+04    1.2606508220e+02    1.2566164854e+02    1.2593972971e+02    7.9733334565e-02   -1.1347725150e-01    1.5974014959e-01    6.9362612128e+01    2.9726833769e+01    2.9726833769e+01
    3.9503126983e+03    3.8051252777e+03   -5.2984430295e+04    1.2573992770e+02    1.2592672534e+02    1.2643651968e+02    1.5893033969e-01    7.6236180620e-02    1.0975352277e-01    6.9362612128e+01    2.9726833769e+01    2.9726833769e+01
    4.0224547913e+03    3.8746159035e+03   -5.3048861522e+04    1.2598798105e+02    1.2586175632e+02    1.2556250449e+02    6.3361067204e-02    1.5816532323e-01   -1.6099737455e-01    6.9362612128e+01    2.9726833769e+01    2.9726833769e+01
    3.9923874089e+03    3.8456535996e+03   -5.3023514631e+04    1.2608403703e+02    1.2564415980e+02    1.2570170838e+02    2.5671806763e-01    1.5522196830e-01    7.6126138350e-02    6.9362612128e+01    2.9726833769e+01    2.9726833769e+01
    4.0046938512e+03    3.8575077384e+03   -5.3033621618e+04    1.2617411977e+02    1.2561679134e+02    1.2535501536e+02   -8.2321115256e-02    9.5577858703e-03    3.7325579627e-02    6.9362612128e+01    2.9726833769e+01    2.9726833769e+01
    4.0141203729e+03    3.8665878033e+03   -5.3044434928e+04    1.2618617034e+02    1.2603094065e+02    1.2530312042e+02    2.4606196635e-01    1.5218972717e-02    1.0532586889e-01    6.9362612128e+01    2.9726833769e+01    2.9726833769e+01
    4.0245319192e+03    3.8766166899e+03   -5.3053863815e+04    1.2623481479e+02    1.2586855663e+02    1.2542216014e+02    2.0361647863e-02   -1.4113384857e-01   -3.9321960403e-02    6.9362612128e+01    2.9726833769e+01    2.9726833769e+01
    3.9637791792e+03    3.8180968197e+03   -5.2994668063e+04    1.2652501285e+02    1.2585367405e+02    1.2571723359e+02   -2.8638777238e-02   -1.6785629241e-02   -2.0896839316e-01    6.9362612128e+01    2.9726833769e+01    2.9726833769e+01
    3.9925451446e+03    3.8458055380e+03   -5.3020793105e+04    1.2607890321e+02    1.2566787919e+02    1.2582144632e+02   -9.9923177618e-02   -2.3096923706e-02   -1.1208902137e-01    6.9362612128e+01    2.9726833769e+01    2.9726833769e+01
    3.9924755866e+03    3.8457385365e+03   -5.3020343413e+04    1.2569342507e+02    1.2551154832e+02    1.2638120574e+02    2.1521747214e-01    2.6332499573e-01    2.3086897321e-01    6.9362612128e+01    2.9726833769e+01    2.9726833769e+01
    3.9898511543e+03    3.8432105610e+03   -5.3018199507e+04    1.2639316706e+02    1.2601729995e+02    1.2574035452e+02   -4.5613530030e-02    1.6302288805e-02   -1.7902111195e-01    6.9362612128e+01    2.9726833769e+01    2.9726833769e+01
    3.9869847852e+03    3.8404495407e+03   -5.3017020170e+04    1.2645966449e+02    1.2598859582e+02    1.2565756680e+02    1.5090286008e-01    8.6456016275e-02    6.6168933616e-02    6.9362612128e+01    2.9726833769e+01    2.9726833769e+01
    3.9964255567e+03    3.8495433318e+03   -5.3027875736e+04    1.2609156917e+02    1.2559541741e+02    1.2543359972e+02    9.1962457716e-02   -7.2791853873e-02   -1.5576022070e-01    6.9362612128e+01    2.9726833769e+01    2.9726833769e+01
    4.0099705674e+03    3.8625905173e+03   -5.3040163630e+04    1.2632816579e+02    1.2594022448e+02    1.2497391859e+02   -4.5974168279e-02   -2.0739704117e-01   -3.6135473690e-02    6.9362612128e+01    2.9726833769e+01    2.9726833769e+01
    4.0188681616e+03    3.8711610946e+03   -5.3049174768e+04    1.2592586498e+02    1.2597109240e+02    1.2555115038e+02    2.4001841947e-01   -5.1680424231e-02   -7.0963535745e-02    6.9362612128e+01    2.9726833769e+01    2.9726833769e+01
    4.0020909906e+03    3.8550005418e+03   -5.3034920473e+04    1.2585111770e+02    1.2550694875e+02    1.2572347458e+02   -1.3836506908e-01   -1.1652946773e-01   -8.9967409814e-02    6.9362612128e+01    2.9726833769e+01    2.9726833769e+01
    3.9473424899e+03    3.8022642346e+03   -5.2980509000e+04    1.2620521651e+02    1.2558460805e+02    1.2583353264e+02   -4.2855969196e-02    3.4710487853e-03    2.0758707477e-01    6.9362612128e+01    2.9726833769e+01    2.9726833769e+01
    3.9989742409e+03    3.8519983432e+03   -5.3029466777e+04    1.2554828865e+02    1.2615314624e+02    1.2549004037e+02    1.9437752754e-02   -4.2620880750e-02    1.8832533713e-01    6.9362612128e+01    2.9726833769e+01    2.9726833769e+01
    4.0368936561e+03    3.8885240909e+03   -5.3064708608e+04    1.2598681109e+02    1.2532621602e+02    1.2539554460e+02    2.4065797850e-01    7.4291719148e-02   -1.7523738361e-01    6.9362612128e+01    2.9726833769e+01    2.9726833769e+01
    4.0165038294e+03    3.8688836597e+03   -5.3046520061e+04    1.2618083725e+02    1.2554434485e+02    1.2534391349e+02   -2.0299664104e-01   -8.5375163973e-02    1.4352535400e-01    6.9362612128e+01    2.9726833769e+01    2.9726833769e+01
    3.9820690753e+03    3.8357144999e+03   -5.3011362622e+04    1.2643635414e+02    1.2531168496e+02    1.2585121000e+02   -4.9448203268e-02    1.6768622290e-01   -1.2146344933e-01    6.9362612128e+01    2.9726833769e+01    2.9726833769e+01
    4.0151130987e+03    3.8675440431e+03   -5.3047338299e+04    1.2613738481e+02    1.2643129382e+02    1.2505743187e+02   -2.2808800749e-01    1.4683077298e-01   -9.2302555352e-02    6.9362612128e+01    2.9726833769e+01    2.9726833769e+01
    3.9640656543e+03    3.8183727658e+03   -5.2994145594e+04    1.2644704061e+02    1.2606446844e+02    1.2567498084e+02    1.0140795426e-01    1.1168373078e-02    2.5704205881e-02    6.9362612128e+01    2.9726833769e+01    2.9726833769e+01
    3.9725960022e+03    3.8265895944e+03   -5.3003655098e+04    1.2628160630e+02    1.2553430353e+02    1.2609324840e+02    7.5516650104e-02    1.8567850426e-02    3.4802310396e-02    6.9362612128e+01    2.9726833769e+01    2.9726833769e+01
    3.9702689661e+03    3.8243480849e+03   -5.3002153161e+04    1.2618299501e+02    1.2612753021e+02    1.2550782641e+02   -6.8324975856e-02   -1.5527836238e-01   -1.5201781928e-01    6.9362612128e+01    2.9726833769e+01    2.9726833769e+01
    4.0186442646e+03    3.8709454267e+03   -5.3053657224e+04    1.2584280585e+02    1.2553436835e+02    1.2556721708e+02   -1.0553312619e-01    3.0259826200e-01    1.3069236779e-01    6.9362612128e+01    2.9726833769e+01    2.9726833769e+01
    4.0408183063e+03    3.8923044970e+03   -5.3068254956e+04    1.2628745200e+02    1.2562967731e+02    1.2493364008e+02   -2.5384717100e-01   -1.5953086265e-02   -1.8201240037e-01    6.9362612128e+01    2.9726833769e+01    2.9726833769e+01
    3.9793941021e+03    3.8331378411e+03   -5.3012981041e+04    1.2601986197e+02    1.2569774198e+02    1.2578555349e+02    3.1300568259e-03   -4.5512291683e-02    1.0759868655e-01    6.9362612128e+01    2.9726833769e+01    2.9726833769e+01
    3.9514313354e+03    3.8062028011e+03   -5.2983000860e+04    1.2614922690e+02    1.2586044283e+02    1.2565535645e+02   -3.2069122233e-02   -1.7272961142e-01   -3.7266494546e-02    6.9362612128e+01    2.9726833769e+01    2.9726833769e+01
    4.0210410964e+03    3.8732541667e+03   -5.3045172756e+04    1.2599445118e+02    1.2581580577e+02    1.2581422323e+02    2.2740361784e-01    2.3263492741e-02   -2.5434158405e-02    6.9362612128e+01    2.9726833769e+01    2.9726833769e+01
    3.9600598703e+03    3.8145142080e+03   -5.2993841260e+04    1.2679596654e+02    1.2556747286e+02    1.2581671498e+02    3.2707084439e-01    7.5905754385e-02   -5.3390817915e-03    6.9362612128e+01    2.9726833769e+01    2.9726833769e+01
    4.0393506655e+03    3.8908907970e+03   -5.3070449574e+04    1.2609871200e+02    1.2536414497e+02    1.2539130100e+02   -1.5179976397e-01    6.2076765861e-02    3.8510335147e-02    6.9362612128e+01    2.9726833769e+01    2.9726833769e+01
    4.0365865701e+03    3.8882282914e+03   -5.3066106957e+04    1.2601455226e+02    1.2601151265e+02    1.2545400569e+02    7.6442596059e-02   -1.0244098382e-01   -1.2209158964e-01    6.9362612128e+01    2.9726833769e+01    2.9726833769e+01
    3.9692801768e+03    3.8233956369e+03   -5.2996496649e+04    1.2636997463e+02    1.2586359307e+02    1.2590694969e+02    1.0807618610e-01   -1.3151479356e-01    3.0244466361e-02    6.9362612128e+01    2.9726833769e+01    2.9726833769e+01
    4.0058903808e+03    3.8586602914e+03   -5.3034962106e+04    1.2624583325e+02    1.2534482957e+02    1.2606657380e+02    2.6423278838e-02    9.9557685360e-02    1.6261252013e-01    6.9362612128e+01    2.9726833769e+01    2.9726833769e+01
    4.0022113790e+03    3.8551165054e+03   -5.3031333671e+04    1.2629655445e+02    1.2556747175e+02    1.2560472354e+02   -2.2588234863e-01   -3.0606257464e-02   -1.9196986971e-01    6.9362612128e+01    2.9726833769e+01    2.9726833769e+01
    3.9671788230e+03    3.8213715150e+03   -5.2998384622e+04    1.2590850062e+02    1.2584993665e+02    1.2641116249e+02   -1.4914275729e-01    6.9884515616e-03   -2.8323728745e-01    6.9362612128e+01    2.9726833769e+01    2.9726833769e+01
    4.0084667420e+03    3.8611419626e+03   -5.3040105985e+04    1.2610565058e+02    1.2557714203e+02    1.2621937934e+02    7.7205868064e-02    1.7613286455e-01    1.4143775025e-01    6.9362612128e+01    2.9726833769e+01    2.9726833769e+01
    4.0297556129e+03    3.8816483952e+03   -5.3061209585e+04    1.2634339410e+02    1.2524475609e+02    1.2548040121e+02   -1.1026609197e-01    2.2667190032e-01   -2.4733762727e-01    6.9362612128e+01    2.9726833769e+01    2.9726833769e+01
    3.9888418935e+03    3.8422383940e+03   -5.3020415354e+04    1.2624682837e+02    1.2547487782e+02    1.2603719413e+02   -1.2204363815e-01    1.4718659794e-01    1.3574078257e-01    6.9362612128e+01    2.9726833769e+01    2.9726833769e+01
    4.0045796559e+03    3.8573977401e+03   -5.3038080565e+04    1.2598240018e+02    1.2552473710e+02    1.2589650620e+02    2.8373158948e-01    9.9323595763e-02   -2.2084130379e-01    6.9362612128e+01    2.9726833769e+01    2.9726833769e+01
    4.0544440046e+03    3.9054294045e+03   -5.3079111974e+04    1.2608945398e+02    1.2605399380e+02    1.2515250114e+02    1.8248513723e-01    4.1382868430e-02   -1.1918221026e-01    6.9362612128e+01    2.9726833769e+01    2.9726833769e+01
    3.9813433091e+03    3.8350154081e+03   -5.3009886346e+04    1.2611121338e+02    1.2569397692e+02    1.2614101703e+02   -1.4655500536e-02    6.6361703419e-03    6.1268690583e-02    6.9362612128e+01    2.9726833769e+01    2.9726833769e+01
    3.9740018958e+03    3.8279438167e+03   -5.3008730505e+04    1.2610593492e+02    1.2553121058e+02    1.2614130813e+02   -2.1376480994e-01   -1.6454883991e-01    1.9865405163e-01    6.9362612128e+01    2.9726833769e+01    2.9726833769e+01
    3.9740018958e+03    3.8279438167e+03   -5.3008730505e+04    1.2610593492e+02    1.2553121058e+02    1.2614130813e+02   -2.1376480994e-01   -1.6454883991e-01    1.9865405163e-01    6.9362612128e+01    2.9726833769e+01    2.9726833769e+01
    3.9740018958e+03    3.8279438167e+03   -5.3008730505e+04    1.2610593492e+02    1.2553121058e+02    1.2614130813e+02   -2.1376480994e-01   -1.6454883991e-01    1.9865405163e-01    6.9362612128e+01    2.9726833769e+01    2.9726833769e+01
    3.9740018958e+03    3.8279438167e+03   -5.3008730505e+04    1.2610593492e+02    1.2553121058e+02    1.2614130813e+02   -2.1376480994e-01   -1.6454883991e-01    1.9865405163e-01    6.9362612128e+01    2.9726833769e+01    2.9726833769e+01
    3.9740018958e+03    3.8279438167e+03   -5.3008730505e+04    1.2610593492e+02    1.2553121058e+02    1.2614130813e+02   -2.1376480994e-01   -1.6454883991e-01    1.9865405163e-01    6.9362612128e+01    2.9726833769e+01    2.9726833769e+01
    3.9740018958e+03    3.8279438167e+03   -5.3008730505e+04    1.2610593492e+02    1.2553121058e+02    1.2614130813e+02   -2.1376480994e-01   -1.6454883991e-01    1.9865405163e-01    6.9362612128e+01    2.9726833769e+01    2.9726833769e+01
    3.9740018958e+03    3.8279438167e+03   -5.3008730505e+04    1.2610593492e+02    1.2553121058e+02    1.2614130813e+02   -2.1376480994e-01   -1.6454883991e-01    1.9865405163e-01    6.9362612128e+01    2.9726833769e+01    2.9726833769e+01
    3.9740018958e+03    3.8279438167e+03   -5.3008730505e+04    1.2610593492e+02    1.2553121058e+02    1.2614130813e+02   -2.1376480994e-01   -1.6454883991e-01    1.9865405163e-01    6.9362612128e+01    2.9726833769e+01    2.9726833769e+01
    3.9740018958e+03    3.8279438167e+03   -5.3008730505e+04    1.2610593492e+02    1.2553121058e+02    1.2614130813e+02   -2.1376480994e-01   -1.6454883991e-01    1.9865405163e-01    6.9362612128e+01    2.9726833769e+01    2.9726833769e+01
    3.9740018958e+03    3.8279438167e+03   -5.3008730505e+04    1.2610593492e+02    1.2553121058e+02    1.2614130813e+02   -2.1376480994e-01   -1.6454883991e-01    1.9865405163e-01    6.9362612128e+01    2.9726833769e+01    2.9726833769e+01
    3.9740018958e+03    3.8279438167e+03   -5.3008730505e+04    1.2610593492e+02    1.2553121058e+02    1.2614130813e+02   -2.1376480994e-01   -1.6454883991e-01    1.9865405163e-01    6.9362612128e+01    2.9726833769e+01    2.9726833769e+01
    3.9740018958e+03    3.8279438167e+03   -5.3008730505e+04    1.2610593492e+02    1.2553121058e+02    1.2614130813e+02   -2.1376480994e-01   -1.6454883991e-01    1.9865405163e-01    6.9362612128e+01    2.9726833769e+01    2.9726833769e+01
    3.9740018958e+03    3.8279438167e+03   -5.3008730505e+04    1.2610593492e+02    1.2553121058e+02    1.2614130813e+02   -2.1376480994e-01   -1.6454883991e-01    1.9865405163e-01    6.9362612128e+01    2.9726833769e+01    2.9726833769e+01
    3.9740018958e+03    3.8279438167e+03   -5.3008730505e+04    1.2610593492e+02    1.2553121058e+02    1.2614130813e+02   -2.1376480994e-01   -1.6454883991e-01    1.9865405163e-01    6.9362612128e+01    2.9726833769e+01    2.9726833769e+01
    3.9740018958e+03    3.8279438167e+03   -5.3008730505e+04    1.2610593492e+02    1.2553121058e+02    1.2614130813e+02   -2.1376480994e-01   -1.6454883991e-01    1.9865405163e-01    6.9362612128e+01    2.9726833769e+01    2.9726833769e+01
    3.9740018958e+03    3.8279438167e+03   -5.3008730505e+04    1.2610593492e+02    1.2553121058e+02    1.2614130813e+02   -2.1376480994e-01   -1.6454883991e-01    1.9865405163e-01    6.9362612128e+01    2.9726833769e+01    2.9726833769e+01
    3.9740018958e+03    3.8279438167e+03   -5.3008730505e+04    1.2610593492e+02    1.2553121058e+02    1.2614130813e+02   -2.1376480994e-01   -1.6454883991e-01    1.9865405163e-01    6.9362612128e+01    2.9726833769e+01    2.9726833769e+01
    3.9740018958e+03    3.8279438167e+03   -5.3008730505e+04    1.2610593492e+02    1.2553121058e+02    1.2614130813e+02   -2.1376480994e-01   -1.6454883991e-01    1.9865405163e-01    6.9362612128e+01    2.9726833769e+01    2.9726833769e+01
    3.9740018958e+03    3.8279438167e+03   -5.3008730505e+04    1.2610593492e+02    1.2553121058e+02    1.2614130813e+02   -2.1376480994e-01   -1.6454883991e-01    1.9865405163e-01    6.9362612128e+01    2.9726833769e+01    2.9726833769e+01
    3.9740018958e+03    3.8279438167e+03   -5.3008730505e+04    1.2610593492e+02    1.2553121058e+02    1.2614130813e+02   -2.1376480994e-01   -1.6454883991e-01    1.9865405163e-01    6.9362612128e+01    2.9726833769e+01    2.9726833769e+01
    3.9740018958e+03    3.8279438167e+03   -5.3008730505e+04    1.2610593492e+02    1.2553121058e+02    1.2614130813e+02   -2.1376480994e-01   -1.6454883991e-01    1.9865405163e-01    6.9362612128e+01    2.9726833769e+01    2.9726833769e+01
    3.9740018958e+03    3.8279438167e+03   -5.3008730505e+04    1.2610593492e+02    1.2553121058e+02    1.2614130813e+02   -2.1376480994e-01   -1.6454883991e-01    1.9865405163e-01    6.9362612128e+01    2.9726833769e+01    2.9726833769e+01
    3.9740018958e+03    3.8279438167e+03   -5.3008730505e+04    1.2610593492e+02    1.2553121058e+02    1.2614130813e+02   -2.1376480994e-01   -1.6454883991e-01    1.9865405163e-01    6.9362612128e+01    2.9726833769e+01    2.9726833769e+01
    3.9740018958e+03    3.8279438167e+03   -5.3008730505e+04    1.2610593492e+02    1.2553121058e+02    1.2614130813e+02   -2.1376480994e-01   -1.6454883991e-01    1.9865405163e-01    6.9362612128e+01    2.9726833769e+01    2.9726833769e+01
    3.9740018958e+03    3.8279438167e+03   -5.3008730505e+04    1.2610593492e+02    1.2553121058e+02    1.2614130813e+02   -2.1376480994e-01   -1.6454883991e-01    1.9865405163e-01    6.9362612128e+01    2.9726833769e+01    2.9726833769e+01
    3.9740018958e+03    3.8279438167e+03   -5.3008730505e+04    1.2610593492e+02    1.2553121058e+02    1.2614130813e+02   -2.1376480994e-01   -1.6454883991e-01    1.9865405163e-01    6.9362612128e+01    2.9726833769e+01    2.9726833769e+01
    3.9740018958e+03    3.8279438167e+03   -5.3008730505e+04    1.2610593492e+02    1.2553121058e+02    1.2614130813e+02   -2.1376480994e-01   -1.6454883991e-01    1.9865405163e-01    6.9362612128e+01    2.9726833769e+01    2.9726833769e+01
    3.9740018958e+03    3.8279438167e+03   -5.3008730505e+04    1.2610593492e+02    1.2553121058e+02    1.2614130813e+02   -2.1376480994e-01   -1.6454883991e-01    1.9865405163e-01    6.9362612128e+01    2.9726833769e+01    2.9726833769e+01
    3.9740018958e+03    3.8279438167e+03   -5.3008730505e+04    1.2610593492e+02    1.2553121058e+02    1.2614130813e+02   -2.1376480994e-01   -1.6454883991e-01    1.9865405163e-01    6.9362612128e+01    2.9726833769e+01    2.9726833769e+01
    3.9740018958e+03    3.8279438167e+03   -5.3008730505e+04    1.2610593492e+02    1.2553121058e+02    1.2614130813e+02   -2.1376480994e-01   -1.6454883991e-01    1.9865405163e-01    6.9362612128e+01    2.9726833769e+01    2.9726833769e+01
    3.9740018958e+03    3.8279438167e+03   -5.3008730505e+04    1.2610593492e+02    1.2553121058e+02    1.2614130813e+02   -2.1376480994e-01   -1.6454883991e-01    1.9865405163e-01    6.9362612128e+01    2.9726833769e+01    2.9726833769e+01
