-7.46977 -7.46979
-7.47244 -7.47255
-7.47649 -7.47645
-7.46893 -7.46904
-7.46907 -7.46888
-7.46794 -7.46793
-7.47194 -7.47195
-7.46306 -7.46325
-7.47176 -7.47177
-7.47488 -7.475
-7.46934 -7.46932
-7.46837 -7.46856
-7.4677 -7.46808
-7.47027 -7.4702
-7.4695 -7.46962
-7.47057 -7.47062
-7.47988 -7.47984
-7.4724 -7.47243
-7.47156 -7.47137
-7.46906 -7.46912
-7.46617 -7.46631
-7.46018 -7.46036
-7.45559 -7.4557
-7.45783 -7.45778
-7.45352 -7.45339
-7.46186 -7.46199
-7.45391 -7.45387
-7.44989 -7.44977
-7.46253 -7.4627
-7.45875 -7.45876
-7.45809 -7.45804
-7.46054 -7.46064
-7.45799 -7.45778
-7.45776 -7.45752
-7.46031 -7.46061
-7.46875 -7.46877
-7.46227 -7.46241
-7.45687 -7.45711
-7.45772 -7.45767
-7.46367 -7.46367
-7.44238 -7.44253
-7.43676 -7.43694
-7.44282 -7.44314
-7.44587 -7.44581
-7.44405 -7.44408
-7.43348 -7.43356
-7.44538 -7.44546
-7.44136 -7.44141
-7.44318 -7.44334
-7.4401 -7.4405
-7.443 -7.44317
-7.44388 -7.44393
-7.44265 -7.44295
-7.43839 -7.43857
-7.44821 -7.44828
-7.44868 -7.4491
-7.44975 -7.44967
-7.44481 -7.44516
-7.44831 -7.44846
-7.44442 -7.44428
-7.43807 -7.43824
-7.42867 -7.42882
-7.43351 -7.43361
-7.40473 -7.40426
-7.43261 -7.43237
-7.43601 -7.4364
-7.43687 -7.43712
-7.42717 -7.42728
-7.42215 -7.42203
-7.43081 -7.43107
-7.43122 -7.43117
-7.42835 -7.42884
-7.42306 -7.4234
-7.43076 -7.43104
-7.42785 -7.42794
-7.42795 -7.42801
-7.42528 -7.42498
-7.41592 -7.41608
-7.4391 -7.43949
-7.43167 -7.43169
-7.43032 -7.43044
-7.41351 -7.41396
-7.4092 -7.40949
-7.41147 -7.41168
-7.40966 -7.40939
-7.40967 -7.40945
-7.4067 -7.40716
-7.41613 -7.41624
-7.4214 -7.42141
-7.41483 -7.41498
-7.40524 -7.40514
-7.40679 -7.40665
-7.42966 -7.42981
-7.43485 -7.43495
-7.42109 -7.42099
-7.41846 -7.41844
-7.42456 -7.42437
-7.42797 -7.42805
-7.41305 -7.41334
