0.358891 0.310428 0.117483 -0.0795526 0.24017 -0.0740151 0.334574 0.285467 0.0557546 -0.0804394 0.239447 -0.0830803
0.440084 0.318143 0.376109 -0.00315218 0.270623 -0.089779 0.40443 0.282103 0.306571 -0.00544355 0.273914 -0.0868907
0.292399 0.313471 -0.122415 0.0271944 -0.223508 0.00623759 0.257282 0.273246 -0.203953 0.0256758 -0.226571 0.00553797
0.381989 0.281334 0.192912 -0.00373576 0.293734 -0.228604 0.354933 0.25817 0.131663 -0.00109383 0.30068 -0.231677
0.260423 0.313256 0.337408 0.0494632 0.0856767 0.101347 0.235912 0.282902 0.280655 0.0527271 0.0866403 0.100136
0.112096 0.168054 -0.292139 0.0100893 -0.348033 0.082342 0.0953073 0.14499 -0.361406 0.0115476 -0.349026 0.0894585
0.309366 0.311681 0.0612468 0.0152172 -0.100838 0.080848 0.277607 0.278494 -0.0122754 0.0122702 -0.0992706 0.0798525
0.2241 0.222973 -0.223778 0.0635616 -0.222909 0.108414 0.204784 0.210948 -0.29991 0.0679399 -0.22276 0.107368
0.374943 0.343065 0.449794 0.0508463 -0.147773 -0.236105 0.343168 0.319805 0.380756 0.0549636 -0.145366 -0.238048
0.195893 0.202964 -0.184668 0.0177107 0.129115 0.0748683 0.164961 0.17135 -0.260371 0.0166103 0.130146 0.0786466
0.145879 0.216313 -0.237947 -0.0767202 -0.225201 -0.205034 0.113833 0.190633 -0.302973 -0.0770271 -0.227947 -0.206712
0.369465 0.235033 -0.0185561 0.0386071 0.454866 -0.13926 0.327562 0.201327 -0.104004 0.0344217 0.461189 -0.136144
0.189342 0.203961 -0.188034 -0.012652 -0.141879 -0.119074 0.159631 0.171249 -0.257608 -0.0141642 -0.145562 -0.115636
0.282905 0.118239 -0.371498 -0.0068072 -0.0434358 0.0359888 0.25186 0.0833884 -0.451644 -0.00367678 -0.0429447 0.0347305
0.195757 0.225153 -0.176279 0.0209531 0.129647 -0.048128 0.164282 0.188535 -0.240866 0.0280959 0.129995 -0.0479949
0.184005 0.105774 -0.251205 -0.0266717 -0.0217716 -0.0216121 0.158896 0.0810863 -0.306556 -0.0297419 -0.0232985 -0.025521
0.340148 0.349559 0.492056 0.0123597 -0.0538795 -0.015089 0.303118 0.312928 0.421187 0.0127783 -0.0527159 -0.0170492
0.14432 0.140905 -0.522776 0.0778637 -0.0157318 0.212914 0.10922 0.110486 -0.600401 0.0815036 -0.0123278 0.217129
0.317243 0.387484 0.0691954 0.0169251 0.0385348 0.138169 0.279037 0.352263 -0.00204443 0.01882 0.0365857 0.141876
0.347125 0.400919 0.092284 -0.0218346 -0.245956 -0.081488 0.325318 0.372885 0.0137433 -0.0209944 -0.255504 -0.0856537
0.371425 0.320733 -0.146991 -0.00311696 0.124862 0.222013 0.340373 0.288234 -0.229355 -0.00509588 0.122956 0.226774
0.262151 0.320742 -0.0556374 0.0100448 -0.0462261 0.145384 0.246404 0.299144 -0.129096 0.00932997 -0.0417084 0.146171
0.355747 0.332104 -0.0846234 -0.0312607 0.260878 -0.123856 0.336567 0.302573 -0.155273 -0.0301664 0.255532 -0.122333
0.361576 0.466904 0.0590576 0.0581339 -0.139255 0.246694 0.335809 0.447715 -0.00149712 0.0563547 -0.139407 0.250288
0.389953 0.490724 0.257063 -0.0757939 -0.210702 -0.196486 0.374593 0.478169 0.198326 -0.0722781 -0.214172 -0.201276
0.389858 0.363444 0.200641 -0.0312904 -0.195678 0.201039 0.358629 0.32879 0.131935 -0.0305481 -0.201116 0.207418
0.538075 0.457262 0.224722 -0.0415589 0.162256 -0.203118 0.509934 0.434645 0.152246 -0.0380444 0.17202 -0.207114
0.15389 0.429458 -0.297338 -0.0105341 -0.281447 -0.117283 0.125085 0.415244 -0.368778 0.00359996 -0.282624 -0.118151
0.196538 0.180835 -0.344146 0.0637062 -0.324589 -0.242381 0.183418 0.161404 -0.413378 0.0635574 -0.325988 -0.241424
0.327104 0.397049 0.153346 0.0460949 0.195288 0.269979 0.287066 0.367716 0.089995 0.0495901 0.199349 0.271837
0.426902 0.363039 0.41865 -0.0663303 0.173932 0.0684833 0.391663 0.336421 0.373962 -0.0740004 0.172401 0.0669589
0.347372 0.340192 -0.0979072 -0.0476156 0.146259 0.0019524 0.323387 0.314402 -0.161691 -0.0488539 0.147479 -0.00247252
0.53838 0.455665 0.408948 0.0355354 0.127383 -0.176024 0.510374 0.443513 0.343857 0.0355959 0.12854 -0.179098
0.39666 0.424822 0.0629964 0.110731 0.134988 0.34823 0.361829 0.400175 -0.0123866 0.11034 0.137804 0.35102
0.350703 0.315811 -0.0680269 -0.0229392 -0.0910835 -0.324888 0.327088 0.301231 -0.137268 -0.0205575 -0.0907216 -0.326711
0.293682 0.348285 0.20284 -0.0170067 -0.119165 -0.237438 0.265546 0.327826 0.137001 -0.0196381 -0.12046 -0.239201
0.228782 0.256767 -0.246542 0.0345664 -0.087237 -0.0370246 0.202928 0.232246 -0.3079 0.038745 -0.0872828 -0.0347989
0.301907 0.367101 -0.209989 0.00561574 0.0023672 0.00749088 0.272872 0.35776 -0.283705 0.00932797 0.000764561 0.0109247
0.323348 0.344375 -0.127139 0.0394116 0.0447989 0.0658637 0.311523 0.321538 -0.196675 0.0411435 0.0408538 0.0635954
0.338462 0.359156 0.113381 -0.0184677 0.0936711 -0.285229 0.307385 0.333354 0.0530464 -0.0127695 0.0977318 -0.287947
0.43859 0.423113 0.122793 0.0357464 -0.217036 -0.263985 0.429175 0.412452 0.0778828 0.0437512 -0.214872 -0.26108
0.49383 0.461152 0.0589973 0.0514377 0.0797553 0.180329 0.486995 0.447933 0.013981 0.0471187 0.0818237 0.182904
0.459536 0.396575 -0.0778193 0.0763001 0.0123786 0.00353577 0.435845 0.397247 -0.142266 0.0801341 0.0138969 0.0042657
0.343825 0.251382 -0.587367 -0.0862895 0.178686 0.170973 0.317484 0.224819 -0.65157 -0.0957034 0.179449 0.168405
0.465182 0.384384 0.102967 -0.0477928 0.0830739 -0.0883324 0.44041 0.35976 0.0606568 -0.0482926 0.086287 -0.0924199
0.698802 0.490518 0.195497 -0.0701862 0.23643 0.0286572 0.683041 0.484014 0.151902 -0.0723221 0.235143 0.0260071
0.3929 0.273262 -0.470831 0.0861979 0.179267 0.173453 0.376761 0.250747 -0.528659 0.0803166 0.192386 0.168786
0.49188 0.346093 -0.060922 0.0010541 0.210519 0.0949467 0.484648 0.334976 -0.122956 0.00984288 0.209109 0.0940615
0.505842 0.392753 -0.021026 -0.0275451 0.199844 -0.00788356 0.477917 0.377536 -0.0836913 -0.0182363 0.201129 -0.0154365
0.460683 0.300858 -0.256329 -0.0230188 -0.0578152 0.223592 0.449178 0.295086 -0.306461 -0.0267933 -0.0631389 0.216713
0.523821 0.587599 0.0300949 -0.0723877 -0.256207 -0.129477 0.503666 0.572577 -0.0336943 -0.0687505 -0.264723 -0.136286
0.381681 0.435089 0.116252 -0.0662073 -0.0103883 -0.384606 0.368277 0.435643 0.0628353 -0.0671534 -0.0117149 -0.384706
0.225964 0.384041 -0.485368 -0.0123311 -0.0497616 0.0837518 0.197184 0.360404 -0.551609 -0.0124238 -0.0522118 0.0931709
0.358875 0.299135 -0.153091 -0.0687897 -0.217727 0.0342383 0.348666 0.277894 -0.181578 -0.0703012 -0.22259 0.0337687
0.182372 0.284547 -0.412435 -0.0127606 -0.263939 -0.170931 0.161089 0.251649 -0.480836 -0.0151532 -0.272368 -0.171522
0.30773 0.353128 -0.414093 -0.0214035 -0.00671865 0.0862245 0.291098 0.330581 -0.478381 -0.0257702 -0.0101866 0.0876193
0.295949 0.347969 -0.427109 -0.00996258 -0.0543387 -0.134144 0.264708 0.331547 -0.489776 -0.0131312 -0.0552109 -0.123142
0.284118 0.533673 -0.356725 -0.153354 -0.381442 -0.206777 0.254157 0.513237 -0.43874 -0.149898 -0.385827 -0.215964
0.1194 0.338224 -0.709302 0.0257785 -0.33165 0.158188 0.107555 0.323786 -0.777173 0.024446 -0.33166 0.154354
0.509617 0.4013 -0.0917131 0.0253397 -0.0741177 0.100057 0.512255 0.378938 -0.15797 0.0326221 -0.0726269 0.100633
0.446359 0.38838 -0.320721 -0.00229923 0.158335 -0.0247561 0.413768 0.368793 -0.397451 -0.0129179 0.163793 -0.0194313
0.528754 0.549273 -0.0534906 -0.0273156 -0.0371305 0.0725637 0.519143 0.552301 -0.126974 -0.0117597 -0.0287693 0.0770055
0.511116 0.304013 -0.137986 0.134054 -0.172402 0.277717 0.496518 0.290149 -0.207403 0.140994 -0.160713 0.281177
0.770656 0.760644 0.0493449 0.00171469 0.260979 -0.0318319 0.7672 0.770371 -0.0019088 0.00544275 0.261638 -0.0191364
0.506316 0.452663 -0.0181607 0.0960934 0.172696 0.0238221 0.498787 0.440425 -0.053993 0.0985168 0.173496 0.0306981
0.589322 0.673684 0.552193 -0.0269483 0.120243 -0.0774657 0.588794 0.68238 0.498312 -0.0273438 0.122127 -0.0652694
0.468466 0.723443 0.219853 0.122269 -0.238764 -0.0180806 0.435054 0.710535 0.140516 0.123391 -0.234432 -0.010429
0.480457 0.372114 -0.0554537 -0.0666141 0.116764 -0.0960508 0.474233 0.359006 -0.101751 -0.0685965 0.11366 -0.0970245
0.598334 0.475623 -0.0973147 -0.0940073 0.296131 -0.0332316 0.590264 0.465623 -0.165962 -0.0911708 0.296438 -0.0380356
0.535723 0.582634 0.0449315 0.00205165 0.0180605 -0.0551836 0.532532 0.566249 -0.0211785 0.00887267 0.0120385 -0.0388714
0.368623 0.472373 -0.130435 -0.0351987 -0.601825 0.208911 0.355961 0.461278 -0.192593 -0.0377416 -0.609908 0.202828
0.390293 0.23152 -0.508034 0.0856338 0.00450148 0.312855 0.368453 0.223141 -0.559146 0.0809559 0.0066382 0.320303
0.552502 0.381427 -0.232026 0.0429549 -0.0729611 0.487586 0.546891 0.336783 -0.277237 0.0454764 -0.0586888 0.494791
0.419712 0.382813 -0.327625 0.0115614 0.187154 0.0172029 0.401262 0.379794 -0.384543 0.00902751 0.191321 0.019841
0.509323 0.395903 -0.439546 0.0902501 -0.0936077 0.19787 0.503061 0.382608 -0.481904 0.0959475 -0.0898122 0.203565
0.599476 0.781963 0.430025 -0.0491076 -0.0789237 -0.557883 0.588364 0.783598 0.388872 -0.0406034 -0.0882626 -0.564469
0.122504 0.321102 -0.808389 -0.023895 -0.0974891 -0.327219 0.108719 0.309624 -0.860718 -0.0169348 -0.102722 -0.341375
0.600342 0.553564 -0.0371764 -0.0315424 0.415716 -0.341069 0.564781 0.557787 -0.081532 -0.0398104 0.415985 -0.351092
0.408305 0.438594 -0.261484 -0.0257126 0.117522 -0.0885689 0.402505 0.438447 -0.336355 -0.0240495 0.119952 -0.0883979
0.541412 0.548565 0.33307 -0.0929559 0.213788 -0.128291 0.53109 0.526344 0.292676 -0.0879042 0.211709 -0.133939
0.587176 0.606617 0.349984 0.0957467 0.515298 0.0353575 0.568062 0.591342 0.284058 0.10188 0.517019 0.0341664
0.373692 0.223399 -1.02607 0.0910914 0.367226 0.40688 0.347959 0.181015 -1.08609 0.102727 0.367978 0.423226
0.760114 0.659977 0.0673458 -0.0341014 0.0594503 0.0685944 0.757652 0.635741 0.0367822 -0.0231801 0.0537177 0.0687105
0.638417 0.650945 -0.0881545 0.016618 0.306286 0.182782 0.638148 0.661854 -0.115184 0.0118533 0.314806 0.173898
0.4526 0.400083 -0.265596 -0.106035 0.0135111 0.544665 0.444341 0.402556 -0.307975 -0.116973 0.0140598 0.545096
0.872769 0.555405 0.0582217 -0.0336762 0.330422 0.0714408 0.863508 0.533303 -0.00914433 -0.0406738 0.339466 0.0634858
0.886313 0.759447 0.129817 0.154013 -0.00336163 0.120791 0.872087 0.760588 0.0993314 0.170154 -0.00195601 0.111887
0.516669 0.620708 -0.124538 0.0631249 -0.189735 0.0210514 0.517682 0.606864 -0.177101 0.0598946 -0.193125 0.0170992
0.613101 0.56744 0.0230673 -0.0715791 0.271285 -0.324806 0.607775 0.555699 -0.0344597 -0.0724113 0.26573 -0.33572
0.629214 0.702307 0.219186 -0.20551 -0.0318642 -0.0333969 0.612125 0.695254 0.165739 -0.217733 -0.026702 -0.0422585
0.665036 0.684193 0.0263629 0.0837644 -0.213947 0.129012 0.657874 0.672435 -0.01871 0.0871604 -0.211693 0.139055
0.576122 0.553892 -0.675525 -0.187628 0.245511 -0.0808409 0.56993 0.534685 -0.755195 -0.184248 0.250363 -0.0739408
0.405247 0.497091 -0.231397 0.131033 0.347918 -0.0404599 0.376791 0.485388 -0.28386 0.139363 0.348369 -0.0325849
0.504975 0.530197 0.103278 -0.137093 -0.2173 -0.355255 0.477016 0.5056 0.0572417 -0.134221 -0.214745 -0.357287
0.737693 0.699705 0.0994051 -0.0616945 -0.114812 -0.020713 0.734453 0.690034 0.0309525 -0.057665 -0.111059 -0.0184595
0.521551 0.464444 -0.192023 0.0280906 -0.177848 0.0252526 0.504802 0.454714 -0.230952 0.0297247 -0.175667 0.0242271
0.358734 0.497888 -0.404608 0.000910921 -0.460957 -0.0759373 0.336165 0.473708 -0.456019 0.00466338 -0.462783 -0.0735123
0.386766 0.392272 -0.180601 -0.0371731 0.230261 -0.391714 0.38076 0.395842 -0.239311 -0.0472112 0.232673 -0.39253
0.628924 0.493219 0.0103156 -0.0849113 -0.108702 0.0998265 0.601463 0.496743 -0.0387482 -0.100685 -0.107512 0.109907
