0.11213 0.0969883 0.0367056 -0.0248549 0.0750373 -0.0231248 0.104532 0.0891895 0.0174196 -0.025132 0.0748112 -0.0259571
0.137497 0.0993988 0.117509 -0.000984849 0.0845519 -0.02805 0.126358 0.0881385 0.0957832 -0.00170075 0.0855801 -0.0271476
0.0913553 0.0979389 -0.0382466 0.00849645 -0.0698316 0.00194883 0.0803836 0.0853715 -0.063722 0.008022 -0.0707884 0.00173025
0.119346 0.0878982 0.0602724 -0.00116718 0.0917726 -0.0714235 0.110893 0.0806611 0.041136 -0.00034175 0.0939427 -0.0723836
0.0813649 0.0978718 0.105418 0.015454 0.0267683 0.0316643 0.0737069 0.0883881 0.0876863 0.0164737 0.0270694 0.031286
0.0350225 0.0525058 -0.0912741 0.00315225 -0.108737 0.0257264 0.0297772 0.0452997 -0.112916 0.00360788 -0.109048 0.0279499
0.0966566 0.0973798 0.0191356 0.00475436 -0.0315052 0.0252597 0.0867338 0.087011 -0.00383525 0.00383362 -0.0310155 0.0249486
0.0700164 0.0696644 -0.0699158 0.0198588 -0.0696445 0.0338724 0.0639815 0.0659074 -0.0937021 0.0212268 -0.0695978 0.0335454
0.117145 0.107185 0.140531 0.0158861 -0.0461694 -0.0737672 0.107217 0.0999179 0.118961 0.0171725 -0.0454172 -0.0743744
0.0612035 0.0634129 -0.0576964 0.00553342 0.0403399 0.0233914 0.0515395 0.0535355 -0.0813486 0.00518963 0.040662 0.0245719
0.0455777 0.0675834 -0.0743426 -0.02397 -0.0703606 -0.0640595 0.0355652 0.0595604 -0.0946591 -0.0240659 -0.0712184 -0.0645837
0.115434 0.0734323 -0.00579755 0.0120622 0.142116 -0.0435097 0.102341 0.0629013 -0.0324945 0.0107545 0.144091 -0.0425361
0.0591568 0.0637242 -0.0587483 -0.00395291 -0.0443277 -0.0372027 0.0498741 0.0535039 -0.0804856 -0.00442538 -0.0454785 -0.0361286
0.0883893 0.036942 -0.116068 -0.0021268 -0.0135708 0.0112441 0.0786896 0.0260534 -0.141109 -0.00114875 -0.0134174 0.010851
0.0611612 0.0703453 -0.0550757 0.00654648 0.0405062 -0.0150368 0.0513273 0.0589047 -0.0752546 0.00877813 0.0406149 -0.0149952
0.0574895 0.0330473 -0.0784849 -0.00833316 -0.0068022 -0.00675234 0.0496445 0.0253341 -0.0957784 -0.00929238 -0.00727925 -0.00797362
0.106274 0.109214 0.153735 0.00386159 -0.0168338 -0.00471431 0.0947045 0.0977695 0.131593 0.00399237 -0.0164702 -0.00532675
0.0450905 0.0440236 -0.163333 0.0243273 -0.00491515 0.0665215 0.034124 0.0345196 -0.187586 0.0254645 -0.00385162 0.0678386
0.0991176 0.121063 0.021619 0.00528798 0.0120396 0.0431686 0.0871805 0.110059 -0.00063875 0.00588 0.0114306 0.0443269
0.108454 0.125261 0.0288327 -0.00682188 -0.076845 -0.0254596 0.10164 0.116502 0.00429387 -0.00655937 -0.0798282 -0.0267611
0.116046 0.100208 -0.0459249 -0.000973843 0.0390112 0.0693644 0.106344 0.0900541 -0.0716584 -0.00159213 0.0384158 0.0708519
0.0819049 0.100211 -0.017383 0.00313835 -0.0144426 0.045423 0.076985 0.0934628 -0.040334 0.002915 -0.0130311 0.0456689
0.111148 0.103761 -0.0264392 -0.0097669 0.0815071 -0.038697 0.105155 0.0945342 -0.0485126 -0.009425 0.0798369 -0.0382209
0.112969 0.145877 0.0184516 0.018163 -0.0435079 0.0770757 0.104918 0.139881 -0.00046775 0.0176071 -0.0435554 0.0781986
0.121835 0.153319 0.0803153 -0.0236806 -0.0658306 -0.061389 0.117036 0.149396 0.0619637 -0.0225821 -0.0669145 -0.0628855
0.121805 0.113552 0.062687 -0.00977619 -0.0611364 0.0628116 0.112048 0.102725 0.0412209 -0.00954425 -0.0628356 0.0648044
0.168113 0.142864 0.0702107 -0.0129844 0.0506942 -0.0634611 0.159321 0.135798 0.0475667 -0.0118864 0.053745 -0.0647094
0.0480803 0.134177 -0.0928984 -0.0032912 -0.0879338 -0.0366431 0.0390808 0.129736 -0.115219 0.00112475 -0.0883012 -0.0369144
0.0614052 0.056499 -0.107523 0.019904 -0.101413 -0.0757281 0.0573061 0.0504282 -0.129153 0.0198575 -0.10185 -0.075429
0.102198 0.124052 0.0479105 0.0144016 0.0610147 0.0843506 0.0896891 0.114887 0.0281175 0.0154936 0.0622834 0.0849311
0.133379 0.113426 0.1308 -0.0207238 0.0543424 0.0213965 0.122369 0.105109 0.116838 -0.0231203 0.053864 0.0209203
0.108531 0.106288 -0.0305895 -0.0148767 0.0456964 0.000609995 0.101037 0.0982298 -0.0505176 -0.0152636 0.0460775 -0.0007725
0.168208 0.142365 0.127769 0.0111025 0.0397989 -0.054996 0.159458 0.138568 0.107432 0.0111214 0.0401602 -0.0559564
0.12393 0.132729 0.0196822 0.034596 0.042175 0.108799 0.113048 0.125028 -0.00387 0.0344739 0.0430548 0.109671
0.109572 0.09867 -0.0212539 -0.007167 -0.0284576 -0.101506 0.102193 0.0941149 -0.0428871 -0.00642287 -0.0283445 -0.102076
0.0917562 0.108816 0.0633742 -0.00531348 -0.037231 -0.0741837 0.0829656 0.102424 0.0428039 -0.00613562 -0.0376358 -0.0747345
0.0714793 0.0802226 -0.077028 0.0107997 -0.0272558 -0.0115677 0.0634016 0.0725616 -0.0961985 0.0121053 -0.0272701 -0.0108724
0.0943261 0.114695 -0.0656078 0.00175455 0.000739592 0.00234041 0.0852545 0.111776 -0.088639 0.00291438 0.000238875 0.00341325
0.101025 0.107595 -0.0397226 0.0123135 0.0139967 0.0205781 0.0973304 0.10046 -0.061448 0.0128546 0.0127641 0.0198694
0.105747 0.112213 0.0354241 -0.00576994 0.0292661 -0.0891151 0.0960376 0.104151 0.0165735 -0.00398962 0.0305347 -0.0899645
0.13703 0.132195 0.0383646 0.0111684 -0.0678096 -0.0824779 0.134089 0.128864 0.0243332 0.0136694 -0.0671332 -0.0815704
0.154289 0.14408 0.0184328 0.0160709 0.0249183 0.0563409 0.152154 0.13995 0.00436812 0.0147215 0.0255645 0.0571455
0.143575 0.123903 -0.0243134 0.0238388 0.0038675 0.00110469 0.136173 0.124114 -0.0444486 0.0250366 0.00434188 0.00133275
0.107423 0.0785403 -0.183513 -0.0269598 0.0558277 0.0534179 0.0991928 0.0702411 -0.203573 -0.029901 0.056066 0.0526155
0.145339 0.120095 0.0321705 -0.0149321 0.0259551 -0.027598 0.137599 0.112401 0.0189513 -0.0150882 0.026959 -0.0288751
0.21833 0.153255 0.0610798 -0.0219286 0.0738688 0.00895347 0.213405 0.151222 0.0474595 -0.0225959 0.0734666 0.0081255
0.122755 0.0853765 -0.147104 0.0269312 0.0560093 0.0541926 0.117713 0.078342 -0.165171 0.0250936 0.0601079 0.0527345
0.15368 0.108131 -0.0190341 0.000329338 0.0657732 0.0296646 0.151421 0.104658 -0.0384158 0.00307525 0.0653328 0.029388
0.158042 0.12271 -0.00656925 -0.00860604 0.0624382 -0.00246309 0.149318 0.117955 -0.026148 -0.00569763 0.0628396 -0.00482287
0.143933 0.0939981 -0.0800859 -0.00719185 -0.0180634 0.0698577 0.140339 0.0921949 -0.0957489 -0.00837112 -0.0197267 0.0677085
0.163659 0.183586 0.00940268 -0.0226164 -0.0800479 -0.0404531 0.157362 0.178893 -0.0105273 -0.02148 -0.0827084 -0.0425805
0.11925 0.135937 0.036321 -0.0206854 -0.00324566 -0.120164 0.115062 0.13611 0.0196319 -0.020981 -0.00366012 -0.120195
0.0705988 0.119987 -0.151645 -0.00385265 -0.0155472 0.0261669 0.0616071 0.112602 -0.172341 -0.00388163 -0.0163128 0.0291097
0.112125 0.0934598 -0.0478309 -0.0214922 -0.0680255 0.0106972 0.108935 0.0868236 -0.0567311 -0.0219645 -0.0695447 0.0105505
0.0569791 0.0889022 -0.128859 -0.00398685 -0.0824634 -0.0534048 0.0503298 0.0786237 -0.150229 -0.00473438 -0.085097 -0.0535892
0.0961454 0.110329 -0.129377 -0.00668718 -0.00209914 0.0269395 0.090949 0.103285 -0.149462 -0.0080515 -0.00318262 0.0273753
0.0924645 0.108717 -0.133443 -0.00311265 -0.0169772 -0.0419112 0.0827036 0.103586 -0.153023 -0.00410262 -0.0172497 -0.0384739
0.0887682 0.166738 -0.111453 -0.047913 -0.119175 -0.0646041 0.0794073 0.160353 -0.137077 -0.0468334 -0.120545 -0.0674744
0.0373045 0.105673 -0.22161 0.00805409 -0.103619 0.0494234 0.0336038 0.101162 -0.242815 0.00763775 -0.103622 0.0482255
0.159222 0.12538 -0.0286543 0.007917 -0.0231569 0.0312613 0.160046 0.118393 -0.0493552 0.0101922 -0.0226911 0.0314412
0.139458 0.121343 -0.100204 -0.000718358 0.0494694 -0.00773466 0.129275 0.115224 -0.124177 -0.004036 0.0511746 -0.006071
0.165201 0.171612 -0.0167123 -0.00853432 -0.0116008 0.0226714 0.162198 0.172558 -0.0396709 -0.00367412 -0.0089885 0.0240591
0.15969 0.094984 -0.0431117 0.0418831 -0.0538642 0.0867684 0.155129 0.0906524 -0.0647996 0.0440514 -0.0502121 0.0878491
0.240779 0.237651 0.015417 0.000535728 0.0815386 -0.00994538 0.2397 0.24069 -0.000596375 0.0017005 0.0817446 -0.00597887
0.15819 0.141427 -0.00567403 0.0300228 0.0539561 0.00744283 0.155838 0.137604 -0.0168693 0.03078 0.0542061 0.00959112
0.184124 0.210482 0.172524 -0.00841956 0.037568 -0.0242029 0.183959 0.213199 0.15569 -0.00854312 0.0381565 -0.0203924
0.146365 0.226028 0.0686896 0.038201 -0.074598 -0.00564901 0.135926 0.221995 0.0439019 0.0385515 -0.0732445 -0.00325837
0.150111 0.116261 -0.0173256 -0.0208125 0.036481 -0.0300095 0.148167 0.112166 -0.0317906 -0.0214319 0.0355114 -0.0303138
0.18694 0.148601 -0.0304044 -0.0293711 0.0925214 -0.0103827 0.184419 0.145476 -0.0518522 -0.0284849 0.0926173 -0.0118836
0.167378 0.182035 0.0140381 0.000641005 0.00564271 -0.0172413 0.166381 0.176915 -0.00661687 0.00277212 0.00376125 -0.0121447
0.11517 0.147585 -0.0407522 -0.0109973 -0.188031 0.0652709 0.111214 0.144119 -0.0601725 -0.0117917 -0.190556 0.0633703
0.121941 0.0723348 -0.158727 0.0267549 0.00140642 0.0977467 0.115117 0.0697169 -0.174696 0.0252934 0.002074 0.100074
0.17262 0.119171 -0.0724927 0.0134206 -0.0227955 0.152338 0.170867 0.105223 -0.0866184 0.0142084 -0.0183364 0.15459
0.131132 0.119604 -0.102361 0.00361216 0.0584732 0.00537478 0.125368 0.11866 -0.120144 0.0028205 0.0597751 0.006199
0.15913 0.123694 -0.137329 0.0281972 -0.0292462 0.0618214 0.157173 0.11954 -0.150563 0.0299773 -0.0280604 0.0636006
0.187297 0.244312 0.134355 -0.0153429 -0.0246585 -0.174302 0.183825 0.244823 0.121497 -0.0126859 -0.0275762 -0.176359
0.0382745 0.100323 -0.252568 -0.00746561 -0.0304589 -0.102234 0.0339675 0.096737 -0.268918 -0.005291 -0.0320939 -0.106657
0.187567 0.172952 -0.0116152 -0.00985492 0.129884 -0.106562 0.176457 0.174272 -0.0254734 -0.0124381 0.129968 -0.109693
0.127568 0.137032 -0.0816963 -0.00803349 0.0367179 -0.0276719 0.125756 0.136986 -0.105089 -0.00751387 0.0374771 -0.0276185
0.169156 0.17139 0.104062 -0.0290426 0.0667947 -0.0400824 0.16593 0.164448 0.091442 -0.0274643 0.066145 -0.041847
0.183454 0.189528 0.109347 0.0299145 0.160997 0.0110469 0.177482 0.184755 0.0887495 0.0318309 0.161534 0.0106748
0.116754 0.0697974 -0.32058 0.0284601 0.114734 0.127123 0.108714 0.0565551 -0.33933 0.0320955 0.114969 0.13223
0.237485 0.206199 0.0210411 -0.0106544 0.0185743 0.0214312 0.236716 0.198627 0.011492 -0.00724225 0.0167832 0.0214675
0.199463 0.203377 -0.0275425 0.00519202 0.0956941 0.0571072 0.199379 0.206786 -0.0359875 0.00370338 0.0983563 0.0543317
0.141408 0.125 -0.0829813 -0.0331288 0.00422132 0.170172 0.138827 0.125772 -0.0962218 -0.0365465 0.00439275 0.170307
0.272683 0.173527 0.0181904 -0.0105216 0.103235 0.0223205 0.269789 0.166622 -0.002857 -0.0127079 0.106061 0.0198351
0.276914 0.237277 0.0405592 0.048119 -0.00105029 0.0377392 0.27247 0.237633 0.0310345 0.0531619 -0.000611125 0.0349573
0.161425 0.19393 -0.0389098 0.0197224 -0.0592796 0.00657717 0.161741 0.189605 -0.0553323 0.0187131 -0.0603387 0.00534238
0.191554 0.177288 0.00720699 -0.0223637 0.0847587 -0.10148 0.18989 0.173619 -0.0107664 -0.0226238 0.0830231 -0.104891
0.196588 0.219424 0.068481 -0.0642085 -0.00995545 -0.0104343 0.191249 0.217221 0.0517826 -0.0680273 -0.00834263 -0.013203
0.20778 0.213765 0.00823668 0.0261708 -0.0668442 0.0403076 0.205542 0.210092 -0.00584562 0.0272319 -0.0661402 0.0434456
0.18 0.173055 -0.211057 -0.0586214 0.0767061 -0.0252574 0.178065 0.167054 -0.235948 -0.0575652 0.078222 -0.0231016
0.126613 0.155308 -0.0722964 0.0409391 0.108701 -0.0126411 0.117722 0.151652 -0.0886876 0.0435416 0.108842 -0.0101806
0.157771 0.165651 0.0322675 -0.0428326 -0.0678919 -0.110994 0.149036 0.157967 0.0178843 -0.0419353 -0.0670936 -0.111628
0.23048 0.218612 0.0310575 -0.0192755 -0.0358711 -0.00647144 0.229468 0.21559 0.00967062 -0.0180165 -0.0346986 -0.00576737
0.16295 0.145108 -0.0599946 0.00877646 -0.0555657 0.00788977 0.157717 0.142068 -0.0721572 0.009287 -0.0548845 0.00756937
0.112081 0.155557 -0.126413 0.000284603 -0.144019 -0.0237254 0.10503 0.148003 -0.142476 0.001457 -0.144589 -0.0229678
0.120839 0.122559 -0.0564259 -0.0116141 0.0719413 -0.122385 0.118963 0.123675 -0.0747688 -0.0147504 0.072695 -0.12264
0.196497 0.154098 0.00322294 -0.0265292 -0.0339621 0.0311892 0.187918 0.155199 -0.0121063 -0.0314574 -0.0335904 0.0343386
