-6.88373 -6.88212
-6.84761 -6.84409
-6.86984 -6.86614
-6.85574 -6.85078
-6.83303 -6.83057
-6.89472 -6.89102
-6.88445 -6.89437
-6.78682 -6.78516
-6.85976 -6.86223
-6.88854 -6.88343
-6.83252 -6.84039
-6.95849 -6.96209
-6.90243 -6.90096
-6.8626 -6.85996
-6.81453 -6.81145
-6.86385 -6.86608
-6.87129 -6.87233
-6.84671 -6.84887
-6.88587 -6.88378
-6.90811 -6.91182
-6.81917 -6.81408
-6.82992 -6.82989
-6.90933 -6.91267
-6.89609 -6.89773
-6.80636 -6.80079
-6.8407 -6.84472
-6.83484 -6.83973
-6.86927 -6.87299
-6.79976 -6.79998
-6.81214 -6.81829
-6.84652 -6.84209
-6.74627 -6.74558
-6.82731 -6.82166
-6.73831 -6.73425
-6.81865 -6.81337
-6.79875 -6.79618
-6.77374 -6.78046
-6.78506 -6.79112
-6.72833 -6.72851
-6.79962 -6.8006
-6.8068 -6.80504
-6.81914 -6.81256
-6.77522 -6.77197
-6.81338 -6.80692
-6.78709 -6.78844
-6.778 -6.77386
-6.83014 -6.82197
-6.76791 -6.76433
-6.84851 -6.84978
-6.76033 -6.75707
-6.25634 -6.25841
-6.22923 -6.22822
-6.32081 -6.31639
-6.25109 -6.24789
-6.30869 -6.31105
-6.27233 -6.27044
-6.30607 -6.30753
-6.26779 -6.27435
-6.27775 -6.2802
-6.25493 -6.25297
-6.79072 -6.79483
-6.74134 -6.7434
-6.78725 -6.79465
-6.77659 -6.77618
-6.79785 -6.80395
-6.82134 -6.83227
-6.72545 -6.73168
-6.72514 -6.72956
-6.82186 -6.82961
-6.7293 -6.73343
-6.63202 -6.63913
-6.6419 -6.64015
-6.6942 -6.69686
-6.60453 -6.60542
-6.69234 -6.69337
-6.65602 -6.65805
-6.67395 -6.67873
-6.69282 -6.69107
-6.67013 -6.66903
-6.66184 -6.66411
