2.08922 5.24208 3.41714 2.82136 1.95149 -0.138449 1.91302 5.37459 3.23127 2.69963 1.74133 0.00811852
8.63318 7.65289 4.29049 1.79289 -0.843229 -0.485183 8.73796 7.65253 4.50403 1.98812 -0.892843 -0.339251
6.77333 6.24751 3.3082 -1.89549 -2.40553 -0.212598 6.67621 5.91472 3.53178 -1.94537 -2.31391 -0.350543
6.00309 4.18442 7.43387 -0.102292 1.87124 -0.694264 5.88288 4.01479 7.24697 -0.0123666 1.9298 -0.617106
7.08614 5.53379 9.13819 -1.37689 0.0157924 1.60118 7.09073 5.21816 8.86076 -1.29951 0.0440156 1.53183
3.58358 4.35427 10.063 -0.946174 0.46078 -1.85414 3.55127 4.02453 10.2478 -1.17138 0.348327 -1.75879
5.97538 8.74847 9.12889 0.870269 1.37563 0.8488 5.9075 8.14329 8.91692 0.782767 1.5414 0.846131
6.57436 5.82437 4.8741 1.16088 -0.855586 2.54992 6.69952 5.47075 4.75782 0.89888 -0.892364 2.72304
9.12873 9.76 12.2708 -0.621684 0.239216 0.148808 8.9407 9.42282 11.3724 -0.553232 0.247254 0.112944
3.83818 6.94615 7.84593 0.124921 -0.346778 1.19758 3.93457 6.85239 7.6298 -0.0594292 -0.450649 0.791151
4.24423 0.598382 3.06427 0.364464 2.34643 0.32681 3.96967 1.05178 3.21163 0.406852 2.39073 0.293981
-0.523167 5.43158 2.71058 1.59162 -0.938819 1.35308 -0.187171 5.52168 2.73326 1.68882 -0.805383 1.28604
3.10892 0.726612 -0.674641 -0.343428 -0.66373 2.38722 3.57573 0.447697 -0.744743 -0.435218 -0.411297 2.53655
0.253516 1.83952 2.49462 -0.748 -2.28113 0.57428 0.247769 2.08256 2.60525 -1.02008 -2.31209 0.48568
-1.1074 4.05783 1.02745 0.0842044 0.145441 -0.061499 -0.964537 3.88856 0.754404 0.161501 0.265561 -0.25446
2.43287 3.29496 -2.40952 0.31242 1.44446 -2.31283 2.52916 3.42208 -2.00558 0.190603 1.31535 -2.1412
0.0142425 2.55521 3.75628 -1.06576 1.26218 -0.733444 -0.128311 2.50512 3.75152 -0.99916 1.26051 -0.905744
2.25175 3.52011 5.74153 0.604808 -0.116497 0.877901 2.08621 3.1858 5.89014 0.550925 -0.0671304 1.03752
1.17412 2.47671 -0.629338 -0.273395 0.686939 -1.38367 0.918186 2.26173 -0.492511 -0.397231 0.791168 -1.24509
0.529217 -0.38744 1.17478 -3.18205 1.57268 -2.61181 0.563072 -0.370962 1.22865 -3.03686 1.70666 -2.70205
1.18957 -3.4519 -1.52081 -1.20661 -0.0525358 1.89169 1.40129 -3.2276 -1.53672 -1.16152 0.0390245 1.76458
2.90368 2.01833 -1.51453 -0.290635 -0.831184 1.08786 2.83885 1.75981 -1.71153 -0.195171 -0.87372 0.951801
-3.82022 -1.75875 -4.99176 -0.17644 -0.686593 -2.47306 -3.71221 -1.69736 -4.81315 -0.238486 -0.780674 -2.4497
-1.91705 -3.38049 1.19099 -1.86427 1.82668 0.974041 -2.12595 -3.31161 1.37962 -2.0335 1.79586 0.886457
-0.540327 -0.282112 0.388836 0.458773 2.21423 0.0211155 -0.259999 -0.28852 0.590602 0.722235 2.13439 0.0202207
1.10139 -0.510541 -2.33919 0.885258 1.18608 0.49562 0.9744 -0.551033 -2.37324 0.724717 1.22283 0.426254
-0.0337534 -1.71256 -0.519946 0.297171 -0.399354 -0.872392 0.00691589 -1.65492 -0.481704 0.338325 -0.385902 -0.822841
1.25424 1.28467 -1.08939 -0.983038 0.0579193 0.370897 1.32363 1.36789 -1.06179 -0.958953 0.0797788 0.3515
-0.410588 -1.44822 -1.49637 0.242183 -0.785644 -1.32074 -0.419676 -1.57411 -1.53401 0.374483 -0.847626 -1.24077
0.575018 -4.04926 -3.64159 1.08571 -0.182955 -0.573846 0.500168 -3.98955 -3.65476 1.10261 -0.175252 -0.497313
-2.44769 -4.03114 -3.37463 1.18489 1.60517 -0.113347 -2.14107 -3.74735 -3.3073 1.28395 1.50894 -0.0934006
-2.35921 -3.85477 -2.2718 -1.75164 0.248185 0.462664 -2.706 -3.97634 -2.30849 -1.97417 0.245308 0.55705
-3.1234 -3.26784 -1.66882 0.871637 -0.0373474 -0.0515331 -3.37998 -3.3024 -1.78601 1.04575 0.10096 -0.122491
0.684396 0.6986 -0.851833 0.779518 -0.6744 -1.47773 0.805044 0.721255 -0.812007 0.811373 -0.624086 -1.40254
-2.40416 -0.036979 -0.307764 0.442097 -1.7601 0.0322343 -2.6501 -0.414066 -0.654625 0.585311 -1.673 0.108038
-1.42139 -1.14887 0.116108 -0.341413 0.292256 1.50631 -1.14048 -1.10095 0.345197 -0.251012 0.225508 1.47383
-3.72673 -3.51228 -0.834429 0.731888 0.0147906 1.34179 -3.93159 -3.53262 -0.855042 0.835157 0.028026 1.30994
-3.8923 -2.19615 -0.00478663 1.42844 -0.0362607 -1.02752 -3.52755 -1.93555 0.0977082 1.32554 -0.096232 -1.03526
0.138702 -0.701186 -1.84666 -0.0825078 1.35041 -0.140664 0.0824381 -1.0047 -1.9341 -0.238545 1.27386 -0.314344
-2.18191 -1.01357 -2.69831 1.18691 -1.99611 -0.0261977 -1.99292 -0.702991 -2.69949 1.24351 -2.0247 -0.0964997
14.9788 13.7661 12.8268 0.524624 -0.079649 0.300018 14.9181 13.6519 13.3104 0.48388 -0.167634 0.345658
17.4011 13.2192 16.6114 0.165858 -1.35655 -0.827881 17.2774 13.2647 16.4175 0.244578 -1.38122 -1.12181
11.571 14.0668 13.747 1.6379 -1.61638 -1.66831 12.5841 14.3397 13.9728 1.69334 -1.71321 -1.28403
10.4524 13.362 12.7 1.63536 -1.2633 2.32735 10.4872 13.6127 12.6533 1.70398 -1.28485 2.24236
19.2289 18.4201 14.9 -0.839037 5.91564 0.447452 19.2081 18.0332 14.51 -0.904544 5.9861 0.238706
17.3258 13.5483 13.3818 -0.425462 0.668909 1.04969 17.1494 13.3933 13.4959 -0.500737 0.552282 1.03149
18.3612 14.6893 16.5917 1.53246 0.144408 1.2164 18.0061 14.064 16.4919 1.55589 0.104061 1.1872
10.6995 12.2747 14.2151 -1.47048 0.917982 -0.0439398 10.7458 12.9036 14.4913 -1.24536 1.08932 -0.621068
8.79741 16.3964 11.5344 -1.10816 -0.836988 1.90256 8.46135 16.3762 11.1414 -1.40263 -0.777521 1.88725
18.4535 21.5349 15.4716 0.78213 2.02532 -0.0702136 18.4807 21.1223 15.1184 0.73202 1.98648 -0.175692
83.174 78.0018 81.0164 -1.59497 -5.42125 0.840771 83.8496 78.0224 80.4909 -1.47312 -5.44275 0.265021
79.9957 85.3109 79.7367 -0.00960561 -5.55065 -4.48673 80.9556 85.1706 79.7834 0.131197 -5.16453 -4.76682
79.7425 79.5249 77.0648 1.04047 -2.59908 3.20837 79.8804 79.7993 76.9892 1.07691 -2.92124 3.15544
82.3697 76.1922 85.1002 3.12506 0.545792 -4.89099 82.7903 76.2025 85.7141 3.09668 0.0282342 -4.42601
82.4907 79.1646 77.7381 -2.32364 -0.571113 2.45638 82.6619 79.8998 77.421 -2.26552 -0.161658 2.01806
84.2494 81.946 79.7636 -2.37526 -5.8893 4.29055 84.3712 81.0162 80.2066 -1.99513 -6.24355 3.77626
81.0641 79.4953 78.3617 -1.41943 -1.14748 5.50126 81.0586 79.0845 78.7009 -1.66281 -1.366 5.26447
83.8872 83.349 83.4512 1.22886 -3.80545 1.48524 83.4963 81.9985 83.2767 0.522342 -3.6216 1.13334
85.0728 81.4328 82.5865 -3.43316 0.678953 2.33582 85.0887 81.5741 82.3909 -3.40155 0.313672 1.99536
83.6523 79.4335 81.9398 0.355084 -0.735697 6.1687 84.0145 79.1214 82.0305 0.495666 -0.636684 6.55141
13.1136 16.971 16.1066 -2.3388 -1.94147 -2.18902 13.0606 17.6314 16.6059 -1.82919 -1.66822 -2.36337
13.7926 15.7279 18.3909 0.721036 -0.165832 -0.639339 14.099 15.5263 18.1627 0.554512 -0.636087 -0.808462
17.1606 14.9272 16.2345 -1.46153 0.666523 1.35921 17.3409 14.9105 16.2629 -1.32067 0.867671 1.36565
17.784 13.1609 17.5991 4.43544 2.56018 2.63963 18.0657 13.2931 18.0397 4.18506 2.62254 2.44959
16.471 14.6805 16.8484 -0.748877 0.102963 -1.93368 16.8886 14.838 17.0326 -0.760038 0.0290026 -1.62074
14.6379 9.45667 10.7681 -1.07217 0.309153 -0.562682 14.9998 9.33989 10.8318 -1.17023 0.0562677 -0.782162
16.7332 15.9577 16.0767 3.2362 0.705251 -0.788798 17.2745 15.9416 15.8854 3.54554 0.796888 -0.785404
22.7496 16.7033 20.2297 3.21427 0.324348 -1.67876 22.6047 16.8719 20.0028 3.34233 0.0370731 -1.83331
16.8093 17.5166 18.3792 -1.96472 0.794562 -1.148 16.5358 17.7485 18.1656 -2.08179 0.931395 -0.71969
15.4668 15.6676 19.0821 -0.0630667 0.550792 3.51724 15.328 15.7734 19.129 -0.0589625 0.321561 3.55165
46.3422 42.4842 47.2931 3.4062 2.57836 -1.08171 46.1751 42.1702 47.0991 3.21115 2.39201 -1.19219
43.9993 48.717 43.5911 0.390149 0.0992406 -0.0508133 43.7264 48.3262 43.1157 0.060874 0.532519 0.306877
40.8873 42.9445 42.6475 -2.67215 0.807771 -0.566352 40.2843 42.2708 42.0594 -2.58925 0.934829 -0.62476
45.0923 40.0966 40.2853 2.99294 0.388956 -2.05127 44.845 39.6071 40.1048 2.53658 0.400905 -2.1221
38.8431 42.3867 39.4032 0.308723 1.71618 0.538136 38.7522 42.3355 39.5038 -0.105784 1.81408 0.613998
42.6616 48.2555 39.8137 -0.405106 3.85615 1.1533 42.4406 48.5575 39.3973 -0.320318 3.70394 1.01237
43.3462 45.6913 40.5811 -1.04277 1.00577 -0.441973 43.8339 45.5983 40.5226 -1.13864 1.074 -0.744081
38.9994 40.008 36.0818 -0.81494 -1.85548 1.00385 38.672 40.313 36.3882 -0.857618 -1.56898 0.879258
39.5077 41.2442 41.0391 2.25742 1.51012 -2.16704 39.4783 41.5795 40.8143 2.31868 1.94775 -2.20646
45.8745 40.2028 45.5969 -1.31591 1.31248 -0.523107 45.4605 39.3501 45.2299 -1.04258 1.69184 -0.625909
