0.170855 0.428693 0.279451 0.230729 0.159591 -0.0113223 0.156445 0.43953 0.264251 0.220774 0.142404 0.000663926
0.706014 0.625847 0.350873 0.146621 -0.0689585 -0.0396779 0.714583 0.625817 0.368336 0.162587 -0.0730159 -0.0277437
0.553917 0.510916 0.270542 -0.155011 -0.196722 -0.0173861 0.545975 0.483701 0.288826 -0.159091 -0.18923 -0.0286671
0.490928 0.342198 0.607936 -0.00836534 0.153028 -0.0567763 0.481097 0.328326 0.592651 -0.00101133 0.157817 -0.0504664
0.579499 0.452548 0.747314 -0.112601 0.00129149 0.130943 0.579874 0.426737 0.724626 -0.106273 0.00359956 0.125272
0.293062 0.356089 0.822945 -0.0773773 0.0376822 -0.15163 0.29042 0.329123 0.838058 -0.0957944 0.0284859 -0.143832
0.488661 0.715443 0.746553 0.0711699 0.112498 0.0694142 0.48311 0.665951 0.729218 0.0640141 0.126054 0.0691959
0.537646 0.476312 0.3986 0.0949356 -0.0699691 0.20853 0.547881 0.447393 0.38909 0.0735096 -0.0729768 0.222688
0.74654 0.798165 1.0035 -0.0508408 0.0195629 0.0121694 0.731163 0.77059 0.930028 -0.0452429 0.0202202 0.00923644
0.313883 0.56805 0.641634 0.0102159 -0.0283592 0.097937 0.321766 0.560383 0.623959 -0.00486007 -0.0368537 0.0646996
0.385655 0.0543724 0.278437 0.0331173 0.21321 0.0296958 0.360707 0.0955707 0.291827 0.0369689 0.217236 0.0267128
-0.047538 0.493544 0.246299 0.144624 -0.0853065 0.122948 -0.0170074 0.501731 0.248359 0.153456 -0.0731817 0.116857
0.282495 0.0660241 -0.0613017 -0.0312058 -0.0603103 0.216916 0.324911 0.0406803 -0.0676716 -0.0395464 -0.0373728 0.230485
0.023036 0.167149 0.226675 -0.0679676 -0.207276 0.0521824 0.0225137 0.189234 0.236728 -0.0926899 -0.21009 0.0441317
-0.100625 0.368718 0.0933596 0.0076513 0.0132156 -0.00558815 -0.0876434 0.353337 0.0685495 0.0146749 0.0241304 -0.0231217
0.221065 0.299399 -0.218943 0.0283883 0.131252 -0.210157 0.229814 0.31095 -0.182238 0.0173193 0.11952 -0.194562
0.00129415 0.232181 0.341317 -0.0968409 0.114689 -0.066645 -0.011659 0.227629 0.340885 -0.0907894 0.114537 -0.0823011
0.204607 0.319858 0.521708 0.0549563 -0.0105856 0.0797711 0.189565 0.28948 0.535212 0.0500602 -0.00609985 0.0942749
0.106687 0.225048 -0.0571852 -0.0248422 0.0624192 -0.125728 0.0834317 0.205514 -0.0447524 -0.0360947 0.0718901 -0.113136
0.0480877 -0.035205 0.106747 -0.289139 0.142902 -0.237324 0.051164 -0.0337078 0.111642 -0.275947 0.155077 -0.245524
0.1189 -0.345025 -0.152009 -0.120603 -0.00525107 0.189079 0.140062 -0.322606 -0.153599 -0.116096 0.00390059 0.176374
0.290229 0.201737 -0.15138 -0.0290497 -0.0830788 0.108734 0.283749 0.175897 -0.171071 -0.0195078 -0.0873304 0.0951347
-0.38184 -0.175791 -0.498938 -0.0176356 -0.0686266 -0.247188 -0.371044 -0.169655 -0.481085 -0.0238372 -0.0780301 -0.244853
-0.191614 -0.337888 0.119043 -0.186338 0.182581 0.0973576 -0.212493 -0.331003 0.137896 -0.203253 0.1795 0.0886035
-0.054007 -0.0281978 0.0388651 0.0458555 0.221317 0.00211055 -0.0259875 -0.0288382 0.059032 0.0721891 0.213337 0.00202111
0.110087 -0.0510297 -0.233807 0.0884836 0.118552 0.0495384 0.0973936 -0.055077 -0.237211 0.0724372 0.122225 0.0426051
-0.00337373 -0.171174 -0.0519698 0.0297029 -0.0399164 -0.0871976 0.000691259 -0.165413 -0.0481475 0.0338164 -0.0385719 -0.0822449
0.125364 0.128406 -0.108887 -0.098257 0.00578917 0.037072 0.1323 0.136724 -0.106128 -0.0958496 0.00797407 0.0351333
-0.0410393 -0.144753 -0.149566 0.0242068 -0.0785269 -0.132011 -0.0419476 -0.157336 -0.153327 0.0374304 -0.0847222 -0.124018
0.0574743 -0.404733 -0.363986 0.10852 -0.0182868 -0.0573572 0.049993 -0.398764 -0.365302 0.110209 -0.0175169 -0.0497076
-0.266894 -0.439552 -0.367966 0.129199 0.175026 -0.0123592 -0.23346 -0.408607 -0.360625 0.140001 0.164533 -0.0101843
-0.257246 -0.42032 -0.247714 -0.190997 0.0270618 0.0504483 -0.295059 -0.433576 -0.251715 -0.215261 0.0267481 0.0607401
-0.340572 -0.356322 -0.181967 0.0950424 -0.00407232 -0.00561912 -0.368549 -0.36009 -0.194745 0.114028 0.0110085 -0.0133563
0.0746258 0.0761745 -0.0928829 0.0849978 -0.0735359 -0.161131 0.0877811 0.0786448 -0.0885404 0.0884712 -0.0680497 -0.152932
-0.262147 -0.00403215 -0.0335583 0.0482058 -0.191919 0.00351479 -0.288964 -0.0451493 -0.0713796 0.0638216 -0.182422 0.0117803
-0.154986 -0.125272 0.0126602 -0.0372273 0.0318673 0.164247 -0.124357 -0.120046 0.0376399 -0.0273701 0.0245891 0.160705
-0.406358 -0.382975 -0.0909853 0.0798043 0.00161275 0.146307 -0.428696 -0.385194 -0.0932329 0.0910646 0.00305593 0.142835
-0.424412 -0.239466 -0.000521929 0.155755 -0.00395383 -0.11204 -0.38464 -0.21105 0.010654 0.144535 -0.010493 -0.112883
0.0151239 -0.0764566 -0.201357 -0.00899656 0.147247 -0.0153378 0.00898896 -0.109552 -0.210893 -0.0260107 0.138901 -0.0342758
-0.237913 -0.110518 -0.294221 0.12942 -0.217653 -0.00285657 -0.217306 -0.0766534 -0.294349 0.135591 -0.220771 -0.0105222
1.08885 1.00069 0.932414 0.0381362 -0.00578989 0.0218091 1.08443 0.99239 0.967566 0.0351745 -0.0121858 0.0251267
1.26493 0.96094 1.20753 0.0120566 -0.0986109 -0.0601808 1.25594 0.964244 1.19343 0.017779 -0.100405 -0.0815471
0.841126 1.02255 0.999307 0.119063 -0.117499 -0.121274 0.914771 1.04239 1.01572 0.123093 -0.124538 -0.0933394
0.759812 0.971322 0.923192 0.118878 -0.0918324 0.169181 0.762343 0.989539 0.9198 0.123867 -0.093399 0.163003
1.3978 1.33901 1.08312 -0.0609918 0.430023 0.0325264 1.39629 1.31088 1.05477 -0.0657536 0.435145 0.0173521
1.25946 0.984861 0.972759 -0.0309279 0.0486247 0.0763045 1.24664 0.973595 0.981049 -0.0363999 0.0401468 0.0749817
1.33472 1.06781 1.20609 0.111398 0.0104974 0.0884231 1.30891 1.02235 1.19884 0.113101 0.00756444 0.0863006
0.777773 0.89228 1.03333 -0.106893 0.0667305 -0.0031941 0.781138 0.937993 1.05341 -0.0905282 0.0791856 -0.045147
0.639506 1.1919 0.838467 -0.0805553 -0.0608428 0.138302 0.615078 1.19043 0.809894 -0.101961 -0.05652 0.137189
1.34144 1.56543 1.12467 0.0568551 0.147226 -0.00510401 1.34341 1.53544 1.099 0.0532124 0.144402 -0.0127715
4.15672 3.89823 4.04889 -0.0797106 -0.270933 0.0420185 4.19048 3.89926 4.02263 -0.073621 -0.272008 0.0132447
3.99788 4.26351 3.98493 -0.000480051 -0.2774 -0.224229 4.04585 4.2565 3.98727 0.00655674 -0.258104 -0.238227
3.98522 3.97435 3.8514 0.0519986 -0.129892 0.160342 3.99212 3.98806 3.84762 0.0538199 -0.145993 0.157697
4.11652 3.8078 4.25298 0.156178 0.0272766 -0.244433 4.13754 3.80831 4.28366 0.15476 0.00141104 -0.221195
4.12257 3.95635 3.88505 -0.116127 -0.028542 0.12276 4.13112 3.99308 3.8692 -0.113222 -0.00807904 0.100855
4.21046 4.09535 3.98628 -0.118707 -0.294324 0.214425 4.21655 4.04888 4.00842 -0.099709 -0.312029 0.188723
4.05127 3.97287 3.91622 -0.0709378 -0.0573468 0.274932 4.051 3.95234 3.93317 -0.083101 -0.0682676 0.263098
4.19236 4.16546 4.17057 0.0614139 -0.190182 0.0742266 4.17283 4.09797 4.16185 0.0261047 -0.180994 0.0566401
4.25161 4.0697 4.12736 -0.171576 0.0339315 0.116735 4.25241 4.07676 4.11758 -0.169996 0.0156761 0.0997202
4.18062 3.96978 4.09504 0.0177457 -0.0367673 0.308288 4.19872 3.95418 4.09957 0.0247715 -0.031819 0.327414
0.834106 1.07946 1.02448 -0.148762 -0.123489 -0.139235 0.830734 1.12146 1.05624 -0.116348 -0.106109 -0.150325
0.877296 1.00039 1.16977 0.0458622 -0.0105479 -0.0406658 0.896778 0.987567 1.15526 0.0352703 -0.040459 -0.051423
1.09152 0.94946 1.03261 -0.0929619 0.0423949 0.0864539 1.10298 0.948398 1.03442 -0.0840027 0.0551891 0.0868637
1.13117 0.837112 1.11941 0.282121 0.162843 0.167896 1.14909 0.845524 1.14743 0.266195 0.16681 0.155809
1.04766 0.933769 1.07166 -0.0476331 0.00654904 -0.122994 1.07421 0.943786 1.08337 -0.048343 0.00184474 -0.103089
0.931057 0.601501 0.684914 -0.0681964 0.019664 -0.0357899 0.954075 0.594073 0.688968 -0.0744335 0.00357896 -0.0497502
1.06433 1.01501 1.02258 0.205842 0.0448582 -0.0501723 1.09876 1.01398 1.01041 0.225517 0.0506869 -0.0499564
1.44701 1.06243 1.28673 0.204447 0.0206305 -0.10678 1.43779 1.07315 1.2723 0.212592 0.00235807 -0.116609
1.06917 1.11416 1.16903 -0.124968 0.050539 -0.0730195 1.05178 1.12891 1.15544 -0.132414 0.0592423 -0.0457766
0.983783 0.996551 1.21374 -0.00401142 0.0350337 0.223717 0.974954 1.00329 1.21672 -0.00375037 0.0204532 0.225906
2.52655 2.31622 2.57839 0.185704 0.140571 -0.0589743 2.51744 2.2991 2.56782 0.17507 0.130411 -0.0649977
2.39882 2.65602 2.37656 0.0212707 0.00541055 -0.00277031 2.38394 2.63472 2.35064 0.00331881 0.0290327 0.0167307
2.22915 2.34131 2.32512 -0.145684 0.0440392 -0.0308772 2.19628 2.30458 2.29306 -0.141164 0.0509664 -0.0340616
2.45841 2.18605 2.19633 0.163174 0.0212057 -0.111834 2.44493 2.15936 2.18649 0.138293 0.0218571 -0.115695
2.11771 2.3109 2.14824 0.0168314 0.0935651 0.0293389 2.11275 2.30811 2.15373 -0.00576726 0.0989027 0.0334748
2.32588 2.63087 2.17062 -0.0220861 0.210235 0.0628774 2.31384 2.64733 2.14792 -0.0174636 0.201937 0.0551936
2.36321 2.49107 2.21246 -0.0568513 0.0548343 -0.0240961 2.3898 2.486 2.20927 -0.0620778 0.0585536 -0.0405669
2.12623 2.18122 1.96716 -0.0444301 -0.10116 0.0547296 2.10838 2.19785 1.98386 -0.0467569 -0.0855401 0.0479367
2.15394 2.24861 2.23743 0.123073 0.0823312 -0.118146 2.15234 2.26689 2.22517 0.126413 0.10619 -0.120295
2.50105 2.19184 2.48592 -0.0717427 0.0715558 -0.0285195 2.47848 2.14535 2.46591 -0.0568407 0.0922384 -0.0341242
