    3.9610636611e+03    3.8154811061e+03   -5.1676886864e+04    1.4557830335e+02    1.4589168861e+02    1.4549513819e+02    2.1327822501e-02    3.6296366288e-01    6.1853364072e-02    6.8626758139e+01    2.9411467774e+01    2.9411467774e+01
    3.9769803543e+03    3.8308128067e+03   -5.1669662145e+04    1.4610408943e+02    1.4548041220e+02    1.4580235754e+02   -1.7461133839e-02   -9.3953961317e-02    4.4274183196e-03    6.8626758139e+01    2.9411467774e+01    2.9411467774e+01
    3.9907077957e+03    3.8440357180e+03   -5.1683470968e+04    1.4602639463e+02    1.4558503352e+02    1.4550503103e+02   -2.7134154458e-01    1.5711873070e-01   -1.7848564614e-01    6.8626758139e+01    2.9411467774e+01    2.9411467774e+01
    4.0000597129e+03    3.8530439204e+03   -5.1690807176e+04    1.4583621582e+02    1.4582430903e+02    1.4548138880e+02   -3.3504505581e-01   -1.8995935815e-01    4.2845003221e-02    6.8626758139e+01    2.9411467774e+01    2.9411467774e+01
    4.0058571695e+03    3.8586283008e+03   -5.1692764132e+04    1.4624444335e+02    1.4508665549e+02    1.4547538306e+02   -1.2873534372e-02    2.0474857860e-02   -6.6539764556e-02    6.8626758139e+01    2.9411467774e+01    2.9411467774e+01
    4.0305535952e+03    3.8824170489e+03   -5.1717997325e+04    1.4585578717e+02    1.4542819529e+02    1.4523841259e+02   -1.0444489293e-02   -5.6732974853e-02    6.7120522304e-02    6.8626758139e+01    2.9411467774e+01    2.9411467774e+01
    4.0395958857e+03    3.8911270044e+03   -5.1731887964e+04    1.4549887758e+02    1.4547053551e+02    1.4534312384e+02    3.5819114378e-01    1.0375275017e-01    1.6415411903e-01    6.8626758139e+01    2.9411467774e+01    2.9411467774e+01
    3.9907521647e+03    3.8440784562e+03   -5.1680235383e+04    1.4680696054e+02    1.4562783286e+02    1.4517458115e+02   -2.3798526766e-01    3.6186432065e-01   -2.3527481680e-01    6.8626758139e+01    2.9411467774e+01    2.9411467774e+01
    4.0154106817e+03    3.8678306889e+03   -5.1703372056e+04    1.4565606197e+02    1.4534386483e+02    1.4526382858e+02   -1.2071548815e-01   -1.7220832061e-02   -6.0423614341e-03    6.8626758139e+01    2.9411467774e+01    2.9411467774e+01
    4.0286850763e+03    3.8806172044e+03   -5.1718313374e+04    1.4568681756e+02    1.4527850014e+02    1.4548291204e+02   -7.6331828469e-03    1.8271454629e-01    1.5038042264e-01    6.8626758139e+01    2.9411467774e+01    2.9411467774e+01
    4.0154875202e+03    3.8679047033e+03   -5.1702917717e+04    1.4555082240e+02    1.4567972280e+02    1.4528017511e+02   -3.5515407331e-01   -2.5620023824e-01   -4.6452904963e-03    6.8626758139e+01    2.9411467774e+01    2.9411467774e+01
    4.0189145536e+03    3.8712057816e+03   -5.1709822054e+04    1.4628465508e+02    1.4555036228e+02    1.4520758763e+02    2.2018063594e-02   -1.1447365065e-02   -1.0736638447e-01    6.8626758139e+01    2.9411467774e+01    2.9411467774e+01
    3.9794674555e+03    3.8332084984e+03   -5.1671824983e+04    1.4602130784e+02    1.4532792713e+02    1.4598590374e+02   -7.8286205349e-02   -3.6046231073e-02   -1.1484801431e-03    6.8626758139e+01    2.9411467774e+01    2.9411467774e+01
    4.0267145190e+03    3.8787190718e+03   -5.1711808966e+04    1.4607758795e+02    1.4578086229e+02    1.4515157106e+02   -3.0189938546e-01    6.5765043709e-02    1.4007661033e-01    6.8626758139e+01    2.9411467774e+01    2.9411467774e+01
    4.0243756080e+03    3.8764661237e+03   -5.1712507717e+04    1.4566800703e+02    1.4562927377e+02    1.4563933988e+02    5.1480178612e-02    6.9184472380e-03    2.5595088299e-01    6.8626758139e+01    2.9411467774e+01    2.9411467774e+01
    4.0216627546e+03    3.8738529769e+03   -5.1710452434e+04    1.4541140261e+02    1.4537692014e+02    1.4566122732e+02   -7.5156576046e-02   -4.9517739925e-02   -6.6027356468e-02    6.8626758139e+01    2.9411467774e+01    2.9411467774e+01
    3.9974580298e+03    3.8505378580e+03   -5.1680982234e+04    1.4658867714e+02    1.4503459248e+02    1.4529035914e+02    3.1027112212e-01   -1.0624028472e-02   -2.8784092518e-01    6.8626758139e+01    2.9411467774e+01    2.9411467774e+01
    3.9878463325e+03    3.8412794232e+03   -5.1680420012e+04    1.4567723477e+02    1.4620560890e+02    1.4529615124e+02    1.2046335832e-02    1.9124909466e-01   -1.6219219572e-01    6.8626758139e+01    2.9411467774e+01    2.9411467774e+01
    4.0028520104e+03    3.8557335915e+03   -5.1690082966e+04    1.4563708782e+02    1.4583676214e+02    1.4550552113e+02    2.5322040904e-02    3.3855047642e-02   -9.6382170548e-02    6.8626758139e+01    2.9411467774e+01    2.9411467774e+01
    3.9686862499e+03    3.8228235388e+03   -5.1659539330e+04    1.4576797426e+02    1.4610755297e+02    1.4583656130e+02    8.6059706371e-03   -2.5017166589e-02    3.5075162890e-02    6.8626758139e+01    2.9411467774e+01    2.9411467774e+01
    4.0234363319e+03    3.8755613692e+03   -5.1709790092e+04    1.4633182785e+02    1.4509538180e+02    1.4557092472e+02   -5.8401372863e-02   -1.2803685915e-01   -5.8124595330e-02    6.8626758139e+01    2.9411467774e+01    2.9411467774e+01
    3.9585834510e+03    3.8130920522e+03   -5.1646835533e+04    1.4631335178e+02    1.4511534820e+02    1.4598318903e+02   -3.5233651443e-02   -1.0913389688e-01    8.1370176269e-02    6.8626758139e+01    2.9411467774e+01    2.9411467774e+01
    3.9979517511e+03    3.8510134334e+03   -5.1685760926e+04    1.4520182288e+02    1.4588418907e+02    1.4575409931e+02    2.4842932878e-01    8.5971125985e-03    6.3691662003e-02    6.8626758139e+01    2.9411467774e+01    2.9411467774e+01
    3.9891785371e+03    3.8425626648e+03   -5.1678497849e+04    1.4593674645e+02    1.4572800161e+02    1.4551340710e+02    4.4382677521e-02    1.2270837072e-01   -1.0380006226e-01    6.8626758139e+01    2.9411467774e+01    2.9411467774e+01
    4.0539159989e+03    3.9049208048e+03   -5.1740343614e+04    1.4546947113e+02    1.4535917364e+02    1.4539645064e+02   -1.5506237943e-01   -4.7762439432e-02    3.3454571619e-02    6.8626758139e+01    2.9411467774e+01    2.9411467774e+01
    3.9580726506e+03    3.8126000253e+03   -5.1647396840e+04    1.4623811703e+02    1.4562235974e+02    1.4574948365e+02    1.6646927854e-02    1.5192006887e-01   -1.1915061855e-01    6.8626758139e+01    2.9411467774e+01    2.9411467774e+01
    4.0185072155e+03    3.8708134146e+03   -5.1707298768e+04    1.4606939267e+02    1.4534073140e+02    1.4565262104e+02   -1.4756586962e-01   -9.6251643661e-02    4.7158212161e-02    6.8626758139e+01    2.9411467774e+01    2.9411467774e+01
    3.9530177160e+03    3.8077308768e+03   -5.1645072190e+04    1.4577897891e+02    1.4640859972e+02    1.4562360533e+02   -1.2005876572e-01   -4.0014302180e-01    4.2659903073e-01    6.8626758139e+01    2.9411467774e+01    2.9411467774e+01
    3.9796311019e+03    3.8333661303e+03   -5.1669011598e+04    1.4569243181e+02    1.4556996123e+02    1.4585130409e+02   -2.6074904600e-01    4.6018280067e-02    5.2927611851e-03    6.8626758139e+01    2.9411467774e+01    2.9411467774e+01
    4.0230719929e+03    3.8752104209e+03   -5.1710049967e+04    1.4569532734e+02    1.4532245045e+02    1.4532563851e+02   -6.6191361737e-02    1.7365848169e-01    2.6394126226e-02    6.8626758139e+01    2.9411467774e+01    2.9411467774e+01
    3.9876616341e+03    3.8411015132e+03   -5.1672760174e+04    1.4631115841e+02    1.4594796929e+02    1.4493404691e+02    4.1770088527e-02    6.0196290189e-03   -1.3918637360e-01    6.8626758139e+01    2.9411467774e+01    2.9411467774e+01
    4.0120374354e+03    3.8645814209e+03   -5.1698852508e+04    1.4591576756e+02    1.4541123052e+02    1.4560554203e+02    2.3590540111e-01   -1.5764010994e-01   -1.4925500497e-01    6.8626758139e+01    2.9411467774e+01    2.9411467774e+01
    3.9906171942e+03    3.8439484464e+03   -5.1674597929e+04    1.4626740652e+02    1.4577566625e+02    1.4564368374e+02    1.4104460922e-01    2.7370960058e-01   -2.0854572451e-01    6.8626758139e+01    2.9411467774e+01    2.9411467774e+01
    3.9778645052e+03    3.8316644620e+03   -5.1668559761e+04    1.4581555011e+02    1.4670385500e+02    1.4565461643e+02    1.5924430641e-01    2.0928911370e-01   -2.2733766893e-01    6.8626758139e+01    2.9411467774e+01    2.9411467774e+01
    4.0112711494e+03    3.8638432985e+03   -5.1698656253e+04    1.4564061563e+02    1.4564613976e+02    1.4547637323e+02   -2.2588610433e-02   -2.7388062198e-01   -1.2347232030e-01    6.8626758139e+01    2.9411467774e+01    2.9411467774e+01
    4.0018193315e+03    3.8547388671e+03   -5.1688177827e+04    1.4595108634e+02    1.4542916873e+02    1.4578734914e+02   -4.4500728182e-02    4.4553267649e-02   -2.8809669283e-02    6.8626758139e+01    2.9411467774e+01    2.9411467774e+01
    4.0185797831e+03    3.8708833151e+03   -5.1707596910e+04    1.4602853656e+02    1.4559192983e+02    1.4554489800e+02   -2.5226720327e-01    2.6126283206e-02   -4.5769327347e-01    6.8626758139e+01    2.9411467774e+01    2.9411467774e+01
    3.9836711848e+03    3.8372577265e+03   -5.1670698390e+04    1.4587026333e+02    1.4617554870e+02    1.4512031995e+02    3.4050755807e-01   -7.8786395649e-02   -4.0483707783e-02    6.8626758139e+01    2.9411467774e+01    2.9411467774e+01
    4.0166272329e+03    3.8690025278e+03   -5.1703146205e+04    1.4533790343e+02    1.4532609931e+02    1.4588748604e+02   -9.3081610507e-02   -2.8460872896e-01    1.2597391569e-02    6.8626758139e+01    2.9411467774e+01    2.9411467774e+01
    4.0232863259e+03    3.8754168765e+03   -5.1708979325e+04    1.4595708327e+02    1.4564419760e+02    1.4536108698e+02   -3.0818526371e-01    1.2584433413e-01    1.5865245242e-01    6.8626758139e+01    2.9411467774e+01    2.9411467774e+01
    4.0053369347e+03    3.8581271863e+03   -5.1690324910e+04    1.4609438491e+02    1.4591313837e+02    1.4531516804e+02   -2.4199955166e-01   -1.6674370611e-01   -6.2648316284e-02    6.8626758139e+01    2.9411467774e+01    2.9411467774e+01
    3.9988674520e+03    3.8518954791e+03   -5.1685345196e+04    1.4619661613e+02    1.4512606515e+02    1.4576896521e+02    1.7287295488e-01   -1.5255434451e-01   -1.1041557515e-01    6.8626758139e+01    2.9411467774e+01    2.9411467774e+01
    3.9739929193e+03    3.8279351701e+03   -5.1663060338e+04    1.4573104230e+02    1.4615913341e+02    1.4548369543e+02   -2.6656171773e-01   -2.1939475899e-02   -9.1659673073e-02    6.8626758139e+01    2.9411467774e+01    2.9411467774e+01
    4.0311363118e+03    3.8829783486e+03   -5.1717745170e+04    1.4616342712e+02    1.4556284503e+02    1.4501398301e+02   -6.7304988770e-02    1.1722166750e-01    3.5136121655e-02    6.8626758139e+01    2.9411467774e+01    2.9411467774e+01
    3.9832658270e+03    3.8368672669e+03   -5.1675605402e+04    1.4621310890e+02    1.4556561498e+02    1.4526463087e+02   -1.3551695456e-01   -3.0131026459e-01    1.6074748830e-01    6.8626758139e+01    2.9411467774e+01    2.9411467774e+01
    4.0230427938e+03    3.8751822949e+03   -5.1711404074e+04    1.4625810259e+02    1.4495673687e+02    1.4579132987e+02    8.7397897941e-03    3.4794609550e-02    9.2181148040e-03    6.8626758139e+01    2.9411467774e+01    2.9411467774e+01
    4.0269401773e+03    3.8789364363e+03   -5.1716024460e+04    1.4561963428e+02    1.4569890491e+02    1.4517973757e+02    6.2066983913e-03    2.3225501618e-02    2.2803467532e-01    6.8626758139e+01    2.9411467774e+01    2.9411467774e+01
    4.0312761579e+03    3.8831130549e+03   -5.1720103949e+04    1.4529470140e+02    1.4606081049e+02    1.4561399612e+02   -1.3540697137e-01   -4.0368830859e-03   -2.9960125925e-01    6.8626758139e+01    2.9411467774e+01    2.9411467774e+01
    3.9834840207e+03    3.8370774413e+03   -5.1672448378e+04    1.4600348031e+02    1.4588124309e+02    1.4543388140e+02    7.7552109058e-02   -9.5221653645e-03    3.3149537304e-02    6.8626758139e+01    2.9411467774e+01    2.9411467774e+01
    3.9901334885e+03    3.8434825185e+03   -5.1678604796e+04    1.4637143234e+02    1.4550150628e+02    1.4532689329e+02   -2.5656432548e-02    1.5776792880e-01   -6.6167319543e-02    6.8626758139e+01    2.9411467774e+01    2.9411467774e+01
    3.9520614989e+03    3.8068098039e+03   -5.1645179862e+04    1.4610687344e+02    1.4591929197e+02    1.4545156244e+02    2.5225238519e-01   -3.6678199186e-02    2.9779086036e-01    6.8626758139e+01    2.9411467774e+01    2.9411467774e+01
    4.0018098047e+03    3.8547296904e+03   -5.1682786078e+04    1.4630213509e+02    1.4544707733e+02    1.4567217176e+02    1.2829288129e-01    1.6859628537e-01    4.5192480324e-02    6.8626758139e+01    2.9411467774e+01    2.9411467774e+01
    3.9792780520e+03    3.8330260562e+03   -5.1668685056e+04    1.4564237925e+02    1.4576788709e+02    1.4559078911e+02    2.5171403067e-01    2.8249928589e-01    1.5881443762e-02    6.8626758139e+01    2.9411467774e+01    2.9411467774e+01
    3.9905603251e+03    3.8438936674e+03   -5.1678814421e+04    1.4620702153e+02    1.4506042852e+02    1.4609725555e+02   -2.5681357304e-01    1.4253723800e-01   -5.1280679928e-02    6.8626758139e+01    2.9411467774e+01    2.9411467774e+01
    3.9891378522e+03    3.8425234752e+03   -5.1679619877e+04    1.4568266820e+02    1.4533782057e+02    1.4576267661e+02   -2.0483327656e-01   -1.6803945216e-02    4.5876374175e-02    6.8626758139e+01    2.9411467774e+01    2.9411467774e+01
    3.9993321705e+03    3.8523431176e+03   -5.1690911452e+04    1.4544526737e+02    1.4585763821e+02    1.4562948934e+02    2.7702130330e-02   -1.7870848477e-02    1.5380357290e-01    6.8626758139e+01    2.9411467774e+01    2.9411467774e+01
    3.9839313635e+03    3.8375083427e+03   -5.1670504880e+04    1.4591726030e+02    1.4575067363e+02    1.4533992006e+02    2.6124630335e-01    1.3993471765e-01    2.5921681540e-02    6.8626758139e+01    2.9411467774e+01    2.9411467774e+01
    4.0208512293e+03    3.8730712779e+03   -5.1706057918e+04    1.4615617056e+02    1.4524403190e+02    1.4580163566e+02    1.1903107745e-01   -1.1931813934e-01   -2.3971324036e-01    6.8626758139e+01    2.9411467774e+01    2.9411467774e+01
    4.0524950863e+03    3.9035521156e+03   -5.1739504369e+04    1.4539312659e+02    1.4552384258e+02    1.4514870183e+02   -1.9445647420e-01    7.3517404615e-02   -1.0947726330e-01    6.8626758139e+01    2.9411467774e+01    2.9411467774e+01
    4.0241694682e+03    3.8762675603e+03   -5.1713097963e+04    1.4602557300e+02    1.4524535711e+02    1.4543420103e+02    5.9754233830e-02   -5.3342803196e-02    1.7353847828e-01    6.8626758139e+01    2.9411467774e+01    2.9411467774e+01
    3.9803109730e+03    3.8340210139e+03   -5.1666751744e+04    1.4652171552e+02    1.4560920883e+02    1.4515550973e+02   -1.3581776486e-01    8.8361156158e-02   -2.8161168780e-01    6.8626758139e+01    2.9411467774e+01    2.9411467774e+01
    4.0106400756e+03    3.8632354189e+03   -5.1695230385e+04    1.4508845723e+02    1.4599614460e+02    1.4542390786e+02   -9.6571692894e-02    3.8660301300e-01    3.4123221133e-01    6.8626758139e+01    2.9411467774e+01    2.9411467774e+01
    3.9691110426e+03    3.8232327190e+03   -5.1657828930e+04    1.4642281701e+02    1.4542207982e+02    1.4553602749e+02   -9.0709451069e-02    8.4977298926e-02    3.3045454158e-02    6.8626758139e+01    2.9411467774e+01    2.9411467774e+01
    4.0186646010e+03    3.8709650156e+03   -5.1705396033e+04    1.4512274044e+02    1.4515643922e+02    1.4657912693e+02    3.3812410055e-01    4.6983037075e-02   -6.9037813830e-03    6.8626758139e+01    2.9411467774e+01    2.9411467774e+01
    3.9970030032e+03    3.8500995552e+03   -5.1685012516e+04    1.4561161165e+02    1.4607897028e+02    1.4576235167e+02   -2.1583390286e-01   -7.2644330962e-02   -8.7173240832e-02    6.8626758139e+01    2.9411467774e+01    2.9411467774e+01
    4.0029318487e+03    3.8558104955e+03   -5.1688714997e+04    1.4574577156e+02    1.4546913074e+02    1.4548023562e+02   -1.4161890192e-01    2.6575964569e-01   -1.7906276717e-01    6.8626758139e+01    2.9411467774e+01    2.9411467774e+01
    4.0260227518e+03    3.8780527294e+03   -5.1710658116e+04    1.4595525880e+02    1.4552642172e+02    1.4556432169e+02    3.7238445327e-01    1.7418911748e-01    1.5070691017e-02    6.8626758139e+01    2.9411467774e+01    2.9411467774e+01
    3.9713960385e+03    3.8254337335e+03   -5.1659731671e+04    1.4586187661e+02    1.4541322760e+02    1.4556342120e+02    8.5563811550e-02   -7.2278179779e-02    3.1000418815e-01    6.8626758139e+01    2.9411467774e+01    2.9411467774e+01
    3.9551107554e+03    3.8097469899e+03   -5.1641555962e+04    1.4540802374e+02    1.4605033782e+02    1.4584362357e+02    2.2716111832e-01   -5.3488329011e-02    4.2086584098e-02    6.8626758139e+01    2.9411467774e+01    2.9411467774e+01
    3.9752422674e+03    3.8291386004e+03   -5.1660888299e+04    1.4636068247e+02    1.4560378924e+02    1.4561807850e+02    2.9799868754e-01   -1.7210962341e-01    3.1868121122e-01    6.8626758139e+01    2.9411467774e+01    2.9411467774e+01
    4.0156921709e+03    3.8681018325e+03   -5.1705844250e+04    1.4571189458e+02    1.4545449682e+02    1.4622575941e+02   -1.4433726394e-01    6.7336060221e-03    2.9269972886e-02    6.8626758139e+01    2.9411467774e+01    2.9411467774e+01
    4.0082302449e+03    3.8609141575e+03   -5.1692931326e+04    1.4572498193e+02    1.4555574080e+02    1.4540660207e+02    1.4719771994e-01   -5.3695058722e-02   -1.2103212177e-01    6.8626758139e+01    2.9411467774e+01    2.9411467774e+01
    4.0026910477e+03    3.8555785447e+03   -5.1688719052e+04    1.4563210500e+02    1.4554851856e+02    1.4582688334e+02   -1.6587240274e-02   -1.3689554367e-01    4.4122610283e-02    6.8626758139e+01    2.9411467774e+01    2.9411467774e+01
    3.9956747211e+03    3.8488200919e+03   -5.1679700168e+04    1.4568104668e+02    1.4533117625e+02    1.4559855513e+02    1.2206219730e-01   -5.1643913597e-01   -9.4120923835e-02    6.8626758139e+01    2.9411467774e+01    2.9411467774e+01
    4.0062401940e+03    3.8589972478e+03   -5.1694036868e+04    1.4595362628e+02    1.4551758970e+02    1.4520196417e+02   -2.7751269689e-02    3.4659038115e-02    5.3468943503e-01    6.8626758139e+01    2.9411467774e+01    2.9411467774e+01
    3.9991122270e+03    3.8521312578e+03   -5.1689109905e+04    1.4507719046e+02    1.4550241186e+02    1.4620313641e+02   -4.6949268652e-02    2.2795407036e-01   -7.3444799845e-02    6.8626758139e+01    2.9411467774e+01    2.9411467774e+01
    4.0453942802e+03    3.8967122883e+03   -5.1732441414e+04    1.4583110300e+02    1.4503882535e+02    1.4540075234e+02    1.2107589149e-01   -2.8009857817e-02    8.6930696122e-02    6.8626758139e+01    2.9411467774e+01    2.9411467774e+01
    4.0082505793e+03    3.8609337446e+03   -5.1695421579e+04    1.4594497608e+02    1.4555332109e+02    1.4529980646e+02    1.1282536522e-01    2.4335463699e-02   -1.2176268337e-01    6.8626758139e+01    2.9411467774e+01    2.9411467774e+01
    3.9706317054e+03    3.8246974922e+03   -5.1661946863e+04    1.4603056339e+02    1.4578783079e+02    1.4594657564e+02   -1.0482432463e-02    3.7033006862e-02    5.8371587923e-02    6.8626758139e+01    2.9411467774e+01    2.9411467774e+01
    3.9539624094e+03    3.8086408495e+03   -5.1644311344e+04    1.4581634439e+02    1.4594763696e+02    1.4613769133e+02   -1.9726345195e-01    1.4491509493e-01   -1.5247392293e-01    6.8626758139e+01    2.9411467774e+01    2.9411467774e+01
    4.0283922171e+03    3.8803351087e+03   -5.1719007183e+04    1.4577806120e+02    1.4580565311e+02    1.4509753324e+02    2.4490440743e-02    5.2799235937e-02    1.1595728009e-01    6.8626758139e+01    2.9411467774e+01    2.9411467774e+01
    4.0040991587e+03    3.8569349028e+03   -5.1686573882e+04    1.4628295980e+02    1.4495062089e+02    1.4606124650e+02    2.0343794119e-01   -4.7259125032e-01   -1.8765953325e-01    6.8626758139e+01    2.9411467774e+01    2.9411467774e+01
    3.9477647790e+03    3.8026710031e+03   -5.1634784873e+04    1.4612044158e+02    1.4550414014e+02    1.4593349136e+02    1.3653443425e-01   -3.6105205549e-02    8.8840601340e-02    6.8626758139e+01    2.9411467774e+01    2.9411467774e+01
    3.9739223812e+03    3.8278672245e+03   -5.1662581460e+04    1.4565800376e+02    1.4574405708e+02    1.4580307141e+02    9.0734900229e-02   -2.3229979317e-01   -1.0053989791e-02    6.8626758139e+01    2.9411467774e+01    2.9411467774e+01
    3.9885875660e+03    3.8419934139e+03   -5.1679586287e+04    1.4651521276e+02    1.4557613203e+02    1.4498664236e+02    1.0049603514e-01    2.1371649364e-01   -4.7168696412e-02    6.8626758139e+01    2.9411467774e+01    2.9411467774e+01
    4.0010517434e+03    3.8539994905e+03   -5.1690325776e+04    1.4621297691e+02    1.4544630889e+02    1.4503580235e+02    6.4774747253e-02   -1.9296707060e-01    2.8197462952e-01    6.8626758139e+01    2.9411467774e+01    2.9411467774e+01
    3.9815348998e+03    3.8351999571e+03   -5.1673792879e+04    1.4595172717e+02    1.4547524013e+02    1.4556216336e+02    3.9352667893e-02    3.1022662506e-01    1.7278780573e-01    6.8626758139e+01    2.9411467774e+01    2.9411467774e+01
    3.9865115558e+03    3.8399937042e+03   -5.1678133548e+04    1.4565332411e+02    1.4541784876e+02    1.4570794141e+02    1.1323399477e-01    1.6677273527e-01    2.6293644742e-01    6.8626758139e+01    2.9411467774e+01    2.9411467774e+01
    4.0110605660e+03    3.8636404548e+03   -5.1700426166e+04    1.4528032117e+02    1.4575556346e+02    1.4588370722e+02    1.4759926255e-01    1.2388246666e-01    1.3928278022e-02    6.8626758139e+01    2.9411467774e+01    2.9411467774e+01
    3.9565260218e+03    3.8111102404e+03   -5.1648613562e+04    1.4617373399e+02    1.4554434158e+02    1.4594085736e+02   -1.3157242823e-01    1.1320030343e-01    1.2115633057e-01    6.8626758139e+01    2.9411467774e+01    2.9411467774e+01
    4.0133292647e+03    3.8658257711e+03   -5.1701327137e+04    1.4557838286e+02    1.4567781441e+02    1.4536320379e+02    9.0268182834e-02    1.2840828447e-01    1.4593841974e-03    6.8626758139e+01    2.9411467774e+01    2.9411467774e+01
    4.0268185188e+03    3.8788192493e+03   -5.1713265014e+04    1.4564311013e+02    1.4504015044e+02    1.4560430079e+02   -1.0703935490e-02   -2.0892455908e-01   -8.5681856812e-02    6.8626758139e+01    2.9411467774e+01    2.9411467774e+01
    4.0242671379e+03    3.8763616402e+03   -5.1712041227e+04    1.4569074108e+02    1.4521781893e+02    1.4572267808e+02   -7.0998001910e-02   -2.2005934959e-02    4.9390826142e-01    6.8626758139e+01    2.9411467774e+01    2.9411467774e+01
    3.9582913161e+03    3.8128106542e+03   -5.1648180029e+04    1.4616865384e+02    1.4568887851e+02    1.4616852825e+02   -1.1451969680e-01    1.2162988823e-01    3.7793562402e-01    6.8626758139e+01    2.9411467774e+01    2.9411467774e+01
    3.9785858358e+03    3.8323592813e+03   -5.1668867623e+04    1.4579039305e+02    1.4558375414e+02    1.4556381995e+02   -1.8602481274e-01   -4.2166667293e-02   -2.0382452940e-01    6.8626758139e+01    2.9411467774e+01    2.9411467774e+01
    3.9831140446e+03    3.8367210631e+03   -5.1671156866e+04    1.4561927176e+02    1.4593406351e+02    1.4567765591e+02   -1.0507223428e-01    3.7902776931e-01   -1.8850530582e-01    6.8626758139e+01    2.9411467774e+01    2.9411467774e+01
    3.9986146791e+03    3.8516519965e+03   -5.1688930890e+04    1.4539133215e+02    1.4577366829e+02    1.4546598491e+02   -1.6636433248e-01    2.7478675466e-02    1.5787112919e-02    6.8626758139e+01    2.9411467774e+01    2.9411467774e+01
    4.0323007507e+03    3.8840999905e+03   -5.1721647707e+04    1.4567333725e+02    1.4579891890e+02    1.4502595434e+02   -3.1087067015e-01   -8.4617701221e-04   -5.8085080806e-02    6.8626758139e+01    2.9411467774e+01    2.9411467774e+01
    4.0027012904e+03    3.8555884110e+03   -5.1687683892e+04    1.4512233904e+02    1.4672913806e+02    1.4537006058e+02    1.6312148283e-01    1.6081279082e-01   -8.3534122843e-02    6.8626758139e+01    2.9411467774e+01    2.9411467774e+01
    4.0182797485e+03    3.8705943078e+03   -5.1701647521e+04    1.4596019213e+02    1.4568069329e+02    1.4532162458e+02    2.1401999859e-01    1.8808027910e-01    2.0865650029e-01    6.8626758139e+01    2.9411467774e+01    2.9411467774e+01
    4.0182797485e+03    3.8705943078e+03   -5.1701647521e+04    1.4596019213e+02    1.4568069329e+02    1.4532162458e+02    2.1401999859e-01    1.8808027910e-01    2.0865650029e-01    6.8626758139e+01    2.9411467774e+01    2.9411467774e+01
    4.0182797485e+03    3.8705943078e+03   -5.1701647521e+04    1.4596019213e+02    1.4568069329e+02    1.4532162458e+02    2.1401999859e-01    1.8808027910e-01    2.0865650029e-01    6.8626758139e+01    2.9411467774e+01    2.9411467774e+01
    4.0182797485e+03    3.8705943078e+03   -5.1701647521e+04    1.4596019213e+02    1.4568069329e+02    1.4532162458e+02    2.1401999859e-01    1.8808027910e-01    2.0865650029e-01    6.8626758139e+01    2.9411467774e+01    2.9411467774e+01
    4.0182797485e+03    3.8705943078e+03   -5.1701647521e+04    1.4596019213e+02    1.4568069329e+02    1.4532162458e+02    2.1401999859e-01    1.8808027910e-01    2.0865650029e-01    6.8626758139e+01    2.9411467774e+01    2.9411467774e+01
    4.0182797485e+03    3.8705943078e+03   -5.1701647521e+04    1.4596019213e+02    1.4568069329e+02    1.4532162458e+02    2.1401999859e-01    1.8808027910e-01    2.0865650029e-01    6.8626758139e+01    2.9411467774e+01    2.9411467774e+01
    4.0182797485e+03    3.8705943078e+03   -5.1701647521e+04    1.4596019213e+02    1.4568069329e+02    1.4532162458e+02    2.1401999859e-01    1.8808027910e-01    2.0865650029e-01    6.8626758139e+01    2.9411467774e+01    2.9411467774e+01
    4.0182797485e+03    3.8705943078e+03   -5.1701647521e+04    1.4596019213e+02    1.4568069329e+02    1.4532162458e+02    2.1401999859e-01    1.8808027910e-01    2.0865650029e-01    6.8626758139e+01    2.9411467774e+01    2.9411467774e+01
    4.0182797485e+03    3.8705943078e+03   -5.1701647521e+04    1.4596019213e+02    1.4568069329e+02    1.4532162458e+02    2.1401999859e-01    1.8808027910e-01    2.0865650029e-01    6.8626758139e+01    2.9411467774e+01    2.9411467774e+01
    4.0182797485e+03    3.8705943078e+03   -5.1701647521e+04    1.4596019213e+02    1.4568069329e+02    1.4532162458e+02    2.1401999859e-01    1.8808027910e-01    2.0865650029e-01    6.8626758139e+01    2.9411467774e+01    2.9411467774e+01
    4.0182797485e+03    3.8705943078e+03   -5.1701647521e+04    1.4596019213e+02    1.4568069329e+02    1.4532162458e+02    2.1401999859e-01    1.8808027910e-01    2.0865650029e-01    6.8626758139e+01    2.9411467774e+01    2.9411467774e+01
    4.0182797485e+03    3.8705943078e+03   -5.1701647521e+04    1.4596019213e+02    1.4568069329e+02    1.4532162458e+02    2.1401999859e-01    1.8808027910e-01    2.0865650029e-01    6.8626758139e+01    2.9411467774e+01    2.9411467774e+01
    4.0182797485e+03    3.8705943078e+03   -5.1701647521e+04    1.4596019213e+02    1.4568069329e+02    1.4532162458e+02    2.1401999859e-01    1.8808027910e-01    2.0865650029e-01    6.8626758139e+01    2.9411467774e+01    2.9411467774e+01
    4.0182797485e+03    3.8705943078e+03   -5.1701647521e+04    1.4596019213e+02    1.4568069329e+02    1.4532162458e+02    2.1401999859e-01    1.8808027910e-01    2.0865650029e-01    6.8626758139e+01    2.9411467774e+01    2.9411467774e+01
    4.0182797485e+03    3.8705943078e+03   -5.1701647521e+04    1.4596019213e+02    1.4568069329e+02    1.4532162458e+02    2.1401999859e-01    1.8808027910e-01    2.0865650029e-01    6.8626758139e+01    2.9411467774e+01    2.9411467774e+01
    4.0182797485e+03    3.8705943078e+03   -5.1701647521e+04    1.4596019213e+02    1.4568069329e+02    1.4532162458e+02    2.1401999859e-01    1.8808027910e-01    2.0865650029e-01    6.8626758139e+01    2.9411467774e+01    2.9411467774e+01
    4.0182797485e+03    3.8705943078e+03   -5.1701647521e+04    1.4596019213e+02    1.4568069329e+02    1.4532162458e+02    2.1401999859e-01    1.8808027910e-01    2.0865650029e-01    6.8626758139e+01    2.9411467774e+01    2.9411467774e+01
    4.0182797485e+03    3.8705943078e+03   -5.1701647521e+04    1.4596019213e+02    1.4568069329e+02    1.4532162458e+02    2.1401999859e-01    1.8808027910e-01    2.0865650029e-01    6.8626758139e+01    2.9411467774e+01    2.9411467774e+01
    4.0182797485e+03    3.8705943078e+03   -5.1701647521e+04    1.4596019213e+02    1.4568069329e+02    1.4532162458e+02    2.1401999859e-01    1.8808027910e-01    2.0865650029e-01    6.8626758139e+01    2.9411467774e+01    2.9411467774e+01
    4.0182797485e+03    3.8705943078e+03   -5.1701647521e+04    1.4596019213e+02    1.4568069329e+02    1.4532162458e+02    2.1401999859e-01    1.8808027910e-01    2.0865650029e-01    6.8626758139e+01    2.9411467774e+01    2.9411467774e+01
    4.0182797485e+03    3.8705943078e+03   -5.1701647521e+04    1.4596019213e+02    1.4568069329e+02    1.4532162458e+02    2.1401999859e-01    1.8808027910e-01    2.0865650029e-01    6.8626758139e+01    2.9411467774e+01    2.9411467774e+01
    4.0182797485e+03    3.8705943078e+03   -5.1701647521e+04    1.4596019213e+02    1.4568069329e+02    1.4532162458e+02    2.1401999859e-01    1.8808027910e-01    2.0865650029e-01    6.8626758139e+01    2.9411467774e+01    2.9411467774e+01
    4.0182797485e+03    3.8705943078e+03   -5.1701647521e+04    1.4596019213e+02    1.4568069329e+02    1.4532162458e+02    2.1401999859e-01    1.8808027910e-01    2.0865650029e-01    6.8626758139e+01    2.9411467774e+01    2.9411467774e+01
    4.0182797485e+03    3.8705943078e+03   -5.1701647521e+04    1.4596019213e+02    1.4568069329e+02    1.4532162458e+02    2.1401999859e-01    1.8808027910e-01    2.0865650029e-01    6.8626758139e+01    2.9411467774e+01    2.9411467774e+01
    4.0182797485e+03    3.8705943078e+03   -5.1701647521e+04    1.4596019213e+02    1.4568069329e+02    1.4532162458e+02    2.1401999859e-01    1.8808027910e-01    2.0865650029e-01    6.8626758139e+01    2.9411467774e+01    2.9411467774e+01
    4.0182797485e+03    3.8705943078e+03   -5.1701647521e+04    1.4596019213e+02    1.4568069329e+02    1.4532162458e+02    2.1401999859e-01    1.8808027910e-01    2.0865650029e-01    6.8626758139e+01    2.9411467774e+01    2.9411467774e+01
    4.0182797485e+03    3.8705943078e+03   -5.1701647521e+04    1.4596019213e+02    1.4568069329e+02    1.4532162458e+02    2.1401999859e-01    1.8808027910e-01    2.0865650029e-01    6.8626758139e+01    2.9411467774e+01    2.9411467774e+01
    4.0182797485e+03    3.8705943078e+03   -5.1701647521e+04    1.4596019213e+02    1.4568069329e+02    1.4532162458e+02    2.1401999859e-01    1.8808027910e-01    2.0865650029e-01    6.8626758139e+01    2.9411467774e+01    2.9411467774e+01
    4.0182797485e+03    3.8705943078e+03   -5.1701647521e+04    1.4596019213e+02    1.4568069329e+02    1.4532162458e+02    2.1401999859e-01    1.8808027910e-01    2.0865650029e-01    6.8626758139e+01    2.9411467774e+01    2.9411467774e+01
    4.0182797485e+03    3.8705943078e+03   -5.1701647521e+04    1.4596019213e+02    1.4568069329e+02    1.4532162458e+02    2.1401999859e-01    1.8808027910e-01    2.0865650029e-01    6.8626758139e+01    2.9411467774e+01    2.9411467774e+01
    4.0182797485e+03    3.8705943078e+03   -5.1701647521e+04    1.4596019213e+02    1.4568069329e+02    1.4532162458e+02    2.1401999859e-01    1.8808027910e-01    2.0865650029e-01    6.8626758139e+01    2.9411467774e+01    2.9411467774e+01
