-6.98272 -6.9839
-5.97445 -5.97501
-6.66239 -6.6652
-6.61419 -6.61364
-6.51501 -6.5166
-6.59953 -6.59887
-6.20332 -6.2011
-6.32736 -6.32806
-6.78175 -6.78295
-6.84977 -6.85092
-6.7422 -6.74347
-6.70085 -6.70458
-6.16622 -6.16661
-6.2019 -6.2002
-6.64098 -6.63851
-6.42431 -6.42347
-6.96211 -6.96278
-6.62503 -6.62719
-6.61112 -6.61147
-6.52104 -6.52066
-6.35767 -6.35707
-6.82165 -6.82288
-6.70486 -6.7052
-6.16501 -6.16495
-6.84953 -6.84989
-6.76357 -6.76402
-6.6156 -6.61567
-6.69426 -6.69284
-6.36716 -6.36604
-6.01355 -6.01189
-6.34699 -6.34612
-6.89932 -6.89882
-6.74421 -6.74265
-6.63863 -6.63733
-6.02749 -6.02445
-6.63587 -6.63717
-6.71671 -6.71705
-6.87389 -6.87493
-6.74381 -6.74099
-6.04301 -6.0406
-6.2283 -6.22675
-6.49341 -6.49264
-6.09252 -6.09136
-6.58029 -6.58027
-6.37313 -6.37295
-6.19958 -6.19963
-6.64554 -6.64609
-6.25994 -6.25898
-6.74661 -6.74766
-6.83968 -6.83877
-6.74329 -6.74543
-6.11811 -6.11707
-6.52398 -6.52425
-6.4105 -6.41112
-6.42653 -6.42615
-6.31576 -6.31543
-6.51187 -6.51259
-6.88795 -6.88957
-6.78037 -6.78025
-6.46719 -6.46644
-6.68062 -6.67948
-6.79201 -6.79263
-6.763 -6.76179
-6.81268 -6.81364
-6.79263 -6.79257
-6.07779 -6.07579
-6.52492 -6.52465
-6.67184 -6.66987
-6.15427 -6.1533
-6.63805 -6.63761
-6.49523 -6.4947
-6.27535 -6.27345
-6.69709 -6.69661
-6.31108 -6.31051
-6.0946 -6.0919
-6.75048 -6.74945
-6.70785 -6.70991
-6.03633 -6.03328
-6.51223 -6.51152
-6.66513 -6.66255
-6.88537 -6.88455
-6.74944 -6.74792
-6.15851 -6.15711
-6.12699 -6.12633
-6.42827 -6.42873
-6.70034 -6.70056
-6.59939 -6.599
-6.26682 -6.26647
-6.61732 -6.61754
-6.84827 -6.84883
-6.40841 -6.40811
-6.53827 -6.53997
-6.7365 -6.73722
-6.45794 -6.45741
-6.73517 -6.73648
-6.83551 -6.83784
-6.662 -6.6667
-6.91047 -6.91207
-6.54611 -6.54624
-6.19096 -6.18932
-6.66919 -6.67111
-6.84045 -6.8407
-6.38613 -6.38504
-6.58328 -6.58462
-6.27243 -6.27194
-6.30702 -6.30556
-6.34271 -6.34292
-6.68051 -6.68036
-6.72342 -6.72679
-6.94573 -6.94533
-6.71862 -6.71718
-6.69614 -6.69746
-6.98779 -6.98874
-6.44477 -6.44665
-6.79086 -6.79157
-6.75633 -6.75729
-6.65998 -6.66121
-6.67873 -6.67464
-6.66491 -6.66351
-6.2092 -6.20829
-6.15162 -6.15044
-6.392 -6.39187
-6.33506 -6.33363
-6.68575 -6.68645
-6.78827 -6.78926
-6.24966 -6.24897
-6.26153 -6.26153
-6.10714 -6.10738
-6.70248 -6.70199
-6.76272 -6.76383
-6.6575 -6.65591
-6.64829 -6.64814
-7.01226 -7.01212
-6.1793 -6.17874
-6.70164 -6.7017
-6.40358 -6.40257
-6.66634 -6.66544
-6.35479 -6.35451
-5.97987 -5.97912
-6.47229 -6.47225
-6.33439 -6.333
-6.56021 -6.5601
-6.58147 -6.58284
-6.60097 -6.60012
-6.73784 -6.7368
-6.91097 -6.91145
-6.1095 -6.10892
-6.63329 -6.63431
-6.86145 -6.86214
-6.7906 -6.79164
-6.89014 -6.89032
-6.86762 -6.86902
-6.5716 -6.57264
-6.77928 -6.78031
-6.7095 -6.71257
-6.14541 -6.14345
-6.69487 -6.69383
-6.23514 -6.23488
-6.29166 -6.29022
-6.65643 -6.65694
-6.41424 -6.41356
-6.46119 -6.46282
-6.52877 -6.53048
-6.55838 -6.55724
-6.73395 -6.73108
-6.20219 -6.20299
-6.53908 -6.53876
-6.83847 -6.83965
-6.18306 -6.1814
-6.13614 -6.13587
-6.72467 -6.72509
-6.86768 -6.86959
-6.46021 -6.46015
-6.4707 -6.47019
-6.69391 -6.6944
-6.72359 -6.72746
-6.48892 -6.48814
-6.90009 -6.90151
-6.67138 -6.67112
-6.90032 -6.90155
-6.14626 -6.14359
-6.68127 -6.68538
-6.69309 -6.69034
-6.66967 -6.6704
-6.93678 -6.93732
-6.22209 -6.22305
-6.59431 -6.59497
-6.71556 -6.71656
-6.38369 -6.38416
-6.73493 -6.73685
-6.69214 -6.69204
-6.83974 -6.83724
-6.2728 -6.27147
-6.04986 -6.04931
-6.2998 -6.29925
-6.73784 -6.73924
-6.18886 -6.18634
-6.6918 -6.69125
-6.0525 -6.05203
-6.48354 -6.48407
-6.35877 -6.35932
-6.62393 -6.62389
-6.43344 -6.43221
-6.77227 -6.77206
-6.2972 -6.29576
-6.69966 -6.70041
-6.43912 -6.43972
-6.74101 -6.74353
-6.68388 -6.68529
-6.59401 -6.59461
-6.68338 -6.68259
-6.23384 -6.23279
-6.39306 -6.39227
-6.20876 -6.20961
-6.28582 -6.28654
-6.70161 -6.70531
-6.33718 -6.3379
-6.1446 -6.1431
-6.54234 -6.5424
-6.73873 -6.73932
-6.27267 -6.27262
-6.76241 -6.76007
-6.76281 -6.76338
-6.69657 -6.69887
-6.72079 -6.72114
-6.26797 -6.26582
-6.01743 -6.01715
-6.67033 -6.67044
-6.762 -6.76445
-6.46928 -6.46757
-6.80283 -6.80327
-6.09051 -6.09021
-6.1693 -6.16868
-6.66284 -6.66485
-6.55555 -6.55721
-6.53968 -6.53878
-6.6538 -6.65448
-6.82964 -6.83047
-6.71929 -6.72167
-6.40834 -6.40612
-6.73711 -6.73723
-6.25137 -6.25103
-6.87824 -6.88166
-6.86503 -6.8658
-6.70525 -6.70616
-6.61578 -6.61436
-6.43793 -6.43812
-6.22915 -6.22786
-6.3063 -6.3054
-6.61449 -6.61548
-6.73608 -6.73408
-6.338 -6.33709
-6.07527 -6.07338
-6.17139 -6.16957
-6.52758 -6.52738
-5.98133 -5.98058
-6.09581 -6.09535
-6.63621 -6.63616
-6.39041 -6.38943
-6.72975 -6.73012
-6.59593 -6.59599
-6.69598 -6.69591
-6.69511 -6.69649
-6.67267 -6.67297
-6.33891 -6.33914
-6.55713 -6.55655
-6.9066 -6.90932
-6.84241 -6.84335
-6.94379 -6.94532
-6.94957 -6.95028
-6.99103 -6.99111
-6.96471 -6.96566
-6.52417 -6.52182
-6.42936 -6.42803
-6.36333 -6.36359
-6.38766 -6.38758
-6.01006 -6.0107
-6.63876 -6.63948
-6.14878 -6.14807
-6.77314 -6.7746
-6.17864 -6.17793
-6.24349 -6.2408
-6.75792 -6.75897
-6.7336 -6.73099
-6.72468 -6.72284
-6.70541 -6.70563
-6.83405 -6.83473
-6.62089 -6.62283
-6.23031 -6.23039
-6.53131 -6.53185
-6.87424 -6.87261
-6.75814 -6.75541
-6.84261 -6.84297
-6.80898 -6.809
-6.69488 -6.69534
-6.47076 -6.47148
-6.74504 -6.74532
-6.66489 -6.66695
-6.58101 -6.58095
-6.39844 -6.39794
-6.39762 -6.39661
-6.70722 -6.70943
-6.76352 -6.76677
-6.38201 -6.38181
-6.69367 -6.69649
-6.77902 -6.77885
-6.42464 -6.42641
-6.62534 -6.62473
-6.69447 -6.69574
-6.1241 -6.12609
-6.54738 -6.54675
-6.43171 -6.43213
-6.76876 -6.76971
-6.39049 -6.39041
-6.68636 -6.68781
-6.17953 -6.17824
-6.46809 -6.46804
-6.70148 -6.70121
-6.70411 -6.70123
-6.31961 -6.31843
-6.26945 -6.26959
-6.69473 -6.69572
-6.49335 -6.49303
-6.28295 -6.2823
-6.31668 -6.31678
-6.04426 -6.0445
-6.68843 -6.68899
-6.41049 -6.4113
-6.56632 -6.56581
-6.35319 -6.35285
-6.29009 -6.29003
-6.35761 -6.35657
-6.05911 -6.05813
-6.72567 -6.72519
-6.74384 -6.74338
-6.39681 -6.39563
-6.40222 -6.40197
-6.70355 -6.70375
-6.75567 -6.75432
-6.23368 -6.23294
-6.18747 -6.18669
-6.84329 -6.84342
-6.13773 -6.13891
-6.67122 -6.67209
-6.27266 -6.27185
-6.78811 -6.78678
-6.16509 -6.16213
-6.15471 -6.15377
-6.68693 -6.68626
-6.67078 -6.67054
-6.48731 -6.48668
-6.77602 -6.7742
-6.16412 -6.16229
-6.64062 -6.64245
-6.73672 -6.73722
-6.86317 -6.86482
-6.34272 -6.34249
-6.66232 -6.66216
-6.92483 -6.92601
-6.62272 -6.62209
-6.49833 -6.5005
-6.45224 -6.45136
-6.89922 -6.8998
-6.64773 -6.64836
-6.19698 -6.19613
-6.75075 -6.75413
-6.85241 -6.85211
-6.23468 -6.23338
-6.30305 -6.3029
-6.12488 -6.12429
-6.24663 -6.24538
-6.82456 -6.82741
-6.86815 -6.87068
-6.59296 -6.59318
-6.41653 -6.41662
-6.55964 -6.55897
-6.23442 -6.23326
-6.72082 -6.72066
-6.67912 -6.6819
-6.74658 -6.75037
-6.68574 -6.68537
-6.30984 -6.31027
-6.68173 -6.68066
-6.91224 -6.91264
-6.58228 -6.58381
-6.79854 -6.79896
-6.62544 -6.62526
-6.99083 -6.9925
-6.36743 -6.36759
-6.69843 -6.69854
-6.4117 -6.41199
-6.54923 -6.55004
-6.98062 -6.98124
-6.58993 -6.58939
-6.71542 -6.71656
-6.66983 -6.6713
-6.65486 -6.65514
-6.69713 -6.69682
-6.79768 -6.79769
-6.71118 -6.71226
-6.3264 -6.32617
-6.19637 -6.1949
-6.20851 -6.20779
-6.1626 -6.16246
-6.15232 -6.15093
-6.18178 -6.17905
-6.28643 -6.28446
-6.20633 -6.20571
-6.19417 -6.19335
-6.19837 -6.19831
-6.17532 -6.17423
-6.22094 -6.2203
-6.18042 -6.1798
-6.19032 -6.1894
-6.16374 -6.16182
-6.18938 -6.18712
-6.18596 -6.18514
-6.18228 -6.18107
-6.36742 -6.36577
-6.18731 -6.18444
-6.22829 -6.22674
-6.19879 -6.19822
-6.17799 -6.17675
-6.32413 -6.32252
-6.17161 -6.17133
-6.17705 -6.17623
-6.17288 -6.17058
-6.16588 -6.16376
-6.13743 -6.13692
-6.19688 -6.19609
-6.20307 -6.20171
-6.13894 -6.13772
-6.07232 -6.07145
-6.11482 -6.11316
-6.13362 -6.13312
-6.06221 -6.06099
-6.14772 -6.14564
-6.13707 -6.13616
-6.1062 -6.10509
-6.07197 -6.07016
-6.12259 -6.12182
-6.07188 -6.07224
-6.12536 -6.12498
-6.07782 -6.0779
-6.11098 -6.11017
-6.15203 -6.15059
-6.07806 -6.07719
-6.11655 -6.11544
-6.3031 -6.30189
-6.12365 -6.12257
-6.12689 -6.12578
-6.09208 -6.091
-6.09179 -6.0908
-6.19495 -6.19406
-6.11542 -6.11357
-6.12315 -6.12221
-6.07391 -6.07345
-6.09473 -6.0942
-6.08476 -6.08305
-6.10439 -6.10405
-6.0494 -6.04829
-6.26189 -6.25982
-6.24972 -6.24736
-6.26508 -6.2637
-6.25282 -6.25201
-6.26779 -6.26681
-6.29127 -6.28973
-6.24142 -6.24024
-6.2377 -6.23656
-6.25269 -6.25116
-6.25213 -6.25035
-6.26322 -6.2623
-6.24238 -6.23988
-6.25046 -6.24871
-6.24983 -6.24799
-6.26224 -6.26065
-6.2361 -6.23458
-6.25449 -6.25348
-6.36187 -6.35968
-6.24546 -6.24382
-6.24565 -6.24384
-6.25293 -6.25128
-6.26256 -6.26083
-6.34297 -6.34102
-6.26454 -6.26285
-6.24583 -6.24485
-6.24072 -6.23948
-6.26511 -6.26379
-6.25485 -6.25291
-6.26694 -6.26539
-6.25362 -6.25152
-6.72043 -6.72063
-6.70137 -6.70266
-6.72046 -6.72185
-6.68679 -6.68771
-6.73789 -6.73908
-6.74627 -6.74668
-6.74751 -6.74877
-6.73444 -6.7364
-6.70506 -6.70514
-6.73073 -6.73214
-6.7481 -6.74822
-6.71686 -6.71741
-6.69886 -6.69919
-6.71955 -6.72012
-6.72835 -6.72836
-6.70678 -6.70664
-6.7286 -6.72801
-6.872 -6.87257
-6.73747 -6.73725
-6.71089 -6.71101
-6.73183 -6.7312
-6.72586 -6.72702
-6.81685 -6.81721
-6.69469 -6.69551
-6.71068 -6.71176
-6.70819 -6.70813
-6.73577 -6.73591
-6.74948 -6.74982
-6.76467 -6.76593
-6.71827 -6.71893
-6.60228 -6.60228
-6.63837 -6.63816
-6.6779 -6.67829
-6.65071 -6.64987
-6.62165 -6.62081
-6.72202 -6.72296
-6.65791 -6.65823
-6.61986 -6.61855
-6.66585 -6.66514
-6.63435 -6.63517
-6.64849 -6.64838
-6.6245 -6.62575
-6.63009 -6.63133
-6.6324 -6.63291
-6.62622 -6.6265
-6.63154 -6.63199
-6.60306 -6.60109
-6.87612 -6.87681
-6.62513 -6.62771
-6.65177 -6.65143
-6.66588 -6.66637
-6.58131 -6.5811
-6.82336 -6.82252
-6.60782 -6.6068
-6.61541 -6.61687
-6.63992 -6.64157
-6.60908 -6.60861
-6.62479 -6.62561
-6.62714 -6.62858
-6.62193 -6.62138
-6.7874 -6.78758
-6.82034 -6.82101
-6.80647 -6.80674
-6.82308 -6.82335
-6.82093 -6.82128
-6.81484 -6.81577
-6.80476 -6.80454
-6.80386 -6.80499
-6.81975 -6.82017
-6.80731 -6.80809
-6.8211 -6.82201
-6.81403 -6.81446
-6.80523 -6.80525
-6.81234 -6.81284
-6.78901 -6.78959
-6.82851 -6.82897
-6.80392 -6.80444
-6.92095 -6.92156
-6.81327 -6.81393
-6.82663 -6.82703
-6.81425 -6.81521
-6.80638 -6.80648
-6.89112 -6.89155
-6.79598 -6.79621
-6.8305 -6.83076
-6.78388 -6.7845
-6.81214 -6.81318
-6.81433 -6.81486
-6.82844 -6.82958
-6.79735 -6.79749
-6.81607 -6.81717
-6.80679 -6.80608
-6.81547 -6.81673
-6.85059 -6.85133
-6.84175 -6.84181
-6.82324 -6.82282
-6.83517 -6.83533
-6.80494 -6.80555
-6.7991 -6.80002
-6.81838 -6.81968
-6.79201 -6.79183
-6.82788 -6.82819
-6.80737 -6.80842
-6.8665 -6.86811
-6.81111 -6.81245
-6.83918 -6.84003
-6.80088 -6.80032
-6.95134 -6.95179
-6.78725 -6.78783
-6.81133 -6.81076
-6.83663 -6.8381
-6.84175 -6.84227
-6.88331 -6.8834
-6.81279 -6.81284
-6.8101 -6.81143
-6.82116 -6.82096
-6.81971 -6.82137
-6.82202 -6.82259
-6.80149 -6.80259
-6.82251 -6.82254
-6.77121 -6.77112
-6.72529 -6.72588
-6.6945 -6.69404
-6.68789 -6.68888
-6.71579 -6.71674
-6.85519 -6.85627
-6.71364 -6.71379
-6.72237 -6.72304
-6.72297 -6.72441
-6.72671 -6.72596
-6.74107 -6.73838
-6.71423 -6.71223
-6.72789 -6.72663
-6.6961 -6.69722
-6.72261 -6.72402
-6.71895 -6.71944
-6.72551 -6.72349
-7.00137 -7.00252
-6.74924 -6.75053
-6.74015 -6.73979
-6.72529 -6.72619
-6.73874 -6.73854
-6.9416 -6.94299
-6.7198 -6.72043
-6.68953 -6.68676
-6.73559 -6.73606
-6.7291 -6.72966
-6.74992 -6.7516
-6.76177 -6.76261
-6.7363 -6.73415
-6.90963 -6.91023
-6.89228 -6.89357
-6.92592 -6.92636
-6.90203 -6.90276
-6.89737 -6.89799
-6.9171 -6.91854
-6.9177 -6.91904
-6.91065 -6.91181
-6.91254 -6.9129
-6.92556 -6.92693
-6.93281 -6.933
-6.91247 -6.91354
-6.91112 -6.91183
-6.93398 -6.93433
-6.90133 -6.90187
-6.90619 -6.90736
-6.89736 -6.8976
-7.02502 -7.02578
-6.91424 -6.91475
-6.90681 -6.90783
-6.92461 -6.92575
-6.91274 -6.91333
-6.96859 -6.96936
-6.90463 -6.90511
-6.9118 -6.91237
-6.91314 -6.91408
-6.91276 -6.9129
-6.93471 -6.93529
-6.91664 -6.9177
-6.91369 -6.91422
-6.58456 -6.58487
-6.62431 -6.62475
-6.61946 -6.61982
-6.61698 -6.61766
-6.58505 -6.58533
-6.61622 -6.6167
-6.63904 -6.63983
-6.61269 -6.61342
-6.60352 -6.60307
-6.57873 -6.57861
-6.62462 -6.62675
-6.56105 -6.56133
-6.62294 -6.62286
-6.58198 -6.58182
-6.58379 -6.58541
-6.6095 -6.60964
-6.58721 -6.58747
-6.75728 -6.75742
-6.61837 -6.61786
-6.59467 -6.59554
-6.60239 -6.60294
-6.60837 -6.60788
-6.69296 -6.69329
-6.5972 -6.59758
-6.62378 -6.62421
-6.60074 -6.60017
-6.56172 -6.56093
-6.60001 -6.60041
-6.6367 -6.63748
-6.59112 -6.59197
-6.52741 -6.52673
-6.48143 -6.48124
-6.52693 -6.5284
-6.54637 -6.54608
-6.52532 -6.52651
-6.58208 -6.58173
-6.54016 -6.5401
-6.51695 -6.51726
-6.52687 -6.52854
-6.51291 -6.51402
-6.45667 -6.45523
-6.51972 -6.51961
-6.52632 -6.52482
-6.54541 -6.54535
-6.53618 -6.53575
-6.45367 -6.45558
-6.51578 -6.51555
-6.72097 -6.72125
-6.51329 -6.51386
-6.4924 -6.49326
-6.49687 -6.49644
-6.55178 -6.55199
-6.65907 -6.65865
-6.49056 -6.49085
-6.54492 -6.54449
-6.48752 -6.48796
-6.48796 -6.48824
-6.52686 -6.52658
-6.47911 -6.48104
-6.53994 -6.53994
-6.67022 -6.67023
-6.65897 -6.65903
-6.68517 -6.68511
-6.67894 -6.67919
-6.70055 -6.70016
-6.7267 -6.72679
-6.68382 -6.68407
-6.69022 -6.69027
-6.65527 -6.65513
-6.68944 -6.68953
-6.67826 -6.6787
-6.66741 -6.66776
-6.68163 -6.68162
-6.68206 -6.68221
-6.68388 -6.68421
-6.66657 -6.66701
-6.67169 -6.67156
-6.77872 -6.77895
-6.68537 -6.68563
-6.68441 -6.68472
-6.69471 -6.69488
-6.6834 -6.6835
-6.74949 -6.74971
-6.70222 -6.70214
-6.66219 -6.66272
-6.66942 -6.66968
-6.69554 -6.69542
-6.68132 -6.68119
-6.69491 -6.6947
-6.66663 -6.66683
-6.28378 -6.28287
-6.31093 -6.31068
-6.32192 -6.32053
-6.28682 -6.28615
-6.27837 -6.27798
-6.32635 -6.32524
-6.30195 -6.30058
-6.31466 -6.31378
-6.26159 -6.26128
-6.31937 -6.31795
-6.29376 -6.29298
-6.29804 -6.29845
-6.30455 -6.30311
-6.32932 -6.32879
-6.30576 -6.30456
-6.28252 -6.28258
-6.29246 -6.29277
-6.45413 -6.45283
-6.30459 -6.3034
-6.32687 -6.32682
-6.33101 -6.32954
-6.32335 -6.32328
-6.41393 -6.41256
-6.31548 -6.31532
-6.28218 -6.28077
-6.27807 -6.27788
-6.29597 -6.29439
-6.29811 -6.29768
-6.31075 -6.31048
-6.30136 -6.30173
-6.26514 -6.2638
-6.21087 -6.20812
-6.24394 -6.24546
-6.26814 -6.26828
-6.22647 -6.22597
-6.32994 -6.32914
-6.20043 -6.20003
-6.22045 -6.22057
-6.31281 -6.31312
-6.26103 -6.25937
-6.20771 -6.20856
-6.18874 -6.18861
-6.25903 -6.25992
-6.27053 -6.27073
-6.2134 -6.21434
-6.2326 -6.2325
-6.2362 -6.23645
-6.45826 -6.45748
-6.2715 -6.26995
-6.30377 -6.30354
-6.25158 -6.25091
-6.21501 -6.21489
-6.41483 -6.41409
-6.26624 -6.26518
-6.23498 -6.23349
-6.23598 -6.23563
-6.17337 -6.17427
-6.21567 -6.21564
-6.28136 -6.28125
-6.21246 -6.21154
-6.3843 -6.38347
-6.3908 -6.3899
-6.39287 -6.3922
-6.37624 -6.37525
-6.35642 -6.35555
-6.41242 -6.41157
-6.3891 -6.38903
-6.39138 -6.39095
-6.36322 -6.36266
-6.37185 -6.372
-6.40605 -6.40487
-6.36398 -6.36403
-6.38333 -6.38282
-6.38569 -6.38467
-6.3853 -6.3841
-6.37682 -6.37563
-6.38929 -6.38802
-6.46397 -6.46282
-6.37836 -6.37788
-6.39707 -6.39662
-6.36801 -6.36793
-6.35425 -6.35414
-6.43193 -6.43092
-6.36963 -6.36884
-6.40149 -6.40078
-6.38953 -6.38843
-6.39467 -6.39386
-6.39758 -6.39687
-6.38208 -6.38143
-6.39777 -6.3973
-6.44454 -6.44432
-6.44359 -6.44292
-6.47633 -6.47552
-6.46982 -6.47009
-6.42434 -6.4244
-6.4739 -6.47355
-6.44256 -6.44313
-6.47005 -6.47008
-6.46734 -6.46763
-6.46653 -6.46649
-6.4615 -6.46104
-6.44975 -6.44969
-6.46484 -6.46487
-6.46974 -6.46974
-6.44928 -6.44908
-6.46679 -6.46682
-6.45983 -6.45968
-6.6242 -6.62412
-6.46022 -6.45981
-6.47701 -6.47696
-6.45343 -6.45328
-6.46648 -6.46722
-6.58431 -6.58384
-6.48072 -6.48032
-6.4751 -6.47449
-6.44891 -6.44833
-6.52246 -6.52191
-6.47137 -6.47074
-6.44629 -6.44568
-6.42177 -6.42146
-6.35233 -6.35275
-6.31482 -6.31441
-6.38964 -6.3889
-6.38937 -6.39019
-6.36271 -6.36216
-6.47024 -6.47027
-6.37509 -6.37442
-6.36092 -6.35992
-6.36044 -6.3602
-6.39065 -6.38965
-6.35918 -6.35979
-6.32903 -6.32802
-6.39477 -6.39374
-6.34729 -6.34738
-6.42156 -6.42211
-6.39078 -6.38982
-6.38644 -6.38616
-6.63131 -6.63119
-6.38611 -6.38593
-6.41028 -6.41137
-6.37057 -6.36988
-6.38213 -6.38269
-6.59316 -6.59275
-6.35771 -6.35698
-6.33706 -6.33744
-6.3711 -6.37017
-6.41762 -6.41871
-6.34792 -6.348
-6.4045 -6.40417
-6.34954 -6.34871
-6.54547 -6.54538
-6.54047 -6.54001
-6.53128 -6.53071
-6.53167 -6.53199
-6.53002 -6.52992
-6.59063 -6.59006
-6.52001 -6.51929
-6.54155 -6.54062
-6.53823 -6.53848
-6.55112 -6.55099
-6.52071 -6.52047
-6.53194 -6.53174
-6.52387 -6.52399
-6.51662 -6.51678
-6.53027 -6.52964
-6.54518 -6.54525
-6.56026 -6.56008
-6.63719 -6.6369
-6.5521 -6.55226
-6.54906 -6.54856
-6.51595 -6.51575
-6.53368 -6.5329
-6.61337 -6.61318
-6.53365 -6.53297
-6.5459 -6.54604
-6.52636 -6.52587
-6.54494 -6.54482
-6.559 -6.55902
-6.54034 -6.54077
-6.52417 -6.52438
-6.85164 -6.85365
-6.84097 -6.84237
-6.88157 -6.88026
-6.83705 -6.83862
-6.85927 -6.85905
-6.88136 -6.88323
-6.88138 -6.88233
-6.8552 -6.85627
-6.89292 -6.89317
-6.90679 -6.90828
-6.90554 -6.90797
-6.85146 -6.85237
-6.84309 -6.84181
-6.86395 -6.8651
-6.87544 -6.87711
-6.84368 -6.84607
-6.83422 -6.83545
-7.03434 -7.03653
-6.85787 -6.85868
-6.89135 -6.89282
-6.87175 -6.87338
-6.80906 -6.81186
-6.92883 -6.92886
-6.84939 -6.85016
-6.85244 -6.85227
-6.87329 -6.87294
-6.88201 -6.881
-6.85604 -6.85976
-6.83967 -6.84065
-6.8774 -6.8765
-6.74613 -6.74401
-6.71533 -6.71854
-6.75467 -6.75094
-6.73269 -6.73306
-6.71219 -6.71277
-6.87755 -6.87776
-6.72558 -6.72661
-6.76138 -6.76084
-6.73463 -6.73702
-6.73132 -6.73169
-6.77537 -6.77428
-6.71357 -6.71495
-6.75122 -6.75363
-6.79803 -6.79594
-6.73878 -6.73929
-6.70808 -6.70837
-6.75161 -6.75364
-7.0405 -7.04173
-6.71704 -6.71691
-6.7698 -6.77138
-6.75129 -6.75093
-6.67136 -6.67037
-6.96384 -6.966
-6.75612 -6.75704
-6.69699 -6.69599
-6.70367 -6.70013
-6.71447 -6.71992
-6.73138 -6.73167
-6.74881 -6.75304
-6.72939 -6.73022
-6.95335 -6.95331
-6.96585 -6.96594
-6.98639 -6.98752
-6.96207 -6.96219
-6.9721 -6.97293
-6.98275 -6.98359
-6.97872 -6.97995
-6.971 -6.97211
-6.9823 -6.9825
-6.97847 -6.97976
-6.98162 -6.9824
-6.96098 -6.96246
-6.95116 -6.95143
-6.98083 -6.98323
-6.97309 -6.9749
-6.98678 -6.98823
-6.97065 -6.97086
-7.07198 -7.07312
-6.96836 -6.96957
-6.97936 -6.98035
-6.97215 -6.97391
-6.9728 -6.97419
-7.02005 -7.02166
-6.98831 -6.98931
-6.98277 -6.98403
-6.97225 -6.97295
-6.94476 -6.94512
-6.97703 -6.97703
-6.98086 -6.98217
-6.97772 -6.9787
