    1.9893844886e+03    1.3955428877e+03   -4.0964253455e+04    7.4013570487e+01    7.3668100523e+01    7.3850857947e+01   -1.0111893109e-01   -8.1716737398e-02    3.6693706399e-03    5.0838303780e+01    3.0502982268e+01    3.0502982268e+01
    1.9961725444e+03    1.4003046736e+03   -4.0962213775e+04    7.3908539865e+01    7.3682950911e+01    7.4172774536e+01   -9.0755464848e-02    5.4796750063e-02   -7.8943409775e-02    5.0838303780e+01    3.0502982268e+01    3.0502982268e+01
    2.0110966321e+03    1.4107738436e+03   -4.0974503794e+04    7.4025393190e+01    7.3738562327e+01    7.3771745727e+01   -5.9457577354e-02    8.4241528728e-02    5.8465376944e-03    5.0838303780e+01    3.0502982268e+01    3.0502982268e+01
    2.0074955593e+03    1.4082477097e+03   -4.0971589004e+04    7.3928029558e+01    7.3774722936e+01    7.3479077444e+01    1.2323754657e-01    7.1636854344e-02   -1.5684975106e-01    5.0838303780e+01    3.0502982268e+01    3.0502982268e+01
    1.9830585222e+03    1.3911052551e+03   -4.0953846187e+04    7.3552850810e+01    7.4038268311e+01    7.3715043188e+01   -3.5275869894e-02   -1.3588244140e-01    1.3256939830e-02    5.0838303780e+01    3.0502982268e+01    3.0502982268e+01
    2.0406330005e+03    1.4314934526e+03   -4.0993598208e+04    7.3905943169e+01    7.3451942405e+01    7.3633712497e+01   -8.3614898497e-02   -3.2510450050e-02    2.0008729389e-01    5.0838303780e+01    3.0502982268e+01    3.0502982268e+01
    1.9932478551e+03    1.3982530193e+03   -4.0959494676e+04    7.3900104617e+01    7.3668376279e+01    7.3939076733e+01    3.1465065760e-02    4.4370579990e-02   -3.0651654574e-02    5.0838303780e+01    3.0502982268e+01    3.0502982268e+01
    1.9943583217e+03    1.3990320058e+03   -4.0961150690e+04    7.4191387909e+01    7.3706884924e+01    7.3923520900e+01    7.3687108043e-02    9.5893188447e-02   -4.5148172014e-02    5.0838303780e+01    3.0502982268e+01    3.0502982268e+01
    2.0137592109e+03    1.4126416288e+03   -4.0973666803e+04    7.3651472031e+01    7.3451348014e+01    7.4187581327e+01   -3.5532787525e-02   -1.9175063704e-01   -1.7225623528e-01    5.0838303780e+01    3.0502982268e+01    3.0502982268e+01
    1.9813870206e+03    1.3899327055e+03   -4.0951703641e+04    7.4030323403e+01    7.3936868230e+01    7.3809669218e+01   -1.0566626448e-01   -5.0338749318e-02    4.8411517555e-02    5.0838303780e+01    3.0502982268e+01    3.0502982268e+01
    2.0090093417e+03    1.4093096202e+03   -4.0973329768e+04    7.4015951902e+01    7.3741014624e+01    7.3544764188e+01    8.6710691013e-02   -9.4623077502e-02    1.1321807627e-01    5.0838303780e+01    3.0502982268e+01    3.0502982268e+01
    2.0037412581e+03    1.4056140870e+03   -4.0968016443e+04    7.3757786073e+01    7.4075990070e+01    7.3592531031e+01   -1.8569333407e-02    8.2780521946e-03    9.7401014998e-02    5.0838303780e+01    3.0502982268e+01    3.0502982268e+01
    1.9993758709e+03    1.4025517905e+03   -4.0965449464e+04    7.3997491130e+01    7.3495862208e+01    7.3699904659e+01    6.1641864133e-02    1.4476280144e-01   -1.2261080173e-02    5.0838303780e+01    3.0502982268e+01    3.0502982268e+01
    2.0056744440e+03    1.4069702068e+03   -4.0969742980e+04    7.3698899511e+01    7.3608651149e+01    7.3834246227e+01   -3.3110259268e-03    2.2187965753e-02    9.7639223080e-03    5.0838303780e+01    3.0502982268e+01    3.0502982268e+01
    1.9945035084e+03    1.3991338535e+03   -4.0960126380e+04    7.4029337161e+01    7.3581501428e+01    7.3608523310e+01   -8.1950339888e-02    5.1689570238e-02    8.3282022629e-02    5.0838303780e+01    3.0502982268e+01    3.0502982268e+01
    1.9941436887e+03    1.3988814418e+03   -4.0960961798e+04    7.3877655965e+01    7.3941173243e+01    7.3762639567e+01   -3.7514519357e-02    1.0204612151e-01    1.9920761100e-01    5.0838303780e+01    3.0502982268e+01    3.0502982268e+01
    2.0019867982e+03    1.4043833424e+03   -4.0967922153e+04    7.3867666134e+01    7.3430411371e+01    7.4115913633e+01   -7.1782616456e-02    7.7534207095e-02    1.7087347775e-01    5.0838303780e+01    3.0502982268e+01    3.0502982268e+01
    2.0030181604e+03    1.4051068377e+03   -4.0964993777e+04    7.3978444797e+01    7.3471438158e+01    7.3953614686e+01   -7.0763564000e-02    4.1897822600e-03   -1.5522603046e-01    5.0838303780e+01    3.0502982268e+01    3.0502982268e+01
    1.9849823941e+03    1.3924548413e+03   -4.0955304172e+04    7.4276112802e+01    7.3581081615e+01    7.3713090974e+01   -9.7120361752e-02    1.1849729930e-02    1.2140349453e-01    5.0838303780e+01    3.0502982268e+01    3.0502982268e+01
    1.9888602252e+03    1.3951751197e+03   -4.0956121087e+04    7.4268953486e+01    7.3593859393e+01    7.3893420049e+01   -6.5476644352e-02   -8.6596268552e-03   -4.9367002485e-02    5.0838303780e+01    3.0502982268e+01    3.0502982268e+01
    2.0114688891e+03    1.4110349800e+03   -4.0973618491e+04    7.3712068470e+01    7.3521502358e+01    7.4021177741e+01    1.0523835225e-01    8.0202196869e-02    2.6421279953e-02    5.0838303780e+01    3.0502982268e+01    3.0502982268e+01
    2.0022741824e+03    1.4045849409e+03   -4.0967261056e+04    7.3716956560e+01    7.3820770888e+01    7.3986191298e+01   -6.5823986196e-03   -1.3680070759e-01   -9.2291754263e-02    5.0838303780e+01    3.0502982268e+01    3.0502982268e+01
    1.9950478574e+03    1.3995157115e+03   -4.0961551480e+04    7.4075633593e+01    7.3772699514e+01    7.3758804305e+01   -1.2791076728e-01   -3.4914436196e-02   -1.1594997821e-01    5.0838303780e+01    3.0502982268e+01    3.0502982268e+01
    2.0298096409e+03    1.4239009221e+03   -4.0985418588e+04    7.3858863905e+01    7.3501383038e+01    7.3606546891e+01   -1.2395666618e-02    1.6375513422e-01   -5.6543747971e-03    5.0838303780e+01    3.0502982268e+01    3.0502982268e+01
    1.9858656121e+03    1.3930744141e+03   -4.0956595811e+04    7.3955851639e+01    7.3892654983e+01    7.3756772869e+01   -2.0842909839e-01   -2.5859175037e-02   -6.8032496622e-02    5.0838303780e+01    3.0502982268e+01    3.0502982268e+01
    2.0205359149e+03    1.4173954515e+03   -4.0977870990e+04    7.3734659304e+01    7.3733705577e+01    7.3823685360e+01   -6.7678976969e-02    5.3470010280e-03   -6.2274708133e-02    5.0838303780e+01    3.0502982268e+01    3.0502982268e+01
    1.9854494381e+03    1.3927824702e+03   -4.0953343759e+04    7.4071352515e+01    7.3789924593e+01    7.3769614910e+01   -6.0281945995e-02   -5.3308233632e-02   -5.8112135450e-02    5.0838303780e+01    3.0502982268e+01    3.0502982268e+01
    1.9961994006e+03    1.4003235131e+03   -4.0962008375e+04    7.4176541517e+01    7.3778905778e+01    7.3765365636e+01    1.4819765888e-01   -1.8148452862e-01   -4.5828485876e-02    5.0838303780e+01    3.0502982268e+01    3.0502982268e+01
    1.9873341403e+03    1.3941045790e+03   -4.0955577182e+04    7.3973155138e+01    7.3952194569e+01    7.3641014334e+01   -9.0341883268e-02    9.2542269210e-03   -5.0258325456e-02    5.0838303780e+01    3.0502982268e+01    3.0502982268e+01
    2.0145623808e+03    1.4132050483e+03   -4.0973927552e+04    7.4015008033e+01    7.3760340153e+01    7.3695499947e+01    3.7157825069e-02    1.2078141513e-02    5.7675641894e-02    5.0838303780e+01    3.0502982268e+01    3.0502982268e+01
    1.9766132741e+03    1.3865839470e+03   -4.0950352258e+04    7.4369836858e+01    7.3882539623e+01    7.3625754424e+01    2.3979629382e-02    1.4373993911e-01    1.2689982508e-01    5.0838303780e+01    3.0502982268e+01    3.0502982268e+01
    2.0039934680e+03    1.4057910109e+03   -4.0966431580e+04    7.4106010771e+01    7.3606013458e+01    7.3732828775e+01   -4.4914074134e-02    1.6696444079e-01    9.2892552364e-02    5.0838303780e+01    3.0502982268e+01    3.0502982268e+01
    1.9889374641e+03    1.3952293024e+03   -4.0957979290e+04    7.4199619961e+01    7.3735035715e+01    7.3903063221e+01    9.2128003619e-03    4.6176763070e-02   -4.9087784549e-02    5.0838303780e+01    3.0502982268e+01    3.0502982268e+01
    2.0038661727e+03    1.4057017139e+03   -4.0970231888e+04    7.3559748537e+01    7.3628434345e+01    7.4117382902e+01   -5.7046515468e-02    7.1778892207e-02   -9.2092039650e-02    5.0838303780e+01    3.0502982268e+01    3.0502982268e+01
    2.0217719148e+03    1.4182624990e+03   -4.0980657609e+04    7.3631670693e+01    7.3829999488e+01    7.3700622796e+01    1.5119265532e-02   -2.6084037282e-02    1.5512515245e-02    5.0838303780e+01    3.0502982268e+01    3.0502982268e+01
    1.9979415596e+03    1.4015456286e+03   -4.0964549533e+04    7.3710427455e+01    7.3962789782e+01    7.3566410506e+01   -4.2739342282e-02    7.7083224501e-02    4.0622088376e-02    5.0838303780e+01    3.0502982268e+01    3.0502982268e+01
    2.0155260379e+03    1.4138810488e+03   -4.0975033101e+04    7.3962656889e+01    7.3579962594e+01    7.3864143570e+01   -9.0129586723e-02    1.0798866343e-01   -1.0851237716e-02    5.0838303780e+01    3.0502982268e+01    3.0502982268e+01
    1.9988765896e+03    1.4022015473e+03   -4.0966303960e+04    7.4141657431e+01    7.3395196898e+01    7.3837651967e+01   -6.6996640394e-02   -5.1438563991e-02   -2.3305370353e-01    5.0838303780e+01    3.0502982268e+01    3.0502982268e+01
    2.0054948484e+03    1.4068442215e+03   -4.0969814435e+04    7.3838833914e+01    7.3596278644e+01    7.3770772187e+01   -1.3022233111e-01    3.4417421714e-02    2.3195469571e-02    5.0838303780e+01    3.0502982268e+01    3.0502982268e+01
    1.9813356817e+03    1.3898966915e+03   -4.0951233464e+04    7.4054805916e+01    7.3787930231e+01    7.3896321547e+01    7.3203365311e-02    3.3654039437e-02    8.5556576393e-02    5.0838303780e+01    3.0502982268e+01    3.0502982268e+01
    1.9904890141e+03    1.3963177066e+03   -4.0958531622e+04    7.3994900464e+01    7.3699379016e+01    7.3709829207e+01    1.3558285829e-01   -7.7122527477e-02   -4.5859169218e-02    5.0838303780e+01    3.0502982268e+01    3.0502982268e+01
    2.0178093767e+03    1.4154827991e+03   -4.0977039831e+04    7.3686301129e+01    7.3637654928e+01    7.3644054763e+01    1.3055595468e-01   -2.5322076610e-02    1.5642754853e-01    5.0838303780e+01    3.0502982268e+01    3.0502982268e+01
    2.0238361968e+03    1.4197105821e+03   -4.0981132299e+04    7.3873817549e+01    7.3521652987e+01    7.3843697188e+01   -9.0045340240e-02   -4.4732476489e-02    1.2748360577e-01    5.0838303780e+01    3.0502982268e+01    3.0502982268e+01
    2.0118269025e+03    1.4112861245e+03   -4.0973087800e+04    7.4146298297e+01    7.3691602257e+01    7.3296362524e+01    3.5138876324e-02    8.8990629919e-02    8.2763352526e-02    5.0838303780e+01    3.0502982268e+01    3.0502982268e+01
    2.0002063700e+03    1.4031343813e+03   -4.0963162332e+04    7.4259287167e+01    7.3815579771e+01    7.3720099731e+01    5.3714811187e-02   -5.9437429394e-02   -8.4072680983e-02    5.0838303780e+01    3.0502982268e+01    3.0502982268e+01
    1.9978802320e+03    1.4015026076e+03   -4.0965317456e+04    7.3789606083e+01    7.3822873177e+01    7.3625115807e+01   -8.3775389987e-03    8.5740135907e-02   -1.5871835824e-02    5.0838303780e+01    3.0502982268e+01    3.0502982268e+01
    2.0020363893e+03    1.4044181303e+03   -4.0963967934e+04    7.3445330539e+01    7.3992077482e+01    7.3906766299e+01   -2.8552425702e-02    3.8408054288e-02    2.0182818035e-01    5.0838303780e+01    3.0502982268e+01    3.0502982268e+01
    1.9902084203e+03    1.3961208715e+03   -4.0957137350e+04    7.3870857126e+01    7.3722454723e+01    7.3842589970e+01    2.5725910353e-02   -2.6180868927e-02   -2.9979537770e-02    5.0838303780e+01    3.0502982268e+01    3.0502982268e+01
    1.9967394582e+03    1.4007023607e+03   -4.0961592841e+04    7.4394964376e+01    7.3718727268e+01    7.3705649639e+01    3.0632034661e-02    6.6225176455e-02   -4.9170710595e-02    5.0838303780e+01    3.0502982268e+01    3.0502982268e+01
    2.0056353843e+03    1.4069428066e+03   -4.0970424860e+04    7.3927194979e+01    7.3651090913e+01    7.3807984940e+01    8.3232067289e-02    1.6110790070e-01    3.1118157050e-02    5.0838303780e+01    3.0502982268e+01    3.0502982268e+01
    2.0032236026e+03    1.4052509543e+03   -4.0966010431e+04    7.4175215579e+01    7.3729460400e+01    7.3691131504e+01   -7.3538845991e-02   -1.4194380617e-01   -1.4060575593e-01    5.0838303780e+01    3.0502982268e+01    3.0502982268e+01
    2.0084093175e+03    1.4088887064e+03   -4.0972319729e+04    7.3710974688e+01    7.3747477342e+01    7.3704579693e+01    1.6554184188e-01   -1.6962847603e-02    1.4516118175e-01    5.0838303780e+01    3.0502982268e+01    3.0502982268e+01
    2.0227488989e+03    1.4189478482e+03   -4.0979408925e+04    7.3992910079e+01    7.3458139072e+01    7.3579927237e+01    2.2561489079e-02    5.1568327164e-02   -1.9030606440e-01    5.0838303780e+01    3.0502982268e+01    3.0502982268e+01
    2.0085835220e+03    1.4090109100e+03   -4.0971589714e+04    7.3974149134e+01    7.3452786673e+01    7.3670421338e+01    1.2820910784e-01    1.0274691203e-01    4.8010240501e-02    5.0838303780e+01    3.0502982268e+01    3.0502982268e+01
    2.0003220277e+03    1.4032155146e+03   -4.0965262968e+04    7.3757421554e+01    7.3833537252e+01    7.4072158135e+01   -7.1365464302e-02   -1.2861969704e-01   -6.6064499414e-02    5.0838303780e+01    3.0502982268e+01    3.0502982268e+01
    1.9890955784e+03    1.3953402187e+03   -4.0956902952e+04    7.3922391794e+01    7.3823022392e+01    7.3950006852e+01   -6.2415068862e-02    3.6393054773e-03    7.6994749492e-02    5.0838303780e+01    3.0502982268e+01    3.0502982268e+01
    2.0398376514e+03    1.4309355194e+03   -4.0993120653e+04    7.3932622255e+01    7.3604852862e+01    7.3527083959e+01    1.0845495220e-01    6.4470194729e-03    1.4428207891e-01    5.0838303780e+01    3.0502982268e+01    3.0502982268e+01
    1.9954790762e+03    1.3998182093e+03   -4.0962766906e+04    7.4225253965e+01    7.3484928003e+01    7.3761998847e+01    1.8874159589e-01    1.0841044939e-01    2.5151205116e-01    5.0838303780e+01    3.0502982268e+01    3.0502982268e+01
    1.9990979910e+03    1.4023568592e+03   -4.0966217560e+04    7.4132034956e+01    7.3639803327e+01    7.3779428721e+01   -2.2751320489e-02   -4.6277351210e-02   -1.4711934978e-01    5.0838303780e+01    3.0502982268e+01    3.0502982268e+01
    2.0302869384e+03    1.4242357438e+03   -4.0983387856e+04    7.3706810620e+01    7.3729079532e+01    7.3661497138e+01    1.0706002495e-02   -1.7986940517e-02    1.0211789142e-01    5.0838303780e+01    3.0502982268e+01    3.0502982268e+01
    1.9805515098e+03    1.3893465990e+03   -4.0950263330e+04    7.3794342108e+01    7.3798930527e+01    7.4079612409e+01    4.9732138391e-02   -2.1819789946e-01    1.3875407181e-01    5.0838303780e+01    3.0502982268e+01    3.0502982268e+01
    1.9522348435e+03    1.3694826046e+03   -4.0931914037e+04    7.4377351151e+01    7.3882904877e+01    7.3832043838e+01   -7.2481338784e-02    8.7784194768e-02   -3.5484488505e-02    5.0838303780e+01    3.0502982268e+01    3.0502982268e+01
    1.9861986948e+03    1.3933080699e+03   -4.0956240814e+04    7.3888085970e+01    7.3751620503e+01    7.3858077158e+01    6.0625919870e-02   -1.3589089652e-01    2.1264814392e-01    5.0838303780e+01    3.0502982268e+01    3.0502982268e+01
    2.0179438478e+03    1.4155771299e+03   -4.0977075179e+04    7.4027813434e+01    7.3665650201e+01    7.3426904724e+01    4.8487928273e-03   -3.9872565041e-02   -1.4893392652e-01    5.0838303780e+01    3.0502982268e+01    3.0502982268e+01
    1.9944398923e+03    1.3990892272e+03   -4.0962187299e+04    7.4123027255e+01    7.3704291350e+01    7.3638923700e+01   -5.2364446460e-03    1.5360338894e-01   -1.4945329447e-01    5.0838303780e+01    3.0502982268e+01    3.0502982268e+01
    1.9942200783e+03    1.3989350287e+03   -4.0960127022e+04    7.4152881881e+01    7.3350636410e+01    7.3844430970e+01   -1.0394732147e-01    1.9693869173e-02   -5.3887979565e-03    5.0838303780e+01    3.0502982268e+01    3.0502982268e+01
    2.0172206938e+03    1.4150698411e+03   -4.0976935512e+04    7.4235076790e+01    7.3635271066e+01    7.3685143587e+01   -8.9896367017e-02   -1.4363070271e-01   -1.1271119520e-01    5.0838303780e+01    3.0502982268e+01    3.0502982268e+01
    1.9808677215e+03    1.3895684198e+03   -4.0950154579e+04    7.4267750851e+01    7.3936356024e+01    7.3818090515e+01    1.9829137069e-02    8.2144893935e-02    3.2607910938e-02    5.0838303780e+01    3.0502982268e+01    3.0502982268e+01
    2.0083356755e+03    1.4088370469e+03   -4.0970853154e+04    7.3635407512e+01    7.3640282199e+01    7.3853506224e+01   -9.0860854640e-02    5.1998236420e-02    5.1915720098e-02    5.0838303780e+01    3.0502982268e+01    3.0502982268e+01
    1.9762462371e+03    1.3863264725e+03   -4.0947803223e+04    7.4017172305e+01    7.3995854375e+01    7.3922401573e+01   -2.0234057800e-01   -1.8490350888e-02    6.0434411524e-02    5.0838303780e+01    3.0502982268e+01    3.0502982268e+01
    2.0233647382e+03    1.4193798563e+03   -4.0981294778e+04    7.3728212040e+01    7.3748125481e+01    7.3427457514e+01   -1.1214763308e-01   -1.5195064693e-01   -7.4528345094e-02    5.0838303780e+01    3.0502982268e+01    3.0502982268e+01
    1.9879607563e+03    1.3945441469e+03   -4.0957832485e+04    7.3804656702e+01    7.3349551660e+01    7.4171878284e+01    1.9010126367e-03   -2.5885471768e-02   -7.3564373245e-03    5.0838303780e+01    3.0502982268e+01    3.0502982268e+01
    2.0162522440e+03    1.4143904786e+03   -4.0976927518e+04    7.3984654349e+01    7.3777121893e+01    7.3480732941e+01   -2.1561020145e-02   -9.1773007906e-02    1.2558043734e-01    5.0838303780e+01    3.0502982268e+01    3.0502982268e+01
    1.9887552579e+03    1.3951014857e+03   -4.0955762917e+04    7.3959949697e+01    7.3606617049e+01    7.3903377365e+01    1.0743903458e-02   -1.6478402244e-01   -5.8116470103e-02    5.0838303780e+01    3.0502982268e+01    3.0502982268e+01
    1.9714408084e+03    1.3829554892e+03   -4.0944825671e+04    7.4122688749e+01    7.3925660618e+01    7.3923487979e+01   -1.0669406771e-01    1.6706333686e-02   -1.4566950498e-01    5.0838303780e+01    3.0502982268e+01    3.0502982268e+01
    2.0023185087e+03    1.4046160356e+03   -4.0966374838e+04    7.3884510812e+01    7.3860185049e+01    7.3851328681e+01    1.2837705081e-01   -5.2038243770e-02    5.2841297025e-02    5.0838303780e+01    3.0502982268e+01    3.0502982268e+01
    1.9842175308e+03    1.3919182936e+03   -4.0955070529e+04    7.4171889136e+01    7.3768453272e+01    7.3780041225e+01   -2.6613551035e-02    1.0938275889e-01    2.3226005744e-01    5.0838303780e+01    3.0502982268e+01    3.0502982268e+01
    1.9749275755e+03    1.3854014382e+03   -4.0949606976e+04    7.4346587047e+01    7.3893928758e+01    7.3529781514e+01    1.6653515046e-01   -4.6626507823e-02   -1.5041436796e-01    5.0838303780e+01    3.0502982268e+01    3.0502982268e+01
    2.0045604306e+03    1.4061887322e+03   -4.0970607594e+04    7.3908474993e+01    7.3934223462e+01    7.3454369455e+01   -7.5748795516e-04   -5.3317114993e-02    4.7249430519e-03    5.0838303780e+01    3.0502982268e+01    3.0502982268e+01
    1.9782333462e+03    1.3877204192e+03   -4.0949527149e+04    7.4395956142e+01    7.3852245819e+01    7.3623073733e+01    4.8725320949e-02   -1.1513387694e-02   -2.8179368154e-02    5.0838303780e+01    3.0502982268e+01    3.0502982268e+01
    1.9801111346e+03    1.3890376780e+03   -4.0949243521e+04    7.4075831822e+01    7.3874863511e+01    7.3828710711e+01   -1.3939086055e-01   -1.5922936919e-01    7.6697321444e-02    5.0838303780e+01    3.0502982268e+01    3.0502982268e+01
    1.9820322422e+03    1.3903853251e+03   -4.0951949223e+04    7.4168977640e+01    7.3586605768e+01    7.3705444906e+01   -2.3604943152e-02   -1.0207204497e-01    4.7596347647e-02    5.0838303780e+01    3.0502982268e+01    3.0502982268e+01
    2.0175294284e+03    1.4152864168e+03   -4.0976454774e+04    7.3875395481e+01    7.3698230789e+01    7.3811361390e+01   -8.0661633569e-02   -1.2255443075e-01   -1.1722508432e-01    5.0838303780e+01    3.0502982268e+01    3.0502982268e+01
    2.0156807655e+03    1.4139895894e+03   -4.0975602511e+04    7.3979864514e+01    7.3768598161e+01    7.3557646762e+01   -7.2825324702e-02    2.1156065946e-02   -4.0950715929e-02    5.0838303780e+01    3.0502982268e+01    3.0502982268e+01
    2.0137475010e+03    1.4126334144e+03   -4.0976098444e+04    7.4125243326e+01    7.3329583695e+01    7.3706294611e+01   -1.1084803601e-01    4.4535102973e-02    1.1974418240e-01    5.0838303780e+01    3.0502982268e+01    3.0502982268e+01
    2.0168142498e+03    1.4147847228e+03   -4.0975978771e+04    7.3613384473e+01    7.3807905848e+01    7.3665151876e+01    8.3680212131e-02    1.4480349016e-02    6.2236867504e-02    5.0838303780e+01    3.0502982268e+01    3.0502982268e+01
    1.9971615873e+03    1.4009984821e+03   -4.0964601094e+04    7.4204268835e+01    7.3268058272e+01    7.3839186723e+01   -1.3711993309e-01   -1.4211148371e-01   -1.0691961819e-01    5.0838303780e+01    3.0502982268e+01    3.0502982268e+01
    1.9822507669e+03    1.3905386190e+03   -4.0951142458e+04    7.3880112854e+01    7.4062071936e+01    7.3850738923e+01    7.2956006332e-02   -1.1983033362e-01    6.0585793500e-02    5.0838303780e+01    3.0502982268e+01    3.0502982268e+01
    1.9903280728e+03    1.3962048072e+03   -4.0958871109e+04    7.4043336299e+01    7.3855719072e+01    7.3838130943e+01   -1.1371631076e-01    2.2891949544e-02   -7.2001591149e-02    5.0838303780e+01    3.0502982268e+01    3.0502982268e+01
    1.9958568434e+03    1.4000832110e+03   -4.0962626520e+04    7.4129505270e+01    7.3803084145e+01    7.3927605970e+01    3.9922186764e-03    1.5618402479e-01    1.0533855630e-01    5.0838303780e+01    3.0502982268e+01    3.0502982268e+01
    1.9848458535e+03    1.3923590587e+03   -4.0955389791e+04    7.3948359796e+01    7.3777348745e+01    7.3829308270e+01   -8.9115387651e-02   -1.3802742226e-02   -1.4323854730e-02    5.0838303780e+01    3.0502982268e+01    3.0502982268e+01
    1.9825905931e+03    1.3907770053e+03   -4.0951500133e+04    7.3961053011e+01    7.3858056777e+01    7.3788069197e+01   -6.5360256581e-02    1.4031478523e-02    9.8839297869e-02    5.0838303780e+01    3.0502982268e+01    3.0502982268e+01
    1.9871648017e+03    1.3939857888e+03   -4.0956824829e+04    7.3675073134e+01    7.3813582739e+01    7.4073128929e+01   -1.2338751650e-01    6.8182479138e-02    5.6751086942e-02    5.0838303780e+01    3.0502982268e+01    3.0502982268e+01
    2.0012170657e+03    1.4038433791e+03   -4.0966932817e+04    7.4072430157e+01    7.3405537986e+01    7.3800623054e+01    1.1115187662e-01    9.8826356139e-02    8.4282884909e-02    5.0838303780e+01    3.0502982268e+01    3.0502982268e+01
    1.9773306345e+03    1.3870871716e+03   -4.0949512385e+04    7.4233866065e+01    7.3870547216e+01    7.3531484331e+01    3.6451347886e-02    1.3723457686e-01   -6.7146269221e-02    5.0838303780e+01    3.0502982268e+01    3.0502982268e+01
    2.0049969117e+03    1.4064949214e+03   -4.0967216963e+04    7.3709234134e+01    7.3664613321e+01    7.3578792076e+01    7.5555123895e-02    3.2489809796e-02    2.5866611007e-02    5.0838303780e+01    3.0502982268e+01    3.0502982268e+01
    1.9835942230e+03    1.3914810465e+03   -4.0952803185e+04    7.4096161919e+01    7.3761578961e+01    7.3475764250e+01   -1.1845986126e-01    1.6940230232e-01    3.0701112498e-01    5.0838303780e+01    3.0502982268e+01    3.0502982268e+01
    2.0193505578e+03    1.4165639296e+03   -4.0977966935e+04    7.3726788942e+01    7.3666929976e+01    7.3697765863e+01   -4.1558724280e-02   -1.3423252885e-02    1.0620586196e-01    5.0838303780e+01    3.0502982268e+01    3.0502982268e+01
    1.9900110756e+03    1.3959824352e+03   -4.0958235446e+04    7.4289068592e+01    7.3843948312e+01    7.3690517269e+01    1.2009649116e-01    4.0677245120e-02    4.9947169734e-02    5.0838303780e+01    3.0502982268e+01    3.0502982268e+01
    1.9876567044e+03    1.3943308560e+03   -4.0956182615e+04    7.4285657459e+01    7.3579187321e+01    7.3727036789e+01   -8.8670183274e-03   -1.3843161723e-01   -1.0656399933e-02    5.0838303780e+01    3.0502982268e+01    3.0502982268e+01
    1.9876567044e+03    1.3943308560e+03   -4.0956182615e+04    7.4285657459e+01    7.3579187321e+01    7.3727036789e+01   -8.8670183274e-03   -1.3843161723e-01   -1.0656399933e-02    5.0838303780e+01    3.0502982268e+01    3.0502982268e+01
    1.9876567044e+03    1.3943308560e+03   -4.0956182615e+04    7.4285657459e+01    7.3579187321e+01    7.3727036789e+01   -8.8670183274e-03   -1.3843161723e-01   -1.0656399933e-02    5.0838303780e+01    3.0502982268e+01    3.0502982268e+01
    1.9876567044e+03    1.3943308560e+03   -4.0956182615e+04    7.4285657459e+01    7.3579187321e+01    7.3727036789e+01   -8.8670183274e-03   -1.3843161723e-01   -1.0656399933e-02    5.0838303780e+01    3.0502982268e+01    3.0502982268e+01
    1.9876567044e+03    1.3943308560e+03   -4.0956182615e+04    7.4285657459e+01    7.3579187321e+01    7.3727036789e+01   -8.8670183274e-03   -1.3843161723e-01   -1.0656399933e-02    5.0838303780e+01    3.0502982268e+01    3.0502982268e+01
    1.9876567044e+03    1.3943308560e+03   -4.0956182615e+04    7.4285657459e+01    7.3579187321e+01    7.3727036789e+01   -8.8670183274e-03   -1.3843161723e-01   -1.0656399933e-02    5.0838303780e+01    3.0502982268e+01    3.0502982268e+01
    1.9876567044e+03    1.3943308560e+03   -4.0956182615e+04    7.4285657459e+01    7.3579187321e+01    7.3727036789e+01   -8.8670183274e-03   -1.3843161723e-01   -1.0656399933e-02    5.0838303780e+01    3.0502982268e+01    3.0502982268e+01
    1.9876567044e+03    1.3943308560e+03   -4.0956182615e+04    7.4285657459e+01    7.3579187321e+01    7.3727036789e+01   -8.8670183274e-03   -1.3843161723e-01   -1.0656399933e-02    5.0838303780e+01    3.0502982268e+01    3.0502982268e+01
    1.9876567044e+03    1.3943308560e+03   -4.0956182615e+04    7.4285657459e+01    7.3579187321e+01    7.3727036789e+01   -8.8670183274e-03   -1.3843161723e-01   -1.0656399933e-02    5.0838303780e+01    3.0502982268e+01    3.0502982268e+01
    1.9876567044e+03    1.3943308560e+03   -4.0956182615e+04    7.4285657459e+01    7.3579187321e+01    7.3727036789e+01   -8.8670183274e-03   -1.3843161723e-01   -1.0656399933e-02    5.0838303780e+01    3.0502982268e+01    3.0502982268e+01
    1.9876567044e+03    1.3943308560e+03   -4.0956182615e+04    7.4285657459e+01    7.3579187321e+01    7.3727036789e+01   -8.8670183274e-03   -1.3843161723e-01   -1.0656399933e-02    5.0838303780e+01    3.0502982268e+01    3.0502982268e+01
    1.9876567044e+03    1.3943308560e+03   -4.0956182615e+04    7.4285657459e+01    7.3579187321e+01    7.3727036789e+01   -8.8670183274e-03   -1.3843161723e-01   -1.0656399933e-02    5.0838303780e+01    3.0502982268e+01    3.0502982268e+01
    1.9876567044e+03    1.3943308560e+03   -4.0956182615e+04    7.4285657459e+01    7.3579187321e+01    7.3727036789e+01   -8.8670183274e-03   -1.3843161723e-01   -1.0656399933e-02    5.0838303780e+01    3.0502982268e+01    3.0502982268e+01
    1.9876567044e+03    1.3943308560e+03   -4.0956182615e+04    7.4285657459e+01    7.3579187321e+01    7.3727036789e+01   -8.8670183274e-03   -1.3843161723e-01   -1.0656399933e-02    5.0838303780e+01    3.0502982268e+01    3.0502982268e+01
    1.9876567044e+03    1.3943308560e+03   -4.0956182615e+04    7.4285657459e+01    7.3579187321e+01    7.3727036789e+01   -8.8670183274e-03   -1.3843161723e-01   -1.0656399933e-02    5.0838303780e+01    3.0502982268e+01    3.0502982268e+01
    1.9876567044e+03    1.3943308560e+03   -4.0956182615e+04    7.4285657459e+01    7.3579187321e+01    7.3727036789e+01   -8.8670183274e-03   -1.3843161723e-01   -1.0656399933e-02    5.0838303780e+01    3.0502982268e+01    3.0502982268e+01
    1.9876567044e+03    1.3943308560e+03   -4.0956182615e+04    7.4285657459e+01    7.3579187321e+01    7.3727036789e+01   -8.8670183274e-03   -1.3843161723e-01   -1.0656399933e-02    5.0838303780e+01    3.0502982268e+01    3.0502982268e+01
    1.9876567044e+03    1.3943308560e+03   -4.0956182615e+04    7.4285657459e+01    7.3579187321e+01    7.3727036789e+01   -8.8670183274e-03   -1.3843161723e-01   -1.0656399933e-02    5.0838303780e+01    3.0502982268e+01    3.0502982268e+01
    1.9876567044e+03    1.3943308560e+03   -4.0956182615e+04    7.4285657459e+01    7.3579187321e+01    7.3727036789e+01   -8.8670183274e-03   -1.3843161723e-01   -1.0656399933e-02    5.0838303780e+01    3.0502982268e+01    3.0502982268e+01
    1.9876567044e+03    1.3943308560e+03   -4.0956182615e+04    7.4285657459e+01    7.3579187321e+01    7.3727036789e+01   -8.8670183274e-03   -1.3843161723e-01   -1.0656399933e-02    5.0838303780e+01    3.0502982268e+01    3.0502982268e+01
    1.9876567044e+03    1.3943308560e+03   -4.0956182615e+04    7.4285657459e+01    7.3579187321e+01    7.3727036789e+01   -8.8670183274e-03   -1.3843161723e-01   -1.0656399933e-02    5.0838303780e+01    3.0502982268e+01    3.0502982268e+01
    1.9876567044e+03    1.3943308560e+03   -4.0956182615e+04    7.4285657459e+01    7.3579187321e+01    7.3727036789e+01   -8.8670183274e-03   -1.3843161723e-01   -1.0656399933e-02    5.0838303780e+01    3.0502982268e+01    3.0502982268e+01
    1.9876567044e+03    1.3943308560e+03   -4.0956182615e+04    7.4285657459e+01    7.3579187321e+01    7.3727036789e+01   -8.8670183274e-03   -1.3843161723e-01   -1.0656399933e-02    5.0838303780e+01    3.0502982268e+01    3.0502982268e+01
    1.9876567044e+03    1.3943308560e+03   -4.0956182615e+04    7.4285657459e+01    7.3579187321e+01    7.3727036789e+01   -8.8670183274e-03   -1.3843161723e-01   -1.0656399933e-02    5.0838303780e+01    3.0502982268e+01    3.0502982268e+01
    1.9876567044e+03    1.3943308560e+03   -4.0956182615e+04    7.4285657459e+01    7.3579187321e+01    7.3727036789e+01   -8.8670183274e-03   -1.3843161723e-01   -1.0656399933e-02    5.0838303780e+01    3.0502982268e+01    3.0502982268e+01
    1.9876567044e+03    1.3943308560e+03   -4.0956182615e+04    7.4285657459e+01    7.3579187321e+01    7.3727036789e+01   -8.8670183274e-03   -1.3843161723e-01   -1.0656399933e-02    5.0838303780e+01    3.0502982268e+01    3.0502982268e+01
    1.9876567044e+03    1.3943308560e+03   -4.0956182615e+04    7.4285657459e+01    7.3579187321e+01    7.3727036789e+01   -8.8670183274e-03   -1.3843161723e-01   -1.0656399933e-02    5.0838303780e+01    3.0502982268e+01    3.0502982268e+01
    1.9876567044e+03    1.3943308560e+03   -4.0956182615e+04    7.4285657459e+01    7.3579187321e+01    7.3727036789e+01   -8.8670183274e-03   -1.3843161723e-01   -1.0656399933e-02    5.0838303780e+01    3.0502982268e+01    3.0502982268e+01
    1.9876567044e+03    1.3943308560e+03   -4.0956182615e+04    7.4285657459e+01    7.3579187321e+01    7.3727036789e+01   -8.8670183274e-03   -1.3843161723e-01   -1.0656399933e-02    5.0838303780e+01    3.0502982268e+01    3.0502982268e+01
    1.9876567044e+03    1.3943308560e+03   -4.0956182615e+04    7.4285657459e+01    7.3579187321e+01    7.3727036789e+01   -8.8670183274e-03   -1.3843161723e-01   -1.0656399933e-02    5.0838303780e+01    3.0502982268e+01    3.0502982268e+01
    1.9876567044e+03    1.3943308560e+03   -4.0956182615e+04    7.4285657459e+01    7.3579187321e+01    7.3727036789e+01   -8.8670183274e-03   -1.3843161723e-01   -1.0656399933e-02    5.0838303780e+01    3.0502982268e+01    3.0502982268e+01
