    3.0174454425e+03    3.3804371188e+03   -6.4496644000e+04    8.0188858035e+01    7.9858688821e+01    7.9804665007e+01   -1.7876396533e-02   -1.1363451617e-01    1.3970557141e-01    8.1341286048e+01    3.0502982268e+01    3.0502982268e+01
    3.0003447372e+03    3.3612792384e+03   -6.4456802823e+04    8.0355471307e+01    8.0045523174e+01    8.0047943926e+01    8.4758295638e-02    2.8359805697e-01    7.4801359513e-02    8.1341286048e+01    3.0502982268e+01    3.0502982268e+01
    2.9558756223e+03    3.3114605923e+03   -6.4404285046e+04    8.0070543983e+01    8.0421499967e+01    8.0246194070e+01    1.2578691305e-01   -1.9415490466e-02    5.0604042487e-02    8.1341286048e+01    3.0502982268e+01    3.0502982268e+01
    2.9880594529e+03    3.3475160630e+03   -6.4447313416e+04    8.0294348352e+01    7.9741531391e+01    8.0159966457e+01    2.4101733776e-01   -2.1827288294e-01    5.0720764692e-02    8.1341286048e+01    3.0502982268e+01    3.0502982268e+01
    2.9960414314e+03    3.3564582549e+03   -6.4451416235e+04    8.0299725237e+01    8.0019133070e+01    8.0217832070e+01    1.1235611673e-01   -1.1737277927e-01    7.0921231848e-02    8.1341286048e+01    3.0502982268e+01    3.0502982268e+01
    2.9885314928e+03    3.3480448882e+03   -6.4446908579e+04    8.0087059574e+01    7.9881599766e+01    8.0203657922e+01   -3.4637051122e-01   -1.0841469338e-02    5.0463474501e-02    8.1341286048e+01    3.0502982268e+01    3.0502982268e+01
    3.0150800965e+03    3.3777872273e+03   -6.4472634684e+04    8.0319549752e+01    7.9956781412e+01    8.0090809052e+01   -2.0496990250e-02    1.4686070162e-01    1.8753566329e-02    8.1341286048e+01    3.0502982268e+01    3.0502982268e+01
    2.9625843511e+03    3.3189763657e+03   -6.4414275702e+04    8.0308140337e+01    8.0214193498e+01    8.0037616991e+01    1.5529460065e-01    1.1618765490e-01    2.1585589263e-01    8.1341286048e+01    3.0502982268e+01    3.0502982268e+01
    3.0041516661e+03    3.3655441320e+03   -6.4460093687e+04    8.0482257574e+01    8.0057448778e+01    8.0323722607e+01   -6.9552186648e-02    3.2385874932e-02    4.1161226219e-02    8.1341286048e+01    3.0502982268e+01    3.0502982268e+01
    3.0196623193e+03    3.3829206808e+03   -6.4480787374e+04    8.0372047001e+01    7.9854500848e+01    7.9616385340e+01    6.0325605554e-03    1.3345934758e-01   -2.4501269367e-01    8.1341286048e+01    3.0502982268e+01    3.0502982268e+01
    2.9876078949e+03    3.3470101836e+03   -6.4439828266e+04    8.0422217690e+01    7.9909132417e+01    8.0341804707e+01    1.1677225738e-01   -5.7953380329e-02   -8.8820854021e-02    8.1341286048e+01    3.0502982268e+01    3.0502982268e+01
    2.9980868646e+03    3.3587497490e+03   -6.4456972902e+04    8.0409866627e+01    7.9638144143e+01    8.0103478591e+01    5.3178536699e-02   -7.9537886368e-02    1.8733836176e-03    8.1341286048e+01    3.0502982268e+01    3.0502982268e+01
    3.0114488720e+03    3.3737191749e+03   -6.4469602459e+04    8.0042790148e+01    8.0081122094e+01    7.9942278106e+01   -1.8175537643e-01    3.1332320865e-02   -1.3702984102e-02    8.1341286048e+01    3.0502982268e+01    3.0502982268e+01
    2.9768865691e+03    3.3349991072e+03   -6.4432454500e+04    7.9973611775e+01    8.0171951912e+01    8.0404958995e+01   -3.7880961286e-02    1.7047621963e-01   -1.4375023846e-01    8.1341286048e+01    3.0502982268e+01    3.0502982268e+01
    2.9531690337e+03    3.3084284074e+03   -6.4407055845e+04    8.0311870075e+01    8.0256890959e+01    8.0129387611e+01   -1.9055391130e-01   -2.3531460806e-01   -5.6280721482e-02    8.1341286048e+01    3.0502982268e+01    3.0502982268e+01
    3.0179359671e+03    3.3809866524e+03   -6.4479123033e+04    7.9817905690e+01    7.9820945737e+01    8.0183430186e+01   -5.9251773543e-02    2.0899614615e-01   -5.4242860287e-02    8.1341286048e+01    3.0502982268e+01    3.0502982268e+01
    3.0184296225e+03    3.3815396935e+03   -6.4476651281e+04    7.9709680217e+01    8.0046868853e+01    7.9971043987e+01   -2.1922541134e-01    5.6404383722e-02    3.7401504162e-02    8.1341286048e+01    3.0502982268e+01    3.0502982268e+01
    2.9704954121e+03    3.3278391089e+03   -6.4422403126e+04    8.0256471410e+01    7.9868128655e+01    8.0216768019e+01   -7.2679613277e-02   -2.3969986251e-02    9.2766462983e-02    8.1341286048e+01    3.0502982268e+01    3.0502982268e+01
    3.0233800742e+03    3.3870856729e+03   -6.4483028819e+04    8.0046092394e+01    7.9755668389e+01    8.0227003194e+01    1.2187168135e-01   -5.8874970581e-02   -2.7659455345e-01    8.1341286048e+01    3.0502982268e+01    3.0502982268e+01
    2.9651068652e+03    3.3218023323e+03   -6.4417973511e+04    8.0660393281e+01    7.9861906101e+01    8.0104703981e+01    7.9516091543e-02    4.0162098561e-02   -1.1394233799e-01    8.1341286048e+01    3.0502982268e+01    3.0502982268e+01
    2.9957731726e+03    3.3561577252e+03   -6.4452850314e+04    8.0153832824e+01    7.9878046814e+01    8.0166724686e+01   -2.8829727726e-03   -1.2568012952e-01   -4.6383961383e-02    8.1341286048e+01    3.0502982268e+01    3.0502982268e+01
    2.9926157892e+03    3.3526205160e+03   -6.4445484445e+04    8.0502534703e+01    7.9752552263e+01    8.0151949526e+01   -2.2362212541e-02    1.4436013725e-01    1.3584207021e-02    8.1341286048e+01    3.0502982268e+01    3.0502982268e+01
    2.9881870358e+03    3.3476589938e+03   -6.4444436644e+04    8.0266069044e+01    7.9867636385e+01    8.0273304394e+01    5.3249767443e-02    1.5879567945e-01    7.3643314614e-02    8.1341286048e+01    3.0502982268e+01    3.0502982268e+01
    3.0240805060e+03    3.3878703651e+03   -6.4480758858e+04    8.0058269508e+01    7.9714498859e+01    8.0030549902e+01   -2.2833312731e-02   -5.6561162060e-02    1.1170653893e-01    8.1341286048e+01    3.0502982268e+01    3.0502982268e+01
    2.9879140434e+03    3.3473531610e+03   -6.4441678544e+04    7.9892518826e+01    8.0062029032e+01    8.0072710743e+01    1.1097543550e-01   -1.0819552450e-02   -4.8259100698e-02    8.1341286048e+01    3.0502982268e+01    3.0502982268e+01
    3.0320546436e+03    3.3968037729e+03   -6.4493115934e+04    8.0110507803e+01    8.0033729437e+01    7.9681061054e+01    1.1802451267e-01   -5.0115344173e-02    4.0775797438e-02    8.1341286048e+01    3.0502982268e+01    3.0502982268e+01
    2.9946778487e+03    3.3549306364e+03   -6.4449233886e+04    8.0346039200e+01    8.0030401502e+01    8.0012257475e+01   -4.1349836987e-02   -3.7728671258e-02    1.3531510650e-01    8.1341286048e+01    3.0502982268e+01    3.0502982268e+01
    2.9673800818e+03    3.3243490115e+03   -6.4418021218e+04    8.0299469828e+01    8.0508357463e+01    7.9933251803e+01   -9.4999895095e-03    1.7585552300e-01    5.6085468586e-02    8.1341286048e+01    3.0502982268e+01    3.0502982268e+01
    2.9947177542e+03    3.3549753425e+03   -6.4451806979e+04    8.0077371819e+01    8.0061974295e+01    7.9955223612e+01    7.3836329715e-02    7.7750980556e-02    9.4640199578e-02    8.1341286048e+01    3.0502982268e+01    3.0502982268e+01
    2.9988282022e+03    3.3595802677e+03   -6.4455459885e+04    8.0059704724e+01    8.0167644028e+01    7.9904825374e+01    4.6053188525e-02   -1.1407868916e-01   -7.4484004777e-02    8.1341286048e+01    3.0502982268e+01    3.0502982268e+01
    2.9734701941e+03    3.3311717503e+03   -6.4425588843e+04    8.0525525331e+01    8.0136633630e+01    8.0135079125e+01   -5.5216180119e-02   -1.2468311453e-01    1.2660269009e-01    8.1341286048e+01    3.0502982268e+01    3.0502982268e+01
    2.9887883745e+03    3.3483326721e+03   -6.4445804139e+04    8.0320150566e+01    7.9788370511e+01    8.0129264471e+01    6.5508140832e-02    5.4805449931e-02   -4.9765022713e-02    8.1341286048e+01    3.0502982268e+01    3.0502982268e+01
    2.9726383492e+03    3.3302398363e+03   -6.4425424958e+04    8.0244598360e+01    8.0216525430e+01    8.0063414065e+01    6.5943993318e-02    6.8369607618e-02   -5.0460155080e-02    8.1341286048e+01    3.0502982268e+01    3.0502982268e+01
    3.0051144213e+03    3.3666227045e+03   -6.4462062857e+04    8.0178963304e+01    8.0284434699e+01    7.9899219673e+01   -9.5666565834e-02    1.0713361734e-01    1.3218552229e-01    8.1341286048e+01    3.0502982268e+01    3.0502982268e+01
    3.0041906438e+03    3.3655877987e+03   -6.4461549282e+04    8.0330701508e+01    8.0112469636e+01    7.9801454118e+01   -2.9560358969e-02   -8.6515881935e-02   -9.0305870353e-02    8.1341286048e+01    3.0502982268e+01    3.0502982268e+01
    2.9985040524e+03    3.3592171235e+03   -6.4453504639e+04    8.0001443465e+01    7.9907362362e+01    7.9985921602e+01   -1.3904592777e-02    9.0889550384e-02   -9.3494306806e-02    8.1341286048e+01    3.0502982268e+01    3.0502982268e+01
    2.9844458522e+03    3.3434677544e+03   -6.4441449246e+04    7.9973771837e+01    8.0228367206e+01    8.0384258961e+01   -3.9719343939e-02   -1.3587708952e-01   -1.1315779643e-01    8.1341286048e+01    3.0502982268e+01    3.0502982268e+01
    2.9997286725e+03    3.3605890626e+03   -6.4456737357e+04    8.0369318685e+01    7.9938945211e+01    7.9988898992e+01    1.2665090549e-02    5.6503825662e-02    1.7377173135e-01    8.1341286048e+01    3.0502982268e+01    3.0502982268e+01
    2.9980024591e+03    3.3586551897e+03   -6.4451666966e+04    7.9660075650e+01    8.0071559505e+01    8.0516337657e+01   -9.7584318945e-02   -1.4311080023e-01    1.1459750943e-01    8.1341286048e+01    3.0502982268e+01    3.0502982268e+01
    2.9979045447e+03    3.3585454964e+03   -6.4453894574e+04    7.9873016748e+01    8.0373040592e+01    7.9940148154e+01   -3.4502710202e-02   -1.4345538547e-01   -9.8822826665e-02    8.1341286048e+01    3.0502982268e+01    3.0502982268e+01
    3.0028632403e+03    3.3641007116e+03   -6.4457450334e+04    7.9735111196e+01    8.0238444831e+01    8.0195738572e+01    4.3327954543e-02    9.1866209072e-02    8.4832235867e-02    8.1341286048e+01    3.0502982268e+01    3.0502982268e+01
    3.0006734409e+03    3.3616474844e+03   -6.4458900467e+04    8.0369568704e+01    8.0317944180e+01    7.9656239886e+01   -1.6056179295e-01    7.2783970068e-03   -2.6980632375e-02    8.1341286048e+01    3.0502982268e+01    3.0502982268e+01
    3.0111537799e+03    3.3733885839e+03   -6.4474950675e+04    8.0167828936e+01    7.9886136616e+01    8.0225189742e+01    1.2722076129e-01    2.6086010083e-02   -2.1876601693e-02    8.1341286048e+01    3.0502982268e+01    3.0502982268e+01
    2.9812397173e+03    3.3398759290e+03   -6.4437645543e+04    8.0286339402e+01    7.9882867314e+01    7.9938115506e+01    3.0414983315e-02   -4.2175483060e-02    5.4343727253e-02    8.1341286048e+01    3.0502982268e+01    3.0502982268e+01
    2.9988792389e+03    3.3596374441e+03   -6.4457032759e+04    7.9930970968e+01    8.0232990815e+01    8.0113544386e+01    1.1831265885e-01    3.5338482356e-02    3.1886386477e-02    8.1341286048e+01    3.0502982268e+01    3.0502982268e+01
    2.9968983618e+03    3.3574182721e+03   -6.4456646088e+04    7.9980337933e+01    8.0464141606e+01    7.9929022305e+01    1.4760138514e-01    4.7537206922e-02   -1.0099500017e-01    8.1341286048e+01    3.0502982268e+01    3.0502982268e+01
    2.9864823559e+03    3.3457492449e+03   -6.4443098177e+04    8.0598615880e+01    7.9938998895e+01    7.9773975569e+01    1.0593838830e-01   -1.2422957745e-02    6.7653952181e-02    8.1341286048e+01    3.0502982268e+01    3.0502982268e+01
    2.9714801350e+03    3.3289422916e+03   -6.4425481583e+04    8.0364623551e+01    8.0104392780e+01    8.0112773425e+01   -7.8527066205e-02   -1.7043542592e-01    1.1890337771e-01    8.1341286048e+01    3.0502982268e+01    3.0502982268e+01
    2.9937124153e+03    3.3538490636e+03   -6.4448039929e+04    8.0470654518e+01    8.0265334770e+01    7.9897617237e+01   -5.8538168252e-02   -1.4232138754e-01    6.8090430096e-02    8.1341286048e+01    3.0502982268e+01    3.0502982268e+01
    3.0067476935e+03    3.3684524555e+03   -6.4462531732e+04    8.0204539823e+01    7.9789800295e+01    8.0263925052e+01    3.5501558063e-02    8.5140320846e-02   -5.5926292306e-02    8.1341286048e+01    3.0502982268e+01    3.0502982268e+01
    3.0447474661e+03    3.4110235125e+03   -6.4505585450e+04    8.0292573056e+01    7.9399206679e+01    7.9988270804e+01   -2.2854650957e-01    1.3395413999e-01    7.1889330694e-03    8.1341286048e+01    3.0502982268e+01    3.0502982268e+01
    2.9895760430e+03    3.3492150954e+03   -6.4446877872e+04    7.9827408078e+01    8.0141983941e+01    8.0030684397e+01    3.4060493390e-01    1.5196244136e-01   -1.7359950670e-02    8.1341286048e+01    3.0502982268e+01    3.0502982268e+01
    2.9815245247e+03    3.3401949981e+03   -6.4437094985e+04    8.0231782711e+01    7.9942759431e+01    8.0053784767e+01    1.0206244141e-01   -6.8594585238e-02   -8.9196834772e-02    8.1341286048e+01    3.0502982268e+01    3.0502982268e+01
    3.0054629665e+03    3.3670131788e+03   -6.4463981723e+04    7.9931415453e+01    8.0021087811e+01    8.0177990478e+01   -1.4801046758e-01    1.8423958256e-01   -8.8136198834e-02    8.1341286048e+01    3.0502982268e+01    3.0502982268e+01
    2.9927739404e+03    3.3527976923e+03   -6.4446804341e+04    8.0219459008e+01    8.0028890974e+01    7.9955678149e+01    4.7628229158e-02    1.9479814770e-01   -1.3983526760e-01    8.1341286048e+01    3.0502982268e+01    3.0502982268e+01
    2.9993230869e+03    3.3601346859e+03   -6.4459921791e+04    8.0107925114e+01    7.9873283381e+01    8.0160031984e+01    1.7933728842e-02    1.4122001453e-01    1.3810573626e-01    8.1341286048e+01    3.0502982268e+01    3.0502982268e+01
    3.0172633848e+03    3.3802331600e+03   -6.4478050520e+04    8.0237767620e+01    7.9831839568e+01    7.9887381795e+01   -5.2568115759e-02    3.3105217855e-02   -8.0810631651e-03    8.1341286048e+01    3.0502982268e+01    3.0502982268e+01
    3.0073695672e+03    3.3691491391e+03   -6.4466092646e+04    8.0309661758e+01    7.9682084697e+01    7.9814310037e+01   -1.0264577096e-01    5.9972886738e-02   -3.1517079242e-02    8.1341286048e+01    3.0502982268e+01    3.0502982268e+01
    2.9878553286e+03    3.3472873830e+03   -6.4445587873e+04    8.0309047791e+01    7.9988187964e+01    8.0413931502e+01    1.7492096286e-01    6.5325254876e-02   -1.7541280313e-01    8.1341286048e+01    3.0502982268e+01    3.0502982268e+01
    2.9915763561e+03    3.3514560415e+03   -6.4447745402e+04    8.0331668952e+01    7.9875665789e+01    7.9962451548e+01   -9.1181544732e-02   -3.3918428013e-02   -1.8710098905e-01    8.1341286048e+01    3.0502982268e+01    3.0502982268e+01
    2.9937569583e+03    3.3538989650e+03   -6.4453171676e+04    7.9944613381e+01    8.0291398336e+01    8.0086325246e+01    6.0339239111e-03   -1.0718505742e-02    2.2450291527e-02    8.1341286048e+01    3.0502982268e+01    3.0502982268e+01
    3.0238487812e+03    3.3876107644e+03   -6.4483817232e+04    8.0012320904e+01    7.9956432446e+01    7.9558087359e+01    3.4839355979e-03   -5.1818191462e-02    8.4100664093e-02    8.1341286048e+01    3.0502982268e+01    3.0502982268e+01
    3.0034457318e+03    3.3647532755e+03   -6.4457429283e+04    8.0391614535e+01    7.9949324380e+01    8.0218716307e+01    6.6002532633e-02   -7.1404965343e-02    5.6267629656e-02    8.1341286048e+01    3.0502982268e+01    3.0502982268e+01
    3.0098642322e+03    3.3719439066e+03   -6.4468669184e+04    8.0110629655e+01    8.0147534325e+01    8.0113597665e+01    1.1907922431e-01   -7.1185736787e-02    2.2350574252e-02    8.1341286048e+01    3.0502982268e+01    3.0502982268e+01
    2.9707450668e+03    3.3281187964e+03   -6.4424445799e+04    8.0392801449e+01    8.0360431308e+01    8.0020453083e+01    5.9255554584e-02    9.1199658847e-02   -9.4864295824e-02    8.1341286048e+01    3.0502982268e+01    3.0502982268e+01
    3.0188430650e+03    3.3820028721e+03   -6.4474345451e+04    8.0187036275e+01    7.9872789307e+01    7.9818284146e+01   -1.1487140389e-01   -2.1075268643e-01   -7.1261536427e-03    8.1341286048e+01    3.0502982268e+01    3.0502982268e+01
    2.9967769177e+03    3.3572822185e+03   -6.4454400817e+04    8.0169611307e+01    8.0265257541e+01    8.0188424542e+01   -4.0514592474e-02   -2.6634197641e-02   -2.8538948271e-03    8.1341286048e+01    3.0502982268e+01    3.0502982268e+01
    2.9938105948e+03    3.3539590539e+03   -6.4447311505e+04    8.0267405265e+01    8.0161464550e+01    8.0391291005e+01   -5.4944309459e-02   -6.5167022833e-02   -1.2402653660e-02    8.1341286048e+01    3.0502982268e+01    3.0502982268e+01
    3.0023081453e+03    3.3634788399e+03   -6.4460030020e+04    8.0143122106e+01    7.9917157537e+01    7.9946662816e+01   -1.5560991861e-01   -4.7855631825e-02   -9.6216529345e-02    8.1341286048e+01    3.0502982268e+01    3.0502982268e+01
    2.9961109798e+03    3.3565361699e+03   -6.4453010489e+04    8.0646503674e+01    7.9806900158e+01    7.9951675217e+01   -1.6919477104e-01    1.1709696532e-01    2.8591121669e-01    8.1341286048e+01    3.0502982268e+01    3.0502982268e+01
    3.0128249764e+03    3.3752608215e+03   -6.4470062256e+04    7.9943708035e+01    7.9847136496e+01    8.0124144011e+01   -3.8626087634e-02   -1.4773171426e-01   -6.3576347108e-03    8.1341286048e+01    3.0502982268e+01    3.0502982268e+01
    2.9779761141e+03    3.3362197220e+03   -6.4428761487e+04    8.0243511422e+01    8.0452625263e+01    7.9782163488e+01    2.8784229749e-02   -4.0836394170e-02   -2.3027351257e-01    8.1341286048e+01    3.0502982268e+01    3.0502982268e+01
    3.0266132752e+03    3.3907078205e+03   -6.4487700459e+04    7.9996210320e+01    7.9757974113e+01    7.9856476598e+01    4.9882233502e-02   -4.9163591477e-04   -3.5572612906e-02    8.1341286048e+01    3.0502982268e+01    3.0502982268e+01
    2.9680662827e+03    3.3251177609e+03   -6.4422596022e+04    8.0760994223e+01    7.9960065862e+01    7.9892605883e+01    3.9302900832e-02    6.8740751686e-02   -8.7538946298e-02    8.1341286048e+01    3.0502982268e+01    3.0502982268e+01
    2.9934331916e+03    3.3535362500e+03   -6.4445357310e+04    8.0274513990e+01    8.0189092848e+01    8.0088786451e+01   -8.4197959705e-02   -2.0708598038e-03   -1.5108612237e-01    8.1341286048e+01    3.0502982268e+01    3.0502982268e+01
    3.0189756284e+03    3.3821513825e+03   -6.4475854542e+04    7.9785511346e+01    8.0011466755e+01    7.9970017163e+01    1.1669859377e-01   -1.1828055743e-01   -2.7578407147e-02    8.1341286048e+01    3.0502982268e+01    3.0502982268e+01
    3.0265755508e+03    3.3906655580e+03   -6.4484615935e+04    8.0357872375e+01    7.9852057073e+01    7.9692166490e+01   -3.6117980949e-02   -2.0484195510e-01    4.2623967563e-04    8.1341286048e+01    3.0502982268e+01    3.0502982268e+01
    3.0069349877e+03    3.3686622808e+03   -6.4465457550e+04    8.0255550713e+01    8.0033295251e+01    7.9742854525e+01   -1.6611675360e-01    2.2595706955e-01    1.1239169454e-01    8.1341286048e+01    3.0502982268e+01    3.0502982268e+01
    2.9899238376e+03    3.3496047288e+03   -6.4446527146e+04    8.0247835904e+01    7.9882690384e+01    7.9992999542e+01    1.4491592841e-01    1.2630596909e-01    8.0267816228e-02    8.1341286048e+01    3.0502982268e+01    3.0502982268e+01
    2.9910402433e+03    3.3508554355e+03   -6.4447750646e+04    8.0410553163e+01    8.0091819426e+01    7.9996327175e+01    8.3760286488e-02   -3.7150638274e-03   -2.8541674431e-01    8.1341286048e+01    3.0502982268e+01    3.0502982268e+01
    2.9960389773e+03    3.3564555056e+03   -6.4449616349e+04    8.0381561969e+01    8.0191259469e+01    7.9771222098e+01   -5.7484696271e-02   -1.2156626710e-01    2.7051437902e-01    8.1341286048e+01    3.0502982268e+01    3.0502982268e+01
    3.0143420196e+03    3.3769603614e+03   -6.4472991013e+04    8.0404097183e+01    7.9828840154e+01    7.9592303143e+01    6.3312189991e-02   -1.7246113739e-02    8.9762556760e-04    8.1341286048e+01    3.0502982268e+01    3.0502982268e+01
    3.0039602872e+03    3.3653297307e+03   -6.4460192408e+04    8.0006187023e+01    8.0255533128e+01    7.9995765119e+01   -7.3867857195e-02    4.9623896152e-02    1.8741245113e-01    8.1341286048e+01    3.0502982268e+01    3.0502982268e+01
    3.0192869664e+03    3.3825001738e+03   -6.4474656137e+04    8.0060350725e+01    7.9847396172e+01    8.0253486651e+01   -9.6894917232e-02    1.4716775513e-01    1.8694966328e-02    8.1341286048e+01    3.0502982268e+01    3.0502982268e+01
    3.0138975754e+03    3.3764624516e+03   -6.4471265920e+04    8.0147736934e+01    8.0298424737e+01    7.9780650169e+01    5.5108356552e-02   -6.2074794238e-02    1.3353962296e-02    8.1341286048e+01    3.0502982268e+01    3.0502982268e+01
    3.0014858412e+03    3.3625576146e+03   -6.4459327996e+04    8.0169802107e+01    7.9844825600e+01    7.9852935362e+01    8.3244186884e-02    9.1493016634e-02   -3.4587152715e-02    8.1341286048e+01    3.0502982268e+01    3.0502982268e+01
    3.0269698035e+03    3.3911072383e+03   -6.4488638811e+04    8.0076685985e+01    8.0014603991e+01    7.9619521465e+01    5.7959369111e-02   -5.6383693939e-02    2.4834018633e-02    8.1341286048e+01    3.0502982268e+01    3.0502982268e+01
    2.9978936615e+03    3.3585333040e+03   -6.4453704105e+04    8.0113352293e+01    7.9932536008e+01    8.0186231690e+01    1.9298369376e-02    1.3087808254e-01   -2.8501708772e-02    8.1341286048e+01    3.0502982268e+01    3.0502982268e+01
    2.9981929862e+03    3.3588686368e+03   -6.4454574393e+04    8.0373343074e+01    8.0121101911e+01    8.0041971257e+01   -3.6058454424e-02   -3.4439205997e-02   -1.3472689288e-01    8.1341286048e+01    3.0502982268e+01    3.0502982268e+01
    2.9782653447e+03    3.3365437463e+03   -6.4431792011e+04    8.0294987781e+01    8.0335295529e+01    7.9724726900e+01    8.7870696852e-02   -1.0886121015e-01   -7.3266484477e-02    8.1341286048e+01    3.0502982268e+01    3.0502982268e+01
    3.0035354042e+03    3.3648537353e+03   -6.4460836939e+04    8.0058148870e+01    8.0044631746e+01    8.0122203718e+01   -7.6274777290e-02   -4.5407375444e-02   -6.2477891659e-02    8.1341286048e+01    3.0502982268e+01    3.0502982268e+01
    2.9955781665e+03    3.3559392604e+03   -6.4458502367e+04    8.0115296509e+01    8.0007220439e+01    8.0241936509e+01    1.8842526582e-02   -1.0805277400e-01    1.3692784103e-01    8.1341286048e+01    3.0502982268e+01    3.0502982268e+01
    2.9964447707e+03    3.3569101150e+03   -6.4450204604e+04    7.9930425340e+01    8.0031512944e+01    8.0446738020e+01   -1.1751583680e-01    7.7143068493e-02    9.5762586682e-02    8.1341286048e+01    3.0502982268e+01    3.0502982268e+01
    2.9854686497e+03    3.3446135922e+03   -6.4441040210e+04    8.0000925785e+01    8.0302168017e+01    8.0087024198e+01   -1.3396338291e-01   -3.7648317929e-02    9.1414925295e-02    8.1341286048e+01    3.0502982268e+01    3.0502982268e+01
    2.9857351087e+03    3.3449121055e+03   -6.4440012796e+04    8.0403756210e+01    7.9862122432e+01    8.0094736661e+01    1.3684982182e-01    1.3490554992e-02    6.1124938494e-02    8.1341286048e+01    3.0502982268e+01    3.0502982268e+01
    2.9974795878e+03    3.3580694182e+03   -6.4456169630e+04    7.9978071371e+01    8.0117039355e+01    7.9992498498e+01   -7.4282374231e-03    5.0663117827e-02    1.2876751038e-03    8.1341286048e+01    3.0502982268e+01    3.0502982268e+01
    2.9687802209e+03    3.3259175842e+03   -6.4422558168e+04    8.0539346278e+01    8.0212267609e+01    7.9797001994e+01    1.5976677413e-01    3.4640891552e-02    2.6438371641e-01    8.1341286048e+01    3.0502982268e+01    3.0502982268e+01
    2.9694059944e+03    3.3266186368e+03   -6.4420899660e+04    8.0245118613e+01    8.0026374536e+01    8.0479986277e+01   -1.2962529889e-01    1.2002651181e-01    2.3896506067e-03    8.1341286048e+01    3.0502982268e+01    3.0502982268e+01
    3.0215921058e+03    3.3850826161e+03   -6.4482714885e+04    7.9942201070e+01    8.0115322245e+01    7.9842550716e+01    1.1903234059e-01    1.2931178486e-01   -6.5452692810e-02    8.1341286048e+01    3.0502982268e+01    3.0502982268e+01
    3.0282863949e+03    3.3925822127e+03   -6.4488214078e+04    7.9673586281e+01    8.0112295392e+01    7.9854702867e+01   -8.4796310512e-02   -6.5756065006e-02   -7.3236134584e-02    8.1341286048e+01    3.0502982268e+01    3.0502982268e+01
    3.0282863949e+03    3.3925822127e+03   -6.4488214078e+04    7.9673586281e+01    8.0112295392e+01    7.9854702867e+01   -8.4796310512e-02   -6.5756065006e-02   -7.3236134584e-02    8.1341286048e+01    3.0502982268e+01    3.0502982268e+01
    3.0282863949e+03    3.3925822127e+03   -6.4488214078e+04    7.9673586281e+01    8.0112295392e+01    7.9854702867e+01   -8.4796310512e-02   -6.5756065006e-02   -7.3236134584e-02    8.1341286048e+01    3.0502982268e+01    3.0502982268e+01
    3.0282863949e+03    3.3925822127e+03   -6.4488214078e+04    7.9673586281e+01    8.0112295392e+01    7.9854702867e+01   -8.4796310512e-02   -6.5756065006e-02   -7.3236134584e-02    8.1341286048e+01    3.0502982268e+01    3.0502982268e+01
    3.0282863949e+03    3.3925822127e+03   -6.4488214078e+04    7.9673586281e+01    8.0112295392e+01    7.9854702867e+01   -8.4796310512e-02   -6.5756065006e-02   -7.3236134584e-02    8.1341286048e+01    3.0502982268e+01    3.0502982268e+01
    3.0282863949e+03    3.3925822127e+03   -6.4488214078e+04    7.9673586281e+01    8.0112295392e+01    7.9854702867e+01   -8.4796310512e-02   -6.5756065006e-02   -7.3236134584e-02    8.1341286048e+01    3.0502982268e+01    3.0502982268e+01
    3.0282863949e+03    3.3925822127e+03   -6.4488214078e+04    7.9673586281e+01    8.0112295392e+01    7.9854702867e+01   -8.4796310512e-02   -6.5756065006e-02   -7.3236134584e-02    8.1341286048e+01    3.0502982268e+01    3.0502982268e+01
    3.0282863949e+03    3.3925822127e+03   -6.4488214078e+04    7.9673586281e+01    8.0112295392e+01    7.9854702867e+01   -8.4796310512e-02   -6.5756065006e-02   -7.3236134584e-02    8.1341286048e+01    3.0502982268e+01    3.0502982268e+01
    3.0282863949e+03    3.3925822127e+03   -6.4488214078e+04    7.9673586281e+01    8.0112295392e+01    7.9854702867e+01   -8.4796310512e-02   -6.5756065006e-02   -7.3236134584e-02    8.1341286048e+01    3.0502982268e+01    3.0502982268e+01
    3.0282863949e+03    3.3925822127e+03   -6.4488214078e+04    7.9673586281e+01    8.0112295392e+01    7.9854702867e+01   -8.4796310512e-02   -6.5756065006e-02   -7.3236134584e-02    8.1341286048e+01    3.0502982268e+01    3.0502982268e+01
    3.0282863949e+03    3.3925822127e+03   -6.4488214078e+04    7.9673586281e+01    8.0112295392e+01    7.9854702867e+01   -8.4796310512e-02   -6.5756065006e-02   -7.3236134584e-02    8.1341286048e+01    3.0502982268e+01    3.0502982268e+01
    3.0282863949e+03    3.3925822127e+03   -6.4488214078e+04    7.9673586281e+01    8.0112295392e+01    7.9854702867e+01   -8.4796310512e-02   -6.5756065006e-02   -7.3236134584e-02    8.1341286048e+01    3.0502982268e+01    3.0502982268e+01
    3.0282863949e+03    3.3925822127e+03   -6.4488214078e+04    7.9673586281e+01    8.0112295392e+01    7.9854702867e+01   -8.4796310512e-02   -6.5756065006e-02   -7.3236134584e-02    8.1341286048e+01    3.0502982268e+01    3.0502982268e+01
    3.0282863949e+03    3.3925822127e+03   -6.4488214078e+04    7.9673586281e+01    8.0112295392e+01    7.9854702867e+01   -8.4796310512e-02   -6.5756065006e-02   -7.3236134584e-02    8.1341286048e+01    3.0502982268e+01    3.0502982268e+01
    3.0282863949e+03    3.3925822127e+03   -6.4488214078e+04    7.9673586281e+01    8.0112295392e+01    7.9854702867e+01   -8.4796310512e-02   -6.5756065006e-02   -7.3236134584e-02    8.1341286048e+01    3.0502982268e+01    3.0502982268e+01
    3.0282863949e+03    3.3925822127e+03   -6.4488214078e+04    7.9673586281e+01    8.0112295392e+01    7.9854702867e+01   -8.4796310512e-02   -6.5756065006e-02   -7.3236134584e-02    8.1341286048e+01    3.0502982268e+01    3.0502982268e+01
    3.0282863949e+03    3.3925822127e+03   -6.4488214078e+04    7.9673586281e+01    8.0112295392e+01    7.9854702867e+01   -8.4796310512e-02   -6.5756065006e-02   -7.3236134584e-02    8.1341286048e+01    3.0502982268e+01    3.0502982268e+01
    3.0282863949e+03    3.3925822127e+03   -6.4488214078e+04    7.9673586281e+01    8.0112295392e+01    7.9854702867e+01   -8.4796310512e-02   -6.5756065006e-02   -7.3236134584e-02    8.1341286048e+01    3.0502982268e+01    3.0502982268e+01
    3.0282863949e+03    3.3925822127e+03   -6.4488214078e+04    7.9673586281e+01    8.0112295392e+01    7.9854702867e+01   -8.4796310512e-02   -6.5756065006e-02   -7.3236134584e-02    8.1341286048e+01    3.0502982268e+01    3.0502982268e+01
    3.0282863949e+03    3.3925822127e+03   -6.4488214078e+04    7.9673586281e+01    8.0112295392e+01    7.9854702867e+01   -8.4796310512e-02   -6.5756065006e-02   -7.3236134584e-02    8.1341286048e+01    3.0502982268e+01    3.0502982268e+01
    3.0282863949e+03    3.3925822127e+03   -6.4488214078e+04    7.9673586281e+01    8.0112295392e+01    7.9854702867e+01   -8.4796310512e-02   -6.5756065006e-02   -7.3236134584e-02    8.1341286048e+01    3.0502982268e+01    3.0502982268e+01
    3.0282863949e+03    3.3925822127e+03   -6.4488214078e+04    7.9673586281e+01    8.0112295392e+01    7.9854702867e+01   -8.4796310512e-02   -6.5756065006e-02   -7.3236134584e-02    8.1341286048e+01    3.0502982268e+01    3.0502982268e+01
    3.0282863949e+03    3.3925822127e+03   -6.4488214078e+04    7.9673586281e+01    8.0112295392e+01    7.9854702867e+01   -8.4796310512e-02   -6.5756065006e-02   -7.3236134584e-02    8.1341286048e+01    3.0502982268e+01    3.0502982268e+01
    3.0282863949e+03    3.3925822127e+03   -6.4488214078e+04    7.9673586281e+01    8.0112295392e+01    7.9854702867e+01   -8.4796310512e-02   -6.5756065006e-02   -7.3236134584e-02    8.1341286048e+01    3.0502982268e+01    3.0502982268e+01
    3.0282863949e+03    3.3925822127e+03   -6.4488214078e+04    7.9673586281e+01    8.0112295392e+01    7.9854702867e+01   -8.4796310512e-02   -6.5756065006e-02   -7.3236134584e-02    8.1341286048e+01    3.0502982268e+01    3.0502982268e+01
    3.0282863949e+03    3.3925822127e+03   -6.4488214078e+04    7.9673586281e+01    8.0112295392e+01    7.9854702867e+01   -8.4796310512e-02   -6.5756065006e-02   -7.3236134584e-02    8.1341286048e+01    3.0502982268e+01    3.0502982268e+01
    3.0282863949e+03    3.3925822127e+03   -6.4488214078e+04    7.9673586281e+01    8.0112295392e+01    7.9854702867e+01   -8.4796310512e-02   -6.5756065006e-02   -7.3236134584e-02    8.1341286048e+01    3.0502982268e+01    3.0502982268e+01
    3.0282863949e+03    3.3925822127e+03   -6.4488214078e+04    7.9673586281e+01    8.0112295392e+01    7.9854702867e+01   -8.4796310512e-02   -6.5756065006e-02   -7.3236134584e-02    8.1341286048e+01    3.0502982268e+01    3.0502982268e+01
    3.0282863949e+03    3.3925822127e+03   -6.4488214078e+04    7.9673586281e+01    8.0112295392e+01    7.9854702867e+01   -8.4796310512e-02   -6.5756065006e-02   -7.3236134584e-02    8.1341286048e+01    3.0502982268e+01    3.0502982268e+01
    3.0282863949e+03    3.3925822127e+03   -6.4488214078e+04    7.9673586281e+01    8.0112295392e+01    7.9854702867e+01   -8.4796310512e-02   -6.5756065006e-02   -7.3236134584e-02    8.1341286048e+01    3.0502982268e+01    3.0502982268e+01
    3.0282863949e+03    3.3925822127e+03   -6.4488214078e+04    7.9673586281e+01    8.0112295392e+01    7.9854702867e+01   -8.4796310512e-02   -6.5756065006e-02   -7.3236134584e-02    8.1341286048e+01    3.0502982268e+01    3.0502982268e+01
