    3.0314464318e+03    2.1265439293e+03   -4.1660447873e+04    4.0433780783e+01    3.9520992664e+01    3.9564298785e+01   -4.3047523237e-02   -1.4712188574e-01   -7.0208303433e-02    5.2708379703e+01    3.1625027822e+01    3.1625027822e+01
    3.0252928874e+03    2.1222272499e+03   -4.1642034036e+04    4.0585398663e+01    3.9442996024e+01    3.9788644596e+01    2.9904913713e-02   -9.7530285464e-02   -1.0314966994e-01    5.2708379703e+01    3.1625027822e+01    3.1625027822e+01
    2.9839418196e+03    2.0932196906e+03   -4.1613693019e+04    4.0546661661e+01    4.0158409569e+01    4.0337616831e+01   -1.1832197226e-01    9.2693669068e-02   -2.7471046142e-02    5.2708379703e+01    3.1625027822e+01    3.1625027822e+01
    2.9741947527e+03    2.0863821738e+03   -4.1611799137e+04    4.0350864815e+01    4.0171387338e+01    3.9836300237e+01    3.0461350393e-01   -4.5452691593e-02   -3.6157423770e-02    5.2708379703e+01    3.1625027822e+01    3.1625027822e+01
    2.9973133730e+03    2.1025997658e+03   -4.1625149888e+04    4.0880429474e+01    3.9780846604e+01    3.9602813416e+01   -6.0761551211e-02    4.4879863322e-02   -1.8014461976e-02    5.2708379703e+01    3.1625027822e+01    3.1625027822e+01
    2.9804656561e+03    2.0907811799e+03   -4.1610492481e+04    4.0446525800e+01    4.0091717655e+01    3.9872371897e+01    1.4325876343e-01   -1.7856550026e-01    1.0451967433e-01    5.2708379703e+01    3.1625027822e+01    3.1625027822e+01
    2.9884783288e+03    2.0964020283e+03   -4.1616355190e+04    4.0115996345e+01    4.0190802579e+01    3.9896656186e+01    1.6106675632e-01    1.4722496154e-02    3.6253677315e-02    5.2708379703e+01    3.1625027822e+01    3.1625027822e+01
    3.0032316828e+03    2.1067514294e+03   -4.1628136773e+04    4.0106224853e+01    4.0029351429e+01    4.0324882073e+01   -1.1276823835e-02   -1.0235931275e-01    5.1059938607e-02    5.2708379703e+01    3.1625027822e+01    3.1625027822e+01
    3.0146330237e+03    2.1147494109e+03   -4.1636033902e+04    4.0119397236e+01    3.9846891275e+01    3.9984589487e+01    4.2325793932e-02   -7.1401015707e-02   -7.7615268590e-02    5.2708379703e+01    3.1625027822e+01    3.1625027822e+01
    2.9919386980e+03    2.0988294592e+03   -4.1619668420e+04    4.0730322138e+01    4.0222687785e+01    3.9397014258e+01   -3.0536245168e-02    8.5206154784e-02   -1.0820224646e-01    5.2708379703e+01    3.1625027822e+01    3.1625027822e+01
    3.0000691902e+03    2.1045329573e+03   -4.1625363368e+04    4.0105360970e+01    3.9765846559e+01    4.0108295933e+01    1.2459287948e-01   -1.1300263526e-03    1.2892869856e-01    5.2708379703e+01    3.1625027822e+01    3.1625027822e+01
    3.0400700218e+03    2.1325933330e+03   -4.1653237657e+04    3.9598041278e+01    3.9581950883e+01    3.9972388489e+01   -5.5087222145e-02    1.0907294088e-01    3.7907068994e-02    5.2708379703e+01    3.1625027822e+01    3.1625027822e+01
    2.9904964264e+03    2.0978177132e+03   -4.1616894253e+04    4.0105440769e+01    4.0105198286e+01    4.0151350112e+01   -5.4210693338e-02    5.7081929722e-02    3.7992424960e-03    5.2708379703e+01    3.1625027822e+01    3.1625027822e+01
    2.9879926226e+03    2.0960613079e+03   -4.1614080351e+04    4.0613738051e+01    4.0053876211e+01    4.0135278180e+01    2.5974722492e-01   -9.9986862132e-02   -2.0385030736e-01    5.2708379703e+01    3.1625027822e+01    3.1625027822e+01
    2.9968765394e+03    2.1022933293e+03   -4.1621886968e+04    4.0384239254e+01    3.9851164884e+01    3.9943937264e+01    1.2803577958e-01   -1.5817872543e-01   -3.3508732711e-02    5.2708379703e+01    3.1625027822e+01    3.1625027822e+01
    3.0519786658e+03    2.1409471848e+03   -4.1664164933e+04    3.9768225874e+01    3.9989514099e+01    3.9862004779e+01    4.5216137997e-02   -7.7575147416e-02    1.1609946405e-01    5.2708379703e+01    3.1625027822e+01    3.1625027822e+01
    2.9918182123e+03    2.0987449392e+03   -4.1620531795e+04    4.0340477605e+01    3.9778232237e+01    4.0348556855e+01   -1.7069429013e-01    1.4456007814e-01    1.5748314430e-01    5.2708379703e+01    3.1625027822e+01    3.1625027822e+01
    3.0143067895e+03    2.1145205593e+03   -4.1636688863e+04    4.0359553356e+01    4.0080073381e+01    3.9601917241e+01    1.2389050987e-01   -1.9404249421e-01    2.7437724543e-02    5.2708379703e+01    3.1625027822e+01    3.1625027822e+01
    2.9678276449e+03    2.0819156807e+03   -4.1607938741e+04    4.0648356112e+01    4.0053519725e+01    4.0358127354e+01    5.1423297179e-02   -1.1903324043e-01   -6.6988541537e-02    5.2708379703e+01    3.1625027822e+01    3.1625027822e+01
    3.0047512386e+03    2.1078173900e+03   -4.1628364883e+04    4.0236410112e+01    4.0183266505e+01    4.0098209370e+01   -1.2411229633e-01    3.1350870773e-03    2.4203701025e-02    5.2708379703e+01    3.1625027822e+01    3.1625027822e+01
    2.9979084205e+03    2.1030171886e+03   -4.1620819571e+04    4.0402481869e+01    4.0242352935e+01    3.9940099089e+01   -1.1097132392e-01   -7.3969209787e-02    4.6021498673e-02    5.2708379703e+01    3.1625027822e+01    3.1625027822e+01
    2.9786701174e+03    2.0895216189e+03   -4.1609479149e+04    4.0592974550e+01    4.0185317590e+01    4.0111348035e+01    1.0763050123e-01   -8.5444349498e-02   -6.3918875389e-02    5.2708379703e+01    3.1625027822e+01    3.1625027822e+01
    2.9904609481e+03    2.0977928253e+03   -4.1615044492e+04    4.0343864585e+01    4.0331293049e+01    3.9829679937e+01   -5.5549477939e-02   -7.5388613853e-02   -1.2449901029e-01    5.2708379703e+01    3.1625027822e+01    3.1625027822e+01
    3.0408655333e+03    2.1331513801e+03   -4.1656089747e+04    4.0136153539e+01    3.9524193665e+01    3.9788315872e+01   -1.9089016248e-01    4.3625403550e-02   -1.5971774144e-03    5.2708379703e+01    3.1625027822e+01    3.1625027822e+01
    2.9706756252e+03    2.0839135241e+03   -4.1608703176e+04    4.0936502423e+01    3.9807764615e+01    4.0247660643e+01    1.4566217994e-01    1.5371665894e-01    4.5739875970e-02    5.2708379703e+01    3.1625027822e+01    3.1625027822e+01
    3.0225794244e+03    2.1203237697e+03   -4.1636651223e+04    4.0218719794e+01    3.9558904676e+01    3.9849956872e+01   -7.5696488371e-03    1.3718143983e-02    5.5733859851e-02    5.2708379703e+01    3.1625027822e+01    3.1625027822e+01
    2.9496935963e+03    2.0691947398e+03   -4.1591876770e+04    4.0461583037e+01    4.0260616895e+01    4.0007712326e+01    7.1557885030e-03    5.0605814640e-02    2.4007329847e-02    5.2708379703e+01    3.1625027822e+01    3.1625027822e+01
    3.0167176429e+03    2.1162117604e+03   -4.1638044330e+04    4.0195425261e+01    4.0245221807e+01    3.9984203178e+01    1.0188453182e-01   -4.0135669542e-02    3.7480365659e-02    5.2708379703e+01    3.1625027822e+01    3.1625027822e+01
    2.9996696331e+03    2.1042526701e+03   -4.1624781707e+04    4.0164024574e+01    3.9950332977e+01    4.0306901827e+01    2.9000590941e-01   -1.1616812305e-02    2.3358326065e-02    5.2708379703e+01    3.1625027822e+01    3.1625027822e+01
    3.0225645579e+03    2.1203133409e+03   -4.1642561606e+04    4.0029673705e+01    3.9869702622e+01    3.9878195020e+01   -3.4115176712e-02    2.2901975387e-02    2.1655945178e-01    5.2708379703e+01    3.1625027822e+01    3.1625027822e+01
    3.0118122619e+03    2.1127706611e+03   -4.1634893336e+04    4.0306635161e+01    3.9981679601e+01    4.0029628456e+01   -1.0805560261e-01    6.4975980045e-02   -1.1228547606e-01    5.2708379703e+01    3.1625027822e+01    3.1625027822e+01
    3.0253912044e+03    2.1222962188e+03   -4.1643953066e+04    4.0113324551e+01    4.0085204019e+01    3.9723916266e+01    8.5978949732e-02    5.1068394031e-02    1.0565267969e-01    5.2708379703e+01    3.1625027822e+01    3.1625027822e+01
    2.9854893284e+03    2.0943052599e+03   -4.1616616660e+04    4.0211510850e+01    4.0353187799e+01    3.9894235291e+01    6.3154798994e-02   -2.1860537207e-01    2.1619154440e-02    5.2708379703e+01    3.1625027822e+01    3.1625027822e+01
    2.9765525981e+03    2.0880361901e+03   -4.1610247344e+04    4.0563790030e+01    4.0393479836e+01    4.0349391221e+01    4.2125138727e-02   -1.4868361553e-01    1.5420502879e-01    5.2708379703e+01    3.1625027822e+01    3.1625027822e+01
    2.9777004057e+03    2.0888413712e+03   -4.1611267037e+04    4.0710506309e+01    3.9467976562e+01    4.0442493330e+01    1.4069252187e-01    8.8830064040e-04   -3.0223157091e-03    5.2708379703e+01    3.1625027822e+01    3.1625027822e+01
    3.0171984048e+03    2.1165490124e+03   -4.1637792766e+04    4.0315913328e+01    3.9784541572e+01    3.9941380602e+01   -1.6512370929e-02    3.5775479951e-01   -1.6260101142e-01    5.2708379703e+01    3.1625027822e+01    3.1625027822e+01
    3.0527223074e+03    2.1414688456e+03   -4.1662199668e+04    4.0228389966e+01    3.9988778658e+01    3.9561386785e+01   -1.2049067300e-01   -7.4425738144e-03    5.1121736929e-02    5.2708379703e+01    3.1625027822e+01    3.1625027822e+01
    3.0061842852e+03    2.1088226647e+03   -4.1630142318e+04    4.0593055254e+01    4.0021621223e+01    3.9890885383e+01   -1.9269621731e-01    9.6254070578e-02    2.5354422258e-01    5.2708379703e+01    3.1625027822e+01    3.1625027822e+01
    2.9505524356e+03    2.0697972111e+03   -4.1591501093e+04    4.0430277430e+01    4.0018379368e+01    4.0153225911e+01   -1.4565585895e-01    5.9537668949e-02    6.4199129688e-02    5.2708379703e+01    3.1625027822e+01    3.1625027822e+01
    3.0114904669e+03    2.1125449236e+03   -4.1634528568e+04    4.0169319397e+01    3.9639332087e+01    3.9567890122e+01    1.1813392575e-01   -3.5232577110e-02    7.0452236885e-02    5.2708379703e+01    3.1625027822e+01    3.1625027822e+01
    3.0037979709e+03    2.1071486776e+03   -4.1630115759e+04    4.0150583596e+01    3.9689239109e+01    4.0049645522e+01   -1.3666868952e-01    7.4955692778e-02   -3.6230920356e-02    5.2708379703e+01    3.1625027822e+01    3.1625027822e+01
    3.0021495386e+03    2.1059923109e+03   -4.1625882257e+04    4.0305751913e+01    4.0174550495e+01    3.9805402352e+01    1.4501334275e-01    8.7255617530e-02   -2.4524734752e-01    5.2708379703e+01    3.1625027822e+01    3.1625027822e+01
    3.0410560747e+03    2.1332850439e+03   -4.1654722823e+04    4.0418120658e+01    3.9647374421e+01    3.9924587732e+01   -9.6755714784e-02   -1.0425726248e-01   -5.9568370374e-02    5.2708379703e+01    3.1625027822e+01    3.1625027822e+01
    3.0089891011e+03    2.1107902285e+03   -4.1629659719e+04    4.0398221506e+01    4.0263705919e+01    3.9678699594e+01    1.5078435009e-01    8.5271880122e-02    9.9284041291e-02    5.2708379703e+01    3.1625027822e+01    3.1625027822e+01
    2.9821513396e+03    2.0919636781e+03   -4.1611971346e+04    4.0899380989e+01    4.0016625434e+01    3.9856006727e+01    3.5344944356e-03    1.4831907888e-01    7.0046191270e-02    5.2708379703e+01    3.1625027822e+01    3.1625027822e+01
    2.9991354242e+03    2.1038779253e+03   -4.1625606718e+04    4.0410286762e+01    3.9971581281e+01    3.9764054225e+01    2.0606445764e-01   -5.5791161524e-03   -5.7094545738e-02    5.2708379703e+01    3.1625027822e+01    3.1625027822e+01
    2.9684604677e+03    2.0823596026e+03   -4.1604657248e+04    4.0656603453e+01    4.0410182019e+01    4.0608477795e+01   -1.5149727824e-01    7.0894554374e-02   -1.7713761501e-01    5.2708379703e+01    3.1625027822e+01    3.1625027822e+01
    2.9923142101e+03    2.0990928791e+03   -4.1620246189e+04    4.0542453364e+01    4.0275081602e+01    3.9678939773e+01   -1.3668676813e-01    3.6231305239e-03    2.5956811920e-02    5.2708379703e+01    3.1625027822e+01    3.1625027822e+01
    2.9711214922e+03    2.0842262975e+03   -4.1606904721e+04    4.0286640627e+01    4.0249319423e+01    4.0232838746e+01   -2.8242413637e-01   -1.4280026350e-01   -3.8440734643e-01    5.2708379703e+01    3.1625027822e+01    3.1625027822e+01
    3.0071784210e+03    2.1095200458e+03   -4.1631739552e+04    4.0365723603e+01    3.9936351516e+01    3.9931734621e+01    1.5027925875e-01   -1.5887004054e-01   -4.2968632514e-02    5.2708379703e+01    3.1625027822e+01    3.1625027822e+01
    3.0090559631e+03    2.1108371319e+03   -4.1631510136e+04    3.9799868600e+01    3.9817867265e+01    4.0005227527e+01    6.4589096072e-02    3.8644275667e-02    1.8586955626e-02    5.2708379703e+01    3.1625027822e+01    3.1625027822e+01
    2.9995332620e+03    2.1041570065e+03   -4.1627525708e+04    4.0391397879e+01    3.9868631001e+01    4.0065914824e+01   -4.4573565502e-02    2.1166851536e-03    9.8898135331e-02    5.2708379703e+01    3.1625027822e+01    3.1625027822e+01
    2.9658793109e+03    2.0805489346e+03   -4.1599312620e+04    4.0337669455e+01    4.0061348228e+01    4.0479546965e+01   -1.6455530408e-01   -1.1884784397e-01    1.5909449961e-01    5.2708379703e+01    3.1625027822e+01    3.1625027822e+01
    3.0296247245e+03    2.1252660111e+03   -4.1645726581e+04    4.0093502487e+01    3.9745303316e+01    3.9829816469e+01   -6.7195013305e-02   -1.4785900703e-01   -1.4199164116e-02    5.2708379703e+01    3.1625027822e+01    3.1625027822e+01
    2.9903340831e+03    2.0977038302e+03   -4.1619919989e+04    4.0629810861e+01    3.9673909057e+01    4.0013000840e+01   -9.6209111898e-02   -1.6937246314e-02    3.7719326193e-01    5.2708379703e+01    3.1625027822e+01    3.1625027822e+01
    3.0081789289e+03    2.1102218969e+03   -4.1633599041e+04    4.0598172374e+01    3.9461157632e+01    3.9791651298e+01    3.4176868091e-02   -6.8181802216e-02   -1.1945003047e-01    5.2708379703e+01    3.1625027822e+01    3.1625027822e+01
    2.9963076361e+03    2.1018942466e+03   -4.1617686273e+04    4.0225098100e+01    3.9958583570e+01    4.0460114773e+01    8.0611682333e-02   -1.1148306207e-01   -3.6241399785e-02    5.2708379703e+01    3.1625027822e+01    3.1625027822e+01
    2.9806517880e+03    2.0909117505e+03   -4.1610892252e+04    4.0500733041e+01    3.9913615101e+01    4.0252173444e+01   -1.3831833618e-01   -2.1757695467e-01   -1.7266182616e-01    5.2708379703e+01    3.1625027822e+01    3.1625027822e+01
    2.9946242519e+03    2.1007133614e+03   -4.1622031959e+04    4.0775040686e+01    3.9206085803e+01    4.0145156543e+01   -3.3648940693e-02    3.5382491857e-02   -5.7262318005e-02    5.2708379703e+01    3.1625027822e+01    3.1625027822e+01
    2.9815431189e+03    2.0915370145e+03   -4.1611190210e+04    4.0328024243e+01    3.9865160176e+01    3.9933817063e+01    2.9753282007e-02   -3.6898786381e-02    3.6394346169e-02    5.2708379703e+01    3.1625027822e+01    3.1625027822e+01
    2.9911437961e+03    2.0982718397e+03   -4.1619890406e+04    4.0498378546e+01    3.9491191714e+01    4.0256509348e+01   -2.3694982987e-02   -1.5988104487e-01    4.8917566146e-02    5.2708379703e+01    3.1625027822e+01    3.1625027822e+01
    3.0334536937e+03    2.1279520131e+03   -4.1648393780e+04    4.0162457833e+01    3.9641415025e+01    4.0017134127e+01    1.1345380104e-01   -8.8985390566e-02   -2.2436110419e-01    5.2708379703e+01    3.1625027822e+01    3.1625027822e+01
    3.0052217776e+03    2.1081474706e+03   -4.1625724006e+04    4.0479522357e+01    4.0356287158e+01    4.0086605698e+01   -1.3099037470e-02   -3.8112388413e-02   -4.9208016193e-02    5.2708379703e+01    3.1625027822e+01    3.1625027822e+01
    3.0186815382e+03    2.1175894228e+03   -4.1640007723e+04    4.0148797948e+01    3.9955894197e+01    3.9699696665e+01   -1.9322157928e-01    3.7781219614e-02   -6.4511874667e-02    5.2708379703e+01    3.1625027822e+01    3.1625027822e+01
    2.9980146985e+03    2.1030917420e+03   -4.1623939951e+04    4.0566288184e+01    4.0120335985e+01    3.9669618820e+01   -3.0501774110e-03   -2.9001849274e-02    1.9295456416e-02    5.2708379703e+01    3.1625027822e+01    3.1625027822e+01
    2.9733166759e+03    2.0857662074e+03   -4.1606175542e+04    4.0400268046e+01    4.0146098684e+01    4.0012587298e+01   -2.0336167542e-01    1.5439747138e-01   -5.2988702206e-02    5.2708379703e+01    3.1625027822e+01    3.1625027822e+01
    2.9529992757e+03    2.0715136567e+03   -4.1593078198e+04    4.0657152752e+01    4.0216480040e+01    4.0648496519e+01   -1.4219803445e-01   -1.4969517554e-01   -7.5238018436e-02    5.2708379703e+01    3.1625027822e+01    3.1625027822e+01
    2.9684136273e+03    2.0823267443e+03   -4.1601648804e+04    4.0226108208e+01    4.0398336377e+01    4.0459781619e+01   -6.6056914894e-02    1.3617882067e-01   -3.1615341783e-01    5.2708379703e+01    3.1625027822e+01    3.1625027822e+01
    2.9946336969e+03    2.1007199870e+03   -4.1623231285e+04    4.0539254617e+01    4.0073101126e+01    3.9464174184e+01   -1.2746827476e-01    9.2030787745e-02    2.1498182191e-01    5.2708379703e+01    3.1625027822e+01    3.1625027822e+01
    2.9855077300e+03    2.0943181686e+03   -4.1617302231e+04    4.0588288149e+01    3.9952512199e+01    3.9925880688e+01   -3.4453159738e-02   -2.6067408947e-02    1.4734203327e-02    5.2708379703e+01    3.1625027822e+01    3.1625027822e+01
    3.0049011233e+03    2.1079225333e+03   -4.1628783151e+04    4.0496280112e+01    3.9768056935e+01    4.0083742327e+01    1.1156645170e-01   -1.8959403985e-01    1.3291667212e-01    5.2708379703e+01    3.1625027822e+01    3.1625027822e+01
    2.9962023728e+03    2.1018204050e+03   -4.1621701339e+04    4.0216246088e+01    3.9763332661e+01    3.9948491664e+01    4.3596487901e-03    9.8048497741e-02    5.1775440341e-02    5.2708379703e+01    3.1625027822e+01    3.1625027822e+01
    2.9823023307e+03    2.0920695977e+03   -4.1610838762e+04    4.0202220989e+01    3.9965147780e+01    4.0175577596e+01   -2.1363108356e-01    1.1633898602e-01   -7.9576803314e-02    5.2708379703e+01    3.1625027822e+01    3.1625027822e+01
    2.9787704102e+03    2.0895919737e+03   -4.1610150972e+04    4.0710179802e+01    4.0029480552e+01    4.0065267815e+01    1.1845557215e-02   -2.5911587969e-02   -1.5784036185e-02    5.2708379703e+01    3.1625027822e+01    3.1625027822e+01
    3.0013397441e+03    2.1054242443e+03   -4.1630268806e+04    4.0263606392e+01    3.9769924749e+01    4.0283882124e+01   -1.0109250384e-01   -1.3189329788e-01    2.2471093059e-01    5.2708379703e+01    3.1625027822e+01    3.1625027822e+01
    2.9885352764e+03    2.0964419767e+03   -4.1616887052e+04    4.1062511754e+01    4.0019064767e+01    3.9634943315e+01   -1.0616637323e-01   -1.7120795359e-01    9.4665035979e-02    5.2708379703e+01    3.1625027822e+01    3.1625027822e+01
    2.9901889845e+03    2.0976020443e+03   -4.1618438112e+04    4.0244232145e+01    3.9981150782e+01    4.0120256157e+01   -2.6950148323e-01    2.0817847121e-01   -6.9354990503e-02    5.2708379703e+01    3.1625027822e+01    3.1625027822e+01
    3.0020605877e+03    2.1059299123e+03   -4.1628340769e+04    4.0111202109e+01    4.0161338575e+01    3.9741563070e+01    8.4102498608e-03   -1.1525266830e-01    7.9590332129e-02    5.2708379703e+01    3.1625027822e+01    3.1625027822e+01
    2.9865927839e+03    2.0950793283e+03   -4.1617074908e+04    4.0414461406e+01    4.0228265556e+01    3.9608976629e+01   -8.4687182798e-03   -9.7264294943e-02   -2.1538582336e-01    5.2708379703e+01    3.1625027822e+01    3.1625027822e+01
    2.9771463922e+03    2.0884527335e+03   -4.1610045968e+04    4.0595453252e+01    3.9612967056e+01    4.0515651757e+01    1.1889732248e-01   -6.2815271496e-02   -2.4090677886e-01    5.2708379703e+01    3.1625027822e+01    3.1625027822e+01
    2.9677599533e+03    2.0818681954e+03   -4.1601097469e+04    4.0871816302e+01    3.9965734301e+01    3.9965605716e+01   -1.1187230386e-01   -7.3283777843e-02   -4.4863705081e-02    5.2708379703e+01    3.1625027822e+01    3.1625027822e+01
    2.9879512185e+03    2.0960322631e+03   -4.1620970608e+04    4.0505297362e+01    3.9493897579e+01    3.9903305238e+01    2.6836151038e-02   -1.7201505341e-02   -6.0123832196e-02    5.2708379703e+01    3.1625027822e+01    3.1625027822e+01
    3.0007661516e+03    2.1050218721e+03   -4.1623964990e+04    4.0001805397e+01    3.9856690935e+01    4.0009187944e+01   -1.2018545405e-03   -1.0886126365e-01   -2.4641229546e-02    5.2708379703e+01    3.1625027822e+01    3.1625027822e+01
    3.0423106882e+03    2.1341651488e+03   -4.1654724247e+04    4.0375591873e+01    3.9621922011e+01    3.9922444455e+01    6.2412980405e-03   -7.0850997717e-02   -1.2036432336e-03    5.2708379703e+01    3.1625027822e+01    3.1625027822e+01
    3.0201441890e+03    2.1186154647e+03   -4.1639440509e+04    4.0435131155e+01    4.0004413932e+01    4.0036114294e+01   -1.0646743312e-01    3.2264357947e-02    1.4369079589e-01    5.2708379703e+01    3.1625027822e+01    3.1625027822e+01
    2.9829524287e+03    2.0925256380e+03   -4.1614151611e+04    4.0534361572e+01    4.0064244024e+01    4.0166249019e+01    2.2903116535e-02    1.6510308274e-01    3.1925744581e-02    5.2708379703e+01    3.1625027822e+01    3.1625027822e+01
    3.0258613931e+03    2.1226260537e+03   -4.1642744310e+04    3.9948450880e+01    3.9897129074e+01    3.9619519481e+01    1.2960960847e-02    8.2263746468e-02    1.8406540906e-02    5.2708379703e+01    3.1625027822e+01    3.1625027822e+01
    2.9591824769e+03    2.0758511403e+03   -4.1595744306e+04    4.0927428928e+01    4.0358593276e+01    3.9887604420e+01    8.7430477159e-02   -1.1748865313e-03    1.9781585836e-01    5.2708379703e+01    3.1625027822e+01    3.1625027822e+01
    2.9971430620e+03    2.1024802935e+03   -4.1622583893e+04    4.0358784217e+01    3.9773933074e+01    4.0273529306e+01    9.5814836386e-02   -2.1022987182e-01   -1.2605802865e-01    5.2708379703e+01    3.1625027822e+01    3.1625027822e+01
    3.0267474306e+03    2.1232476044e+03   -4.1644163955e+04    4.0219117991e+01    3.9822249209e+01    3.9762114756e+01    2.0616574958e-01   -5.0712910811e-02    1.0026539598e-01    5.2708379703e+01    3.1625027822e+01    3.1625027822e+01
    3.0100944444e+03    2.1115656211e+03   -4.1633519116e+04    3.9883612609e+01    4.0082966210e+01    4.0148773558e+01   -1.8221526420e-01    1.3870810782e-02   -4.4002926327e-02    5.2708379703e+01    3.1625027822e+01    3.1625027822e+01
    3.0305927245e+03    2.1259450581e+03   -4.1647388903e+04    4.0197871672e+01    3.9849553909e+01    3.9604489963e+01   -9.9483756503e-02   -1.4329538014e-01    2.5928479220e-02    5.2708379703e+01    3.1625027822e+01    3.1625027822e+01
    2.9930163105e+03    2.0995853988e+03   -4.1621575171e+04    4.0404334668e+01    4.0075641599e+01    4.0154443907e+01    1.2926824377e-02   -5.6805220228e-02    9.9436182862e-04    5.2708379703e+01    3.1625027822e+01    3.1625027822e+01
    3.0007166666e+03    2.1049871587e+03   -4.1622976487e+04    4.0335549728e+01    4.0269724247e+01    3.9883128435e+01   -1.3129646513e-01   -4.8852459026e-02   -1.4082277290e-01    5.2708379703e+01    3.1625027822e+01    3.1625027822e+01
    3.0101369794e+03    2.1115954592e+03   -4.1630449004e+04    4.0221539422e+01    3.9870766971e+01    4.0235003919e+01    3.6972460712e-02    2.3275999573e-01    1.7603099312e-01    5.2708379703e+01    3.1625027822e+01    3.1625027822e+01
    3.0364694587e+03    2.1300675566e+03   -4.1650899931e+04    4.0103566808e+01    4.0344525625e+01    3.9731300825e+01   -3.9095190471e-02   -3.7475675475e-02    1.2240413816e-01    5.2708379703e+01    3.1625027822e+01    3.1625027822e+01
    3.0040183598e+03    2.1073032793e+03   -4.1630970157e+04    4.0149865189e+01    4.0160395913e+01    4.0098238224e+01    7.6487129319e-03    2.9732322410e-01    1.1683929861e-01    5.2708379703e+01    3.1625027822e+01    3.1625027822e+01
    3.0173652270e+03    2.1166660373e+03   -4.1635757406e+04    4.0166242582e+01    4.0037631493e+01    3.9579927922e+01   -7.2684287775e-02    6.4673630366e-02   -1.3929819238e-02    5.2708379703e+01    3.1625027822e+01    3.1625027822e+01
    2.9682196277e+03    2.0821906546e+03   -4.1601651181e+04    4.0975799499e+01    4.0083825833e+01    4.0414788709e+01   -9.0437804299e-02    1.0933936571e-01    4.1206349478e-02    5.2708379703e+01    3.1625027822e+01    3.1625027822e+01
    2.9829832249e+03    2.0925472414e+03   -4.1615178868e+04    4.0224698395e+01    3.9899738837e+01    4.0141772536e+01   -9.9353676319e-02    1.2825664282e-01    2.9945547939e-02    5.2708379703e+01    3.1625027822e+01    3.1625027822e+01
    2.9829832249e+03    2.0925472414e+03   -4.1615178868e+04    4.0224698395e+01    3.9899738837e+01    4.0141772536e+01   -9.9353676319e-02    1.2825664282e-01    2.9945547939e-02    5.2708379703e+01    3.1625027822e+01    3.1625027822e+01
    2.9829832249e+03    2.0925472414e+03   -4.1615178868e+04    4.0224698395e+01    3.9899738837e+01    4.0141772536e+01   -9.9353676319e-02    1.2825664282e-01    2.9945547939e-02    5.2708379703e+01    3.1625027822e+01    3.1625027822e+01
    2.9829832249e+03    2.0925472414e+03   -4.1615178868e+04    4.0224698395e+01    3.9899738837e+01    4.0141772536e+01   -9.9353676319e-02    1.2825664282e-01    2.9945547939e-02    5.2708379703e+01    3.1625027822e+01    3.1625027822e+01
    2.9829832249e+03    2.0925472414e+03   -4.1615178868e+04    4.0224698395e+01    3.9899738837e+01    4.0141772536e+01   -9.9353676319e-02    1.2825664282e-01    2.9945547939e-02    5.2708379703e+01    3.1625027822e+01    3.1625027822e+01
    2.9829832249e+03    2.0925472414e+03   -4.1615178868e+04    4.0224698395e+01    3.9899738837e+01    4.0141772536e+01   -9.9353676319e-02    1.2825664282e-01    2.9945547939e-02    5.2708379703e+01    3.1625027822e+01    3.1625027822e+01
    2.9829832249e+03    2.0925472414e+03   -4.1615178868e+04    4.0224698395e+01    3.9899738837e+01    4.0141772536e+01   -9.9353676319e-02    1.2825664282e-01    2.9945547939e-02    5.2708379703e+01    3.1625027822e+01    3.1625027822e+01
    2.9829832249e+03    2.0925472414e+03   -4.1615178868e+04    4.0224698395e+01    3.9899738837e+01    4.0141772536e+01   -9.9353676319e-02    1.2825664282e-01    2.9945547939e-02    5.2708379703e+01    3.1625027822e+01    3.1625027822e+01
    2.9829832249e+03    2.0925472414e+03   -4.1615178868e+04    4.0224698395e+01    3.9899738837e+01    4.0141772536e+01   -9.9353676319e-02    1.2825664282e-01    2.9945547939e-02    5.2708379703e+01    3.1625027822e+01    3.1625027822e+01
    2.9829832249e+03    2.0925472414e+03   -4.1615178868e+04    4.0224698395e+01    3.9899738837e+01    4.0141772536e+01   -9.9353676319e-02    1.2825664282e-01    2.9945547939e-02    5.2708379703e+01    3.1625027822e+01    3.1625027822e+01
    2.9829832249e+03    2.0925472414e+03   -4.1615178868e+04    4.0224698395e+01    3.9899738837e+01    4.0141772536e+01   -9.9353676319e-02    1.2825664282e-01    2.9945547939e-02    5.2708379703e+01    3.1625027822e+01    3.1625027822e+01
    2.9829832249e+03    2.0925472414e+03   -4.1615178868e+04    4.0224698395e+01    3.9899738837e+01    4.0141772536e+01   -9.9353676319e-02    1.2825664282e-01    2.9945547939e-02    5.2708379703e+01    3.1625027822e+01    3.1625027822e+01
    2.9829832249e+03    2.0925472414e+03   -4.1615178868e+04    4.0224698395e+01    3.9899738837e+01    4.0141772536e+01   -9.9353676319e-02    1.2825664282e-01    2.9945547939e-02    5.2708379703e+01    3.1625027822e+01    3.1625027822e+01
    2.9829832249e+03    2.0925472414e+03   -4.1615178868e+04    4.0224698395e+01    3.9899738837e+01    4.0141772536e+01   -9.9353676319e-02    1.2825664282e-01    2.9945547939e-02    5.2708379703e+01    3.1625027822e+01    3.1625027822e+01
    2.9829832249e+03    2.0925472414e+03   -4.1615178868e+04    4.0224698395e+01    3.9899738837e+01    4.0141772536e+01   -9.9353676319e-02    1.2825664282e-01    2.9945547939e-02    5.2708379703e+01    3.1625027822e+01    3.1625027822e+01
    2.9829832249e+03    2.0925472414e+03   -4.1615178868e+04    4.0224698395e+01    3.9899738837e+01    4.0141772536e+01   -9.9353676319e-02    1.2825664282e-01    2.9945547939e-02    5.2708379703e+01    3.1625027822e+01    3.1625027822e+01
    2.9829832249e+03    2.0925472414e+03   -4.1615178868e+04    4.0224698395e+01    3.9899738837e+01    4.0141772536e+01   -9.9353676319e-02    1.2825664282e-01    2.9945547939e-02    5.2708379703e+01    3.1625027822e+01    3.1625027822e+01
    2.9829832249e+03    2.0925472414e+03   -4.1615178868e+04    4.0224698395e+01    3.9899738837e+01    4.0141772536e+01   -9.9353676319e-02    1.2825664282e-01    2.9945547939e-02    5.2708379703e+01    3.1625027822e+01    3.1625027822e+01
    2.9829832249e+03    2.0925472414e+03   -4.1615178868e+04    4.0224698395e+01    3.9899738837e+01    4.0141772536e+01   -9.9353676319e-02    1.2825664282e-01    2.9945547939e-02    5.2708379703e+01    3.1625027822e+01    3.1625027822e+01
    2.9829832249e+03    2.0925472414e+03   -4.1615178868e+04    4.0224698395e+01    3.9899738837e+01    4.0141772536e+01   -9.9353676319e-02    1.2825664282e-01    2.9945547939e-02    5.2708379703e+01    3.1625027822e+01    3.1625027822e+01
    2.9829832249e+03    2.0925472414e+03   -4.1615178868e+04    4.0224698395e+01    3.9899738837e+01    4.0141772536e+01   -9.9353676319e-02    1.2825664282e-01    2.9945547939e-02    5.2708379703e+01    3.1625027822e+01    3.1625027822e+01
    2.9829832249e+03    2.0925472414e+03   -4.1615178868e+04    4.0224698395e+01    3.9899738837e+01    4.0141772536e+01   -9.9353676319e-02    1.2825664282e-01    2.9945547939e-02    5.2708379703e+01    3.1625027822e+01    3.1625027822e+01
    2.9829832249e+03    2.0925472414e+03   -4.1615178868e+04    4.0224698395e+01    3.9899738837e+01    4.0141772536e+01   -9.9353676319e-02    1.2825664282e-01    2.9945547939e-02    5.2708379703e+01    3.1625027822e+01    3.1625027822e+01
    2.9829832249e+03    2.0925472414e+03   -4.1615178868e+04    4.0224698395e+01    3.9899738837e+01    4.0141772536e+01   -9.9353676319e-02    1.2825664282e-01    2.9945547939e-02    5.2708379703e+01    3.1625027822e+01    3.1625027822e+01
    2.9829832249e+03    2.0925472414e+03   -4.1615178868e+04    4.0224698395e+01    3.9899738837e+01    4.0141772536e+01   -9.9353676319e-02    1.2825664282e-01    2.9945547939e-02    5.2708379703e+01    3.1625027822e+01    3.1625027822e+01
    2.9829832249e+03    2.0925472414e+03   -4.1615178868e+04    4.0224698395e+01    3.9899738837e+01    4.0141772536e+01   -9.9353676319e-02    1.2825664282e-01    2.9945547939e-02    5.2708379703e+01    3.1625027822e+01    3.1625027822e+01
    2.9829832249e+03    2.0925472414e+03   -4.1615178868e+04    4.0224698395e+01    3.9899738837e+01    4.0141772536e+01   -9.9353676319e-02    1.2825664282e-01    2.9945547939e-02    5.2708379703e+01    3.1625027822e+01    3.1625027822e+01
    2.9829832249e+03    2.0925472414e+03   -4.1615178868e+04    4.0224698395e+01    3.9899738837e+01    4.0141772536e+01   -9.9353676319e-02    1.2825664282e-01    2.9945547939e-02    5.2708379703e+01    3.1625027822e+01    3.1625027822e+01
    2.9829832249e+03    2.0925472414e+03   -4.1615178868e+04    4.0224698395e+01    3.9899738837e+01    4.0141772536e+01   -9.9353676319e-02    1.2825664282e-01    2.9945547939e-02    5.2708379703e+01    3.1625027822e+01    3.1625027822e+01
    2.9829832249e+03    2.0925472414e+03   -4.1615178868e+04    4.0224698395e+01    3.9899738837e+01    4.0141772536e+01   -9.9353676319e-02    1.2825664282e-01    2.9945547939e-02    5.2708379703e+01    3.1625027822e+01    3.1625027822e+01
    2.9829832249e+03    2.0925472414e+03   -4.1615178868e+04    4.0224698395e+01    3.9899738837e+01    4.0141772536e+01   -9.9353676319e-02    1.2825664282e-01    2.9945547939e-02    5.2708379703e+01    3.1625027822e+01    3.1625027822e+01
