    2.9789123912e+03    2.8694272341e+03   -5.6443678480e+04    8.0098442622e+01    7.9658285851e+01    7.9678951678e+01    1.2405746031e-01    8.4005129421e-02    5.7145708362e-02    7.1173625292e+01    3.0502982268e+01    3.0502982268e+01
    3.0084091772e+03    2.8978399130e+03   -5.6457386866e+04    8.0129725311e+01    7.9770549195e+01    7.9753511626e+01    5.7226327046e-02   -2.5749966968e-01   -1.0109116787e-01    7.1173625292e+01    3.0502982268e+01    3.0502982268e+01
    2.9970559237e+03    2.8869039302e+03   -5.6441618058e+04    7.9912345983e+01    7.9972078135e+01    7.9758756675e+01   -5.6626460230e-02   -1.8954371233e-01    3.5762797521e-02    7.1173625292e+01    3.0502982268e+01    3.0502982268e+01
    3.0103532567e+03    2.8997125409e+03   -5.6463426773e+04    7.9851788793e+01    7.9739666444e+01    8.0102078032e+01   -6.4369387233e-02    3.0115348409e-02    1.3717587512e-01    7.1173625292e+01    3.0502982268e+01    3.0502982268e+01
    3.0039167999e+03    2.8935126458e+03   -5.6457336013e+04    8.0389855019e+01    7.9632937044e+01    7.9172191891e+01   -7.0800402738e-02   -1.7819041178e-02   -1.7325738861e-01    7.1173625292e+01    3.0502982268e+01    3.0502982268e+01
    3.0251783326e+03    2.9139927449e+03   -5.6479000167e+04    7.9911147393e+01    7.9720232532e+01    7.9534350186e+01    1.2457605954e-01   -1.0691551518e-02    5.2144183814e-02    7.1173625292e+01    3.0502982268e+01    3.0502982268e+01
    3.0094461475e+03    2.8988387711e+03   -5.6460517343e+04    7.9404423167e+01    7.9809774629e+01    7.9849041656e+01    1.3226770245e-01    4.4538846241e-02   -1.5400735869e-01    7.1173625292e+01    3.0502982268e+01    3.0502982268e+01
    2.9826699262e+03    2.8730466669e+03   -5.6433591338e+04    8.0152546991e+01    8.0121615744e+01    7.9821894130e+01    1.3100259814e-01   -8.0475774026e-02   -6.2295518129e-02    7.1173625292e+01    3.0502982268e+01    3.0502982268e+01
    2.9960299823e+03    2.8859156956e+03   -5.6443646905e+04    8.0116418641e+01    7.9437895279e+01    7.9853265440e+01   -2.1944258200e-01   -6.5055524329e-02    4.7543204292e-02    7.1173625292e+01    3.0502982268e+01    3.0502982268e+01
    3.0143528491e+03    2.9035651347e+03   -5.6460976348e+04    7.9802503763e+01    7.9808608805e+01    7.9726190524e+01    6.6903383581e-02   -4.6508731794e-03   -1.5317714665e-01    7.1173625292e+01    3.0502982268e+01    3.0502982268e+01
    3.0087930082e+03    2.8982096369e+03   -5.6459361518e+04    8.0050333352e+01    8.0058286544e+01    7.9416082617e+01    7.4151610378e-02   -5.9491534109e-02   -7.0574289848e-02    7.1173625292e+01    3.0502982268e+01    3.0502982268e+01
    2.9862122349e+03    2.8764587838e+03   -5.6434337873e+04    7.9834535675e+01    7.9910655575e+01    8.0229824161e+01   -4.5400061387e-02    1.8519050103e-01    1.1168646405e-01    7.1173625292e+01    3.0502982268e+01    3.0502982268e+01
    3.0082696677e+03    2.8977055309e+03   -5.6460754485e+04    8.0004677849e+01    7.9688636908e+01    7.9467725831e+01   -2.3188149878e-02   -1.0588987809e-01    2.8027673598e-01    7.1173625292e+01    3.0502982268e+01    3.0502982268e+01
    3.0284046033e+03    2.9171004392e+03   -5.6477811711e+04    7.9898933455e+01    7.9585589168e+01    7.9592404493e+01    1.1390523012e-01   -1.2007701769e-01   -1.7171075272e-01    7.1173625292e+01    3.0502982268e+01    3.0502982268e+01
    3.0393950617e+03    2.9276869609e+03   -5.6489223990e+04    7.9851585244e+01    7.9588706297e+01    7.9357459012e+01   -1.2947242327e-02    1.3433031129e-02   -8.0647632354e-02    7.1173625292e+01    3.0502982268e+01    3.0502982268e+01
    3.0118256100e+03    2.9011307802e+03   -5.6462596383e+04    7.9876472430e+01    7.9725834854e+01    7.9725196731e+01   -5.1207014007e-02   -7.6949151336e-03    3.4963272727e-02    7.1173625292e+01    3.0502982268e+01    3.0502982268e+01
    2.9987571954e+03    2.8885426743e+03   -5.6449760756e+04    8.0123693658e+01    7.9665295582e+01    7.9431725764e+01    9.7723042880e-02    1.2876333852e-01    1.7588140195e-02    7.1173625292e+01    3.0502982268e+01    3.0502982268e+01
    2.9994534694e+03    2.8892133579e+03   -5.6450757618e+04    7.9723792741e+01    7.9830178284e+01    7.9572620056e+01   -8.0386450833e-02   -8.9928951520e-02   -1.4875649789e-01    7.1173625292e+01    3.0502982268e+01    3.0502982268e+01
    2.9904314432e+03    2.8805229218e+03   -5.6440279405e+04    8.0058616789e+01    8.0189789336e+01    7.9911874442e+01   -1.2674121817e-01   -2.1662546664e-02    2.3193613286e-02    7.1173625292e+01    3.0502982268e+01    3.0502982268e+01
    2.9828503063e+03    2.8732204175e+03   -5.6435965294e+04    7.9725681743e+01    7.9800061396e+01    8.0180742544e+01    1.9858234055e-02   -2.0610074149e-01   -1.0714975484e-01    7.1173625292e+01    3.0502982268e+01    3.0502982268e+01
    3.0151638666e+03    2.9043463445e+03   -5.6465489900e+04    7.9863490627e+01    8.0233829002e+01    7.9446863678e+01    1.0477211624e-02   -5.3675760803e-02    2.8454808910e-01    7.1173625292e+01    3.0502982268e+01    3.0502982268e+01
    2.9893895128e+03    2.8795192859e+03   -5.6442707982e+04    7.9942411874e+01    8.0143352488e+01    7.9554315065e+01    4.3410738686e-02   -1.0049288372e-01   -1.8476804348e-02    7.1173625292e+01    3.0502982268e+01    3.0502982268e+01
    2.9952729671e+03    2.8851865033e+03   -5.6445079304e+04    8.0307655957e+01    7.9681573654e+01    7.9690322585e+01   -8.6180359848e-02    2.2309333952e-02   -6.1107621669e-02    7.1173625292e+01    3.0502982268e+01    3.0502982268e+01
    2.9659822220e+03    2.8569722926e+03   -5.6415257215e+04    8.0161962678e+01    7.9966324956e+01    7.9941555478e+01   -7.9020668989e-02   -8.7626201032e-02    2.9278146458e-02    7.1173625292e+01    3.0502982268e+01    3.0502982268e+01
    2.9819937982e+03    2.8723953889e+03   -5.6434115178e+04    7.9796044815e+01    7.9756181511e+01    8.0074354139e+01    9.3227275444e-02    5.3606653691e-02   -6.1659234867e-02    7.1173625292e+01    3.0502982268e+01    3.0502982268e+01
    2.9715948245e+03    2.8623786129e+03   -5.6423453288e+04    8.0061147264e+01    7.9758596001e+01    8.0213094181e+01   -9.9916584693e-02    2.9991760237e-02    4.3485191102e-02    7.1173625292e+01    3.0502982268e+01    3.0502982268e+01
    2.9835462351e+03    2.8738907685e+03   -5.6431682851e+04    8.0021820540e+01    7.9699705291e+01    7.9986624830e+01   -8.8242733539e-02   -2.2623388724e-02   -1.1579246450e-01    7.1173625292e+01    3.0502982268e+01    3.0502982268e+01
    3.0107755410e+03    2.9001193048e+03   -5.6456518990e+04    7.9996988678e+01    7.9467488380e+01    7.9957867779e+01    1.6094957416e-01   -8.4220442790e-03    1.2391776383e-01    7.1173625292e+01    3.0502982268e+01    3.0502982268e+01
    3.0218482882e+03    2.9107850910e+03   -5.6471406029e+04    8.0185476751e+01    7.9438755367e+01    7.9609165095e+01    6.8432809742e-02    6.3847712137e-02   -5.9542193082e-02    7.1173625292e+01    3.0502982268e+01    3.0502982268e+01
    2.9933556867e+03    2.8833396894e+03   -5.6444222230e+04    7.9962558054e+01    7.9532701000e+01    7.9700457901e+01   -2.8152872516e-02   -8.9184810640e-02   -1.5403778371e-01    7.1173625292e+01    3.0502982268e+01    3.0502982268e+01
    2.9956116962e+03    2.8855127829e+03   -5.6448682946e+04    7.9913226724e+01    7.9719341955e+01    7.9781945119e+01    6.6619053233e-02    6.0945907690e-02    9.1502256334e-02    7.1173625292e+01    3.0502982268e+01    3.0502982268e+01
    2.9966160302e+03    2.8864802042e+03   -5.6446894367e+04    7.9981667340e+01    7.9736066875e+01    7.9912765073e+01    9.7175967585e-02    1.1985701957e-01    6.8255286661e-02    7.1173625292e+01    3.0502982268e+01    3.0502982268e+01
    3.0072346215e+03    2.8967085262e+03   -5.6458607033e+04    7.9964566320e+01    7.9827884599e+01    7.9692282525e+01    1.0329454322e-01   -1.2104048703e-01   -1.2863244236e-02    7.1173625292e+01    3.0502982268e+01    3.0502982268e+01
    2.9946453517e+03    2.8845819549e+03   -5.6444014242e+04    7.9635279588e+01    8.0161192480e+01    7.9841294228e+01   -4.0506699718e-03    1.9299770516e-01    5.9293499747e-02    7.1173625292e+01    3.0502982268e+01    3.0502982268e+01
    2.9779763703e+03    2.8685256152e+03   -5.6425295093e+04    7.9908823266e+01    7.9810382334e+01    8.0001197967e+01    1.3421748013e-01    7.7477080153e-02    5.6496261986e-02    7.1173625292e+01    3.0502982268e+01    3.0502982268e+01
    2.9759052926e+03    2.8665306567e+03   -5.6427410162e+04    8.0095205955e+01    7.9719043929e+01    7.9774370914e+01    1.5986122734e-01   -3.9725134235e-02    4.3708655010e-02    7.1173625292e+01    3.0502982268e+01    3.0502982268e+01
    2.9919130049e+03    2.8819500310e+03   -5.6440596941e+04    8.0090190181e+01    7.9766664576e+01    7.9799429652e+01   -4.9043630021e-02   -7.9537870683e-02    4.3708264319e-02    7.1173625292e+01    3.0502982268e+01    3.0502982268e+01
    2.9871852206e+03    2.8773960089e+03   -5.6438846091e+04    8.0161837549e+01    7.9948885849e+01    7.9467205104e+01    1.0129308356e-01    3.9082565289e-02   -1.5788151774e-01    7.1173625292e+01    3.0502982268e+01    3.0502982268e+01
    3.0035449604e+03    2.8931544726e+03   -5.6452541370e+04    7.9757488801e+01    7.9490770940e+01    7.9923396333e+01    3.6662341657e-02   -6.9575166534e-02    1.5097108115e-01    7.1173625292e+01    3.0502982268e+01    3.0502982268e+01
    2.9894766434e+03    2.8796032142e+03   -5.6440197804e+04    8.0251948599e+01    7.9670403101e+01    7.9809483327e+01    2.6391794936e-02   -2.5444317642e-01   -1.0596882740e-01    7.1173625292e+01    3.0502982268e+01    3.0502982268e+01
    3.0112054667e+03    2.9005334293e+03   -5.6460275871e+04    7.9948135063e+01    7.9094654869e+01    7.9877349804e+01    2.4577021990e-02   -1.0061050965e-01    8.1285519860e-02    7.1173625292e+01    3.0502982268e+01    3.0502982268e+01
    2.9846669197e+03    2.8749702642e+03   -5.6435154125e+04    8.0090206819e+01    8.0083879173e+01    7.9585936505e+01    2.4978175533e-01    6.5123590216e-02    1.0975604369e-02    7.1173625292e+01    3.0502982268e+01    3.0502982268e+01
    3.0174378904e+03    2.9065367903e+03   -5.6469128734e+04    7.9910062172e+01    7.9939024043e+01    7.9513919202e+01   -1.3900398496e-02   -1.4383811910e-01    6.6960573478e-03    7.1173625292e+01    3.0502982268e+01    3.0502982268e+01
    2.9972241139e+03    2.8870659388e+03   -5.6444933361e+04    7.9946210917e+01    7.9978339118e+01    7.9848712722e+01   -2.0340014641e-01    9.8416309509e-02    7.4538124292e-02    7.1173625292e+01    3.0502982268e+01    3.0502982268e+01
    2.9729494961e+03    2.8636834957e+03   -5.6423161099e+04    8.0265228582e+01    7.9874261191e+01    7.9764149524e+01   -1.1987707774e-02    1.1760972363e-01    4.0388565228e-02    7.1173625292e+01    3.0502982268e+01    3.0502982268e+01
    3.0089839177e+03    2.8983935298e+03   -5.6458225183e+04    8.0046511076e+01    7.9582106161e+01    7.9808790643e+01   -5.1845703922e-02   -1.7320728203e-02    1.0662791985e-01    7.1173625292e+01    3.0502982268e+01    3.0502982268e+01
    2.9860209514e+03    2.8762745305e+03   -5.6435539691e+04    8.0225737796e+01    7.9849939631e+01    7.9453086840e+01   -1.6193458841e-01    1.0036982333e-01   -7.8823523183e-02    7.1173625292e+01    3.0502982268e+01    3.0502982268e+01
    2.9783738923e+03    2.8689085269e+03   -5.6428685951e+04    7.9929627048e+01    7.9714399768e+01    7.9904779463e+01    3.2608763997e-02    5.6499275318e-02    7.3919680262e-02    7.1173625292e+01    3.0502982268e+01    3.0502982268e+01
    3.0080134217e+03    2.8974587028e+03   -5.6456100499e+04    8.0070904379e+01    7.9635811357e+01    7.9613059441e+01   -6.1948678762e-02   -1.4494891515e-02   -1.0154128670e-01    7.1173625292e+01    3.0502982268e+01    3.0502982268e+01
    2.9586356739e+03    2.8498957552e+03   -5.6413646685e+04    8.0313918803e+01    8.0222163365e+01    7.9993067244e+01   -1.5385427377e-01   -9.0578002010e-02    5.0053553954e-02    7.1173625292e+01    3.0502982268e+01    3.0502982268e+01
    3.0286155443e+03    2.9173036274e+03   -5.6478253893e+04    7.9918883261e+01    7.9583907481e+01    7.9350685163e+01   -1.6769009554e-02    1.0790287278e-01    1.2959587038e-02    7.1173625292e+01    3.0502982268e+01    3.0502982268e+01
    3.0012105838e+03    2.8909058924e+03   -5.6450899964e+04    8.0328375483e+01    7.9634584062e+01    7.9552764684e+01   -2.7143791389e-03    4.7638034095e-02   -2.8684982579e-02    7.1173625292e+01    3.0502982268e+01    3.0502982268e+01
    2.9902794459e+03    2.8803765110e+03   -5.6441583647e+04    8.0134314688e+01    8.0032909604e+01    7.9881349589e+01   -1.4716864241e-02   -3.2151255798e-02   -4.6762725106e-02    7.1173625292e+01    3.0502982268e+01    3.0502982268e+01
    3.0466725745e+03    2.9346970003e+03   -5.6491918153e+04    8.0045158058e+01    7.9800773066e+01    7.9362408390e+01   -2.6629443877e-02   -2.1736164304e-01   -8.8184459668e-03    7.1173625292e+01    3.0502982268e+01    3.0502982268e+01
    3.0230963444e+03    2.9119872768e+03   -5.6473325991e+04    7.9761228300e+01    7.9925036639e+01    7.9416845449e+01    4.0134094389e-04   -8.3159528651e-02    2.1121653448e-01    7.1173625292e+01    3.0502982268e+01    3.0502982268e+01
    2.9978995199e+03    2.8877165213e+03   -5.6448335754e+04    8.0009685040e+01    7.9489689299e+01    8.0106614003e+01    2.3277908965e-01    2.6047213004e-02   -2.2536975721e-01    7.1173625292e+01    3.0502982268e+01    3.0502982268e+01
    2.9882041889e+03    2.8783775266e+03   -5.6438103039e+04    8.0322268258e+01    7.9739386974e+01    7.9573046677e+01    8.4117802459e-02   -9.2692097691e-02    2.2663094464e-02    7.1173625292e+01    3.0502982268e+01    3.0502982268e+01
    2.9649680574e+03    2.8559954020e+03   -5.6415653450e+04    7.9960525536e+01    7.9798177883e+01    7.9769518027e+01    1.1999613632e-01   -1.5398838292e-01   -5.6295885781e-02    7.1173625292e+01    3.0502982268e+01    3.0502982268e+01
    2.9790383070e+03    2.8695485221e+03   -5.6429278123e+04    7.9682895630e+01    7.9937184853e+01    7.9990076818e+01    4.8461555619e-02   -1.1684184505e-01   -3.7085122410e-02    7.1173625292e+01    3.0502982268e+01    3.0502982268e+01
    2.9932922448e+03    2.8832785793e+03   -5.6441900142e+04    8.0242182345e+01    7.9699255451e+01    7.9863095533e+01   -1.1519474458e-01   -4.3414968448e-02    1.2763880218e-01    7.1173625292e+01    3.0502982268e+01    3.0502982268e+01
    3.0101970491e+03    2.8995620745e+03   -5.6458474703e+04    7.9873949197e+01    7.9836250246e+01    7.9773402612e+01    3.3601697761e-01    1.6111562449e-01    6.3023414434e-02    7.1173625292e+01    3.0502982268e+01    3.0502982268e+01
    2.9767888675e+03    2.8673817571e+03   -5.6425116260e+04    7.9803834261e+01    8.0136463186e+01    7.9888467041e+01    1.2822988382e-01    8.9770073043e-02    6.5879371608e-02    7.1173625292e+01    3.0502982268e+01    3.0502982268e+01
    2.9728998616e+03    2.8636356855e+03   -5.6422877487e+04    8.0088892553e+01    8.0053640889e+01    7.9470518329e+01    3.0894705430e-02    1.2833200743e-01   -5.5283154217e-02    7.1173625292e+01    3.0502982268e+01    3.0502982268e+01
    2.9911234521e+03    2.8811894971e+03   -5.6440755213e+04    8.0344413039e+01    7.9987612831e+01    7.9504883845e+01   -1.3287846115e-01    6.9495796261e-02   -1.5614284214e-03    7.1173625292e+01    3.0502982268e+01    3.0502982268e+01
    2.9877148941e+03    2.8779062151e+03   -5.6438129244e+04    8.0199966781e+01    7.9765570038e+01    7.9699200454e+01   -8.7435823911e-02    5.9218573502e-02   -9.8455694255e-02    7.1173625292e+01    3.0502982268e+01    3.0502982268e+01
    2.9860053196e+03    2.8762594733e+03   -5.6435195404e+04    7.9863168855e+01    7.9760182493e+01    7.9619063225e+01    2.2732635717e-02    4.1187470078e-02    4.1673715355e-02    7.1173625292e+01    3.0502982268e+01    3.0502982268e+01
    3.0160836663e+03    2.9052323385e+03   -5.6468236877e+04    7.9732948607e+01    8.0093537232e+01    7.9455779103e+01    2.7784446084e-01    1.3361451200e-01    5.9381170845e-03    7.1173625292e+01    3.0502982268e+01    3.0502982268e+01
    2.9569704221e+03    2.8482917070e+03   -5.6408023215e+04    8.0026363280e+01    8.0176072841e+01    7.9879429048e+01   -1.1496411455e-01   -2.5964970513e-02    9.6226130905e-02    7.1173625292e+01    3.0502982268e+01    3.0502982268e+01
    3.0264796999e+03    2.9152462826e+03   -5.6478549512e+04    7.9791014703e+01    7.9847969192e+01    7.9409765497e+01    1.0960984813e-02    1.0506786939e-01    5.1894829072e-02    7.1173625292e+01    3.0502982268e+01    3.0502982268e+01
    3.0101967387e+03    2.8995617755e+03   -5.6459005754e+04    8.0006696409e+01    7.9773755921e+01    7.9488532829e+01   -7.4049199465e-02   -9.7660508099e-02    2.7540489694e-02    7.1173625292e+01    3.0502982268e+01    3.0502982268e+01
    2.9739545662e+03    2.8646516261e+03   -5.6423008588e+04    7.9967269015e+01    7.9933404559e+01    7.9503698161e+01    6.3668286376e-02    1.0878937389e-01    8.1727979082e-02    7.1173625292e+01    3.0502982268e+01    3.0502982268e+01
    3.0012172769e+03    2.8909123395e+03   -5.6457617435e+04    8.0065543951e+01    7.9443726777e+01    7.9906077230e+01   -1.1997682351e-01    1.5141801671e-01   -2.0234378032e-01    7.1173625292e+01    3.0502982268e+01    3.0502982268e+01
    3.0282073993e+03    2.9169104831e+03   -5.6473326320e+04    8.0146299782e+01    7.9513008053e+01    7.9815838692e+01   -4.1101382198e-02   -6.4263000130e-02   -2.1341809823e-02    7.1173625292e+01    3.0502982268e+01    3.0502982268e+01
    2.9970794323e+03    2.8869265747e+03   -5.6446495004e+04    8.0191331560e+01    7.9708351632e+01    7.9626370961e+01    8.7407931577e-02    3.3710363611e-02    1.6774207767e-03    7.1173625292e+01    3.0502982268e+01    3.0502982268e+01
    2.9939380166e+03    2.8839006167e+03   -5.6441794348e+04    8.0249572696e+01    7.9683497462e+01    7.9833138469e+01   -2.8036357432e-01   -4.8677727330e-02    9.3122324114e-02    7.1173625292e+01    3.0502982268e+01    3.0502982268e+01
    2.9938899470e+03    2.8838543138e+03   -5.6443148439e+04    8.0103788185e+01    8.0138435326e+01    7.9557114590e+01    1.3796591648e-01   -8.6321707447e-02    4.4457511641e-02    7.1173625292e+01    3.0502982268e+01    3.0502982268e+01
    2.9902444895e+03    2.8803428393e+03   -5.6439858279e+04    7.9823958640e+01    7.9707919545e+01    7.9988494067e+01    4.9530110570e-02   -4.3865722184e-02    7.5228228766e-02    7.1173625292e+01    3.0502982268e+01    3.0502982268e+01
    3.0022426377e+03    2.8919000148e+03   -5.6453411504e+04    8.0267040571e+01    7.9250993087e+01    7.9563244727e+01   -6.5644106128e-02    1.4195159339e-04   -5.1625714615e-02    7.1173625292e+01    3.0502982268e+01    3.0502982268e+01
    2.9952725844e+03    2.8851861346e+03   -5.6443119559e+04    7.9689535988e+01    7.9849675107e+01    7.9934386986e+01    1.4724971772e-01   -8.6148205140e-02    1.6071961776e-01    7.1173625292e+01    3.0502982268e+01    3.0502982268e+01
    3.0147403401e+03    2.9039383841e+03   -5.6463703270e+04    8.0326577431e+01    7.9659517366e+01    7.9543206682e+01   -4.2716925317e-02   -1.0251562335e-01    8.6584465547e-02    7.1173625292e+01    3.0502982268e+01    3.0502982268e+01
    2.9999831616e+03    2.8897235821e+03   -5.6453380450e+04    8.0234325700e+01    7.9682771424e+01    7.9656612140e+01    2.2920304134e-02    3.0434275273e-02   -6.2665473583e-02    7.1173625292e+01    3.0502982268e+01    3.0502982268e+01
    3.0273511983e+03    2.9160857504e+03   -5.6476205422e+04    7.9672439972e+01    7.9804235921e+01    7.9535729868e+01    6.6019323745e-02    6.6305404952e-02    1.8846273462e-01    7.1173625292e+01    3.0502982268e+01    3.0502982268e+01
    3.0016658598e+03    2.8913444355e+03   -5.6450379745e+04    8.0045888690e+01    7.9427955670e+01    7.9959070650e+01    1.5827021219e-01    2.1957524618e-01    7.1184079844e-02    7.1173625292e+01    3.0502982268e+01    3.0502982268e+01
    2.9866206733e+03    2.8768522107e+03   -5.6437114842e+04    8.0323716321e+01    7.9513186991e+01    7.9579162862e+01   -8.9719119160e-02    2.2666229255e-01    2.6112610787e-02    7.1173625292e+01    3.0502982268e+01    3.0502982268e+01
    2.9931191172e+03    2.8831118146e+03   -5.6442575782e+04    8.0489973971e+01    7.9883879880e+01    7.9738320320e+01    7.1227891948e-03    7.5816934385e-02    1.2596308614e-01    7.1173625292e+01    3.0502982268e+01    3.0502982268e+01
    3.0051837056e+03    2.8947329885e+03   -5.6453880210e+04    7.9810238423e+01    7.9800079348e+01    7.9858460136e+01   -1.3931987702e-02    2.3367995674e-02   -2.6342085437e-02    7.1173625292e+01    3.0502982268e+01    3.0502982268e+01
    2.9903954293e+03    2.8804882316e+03   -5.6438891858e+04    7.9962988041e+01    8.0050599927e+01    7.9701274336e+01   -5.6666023583e-02    6.3029993374e-02    1.5383342357e-01    7.1173625292e+01    3.0502982268e+01    3.0502982268e+01
    2.9931660965e+03    2.8831570673e+03   -5.6438486514e+04    7.9889743978e+01    7.9852201174e+01    7.9801893220e+01   -2.8445442795e-02   -3.4337007318e-02   -6.0330492523e-02    7.1173625292e+01    3.0502982268e+01    3.0502982268e+01
    3.0437980895e+03    2.9319281624e+03   -5.6492300365e+04    7.9801711185e+01    7.9450763734e+01    7.9514303108e+01   -1.2911391316e-01   -1.1694744779e-01    2.1070175250e-02    7.1173625292e+01    3.0502982268e+01    3.0502982268e+01
    3.0237217989e+03    2.9125897438e+03   -5.6471369470e+04    7.9776641897e+01    7.9522190562e+01    7.9667454070e+01   -5.8126332333e-02    5.8008878225e-03   -2.2151480575e-02    7.1173625292e+01    3.0502982268e+01    3.0502982268e+01
    3.0217832941e+03    2.9107224856e+03   -5.6469633062e+04    7.9820641193e+01    7.9762772998e+01    7.9838608908e+01    4.6074144293e-02   -1.8904857252e-01    1.9025893641e-01    7.1173625292e+01    3.0502982268e+01    3.0502982268e+01
    2.9961742840e+03    2.8860546937e+03   -5.6447455418e+04    7.9809602635e+01    7.9457498411e+01    8.0036971634e+01    2.3235056340e-01    3.6631411240e-02   -8.9127563467e-02    7.1173625292e+01    3.0502982268e+01    3.0502982268e+01
    2.9804910117e+03    2.8709478349e+03   -5.6430641840e+04    8.0056550783e+01    7.9857633480e+01    7.9936396054e+01   -4.6374854948e-02   -6.7538014117e-02    9.8032505017e-02    7.1173625292e+01    3.0502982268e+01    3.0502982268e+01
    2.9860239451e+03    2.8762774143e+03   -5.6437917227e+04    7.9762182183e+01    7.9896727484e+01    7.9830496045e+01   -1.7557712163e-02    2.0248415300e-01   -7.0857424868e-03    7.1173625292e+01    3.0502982268e+01    3.0502982268e+01
    3.0006215079e+03    2.8903384670e+03   -5.6450625075e+04    7.9874743454e+01    8.0003389184e+01    7.9802874013e+01   -6.3623803535e-02   -9.6855635848e-02    4.1228960982e-02    7.1173625292e+01    3.0502982268e+01    3.0502982268e+01
    2.9949826086e+03    2.8849068164e+03   -5.6445780530e+04    7.9914816655e+01    7.9926575798e+01    7.9558235929e+01   -4.4744795567e-02    1.5008107065e-02    1.9797966613e-01    7.1173625292e+01    3.0502982268e+01    3.0502982268e+01
    2.9948536033e+03    2.8847825525e+03   -5.6445834070e+04    7.9841612108e+01    7.9774620107e+01    7.9813562917e+01    1.2686093129e-02   -3.3295445990e-02    8.0723488409e-02    7.1173625292e+01    3.0502982268e+01    3.0502982268e+01
    2.9939674887e+03    2.8839290056e+03   -5.6445203111e+04    7.9810993042e+01    7.9659935386e+01    8.0053438531e+01   -6.5292278455e-02    4.1593032752e-02   -2.9923371280e-01    7.1173625292e+01    3.0502982268e+01    3.0502982268e+01
    2.9956571146e+03    2.8855565320e+03   -5.6446641546e+04    8.0538441069e+01    7.9728901578e+01    7.9207753922e+01    5.4649386881e-02   -1.6576367952e-01    1.7275621097e-01    7.1173625292e+01    3.0502982268e+01    3.0502982268e+01
    2.9998209369e+03    2.8895673197e+03   -5.6451903174e+04    7.9703287316e+01    7.9634536454e+01    7.9630638862e+01   -1.1780940248e-02    7.7877621305e-03   -1.7176944829e-02    7.1173625292e+01    3.0502982268e+01    3.0502982268e+01
    2.9998209369e+03    2.8895673197e+03   -5.6451903174e+04    7.9703287316e+01    7.9634536454e+01    7.9630638862e+01   -1.1780940248e-02    7.7877621305e-03   -1.7176944829e-02    7.1173625292e+01    3.0502982268e+01    3.0502982268e+01
    2.9998209369e+03    2.8895673197e+03   -5.6451903174e+04    7.9703287316e+01    7.9634536454e+01    7.9630638862e+01   -1.1780940248e-02    7.7877621305e-03   -1.7176944829e-02    7.1173625292e+01    3.0502982268e+01    3.0502982268e+01
    2.9998209369e+03    2.8895673197e+03   -5.6451903174e+04    7.9703287316e+01    7.9634536454e+01    7.9630638862e+01   -1.1780940248e-02    7.7877621305e-03   -1.7176944829e-02    7.1173625292e+01    3.0502982268e+01    3.0502982268e+01
    2.9998209369e+03    2.8895673197e+03   -5.6451903174e+04    7.9703287316e+01    7.9634536454e+01    7.9630638862e+01   -1.1780940248e-02    7.7877621305e-03   -1.7176944829e-02    7.1173625292e+01    3.0502982268e+01    3.0502982268e+01
    2.9998209369e+03    2.8895673197e+03   -5.6451903174e+04    7.9703287316e+01    7.9634536454e+01    7.9630638862e+01   -1.1780940248e-02    7.7877621305e-03   -1.7176944829e-02    7.1173625292e+01    3.0502982268e+01    3.0502982268e+01
    2.9998209369e+03    2.8895673197e+03   -5.6451903174e+04    7.9703287316e+01    7.9634536454e+01    7.9630638862e+01   -1.1780940248e-02    7.7877621305e-03   -1.7176944829e-02    7.1173625292e+01    3.0502982268e+01    3.0502982268e+01
    2.9998209369e+03    2.8895673197e+03   -5.6451903174e+04    7.9703287316e+01    7.9634536454e+01    7.9630638862e+01   -1.1780940248e-02    7.7877621305e-03   -1.7176944829e-02    7.1173625292e+01    3.0502982268e+01    3.0502982268e+01
    2.9998209369e+03    2.8895673197e+03   -5.6451903174e+04    7.9703287316e+01    7.9634536454e+01    7.9630638862e+01   -1.1780940248e-02    7.7877621305e-03   -1.7176944829e-02    7.1173625292e+01    3.0502982268e+01    3.0502982268e+01
    2.9998209369e+03    2.8895673197e+03   -5.6451903174e+04    7.9703287316e+01    7.9634536454e+01    7.9630638862e+01   -1.1780940248e-02    7.7877621305e-03   -1.7176944829e-02    7.1173625292e+01    3.0502982268e+01    3.0502982268e+01
    2.9998209369e+03    2.8895673197e+03   -5.6451903174e+04    7.9703287316e+01    7.9634536454e+01    7.9630638862e+01   -1.1780940248e-02    7.7877621305e-03   -1.7176944829e-02    7.1173625292e+01    3.0502982268e+01    3.0502982268e+01
    2.9998209369e+03    2.8895673197e+03   -5.6451903174e+04    7.9703287316e+01    7.9634536454e+01    7.9630638862e+01   -1.1780940248e-02    7.7877621305e-03   -1.7176944829e-02    7.1173625292e+01    3.0502982268e+01    3.0502982268e+01
    2.9998209369e+03    2.8895673197e+03   -5.6451903174e+04    7.9703287316e+01    7.9634536454e+01    7.9630638862e+01   -1.1780940248e-02    7.7877621305e-03   -1.7176944829e-02    7.1173625292e+01    3.0502982268e+01    3.0502982268e+01
    2.9998209369e+03    2.8895673197e+03   -5.6451903174e+04    7.9703287316e+01    7.9634536454e+01    7.9630638862e+01   -1.1780940248e-02    7.7877621305e-03   -1.7176944829e-02    7.1173625292e+01    3.0502982268e+01    3.0502982268e+01
    2.9998209369e+03    2.8895673197e+03   -5.6451903174e+04    7.9703287316e+01    7.9634536454e+01    7.9630638862e+01   -1.1780940248e-02    7.7877621305e-03   -1.7176944829e-02    7.1173625292e+01    3.0502982268e+01    3.0502982268e+01
    2.9998209369e+03    2.8895673197e+03   -5.6451903174e+04    7.9703287316e+01    7.9634536454e+01    7.9630638862e+01   -1.1780940248e-02    7.7877621305e-03   -1.7176944829e-02    7.1173625292e+01    3.0502982268e+01    3.0502982268e+01
    2.9998209369e+03    2.8895673197e+03   -5.6451903174e+04    7.9703287316e+01    7.9634536454e+01    7.9630638862e+01   -1.1780940248e-02    7.7877621305e-03   -1.7176944829e-02    7.1173625292e+01    3.0502982268e+01    3.0502982268e+01
    2.9998209369e+03    2.8895673197e+03   -5.6451903174e+04    7.9703287316e+01    7.9634536454e+01    7.9630638862e+01   -1.1780940248e-02    7.7877621305e-03   -1.7176944829e-02    7.1173625292e+01    3.0502982268e+01    3.0502982268e+01
    2.9998209369e+03    2.8895673197e+03   -5.6451903174e+04    7.9703287316e+01    7.9634536454e+01    7.9630638862e+01   -1.1780940248e-02    7.7877621305e-03   -1.7176944829e-02    7.1173625292e+01    3.0502982268e+01    3.0502982268e+01
    2.9998209369e+03    2.8895673197e+03   -5.6451903174e+04    7.9703287316e+01    7.9634536454e+01    7.9630638862e+01   -1.1780940248e-02    7.7877621305e-03   -1.7176944829e-02    7.1173625292e+01    3.0502982268e+01    3.0502982268e+01
    2.9998209369e+03    2.8895673197e+03   -5.6451903174e+04    7.9703287316e+01    7.9634536454e+01    7.9630638862e+01   -1.1780940248e-02    7.7877621305e-03   -1.7176944829e-02    7.1173625292e+01    3.0502982268e+01    3.0502982268e+01
    2.9998209369e+03    2.8895673197e+03   -5.6451903174e+04    7.9703287316e+01    7.9634536454e+01    7.9630638862e+01   -1.1780940248e-02    7.7877621305e-03   -1.7176944829e-02    7.1173625292e+01    3.0502982268e+01    3.0502982268e+01
    2.9998209369e+03    2.8895673197e+03   -5.6451903174e+04    7.9703287316e+01    7.9634536454e+01    7.9630638862e+01   -1.1780940248e-02    7.7877621305e-03   -1.7176944829e-02    7.1173625292e+01    3.0502982268e+01    3.0502982268e+01
    2.9998209369e+03    2.8895673197e+03   -5.6451903174e+04    7.9703287316e+01    7.9634536454e+01    7.9630638862e+01   -1.1780940248e-02    7.7877621305e-03   -1.7176944829e-02    7.1173625292e+01    3.0502982268e+01    3.0502982268e+01
    2.9998209369e+03    2.8895673197e+03   -5.6451903174e+04    7.9703287316e+01    7.9634536454e+01    7.9630638862e+01   -1.1780940248e-02    7.7877621305e-03   -1.7176944829e-02    7.1173625292e+01    3.0502982268e+01    3.0502982268e+01
    2.9998209369e+03    2.8895673197e+03   -5.6451903174e+04    7.9703287316e+01    7.9634536454e+01    7.9630638862e+01   -1.1780940248e-02    7.7877621305e-03   -1.7176944829e-02    7.1173625292e+01    3.0502982268e+01    3.0502982268e+01
    2.9998209369e+03    2.8895673197e+03   -5.6451903174e+04    7.9703287316e+01    7.9634536454e+01    7.9630638862e+01   -1.1780940248e-02    7.7877621305e-03   -1.7176944829e-02    7.1173625292e+01    3.0502982268e+01    3.0502982268e+01
    2.9998209369e+03    2.8895673197e+03   -5.6451903174e+04    7.9703287316e+01    7.9634536454e+01    7.9630638862e+01   -1.1780940248e-02    7.7877621305e-03   -1.7176944829e-02    7.1173625292e+01    3.0502982268e+01    3.0502982268e+01
    2.9998209369e+03    2.8895673197e+03   -5.6451903174e+04    7.9703287316e+01    7.9634536454e+01    7.9630638862e+01   -1.1780940248e-02    7.7877621305e-03   -1.7176944829e-02    7.1173625292e+01    3.0502982268e+01    3.0502982268e+01
    2.9998209369e+03    2.8895673197e+03   -5.6451903174e+04    7.9703287316e+01    7.9634536454e+01    7.9630638862e+01   -1.1780940248e-02    7.7877621305e-03   -1.7176944829e-02    7.1173625292e+01    3.0502982268e+01    3.0502982268e+01
    2.9998209369e+03    2.8895673197e+03   -5.6451903174e+04    7.9703287316e+01    7.9634536454e+01    7.9630638862e+01   -1.1780940248e-02    7.7877621305e-03   -1.7176944829e-02    7.1173625292e+01    3.0502982268e+01    3.0502982268e+01
