    3.9844937754e+03    2.7951016917e+03   -3.9600230918e+04    8.6121259305e+01    8.6392076406e+01    8.5803544021e+01   -3.7432444752e-02   -1.8175417798e-01   -4.9174465644e-02    5.0838303780e+01    3.0502982268e+01    3.0502982268e+01
    3.9982412555e+03    2.8047454775e+03   -3.9593136220e+04    8.6696430110e+01    8.5938172891e+01    8.6545105095e+01   -8.7704127969e-02   -6.4185765168e-02   -8.2829747274e-02    5.0838303780e+01    3.0502982268e+01    3.0502982268e+01
    3.9650907669e+03    2.7814905819e+03   -3.9567200727e+04    8.7271874070e+01    8.6583240147e+01    8.5964372952e+01    3.7525122691e-02    1.2051885147e-01    1.2500432153e-01    5.0838303780e+01    3.0502982268e+01    3.0502982268e+01
    3.9164665012e+03    2.7473809120e+03   -3.9538412491e+04    8.6925067563e+01    8.6628897563e+01    8.6622703223e+01    1.3695233621e-01   -1.5874103710e-01    2.2148811260e-01    5.0838303780e+01    3.0502982268e+01    3.0502982268e+01
    3.9741888632e+03    2.7878728492e+03   -3.9574563967e+04    8.6999581155e+01    8.6023081383e+01    8.6156983058e+01    2.9778093535e-01   -2.6438808232e-01   -2.7722769156e-01    5.0838303780e+01    3.0502982268e+01    3.0502982268e+01
    3.9552831092e+03    2.7746105610e+03   -3.9562006815e+04    8.6923538160e+01    8.6045611346e+01    8.6185654852e+01   -6.8763111658e-02    6.6631074323e-02   -1.5993260080e-01    5.0838303780e+01    3.0502982268e+01    3.0502982268e+01
    3.9738761577e+03    2.7876534879e+03   -3.9569682001e+04    8.6326204482e+01    8.6112902528e+01    8.6191403228e+01   -6.2249609113e-02    1.5114246928e-01   -2.3502000300e-01    5.0838303780e+01    3.0502982268e+01    3.0502982268e+01
    3.9304376612e+03    2.7571816082e+03   -3.9540086516e+04    8.6870501280e+01    8.6178284615e+01    8.6671857092e+01   -1.7204835495e-01   -2.0556149688e-01   -8.0281831663e-02    5.0838303780e+01    3.0502982268e+01    3.0502982268e+01
    4.0256921304e+03    2.8240021237e+03   -3.9606138607e+04    8.5821194134e+01    8.6096932297e+01    8.6113354455e+01    8.0248836531e-02   -3.2184250590e-01    9.1714847860e-02    5.0838303780e+01    3.0502982268e+01    3.0502982268e+01
    3.9972219782e+03    2.8040304598e+03   -3.9593321023e+04    8.7026286464e+01    8.6191263106e+01    8.6136425470e+01    9.9569212250e-03   -9.5963546679e-02   -3.1744482084e-02    5.0838303780e+01    3.0502982268e+01    3.0502982268e+01
    4.0233413106e+03    2.8223530359e+03   -3.9612922851e+04    8.6381754838e+01    8.5812331406e+01    8.5806549912e+01   -2.6226807523e-01   -1.2061987346e-01    3.2637438254e-01    5.0838303780e+01    3.0502982268e+01    3.0502982268e+01
    3.9889002939e+03    2.7981928415e+03   -3.9585040772e+04    8.7273736932e+01    8.5703654840e+01    8.6344461299e+01    1.9580205636e-01    1.5331934997e-01    1.3888345249e-01    5.0838303780e+01    3.0502982268e+01    3.0502982268e+01
    3.9683578785e+03    2.7837824437e+03   -3.9568330136e+04    8.7216040773e+01    8.5802763727e+01    8.6569757364e+01    6.5897128801e-02    1.4757715997e-01    1.3311076840e-01    5.0838303780e+01    3.0502982268e+01    3.0502982268e+01
    4.0140750434e+03    2.8158527975e+03   -3.9605028819e+04    8.6062245852e+01    8.6459577517e+01    8.6332543992e+01   -1.4118603882e-01   -1.1851830427e-01    9.3547083160e-02    5.0838303780e+01    3.0502982268e+01    3.0502982268e+01
    4.0097917958e+03    2.8128481215e+03   -3.9601619159e+04    8.7221474944e+01    8.5734888108e+01    8.5991067037e+01    7.3892505922e-02    2.6003403371e-01   -8.4336414624e-02    5.0838303780e+01    3.0502982268e+01    3.0502982268e+01
    3.9804372654e+03    2.7922560709e+03   -3.9575088715e+04    8.6433431241e+01    8.6541374946e+01    8.6185674935e+01   -1.4212309998e-01   -9.3727026360e-03    2.7575534838e-01    5.0838303780e+01    3.0502982268e+01    3.0502982268e+01
    3.9945569439e+03    2.8021609521e+03   -3.9595607811e+04    8.6630612922e+01    8.6073249598e+01    8.6241199269e+01   -5.1988866129e-02   -8.7664440793e-02   -2.9759905796e-01    5.0838303780e+01    3.0502982268e+01    3.0502982268e+01
    4.0677445489e+03    2.8535016769e+03   -3.9642531042e+04    8.6207110490e+01    8.6106381398e+01    8.5728390920e+01    4.5725259567e-02    8.9127969366e-02   -5.7054945914e-02    5.0838303780e+01    3.0502982268e+01    3.0502982268e+01
    3.9795409399e+03    2.7916273032e+03   -3.9579521308e+04    8.6795749903e+01    8.6393156038e+01    8.6319430213e+01    4.0027726947e-02   -1.1536842278e-01    7.2060939822e-03    5.0838303780e+01    3.0502982268e+01    3.0502982268e+01
    4.0480999957e+03    2.8397211249e+03   -3.9625428376e+04    8.6150866377e+01    8.5955806001e+01    8.6380376478e+01    1.3793087544e-01   -1.3888814230e-01    8.4133577121e-02    5.0838303780e+01    3.0502982268e+01    3.0502982268e+01
    4.0248370808e+03    2.8234023109e+03   -3.9613307849e+04    8.5887023323e+01    8.6530704608e+01    8.6317880214e+01   -2.7742539619e-01   -3.0837019428e-01    1.2490607679e-01    5.0838303780e+01    3.0502982268e+01    3.0502982268e+01
    3.9816504811e+03    2.7931071354e+03   -3.9579314326e+04    8.6631246871e+01    8.6742447683e+01    8.6164953588e+01    7.1527819386e-02   -1.2597702120e-01   -2.4100038134e-01    5.0838303780e+01    3.0502982268e+01    3.0502982268e+01
    3.9943916776e+03    2.8020450186e+03   -3.9586402319e+04    8.7144109307e+01    8.6240345487e+01    8.6477359027e+01   -3.8255682890e-01   -1.1046066241e-01   -1.9859834460e-01    5.0838303780e+01    3.0502982268e+01    3.0502982268e+01
    3.9896281032e+03    2.7987033959e+03   -3.9582944458e+04    8.7265995289e+01    8.6583156699e+01    8.5920445837e+01    5.8651803210e-02    1.1008434787e-01   -5.4600969436e-01    5.0838303780e+01    3.0502982268e+01    3.0502982268e+01
    4.0236526745e+03    2.8225714560e+03   -3.9608269325e+04    8.6531481532e+01    8.6161812671e+01    8.5803438325e+01    1.3062920102e-01   -1.3183019000e-01   -2.4988569071e-02    5.0838303780e+01    3.0502982268e+01    3.0502982268e+01
    4.0688544875e+03    2.8542802931e+03   -3.9639490066e+04    8.6332160151e+01    8.6531106418e+01    8.5925546051e+01   -1.7252128758e-01   -1.2185695618e-01   -2.1327931749e-01    5.0838303780e+01    3.0502982268e+01    3.0502982268e+01
    3.9483970513e+03    2.7697800271e+03   -3.9554458961e+04    8.6717256292e+01    8.6529313065e+01    8.6419288068e+01    1.5433725828e-01   -1.7201583338e-01   -7.3749264683e-02    5.0838303780e+01    3.0502982268e+01    3.0502982268e+01
    4.0174015073e+03    2.8181862946e+03   -3.9604082885e+04    8.5890173486e+01    8.6281854545e+01    8.6505022392e+01   -2.0408222243e-01   -2.8748194616e-01   -3.2176760216e-02    5.0838303780e+01    3.0502982268e+01    3.0502982268e+01
    3.9881483203e+03    2.7976653359e+03   -3.9586356562e+04    8.6871215624e+01    8.5677012879e+01    8.5739470517e+01    3.2713079647e-01   -3.7182273933e-02    5.8065720670e-02    5.0838303780e+01    3.0502982268e+01    3.0502982268e+01
    4.0291316833e+03    2.8264149522e+03   -3.9612555936e+04    8.6040921768e+01    8.6071619197e+01    8.6350090493e+01    2.0085248838e-02   -1.0082870114e-01   -1.9354103137e-01    5.0838303780e+01    3.0502982268e+01    3.0502982268e+01
    4.0300381644e+03    2.8270508440e+03   -3.9615092238e+04    8.6320584088e+01    8.6284523605e+01    8.5946819635e+01   -2.1921584113e-01    3.0763941810e-02    1.7661016182e-01    5.0838303780e+01    3.0502982268e+01    3.0502982268e+01
    4.0022917834e+03    2.8075869018e+03   -3.9594510004e+04    8.6503199003e+01    8.5660658634e+01    8.6574386339e+01    1.3391723065e-01   -3.2750789960e-02    1.1315882484e-01    5.0838303780e+01    3.0502982268e+01    3.0502982268e+01
    4.0216311716e+03    2.8211533822e+03   -3.9604691754e+04    8.7196086050e+01    8.5998517317e+01    8.5620061045e+01    8.1359109430e-03   -9.8691601665e-02   -1.1024389442e-01    5.0838303780e+01    3.0502982268e+01    3.0502982268e+01
    4.0193388342e+03    2.8195453194e+03   -3.9606960907e+04    8.6162858533e+01    8.6199389372e+01    8.5531922334e+01   -6.5229067622e-02   -7.9179952440e-02    1.9194267418e-01    5.0838303780e+01    3.0502982268e+01    3.0502982268e+01
    4.0016598696e+03    2.8071436176e+03   -3.9591457664e+04    8.6621781712e+01    8.6387082234e+01    8.5797419019e+01   -4.8789767845e-02   -3.9401099613e-01   -2.2835687293e-01    5.0838303780e+01    3.0502982268e+01    3.0502982268e+01
    4.0129701721e+03    2.8150777360e+03   -3.9604513619e+04    8.6234304115e+01    8.6783086956e+01    8.5672776952e+01   -4.2430990991e-03   -3.7996198684e-01   -1.9526954101e-01    5.0838303780e+01    3.0502982268e+01    3.0502982268e+01
    3.9877973262e+03    2.7974191153e+03   -3.9582744298e+04    8.6899302650e+01    8.6708440881e+01    8.5090955285e+01    7.0347950746e-02   -4.9367357974e-02    8.3165622265e-02    5.0838303780e+01    3.0502982268e+01    3.0502982268e+01
    4.0286232730e+03    2.8260583050e+03   -3.9612873767e+04    8.6574058408e+01    8.6433458018e+01    8.5892275905e+01   -1.5271382161e-02    4.2605766466e-02    2.2456951073e-02    5.0838303780e+01    3.0502982268e+01    3.0502982268e+01
    4.0126818025e+03    2.8148754463e+03   -3.9599399597e+04    8.5955382780e+01    8.6419191103e+01    8.6455674314e+01    4.6110327965e-01    1.7457994250e-01    3.8388461971e-01    5.0838303780e+01    3.0502982268e+01    3.0502982268e+01
    4.0372257330e+03    2.8320928861e+03   -3.9614785866e+04    8.6465101824e+01    8.5953981541e+01    8.6404081823e+01   -7.3232943013e-02   -1.9618799961e-03    2.2215113758e-01    5.0838303780e+01    3.0502982268e+01    3.0502982268e+01
    3.9326688595e+03    2.7587467823e+03   -3.9547194584e+04    8.6677366260e+01    8.6366745622e+01    8.6400804867e+01   -4.0669901494e-02   -2.5630147729e-01   -2.1898392839e-01    5.0838303780e+01    3.0502982268e+01    3.0502982268e+01
    4.0159727246e+03    2.8171840110e+03   -3.9606614153e+04    8.6741795383e+01    8.5265569162e+01    8.6257615762e+01    3.8963646675e-02   -1.1934568703e-01    1.4798230363e-01    5.0838303780e+01    3.0502982268e+01    3.0502982268e+01
    3.9889421737e+03    2.7982222199e+03   -3.9583891812e+04    8.7114761964e+01    8.6103413455e+01    8.6337914993e+01    1.3093075915e-01    3.0329288074e-02    1.3432574353e-01    5.0838303780e+01    3.0502982268e+01    3.0502982268e+01
    3.9953912457e+03    2.8027462104e+03   -3.9591692604e+04    8.6699043562e+01    8.6075040370e+01    8.6568523263e+01   -8.5379746607e-02   -9.1406941047e-02    1.5608738648e-01    5.0838303780e+01    3.0502982268e+01    3.0502982268e+01
    4.0459202421e+03    2.8381920390e+03   -3.9627414525e+04    8.6689235936e+01    8.5695218722e+01    8.5963715647e+01   -2.4834721495e-01    6.9645739680e-02   -1.6296167091e-01    5.0838303780e+01    3.0502982268e+01    3.0502982268e+01
    3.9816057995e+03    2.7930757915e+03   -3.9577324651e+04    8.6737371894e+01    8.6692524320e+01    8.6120491473e+01   -1.9458029975e-01   -2.5354460571e-01    5.2570088591e-02    5.0838303780e+01    3.0502982268e+01    3.0502982268e+01
    4.0314843670e+03    2.8280653476e+03   -3.9616243707e+04    8.6957899768e+01    8.6032076635e+01    8.5986962183e+01   -1.2957869273e-01    1.8725963134e-02   -4.5413385604e-03    5.0838303780e+01    3.0502982268e+01    3.0502982268e+01
    3.9543675565e+03    2.7739683055e+03   -3.9561869062e+04    8.6432356691e+01    8.6862919454e+01    8.6150250265e+01    4.9642275273e-02   -2.6295936486e-01    1.3050384122e-01    5.0838303780e+01    3.0502982268e+01    3.0502982268e+01
    3.9940768995e+03    2.8018242034e+03   -3.9589396872e+04    8.6764047420e+01    8.6227737132e+01    8.6228620938e+01    4.5929154575e-02   -1.3713440033e-01   -3.0483295334e-02    5.0838303780e+01    3.0502982268e+01    3.0502982268e+01
    4.0677268018e+03    2.8534892274e+03   -3.9635683200e+04    8.5558490510e+01    8.5586618528e+01    8.6418000203e+01   -5.7973509062e-02   -1.2271479498e-01   -5.8813561578e-02    5.0838303780e+01    3.0502982268e+01    3.0502982268e+01
    3.9561709472e+03    2.7752333747e+03   -3.9561294138e+04    8.6688351443e+01    8.6913153609e+01    8.6671607836e+01    1.0189061100e-01   -2.7325626659e-02   -1.7209842717e-01    5.0838303780e+01    3.0502982268e+01    3.0502982268e+01
    3.9935397323e+03    2.8014473834e+03   -3.9587475008e+04    8.6196766078e+01    8.6478127889e+01    8.6583027926e+01   -1.9800588718e-01   -5.6309304588e-02    1.7849001698e-01    5.0838303780e+01    3.0502982268e+01    3.0502982268e+01
    3.9768454538e+03    2.7897364337e+03   -3.9579902740e+04    8.6702156692e+01    8.5998247294e+01    8.6250368465e+01   -8.0096329407e-03   -1.7494206371e-02   -3.8556440705e-02    5.0838303780e+01    3.0502982268e+01    3.0502982268e+01
    3.9910481071e+03    2.7996995213e+03   -3.9585583741e+04    8.6055276534e+01    8.6224088636e+01    8.6514195595e+01   -2.6536678773e-01    2.9928869714e-02    7.2985620242e-02    5.0838303780e+01    3.0502982268e+01    3.0502982268e+01
    4.0538176102e+03    2.8437320017e+03   -3.9628581772e+04    8.6297786297e+01    8.6108870529e+01    8.5780983421e+01   -2.5625571641e-01    1.7269403260e-01   -8.5113498039e-02    5.0838303780e+01    3.0502982268e+01    3.0502982268e+01
    4.0097131316e+03    2.8127929390e+03   -3.9597212668e+04    8.5963757914e+01    8.6415282002e+01    8.6290459067e+01   -1.6881129439e-01   -2.3658078682e-01    3.2127259176e-02    5.0838303780e+01    3.0502982268e+01    3.0502982268e+01
    4.0553864253e+03    2.8448325174e+03   -3.9633563361e+04    8.5922255908e+01    8.5919901778e+01    8.6304739179e+01    2.3857096079e-01   -1.9768608290e-01   -2.5424822312e-01    5.0838303780e+01    3.0502982268e+01    3.0502982268e+01
    4.0228651450e+03    2.8220190082e+03   -3.9608412891e+04    8.6705732007e+01    8.6277841050e+01    8.5546277850e+01    2.3040196649e-01   -3.2954822728e-01   -1.5274476591e-01    5.0838303780e+01    3.0502982268e+01    3.0502982268e+01
    3.9958878847e+03    2.8030946002e+03   -3.9591032215e+04    8.6823805563e+01    8.5542333171e+01    8.6152201083e+01   -1.7963179600e-01   -2.0515507331e-01    1.3741535358e-02    5.0838303780e+01    3.0502982268e+01    3.0502982268e+01
    4.0289419143e+03    2.8262818302e+03   -3.9618098910e+04    8.6482849824e+01    8.5554427111e+01    8.6270921322e+01    2.9134465580e-01    1.3532908708e-01    2.9448640578e-02    5.0838303780e+01    3.0502982268e+01    3.0502982268e+01
    3.9893038029e+03    2.7984759009e+03   -3.9585404263e+04    8.6988083285e+01    8.5920184672e+01    8.6204316133e+01    5.0971424220e-02   -1.6784691029e-01    7.7353224548e-02    5.0838303780e+01    3.0502982268e+01    3.0502982268e+01
    4.0141209062e+03    2.8158849700e+03   -3.9599735565e+04    8.6865602874e+01    8.5906047609e+01    8.6298059224e+01   -1.6089086672e-01    1.5636235035e-02   -1.4170174932e-01    5.0838303780e+01    3.0502982268e+01    3.0502982268e+01
    4.0136796735e+03    2.8155754476e+03   -3.9604533460e+04    8.6545554774e+01    8.5674759251e+01    8.5901389165e+01   -1.4932939432e-01   -1.1588400902e-02   -2.4339036333e-01    5.0838303780e+01    3.0502982268e+01    3.0502982268e+01
    3.9815818989e+03    2.7930590254e+03   -3.9581109235e+04    8.6706114929e+01    8.5845185837e+01    8.6408421828e+01   -7.8815195614e-02   -2.4186063268e-01    7.8181352519e-02    5.0838303780e+01    3.0502982268e+01    3.0502982268e+01
    3.9875571869e+03    2.7972506589e+03   -3.9585560191e+04    8.6679728089e+01    8.6230352693e+01    8.6073651542e+01    1.0565082102e-01   -1.1152642201e-02    3.6497346176e-01    5.0838303780e+01    3.0502982268e+01    3.0502982268e+01
    3.9676558658e+03    2.7832899855e+03   -3.9573006978e+04    8.6851449445e+01    8.5940236173e+01    8.6346416769e+01    1.2629655434e-01   -8.2832382792e-02   -7.9834165167e-02    5.0838303780e+01    3.0502982268e+01    3.0502982268e+01
    4.0395234205e+03    2.8337047019e+03   -3.9622258102e+04    8.6149312755e+01    8.6011297185e+01    8.5798423883e+01    5.9635934761e-02    2.3464110273e-01   -2.5657769098e-01    5.0838303780e+01    3.0502982268e+01    3.0502982268e+01
    3.9791944222e+03    2.7913842229e+03   -3.9578793841e+04    8.6479907573e+01    8.6030745050e+01    8.6331917326e+01    1.0226644758e-01   -1.3140477288e-01   -2.0219743324e-01    5.0838303780e+01    3.0502982268e+01    3.0502982268e+01
    4.0580024750e+03    2.8466676627e+03   -3.9631922082e+04    8.6417744094e+01    8.5953947307e+01    8.5552382391e+01   -1.0529049894e-01    1.5831581357e-01    2.1716061916e-01    5.0838303780e+01    3.0502982268e+01    3.0502982268e+01
    4.0187590359e+03    2.8191385939e+03   -3.9605317747e+04    8.6928107351e+01    8.6220608620e+01    8.5410318807e+01    9.0105016846e-02    2.0592144290e-01    3.7402403556e-02    5.0838303780e+01    3.0502982268e+01    3.0502982268e+01
    4.0281654392e+03    2.8257371370e+03   -3.9609944839e+04    8.6600107116e+01    8.5773329611e+01    8.6022703665e+01    8.3843888576e-02    1.4347533819e-02   -2.6981240759e-01    5.0838303780e+01    3.0502982268e+01    3.0502982268e+01
    3.9543784747e+03    2.7739759646e+03   -3.9558134395e+04    8.6672190461e+01    8.6705142799e+01    8.6265330646e+01   -5.8037999042e-02   -8.1600108607e-02    1.9559875335e-01    5.0838303780e+01    3.0502982268e+01    3.0502982268e+01
    4.0435265703e+03    2.8365128907e+03   -3.9622913096e+04    8.6233961582e+01    8.6396040866e+01    8.6289282769e+01    1.0237019115e-01   -5.0873798568e-02    2.6842537264e-01    5.0838303780e+01    3.0502982268e+01    3.0502982268e+01
    3.9934758050e+03    2.8014025388e+03   -3.9588989619e+04    8.6487262132e+01    8.5918306554e+01    8.6466844813e+01   -7.2668122538e-05    2.1290290653e-01    2.2857451016e-01    5.0838303780e+01    3.0502982268e+01    3.0502982268e+01
    3.9947279101e+03    2.8022808840e+03   -3.9589873889e+04    8.6713805175e+01    8.6439725667e+01    8.6016895304e+01    3.5498636216e-01    1.7117826039e-01   -1.7458640774e-01    5.0838303780e+01    3.0502982268e+01    3.0502982268e+01
    4.0475096287e+03    2.8393069854e+03   -3.9625159781e+04    8.6532751214e+01    8.6215343641e+01    8.5606954267e+01    1.0703896963e-01    6.4075924110e-02   -2.9067798733e-02    5.0838303780e+01    3.0502982268e+01    3.0502982268e+01
    4.0055748995e+03    2.8098899907e+03   -3.9598435234e+04    8.6548093418e+01    8.6090027218e+01    8.6242558123e+01    6.7962915636e-02   -2.2136186030e-01    3.1561687430e-02    5.0838303780e+01    3.0502982268e+01    3.0502982268e+01
    3.9963171385e+03    2.8033957194e+03   -3.9589871924e+04    8.6245301336e+01    8.6060993986e+01    8.6812925253e+01    1.4445024976e-01   -1.2074586305e-01    3.6810259270e-01    5.0838303780e+01    3.0502982268e+01    3.0502982268e+01
    4.0323093270e+03    2.8286440528e+03   -3.9617659664e+04    8.5952983364e+01    8.6161736915e+01    8.5959700692e+01    3.3504650523e-01    3.3875450865e-02   -5.7457763818e-02    5.0838303780e+01    3.0502982268e+01    3.0502982268e+01
    3.9977375073e+03    2.8043921008e+03   -3.9590568843e+04    8.6672979934e+01    8.5990578371e+01    8.6407433536e+01   -1.0932388887e-01    2.7547350001e-01   -8.5818968783e-02    5.0838303780e+01    3.0502982268e+01    3.0502982268e+01
    4.0150862883e+03    2.8165621806e+03   -3.9603392686e+04    8.6697484108e+01    8.6146164701e+01    8.5797106753e+01   -9.9549733073e-02   -1.2285615940e-02    4.6733711775e-03    5.0838303780e+01    3.0502982268e+01    3.0502982268e+01
    3.9837580389e+03    2.7945855763e+03   -3.9582265936e+04    8.6480153656e+01    8.6677802462e+01    8.5964028541e+01   -2.2539864452e-01   -1.3492388697e-01    1.6590597094e-02    5.0838303780e+01    3.0502982268e+01    3.0502982268e+01
    3.9756120244e+03    2.7888711894e+03   -3.9576336244e+04    8.6927937096e+01    8.6757264369e+01    8.5834403721e+01    1.6536344888e-01    1.5013809665e-02    1.2023997310e-01    5.0838303780e+01    3.0502982268e+01    3.0502982268e+01
    4.0089808388e+03    2.8122792395e+03   -3.9602263697e+04    8.6427948982e+01    8.6614127702e+01    8.6175318602e+01    1.4172562064e-01    9.7697924681e-02   -1.5826353487e-01    5.0838303780e+01    3.0502982268e+01    3.0502982268e+01
    4.0459495973e+03    2.8382126316e+03   -3.9623922010e+04    8.6286665006e+01    8.6155282808e+01    8.5987557681e+01    1.0152369429e-01    4.4864020163e-02    2.5290099034e-01    5.0838303780e+01    3.0502982268e+01    3.0502982268e+01
    3.9586712514e+03    2.7769873251e+03   -3.9564066892e+04    8.7254639927e+01    8.5948002142e+01    8.5968564892e+01    2.1747337060e-01   -1.6910621900e-01    7.3142577715e-02    5.0838303780e+01    3.0502982268e+01    3.0502982268e+01
    4.0142609060e+03    2.8159831792e+03   -3.9602326140e+04    8.6329960163e+01    8.6496070690e+01    8.6137012720e+01   -1.7686445339e-01   -1.4029674688e-01   -8.0135686220e-02    5.0838303780e+01    3.0502982268e+01    3.0502982268e+01
    4.0387961517e+03    2.8331945266e+03   -3.9619009871e+04    8.6518289910e+01    8.6387893920e+01    8.5680544787e+01   -3.2402353429e-01    3.8870016745e-01    2.6092154228e-01    5.0838303780e+01    3.0502982268e+01    3.0502982268e+01
    4.0266728121e+03    2.8246900668e+03   -3.9615603328e+04    8.6271898805e+01    8.6520443810e+01    8.5966347545e+01    8.7121473676e-02   -1.3663397768e-01   -1.0308192435e-01    5.0838303780e+01    3.0502982268e+01    3.0502982268e+01
    3.9732849642e+03    2.7872387688e+03   -3.9577960032e+04    8.6865033109e+01    8.6212854352e+01    8.6762752490e+01    2.8854049779e-01    1.9777434677e-01   -2.2259185977e-02    5.0838303780e+01    3.0502982268e+01    3.0502982268e+01
    3.9997403439e+03    2.8057970803e+03   -3.9594522450e+04    8.6741446789e+01    8.6137838226e+01    8.5979635271e+01    2.1994181002e-02    1.4852950804e-01    4.1326748951e-02    5.0838303780e+01    3.0502982268e+01    3.0502982268e+01
    4.0521469427e+03    2.8425600371e+03   -3.9631694878e+04    8.6602660724e+01    8.5853073623e+01    8.5441233193e+01   -8.9552437792e-02    1.9326324022e-01    6.0320421180e-02    5.0838303780e+01    3.0502982268e+01    3.0502982268e+01
    4.0625816235e+03    2.8498799116e+03   -3.9639749032e+04    8.5729388512e+01    8.6302836954e+01    8.6031168631e+01   -4.3573692907e-02   -1.8127185175e-01   -1.4487473640e-01    5.0838303780e+01    3.0502982268e+01    3.0502982268e+01
    4.0323592638e+03    2.8286790831e+03   -3.9618522264e+04    8.6101284878e+01    8.6264234272e+01    8.5693992614e+01    2.5720964699e-01    4.0319344914e-02   -1.6718605758e-01    5.0838303780e+01    3.0502982268e+01    3.0502982268e+01
    3.9587553705e+03    2.7770463343e+03   -3.9561775149e+04    8.6614974317e+01    8.6424643451e+01    8.6600764606e+01   -3.6317126467e-02    2.3972626631e-01   -2.9502835513e-01    5.0838303780e+01    3.0502982268e+01    3.0502982268e+01
    3.9612369643e+03    2.7787871594e+03   -3.9566532925e+04    8.6677119375e+01    8.5889807225e+01    8.6499109070e+01   -6.8972908592e-02   -1.0906800436e-02   -9.2194233507e-02    5.0838303780e+01    3.0502982268e+01    3.0502982268e+01
    4.0387026963e+03    2.8331289682e+03   -3.9618458965e+04    8.6258880897e+01    8.5941724826e+01    8.6168386930e+01   -3.2349029298e-02    1.1225505765e-01   -3.0910207747e-01    5.0838303780e+01    3.0502982268e+01    3.0502982268e+01
    3.9893187432e+03    2.7984863815e+03   -3.9588555741e+04    8.6381555981e+01    8.6057516896e+01    8.6696355990e+01   -1.0966611632e-01    1.8627328759e-01    2.2636369513e-01    5.0838303780e+01    3.0502982268e+01    3.0502982268e+01
    3.9910483572e+03    2.7996996967e+03   -3.9589221216e+04    8.6396673683e+01    8.6019636024e+01    8.6522033366e+01   -3.2888038629e-02    1.5065305780e-01   -6.9992530065e-02    5.0838303780e+01    3.0502982268e+01    3.0502982268e+01
    3.9831389648e+03    2.7941512991e+03   -3.9581507762e+04    8.6441253539e+01    8.5821893666e+01    8.6470212653e+01    3.9700420713e-02   -1.8159704910e-02   -3.5255741124e-02    5.0838303780e+01    3.0502982268e+01    3.0502982268e+01
    3.9831389648e+03    2.7941512991e+03   -3.9581507762e+04    8.6441253539e+01    8.5821893666e+01    8.6470212653e+01    3.9700420713e-02   -1.8159704910e-02   -3.5255741124e-02    5.0838303780e+01    3.0502982268e+01    3.0502982268e+01
    3.9831389648e+03    2.7941512991e+03   -3.9581507762e+04    8.6441253539e+01    8.5821893666e+01    8.6470212653e+01    3.9700420713e-02   -1.8159704910e-02   -3.5255741124e-02    5.0838303780e+01    3.0502982268e+01    3.0502982268e+01
    3.9831389648e+03    2.7941512991e+03   -3.9581507762e+04    8.6441253539e+01    8.5821893666e+01    8.6470212653e+01    3.9700420713e-02   -1.8159704910e-02   -3.5255741124e-02    5.0838303780e+01    3.0502982268e+01    3.0502982268e+01
    3.9831389648e+03    2.7941512991e+03   -3.9581507762e+04    8.6441253539e+01    8.5821893666e+01    8.6470212653e+01    3.9700420713e-02   -1.8159704910e-02   -3.5255741124e-02    5.0838303780e+01    3.0502982268e+01    3.0502982268e+01
    3.9831389648e+03    2.7941512991e+03   -3.9581507762e+04    8.6441253539e+01    8.5821893666e+01    8.6470212653e+01    3.9700420713e-02   -1.8159704910e-02   -3.5255741124e-02    5.0838303780e+01    3.0502982268e+01    3.0502982268e+01
    3.9831389648e+03    2.7941512991e+03   -3.9581507762e+04    8.6441253539e+01    8.5821893666e+01    8.6470212653e+01    3.9700420713e-02   -1.8159704910e-02   -3.5255741124e-02    5.0838303780e+01    3.0502982268e+01    3.0502982268e+01
    3.9831389648e+03    2.7941512991e+03   -3.9581507762e+04    8.6441253539e+01    8.5821893666e+01    8.6470212653e+01    3.9700420713e-02   -1.8159704910e-02   -3.5255741124e-02    5.0838303780e+01    3.0502982268e+01    3.0502982268e+01
    3.9831389648e+03    2.7941512991e+03   -3.9581507762e+04    8.6441253539e+01    8.5821893666e+01    8.6470212653e+01    3.9700420713e-02   -1.8159704910e-02   -3.5255741124e-02    5.0838303780e+01    3.0502982268e+01    3.0502982268e+01
    3.9831389648e+03    2.7941512991e+03   -3.9581507762e+04    8.6441253539e+01    8.5821893666e+01    8.6470212653e+01    3.9700420713e-02   -1.8159704910e-02   -3.5255741124e-02    5.0838303780e+01    3.0502982268e+01    3.0502982268e+01
    3.9831389648e+03    2.7941512991e+03   -3.9581507762e+04    8.6441253539e+01    8.5821893666e+01    8.6470212653e+01    3.9700420713e-02   -1.8159704910e-02   -3.5255741124e-02    5.0838303780e+01    3.0502982268e+01    3.0502982268e+01
    3.9831389648e+03    2.7941512991e+03   -3.9581507762e+04    8.6441253539e+01    8.5821893666e+01    8.6470212653e+01    3.9700420713e-02   -1.8159704910e-02   -3.5255741124e-02    5.0838303780e+01    3.0502982268e+01    3.0502982268e+01
    3.9831389648e+03    2.7941512991e+03   -3.9581507762e+04    8.6441253539e+01    8.5821893666e+01    8.6470212653e+01    3.9700420713e-02   -1.8159704910e-02   -3.5255741124e-02    5.0838303780e+01    3.0502982268e+01    3.0502982268e+01
    3.9831389648e+03    2.7941512991e+03   -3.9581507762e+04    8.6441253539e+01    8.5821893666e+01    8.6470212653e+01    3.9700420713e-02   -1.8159704910e-02   -3.5255741124e-02    5.0838303780e+01    3.0502982268e+01    3.0502982268e+01
    3.9831389648e+03    2.7941512991e+03   -3.9581507762e+04    8.6441253539e+01    8.5821893666e+01    8.6470212653e+01    3.9700420713e-02   -1.8159704910e-02   -3.5255741124e-02    5.0838303780e+01    3.0502982268e+01    3.0502982268e+01
    3.9831389648e+03    2.7941512991e+03   -3.9581507762e+04    8.6441253539e+01    8.5821893666e+01    8.6470212653e+01    3.9700420713e-02   -1.8159704910e-02   -3.5255741124e-02    5.0838303780e+01    3.0502982268e+01    3.0502982268e+01
    3.9831389648e+03    2.7941512991e+03   -3.9581507762e+04    8.6441253539e+01    8.5821893666e+01    8.6470212653e+01    3.9700420713e-02   -1.8159704910e-02   -3.5255741124e-02    5.0838303780e+01    3.0502982268e+01    3.0502982268e+01
    3.9831389648e+03    2.7941512991e+03   -3.9581507762e+04    8.6441253539e+01    8.5821893666e+01    8.6470212653e+01    3.9700420713e-02   -1.8159704910e-02   -3.5255741124e-02    5.0838303780e+01    3.0502982268e+01    3.0502982268e+01
    3.9831389648e+03    2.7941512991e+03   -3.9581507762e+04    8.6441253539e+01    8.5821893666e+01    8.6470212653e+01    3.9700420713e-02   -1.8159704910e-02   -3.5255741124e-02    5.0838303780e+01    3.0502982268e+01    3.0502982268e+01
    3.9831389648e+03    2.7941512991e+03   -3.9581507762e+04    8.6441253539e+01    8.5821893666e+01    8.6470212653e+01    3.9700420713e-02   -1.8159704910e-02   -3.5255741124e-02    5.0838303780e+01    3.0502982268e+01    3.0502982268e+01
    3.9831389648e+03    2.7941512991e+03   -3.9581507762e+04    8.6441253539e+01    8.5821893666e+01    8.6470212653e+01    3.9700420713e-02   -1.8159704910e-02   -3.5255741124e-02    5.0838303780e+01    3.0502982268e+01    3.0502982268e+01
    3.9831389648e+03    2.7941512991e+03   -3.9581507762e+04    8.6441253539e+01    8.5821893666e+01    8.6470212653e+01    3.9700420713e-02   -1.8159704910e-02   -3.5255741124e-02    5.0838303780e+01    3.0502982268e+01    3.0502982268e+01
    3.9831389648e+03    2.7941512991e+03   -3.9581507762e+04    8.6441253539e+01    8.5821893666e+01    8.6470212653e+01    3.9700420713e-02   -1.8159704910e-02   -3.5255741124e-02    5.0838303780e+01    3.0502982268e+01    3.0502982268e+01
    3.9831389648e+03    2.7941512991e+03   -3.9581507762e+04    8.6441253539e+01    8.5821893666e+01    8.6470212653e+01    3.9700420713e-02   -1.8159704910e-02   -3.5255741124e-02    5.0838303780e+01    3.0502982268e+01    3.0502982268e+01
    3.9831389648e+03    2.7941512991e+03   -3.9581507762e+04    8.6441253539e+01    8.5821893666e+01    8.6470212653e+01    3.9700420713e-02   -1.8159704910e-02   -3.5255741124e-02    5.0838303780e+01    3.0502982268e+01    3.0502982268e+01
    3.9831389648e+03    2.7941512991e+03   -3.9581507762e+04    8.6441253539e+01    8.5821893666e+01    8.6470212653e+01    3.9700420713e-02   -1.8159704910e-02   -3.5255741124e-02    5.0838303780e+01    3.0502982268e+01    3.0502982268e+01
    3.9831389648e+03    2.7941512991e+03   -3.9581507762e+04    8.6441253539e+01    8.5821893666e+01    8.6470212653e+01    3.9700420713e-02   -1.8159704910e-02   -3.5255741124e-02    5.0838303780e+01    3.0502982268e+01    3.0502982268e+01
    3.9831389648e+03    2.7941512991e+03   -3.9581507762e+04    8.6441253539e+01    8.5821893666e+01    8.6470212653e+01    3.9700420713e-02   -1.8159704910e-02   -3.5255741124e-02    5.0838303780e+01    3.0502982268e+01    3.0502982268e+01
    3.9831389648e+03    2.7941512991e+03   -3.9581507762e+04    8.6441253539e+01    8.5821893666e+01    8.6470212653e+01    3.9700420713e-02   -1.8159704910e-02   -3.5255741124e-02    5.0838303780e+01    3.0502982268e+01    3.0502982268e+01
    3.9831389648e+03    2.7941512991e+03   -3.9581507762e+04    8.6441253539e+01    8.5821893666e+01    8.6470212653e+01    3.9700420713e-02   -1.8159704910e-02   -3.5255741124e-02    5.0838303780e+01    3.0502982268e+01    3.0502982268e+01
    3.9831389648e+03    2.7941512991e+03   -3.9581507762e+04    8.6441253539e+01    8.5821893666e+01    8.6470212653e+01    3.9700420713e-02   -1.8159704910e-02   -3.5255741124e-02    5.0838303780e+01    3.0502982268e+01    3.0502982268e+01
