    1.9914466948e+03    1.3969895146e+03   -3.8269424498e+04    1.3378420343e+02    1.3353652356e+02    1.3322887526e+02    6.3238681361e-02   -8.5043045125e-03   -1.3963735394e-01    4.9019112957e+01    2.9411467774e+01    2.9411467774e+01
    2.0268294826e+03    1.4218103565e+03   -3.8281075125e+04    1.3365449578e+02    1.3309035421e+02    1.3325228958e+02   -3.5444399665e-02    3.3485602215e-02    9.2636533105e-02    4.9019112957e+01    2.9411467774e+01    2.9411467774e+01
    2.0022102889e+03    1.4045401200e+03   -3.8265111228e+04    1.3385187040e+02    1.3346484764e+02    1.3323521900e+02    5.0291500334e-02    6.3747910609e-03   -2.5322989345e-03    4.9019112957e+01    2.9411467774e+01    2.9411467774e+01
    1.9921849908e+03    1.3975074254e+03   -3.8259277857e+04    1.3372299027e+02    1.3329728468e+02    1.3345754965e+02    3.8640265126e-02   -1.7014050584e-03    1.9720974305e-01    4.9019112957e+01    2.9411467774e+01    2.9411467774e+01
    1.9697349779e+03    1.3817588580e+03   -3.8243558865e+04    1.3370638663e+02    1.3387601131e+02    1.3366109147e+02    2.2766914673e-02    1.4186466899e-02    1.3225300331e-01    4.9019112957e+01    2.9411467774e+01    2.9411467774e+01
    2.0052738848e+03    1.4066892166e+03   -3.8269939318e+04    1.3347091256e+02    1.3374934954e+02    1.3339225221e+02    9.2359097401e-03    1.3556242432e-01    1.0726161536e-01    4.9019112957e+01    2.9411467774e+01    2.9411467774e+01
    2.0025678783e+03    1.4047909671e+03   -3.8266218664e+04    1.3345814507e+02    1.3296755145e+02    1.3370372302e+02   -6.4872109378e-03   -1.1542192218e-01   -1.5073305188e-01    4.9019112957e+01    2.9411467774e+01    2.9411467774e+01
    2.0080074698e+03    1.4086068123e+03   -3.8269686450e+04    1.3359817890e+02    1.3355919287e+02    1.3320881971e+02    1.3731719486e-02    9.7064192327e-02    1.0775474462e-01    4.9019112957e+01    2.9411467774e+01    2.9411467774e+01
    2.0032219309e+03    1.4052497816e+03   -3.8267807597e+04    1.3359770361e+02    1.3349660137e+02    1.3341545069e+02    3.4133429852e-01   -6.9747161745e-02    4.0708460327e-02    4.9019112957e+01    2.9411467774e+01    2.9411467774e+01
    1.9951430889e+03    1.3995825159e+03   -3.8259859545e+04    1.3376501000e+02    1.3326946520e+02    1.3323158292e+02   -4.1908937114e-02    3.9017969154e-02   -1.1126359272e-01    4.9019112957e+01    2.9411467774e+01    2.9411467774e+01
    2.0120084349e+03    1.4114134685e+03   -3.8272382120e+04    1.3374045672e+02    1.3332226334e+02    1.3338455252e+02    8.2996529637e-02   -2.2655761332e-01   -2.4329537420e-01    4.9019112957e+01    2.9411467774e+01    2.9411467774e+01
    2.0008796812e+03    1.4036067056e+03   -3.8265693203e+04    1.3359283983e+02    1.3354963398e+02    1.3301976279e+02   -1.0451836105e-01    6.5464356617e-02   -9.1966520956e-03    4.9019112957e+01    2.9411467774e+01    2.9411467774e+01
    2.0046989096e+03    1.4062858745e+03   -3.8267638189e+04    1.3413448079e+02    1.3310982968e+02    1.3334095555e+02   -2.6037235607e-01    8.5988509702e-02    1.5282312058e-01    4.9019112957e+01    2.9411467774e+01    2.9411467774e+01
    2.0323748428e+03    1.4257003979e+03   -3.8286752777e+04    1.3354998444e+02    1.3340210251e+02    1.3290904929e+02    1.9115706087e-01    8.2542760346e-02   -3.8698175679e-02    4.9019112957e+01    2.9411467774e+01    2.9411467774e+01
    2.0119556858e+03    1.4113764654e+03   -3.8273418523e+04    1.3365482778e+02    1.3338617265e+02    1.3319427839e+02   -1.4366591416e-01    7.4791118320e-02    1.5528552633e-01    4.9019112957e+01    2.9411467774e+01    2.9411467774e+01
    2.0171034957e+03    1.4149876272e+03   -3.8275577925e+04    1.3334683178e+02    1.3355239368e+02    1.3316520591e+02   -1.9264407697e-01   -1.4593799840e-01    1.2549390953e-01    4.9019112957e+01    2.9411467774e+01    2.9411467774e+01
    2.0115622514e+03    1.4111004732e+03   -3.8271742641e+04    1.3367613861e+02    1.3346294803e+02    1.3341224147e+02    7.6366276926e-02   -1.5191377604e-01    1.5764028750e-01    4.9019112957e+01    2.9411467774e+01    2.9411467774e+01
    1.9812916408e+03    1.3898657970e+03   -3.8250669179e+04    1.3358854239e+02    1.3381365046e+02    1.3337887587e+02   -6.1820968380e-02   -6.5364152370e-02    1.4825821309e-01    4.9019112957e+01    2.9411467774e+01    2.9411467774e+01
    2.0102732894e+03    1.4101962730e+03   -3.8272292449e+04    1.3386526031e+02    1.3322809983e+02    1.3305626148e+02    1.4020738977e-01    1.1345177337e-01   -1.1024926056e-01    4.9019112957e+01    2.9411467774e+01    2.9411467774e+01
    2.0196293051e+03    1.4167594694e+03   -3.8278180732e+04    1.3346177740e+02    1.3345926383e+02    1.3337876433e+02   -1.0529571704e-01   -7.8705976103e-02   -9.0637600169e-02    4.9019112957e+01    2.9411467774e+01    2.9411467774e+01
    1.9988072696e+03    1.4021529197e+03   -3.8260518310e+04    1.3355461926e+02    1.3293494419e+02    1.3396487353e+02   -2.4447510240e-01   -7.5140560616e-02   -2.7013547518e-02    4.9019112957e+01    2.9411467774e+01    2.9411467774e+01
    2.0100811201e+03    1.4100614672e+03   -3.8271931368e+04    1.3374354327e+02    1.3320291050e+02    1.3341420550e+02    1.3084880897e-01    2.8893836563e-02   -1.2885640535e-02    4.9019112957e+01    2.9411467774e+01    2.9411467774e+01
    2.0177335006e+03    1.4154295724e+03   -3.8276610941e+04    1.3347001570e+02    1.3345614468e+02    1.3341129335e+02    8.7442035609e-02   -7.9771008252e-02    1.9619646432e-02    4.9019112957e+01    2.9411467774e+01    2.9411467774e+01
    1.9875962463e+03    1.3942884450e+03   -3.8256441897e+04    1.3377173463e+02    1.3330853277e+02    1.3351986500e+02   -5.4243320472e-02    2.3257946854e-01   -2.4014434866e-01    4.9019112957e+01    2.9411467774e+01    2.9411467774e+01
    2.0092063201e+03    1.4094477995e+03   -3.8267503694e+04    1.3360062229e+02    1.3313716458e+02    1.3392107919e+02   -1.8810554578e-01   -1.2497893641e-02   -2.6905159448e-03    4.9019112957e+01    2.9411467774e+01    2.9411467774e+01
    1.9973954744e+03    1.4011625527e+03   -3.8262016330e+04    1.3373934395e+02    1.3349782605e+02    1.3330401741e+02    7.2524298631e-02   -2.7130251090e-01   -4.9382153928e-02    4.9019112957e+01    2.9411467774e+01    2.9411467774e+01
    1.9981832023e+03    1.4017151397e+03   -3.8262562471e+04    1.3403283115e+02    1.3357386805e+02    1.3309712429e+02    1.6591549831e-01    1.1837928220e-01    7.8180880180e-02    4.9019112957e+01    2.9411467774e+01    2.9411467774e+01
    1.9998069532e+03    1.4028541925e+03   -3.8263976258e+04    1.3361180193e+02    1.3361085145e+02    1.3315185178e+02    4.0737222881e-02   -1.0280020764e-03    2.1286861590e-02    4.9019112957e+01    2.9411467774e+01    2.9411467774e+01
    2.0206989545e+03    1.4175098229e+03   -3.8279552711e+04    1.3334207972e+02    1.3344620529e+02    1.3336829621e+02    1.7473937348e-01   -1.0789332250e-01    1.0361068725e-01    4.9019112957e+01    2.9411467774e+01    2.9411467774e+01
    1.9944807319e+03    1.3991178759e+03   -3.8259546920e+04    1.3375465735e+02    1.3348681937e+02    1.3348936627e+02   -4.6534928636e-02    2.1246478610e-01   -5.0894630029e-02    4.9019112957e+01    2.9411467774e+01    2.9411467774e+01
    1.9848393822e+03    1.3923545192e+03   -3.8253634407e+04    1.3383702061e+02    1.3329510599e+02    1.3347624729e+02    9.3568082997e-02    5.9986761587e-02   -7.1311935985e-02    4.9019112957e+01    2.9411467774e+01    2.9411467774e+01
    1.9936419930e+03    1.3985295049e+03   -3.8260694335e+04    1.3353058838e+02    1.3355783976e+02    1.3299208023e+02   -1.2487432168e-01    2.6741081862e-02    2.3708564529e-01    4.9019112957e+01    2.9411467774e+01    2.9411467774e+01
    2.0189908906e+03    1.4163116250e+03   -3.8277238473e+04    1.3341444179e+02    1.3350930906e+02    1.3330103794e+02    2.0210458714e-01   -2.1752488685e-02    3.9604062334e-02    4.9019112957e+01    2.9411467774e+01    2.9411467774e+01
    1.9904603267e+03    1.3962975826e+03   -3.8255753511e+04    1.3357079684e+02    1.3341644716e+02    1.3341742253e+02    2.7529662760e-01   -1.2321143981e-01   -8.5052551048e-02    4.9019112957e+01    2.9411467774e+01    2.9411467774e+01
    2.0326643228e+03    1.4259034666e+03   -3.8284651992e+04    1.3365423403e+02    1.3304260766e+02    1.3335358027e+02   -6.9121057281e-02   -2.6861511838e-02    2.5683850360e-02    4.9019112957e+01    2.9411467774e+01    2.9411467774e+01
    1.9903617459e+03    1.3962284287e+03   -3.8256987368e+04    1.3391558857e+02    1.3345057855e+02    1.3336208004e+02    8.7488129142e-02    2.3285717230e-02   -1.4473622785e-01    4.9019112957e+01    2.9411467774e+01    2.9411467774e+01
    1.9995182549e+03    1.4026516722e+03   -3.8263243926e+04    1.3424399912e+02    1.3331186980e+02    1.3288864399e+02   -5.3535701077e-02    6.6385124180e-02   -6.7249145649e-03    4.9019112957e+01    2.9411467774e+01    2.9411467774e+01
    2.0130128665e+03    1.4121180721e+03   -3.8274444929e+04    1.3358429540e+02    1.3368449030e+02    1.3289998064e+02   -2.5536542192e-01    2.4593947900e-02   -2.1616657311e-01    4.9019112957e+01    2.9411467774e+01    2.9411467774e+01
    1.9939780869e+03    1.3987652731e+03   -3.8260967822e+04    1.3395437497e+02    1.3342871403e+02    1.3312585994e+02    1.9572383504e-01   -6.1135807161e-02   -8.1126488946e-02    4.9019112957e+01    2.9411467774e+01    2.9411467774e+01
    2.0075132172e+03    1.4082600967e+03   -3.8269059806e+04    1.3367572248e+02    1.3352131054e+02    1.3335096460e+02    8.0993527823e-02   -2.1400896946e-01    9.5924540929e-02    4.9019112957e+01    2.9411467774e+01    2.9411467774e+01
    1.9899276238e+03    1.3959238943e+03   -3.8258425528e+04    1.3372836928e+02    1.3368937489e+02    1.3338984813e+02    1.0046093926e-01   -1.4218988495e-01   -2.9255151942e-01    4.9019112957e+01    2.9411467774e+01    2.9411467774e+01
    2.0174037723e+03    1.4151982697e+03   -3.8276616126e+04    1.3367055151e+02    1.3326052286e+02    1.3349415647e+02   -1.8101527723e-01   -1.1259663352e-01    5.2694260662e-02    4.9019112957e+01    2.9411467774e+01    2.9411467774e+01
    2.0143714122e+03    1.4130710849e+03   -3.8273694003e+04    1.3344746125e+02    1.3355383790e+02    1.3327612016e+02   -1.0571340978e-01    1.5800457608e-01    2.2024082194e-02    4.9019112957e+01    2.9411467774e+01    2.9411467774e+01
    1.9777256214e+03    1.3873642529e+03   -3.8247818962e+04    1.3395982661e+02    1.3335733030e+02    1.3336926191e+02    5.0883664232e-02    1.7731380033e-01   -4.0356964553e-02    4.9019112957e+01    2.9411467774e+01    2.9411467774e+01
    1.9703602828e+03    1.3821975062e+03   -3.8242876709e+04    1.3376590766e+02    1.3384603473e+02    1.3331638284e+02    1.6476691848e-01   -6.9990325479e-02    3.0524288704e-01    4.9019112957e+01    2.9411467774e+01    2.9411467774e+01
    2.0049134664e+03    1.4064363850e+03   -3.8267168407e+04    1.3361630033e+02    1.3307006045e+02    1.3372504494e+02   -1.3741253453e-01    1.5697143595e-02   -1.2950588949e-02    4.9019112957e+01    2.9411467774e+01    2.9411467774e+01
    1.9963910447e+03    1.4004579504e+03   -3.8261201484e+04    1.3362686527e+02    1.3340379899e+02    1.3333848150e+02    3.0658673342e-02   -1.1234667534e-01   -2.6850190665e-01    4.9019112957e+01    2.9411467774e+01    2.9411467774e+01
    2.0089854480e+03    1.4092928589e+03   -3.8269330420e+04    1.3325149401e+02    1.3346042724e+02    1.3342389524e+02   -2.8294449214e-01    1.8681660238e-01   -1.7104488060e-01    4.9019112957e+01    2.9411467774e+01    2.9411467774e+01
    1.9990729036e+03    1.4023392605e+03   -3.8263524957e+04    1.3379413351e+02    1.3320588307e+02    1.3336366379e+02   -1.3269930446e-01    2.2163757095e-01    1.0791637052e-01    4.9019112957e+01    2.9411467774e+01    2.9411467774e+01
    2.0408885729e+03    1.4316727354e+03   -3.8294508396e+04    1.3349858928e+02    1.3305030772e+02    1.3316217275e+02   -1.1420248435e-01   -9.7154779633e-02   -5.9377939668e-02    4.9019112957e+01    2.9411467774e+01    2.9411467774e+01
    2.0110659469e+03    1.4107523181e+03   -3.8271823671e+04    1.3372242629e+02    1.3328313094e+02    1.3352590279e+02    5.7933813400e-02    8.1172604870e-02    2.3342643639e-01    4.9019112957e+01    2.9411467774e+01    2.9411467774e+01
    2.0067098472e+03    1.4076965368e+03   -3.8268448198e+04    1.3313654967e+02    1.3354293569e+02    1.3356976837e+02   -2.8037110642e-02    6.5638123200e-02   -1.1331797111e-01    4.9019112957e+01    2.9411467774e+01    2.9411467774e+01
    1.9850343798e+03    1.3924913090e+03   -3.8252459149e+04    1.3377832598e+02    1.3343913411e+02    1.3327220636e+02    1.0643192368e-01   -1.3819931861e-01    1.0045280180e-01    4.9019112957e+01    2.9411467774e+01    2.9411467774e+01
    1.9782392730e+03    1.3877245769e+03   -3.8249391745e+04    1.3339859805e+02    1.3349822868e+02    1.3373531567e+02   -1.8432631359e-01    9.8630190707e-02    2.0576855607e-01    4.9019112957e+01    2.9411467774e+01    2.9411467774e+01
    1.9839834311e+03    1.3917540739e+03   -3.8255155998e+04    1.3394268802e+02    1.3321161534e+02    1.3354707449e+02   -1.4381423437e-01    1.3166846308e-03   -4.7890261600e-02    4.9019112957e+01    2.9411467774e+01    2.9411467774e+01
    2.0056055675e+03    1.4069218903e+03   -3.8268310329e+04    1.3342339149e+02    1.3358447185e+02    1.3341608141e+02   -2.2328667877e-01    1.3345213994e-01   -2.3049485386e-01    4.9019112957e+01    2.9411467774e+01    2.9411467774e+01
    2.0080822857e+03    1.4086592953e+03   -3.8267720206e+04    1.3309894002e+02    1.3341018884e+02    1.3383610185e+02   -9.2936470246e-02   -1.1152180638e-01    1.0546358380e-01    4.9019112957e+01    2.9411467774e+01    2.9411467774e+01
    2.0133663151e+03    1.4123660145e+03   -3.8275458487e+04    1.3345324593e+02    1.3381627528e+02    1.3333735351e+02    1.0110895460e-01    1.0569880837e-02    6.5773285012e-02    4.9019112957e+01    2.9411467774e+01    2.9411467774e+01
    1.9662527109e+03    1.3793160658e+03   -3.8240394928e+04    1.3374107682e+02    1.3356135354e+02    1.3377143868e+02    1.3991633765e-01   -3.1499545620e-02    5.2372734136e-02    4.9019112957e+01    2.9411467774e+01    2.9411467774e+01
    1.9908010999e+03    1.3965366332e+03   -3.8258954397e+04    1.3377210830e+02    1.3352981243e+02    1.3333231780e+02    1.4175194884e-01   -5.0347652409e-02   -2.4815605453e-02    4.9019112957e+01    2.9411467774e+01    2.9411467774e+01
    1.9905097471e+03    1.3963322507e+03   -3.8257500652e+04    1.3371110638e+02    1.3321383231e+02    1.3337235938e+02    5.2132887065e-03   -2.4125772518e-02    4.3260012442e-02    4.9019112957e+01    2.9411467774e+01    2.9411467774e+01
    1.9910858416e+03    1.3967363780e+03   -3.8256430905e+04    1.3378896953e+02    1.3330029358e+02    1.3368225221e+02   -1.4728845982e-01   -4.1327591179e-02   -1.6431582356e-02    4.9019112957e+01    2.9411467774e+01    2.9411467774e+01
    2.0112086814e+03    1.4108524456e+03   -3.8272437254e+04    1.3400657323e+02    1.3328590155e+02    1.3328779504e+02    1.0956133511e-01   -6.7705867297e-02   -1.9969118882e-01    4.9019112957e+01    2.9411467774e+01    2.9411467774e+01
    1.9770221719e+03    1.3868707867e+03   -3.8247039595e+04    1.3362164320e+02    1.3318912440e+02    1.3362733178e+02   -1.0563048022e-01   -1.1014878788e-01    3.6189534660e-02    4.9019112957e+01    2.9411467774e+01    2.9411467774e+01
    1.9681307149e+03    1.3806334759e+03   -3.8241231816e+04    1.3384038465e+02    1.3338010320e+02    1.3350219937e+02    1.6355315845e-01   -2.7502055623e-02   -3.4666326763e-02    4.9019112957e+01    2.9411467774e+01    2.9411467774e+01
    1.9898291411e+03    1.3958548091e+03   -3.8258250257e+04    1.3362408034e+02    1.3343012859e+02    1.3326768065e+02    1.8288623846e-01   -8.0089754572e-02   -2.1030923045e-01    4.9019112957e+01    2.9411467774e+01    2.9411467774e+01
    1.9920436808e+03    1.3974082972e+03   -3.8259263910e+04    1.3339492434e+02    1.3365671546e+02    1.3355418586e+02    3.5358037628e-01    3.2932282715e-02    6.3000049795e-02    4.9019112957e+01    2.9411467774e+01    2.9411467774e+01
    2.0002803636e+03    1.4031862874e+03   -3.8264508336e+04    1.3389092460e+02    1.3363853263e+02    1.3309778034e+02    2.6784176846e-02    1.0441814510e-01   -1.8485174420e-01    4.9019112957e+01    2.9411467774e+01    2.9411467774e+01
    1.9762343762e+03    1.3863181521e+03   -3.8246516633e+04    1.3343410259e+02    1.3377802123e+02    1.3371511411e+02    3.3519211634e-02   -6.6681014803e-02    1.1249173669e-01    4.9019112957e+01    2.9411467774e+01    2.9411467774e+01
    2.0066579032e+03    1.4076600983e+03   -3.8268473850e+04    1.3407195319e+02    1.3306502380e+02    1.3337415843e+02   -6.1900183998e-02   -2.2165653424e-01    4.0456146106e-02    4.9019112957e+01    2.9411467774e+01    2.9411467774e+01
    1.9931968240e+03    1.3982172212e+03   -3.8258285218e+04    1.3381299277e+02    1.3341433235e+02    1.3326424496e+02   -1.7332920698e-02    6.6662187646e-02    1.7956482740e-01    4.9019112957e+01    2.9411467774e+01    2.9411467774e+01
    2.0137295932e+03    1.4126208522e+03   -3.8272822629e+04    1.3358241396e+02    1.3328892658e+02    1.3356697408e+02   -1.2827989977e-01    4.9366067689e-02    1.7800115474e-02    4.9019112957e+01    2.9411467774e+01    2.9411467774e+01
    2.0050602497e+03    1.4065393527e+03   -3.8268926212e+04    1.3316192705e+02    1.3345228321e+02    1.3354373750e+02   -9.9077457520e-02    2.1874346944e-02   -1.1731331498e-01    4.9019112957e+01    2.9411467774e+01    2.9411467774e+01
    1.9830154157e+03    1.3910750161e+03   -3.8251474077e+04    1.3343754386e+02    1.3386047430e+02    1.3349117414e+02   -1.0700466434e-01    2.0618256538e-01    1.9399646320e-01    4.9019112957e+01    2.9411467774e+01    2.9411467774e+01
    1.9941811826e+03    1.3989077437e+03   -3.8261568023e+04    1.3377980189e+02    1.3332567899e+02    1.3339130921e+02    2.1121693294e-01   -3.8506204159e-02   -2.3021561044e-01    4.9019112957e+01    2.9411467774e+01    2.9411467774e+01
    1.9818654151e+03    1.3902682967e+03   -3.8251076100e+04    1.3393891046e+02    1.3346217251e+02    1.3374040986e+02    1.2006972111e-02   -1.1846854744e-02   -3.9794835490e-02    4.9019112957e+01    2.9411467774e+01    2.9411467774e+01
    2.0220582329e+03    1.4184633497e+03   -3.8279490691e+04    1.3374916038e+02    1.3337393017e+02    1.3314788855e+02    4.9927458577e-02   -2.6432214721e-04   -1.2814011804e-01    4.9019112957e+01    2.9411467774e+01    2.9411467774e+01
    1.9824392309e+03    1.3906708255e+03   -3.8250926281e+04    1.3343048297e+02    1.3355116722e+02    1.3382165611e+02    9.9083333094e-02   -4.7653323908e-02   -2.0052333804e-01    4.9019112957e+01    2.9411467774e+01    2.9411467774e+01
    1.9942893168e+03    1.3989835992e+03   -3.8259792500e+04    1.3389714960e+02    1.3354158554e+02    1.3342238213e+02   -1.1593099838e-01    2.0712121737e-02    8.5240664556e-03    4.9019112957e+01    2.9411467774e+01    2.9411467774e+01
    1.9928296138e+03    1.3979596251e+03   -3.8260103693e+04    1.3326322485e+02    1.3357907498e+02    1.3373623681e+02    1.4095293291e-01   -1.8180286528e-02   -1.2866986663e-01    4.9019112957e+01    2.9411467774e+01    2.9411467774e+01
    1.9934682943e+03    1.3984076562e+03   -3.8259517900e+04    1.3361004663e+02    1.3317252608e+02    1.3352515555e+02   -1.0748483246e-01   -7.5343189617e-02    7.5382819964e-02    4.9019112957e+01    2.9411467774e+01    2.9411467774e+01
    1.9849512629e+03    1.3924330029e+03   -3.8253327021e+04    1.3384355127e+02    1.3341787052e+02    1.3354543828e+02   -1.2257841592e-01    2.8971061330e-01   -1.7588289996e-01    4.9019112957e+01    2.9411467774e+01    2.9411467774e+01
    1.9902040977e+03    1.3961178392e+03   -3.8257755782e+04    1.3370350591e+02    1.3349944752e+02    1.3319317854e+02   -1.9867844540e-01   -8.1806135345e-02    3.6109135364e-02    4.9019112957e+01    2.9411467774e+01    2.9411467774e+01
    2.0292365345e+03    1.4234988909e+03   -3.8284574914e+04    1.3342288416e+02    1.3331130117e+02    1.3302197919e+02   -8.8803440361e-02   -1.2183902175e-01   -9.7780157180e-02    4.9019112957e+01    2.9411467774e+01    2.9411467774e+01
    2.0541569781e+03    1.4409804527e+03   -3.8302825304e+04    1.3319937057e+02    1.3325290457e+02    1.3344978935e+02   -3.7970005552e-02    1.5565238800e-02   -4.1072961265e-02    4.9019112957e+01    2.9411467774e+01    2.9411467774e+01
    1.9758954639e+03    1.3860804070e+03   -3.8246440560e+04    1.3403446760e+02    1.3363630452e+02    1.3332192668e+02    1.5702035261e-02   -2.5874461179e-01    1.1596634296e-01    4.9019112957e+01    2.9411467774e+01    2.9411467774e+01
    2.0364960644e+03    1.4285914135e+03   -3.8288275636e+04    1.3345364040e+02    1.3341054067e+02    1.3314695752e+02   -5.9143480894e-02   -1.1783669112e-01    1.3189939981e-01    4.9019112957e+01    2.9411467774e+01    2.9411467774e+01
    1.9681193226e+03    1.3806254842e+03   -3.8242808575e+04    1.3373703409e+02    1.3347773383e+02    1.3354062789e+02    5.1433447479e-02    9.4277279153e-02    2.6911794404e-02    4.9019112957e+01    2.9411467774e+01    2.9411467774e+01
    2.0135834982e+03    1.4125183672e+03   -3.8274088330e+04    1.3348106535e+02    1.3326764742e+02    1.3379400729e+02   -3.8075225957e-02   -1.6582663041e-01   -2.5952337129e-01    4.9019112957e+01    2.9411467774e+01    2.9411467774e+01
    2.0171376976e+03    1.4150116197e+03   -3.8277657183e+04    1.3358364416e+02    1.3320506284e+02    1.3346556002e+02   -7.1974280428e-02   -1.8537275706e-01   -1.0534611241e-01    4.9019112957e+01    2.9411467774e+01    2.9411467774e+01
    1.9715982264e+03    1.3830659171e+03   -3.8243081489e+04    1.3382454459e+02    1.3362336448e+02    1.3360929809e+02   -4.3037589244e-02   -1.8031500248e-01   -1.1362615797e-01    4.9019112957e+01    2.9411467774e+01    2.9411467774e+01
    1.9916241764e+03    1.3971140171e+03   -3.8257887112e+04    1.3369668755e+02    1.3317879168e+02    1.3364230676e+02    1.4441306172e-01    4.9235141364e-02   -2.6953970999e-02    4.9019112957e+01    2.9411467774e+01    2.9411467774e+01
    2.0203569848e+03    1.4172699329e+03   -3.8278368207e+04    1.3386287850e+02    1.3336502146e+02    1.3298770335e+02   -1.9228817315e-01   -3.3051035413e-03    2.5675178924e-02    4.9019112957e+01    2.9411467774e+01    2.9411467774e+01
    1.9919895504e+03    1.3973703251e+03   -3.8256794794e+04    1.3338787932e+02    1.3336803725e+02    1.3329918085e+02    1.5380512569e-01    2.1568076292e-01   -1.6089918380e-01    4.9019112957e+01    2.9411467774e+01    2.9411467774e+01
    2.0170397520e+03    1.4149429114e+03   -3.8276087945e+04    1.3324961694e+02    1.3335255482e+02    1.3339943775e+02   -5.8339709056e-02   -1.2910985582e-01    2.1896170750e-01    4.9019112957e+01    2.9411467774e+01    2.9411467774e+01
    2.0040722193e+03    1.4058462545e+03   -3.8267195613e+04    1.3359701799e+02    1.3313899201e+02    1.3355718993e+02    2.2100459197e-01   -3.5042534332e-02   -1.3674723614e-01    4.9019112957e+01    2.9411467774e+01    2.9411467774e+01
    2.0042767485e+03    1.4059897307e+03   -3.8266760600e+04    1.3416338556e+02    1.3306821152e+02    1.3346245229e+02   -1.8447695580e-01    2.5409188701e-01    8.0656260757e-02    4.9019112957e+01    2.9411467774e+01    2.9411467774e+01
    2.0079003137e+03    1.4085316429e+03   -3.8269603681e+04    1.3390225500e+02    1.3362260917e+02    1.3318345333e+02   -2.5306884043e-02   -4.4657359310e-02    1.2821904421e-02    4.9019112957e+01    2.9411467774e+01    2.9411467774e+01
    2.0061150367e+03    1.4072792803e+03   -3.8267956903e+04    1.3337878241e+02    1.3379194880e+02    1.3322809941e+02    1.2755877498e-01    1.5619424057e-01   -8.3192260534e-02    4.9019112957e+01    2.9411467774e+01    2.9411467774e+01
    1.9873892342e+03    1.3941432271e+03   -3.8255068007e+04    1.3355481147e+02    1.3329961870e+02    1.3419980643e+02   -7.4043545717e-02   -1.8064889856e-02   -4.9582585093e-02    4.9019112957e+01    2.9411467774e+01    2.9411467774e+01
    1.9873892342e+03    1.3941432271e+03   -3.8255068007e+04    1.3355481147e+02    1.3329961870e+02    1.3419980643e+02   -7.4043545717e-02   -1.8064889856e-02   -4.9582585093e-02    4.9019112957e+01    2.9411467774e+01    2.9411467774e+01
    1.9873892342e+03    1.3941432271e+03   -3.8255068007e+04    1.3355481147e+02    1.3329961870e+02    1.3419980643e+02   -7.4043545717e-02   -1.8064889856e-02   -4.9582585093e-02    4.9019112957e+01    2.9411467774e+01    2.9411467774e+01
    1.9873892342e+03    1.3941432271e+03   -3.8255068007e+04    1.3355481147e+02    1.3329961870e+02    1.3419980643e+02   -7.4043545717e-02   -1.8064889856e-02   -4.9582585093e-02    4.9019112957e+01    2.9411467774e+01    2.9411467774e+01
    1.9873892342e+03    1.3941432271e+03   -3.8255068007e+04    1.3355481147e+02    1.3329961870e+02    1.3419980643e+02   -7.4043545717e-02   -1.8064889856e-02   -4.9582585093e-02    4.9019112957e+01    2.9411467774e+01    2.9411467774e+01
    1.9873892342e+03    1.3941432271e+03   -3.8255068007e+04    1.3355481147e+02    1.3329961870e+02    1.3419980643e+02   -7.4043545717e-02   -1.8064889856e-02   -4.9582585093e-02    4.9019112957e+01    2.9411467774e+01    2.9411467774e+01
    1.9873892342e+03    1.3941432271e+03   -3.8255068007e+04    1.3355481147e+02    1.3329961870e+02    1.3419980643e+02   -7.4043545717e-02   -1.8064889856e-02   -4.9582585093e-02    4.9019112957e+01    2.9411467774e+01    2.9411467774e+01
    1.9873892342e+03    1.3941432271e+03   -3.8255068007e+04    1.3355481147e+02    1.3329961870e+02    1.3419980643e+02   -7.4043545717e-02   -1.8064889856e-02   -4.9582585093e-02    4.9019112957e+01    2.9411467774e+01    2.9411467774e+01
    1.9873892342e+03    1.3941432271e+03   -3.8255068007e+04    1.3355481147e+02    1.3329961870e+02    1.3419980643e+02   -7.4043545717e-02   -1.8064889856e-02   -4.9582585093e-02    4.9019112957e+01    2.9411467774e+01    2.9411467774e+01
    1.9873892342e+03    1.3941432271e+03   -3.8255068007e+04    1.3355481147e+02    1.3329961870e+02    1.3419980643e+02   -7.4043545717e-02   -1.8064889856e-02   -4.9582585093e-02    4.9019112957e+01    2.9411467774e+01    2.9411467774e+01
    1.9873892342e+03    1.3941432271e+03   -3.8255068007e+04    1.3355481147e+02    1.3329961870e+02    1.3419980643e+02   -7.4043545717e-02   -1.8064889856e-02   -4.9582585093e-02    4.9019112957e+01    2.9411467774e+01    2.9411467774e+01
    1.9873892342e+03    1.3941432271e+03   -3.8255068007e+04    1.3355481147e+02    1.3329961870e+02    1.3419980643e+02   -7.4043545717e-02   -1.8064889856e-02   -4.9582585093e-02    4.9019112957e+01    2.9411467774e+01    2.9411467774e+01
    1.9873892342e+03    1.3941432271e+03   -3.8255068007e+04    1.3355481147e+02    1.3329961870e+02    1.3419980643e+02   -7.4043545717e-02   -1.8064889856e-02   -4.9582585093e-02    4.9019112957e+01    2.9411467774e+01    2.9411467774e+01
    1.9873892342e+03    1.3941432271e+03   -3.8255068007e+04    1.3355481147e+02    1.3329961870e+02    1.3419980643e+02   -7.4043545717e-02   -1.8064889856e-02   -4.9582585093e-02    4.9019112957e+01    2.9411467774e+01    2.9411467774e+01
    1.9873892342e+03    1.3941432271e+03   -3.8255068007e+04    1.3355481147e+02    1.3329961870e+02    1.3419980643e+02   -7.4043545717e-02   -1.8064889856e-02   -4.9582585093e-02    4.9019112957e+01    2.9411467774e+01    2.9411467774e+01
    1.9873892342e+03    1.3941432271e+03   -3.8255068007e+04    1.3355481147e+02    1.3329961870e+02    1.3419980643e+02   -7.4043545717e-02   -1.8064889856e-02   -4.9582585093e-02    4.9019112957e+01    2.9411467774e+01    2.9411467774e+01
    1.9873892342e+03    1.3941432271e+03   -3.8255068007e+04    1.3355481147e+02    1.3329961870e+02    1.3419980643e+02   -7.4043545717e-02   -1.8064889856e-02   -4.9582585093e-02    4.9019112957e+01    2.9411467774e+01    2.9411467774e+01
    1.9873892342e+03    1.3941432271e+03   -3.8255068007e+04    1.3355481147e+02    1.3329961870e+02    1.3419980643e+02   -7.4043545717e-02   -1.8064889856e-02   -4.9582585093e-02    4.9019112957e+01    2.9411467774e+01    2.9411467774e+01
    1.9873892342e+03    1.3941432271e+03   -3.8255068007e+04    1.3355481147e+02    1.3329961870e+02    1.3419980643e+02   -7.4043545717e-02   -1.8064889856e-02   -4.9582585093e-02    4.9019112957e+01    2.9411467774e+01    2.9411467774e+01
    1.9873892342e+03    1.3941432271e+03   -3.8255068007e+04    1.3355481147e+02    1.3329961870e+02    1.3419980643e+02   -7.4043545717e-02   -1.8064889856e-02   -4.9582585093e-02    4.9019112957e+01    2.9411467774e+01    2.9411467774e+01
    1.9873892342e+03    1.3941432271e+03   -3.8255068007e+04    1.3355481147e+02    1.3329961870e+02    1.3419980643e+02   -7.4043545717e-02   -1.8064889856e-02   -4.9582585093e-02    4.9019112957e+01    2.9411467774e+01    2.9411467774e+01
    1.9873892342e+03    1.3941432271e+03   -3.8255068007e+04    1.3355481147e+02    1.3329961870e+02    1.3419980643e+02   -7.4043545717e-02   -1.8064889856e-02   -4.9582585093e-02    4.9019112957e+01    2.9411467774e+01    2.9411467774e+01
    1.9873892342e+03    1.3941432271e+03   -3.8255068007e+04    1.3355481147e+02    1.3329961870e+02    1.3419980643e+02   -7.4043545717e-02   -1.8064889856e-02   -4.9582585093e-02    4.9019112957e+01    2.9411467774e+01    2.9411467774e+01
    1.9873892342e+03    1.3941432271e+03   -3.8255068007e+04    1.3355481147e+02    1.3329961870e+02    1.3419980643e+02   -7.4043545717e-02   -1.8064889856e-02   -4.9582585093e-02    4.9019112957e+01    2.9411467774e+01    2.9411467774e+01
    1.9873892342e+03    1.3941432271e+03   -3.8255068007e+04    1.3355481147e+02    1.3329961870e+02    1.3419980643e+02   -7.4043545717e-02   -1.8064889856e-02   -4.9582585093e-02    4.9019112957e+01    2.9411467774e+01    2.9411467774e+01
    1.9873892342e+03    1.3941432271e+03   -3.8255068007e+04    1.3355481147e+02    1.3329961870e+02    1.3419980643e+02   -7.4043545717e-02   -1.8064889856e-02   -4.9582585093e-02    4.9019112957e+01    2.9411467774e+01    2.9411467774e+01
    1.9873892342e+03    1.3941432271e+03   -3.8255068007e+04    1.3355481147e+02    1.3329961870e+02    1.3419980643e+02   -7.4043545717e-02   -1.8064889856e-02   -4.9582585093e-02    4.9019112957e+01    2.9411467774e+01    2.9411467774e+01
    1.9873892342e+03    1.3941432271e+03   -3.8255068007e+04    1.3355481147e+02    1.3329961870e+02    1.3419980643e+02   -7.4043545717e-02   -1.8064889856e-02   -4.9582585093e-02    4.9019112957e+01    2.9411467774e+01    2.9411467774e+01
    1.9873892342e+03    1.3941432271e+03   -3.8255068007e+04    1.3355481147e+02    1.3329961870e+02    1.3419980643e+02   -7.4043545717e-02   -1.8064889856e-02   -4.9582585093e-02    4.9019112957e+01    2.9411467774e+01    2.9411467774e+01
    1.9873892342e+03    1.3941432271e+03   -3.8255068007e+04    1.3355481147e+02    1.3329961870e+02    1.3419980643e+02   -7.4043545717e-02   -1.8064889856e-02   -4.9582585093e-02    4.9019112957e+01    2.9411467774e+01    2.9411467774e+01
    1.9873892342e+03    1.3941432271e+03   -3.8255068007e+04    1.3355481147e+02    1.3329961870e+02    1.3419980643e+02   -7.4043545717e-02   -1.8064889856e-02   -4.9582585093e-02    4.9019112957e+01    2.9411467774e+01    2.9411467774e+01
