    1.9868714174e+03    1.6642149031e+03   -4.7065210473e+04    1.1356797382e+02    1.1342554381e+02    1.1329275138e+02   -9.5520022925e-02    4.3784312572e-02   -2.2298582419e-01    2.9726833769e+01    5.9453667539e+01    2.9726833769e+01
    2.0312359654e+03    1.7013749031e+03   -4.7089618040e+04    1.1321583408e+02    1.1331898374e+02    1.1360835519e+02    1.2649706486e-01   -8.1638841066e-02    1.3167316762e-01    2.9726833769e+01    5.9453667539e+01    2.9726833769e+01
    1.9901986866e+03    1.6670018428e+03   -4.7056908211e+04    1.1352941365e+02    1.1362514220e+02    1.1350190820e+02    5.1341660308e-02   -3.6086790287e-03   -5.0047875476e-02    2.9726833769e+01    5.9453667539e+01    2.9726833769e+01
    1.9933580916e+03    1.6696481786e+03   -4.7058627742e+04    1.1328764723e+02    1.1366850117e+02    1.1354089461e+02    9.6095703401e-02    1.1094769115e-01    3.3146284438e-02    2.9726833769e+01    5.9453667539e+01    2.9726833769e+01
    2.0026944103e+03    1.6774683328e+03   -4.7067157802e+04    1.1329254511e+02    1.1361380887e+02    1.1353172417e+02    1.4439279507e-01    2.9666136646e-02   -2.1743176178e-02    2.9726833769e+01    5.9453667539e+01    2.9726833769e+01
    1.9688641347e+03    1.6491318997e+03   -4.7039658542e+04    1.1345677195e+02    1.1373573150e+02    1.1372573059e+02   -1.5022248231e-01    1.0193531317e-01   -4.0422016248e-03    2.9726833769e+01    5.9453667539e+01    2.9726833769e+01
    2.0052016005e+03    1.6795683697e+03   -4.7071849303e+04    1.1346778222e+02    1.1344947131e+02    1.1357302158e+02   -5.9491650923e-02   -5.6802657254e-02   -1.0501268048e-01    2.9726833769e+01    5.9453667539e+01    2.9726833769e+01
    1.9988026133e+03    1.6742085412e+03   -4.7063614540e+04    1.1348321972e+02    1.1340565210e+02    1.1335973231e+02   -3.4541926738e-03    3.2039525348e-02   -7.3695392193e-02    2.9726833769e+01    5.9453667539e+01    2.9726833769e+01
    1.9949171091e+03    1.6709540206e+03   -4.7062863572e+04    1.1345052695e+02    1.1342425604e+02    1.1353133904e+02   -5.0889379303e-02    1.0279170456e-02   -1.3009186788e-01    2.9726833769e+01    5.9453667539e+01    2.9726833769e+01
    2.0329152987e+03    1.7027815223e+03   -4.7092871739e+04    1.1327137586e+02    1.1358040449e+02    1.1305221770e+02    5.9829538757e-02    2.3035475599e-01   -1.2455229969e-01    2.9726833769e+01    5.9453667539e+01    2.9726833769e+01
    2.0024031160e+03    1.6772243430e+03   -4.7068501231e+04    1.1309816329e+02    1.1363537115e+02    1.1379098667e+02   -2.4346494315e-01    9.3199664003e-02   -1.2324228873e-02    2.9726833769e+01    5.9453667539e+01    2.9726833769e+01
    1.9910905915e+03    1.6677489075e+03   -4.7057695656e+04    1.1341648859e+02    1.1388034240e+02    1.1337474149e+02   -1.2564991467e-02   -1.5340896972e-01    1.5421010399e-01    2.9726833769e+01    5.9453667539e+01    2.9726833769e+01
    1.9869263371e+03    1.6642609041e+03   -4.7053734989e+04    1.1348940925e+02    1.1337154895e+02    1.1373250033e+02    5.0888196956e-02    9.0180622081e-02   -4.2733890940e-02    2.9726833769e+01    5.9453667539e+01    2.9726833769e+01
    2.0037020213e+03    1.6783123135e+03   -4.7069748145e+04    1.1335551785e+02    1.1385612450e+02    1.1332629845e+02    3.1143387504e-02   -6.9197850759e-02    5.4986696595e-02    2.9726833769e+01    5.9453667539e+01    2.9726833769e+01
    1.9802900882e+03    1.6587023440e+03   -4.7050144684e+04    1.1339063666e+02    1.1403657320e+02    1.1333876067e+02   -1.1477929452e-01    4.4040045137e-02    1.4783416826e-01    2.9726833769e+01    5.9453667539e+01    2.9726833769e+01
    2.0119603883e+03    1.6852295691e+03   -4.7073993681e+04    1.1325178416e+02    1.1369480518e+02    1.1332615286e+02    1.5933278348e-01   -5.0797286239e-02   -2.5540293545e-01    2.9726833769e+01    5.9453667539e+01    2.9726833769e+01
    2.0140351019e+03    1.6869673611e+03   -4.7077656720e+04    1.1331372904e+02    1.1355358862e+02    1.1324039297e+02   -1.8485360633e-01    1.1463489615e-01   -8.1738036999e-02    2.9726833769e+01    5.9453667539e+01    2.9726833769e+01
    2.0067962283e+03    1.6809040391e+03   -4.7072593403e+04    1.1333275620e+02    1.1347615531e+02    1.1336547352e+02   -1.6850411439e-01    3.4790696290e-02    3.4692279054e-02    2.9726833769e+01    5.9453667539e+01    2.9726833769e+01
    2.0098782168e+03    1.6834855303e+03   -4.7075969421e+04    1.1306907680e+02    1.1358845335e+02    1.1309897092e+02   -6.0693458972e-02    8.4829274077e-02   -3.8292835368e-02    2.9726833769e+01    5.9453667539e+01    2.9726833769e+01
    2.0205577101e+03    1.6924307352e+03   -4.7084125789e+04    1.1331349364e+02    1.1349328565e+02    1.1336893991e+02   -4.4588447592e-03    7.4207130017e-02    1.1006241974e-01    2.9726833769e+01    5.9453667539e+01    2.9726833769e+01
    1.9805098676e+03    1.6588864324e+03   -4.7048494622e+04    1.1354805395e+02    1.1393408666e+02    1.1333658171e+02    1.2454582159e-01   -8.2341687726e-02    1.8259722306e-01    2.9726833769e+01    5.9453667539e+01    2.9726833769e+01
    2.0158465158e+03    1.6884846118e+03   -4.7078755439e+04    1.1320047583e+02    1.1376564931e+02    1.1325308858e+02   -1.4897979146e-01   -1.3972513200e-01    1.0119509672e-01    2.9726833769e+01    5.9453667539e+01    2.9726833769e+01
    2.0044121212e+03    1.6789070973e+03   -4.7068212326e+04    1.1323439753e+02    1.1394445016e+02    1.1319909107e+02    6.1747646397e-02   -4.0944756959e-02    2.3188248685e-01    2.9726833769e+01    5.9453667539e+01    2.9726833769e+01
    1.9903659940e+03    1.6671419805e+03   -4.7059093448e+04    1.1320766393e+02    1.1364454611e+02    1.1383845995e+02    2.9160220575e-02    1.8587434997e-02    1.0796772884e-01    2.9726833769e+01    5.9453667539e+01    2.9726833769e+01
    2.0008563929e+03    1.6759287988e+03   -4.7065414784e+04    1.1325565598e+02    1.1350313557e+02    1.1370839352e+02    3.8765014210e-02   -1.0576643507e-01    1.1836767750e-01    2.9726833769e+01    5.9453667539e+01    2.9726833769e+01
    1.9843134274e+03    1.6620723160e+03   -4.7051233880e+04    1.1324568816e+02    1.1374141278e+02    1.1361556308e+02    4.1949455261e-02   -2.0759242781e-02   -8.8747964656e-02    2.9726833769e+01    5.9453667539e+01    2.9726833769e+01
    2.0265702286e+03    1.6974668552e+03   -4.7087713159e+04    1.1339574313e+02    1.1344416485e+02    1.1324444572e+02    6.4873233614e-03   -2.9756801985e-02   -2.2792662175e-02    2.9726833769e+01    5.9453667539e+01    2.9726833769e+01
    1.9867656909e+03    1.6641263460e+03   -4.7054864097e+04    1.1355573911e+02    1.1360240806e+02    1.1362916708e+02    6.4094119927e-02   -9.2934757843e-02   -2.6059282520e-01    2.9726833769e+01    5.9453667539e+01    2.9726833769e+01
    2.0116143296e+03    1.6849397083e+03   -4.7072741703e+04    1.1342109995e+02    1.1331373920e+02    1.1342733890e+02   -4.9460876534e-02    2.7379934494e-02   -4.5647440467e-02    2.9726833769e+01    5.9453667539e+01    2.9726833769e+01
    2.0037013763e+03    1.6783117732e+03   -4.7069595501e+04    1.1312529018e+02    1.1387099028e+02    1.1348446256e+02   -7.0740365436e-02    7.2181882511e-02   -1.9141260654e-01    2.9726833769e+01    5.9453667539e+01    2.9726833769e+01
    1.9888655840e+03    1.6658852284e+03   -4.7056255690e+04    1.1352264195e+02    1.1385495800e+02    1.1298382758e+02   -7.9644955075e-03   -2.5811075274e-02    4.8874579819e-02    2.9726833769e+01    5.9453667539e+01    2.9726833769e+01
    2.0037266792e+03    1.6783329671e+03   -4.7070902687e+04    1.1329049936e+02    1.1381947500e+02    1.1324034354e+02    2.2774848035e-03    2.2979104644e-02    1.2878584070e-01    2.9726833769e+01    5.9453667539e+01    2.9726833769e+01
    2.0001010145e+03    1.6752960895e+03   -4.7066340717e+04    1.1349310425e+02    1.1376134955e+02    1.1332587578e+02    1.5928533714e-01   -1.1568392343e-01    3.7866375956e-02    2.9726833769e+01    5.9453667539e+01    2.9726833769e+01
    2.0245811172e+03    1.6958007640e+03   -4.7086044724e+04    1.1324740157e+02    1.1320855153e+02    1.1337724088e+02    4.2551969491e-02    2.0613615539e-02    5.5397950088e-02    2.9726833769e+01    5.9453667539e+01    2.9726833769e+01
    2.0184758839e+03    1.6906869856e+03   -4.7081849812e+04    1.1334244410e+02    1.1339073614e+02    1.1338861491e+02   -1.1359270179e-01   -1.1355038841e-01    4.3523857604e-02    2.9726833769e+01    5.9453667539e+01    2.9726833769e+01
    2.0136820444e+03    1.6866716381e+03   -4.7075491970e+04    1.1363571372e+02    1.1338446562e+02    1.1333411367e+02   -1.1119762669e-02   -5.9923670497e-02    1.0847681119e-01    2.9726833769e+01    5.9453667539e+01    2.9726833769e+01
    1.9857486456e+03    1.6632744630e+03   -4.7052579576e+04    1.1331185300e+02    1.1358912195e+02    1.1356775736e+02    1.6780354688e-01   -6.3779981978e-02    1.3405203509e-01    2.9726833769e+01    5.9453667539e+01    2.9726833769e+01
    1.9952073674e+03    1.6711971426e+03   -4.7060649989e+04    1.1353384483e+02    1.1380574444e+02    1.1329674666e+02    5.8546910633e-02    2.6252268813e-03    9.4198721657e-02    2.9726833769e+01    5.9453667539e+01    2.9726833769e+01
    2.0303951932e+03    1.7006706675e+03   -4.7092718902e+04    1.1299838742e+02    1.1354448375e+02    1.1346047692e+02    1.2267839075e-01   -1.1264760233e-01   -5.1256021377e-02    2.9726833769e+01    5.9453667539e+01    2.9726833769e+01
    2.0080935399e+03    1.6819906747e+03   -4.7071880876e+04    1.1328148390e+02    1.1367757716e+02    1.1349827060e+02   -7.0389847176e-02    5.0136197661e-02    4.3139829122e-02    2.9726833769e+01    5.9453667539e+01    2.9726833769e+01
    1.9855351158e+03    1.6630956092e+03   -4.7053207546e+04    1.1337580423e+02    1.1392036076e+02    1.1348174715e+02   -6.3164269147e-02   -3.0493010470e-02   -1.4933598196e-03    2.9726833769e+01    5.9453667539e+01    2.9726833769e+01
    2.0066482739e+03    1.6807801115e+03   -4.7069864069e+04    1.1324142337e+02    1.1370432397e+02    1.1344763554e+02   -8.9569941027e-02   -1.1676063983e-03   -1.8872941322e-01    2.9726833769e+01    5.9453667539e+01    2.9726833769e+01
    2.0042966230e+03    1.6788103553e+03   -4.7068573024e+04    1.1333473073e+02    1.1343303268e+02    1.1351595657e+02    5.6127802006e-03    1.4081285591e-01    1.6907557190e-01    2.9726833769e+01    5.9453667539e+01    2.9726833769e+01
    1.9995587257e+03    1.6748418653e+03   -4.7064216029e+04    1.1339512645e+02    1.1313545173e+02    1.1381740279e+02   -2.4439360218e-01   -1.2279806251e-02    6.6248073039e-02    2.9726833769e+01    5.9453667539e+01    2.9726833769e+01
    2.0046696599e+03    1.6791228131e+03   -4.7067631513e+04    1.1336391475e+02    1.1369705464e+02    1.1331376763e+02   -1.6113989216e-03    3.5806612929e-02   -1.6313497509e-01    2.9726833769e+01    5.9453667539e+01    2.9726833769e+01
    2.0202701866e+03    1.6921899038e+03   -4.7080296127e+04    1.1342705591e+02    1.1342636709e+02    1.1346876211e+02   -1.8860032928e-02   -2.3442079247e-02   -3.7940919778e-02    2.9726833769e+01    5.9453667539e+01    2.9726833769e+01
    2.0089779765e+03    1.6827314838e+03   -4.7071188546e+04    1.1331765032e+02    1.1391063151e+02    1.1322605349e+02    9.7319007828e-02   -1.3808065516e-01    1.8147567904e-02    2.9726833769e+01    5.9453667539e+01    2.9726833769e+01
    1.9958468979e+03    1.6717328170e+03   -4.7062072673e+04    1.1346163232e+02    1.1377502430e+02    1.1327812110e+02   -5.7038067467e-03    4.3408855657e-02    9.6835797169e-02    2.9726833769e+01    5.9453667539e+01    2.9726833769e+01
    1.9944639245e+03    1.6705744306e+03   -4.7060501899e+04    1.1321984129e+02    1.1358315997e+02    1.1367972436e+02    1.6530617582e-01    1.3647018100e-01    1.0575317462e-01    2.9726833769e+01    5.9453667539e+01    2.9726833769e+01
    1.9885947405e+03    1.6656583684e+03   -4.7055951637e+04    1.1344944226e+02    1.1337067249e+02    1.1364688292e+02    6.9973318823e-02    7.7561607904e-02    2.3777204652e-02    2.9726833769e+01    5.9453667539e+01    2.9726833769e+01
    1.9737389177e+03    1.6532150459e+03   -4.7044411357e+04    1.1384324977e+02    1.1371547982e+02    1.1342947744e+02    4.6171973114e-02    1.6999847025e-01   -4.1788150592e-02    2.9726833769e+01    5.9453667539e+01    2.9726833769e+01
    1.9994552911e+03    1.6747552279e+03   -4.7064893898e+04    1.1357861449e+02    1.1370706181e+02    1.1327818531e+02    4.1407456609e-02   -4.9350105847e-02   -5.1210698343e-02    2.9726833769e+01    5.9453667539e+01    2.9726833769e+01
    1.9981377097e+03    1.6736516142e+03   -4.7062448879e+04    1.1353523831e+02    1.1350056351e+02    1.1325851799e+02    7.1173099070e-02   -3.4410677091e-02   -7.4859989338e-02    2.9726833769e+01    5.9453667539e+01    2.9726833769e+01
    1.9840901359e+03    1.6618852857e+03   -4.7051809752e+04    1.1324981245e+02    1.1380430140e+02    1.1353274144e+02    1.8478368642e-01   -5.7533291168e-02   -2.4402051469e-02    2.9726833769e+01    5.9453667539e+01    2.9726833769e+01
    2.0166441244e+03    1.6891526934e+03   -4.7079868305e+04    1.1316435951e+02    1.1359421994e+02    1.1353282193e+02    7.2721778522e-02   -4.6458746723e-02    1.9688743233e-01    2.9726833769e+01    5.9453667539e+01    2.9726833769e+01
    1.9851833219e+03    1.6628009446e+03   -4.7052757020e+04    1.1348368969e+02    1.1360210309e+02    1.1338691972e+02   -1.0182542721e-02    9.3453998707e-02    7.8793570980e-02    2.9726833769e+01    5.9453667539e+01    2.9726833769e+01
    1.9921430209e+03    1.6686304284e+03   -4.7060916633e+04    1.1323619154e+02    1.1354167855e+02    1.1364151285e+02   -3.8395505033e-03    3.7247660701e-02   -6.4022928256e-03    2.9726833769e+01    5.9453667539e+01    2.9726833769e+01
    2.0062243537e+03    1.6804250336e+03   -4.7070364461e+04    1.1338407589e+02    1.1373059216e+02    1.1318452810e+02   -4.0880078770e-02   -1.4949005276e-02   -3.3523849275e-02    2.9726833769e+01    5.9453667539e+01    2.9726833769e+01
    2.0002972161e+03    1.6754604291e+03   -4.7064377051e+04    1.1333513435e+02    1.1353799444e+02    1.1361519500e+02    7.2384447462e-02    1.1388966744e-01   -8.6220480919e-03    2.9726833769e+01    5.9453667539e+01    2.9726833769e+01
    2.0061814736e+03    1.6803891169e+03   -4.7069211299e+04    1.1311387943e+02    1.1377139687e+02    1.1336660431e+02   -9.3496234359e-02   -3.5354024674e-02   -1.0524898391e-01    2.9726833769e+01    5.9453667539e+01    2.9726833769e+01
    2.0252306986e+03    1.6963448572e+03   -4.7086238838e+04    1.1341251615e+02    1.1357265726e+02    1.1323711859e+02   -3.6651810095e-02   -9.3594486651e-02   -1.6001205532e-01    2.9726833769e+01    5.9453667539e+01    2.9726833769e+01
    1.9998608744e+03    1.6750949468e+03   -4.7064906379e+04    1.1343285350e+02    1.1375656146e+02    1.1338779140e+02   -6.1629491040e-02    8.9468630522e-02    4.7948676552e-02    2.9726833769e+01    5.9453667539e+01    2.9726833769e+01
    1.9806239496e+03    1.6589819882e+03   -4.7047405851e+04    1.1354452813e+02    1.1386646400e+02    1.1327858272e+02   -1.2404062733e-01    1.6803725109e-02    1.3954847892e-01    2.9726833769e+01    5.9453667539e+01    2.9726833769e+01
    1.9751191621e+03    1.6543711466e+03   -4.7045235007e+04    1.1366726913e+02    1.1399526030e+02    1.1347421350e+02   -2.3481517520e-01    7.0134672086e-03    6.6614292784e-02    2.9726833769e+01    5.9453667539e+01    2.9726833769e+01
    2.0165824141e+03    1.6891010045e+03   -4.7080102807e+04    1.1314674147e+02    1.1387084593e+02    1.1328799505e+02   -1.6173969982e-01    5.5801216424e-02    1.0277835957e-01    2.9726833769e+01    5.9453667539e+01    2.9726833769e+01
    2.0033244356e+03    1.6779960455e+03   -4.7067202598e+04    1.1354402550e+02    1.1373740091e+02    1.1333272437e+02   -7.6498038319e-02    5.5076902602e-02   -2.0156613682e-04    2.9726833769e+01    5.9453667539e+01    2.9726833769e+01
    2.0145158686e+03    1.6873700540e+03   -4.7078201543e+04    1.1346897967e+02    1.1348751132e+02    1.1341767157e+02    4.8246945200e-02    1.0534719376e-01   -2.2366792809e-02    2.9726833769e+01    5.9453667539e+01    2.9726833769e+01
    2.0018947546e+03    1.6767985366e+03   -4.7065449047e+04    1.1350706037e+02    1.1369720457e+02    1.1322785162e+02   -8.8321294092e-02   -8.6199194648e-02    7.7708465998e-02    2.9726833769e+01    5.9453667539e+01    2.9726833769e+01
    2.0038187514e+03    1.6784100873e+03   -4.7068751956e+04    1.1340785230e+02    1.1329826381e+02    1.1363473107e+02   -1.0626191861e-01    1.6551038180e-01   -3.1615155557e-02    2.9726833769e+01    5.9453667539e+01    2.9726833769e+01
    2.0077116942e+03    1.6816708386e+03   -4.7071618621e+04    1.1371677140e+02    1.1361648606e+02    1.1310550221e+02    1.4001271345e-02   -8.9674007349e-02   -5.5580074593e-02    2.9726833769e+01    5.9453667539e+01    2.9726833769e+01
    1.9664865692e+03    1.6471404372e+03   -4.7037045009e+04    1.1359886263e+02    1.1369223751e+02    1.1361017206e+02   -2.8478135969e-02   -7.7794539041e-03   -2.8629356614e-02    2.9726833769e+01    5.9453667539e+01    2.9726833769e+01
    1.9952789457e+03    1.6712570970e+03   -4.7062662041e+04    1.1336954034e+02    1.1361130754e+02    1.1361327928e+02   -1.2975208160e-01    7.1846691350e-02   -6.1972658004e-02    2.9726833769e+01    5.9453667539e+01    2.9726833769e+01
    2.0047021154e+03    1.6791499981e+03   -4.7068820272e+04    1.1376909108e+02    1.1352655828e+02    1.1336882669e+02    1.7320581857e-01    1.3038450992e-02   -1.4438829162e-02    2.9726833769e+01    5.9453667539e+01    2.9726833769e+01
    2.0170501116e+03    1.6894927505e+03   -4.7079036589e+04    1.1348689990e+02    1.1371988038e+02    1.1295471294e+02    5.7467872044e-02    4.0645410565e-02    3.3010261139e-02    2.9726833769e+01    5.9453667539e+01    2.9726833769e+01
    2.0049736575e+03    1.6793774432e+03   -4.7069917736e+04    1.1325777532e+02    1.1367677083e+02    1.1338176154e+02   -9.4690782603e-02    1.2668409633e-02    7.2717969224e-02    2.9726833769e+01    5.9453667539e+01    2.9726833769e+01
    2.0146281259e+03    1.6874640814e+03   -4.7078422638e+04    1.1332007711e+02    1.1361970698e+02    1.1329759535e+02   -4.3895105547e-02   -1.7839915296e-02   -7.5931180054e-02    2.9726833769e+01    5.9453667539e+01    2.9726833769e+01
    2.0115603434e+03    1.6848944892e+03   -4.7075408852e+04    1.1335958347e+02    1.1379363710e+02    1.1335475995e+02   -5.9875985617e-02    1.5564609617e-01   -1.1191969915e-01    2.9726833769e+01    5.9453667539e+01    2.9726833769e+01
    2.0215656951e+03    1.6932750292e+03   -4.7081235882e+04    1.1349251134e+02    1.1343719320e+02    1.1329373492e+02   -1.5948970041e-01    1.2670243631e-01    3.9896573118e-02    2.9726833769e+01    5.9453667539e+01    2.9726833769e+01
    1.9980990333e+03    1.6736192186e+03   -4.7064414473e+04    1.1316925383e+02    1.1351286665e+02    1.1350856033e+02   -1.2817658497e-01   -1.9376852873e-01    1.3164057208e-01    2.9726833769e+01    5.9453667539e+01    2.9726833769e+01
    2.0007742421e+03    1.6758599889e+03   -4.7065483851e+04    1.1317680828e+02    1.1370172326e+02    1.1345981536e+02    2.1322116215e-01    3.7935166467e-02    9.8611431157e-02    2.9726833769e+01    5.9453667539e+01    2.9726833769e+01
    1.9968462315e+03    1.6725698646e+03   -4.7063257819e+04    1.1331234320e+02    1.1393991110e+02    1.1323023975e+02   -3.9402701653e-02   -8.8431309782e-02   -1.3557238218e-01    2.9726833769e+01    5.9453667539e+01    2.9726833769e+01
    1.9860749374e+03    1.6635477668e+03   -4.7052158896e+04    1.1349123300e+02    1.1359819973e+02    1.1353424944e+02   -2.1334989180e-01   -6.9485118528e-02    2.5952715108e-02    2.9726833769e+01    5.9453667539e+01    2.9726833769e+01
    1.9943350257e+03    1.6704664642e+03   -4.7061364797e+04    1.1371830411e+02    1.1353318935e+02    1.1331460945e+02    1.3988382732e-01    9.2118724889e-02    1.3237212627e-01    2.9726833769e+01    5.9453667539e+01    2.9726833769e+01
    1.9967793887e+03    1.6725138767e+03   -4.7063727656e+04    1.1320069223e+02    1.1364551681e+02    1.1364765808e+02   -6.2839184505e-03   -4.5752842607e-03    2.5495731911e-02    2.9726833769e+01    5.9453667539e+01    2.9726833769e+01
    2.0277603387e+03    1.6984636983e+03   -4.7088903188e+04    1.1371441755e+02    1.1328046026e+02    1.1309606128e+02    1.9413577405e-01    1.5747883646e-01   -3.4615562263e-02    2.9726833769e+01    5.9453667539e+01    2.9726833769e+01
    1.9906544821e+03    1.6673836198e+03   -4.7056958097e+04    1.1348628313e+02    1.1368208510e+02    1.1332665990e+02   -1.2267908881e-01   -7.2236579149e-03   -9.6454417561e-03    2.9726833769e+01    5.9453667539e+01    2.9726833769e+01
    2.0196519194e+03    1.6916720397e+03   -4.7082177486e+04    1.1330343686e+02    1.1361686432e+02    1.1313530092e+02   -1.6674099111e-01    4.3133537261e-03    1.6234087256e-02    2.9726833769e+01    5.9453667539e+01    2.9726833769e+01
    2.0330767954e+03    1.7029167928e+03   -4.7093139872e+04    1.1327443179e+02    1.1369009161e+02    1.1327811169e+02    4.3877134655e-02    1.3662726070e-01    4.5065096587e-02    2.9726833769e+01    5.9453667539e+01    2.9726833769e+01
    1.9949253125e+03    1.6709608918e+03   -4.7059338880e+04    1.1346795614e+02    1.1348424744e+02    1.1359030514e+02    5.4240555092e-02    1.0272096033e-01   -3.4398239949e-02    2.9726833769e+01    5.9453667539e+01    2.9726833769e+01
    2.0029205162e+03    1.6776577204e+03   -4.7068648073e+04    1.1323726157e+02    1.1355316226e+02    1.1360395964e+02   -1.4722840438e-01   -1.7964440063e-02   -1.6382727253e-01    2.9726833769e+01    5.9453667539e+01    2.9726833769e+01
    2.0121847950e+03    1.6854175334e+03   -4.7076740631e+04    1.1308725665e+02    1.1386768275e+02    1.1306085335e+02   -7.6188460694e-02    4.9801970099e-02    1.0702605700e-01    2.9726833769e+01    5.9453667539e+01    2.9726833769e+01
    1.9921609010e+03    1.6686454049e+03   -4.7058699814e+04    1.1365080128e+02    1.1380762963e+02    1.1311432762e+02   -3.8459647821e-02   -4.2851254756e-02   -1.7491340571e-01    2.9726833769e+01    5.9453667539e+01    2.9726833769e+01
    1.9893443165e+03    1.6662862176e+03   -4.7054374964e+04    1.1350764740e+02    1.1373428278e+02    1.1333339051e+02   -1.5301392668e-03   -8.7233505419e-02   -7.1110052182e-03    2.9726833769e+01    5.9453667539e+01    2.9726833769e+01
    2.0209343457e+03    1.6927462073e+03   -4.7083014850e+04    1.1349548263e+02    1.1349062311e+02    1.1344144203e+02   -6.7281127652e-02   -4.1961827572e-02    8.3915164927e-02    2.9726833769e+01    5.9453667539e+01    2.9726833769e+01
    2.0170201138e+03    1.6894676242e+03   -4.7080176548e+04    1.1342226242e+02    1.1373886287e+02    1.1330808467e+02   -7.5076759701e-02    4.1881809701e-03    1.0902034290e-01    2.9726833769e+01    5.9453667539e+01    2.9726833769e+01
    1.9880724167e+03    1.6652208670e+03   -4.7055344966e+04    1.1317610034e+02    1.1368089142e+02    1.1340229433e+02    9.3040156971e-02    4.1711004099e-02    8.7623758104e-02    2.9726833769e+01    5.9453667539e+01    2.9726833769e+01
    1.9737931030e+03    1.6532604319e+03   -4.7043125044e+04    1.1317045098e+02    1.1410823168e+02    1.1351175939e+02    4.1142950184e-02   -3.3545519831e-03   -3.9095072412e-02    2.9726833769e+01    5.9453667539e+01    2.9726833769e+01
    2.0190622513e+03    1.6911781303e+03   -4.7080945624e+04    1.1321635068e+02    1.1385453176e+02    1.1306921578e+02   -1.9452586487e-02    1.0212471186e-01   -1.3640738004e-01    2.9726833769e+01    5.9453667539e+01    2.9726833769e+01
    2.0145363824e+03    1.6873872365e+03   -4.7077409070e+04    1.1331572593e+02    1.1360150418e+02    1.1336161646e+02    1.1192848780e-01    3.4358366210e-02   -1.3386894449e-01    2.9726833769e+01    5.9453667539e+01    2.9726833769e+01
    2.0202978165e+03    1.6922130468e+03   -4.7083643990e+04    1.1314045891e+02    1.1366103094e+02    1.1329672333e+02    1.7085518212e-01    1.7320371529e-01    2.0631715235e-02    2.9726833769e+01    5.9453667539e+01    2.9726833769e+01
    2.0202978165e+03    1.6922130468e+03   -4.7083643990e+04    1.1314045891e+02    1.1366103094e+02    1.1329672333e+02    1.7085518212e-01    1.7320371529e-01    2.0631715235e-02    2.9726833769e+01    5.9453667539e+01    2.9726833769e+01
    2.0202978165e+03    1.6922130468e+03   -4.7083643990e+04    1.1314045891e+02    1.1366103094e+02    1.1329672333e+02    1.7085518212e-01    1.7320371529e-01    2.0631715235e-02    2.9726833769e+01    5.9453667539e+01    2.9726833769e+01
    2.0202978165e+03    1.6922130468e+03   -4.7083643990e+04    1.1314045891e+02    1.1366103094e+02    1.1329672333e+02    1.7085518212e-01    1.7320371529e-01    2.0631715235e-02    2.9726833769e+01    5.9453667539e+01    2.9726833769e+01
    2.0202978165e+03    1.6922130468e+03   -4.7083643990e+04    1.1314045891e+02    1.1366103094e+02    1.1329672333e+02    1.7085518212e-01    1.7320371529e-01    2.0631715235e-02    2.9726833769e+01    5.9453667539e+01    2.9726833769e+01
    2.0202978165e+03    1.6922130468e+03   -4.7083643990e+04    1.1314045891e+02    1.1366103094e+02    1.1329672333e+02    1.7085518212e-01    1.7320371529e-01    2.0631715235e-02    2.9726833769e+01    5.9453667539e+01    2.9726833769e+01
    2.0202978165e+03    1.6922130468e+03   -4.7083643990e+04    1.1314045891e+02    1.1366103094e+02    1.1329672333e+02    1.7085518212e-01    1.7320371529e-01    2.0631715235e-02    2.9726833769e+01    5.9453667539e+01    2.9726833769e+01
    2.0202978165e+03    1.6922130468e+03   -4.7083643990e+04    1.1314045891e+02    1.1366103094e+02    1.1329672333e+02    1.7085518212e-01    1.7320371529e-01    2.0631715235e-02    2.9726833769e+01    5.9453667539e+01    2.9726833769e+01
    2.0202978165e+03    1.6922130468e+03   -4.7083643990e+04    1.1314045891e+02    1.1366103094e+02    1.1329672333e+02    1.7085518212e-01    1.7320371529e-01    2.0631715235e-02    2.9726833769e+01    5.9453667539e+01    2.9726833769e+01
    2.0202978165e+03    1.6922130468e+03   -4.7083643990e+04    1.1314045891e+02    1.1366103094e+02    1.1329672333e+02    1.7085518212e-01    1.7320371529e-01    2.0631715235e-02    2.9726833769e+01    5.9453667539e+01    2.9726833769e+01
    2.0202978165e+03    1.6922130468e+03   -4.7083643990e+04    1.1314045891e+02    1.1366103094e+02    1.1329672333e+02    1.7085518212e-01    1.7320371529e-01    2.0631715235e-02    2.9726833769e+01    5.9453667539e+01    2.9726833769e+01
    2.0202978165e+03    1.6922130468e+03   -4.7083643990e+04    1.1314045891e+02    1.1366103094e+02    1.1329672333e+02    1.7085518212e-01    1.7320371529e-01    2.0631715235e-02    2.9726833769e+01    5.9453667539e+01    2.9726833769e+01
    2.0202978165e+03    1.6922130468e+03   -4.7083643990e+04    1.1314045891e+02    1.1366103094e+02    1.1329672333e+02    1.7085518212e-01    1.7320371529e-01    2.0631715235e-02    2.9726833769e+01    5.9453667539e+01    2.9726833769e+01
    2.0202978165e+03    1.6922130468e+03   -4.7083643990e+04    1.1314045891e+02    1.1366103094e+02    1.1329672333e+02    1.7085518212e-01    1.7320371529e-01    2.0631715235e-02    2.9726833769e+01    5.9453667539e+01    2.9726833769e+01
    2.0202978165e+03    1.6922130468e+03   -4.7083643990e+04    1.1314045891e+02    1.1366103094e+02    1.1329672333e+02    1.7085518212e-01    1.7320371529e-01    2.0631715235e-02    2.9726833769e+01    5.9453667539e+01    2.9726833769e+01
    2.0202978165e+03    1.6922130468e+03   -4.7083643990e+04    1.1314045891e+02    1.1366103094e+02    1.1329672333e+02    1.7085518212e-01    1.7320371529e-01    2.0631715235e-02    2.9726833769e+01    5.9453667539e+01    2.9726833769e+01
    2.0202978165e+03    1.6922130468e+03   -4.7083643990e+04    1.1314045891e+02    1.1366103094e+02    1.1329672333e+02    1.7085518212e-01    1.7320371529e-01    2.0631715235e-02    2.9726833769e+01    5.9453667539e+01    2.9726833769e+01
    2.0202978165e+03    1.6922130468e+03   -4.7083643990e+04    1.1314045891e+02    1.1366103094e+02    1.1329672333e+02    1.7085518212e-01    1.7320371529e-01    2.0631715235e-02    2.9726833769e+01    5.9453667539e+01    2.9726833769e+01
    2.0202978165e+03    1.6922130468e+03   -4.7083643990e+04    1.1314045891e+02    1.1366103094e+02    1.1329672333e+02    1.7085518212e-01    1.7320371529e-01    2.0631715235e-02    2.9726833769e+01    5.9453667539e+01    2.9726833769e+01
    2.0202978165e+03    1.6922130468e+03   -4.7083643990e+04    1.1314045891e+02    1.1366103094e+02    1.1329672333e+02    1.7085518212e-01    1.7320371529e-01    2.0631715235e-02    2.9726833769e+01    5.9453667539e+01    2.9726833769e+01
    2.0202978165e+03    1.6922130468e+03   -4.7083643990e+04    1.1314045891e+02    1.1366103094e+02    1.1329672333e+02    1.7085518212e-01    1.7320371529e-01    2.0631715235e-02    2.9726833769e+01    5.9453667539e+01    2.9726833769e+01
    2.0202978165e+03    1.6922130468e+03   -4.7083643990e+04    1.1314045891e+02    1.1366103094e+02    1.1329672333e+02    1.7085518212e-01    1.7320371529e-01    2.0631715235e-02    2.9726833769e+01    5.9453667539e+01    2.9726833769e+01
    2.0202978165e+03    1.6922130468e+03   -4.7083643990e+04    1.1314045891e+02    1.1366103094e+02    1.1329672333e+02    1.7085518212e-01    1.7320371529e-01    2.0631715235e-02    2.9726833769e+01    5.9453667539e+01    2.9726833769e+01
    2.0202978165e+03    1.6922130468e+03   -4.7083643990e+04    1.1314045891e+02    1.1366103094e+02    1.1329672333e+02    1.7085518212e-01    1.7320371529e-01    2.0631715235e-02    2.9726833769e+01    5.9453667539e+01    2.9726833769e+01
    2.0202978165e+03    1.6922130468e+03   -4.7083643990e+04    1.1314045891e+02    1.1366103094e+02    1.1329672333e+02    1.7085518212e-01    1.7320371529e-01    2.0631715235e-02    2.9726833769e+01    5.9453667539e+01    2.9726833769e+01
    2.0202978165e+03    1.6922130468e+03   -4.7083643990e+04    1.1314045891e+02    1.1366103094e+02    1.1329672333e+02    1.7085518212e-01    1.7320371529e-01    2.0631715235e-02    2.9726833769e+01    5.9453667539e+01    2.9726833769e+01
    2.0202978165e+03    1.6922130468e+03   -4.7083643990e+04    1.1314045891e+02    1.1366103094e+02    1.1329672333e+02    1.7085518212e-01    1.7320371529e-01    2.0631715235e-02    2.9726833769e+01    5.9453667539e+01    2.9726833769e+01
    2.0202978165e+03    1.6922130468e+03   -4.7083643990e+04    1.1314045891e+02    1.1366103094e+02    1.1329672333e+02    1.7085518212e-01    1.7320371529e-01    2.0631715235e-02    2.9726833769e+01    5.9453667539e+01    2.9726833769e+01
    2.0202978165e+03    1.6922130468e+03   -4.7083643990e+04    1.1314045891e+02    1.1366103094e+02    1.1329672333e+02    1.7085518212e-01    1.7320371529e-01    2.0631715235e-02    2.9726833769e+01    5.9453667539e+01    2.9726833769e+01
    2.0202978165e+03    1.6922130468e+03   -4.7083643990e+04    1.1314045891e+02    1.1366103094e+02    1.1329672333e+02    1.7085518212e-01    1.7320371529e-01    2.0631715235e-02    2.9726833769e+01    5.9453667539e+01    2.9726833769e+01
    2.0202978165e+03    1.6922130468e+03   -4.7083643990e+04    1.1314045891e+02    1.1366103094e+02    1.1329672333e+02    1.7085518212e-01    1.7320371529e-01    2.0631715235e-02    2.9726833769e+01    5.9453667539e+01    2.9726833769e+01
