    4.0288088449e+03    3.3745534123e+03   -4.9194654164e+04    4.6183091363e+01    4.5485863529e+01    4.5789457676e+01   -6.9084340648e-02    7.4475185554e-02   -8.5192745155e-02    6.3250055643e+01    3.1625027822e+01    3.1625027822e+01
    3.9832739053e+03    3.3364130855e+03   -4.9135316825e+04    4.6288165151e+01    4.6333746819e+01    4.6532569229e+01   -7.0356280209e-02    8.0998875412e-03   -1.6570118194e-01    6.3250055643e+01    3.1625027822e+01    3.1625027822e+01
    4.0336897758e+03    3.3786417080e+03   -4.9183887090e+04    4.6121801153e+01    4.5793174258e+01    4.5594193983e+01   -1.6125569862e-01   -1.7498692632e-01    1.1040678513e-01    6.3250055643e+01    3.1625027822e+01    3.1625027822e+01
    3.9762267531e+03    3.3305103503e+03   -4.9135217220e+04    4.6431863667e+01    4.6401775113e+01    4.6243155115e+01    5.0895741026e-02   -2.1489194500e-02    4.8510624529e-02    6.3250055643e+01    3.1625027822e+01    3.1625027822e+01
    4.0008618054e+03    3.3511448116e+03   -4.9151668747e+04    4.6301112062e+01    4.5905603254e+01    4.5663342897e+01    1.3090450379e-01   -8.0669857524e-02   -5.4872542713e-02    6.3250055643e+01    3.1625027822e+01    3.1625027822e+01
    4.0578083210e+03    3.3988435399e+03   -4.9204279261e+04    4.5896068908e+01    4.5965047695e+01    4.5606666043e+01   -9.2988277234e-02   -9.6909007239e-02    1.0198853320e-01    6.3250055643e+01    3.1625027822e+01    3.1625027822e+01
    4.0050904873e+03    3.3546867797e+03   -4.9157491855e+04    4.7058345992e+01    4.5920440043e+01    4.5767286170e+01   -1.0636510082e-01    2.2599246189e-02    3.1438246136e-01    6.3250055643e+01    3.1625027822e+01    3.1625027822e+01
    4.0669303936e+03    3.4064842402e+03   -4.9209015524e+04    4.6158486795e+01    4.5848876233e+01    4.5681121611e+01   -1.4224765184e-01   -1.1195526592e-01    5.5407214954e-02    6.3250055643e+01    3.1625027822e+01    3.1625027822e+01
    3.9830336037e+03    3.3362118075e+03   -4.9140698216e+04    4.6605187697e+01    4.5613404814e+01    4.6359001510e+01    1.2144105154e-01    5.2896982907e-02   -1.0970467900e-01    6.3250055643e+01    3.1625027822e+01    3.1625027822e+01
    3.9697160792e+03    3.3250569726e+03   -4.9125299271e+04    4.6533039997e+01    4.6569645870e+01    4.6023516623e+01    1.7651973448e-02    1.1363645354e-01   -1.4044502104e-01    6.3250055643e+01    3.1625027822e+01    3.1625027822e+01
    4.0227657663e+03    3.3694916949e+03   -4.9176595102e+04    4.6313717097e+01    4.5864573326e+01    4.5785228087e+01   -8.4568689694e-02   -1.6201213166e-01    2.4545450415e-01    6.3250055643e+01    3.1625027822e+01    3.1625027822e+01
    4.0188103730e+03    3.3661786348e+03   -4.9171605145e+04    4.6573875715e+01    4.5789219054e+01    4.6172444446e+01   -2.2517507904e-01   -1.3485167949e-01   -1.1269198065e-01    6.3250055643e+01    3.1625027822e+01    3.1625027822e+01
    3.9936633502e+03    3.3451153441e+03   -4.9147981710e+04    4.6074602900e+01    4.5857057943e+01    4.6316579576e+01    8.4849146290e-02    9.4417893083e-02    1.7045818992e-01    6.3250055643e+01    3.1625027822e+01    3.1625027822e+01
    3.9982905362e+03    3.3489911017e+03   -4.9154339571e+04    4.6262903088e+01    4.6063704653e+01    4.6138374898e+01   -1.1514860242e-02    1.8166389904e-01   -7.7920176310e-02    6.3250055643e+01    3.1625027822e+01    3.1625027822e+01
    4.0110976393e+03    3.3597184048e+03   -4.9164632779e+04    4.7012965358e+01    4.5948784839e+01    4.5755472908e+01    3.6026300276e-02   -3.4282943164e-02    1.4911398609e-01    6.3250055643e+01    3.1625027822e+01    3.1625027822e+01
    4.0405481159e+03    3.3843862930e+03   -4.9185129538e+04    4.6350156269e+01    4.5535688335e+01    4.5962353117e+01   -5.9504659978e-03    1.0268642816e-01    3.9116861973e-02    6.3250055643e+01    3.1625027822e+01    3.1625027822e+01
    3.9611876087e+03    3.3179134767e+03   -4.9119516084e+04    4.6103413744e+01    4.6731749099e+01    4.6387295302e+01    1.7668102062e-01   -1.7216777474e-01    7.1614911816e-02    6.3250055643e+01    3.1625027822e+01    3.1625027822e+01
    3.9434365290e+03    3.3030450704e+03   -4.9110672054e+04    4.6558171812e+01    4.5915154358e+01    4.6369517498e+01    2.5346807800e-01    1.1829980331e-01    1.3105641236e-01    6.3250055643e+01    3.1625027822e+01    3.1625027822e+01
    4.0165415065e+03    3.3642782192e+03   -4.9168335535e+04    4.6648675100e+01    4.6077428915e+01    4.5750967127e+01    1.1305988572e-02   -1.0498628398e-01   -1.0334586182e-01    6.3250055643e+01    3.1625027822e+01    3.1625027822e+01
    3.9852493629e+03    3.3380677401e+03   -4.9140538202e+04    4.6330444362e+01    4.6467915481e+01    4.5974994068e+01   -1.1425969304e-01    2.2457789156e-01    2.7372208391e-02    6.3250055643e+01    3.1625027822e+01    3.1625027822e+01
    3.9837441439e+03    3.3368069600e+03   -4.9141124575e+04    4.6668223186e+01    4.6024555830e+01    4.5510638315e+01   -4.2634900297e-02    3.2546133472e-01    2.4764588780e-01    6.3250055643e+01    3.1625027822e+01    3.1625027822e+01
    4.0083596042e+03    3.3574250108e+03   -4.9163716352e+04    4.5999182828e+01    4.6401936376e+01    4.5964102317e+01   -1.2531267178e-01    4.2392200525e-02   -1.2741068599e-01    6.3250055643e+01    3.1625027822e+01    3.1625027822e+01
    3.9636069134e+03    3.3199399002e+03   -4.9122582441e+04    4.6710892611e+01    4.6153616228e+01    4.6018619119e+01   -2.7092552260e-02   -1.8568899639e-02   -8.5024821448e-02    6.3250055643e+01    3.1625027822e+01    3.1625027822e+01
    3.9496409639e+03    3.3082419407e+03   -4.9111405129e+04    4.6428156504e+01    4.6118995322e+01    4.6647294721e+01   -1.6619324360e-01   -1.5200168261e-02    3.0577869829e-02    6.3250055643e+01    3.1625027822e+01    3.1625027822e+01
    4.0117360541e+03    3.3602531447e+03   -4.9161392818e+04    4.6269219272e+01    4.6713081375e+01    4.5785647523e+01   -1.2915424344e-01    3.7531228655e-01    1.0120127272e-01    6.3250055643e+01    3.1625027822e+01    3.1625027822e+01
    3.9956819917e+03    3.3468061698e+03   -4.9144435867e+04    4.6160794841e+01    4.6221131455e+01    4.6275883499e+01   -6.3238363312e-02   -1.4939038999e-01    7.6022002070e-02    6.3250055643e+01    3.1625027822e+01    3.1625027822e+01
    3.9837555687e+03    3.3368165295e+03   -4.9142790617e+04    4.6237823494e+01    4.6385053601e+01    4.6151141166e+01    9.8101381414e-02   -7.3639159567e-02   -1.6663483041e-01    6.3250055643e+01    3.1625027822e+01    3.1625027822e+01
    3.9693367110e+03    3.3247392115e+03   -4.9132695661e+04    4.6371436838e+01    4.6067722697e+01    4.6425836835e+01   -4.5723613075e-02    1.2336255396e-01    7.6942529924e-02    6.3250055643e+01    3.1625027822e+01    3.1625027822e+01
    3.9971873490e+03    3.3480670658e+03   -4.9146559345e+04    4.6326038708e+01    4.5663543345e+01    4.5602777628e+01    7.2102669799e-02   -1.1119291415e-01    2.6103197195e-02    6.3250055643e+01    3.1625027822e+01    3.1625027822e+01
    4.0232107360e+03    3.3698644041e+03   -4.9174278473e+04    4.6263328377e+01    4.5984069096e+01    4.5950246498e+01   -5.3181764386e-02    5.8173708879e-02    3.0593084703e-02    6.3250055643e+01    3.1625027822e+01    3.1625027822e+01
    4.0424252632e+03    3.3859586024e+03   -4.9190077368e+04    4.5982360698e+01    4.5885553258e+01    4.6089459292e+01    1.0306289789e-01    4.9786954609e-02    1.1781820282e-01    6.3250055643e+01    3.1625027822e+01    3.1625027822e+01
    4.0550111395e+03    3.3965006046e+03   -4.9199161749e+04    4.5975782694e+01    4.5709020645e+01    4.5978205193e+01    1.4516999310e-01    3.3221395025e-01   -1.2728082099e-01    6.3250055643e+01    3.1625027822e+01    3.1625027822e+01
    4.0004354989e+03    3.3507877348e+03   -4.9150240692e+04    4.5857631296e+01    4.5950052955e+01    4.5883789329e+01   -8.6625710975e-02   -6.8933056505e-03    3.4934392739e-01    6.3250055643e+01    3.1625027822e+01    3.1625027822e+01
    4.0009303042e+03    3.3512021866e+03   -4.9155323786e+04    4.6033339832e+01    4.6434724701e+01    4.5616930926e+01    1.7420568305e-01   -1.5335638955e-01    5.5321772447e-02    6.3250055643e+01    3.1625027822e+01    3.1625027822e+01
    3.9685416759e+03    3.3240732855e+03   -4.9132096844e+04    4.6334432625e+01    4.6328862973e+01    4.6056546929e+01    1.3592472569e-01    9.8953748071e-02   -7.9895104578e-02    6.3250055643e+01    3.1625027822e+01    3.1625027822e+01
    4.0251226336e+03    3.3714658205e+03   -4.9171196187e+04    4.5711984515e+01    4.6161583110e+01    4.6103088381e+01    1.6346049182e-01   -1.3304621149e-01    1.2435252286e-01    6.3250055643e+01    3.1625027822e+01    3.1625027822e+01
    3.9958676977e+03    3.3469617183e+03   -4.9150434238e+04    4.6010716236e+01    4.6275411743e+01    4.5652956647e+01   -2.9113635649e-02   -3.0083191067e-02   -1.2343783954e-01    6.3250055643e+01    3.1625027822e+01    3.1625027822e+01
    4.0157341372e+03    3.3636019620e+03   -4.9166693257e+04    4.6893706388e+01    4.6068012793e+01    4.5458427260e+01   -2.2158363532e-01    1.1136855803e-01   -1.1844115808e-01    6.3250055643e+01    3.1625027822e+01    3.1625027822e+01
    3.9961041249e+03    3.3471597510e+03   -4.9149999417e+04    4.6467338524e+01    4.6149578325e+01    4.6210471778e+01   -4.3568527373e-02   -2.3984325478e-02    2.5674457581e-02    6.3250055643e+01    3.1625027822e+01    3.1625027822e+01
    3.9859783020e+03    3.3386783036e+03   -4.9137805959e+04    4.6421708545e+01    4.6010089691e+01    4.5815432626e+01    1.1678679364e-02    9.9680658428e-02   -2.3805571689e-01    6.3250055643e+01    3.1625027822e+01    3.1625027822e+01
    4.0573682290e+03    3.3984749162e+03   -4.9202289707e+04    4.6172476180e+01    4.6203316511e+01    4.5585511929e+01   -3.8231171628e-01   -6.0828239718e-02   -6.0461722305e-02    6.3250055643e+01    3.1625027822e+01    3.1625027822e+01
    4.0116521438e+03    3.3601828609e+03   -4.9164324070e+04    4.6528787630e+01    4.6293872158e+01    4.5485594197e+01   -4.7829679406e-03   -6.0816641159e-02   -1.1854094707e-02    6.3250055643e+01    3.1625027822e+01    3.1625027822e+01
    3.9689575311e+03    3.3244216083e+03   -4.9128731592e+04    4.6377966778e+01    4.6754879557e+01    4.5758006551e+01    5.2668927462e-02    1.3932279528e-01    2.0487035995e-01    6.3250055643e+01    3.1625027822e+01    3.1625027822e+01
    4.0089210458e+03    3.3578952775e+03   -4.9164074871e+04    4.6134857138e+01    4.6768513018e+01    4.5759463914e+01    1.5663541967e-02    4.8369930312e-02    2.1097034395e-02    6.3250055643e+01    3.1625027822e+01    3.1625027822e+01
    3.9841485216e+03    3.3371456691e+03   -4.9142682206e+04    4.6280327841e+01    4.6243221883e+01    4.5909287480e+01   -2.4909475684e-02    1.8629884775e-01   -1.1809839148e-01    6.3250055643e+01    3.1625027822e+01    3.1625027822e+01
    4.0773215157e+03    3.4151879037e+03   -4.9218854546e+04    4.6145711037e+01    4.5850327203e+01    4.5803566333e+01   -8.5719297960e-02   -1.5170999885e-01    2.8912075713e-02    6.3250055643e+01    3.1625027822e+01    3.1625027822e+01
    3.9999139046e+03    3.3503508444e+03   -4.9153201813e+04    4.6388115467e+01    4.6305157104e+01    4.6025087782e+01   -1.7269416128e-01   -2.7329066637e-02    9.1914892623e-02    6.3250055643e+01    3.1625027822e+01    3.1625027822e+01
    3.9735600579e+03    3.3282767111e+03   -4.9134293295e+04    4.6008797199e+01    4.6364060540e+01    4.6512178359e+01   -1.6055065025e-01   -1.1726022787e-01   -1.3239320358e-01    6.3250055643e+01    3.1625027822e+01    3.1625027822e+01
    4.0233208681e+03    3.3699566514e+03   -4.9176124650e+04    4.6448731700e+01    4.5986845532e+01    4.6212963977e+01   -1.6844545802e-01   -1.4602555774e-01   -1.6828837449e-01    6.3250055643e+01    3.1625027822e+01    3.1625027822e+01
    4.0037525220e+03    3.3535660923e+03   -4.9162393035e+04    4.5574242892e+01    4.5931023096e+01    4.6089573014e+01    1.7574650540e-01    1.9287653763e-01   -1.2184615226e-02    6.3250055643e+01    3.1625027822e+01    3.1625027822e+01
    4.0363731475e+03    3.3808893155e+03   -4.9183861282e+04    4.6644199211e+01    4.5711166062e+01    4.5656055083e+01    2.0033921534e-01    2.5274054926e-02   -6.5174331870e-02    6.3250055643e+01    3.1625027822e+01    3.1625027822e+01
    4.0134763021e+03    3.3617107864e+03   -4.9169407188e+04    4.6188419776e+01    4.6168869767e+01    4.5794592614e+01   -1.8917349196e-01   -2.1240734427e-02   -1.1518026832e-01    6.3250055643e+01    3.1625027822e+01    3.1625027822e+01
    3.9697414427e+03    3.3250782171e+03   -4.9125892408e+04    4.6536427946e+01    4.6295249356e+01    4.6034122513e+01    4.7231352503e-03   -2.6802951744e-01    1.8075772096e-01    6.3250055643e+01    3.1625027822e+01    3.1625027822e+01
    4.0366204877e+03    3.3810964891e+03   -4.9188678255e+04    4.6558789794e+01    4.5756601716e+01    4.5520187092e+01   -3.4148539126e-02   -1.8778005087e-01   -4.2264785779e-02    6.3250055643e+01    3.1625027822e+01    3.1625027822e+01
    4.0485633839e+03    3.3910999275e+03   -4.9196964755e+04    4.6090248537e+01    4.5889477114e+01    4.5634021355e+01    1.2181537543e-01   -1.0644877579e-01    1.0959508328e-01    6.3250055643e+01    3.1625027822e+01    3.1625027822e+01
    3.9698813330e+03    3.3251953901e+03   -4.9129168733e+04    4.6232129957e+01    4.5454704206e+01    4.6105432399e+01   -5.6425298249e-02    3.5058220271e-01   -1.1288285988e-01    6.3250055643e+01    3.1625027822e+01    3.1625027822e+01
    3.9988208230e+03    3.3494352730e+03   -4.9158440993e+04    4.6341090932e+01    4.5883506066e+01    4.6159525244e+01    1.9808837452e-01    2.9624643786e-01   -5.5104969563e-02    6.3250055643e+01    3.1625027822e+01    3.1625027822e+01
    4.0034779107e+03    3.3533360764e+03   -4.9156624690e+04    4.6338517829e+01    4.5731912966e+01    4.6368855281e+01    4.4391930634e-02   -9.8282272980e-03    1.1190689770e-01    6.3250055643e+01    3.1625027822e+01    3.1625027822e+01
    3.9874181702e+03    3.3398843456e+03   -4.9138617291e+04    4.6253559220e+01    4.6100022947e+01    4.6282122174e+01   -4.3658664377e-02   -4.4717239106e-02   -1.6035070912e-01    6.3250055643e+01    3.1625027822e+01    3.1625027822e+01
    4.0220062070e+03    3.3688554837e+03   -4.9169758112e+04    4.6062811858e+01    4.6103332546e+01    4.5820302475e+01   -7.9306741026e-02   -1.8786756581e-01    2.8470595459e-02    6.3250055643e+01    3.1625027822e+01    3.1625027822e+01
    4.0573949638e+03    3.3984973095e+03   -4.9196932482e+04    4.5999159967e+01    4.6194023351e+01    4.5988261823e+01   -8.4212544848e-02    1.7788733451e-01    3.5659867120e-01    6.3250055643e+01    3.1625027822e+01    3.1625027822e+01
    4.0052462763e+03    3.3548172695e+03   -4.9155356625e+04    4.6309818486e+01    4.5629701979e+01    4.5971403479e+01    5.9644583921e-02   -1.3869274889e-02   -1.1802170912e-01    6.3250055643e+01    3.1625027822e+01    3.1625027822e+01
    3.9939099203e+03    3.3453218727e+03   -4.9151004795e+04    4.6499729187e+01    4.5680548068e+01    4.5890684807e+01   -6.4021632271e-02   -4.8637441826e-02   -1.1638213061e-01    6.3250055643e+01    3.1625027822e+01    3.1625027822e+01
    4.0301315176e+03    3.3756612905e+03   -4.9180503970e+04    4.6331675348e+01    4.5829010428e+01    4.6046683252e+01    2.3683079606e-02    1.8438684128e-01    9.4141970161e-02    6.3250055643e+01    3.1625027822e+01    3.1625027822e+01
    4.0222666809e+03    3.3690736581e+03   -4.9174451376e+04    4.5819798860e+01    4.6134848230e+01    4.6285033754e+01    3.0798463507e-02    4.7802911245e-02    1.0473083662e-01    6.3250055643e+01    3.1625027822e+01    3.1625027822e+01
    3.9656339409e+03    3.3216377500e+03   -4.9126899449e+04    4.6694216142e+01    4.6251351829e+01    4.6640587766e+01    2.2021793858e-01   -3.3250653139e-02    2.7210535167e-01    6.3250055643e+01    3.1625027822e+01    3.1625027822e+01
    3.9488471252e+03    3.3075770169e+03   -4.9112495822e+04    4.6037827021e+01    4.6262174015e+01    4.6608976087e+01    1.0045379350e-02   -1.8730957157e-01    8.3245862573e-02    6.3250055643e+01    3.1625027822e+01    3.1625027822e+01
    3.9494985242e+03    3.3081226324e+03   -4.9109987722e+04    4.6511395233e+01    4.6522599409e+01    4.5996242203e+01    1.8633656730e-02    8.6779116462e-02   -3.0806430455e-01    6.3250055643e+01    3.1625027822e+01    3.1625027822e+01
    3.9838574950e+03    3.3369019035e+03   -4.9143653477e+04    4.6936495076e+01    4.6123499574e+01    4.6021578752e+01    1.0138684037e-01    3.7707013574e-01    3.0905738074e-01    6.3250055643e+01    3.1625027822e+01    3.1625027822e+01
    4.0363164487e+03    3.3808418242e+03   -4.9184134680e+04    4.6085673046e+01    4.5826679174e+01    4.5728162708e+01    1.9747984504e-01    8.0429004097e-03    2.6898869268e-02    6.3250055643e+01    3.1625027822e+01    3.1625027822e+01
    4.0227855808e+03    3.3695082916e+03   -4.9171165009e+04    4.6126647818e+01    4.6049841949e+01    4.5391836676e+01    2.2332754016e-01    1.3428357323e-01    1.7589267900e-02    6.3250055643e+01    3.1625027822e+01    3.1625027822e+01
    3.9863816309e+03    3.3390161343e+03   -4.9142502370e+04    4.6956168772e+01    4.5779893001e+01    4.5791848641e+01   -7.0420375140e-02    1.5853805370e-01    1.8373324909e-01    6.3250055643e+01    3.1625027822e+01    3.1625027822e+01
    3.9563704278e+03    3.3138785783e+03   -4.9115491773e+04    4.6499518962e+01    4.6297828107e+01    4.6405951214e+01   -6.7677598858e-02    1.9726509082e-03   -6.2422139166e-02    6.3250055643e+01    3.1625027822e+01    3.1625027822e+01
    3.9879108192e+03    3.3402969912e+03   -4.9151958955e+04    4.7034257306e+01    4.6079344130e+01    4.5754675641e+01    2.1173994550e-02   -2.6974676222e-01    8.6137315862e-02    6.3250055643e+01    3.1625027822e+01    3.1625027822e+01
    4.0549672070e+03    3.3964638064e+03   -4.9202193759e+04    4.6175648228e+01    4.5429262827e+01    4.5373576559e+01   -4.5751341694e-02   -1.1077813208e-01   -8.9945995265e-02    6.3250055643e+01    3.1625027822e+01    3.1625027822e+01
    3.9639439713e+03    3.3202222218e+03   -4.9121901287e+04    4.6633564483e+01    4.5900289777e+01    4.6244435963e+01   -1.1287601701e-02   -7.3868272777e-02   -1.5061890419e-02    6.3250055643e+01    3.1625027822e+01    3.1625027822e+01
    3.9928941306e+03    3.3444710414e+03   -4.9143677989e+04    4.6035738343e+01    4.6449019807e+01    4.6134038745e+01    8.2133737494e-02   -1.1066175810e-01   -5.7662222383e-03    6.3250055643e+01    3.1625027822e+01    3.1625027822e+01
    3.9737666493e+03    3.3284497532e+03   -4.9128418285e+04    4.6757619596e+01    4.6381105981e+01    4.5796130777e+01    1.8167297816e-01    1.1311707180e-02   -3.5884552967e-01    6.3250055643e+01    3.1625027822e+01    3.1625027822e+01
    3.9984928328e+03    3.3491605465e+03   -4.9148422601e+04    4.6406144978e+01    4.5972363836e+01    4.6145354158e+01   -1.2835502266e-01   -5.3087956990e-02    4.0727968310e-03    6.3250055643e+01    3.1625027822e+01    3.1625027822e+01
    4.0311423419e+03    3.3765079627e+03   -4.9180318520e+04    4.6305544460e+01    4.6211188491e+01    4.5935092551e+01    8.9581412132e-02    1.6220594559e-01    2.2519197538e-01    6.3250055643e+01    3.1625027822e+01    3.1625027822e+01
    4.0211257138e+03    3.3681179775e+03   -4.9165603444e+04    4.6486024078e+01    4.6008369104e+01    4.5925111961e+01    2.9612004544e-02   -1.4562715544e-01   -6.0812988538e-02    6.3250055643e+01    3.1625027822e+01    3.1625027822e+01
    4.0021482122e+03    3.3522223133e+03   -4.9155752508e+04    4.6060383112e+01    4.6327212324e+01    4.6375528748e+01   -1.2796346638e-01    1.4103295103e-01   -5.7870063134e-02    6.3250055643e+01    3.1625027822e+01    3.1625027822e+01
    4.0130973176e+03    3.3613933468e+03   -4.9163728868e+04    4.6086457103e+01    4.5569951124e+01    4.6510548106e+01    6.3662543928e-02   -2.0931138555e-01    1.8604388328e-02    6.3250055643e+01    3.1625027822e+01    3.1625027822e+01
    4.0060338191e+03    3.3554769199e+03   -4.9155998054e+04    4.6111014432e+01    4.6017054651e+01    4.6104235775e+01    1.1685989306e-01   -5.6641604479e-02   -4.8792068783e-02    6.3250055643e+01    3.1625027822e+01    3.1625027822e+01
    3.9933038697e+03    3.3448142412e+03   -4.9147865925e+04    4.6390901129e+01    4.5782404288e+01    4.6082474872e+01    1.0646487387e-02   -2.1810185059e-01   -1.0187933393e-01    6.3250055643e+01    3.1625027822e+01    3.1625027822e+01
    3.9713350043e+03    3.3264129935e+03   -4.9125876806e+04    4.6699799796e+01    4.6025149291e+01    4.5982037964e+01   -5.2055037765e-02   -9.7949065898e-03   -1.5336875548e-01    6.3250055643e+01    3.1625027822e+01    3.1625027822e+01
    3.9949769923e+03    3.3462156583e+03   -4.9154755238e+04    4.6485527068e+01    4.5945563164e+01    4.6027105893e+01    2.1189786788e-02   -1.1990327523e-01   -5.5568486528e-02    6.3250055643e+01    3.1625027822e+01    3.1625027822e+01
    3.9690121926e+03    3.3244673931e+03   -4.9124144048e+04    4.6366366222e+01    4.6086104391e+01    4.6154698540e+01   -8.2095063055e-02   -2.1019881247e-02    1.5041330120e-02    6.3250055643e+01    3.1625027822e+01    3.1625027822e+01
    3.9626776546e+03    3.3191615477e+03   -4.9121332540e+04    4.6576373054e+01    4.6518213898e+01    4.6285110130e+01    2.5881870093e-01    8.6030237725e-02    2.2616072469e-01    6.3250055643e+01    3.1625027822e+01    3.1625027822e+01
    4.0016128556e+03    3.3517738955e+03   -4.9154726493e+04    4.5930693049e+01    4.6052404909e+01    4.6157553706e+01    1.1122994856e-01   -2.2046062592e-01   -7.3736295507e-02    6.3250055643e+01    3.1625027822e+01    3.1625027822e+01
    3.9960083448e+03    3.3470795251e+03   -4.9145790891e+04    4.6045896951e+01    4.6267108172e+01    4.6145706995e+01   -2.6920990681e-01   -1.3659351014e-01   -1.3726293815e-01    6.3250055643e+01    3.1625027822e+01    3.1625027822e+01
    3.9868917070e+03    3.3394433770e+03   -4.9143585573e+04    4.6883755553e+01    4.6432219808e+01    4.5801250960e+01   -2.3006616776e-01    1.7732099171e-02    1.4786946214e-01    6.3250055643e+01    3.1625027822e+01    3.1625027822e+01
    4.0020906925e+03    3.3521741344e+03   -4.9154997167e+04    4.6596249870e+01    4.5817114786e+01    4.6353546201e+01    4.2071593906e-02   -2.1524175947e-01   -1.6508844202e-02    6.3250055643e+01    3.1625027822e+01    3.1625027822e+01
    3.9758123359e+03    3.3301632321e+03   -4.9128115828e+04    4.6944488584e+01    4.6311359172e+01    4.6132071775e+01   -1.4675817346e-02    1.1019752411e-01    1.5054136007e-01    6.3250055643e+01    3.1625027822e+01    3.1625027822e+01
    3.9722757587e+03    3.3272009747e+03   -4.9129699413e+04    4.6498496799e+01    4.6031740381e+01    4.5932096783e+01   -4.7483394561e-02    2.1977287538e-01   -4.0532771975e-02    6.3250055643e+01    3.1625027822e+01    3.1625027822e+01
    4.0350115536e+03    3.3797488367e+03   -4.9187548493e+04    4.6450324577e+01    4.5603794000e+01    4.6019736129e+01   -1.3552544473e-01    2.3926408763e-01   -9.3009136679e-02    6.3250055643e+01    3.1625027822e+01    3.1625027822e+01
    3.9723260316e+03    3.3272430836e+03   -4.9128606038e+04    4.6954388274e+01    4.6129210214e+01    4.6282920408e+01   -1.7085703607e-01   -2.1479094017e-01   -3.6502576185e-01    6.3250055643e+01    3.1625027822e+01    3.1625027822e+01
    4.0264044425e+03    3.3725394710e+03   -4.9174480533e+04    4.5846894255e+01    4.5909331829e+01    4.6125082060e+01    5.5836998498e-02    2.0332245502e-01   -4.8490233066e-02    6.3250055643e+01    3.1625027822e+01    3.1625027822e+01
    3.9591095664e+03    3.3161728965e+03   -4.9118088172e+04    4.6687294200e+01    4.6585903091e+01    4.6191713942e+01    3.1864775978e-01   -6.4698907573e-02   -1.5420238652e-02    6.3250055643e+01    3.1625027822e+01    3.1625027822e+01
    3.9928123157e+03    3.3444025128e+03   -4.9145222270e+04    4.6150383975e+01    4.6263104976e+01    4.6219439583e+01    2.5975771595e-01   -7.9050030033e-02    3.1095310988e-02    6.3250055643e+01    3.1625027822e+01    3.1625027822e+01
    3.9928123157e+03    3.3444025128e+03   -4.9145222270e+04    4.6150383975e+01    4.6263104976e+01    4.6219439583e+01    2.5975771595e-01   -7.9050030033e-02    3.1095310988e-02    6.3250055643e+01    3.1625027822e+01    3.1625027822e+01
    3.9928123157e+03    3.3444025128e+03   -4.9145222270e+04    4.6150383975e+01    4.6263104976e+01    4.6219439583e+01    2.5975771595e-01   -7.9050030033e-02    3.1095310988e-02    6.3250055643e+01    3.1625027822e+01    3.1625027822e+01
    3.9928123157e+03    3.3444025128e+03   -4.9145222270e+04    4.6150383975e+01    4.6263104976e+01    4.6219439583e+01    2.5975771595e-01   -7.9050030033e-02    3.1095310988e-02    6.3250055643e+01    3.1625027822e+01    3.1625027822e+01
    3.9928123157e+03    3.3444025128e+03   -4.9145222270e+04    4.6150383975e+01    4.6263104976e+01    4.6219439583e+01    2.5975771595e-01   -7.9050030033e-02    3.1095310988e-02    6.3250055643e+01    3.1625027822e+01    3.1625027822e+01
    3.9928123157e+03    3.3444025128e+03   -4.9145222270e+04    4.6150383975e+01    4.6263104976e+01    4.6219439583e+01    2.5975771595e-01   -7.9050030033e-02    3.1095310988e-02    6.3250055643e+01    3.1625027822e+01    3.1625027822e+01
    3.9928123157e+03    3.3444025128e+03   -4.9145222270e+04    4.6150383975e+01    4.6263104976e+01    4.6219439583e+01    2.5975771595e-01   -7.9050030033e-02    3.1095310988e-02    6.3250055643e+01    3.1625027822e+01    3.1625027822e+01
    3.9928123157e+03    3.3444025128e+03   -4.9145222270e+04    4.6150383975e+01    4.6263104976e+01    4.6219439583e+01    2.5975771595e-01   -7.9050030033e-02    3.1095310988e-02    6.3250055643e+01    3.1625027822e+01    3.1625027822e+01
    3.9928123157e+03    3.3444025128e+03   -4.9145222270e+04    4.6150383975e+01    4.6263104976e+01    4.6219439583e+01    2.5975771595e-01   -7.9050030033e-02    3.1095310988e-02    6.3250055643e+01    3.1625027822e+01    3.1625027822e+01
    3.9928123157e+03    3.3444025128e+03   -4.9145222270e+04    4.6150383975e+01    4.6263104976e+01    4.6219439583e+01    2.5975771595e-01   -7.9050030033e-02    3.1095310988e-02    6.3250055643e+01    3.1625027822e+01    3.1625027822e+01
    3.9928123157e+03    3.3444025128e+03   -4.9145222270e+04    4.6150383975e+01    4.6263104976e+01    4.6219439583e+01    2.5975771595e-01   -7.9050030033e-02    3.1095310988e-02    6.3250055643e+01    3.1625027822e+01    3.1625027822e+01
    3.9928123157e+03    3.3444025128e+03   -4.9145222270e+04    4.6150383975e+01    4.6263104976e+01    4.6219439583e+01    2.5975771595e-01   -7.9050030033e-02    3.1095310988e-02    6.3250055643e+01    3.1625027822e+01    3.1625027822e+01
    3.9928123157e+03    3.3444025128e+03   -4.9145222270e+04    4.6150383975e+01    4.6263104976e+01    4.6219439583e+01    2.5975771595e-01   -7.9050030033e-02    3.1095310988e-02    6.3250055643e+01    3.1625027822e+01    3.1625027822e+01
    3.9928123157e+03    3.3444025128e+03   -4.9145222270e+04    4.6150383975e+01    4.6263104976e+01    4.6219439583e+01    2.5975771595e-01   -7.9050030033e-02    3.1095310988e-02    6.3250055643e+01    3.1625027822e+01    3.1625027822e+01
    3.9928123157e+03    3.3444025128e+03   -4.9145222270e+04    4.6150383975e+01    4.6263104976e+01    4.6219439583e+01    2.5975771595e-01   -7.9050030033e-02    3.1095310988e-02    6.3250055643e+01    3.1625027822e+01    3.1625027822e+01
    3.9928123157e+03    3.3444025128e+03   -4.9145222270e+04    4.6150383975e+01    4.6263104976e+01    4.6219439583e+01    2.5975771595e-01   -7.9050030033e-02    3.1095310988e-02    6.3250055643e+01    3.1625027822e+01    3.1625027822e+01
    3.9928123157e+03    3.3444025128e+03   -4.9145222270e+04    4.6150383975e+01    4.6263104976e+01    4.6219439583e+01    2.5975771595e-01   -7.9050030033e-02    3.1095310988e-02    6.3250055643e+01    3.1625027822e+01    3.1625027822e+01
    3.9928123157e+03    3.3444025128e+03   -4.9145222270e+04    4.6150383975e+01    4.6263104976e+01    4.6219439583e+01    2.5975771595e-01   -7.9050030033e-02    3.1095310988e-02    6.3250055643e+01    3.1625027822e+01    3.1625027822e+01
    3.9928123157e+03    3.3444025128e+03   -4.9145222270e+04    4.6150383975e+01    4.6263104976e+01    4.6219439583e+01    2.5975771595e-01   -7.9050030033e-02    3.1095310988e-02    6.3250055643e+01    3.1625027822e+01    3.1625027822e+01
    3.9928123157e+03    3.3444025128e+03   -4.9145222270e+04    4.6150383975e+01    4.6263104976e+01    4.6219439583e+01    2.5975771595e-01   -7.9050030033e-02    3.1095310988e-02    6.3250055643e+01    3.1625027822e+01    3.1625027822e+01
    3.9928123157e+03    3.3444025128e+03   -4.9145222270e+04    4.6150383975e+01    4.6263104976e+01    4.6219439583e+01    2.5975771595e-01   -7.9050030033e-02    3.1095310988e-02    6.3250055643e+01    3.1625027822e+01    3.1625027822e+01
    3.9928123157e+03    3.3444025128e+03   -4.9145222270e+04    4.6150383975e+01    4.6263104976e+01    4.6219439583e+01    2.5975771595e-01   -7.9050030033e-02    3.1095310988e-02    6.3250055643e+01    3.1625027822e+01    3.1625027822e+01
    3.9928123157e+03    3.3444025128e+03   -4.9145222270e+04    4.6150383975e+01    4.6263104976e+01    4.6219439583e+01    2.5975771595e-01   -7.9050030033e-02    3.1095310988e-02    6.3250055643e+01    3.1625027822e+01    3.1625027822e+01
    3.9928123157e+03    3.3444025128e+03   -4.9145222270e+04    4.6150383975e+01    4.6263104976e+01    4.6219439583e+01    2.5975771595e-01   -7.9050030033e-02    3.1095310988e-02    6.3250055643e+01    3.1625027822e+01    3.1625027822e+01
    3.9928123157e+03    3.3444025128e+03   -4.9145222270e+04    4.6150383975e+01    4.6263104976e+01    4.6219439583e+01    2.5975771595e-01   -7.9050030033e-02    3.1095310988e-02    6.3250055643e+01    3.1625027822e+01    3.1625027822e+01
    3.9928123157e+03    3.3444025128e+03   -4.9145222270e+04    4.6150383975e+01    4.6263104976e+01    4.6219439583e+01    2.5975771595e-01   -7.9050030033e-02    3.1095310988e-02    6.3250055643e+01    3.1625027822e+01    3.1625027822e+01
    3.9928123157e+03    3.3444025128e+03   -4.9145222270e+04    4.6150383975e+01    4.6263104976e+01    4.6219439583e+01    2.5975771595e-01   -7.9050030033e-02    3.1095310988e-02    6.3250055643e+01    3.1625027822e+01    3.1625027822e+01
    3.9928123157e+03    3.3444025128e+03   -4.9145222270e+04    4.6150383975e+01    4.6263104976e+01    4.6219439583e+01    2.5975771595e-01   -7.9050030033e-02    3.1095310988e-02    6.3250055643e+01    3.1625027822e+01    3.1625027822e+01
    3.9928123157e+03    3.3444025128e+03   -4.9145222270e+04    4.6150383975e+01    4.6263104976e+01    4.6219439583e+01    2.5975771595e-01   -7.9050030033e-02    3.1095310988e-02    6.3250055643e+01    3.1625027822e+01    3.1625027822e+01
    3.9928123157e+03    3.3444025128e+03   -4.9145222270e+04    4.6150383975e+01    4.6263104976e+01    4.6219439583e+01    2.5975771595e-01   -7.9050030033e-02    3.1095310988e-02    6.3250055643e+01    3.1625027822e+01    3.1625027822e+01
    3.9928123157e+03    3.3444025128e+03   -4.9145222270e+04    4.6150383975e+01    4.6263104976e+01    4.6219439583e+01    2.5975771595e-01   -7.9050030033e-02    3.1095310988e-02    6.3250055643e+01    3.1625027822e+01    3.1625027822e+01
