    2.9856636073e+03    3.3448320027e+03   -6.0120866173e+04    1.3980868383e+02    1.3937253701e+02    1.4028592858e+02    3.9129264409e-02   -1.3132715534e-02    6.5237170242e-02    7.8430580730e+01    2.9411467774e+01    2.9411467774e+01
    2.9778164597e+03    3.3360408615e+03   -6.0092148109e+04    1.3979831745e+02    1.3986862246e+02    1.3987837252e+02   -5.7088447351e-02   -1.5388499553e-01   -8.8936300590e-02    7.8430580730e+01    2.9411467774e+01    2.9411467774e+01
    3.0094761484e+03    3.3715091372e+03   -6.0128603295e+04    1.4001683225e+02    1.3978738700e+02    1.3935447952e+02   -1.3058202910e-01    7.2585957591e-02    1.9046366868e-02    7.8430580730e+01    2.9411467774e+01    2.9411467774e+01
    2.9845745824e+03    3.3436119707e+03   -6.0095451797e+04    1.3989175712e+02    1.3948332571e+02    1.4001265785e+02    6.6540403394e-02    2.7208566386e-02   -2.8176552994e-01    7.8430580730e+01    2.9411467774e+01    2.9411467774e+01
    2.9883219532e+03    3.3478101415e+03   -6.0102098374e+04    1.4010795856e+02    1.3960356807e+02    1.3966862848e+02   -1.0784319217e-02    8.7270131625e-02    9.1321885410e-02    7.8430580730e+01    2.9411467774e+01    2.9411467774e+01
    3.0175940657e+03    3.3806036210e+03   -6.0135730394e+04    1.3960660270e+02    1.3972097183e+02    1.3950588454e+02    3.6050265979e-02   -2.6098508122e-01    6.1433021282e-02    7.8430580730e+01    2.9411467774e+01    2.9411467774e+01
    3.0214940187e+03    3.3849727294e+03   -6.0141800060e+04    1.3948961637e+02    1.3982809268e+02    1.3975751460e+02   -1.5423848052e-01   -7.5242874957e-02   -5.7097051852e-03    7.8430580730e+01    2.9411467774e+01    2.9411467774e+01
    2.9958504566e+03    3.3562443063e+03   -6.0110969355e+04    1.3968292922e+02    1.3974560914e+02    1.3967414492e+02   -1.8805771854e-01   -3.7711172118e-02   -1.3494616172e-02    7.8430580730e+01    2.9411467774e+01    2.9411467774e+01
    3.0042963927e+03    3.3657062690e+03   -6.0122407537e+04    1.3964450888e+02    1.3967624524e+02    1.4001699922e+02    1.3871617273e-01    7.1859128881e-02    4.2157582744e-02    7.8430580730e+01    2.9411467774e+01    2.9411467774e+01
    3.0212742146e+03    3.3847264833e+03   -6.0143184534e+04    1.3977489130e+02    1.3991063347e+02    1.3973691582e+02   -1.3041420415e-03   -3.0453329882e-02    1.2881726753e-01    7.8430580730e+01    2.9411467774e+01    2.9411467774e+01
    3.0050784834e+03    3.3665824433e+03   -6.0123709136e+04    1.3983221338e+02    1.4009008190e+02    1.3946389970e+02    1.4707294467e-01    5.6490735940e-02   -1.8987809105e-01    7.8430580730e+01    2.9411467774e+01    2.9411467774e+01
    3.0009334367e+03    3.3619387571e+03   -6.0120373968e+04    1.3980510543e+02    1.3991250328e+02    1.3989900421e+02    7.3408798347e-02    6.9108582909e-02   -5.9463010125e-02    7.8430580730e+01    2.9411467774e+01    2.9411467774e+01
    2.9924270489e+03    3.3524090707e+03   -6.0108017262e+04    1.3980012255e+02    1.4015319065e+02    1.3940826642e+02   -1.8161669382e-01    3.4891197062e-02    1.3858602930e-01    7.8430580730e+01    2.9411467774e+01    2.9411467774e+01
    2.9962530354e+03    3.3566953144e+03   -6.0109028057e+04    1.4002375084e+02    1.3972308680e+02    1.3986500031e+02   -2.8839117583e-02    1.6110310157e-01   -1.4921232067e-01    7.8430580730e+01    2.9411467774e+01    2.9411467774e+01
    3.0080735582e+03    3.3699378186e+03   -6.0126201477e+04    1.3985336973e+02    1.3964595334e+02    1.3944465645e+02    2.7507155660e-01    4.2449713542e-02    9.4811351108e-02    7.8430580730e+01    2.9411467774e+01    2.9411467774e+01
    3.0087275283e+03    3.3706704598e+03   -6.0127054150e+04    1.3985289614e+02    1.3944265374e+02    1.3993820924e+02    1.3152373931e-01   -2.5856881478e-01   -9.0756086480e-02    7.8430580730e+01    2.9411467774e+01    2.9411467774e+01
    3.0116338483e+03    3.3739264034e+03   -6.0133141156e+04    1.3981256659e+02    1.3942907101e+02    1.3992710662e+02    4.5723605892e-02    2.2622838159e-01    1.6218230315e-01    7.8430580730e+01    2.9411467774e+01    2.9411467774e+01
    3.0224358231e+03    3.3860278307e+03   -6.0142440735e+04    1.3969641322e+02    1.3956291956e+02    1.3952355914e+02    3.7104525813e-03    1.3848163718e-01    5.6044734623e-02    7.8430580730e+01    2.9411467774e+01    2.9411467774e+01
    3.0007065150e+03    3.3616845372e+03   -6.0114176272e+04    1.3981504105e+02    1.3962578709e+02    1.3952656510e+02   -1.8909534664e-01   -3.6214398227e-02   -1.7572933887e-01    7.8430580730e+01    2.9411467774e+01    2.9411467774e+01
    3.0105489512e+03    3.3727109957e+03   -6.0126060572e+04    1.4027330290e+02    1.3931816565e+02    1.3966539281e+02   -1.2909375504e-01    1.8345169163e-01    2.9916627677e-03    7.8430580730e+01    2.9411467774e+01    2.9411467774e+01
    2.9685598281e+03    3.3256706786e+03   -6.0082882719e+04    1.3987600132e+02    1.3979925196e+02    1.4023424584e+02    2.2493497041e-01    1.4636335279e-01    3.0157727776e-02    7.8430580730e+01    2.9411467774e+01    2.9411467774e+01
    2.9916927356e+03    3.3515864211e+03   -6.0108801645e+04    1.4001837148e+02    1.3979148657e+02    1.3959238078e+02   -7.8533201280e-02   -1.2010009863e-01   -1.5823114721e-01    7.8430580730e+01    2.9411467774e+01    2.9411467774e+01
    2.9864451653e+03    3.3457075803e+03   -6.0100938795e+04    1.4013655300e+02    1.3980951795e+02    1.3965646100e+02   -3.9068455295e-01    5.8815742736e-02    9.7627462700e-02    7.8430580730e+01    2.9411467774e+01    2.9411467774e+01
    2.9847639434e+03    3.3438241113e+03   -6.0098669473e+04    1.3999337571e+02    1.3996179670e+02    1.3957758661e+02   -2.5822055747e-01    2.2110801526e-01   -5.1155938190e-02    7.8430580730e+01    2.9411467774e+01    2.9411467774e+01
    2.9774871447e+03    3.3356719306e+03   -6.0092570371e+04    1.4009418210e+02    1.3951089195e+02    1.3983834118e+02   -1.8238135277e-01   -1.7740322081e-01   -1.1049034190e-01    7.8430580730e+01    2.9411467774e+01    2.9411467774e+01
    2.9860793476e+03    3.3452977556e+03   -6.0100281569e+04    1.4027660303e+02    1.3978242387e+02    1.3950926296e+02   -1.4479696681e-01    2.0168024553e-02   -4.5421671513e-01    7.8430580730e+01    2.9411467774e+01    2.9411467774e+01
    3.0037055599e+03    3.3650443603e+03   -6.0119335142e+04    1.4025843627e+02    1.3975262847e+02    1.3953168772e+02   -1.3137671944e-01   -7.2074310904e-02    1.8582462396e-02    7.8430580730e+01    2.9411467774e+01    2.9411467774e+01
    2.9960862530e+03    3.3565084685e+03   -6.0114635143e+04    1.3964311748e+02    1.3946968540e+02    1.4021926351e+02    4.7630380738e-02   -6.8741700999e-02    7.7023849083e-02    7.8430580730e+01    2.9411467774e+01    2.9411467774e+01
    2.9779190091e+03    3.3361557474e+03   -6.0093610250e+04    1.4015357652e+02    1.3979006633e+02    1.3977059280e+02    1.2638135948e-02    1.9010058441e-01    2.0066968176e-01    7.8430580730e+01    2.9411467774e+01    2.9411467774e+01
    2.9852975597e+03    3.3444219205e+03   -6.0102131907e+04    1.3977010704e+02    1.3986747291e+02    1.3983961258e+02    8.5908066691e-02    1.6556651361e-01    2.6491757332e-01    7.8430580730e+01    2.9411467774e+01    2.9411467774e+01
    2.9923599196e+03    3.3523338658e+03   -6.0105636219e+04    1.3962826179e+02    1.4021550774e+02    1.3964959493e+02    1.0368966253e-01    1.2750539878e-01   -5.3605716807e-02    7.8430580730e+01    2.9411467774e+01    2.9411467774e+01
    2.9674110266e+03    3.3243836789e+03   -6.0080621037e+04    1.4030106910e+02    1.3953343166e+02    1.4008262098e+02   -3.2094140079e-02    7.1109670774e-02   -3.8120017445e-02    7.8430580730e+01    2.9411467774e+01    2.9411467774e+01
    2.9872879942e+03    3.3466517996e+03   -6.0102340281e+04    1.3999751473e+02    1.3990792694e+02    1.3961332415e+02    3.2992527541e-02   -2.7780324093e-01    1.4387141453e-01    7.8430580730e+01    2.9411467774e+01    2.9411467774e+01
    3.0131601721e+03    3.3756363404e+03   -6.0131876287e+04    1.4006895711e+02    1.3920915485e+02    1.3972067188e+02    4.5577053146e-02    1.8826722705e-01   -2.0227579723e-03    7.8430580730e+01    2.9411467774e+01    2.9411467774e+01
    2.9833666482e+03    3.3422587247e+03   -6.0094123523e+04    1.4003569609e+02    1.3995199559e+02    1.3983448642e+02   -1.9640903431e-01   -2.0672691953e-01   -9.5818133378e-02    7.8430580730e+01    2.9411467774e+01    2.9411467774e+01
    2.9657503913e+03    3.3225232731e+03   -6.0081484311e+04    1.3979941342e+02    1.4005945380e+02    1.4001275046e+02    1.6004877577e-02   -3.0261133905e-01   -6.3185362550e-03    7.8430580730e+01    2.9411467774e+01    2.9411467774e+01
    2.9986805872e+03    3.3594148951e+03   -6.0114045275e+04    1.3999359236e+02    1.3959658808e+02    1.3984501546e+02   -2.4354435295e-01    1.3544131987e-01    1.3220383139e-01    7.8430580730e+01    2.9411467774e+01    2.9411467774e+01
    3.0114652305e+03    3.3737375013e+03   -6.0127687849e+04    1.3980477195e+02    1.3927138095e+02    1.3998579113e+02   -1.3468054215e-02   -3.2766350912e-02   -4.8563823090e-02    7.8430580730e+01    2.9411467774e+01    2.9411467774e+01
    3.0043360662e+03    3.3657507151e+03   -6.0120208220e+04    1.3975339055e+02    1.3997810422e+02    1.3966989072e+02    3.9749057759e-02    6.1939492018e-02   -3.1147591892e-02    7.8430580730e+01    2.9411467774e+01    2.9411467774e+01
    2.9842591289e+03    3.3432585688e+03   -6.0096909980e+04    1.4005720362e+02    1.3955898561e+02    1.4006575146e+02    4.2505948896e-02   -1.7855956691e-01    2.0861350074e-01    7.8430580730e+01    2.9411467774e+01    2.9411467774e+01
    3.0098017782e+03    3.3718739395e+03   -6.0126518648e+04    1.4024909776e+02    1.3954119951e+02    1.3955086010e+02   -9.3652909905e-02   -9.2043987825e-02    9.3769048382e-02    7.8430580730e+01    2.9411467774e+01    2.9411467774e+01
    2.9798431686e+03    3.3383113787e+03   -6.0094354588e+04    1.4009222342e+02    1.3943227680e+02    1.3988600024e+02    1.3152083140e-01    2.1532460406e-03    3.6532813320e-02    7.8430580730e+01    2.9411467774e+01    2.9411467774e+01
    3.0068051285e+03    3.3685167998e+03   -6.0123563892e+04    1.3978419612e+02    1.3980099916e+02    1.3956503796e+02    6.7948175434e-02    1.1742955671e-01   -6.1803372628e-02    7.8430580730e+01    2.9411467774e+01    2.9411467774e+01
    2.9956495948e+03    3.3560192813e+03   -6.0112155844e+04    1.3980932942e+02    1.3985181222e+02    1.3957576172e+02    4.7006919903e-02   -9.8831025080e-02    1.1817542265e-01    7.8430580730e+01    2.9411467774e+01    2.9411467774e+01
    2.9800211896e+03    3.3385108153e+03   -6.0095723982e+04    1.3964693648e+02    1.3981540633e+02    1.4010769069e+02    1.8682117138e-01   -1.9700850967e-01   -2.2247432302e-01    7.8430580730e+01    2.9411467774e+01    2.9411467774e+01
    2.9903934950e+03    3.3501308849e+03   -6.0104451809e+04    1.4004622734e+02    1.3978140569e+02    1.4003442669e+02    4.6063815415e-02   -5.2697150728e-02   -3.4596785533e-02    7.8430580730e+01    2.9411467774e+01    2.9411467774e+01
    3.0265881248e+03    3.3906796446e+03   -6.0144540720e+04    1.3962752259e+02    1.3976433959e+02    1.3965222038e+02    5.4843262525e-02    5.9376321999e-02   -1.1879015569e-01    7.8430580730e+01    2.9411467774e+01    2.9411467774e+01
    2.9746793493e+03    3.3325263640e+03   -6.0089672929e+04    1.3971235432e+02    1.4034598055e+02    1.3970222200e+02    2.9173969404e-02   -2.2263925519e-01    1.3055465354e-02    7.8430580730e+01    2.9411467774e+01    2.9411467774e+01
    2.9681864658e+03    3.3252524017e+03   -6.0081831486e+04    1.4003876598e+02    1.3974506000e+02    1.4020553369e+02    3.0031770337e-02   -4.9917840800e-02   -9.5933751729e-02    7.8430580730e+01    2.9411467774e+01    2.9411467774e+01
    3.0109445464e+03    3.3731541800e+03   -6.0130408234e+04    1.3956272665e+02    1.3979141733e+02    1.3992776482e+02   -4.3400166521e-02    7.6201974140e-02   -5.4094553418e-03    7.8430580730e+01    2.9411467774e+01    2.9411467774e+01
    2.9766297952e+03    3.3347114440e+03   -6.0087998137e+04    1.4009850258e+02    1.3960476778e+02    1.3954602072e+02    1.4333469562e-01   -9.6368541648e-02   -3.9090411026e-02    7.8430580730e+01    2.9411467774e+01    2.9411467774e+01
    3.0133057126e+03    3.3757993891e+03   -6.0135545114e+04    1.3989481770e+02    1.3979385031e+02    1.3939269270e+02    1.7544927700e-01    4.9238067553e-02    8.7292758459e-02    7.8430580730e+01    2.9411467774e+01    2.9411467774e+01
    2.9986979192e+03    3.3594343120e+03   -6.0116606623e+04    1.4007517053e+02    1.3927913927e+02    1.4004715927e+02    4.5219674871e-02   -2.5849572655e-03   -4.7328449156e-02    7.8430580730e+01    2.9411467774e+01    2.9411467774e+01
    3.0096722886e+03    3.3717288726e+03   -6.0127974416e+04    1.3976310899e+02    1.3982379113e+02    1.3993459897e+02    1.3263071734e-01   -2.7413503383e-02   -2.2983906321e-01    7.8430580730e+01    2.9411467774e+01    2.9411467774e+01
    2.9622419084e+03    3.3185927278e+03   -6.0074814472e+04    1.4055162120e+02    1.3997282939e+02    1.3972114180e+02   -8.1528383996e-02    2.2570453031e-01   -5.6780128646e-02    7.8430580730e+01    2.9411467774e+01    2.9411467774e+01
    3.0371810762e+03    3.4025469035e+03   -6.0157535213e+04    1.3970287354e+02    1.3939964806e+02    1.3936488894e+02    1.6423230019e-03   -6.3060208423e-02   -2.0115935705e-01    7.8430580730e+01    2.9411467774e+01    2.9411467774e+01
    3.0062416462e+03    3.3678855319e+03   -6.0120618526e+04    1.3970046803e+02    1.3937835104e+02    1.4026177734e+02   -6.8920298564e-02   -1.2042175200e-01   -8.0036802382e-02    7.8430580730e+01    2.9411467774e+01    2.9411467774e+01
    3.0179922058e+03    3.3810496565e+03   -6.0136751976e+04    1.4001535373e+02    1.3986305439e+02    1.3935348816e+02    1.7507675348e-01    5.6364405644e-02    3.6307879551e-02    7.8430580730e+01    2.9411467774e+01    2.9411467774e+01
    2.9859523755e+03    3.3451555091e+03   -6.0099377761e+04    1.4016986371e+02    1.3991239353e+02    1.3936282460e+02   -1.7427471126e-01   -2.5011278840e-02    9.7472919710e-03    7.8430580730e+01    2.9411467774e+01    2.9411467774e+01
    3.0086300960e+03    3.3705613066e+03   -6.0127654909e+04    1.4036045143e+02    1.3973253695e+02    1.3937962469e+02   -1.0672588349e-01   -1.1548948984e-01    1.4622624453e-01    7.8430580730e+01    2.9411467774e+01    2.9411467774e+01
    2.9782869983e+03    3.3365680047e+03   -6.0093109223e+04    1.3985441095e+02    1.3996864888e+02    1.3993046429e+02    3.8168329756e-02   -1.4305791161e-01    1.9511243951e-01    7.8430580730e+01    2.9411467774e+01    2.9411467774e+01
    2.9837797285e+03    3.3427214977e+03   -6.0099353128e+04    1.3974220108e+02    1.3994099813e+02    1.4001541831e+02    1.5726314344e-01   -7.6255832528e-02    2.9874871801e-02    7.8430580730e+01    2.9411467774e+01    2.9411467774e+01
    3.0256193186e+03    3.3895942933e+03   -6.0148219726e+04    1.3968315962e+02    1.3995077158e+02    1.3917917195e+02   -8.3691726103e-02    7.9794643151e-02   -9.4186479100e-02    7.8430580730e+01    2.9411467774e+01    2.9411467774e+01
    3.0108911526e+03    3.3730943631e+03   -6.0128186330e+04    1.3968718474e+02    1.3982958718e+02    1.3977295569e+02    1.2436738810e-01   -1.1779866268e-01   -1.2429488612e-01    7.8430580730e+01    2.9411467774e+01    2.9411467774e+01
    2.9809631902e+03    3.3395661364e+03   -6.0094405777e+04    1.3963570837e+02    1.3973536600e+02    1.4009587571e+02   -1.9049754112e-02    8.5102049215e-02    1.5826197662e-01    7.8430580730e+01    2.9411467774e+01    2.9411467774e+01
    3.0049613687e+03    3.3664512400e+03   -6.0121310828e+04    1.4040725607e+02    1.3891977818e+02    1.3984778383e+02    3.1909103312e-02    2.3425904720e-02   -2.6090959244e-01    7.8430580730e+01    2.9411467774e+01    2.9411467774e+01
    3.0171205244e+03    3.3800731139e+03   -6.0135768094e+04    1.3974628652e+02    1.3943199288e+02    1.3999002682e+02   -2.3590601060e-01    9.2650205921e-02    8.9103385892e-02    7.8430580730e+01    2.9411467774e+01    2.9411467774e+01
    3.0041752654e+03    3.3655705703e+03   -6.0120713793e+04    1.3943681935e+02    1.3973837234e+02    1.4000749866e+02   -6.1034965889e-02   -6.5895455932e-02    4.4606527791e-02    7.8430580730e+01    2.9411467774e+01    2.9411467774e+01
    3.0166949904e+03    3.3795963892e+03   -6.0131533074e+04    1.3938731621e+02    1.4008885033e+02    1.3972646108e+02   -5.7382105177e-02   -1.0394434846e-02   -5.0349384797e-02    7.8430580730e+01    2.9411467774e+01    2.9411467774e+01
    2.9884455929e+03    3.3479486547e+03   -6.0105317046e+04    1.3944924475e+02    1.3992741159e+02    1.4009265200e+02    2.4528990248e-02   -7.8749121766e-02   -3.8473548474e-02    7.8430580730e+01    2.9411467774e+01    2.9411467774e+01
    2.9920933502e+03    3.3520352287e+03   -6.0110876162e+04    1.3985383692e+02    1.3959029493e+02    1.3989711144e+02    1.4061635962e-01    1.3862706286e-01   -6.1528376691e-02    7.8430580730e+01    2.9411467774e+01    2.9411467774e+01
    3.0294571209e+03    3.3938937743e+03   -6.0148397969e+04    1.3959568815e+02    1.3970646951e+02    1.3970765220e+02    2.7367794507e-01   -1.2714951465e-01    1.2860259814e-02    7.8430580730e+01    2.9411467774e+01    2.9411467774e+01
    3.0114208652e+03    3.3736877988e+03   -6.0130810559e+04    1.3988953488e+02    1.3983522932e+02    1.3952041321e+02   -7.4844530975e-02    1.5649340347e-01    5.2660902887e-02    7.8430580730e+01    2.9411467774e+01    2.9411467774e+01
    2.9692898775e+03    3.3264885512e+03   -6.0079745046e+04    1.3979865458e+02    1.4007491771e+02    1.3985254880e+02    1.2126363422e-01    6.0204476184e-02   -5.1155671099e-02    7.8430580730e+01    2.9411467774e+01    2.9411467774e+01
    2.9662180535e+03    3.3230471940e+03   -6.0079395030e+04    1.4025309972e+02    1.3991454687e+02    1.3965670964e+02    2.5258770996e-01   -1.0339617644e-01    5.9031122149e-02    7.8430580730e+01    2.9411467774e+01    2.9411467774e+01
    3.0192522498e+03    3.3824612809e+03   -6.0142547540e+04    1.4000837388e+02    1.3984497589e+02    1.3911400663e+02   -2.1077535126e-01    8.3304770902e-02   -1.9676624312e-02    7.8430580730e+01    2.9411467774e+01    2.9411467774e+01
    2.9810954426e+03    3.3397142985e+03   -6.0099120634e+04    1.4006031125e+02    1.3965448912e+02    1.3970986200e+02    1.0607983475e-01    2.0401887394e-01    1.2351770583e-01    7.8430580730e+01    2.9411467774e+01    2.9411467774e+01
    2.9865379476e+03    3.3458115241e+03   -6.0097715798e+04    1.4005360704e+02    1.3960565107e+02    1.3983709106e+02   -1.7936532411e-02   -1.4754234219e-01   -2.8496200643e-01    7.8430580730e+01    2.9411467774e+01    2.9411467774e+01
    3.0093537013e+03    3.3713719600e+03   -6.0124840378e+04    1.3968917688e+02    1.3981357534e+02    1.3997909059e+02   -1.6109869203e-01    1.7467694399e-01    1.0961771342e-01    7.8430580730e+01    2.9411467774e+01    2.9411467774e+01
    3.0009473346e+03    3.3619543269e+03   -6.0114199305e+04    1.3985411252e+02    1.3981704121e+02    1.3960686805e+02    1.8997082510e-03    9.4620233218e-02    6.3158571508e-02    7.8430580730e+01    2.9411467774e+01    2.9411467774e+01
    2.9881263189e+03    3.3475909728e+03   -6.0100277720e+04    1.4011672274e+02    1.3987982614e+02    1.3951645863e+02   -1.0610099660e-01   -1.2847042870e-01    7.5699292227e-02    7.8430580730e+01    2.9411467774e+01    2.9411467774e+01
    2.9812659559e+03    3.3399053241e+03   -6.0091385893e+04    1.3991695729e+02    1.3985719342e+02    1.4000448739e+02   -7.8814098539e-02    2.5618622367e-01    5.3583081378e-02    7.8430580730e+01    2.9411467774e+01    2.9411467774e+01
    2.9949984390e+03    3.3552897929e+03   -6.0108404672e+04    1.3999940482e+02    1.3942001267e+02    1.4016812445e+02   -7.5156473082e-02    8.0198743374e-02   -6.0170747050e-02    7.8430580730e+01    2.9411467774e+01    2.9411467774e+01
    2.9929896793e+03    3.3530393841e+03   -6.0106349547e+04    1.4008072595e+02    1.3954450445e+02    1.3994410001e+02   -9.4483428774e-03    8.3527193803e-02    1.0695140052e-01    7.8430580730e+01    2.9411467774e+01    2.9411467774e+01
    2.9673982858e+03    3.3243694055e+03   -6.0082122872e+04    1.4002894386e+02    1.4000102621e+02    1.3965437764e+02   -1.4579584137e-01    4.9462750196e-03   -4.3935914071e-02    7.8430580730e+01    2.9411467774e+01    2.9411467774e+01
    2.9772396427e+03    3.3353946547e+03   -6.0091202948e+04    1.4002894850e+02    1.3966923370e+02    1.3988969035e+02    9.8063892190e-02    1.5187043861e-01    1.1625399176e-01    7.8430580730e+01    2.9411467774e+01    2.9411467774e+01
    2.9951701760e+03    3.3554821895e+03   -6.0112246277e+04    1.3993238622e+02    1.3924815205e+02    1.4002955828e+02   -4.2667263692e-03   -5.6683514491e-02    1.1171019630e-01    7.8430580730e+01    2.9411467774e+01    2.9411467774e+01
    2.9906966077e+03    3.3504704613e+03   -6.0107372888e+04    1.3972277970e+02    1.3999044954e+02    1.3980908344e+02    1.0595139920e-04   -1.8924377418e-01    2.8965284411e-02    7.8430580730e+01    2.9411467774e+01    2.9411467774e+01
    2.9679720497e+03    3.3250121918e+03   -6.0079574385e+04    1.4028778309e+02    1.3970475847e+02    1.3974629864e+02   -1.6996476745e-01    4.0519447341e-02    3.3331536442e-02    7.8430580730e+01    2.9411467774e+01    2.9411467774e+01
    2.9923829169e+03    3.3523596296e+03   -6.0105278390e+04    1.4002822275e+02    1.3996433931e+02    1.3934189171e+02   -1.4892639334e-01   -1.4799447199e-01    1.7504882142e-01    7.8430580730e+01    2.9411467774e+01    2.9411467774e+01
    3.0043189925e+03    3.3657315874e+03   -6.0120548965e+04    1.3981130289e+02    1.3994998598e+02    1.3954149471e+02    1.8361456818e-01   -1.1763660795e-01   -1.9637634610e-01    7.8430580730e+01    2.9411467774e+01    2.9411467774e+01
    2.9978912403e+03    3.3585305916e+03   -6.0113572616e+04    1.3987683183e+02    1.3972303058e+02    1.3942503775e+02    8.1689096374e-02    1.7474526108e-01   -3.4089397808e-02    7.8430580730e+01    2.9411467774e+01    2.9411467774e+01
    3.0364218219e+03    3.4016963126e+03   -6.0153201560e+04    1.4003702675e+02    1.3951288261e+02    1.3946152943e+02    4.5717153745e-02    3.3556724124e-02   -1.9200292570e-01    7.8430580730e+01    2.9411467774e+01    2.9411467774e+01
    2.9849119006e+03    3.3439898674e+03   -6.0099789223e+04    1.4025474930e+02    1.3960199834e+02    1.3975027850e+02    3.0994309540e-01    1.1011397687e-01   -1.9848390078e-01    7.8430580730e+01    2.9411467774e+01    2.9411467774e+01
    3.0155331751e+03    3.3782948101e+03   -6.0133815814e+04    1.3973050162e+02    1.4006150395e+02    1.3961132382e+02   -4.9057184800e-02    1.2860685831e-01    1.3370967957e-01    7.8430580730e+01    2.9411467774e+01    2.9411467774e+01
    3.0097497949e+03    3.3718157027e+03   -6.0128540198e+04    1.3957382138e+02    1.3998019141e+02    1.3956455082e+02    3.5821195359e-02    3.8317185473e-02   -1.1493740208e-01    7.8430580730e+01    2.9411467774e+01    2.9411467774e+01
    3.0021570632e+03    3.3633095831e+03   -6.0114303796e+04    1.4026483777e+02    1.3964319243e+02    1.3960769529e+02   -6.9332621689e-02   -1.3150694951e-02   -2.6213563894e-01    7.8430580730e+01    2.9411467774e+01    2.9411467774e+01
    2.9773102641e+03    3.3354737717e+03   -6.0091831042e+04    1.3977467868e+02    1.3972077563e+02    1.4029194545e+02   -1.6300288428e-01    8.1753134402e-02   -5.0698345549e-02    7.8430580730e+01    2.9411467774e+01    2.9411467774e+01
    2.9604767745e+03    3.3166152525e+03   -6.0070089968e+04    1.4005920083e+02    1.3962298762e+02    1.3990404909e+02   -1.0042022904e-01   -7.8236336954e-02   -2.8468962473e-01    7.8430580730e+01    2.9411467774e+01    2.9411467774e+01
    3.0217294342e+03    3.3852364648e+03   -6.0140110352e+04    1.4029940293e+02    1.3942279522e+02    1.3930928457e+02   -1.2995430412e-01   -9.6475492421e-02    2.0258974424e-02    7.8430580730e+01    2.9411467774e+01    2.9411467774e+01
    3.0217294342e+03    3.3852364648e+03   -6.0140110352e+04    1.4029940293e+02    1.3942279522e+02    1.3930928457e+02   -1.2995430412e-01   -9.6475492421e-02    2.0258974424e-02    7.8430580730e+01    2.9411467774e+01    2.9411467774e+01
    3.0217294342e+03    3.3852364648e+03   -6.0140110352e+04    1.4029940293e+02    1.3942279522e+02    1.3930928457e+02   -1.2995430412e-01   -9.6475492421e-02    2.0258974424e-02    7.8430580730e+01    2.9411467774e+01    2.9411467774e+01
    3.0217294342e+03    3.3852364648e+03   -6.0140110352e+04    1.4029940293e+02    1.3942279522e+02    1.3930928457e+02   -1.2995430412e-01   -9.6475492421e-02    2.0258974424e-02    7.8430580730e+01    2.9411467774e+01    2.9411467774e+01
    3.0217294342e+03    3.3852364648e+03   -6.0140110352e+04    1.4029940293e+02    1.3942279522e+02    1.3930928457e+02   -1.2995430412e-01   -9.6475492421e-02    2.0258974424e-02    7.8430580730e+01    2.9411467774e+01    2.9411467774e+01
    3.0217294342e+03    3.3852364648e+03   -6.0140110352e+04    1.4029940293e+02    1.3942279522e+02    1.3930928457e+02   -1.2995430412e-01   -9.6475492421e-02    2.0258974424e-02    7.8430580730e+01    2.9411467774e+01    2.9411467774e+01
    3.0217294342e+03    3.3852364648e+03   -6.0140110352e+04    1.4029940293e+02    1.3942279522e+02    1.3930928457e+02   -1.2995430412e-01   -9.6475492421e-02    2.0258974424e-02    7.8430580730e+01    2.9411467774e+01    2.9411467774e+01
    3.0217294342e+03    3.3852364648e+03   -6.0140110352e+04    1.4029940293e+02    1.3942279522e+02    1.3930928457e+02   -1.2995430412e-01   -9.6475492421e-02    2.0258974424e-02    7.8430580730e+01    2.9411467774e+01    2.9411467774e+01
    3.0217294342e+03    3.3852364648e+03   -6.0140110352e+04    1.4029940293e+02    1.3942279522e+02    1.3930928457e+02   -1.2995430412e-01   -9.6475492421e-02    2.0258974424e-02    7.8430580730e+01    2.9411467774e+01    2.9411467774e+01
    3.0217294342e+03    3.3852364648e+03   -6.0140110352e+04    1.4029940293e+02    1.3942279522e+02    1.3930928457e+02   -1.2995430412e-01   -9.6475492421e-02    2.0258974424e-02    7.8430580730e+01    2.9411467774e+01    2.9411467774e+01
    3.0217294342e+03    3.3852364648e+03   -6.0140110352e+04    1.4029940293e+02    1.3942279522e+02    1.3930928457e+02   -1.2995430412e-01   -9.6475492421e-02    2.0258974424e-02    7.8430580730e+01    2.9411467774e+01    2.9411467774e+01
    3.0217294342e+03    3.3852364648e+03   -6.0140110352e+04    1.4029940293e+02    1.3942279522e+02    1.3930928457e+02   -1.2995430412e-01   -9.6475492421e-02    2.0258974424e-02    7.8430580730e+01    2.9411467774e+01    2.9411467774e+01
    3.0217294342e+03    3.3852364648e+03   -6.0140110352e+04    1.4029940293e+02    1.3942279522e+02    1.3930928457e+02   -1.2995430412e-01   -9.6475492421e-02    2.0258974424e-02    7.8430580730e+01    2.9411467774e+01    2.9411467774e+01
    3.0217294342e+03    3.3852364648e+03   -6.0140110352e+04    1.4029940293e+02    1.3942279522e+02    1.3930928457e+02   -1.2995430412e-01   -9.6475492421e-02    2.0258974424e-02    7.8430580730e+01    2.9411467774e+01    2.9411467774e+01
    3.0217294342e+03    3.3852364648e+03   -6.0140110352e+04    1.4029940293e+02    1.3942279522e+02    1.3930928457e+02   -1.2995430412e-01   -9.6475492421e-02    2.0258974424e-02    7.8430580730e+01    2.9411467774e+01    2.9411467774e+01
    3.0217294342e+03    3.3852364648e+03   -6.0140110352e+04    1.4029940293e+02    1.3942279522e+02    1.3930928457e+02   -1.2995430412e-01   -9.6475492421e-02    2.0258974424e-02    7.8430580730e+01    2.9411467774e+01    2.9411467774e+01
    3.0217294342e+03    3.3852364648e+03   -6.0140110352e+04    1.4029940293e+02    1.3942279522e+02    1.3930928457e+02   -1.2995430412e-01   -9.6475492421e-02    2.0258974424e-02    7.8430580730e+01    2.9411467774e+01    2.9411467774e+01
    3.0217294342e+03    3.3852364648e+03   -6.0140110352e+04    1.4029940293e+02    1.3942279522e+02    1.3930928457e+02   -1.2995430412e-01   -9.6475492421e-02    2.0258974424e-02    7.8430580730e+01    2.9411467774e+01    2.9411467774e+01
    3.0217294342e+03    3.3852364648e+03   -6.0140110352e+04    1.4029940293e+02    1.3942279522e+02    1.3930928457e+02   -1.2995430412e-01   -9.6475492421e-02    2.0258974424e-02    7.8430580730e+01    2.9411467774e+01    2.9411467774e+01
    3.0217294342e+03    3.3852364648e+03   -6.0140110352e+04    1.4029940293e+02    1.3942279522e+02    1.3930928457e+02   -1.2995430412e-01   -9.6475492421e-02    2.0258974424e-02    7.8430580730e+01    2.9411467774e+01    2.9411467774e+01
    3.0217294342e+03    3.3852364648e+03   -6.0140110352e+04    1.4029940293e+02    1.3942279522e+02    1.3930928457e+02   -1.2995430412e-01   -9.6475492421e-02    2.0258974424e-02    7.8430580730e+01    2.9411467774e+01    2.9411467774e+01
    3.0217294342e+03    3.3852364648e+03   -6.0140110352e+04    1.4029940293e+02    1.3942279522e+02    1.3930928457e+02   -1.2995430412e-01   -9.6475492421e-02    2.0258974424e-02    7.8430580730e+01    2.9411467774e+01    2.9411467774e+01
    3.0217294342e+03    3.3852364648e+03   -6.0140110352e+04    1.4029940293e+02    1.3942279522e+02    1.3930928457e+02   -1.2995430412e-01   -9.6475492421e-02    2.0258974424e-02    7.8430580730e+01    2.9411467774e+01    2.9411467774e+01
    3.0217294342e+03    3.3852364648e+03   -6.0140110352e+04    1.4029940293e+02    1.3942279522e+02    1.3930928457e+02   -1.2995430412e-01   -9.6475492421e-02    2.0258974424e-02    7.8430580730e+01    2.9411467774e+01    2.9411467774e+01
    3.0217294342e+03    3.3852364648e+03   -6.0140110352e+04    1.4029940293e+02    1.3942279522e+02    1.3930928457e+02   -1.2995430412e-01   -9.6475492421e-02    2.0258974424e-02    7.8430580730e+01    2.9411467774e+01    2.9411467774e+01
    3.0217294342e+03    3.3852364648e+03   -6.0140110352e+04    1.4029940293e+02    1.3942279522e+02    1.3930928457e+02   -1.2995430412e-01   -9.6475492421e-02    2.0258974424e-02    7.8430580730e+01    2.9411467774e+01    2.9411467774e+01
    3.0217294342e+03    3.3852364648e+03   -6.0140110352e+04    1.4029940293e+02    1.3942279522e+02    1.3930928457e+02   -1.2995430412e-01   -9.6475492421e-02    2.0258974424e-02    7.8430580730e+01    2.9411467774e+01    2.9411467774e+01
    3.0217294342e+03    3.3852364648e+03   -6.0140110352e+04    1.4029940293e+02    1.3942279522e+02    1.3930928457e+02   -1.2995430412e-01   -9.6475492421e-02    2.0258974424e-02    7.8430580730e+01    2.9411467774e+01    2.9411467774e+01
    3.0217294342e+03    3.3852364648e+03   -6.0140110352e+04    1.4029940293e+02    1.3942279522e+02    1.3930928457e+02   -1.2995430412e-01   -9.6475492421e-02    2.0258974424e-02    7.8430580730e+01    2.9411467774e+01    2.9411467774e+01
    3.0217294342e+03    3.3852364648e+03   -6.0140110352e+04    1.4029940293e+02    1.3942279522e+02    1.3930928457e+02   -1.2995430412e-01   -9.6475492421e-02    2.0258974424e-02    7.8430580730e+01    2.9411467774e+01    2.9411467774e+01
    3.0217294342e+03    3.3852364648e+03   -6.0140110352e+04    1.4029940293e+02    1.3942279522e+02    1.3930928457e+02   -1.2995430412e-01   -9.6475492421e-02    2.0258974424e-02    7.8430580730e+01    2.9411467774e+01    2.9411467774e+01
