    3.9863469394e+03    4.4658952148e+03   -6.0541712480e+04    1.2629200503e+02    1.2612991831e+02    1.2586358359e+02   -6.6950329994e-02    2.0357940496e-01   -2.0777427736e-01    7.9271556718e+01    2.9726833769e+01    2.9726833769e+01
    3.9970960223e+03    4.4779373874e+03   -6.0528320062e+04    1.2639385215e+02    1.2653510386e+02    1.2552425730e+02    1.7093570289e-01   -1.8887721147e-01    2.5335913660e-01    7.9271556718e+01    2.9726833769e+01    2.9726833769e+01
    4.0198094653e+03    4.5033832048e+03   -6.0550082275e+04    1.2628195875e+02    1.2551453816e+02    1.2622112006e+02    1.7621536933e-02   -3.4352007568e-02   -2.0966158365e-02    7.9271556718e+01    2.9726833769e+01    2.9726833769e+01
    4.0458639729e+03    4.5325720092e+03   -6.0575851701e+04    1.2609370111e+02    1.2602879702e+02    1.2574724214e+02    1.7096804746e-01    3.3999515972e-02    1.0276212120e-01    7.9271556718e+01    2.9726833769e+01    2.9726833769e+01
    4.0180245988e+03    4.5013836230e+03   -6.0544840668e+04    1.2602167920e+02    1.2549413492e+02    1.2635460886e+02   -3.4170762626e-01    3.6423470999e-02    1.2504731039e-01    7.9271556718e+01    2.9726833769e+01    2.9726833769e+01
    3.9739247402e+03    4.4519786538e+03   -6.0502057856e+04    1.2646231084e+02    1.2604917323e+02    1.2600355424e+02   -9.5470452434e-02    2.5819765263e-01   -1.6865076725e-01    7.9271556718e+01    2.9726833769e+01    2.9726833769e+01
    4.0238321563e+03    4.5078898162e+03   -6.0560061901e+04    1.2637662048e+02    1.2585075778e+02    1.2586135214e+02   -1.4164876430e-01    1.3741935041e-01   -1.9715903537e-01    7.9271556718e+01    2.9726833769e+01    2.9726833769e+01
    4.0053408719e+03    4.4871740732e+03   -6.0538164651e+04    1.2629441573e+02    1.2630457418e+02    1.2580558668e+02    9.2089233213e-03   -1.3121711795e-02    1.3674501721e-02    7.9271556718e+01    2.9726833769e+01    2.9726833769e+01
    4.0017078214e+03    4.4831039752e+03   -6.0534586467e+04    1.2644469660e+02    1.2611834097e+02    1.2571954941e+02   -1.1328840651e-01    2.1477675713e-02    1.1984794913e-01    7.9271556718e+01    2.9726833769e+01    2.9726833769e+01
    3.9755933090e+03    4.4538479477e+03   -6.0498598745e+04    1.2650488595e+02    1.2610635293e+02    1.2630327410e+02    3.1441188886e-02   -3.2473119753e-01    2.0737886245e-01    7.9271556718e+01    2.9726833769e+01    2.9726833769e+01
    3.9982188480e+03    4.4791952864e+03   -6.0528685952e+04    1.2656236925e+02    1.2650058687e+02    1.2531866161e+02   -4.6825061555e-02   -2.3296941483e-01   -9.8528413266e-02    7.9271556718e+01    2.9726833769e+01    2.9726833769e+01
    3.9872109658e+03    4.4668631816e+03   -6.0513498348e+04    1.2655073181e+02    1.2589126822e+02    1.2621719322e+02    2.2518665615e-01   -1.6900940236e-01   -2.3269457187e-01    7.9271556718e+01    2.9726833769e+01    2.9726833769e+01
    3.9873510770e+03    4.4670201478e+03   -6.0516485285e+04    1.2630036938e+02    1.2612067000e+02    1.2632840102e+02   -8.8174961948e-02   -3.1845318280e-02   -1.5483978891e-01    7.9271556718e+01    2.9726833769e+01    2.9726833769e+01
    4.0093816909e+03    4.4917009934e+03   -6.0536431172e+04    1.2656050918e+02    1.2607203949e+02    1.2647288736e+02    3.6423584043e-01    4.3842706622e-04   -2.6331370154e-02    7.9271556718e+01    2.9726833769e+01    2.9726833769e+01
    4.0080449713e+03    4.4902034695e+03   -6.0534390100e+04    1.2605294042e+02    1.2598661920e+02    1.2653076491e+02   -3.8558936095e-02   -9.1654901615e-02    3.3491491358e-01    7.9271556718e+01    2.9726833769e+01    2.9726833769e+01
    4.0273613041e+03    4.5118435122e+03   -6.0559045115e+04    1.2652511633e+02    1.2566475029e+02    1.2570488136e+02    6.6925987922e-02   -6.1886820841e-03    5.1478633483e-02    7.9271556718e+01    2.9726833769e+01    2.9726833769e+01
    4.0210818894e+03    4.5048086986e+03   -6.0559292300e+04    1.2609416244e+02    1.2568418080e+02    1.2609731840e+02    1.4738986517e-01    2.7733709001e-01    7.1957304519e-02    7.9271556718e+01    2.9726833769e+01    2.9726833769e+01
    3.9993709855e+03    4.4804860234e+03   -6.0525324436e+04    1.2662251788e+02    1.2597469809e+02    1.2584063758e+02   -9.7656545754e-02    5.5388791344e-02   -2.0192041378e-01    7.9271556718e+01    2.9726833769e+01    2.9726833769e+01
    3.9392683809e+03    4.4131532151e+03   -6.0458022463e+04    1.2582188042e+02    1.2662719725e+02    1.2656048861e+02   -1.3888499773e-01   -2.5693882377e-01    1.3104622705e-01    7.9271556718e+01    2.9726833769e+01    2.9726833769e+01
    4.0598274769e+03    4.5482152902e+03   -6.0596881203e+04    1.2604485007e+02    1.2612702485e+02    1.2544514810e+02   -3.6626779792e-02    6.2376145742e-02   -1.0553406617e-01    7.9271556718e+01    2.9726833769e+01    2.9726833769e+01
    4.0048791276e+03    4.4866567822e+03   -6.0537050160e+04    1.2646760513e+02    1.2575238203e+02    1.2644162980e+02   -5.9362715516e-02    1.2095772071e-02    1.6544213058e-01    7.9271556718e+01    2.9726833769e+01    2.9726833769e+01
    3.9875089624e+03    4.4671970264e+03   -6.0511870281e+04    1.2660971845e+02    1.2609328564e+02    1.2610886583e+02   -1.1069171815e-01    9.8273449591e-02   -4.8445188246e-03    7.9271556718e+01    2.9726833769e+01    2.9726833769e+01
    4.0148300905e+03    4.4978048228e+03   -6.0542734755e+04    1.2619129222e+02    1.2634079234e+02    1.2603899476e+02    6.6889487029e-02    9.9274568637e-02    2.1909733473e-01    7.9271556718e+01    2.9726833769e+01    2.9726833769e+01
    4.0283052790e+03    4.5129010452e+03   -6.0553951519e+04    1.2623945835e+02    1.2566918944e+02    1.2639348839e+02   -1.3539401050e-01   -6.8912322638e-02   -2.4538093423e-01    7.9271556718e+01    2.9726833769e+01    2.9726833769e+01
    4.0044415238e+03    4.4861665357e+03   -6.0533566568e+04    1.2644053498e+02    1.2572153166e+02    1.2624600233e+02   -4.3384224692e-01   -1.3391110429e-01   -4.1747616698e-02    7.9271556718e+01    2.9726833769e+01    2.9726833769e+01
    4.0090763187e+03    4.4913588856e+03   -6.0538576729e+04    1.2674860425e+02    1.2617156389e+02    1.2573828320e+02   -5.7204377871e-02   -2.1819290767e-01   -8.4491321831e-02    7.9271556718e+01    2.9726833769e+01    2.9726833769e+01
    4.0059758338e+03    4.4878854195e+03   -6.0539444841e+04    1.2630960433e+02    1.2605152900e+02    1.2618809003e+02   -2.4566765165e-02   -2.8614421208e-01   -2.2957090313e-01    7.9271556718e+01    2.9726833769e+01    2.9726833769e+01
    4.0556885102e+03    4.5435784155e+03   -6.0589297165e+04    1.2599387884e+02    1.2609745790e+02    1.2601468110e+02   -5.1992601575e-02   -2.8906253097e-01    7.3399261084e-02    7.9271556718e+01    2.9726833769e+01    2.9726833769e+01
    4.0012912495e+03    4.4826372907e+03   -6.0530088120e+04    1.2674912260e+02    1.2584943621e+02    1.2609814097e+02    1.0004020200e-02   -1.4020268644e-01    2.0096287633e-01    7.9271556718e+01    2.9726833769e+01    2.9726833769e+01
    4.0184741439e+03    4.5018872473e+03   -6.0547488263e+04    1.2618592149e+02    1.2573969123e+02    1.2587175571e+02   -4.9181826894e-02    3.8792296246e-02   -2.4519417735e-01    7.9271556718e+01    2.9726833769e+01    2.9726833769e+01
    4.0084036672e+03    4.4906053157e+03   -6.0536482487e+04    1.2643724955e+02    1.2607993993e+02    1.2584547730e+02    2.1023059413e-01   -4.2150705472e-02   -2.4622313020e-01    7.9271556718e+01    2.9726833769e+01    2.9726833769e+01
    4.0192037716e+03    4.5027046475e+03   -6.0547871455e+04    1.2650802407e+02    1.2583610146e+02    1.2584836696e+02    2.1295760757e-01   -1.3091569027e-01   -8.7657554490e-02    7.9271556718e+01    2.9726833769e+01    2.9726833769e+01
    4.0159685836e+03    4.4990802740e+03   -6.0549727847e+04    1.2641693678e+02    1.2592326758e+02    1.2591113525e+02    5.2388172888e-02   -1.7162485451e-01   -8.2043792272e-03    7.9271556718e+01    2.9726833769e+01    2.9726833769e+01
    4.0016479838e+03    4.4830369393e+03   -6.0532180966e+04    1.2609327535e+02    1.2577618019e+02    1.2597315837e+02    8.4725834517e-03   -2.2971140845e-01   -1.2712972139e-01    7.9271556718e+01    2.9726833769e+01    2.9726833769e+01
    4.0320425953e+03    4.5170879519e+03   -6.0567351753e+04    1.2583576873e+02    1.2604314928e+02    1.2616151825e+02   -9.7703902982e-03   -1.1673868984e-01   -3.4320670931e-02    7.9271556718e+01    2.9726833769e+01    2.9726833769e+01
    4.0409858561e+03    4.5271070663e+03   -6.0572857766e+04    1.2603671526e+02    1.2621505131e+02    1.2588575181e+02    8.5452092105e-02   -3.1233588079e-01    2.4829491769e-01    7.9271556718e+01    2.9726833769e+01    2.9726833769e+01
    3.9986539784e+03    4.4796827620e+03   -6.0530707295e+04    1.2627350121e+02    1.2604468642e+02    1.2613312073e+02    6.5318746550e-02    2.0883636444e-01   -1.6700261307e-01    7.9271556718e+01    2.9726833769e+01    2.9726833769e+01
    4.0054675039e+03    4.4873159388e+03   -6.0535356580e+04    1.2677072019e+02    1.2601410390e+02    1.2552626588e+02    1.0354695112e-01   -2.3149342033e-01   -2.5142669097e-01    7.9271556718e+01    2.9726833769e+01    2.9726833769e+01
    4.0430062877e+03    4.5293705511e+03   -6.0576369635e+04    1.2639779689e+02    1.2527246168e+02    1.2635656971e+02    2.9659523719e-01    4.8995493722e-02    2.3322854173e-01    7.9271556718e+01    2.9726833769e+01    2.9726833769e+01
    3.9895640271e+03    4.4694993107e+03   -6.0519633215e+04    1.2651195856e+02    1.2613929062e+02    1.2625119837e+02   -4.4672332728e-03   -1.5560681496e-01    5.2635810062e-02    7.9271556718e+01    2.9726833769e+01    2.9726833769e+01
    3.9962009062e+03    4.4769345909e+03   -6.0525724421e+04    1.2680520265e+02    1.2577721946e+02    1.2590629504e+02   -4.9467379985e-02   -1.8444117514e-01    1.5619001821e-01    7.9271556718e+01    2.9726833769e+01    2.9726833769e+01
    3.9921900014e+03    4.4724411835e+03   -6.0518825735e+04    1.2646951105e+02    1.2582117235e+02    1.2605589978e+02    2.3535628300e-01   -5.1123825640e-03    2.9082417935e-02    7.9271556718e+01    2.9726833769e+01    2.9726833769e+01
    4.0365314006e+03    4.5221167501e+03   -6.0572231428e+04    1.2610341252e+02    1.2576555305e+02    1.2644191738e+02   -5.0969414438e-02   -8.2241941875e-02   -5.5340876918e-02    7.9271556718e+01    2.9726833769e+01    2.9726833769e+01
    3.9539864698e+03    4.4296418559e+03   -6.0472265857e+04    1.2630469614e+02    1.2636513393e+02    1.2656562582e+02   -4.6545447201e-02   -3.0688295824e-02    9.5250747621e-02    7.9271556718e+01    2.9726833769e+01    2.9726833769e+01
    3.9742195544e+03    4.4523089336e+03   -6.0502215987e+04    1.2638725243e+02    1.2645948553e+02    1.2623518974e+02   -2.1136546110e-01   -3.5804475607e-02    5.4216147955e-02    7.9271556718e+01    2.9726833769e+01    2.9726833769e+01
    3.9797394610e+03    4.4584928721e+03   -6.0506307520e+04    1.2643078896e+02    1.2645529198e+02    1.2612041069e+02   -1.8645554418e-02    9.8194876734e-02   -6.7433511100e-02    7.9271556718e+01    2.9726833769e+01    2.9726833769e+01
    4.0345185106e+03    4.5198617141e+03   -6.0565823032e+04    1.2637039774e+02    1.2601407620e+02    1.2559301708e+02    3.3673424372e-02   -3.4616473533e-02   -5.3360291991e-02    7.9271556718e+01    2.9726833769e+01    2.9726833769e+01
    3.9905221292e+03    4.4705726702e+03   -6.0517176678e+04    1.2646330403e+02    1.2585245113e+02    1.2639518962e+02    2.6855105397e-01    1.1251316744e-01   -1.9452112938e-01    7.9271556718e+01    2.9726833769e+01    2.9726833769e+01
    4.0560943160e+03    4.5440330388e+03   -6.0592735425e+04    1.2629168272e+02    1.2625636411e+02    1.2600065353e+02    1.2435891918e-01   -9.1404490590e-03    6.1788479221e-02    7.9271556718e+01    2.9726833769e+01    2.9726833769e+01
    3.9840365250e+03    4.4633068629e+03   -6.0513497600e+04    1.2576793195e+02    1.2643837721e+02    1.2642889954e+02   -3.3088636918e-01    7.0596032812e-02   -7.6333040857e-02    7.9271556718e+01    2.9726833769e+01    2.9726833769e+01
    3.9985185942e+03    4.4795310914e+03   -6.0526378232e+04    1.2679291597e+02    1.2584061048e+02    1.2570714884e+02    1.0300567960e-01    1.0778634856e-01   -9.8926822478e-02    7.9271556718e+01    2.9726833769e+01    2.9726833769e+01
    4.0410161953e+03    4.5271410552e+03   -6.0575034660e+04    1.2651198348e+02    1.2598805872e+02    1.2574070460e+02   -1.1363166331e-02   -2.2474453678e-01   -1.8952462761e-01    7.9271556718e+01    2.9726833769e+01    2.9726833769e+01
    3.9683114430e+03    4.4456900901e+03   -6.0495845542e+04    1.2671919512e+02    1.2592935340e+02    1.2610349868e+02   -6.7364660235e-02    2.4650280241e-01   -1.5420533174e-01    7.9271556718e+01    2.9726833769e+01    2.9726833769e+01
    3.9722593300e+03    4.4501128987e+03   -6.0495830668e+04    1.2639566229e+02    1.2623777391e+02    1.2644858151e+02   -1.5230820209e-01    5.8600983154e-02    2.0408136635e-01    7.9271556718e+01    2.9726833769e+01    2.9726833769e+01
    3.9711444340e+03    4.4488638833e+03   -6.0495025605e+04    1.2659645096e+02    1.2608528765e+02    1.2676652994e+02    1.8289065447e-01    8.0739603768e-02   -3.0273739224e-01    7.9271556718e+01    2.9726833769e+01    2.9726833769e+01
    4.0448714796e+03    4.5314601213e+03   -6.0580610573e+04    1.2584192312e+02    1.2606191645e+02    1.2598774407e+02    1.1022699418e-01    1.4519536553e-01   -1.3882506984e-01    7.9271556718e+01    2.9726833769e+01    2.9726833769e+01
    3.9895544129e+03    4.4694885399e+03   -6.0513330609e+04    1.2649438026e+02    1.2592689805e+02    1.2617706896e+02   -1.5591053742e-01    1.7202701328e-01    9.4387838458e-02    7.9271556718e+01    2.9726833769e+01    2.9726833769e+01
    4.0042216943e+03    4.4859202612e+03   -6.0531796601e+04    1.2653322764e+02    1.2616802570e+02    1.2541451691e+02   -2.8732916291e-01    1.2327102850e-01   -1.4225290488e-01    7.9271556718e+01    2.9726833769e+01    2.9726833769e+01
    4.0068548090e+03    4.4888701334e+03   -6.0527796696e+04    1.2653474940e+02    1.2617735984e+02    1.2604031565e+02    1.3739748233e-02    8.1021491568e-02   -1.0508601580e-01    7.9271556718e+01    2.9726833769e+01    2.9726833769e+01
    3.9973232516e+03    4.4781919518e+03   -6.0521144579e+04    1.2663311052e+02    1.2608590856e+02    1.2576204612e+02    2.3113291637e-01   -3.7452430521e-01    1.9293704869e-01    7.9271556718e+01    2.9726833769e+01    2.9726833769e+01
    3.9767082790e+03    4.4550970459e+03   -6.0500035747e+04    1.2685949875e+02    1.2576163025e+02    1.2589061406e+02    2.2835847371e-01    9.9448527110e-02   -1.6154316766e-01    7.9271556718e+01    2.9726833769e+01    2.9726833769e+01
    4.0196916769e+03    4.5032512467e+03   -6.0545781483e+04    1.2666240245e+02    1.2613607407e+02    1.2548055267e+02    2.6366017604e-01   -6.8792831689e-02    3.7277653912e-02    7.9271556718e+01    2.9726833769e+01    2.9726833769e+01
    3.9671939263e+03    4.4444381387e+03   -6.0494378473e+04    1.2654588866e+02    1.2633109776e+02    1.2603378997e+02    1.7466094060e-01    1.1887069756e-02    2.2092748662e-02    7.9271556718e+01    2.9726833769e+01    2.9726833769e+01
    4.0254171639e+03    4.5096654965e+03   -6.0560123020e+04    1.2634803431e+02    1.2609116696e+02    1.2638920665e+02   -7.3103982668e-02   -6.3901504755e-02   -8.4072356672e-02    7.9271556718e+01    2.9726833769e+01    2.9726833769e+01
    4.0570149950e+03    4.5450644733e+03   -6.0590815620e+04    1.2631276411e+02    1.2545217465e+02    1.2585812037e+02    1.7101001418e-01   -2.2242193469e-01   -8.0044752473e-02    7.9271556718e+01    2.9726833769e+01    2.9726833769e+01
    4.0012982020e+03    4.4826450796e+03   -6.0526383101e+04    1.2633830899e+02    1.2608546346e+02    1.2589152689e+02    4.8633801216e-02    2.4691652189e-01   -1.2145338826e-01    7.9271556718e+01    2.9726833769e+01    2.9726833769e+01
    3.9821763731e+03    4.4612229390e+03   -6.0502508684e+04    1.2657441352e+02    1.2605472428e+02    1.2606440723e+02   -6.6747312797e-02    1.7150565807e-01    1.3284410988e-01    7.9271556718e+01    2.9726833769e+01    2.9726833769e+01
    4.0124308636e+03    4.4951169745e+03   -6.0539063179e+04    1.2623186424e+02    1.2603433243e+02    1.2595195731e+02    1.6215158479e-01    3.0075988591e-01   -1.5987103453e-02    7.9271556718e+01    2.9726833769e+01    2.9726833769e+01
    3.9871852373e+03    4.4668343580e+03   -6.0513938665e+04    1.2631403806e+02    1.2653802996e+02    1.2637754445e+02   -1.3498980423e-02   -1.6532006519e-01   -2.1268949310e-01    7.9271556718e+01    2.9726833769e+01    2.9726833769e+01
    4.0051789992e+03    4.4869927276e+03   -6.0539091107e+04    1.2599547864e+02    1.2633542470e+02    1.2610358260e+02   -1.6190398164e-01   -2.4725499433e-01   -1.7413992801e-01    7.9271556718e+01    2.9726833769e+01    2.9726833769e+01
    3.9543987533e+03    4.4301037361e+03   -6.0479113778e+04    1.2630499889e+02    1.2671675117e+02    1.2604952006e+02   -3.3424751233e-01    1.7812574817e-01   -1.6509620095e-01    7.9271556718e+01    2.9726833769e+01    2.9726833769e+01
    4.0367669730e+03    4.5223806613e+03   -6.0567676048e+04    1.2650599413e+02    1.2550405283e+02    1.2616622531e+02    1.0577378519e-01    1.1489181209e-01    4.3256325043e-01    7.9271556718e+01    2.9726833769e+01    2.9726833769e+01
    4.0271256399e+03    4.5115794982e+03   -6.0562193354e+04    1.2668192863e+02    1.2580054150e+02    1.2594065456e+02   -8.3650303833e-02    8.2346386106e-02   -1.2610434939e-01    7.9271556718e+01    2.9726833769e+01    2.9726833769e+01
    4.0117879414e+03    4.4943967102e+03   -6.0542764299e+04    1.2626046694e+02    1.2639856186e+02    1.2603507686e+02    1.5932203573e-01   -3.2849233674e-02   -8.1310963829e-03    7.9271556718e+01    2.9726833769e+01    2.9726833769e+01
    4.0079218688e+03    4.4900655581e+03   -6.0534717335e+04    1.2620000798e+02    1.2597281753e+02    1.2610084380e+02    9.3510903338e-02    4.0603787076e-01    2.7720713522e-01    7.9271556718e+01    2.9726833769e+01    2.9726833769e+01
    4.0220026037e+03    4.5058401727e+03   -6.0556520797e+04    1.2655535860e+02    1.2577395154e+02    1.2580467413e+02    4.7811561466e-05   -8.1651225434e-02   -5.7207791514e-03    7.9271556718e+01    2.9726833769e+01    2.9726833769e+01
    4.0371620984e+03    4.5228233194e+03   -6.0569933033e+04    1.2649031772e+02    1.2627306917e+02    1.2553039512e+02   -1.7239398691e-01   -3.2925566296e-01    1.9362576592e-02    7.9271556718e+01    2.9726833769e+01    2.9726833769e+01
    3.9611215983e+03    4.4376353237e+03   -6.0481090042e+04    1.2669100346e+02    1.2655279214e+02    1.2628889978e+02   -5.1405370082e-02    6.4325998356e-02   -3.8817243078e-02    7.9271556718e+01    2.9726833769e+01    2.9726833769e+01
    3.9773287893e+03    4.4557922022e+03   -6.0502739118e+04    1.2669207129e+02    1.2572236784e+02    1.2627961009e+02   -1.2007820543e-01   -4.6925230354e-02    1.1366429246e-01    7.9271556718e+01    2.9726833769e+01    2.9726833769e+01
    3.9763867166e+03    4.4547368003e+03   -6.0503011652e+04    1.2630442407e+02    1.2634874404e+02    1.2559234878e+02   -3.8027775052e-02    1.1880788243e-01   -1.1248821077e-01    7.9271556718e+01    2.9726833769e+01    2.9726833769e+01
    3.9902185857e+03    4.4702326112e+03   -6.0519758215e+04    1.2678088016e+02    1.2577092546e+02    1.2586751139e+02   -3.7254128410e-01    1.5284569809e-01    2.7370082974e-01    7.9271556718e+01    2.9726833769e+01    2.9726833769e+01
    4.0047613028e+03    4.4865247833e+03   -6.0533908205e+04    1.2635873398e+02    1.2588055271e+02    1.2608734199e+02   -2.9478950513e-02   -2.0432249231e-02   -4.0750848852e-02    7.9271556718e+01    2.9726833769e+01    2.9726833769e+01
    4.0117254058e+03    4.4943266517e+03   -6.0541068063e+04    1.2604027097e+02    1.2598992562e+02    1.2607646157e+02    1.6315984632e-01    1.0625019692e-01   -1.9815648889e-01    7.9271556718e+01    2.9726833769e+01    2.9726833769e+01
    3.9946226378e+03    4.4751664605e+03   -6.0522474971e+04    1.2659366339e+02    1.2610141360e+02    1.2584101913e+02   -3.1687348664e-01   -8.4247394475e-02   -1.1731726666e-01    7.9271556718e+01    2.9726833769e+01    2.9726833769e+01
    3.9845340787e+03    4.4638642712e+03   -6.0511435427e+04    1.2621377229e+02    1.2589827700e+02    1.2614769120e+02   -2.2724194102e-02   -1.3337870693e-01    5.8141944399e-02    7.9271556718e+01    2.9726833769e+01    2.9726833769e+01
    4.0241020404e+03    4.5081921667e+03   -6.0554262636e+04    1.2595841841e+02    1.2611960401e+02    1.2589291225e+02    7.6923948701e-02    3.2796643763e-02   -3.9434511477e-01    7.9271556718e+01    2.9726833769e+01    2.9726833769e+01
    3.9610630927e+03    4.4375697800e+03   -6.0485247614e+04    1.2651164332e+02    1.2623186975e+02    1.2605513277e+02    7.4621997751e-02    8.8343790289e-02   -2.4358055373e-02    7.9271556718e+01    2.9726833769e+01    2.9726833769e+01
    4.0236426617e+03    4.5076775258e+03   -6.0555488288e+04    1.2638080511e+02    1.2618463032e+02    1.2585785312e+02    2.2365267217e-01    4.2008334873e-02    3.1244081435e-01    7.9271556718e+01    2.9726833769e+01    2.9726833769e+01
    4.0630345249e+03    4.5518081386e+03   -6.0592758593e+04    1.2524289858e+02    1.2614876157e+02    1.2568821732e+02   -1.8700692592e-01    5.1446823953e-02   -1.1055583781e-01    7.9271556718e+01    2.9726833769e+01    2.9726833769e+01
    3.9795555280e+03    4.4582868124e+03   -6.0507506663e+04    1.2631450903e+02    1.2617524436e+02    1.2606432974e+02    6.3670056037e-02    1.3320323255e-01    2.2455481913e-01    7.9271556718e+01    2.9726833769e+01    2.9726833769e+01
    3.9926998886e+03    4.4730124090e+03   -6.0519134186e+04    1.2647870445e+02    1.2628218595e+02    1.2591284923e+02    5.2530990093e-02   -7.0683790191e-02   -1.5181930871e-01    7.9271556718e+01    2.9726833769e+01    2.9726833769e+01
    3.9793492951e+03    4.4580557701e+03   -6.0502654632e+04    1.2603425410e+02    1.2641608224e+02    1.2585196506e+02   -5.9308395902e-02   -1.2407437754e-01   -5.4411386605e-02    7.9271556718e+01    2.9726833769e+01    2.9726833769e+01
    3.9935929389e+03    4.4740128912e+03   -6.0522411189e+04    1.2603096639e+02    1.2595763359e+02    1.2621821908e+02   -1.0912283954e-01   -2.0361684199e-02   -2.9672635047e-02    7.9271556718e+01    2.9726833769e+01    2.9726833769e+01
    4.0126615700e+03    4.4953754343e+03   -6.0541675945e+04    1.2673609750e+02    1.2609548485e+02    1.2582103879e+02   -4.8276078926e-02    1.8904677776e-01   -1.7094398182e-01    7.9271556718e+01    2.9726833769e+01    2.9726833769e+01
    4.0343988558e+03    4.5197276651e+03   -6.0566158027e+04    1.2685855290e+02    1.2547487633e+02    1.2564492353e+02   -2.5533241129e-01    9.3727777075e-02   -1.0036609566e-01    7.9271556718e+01    2.9726833769e+01    2.9726833769e+01
    4.0085872562e+03    4.4908109900e+03   -6.0535458828e+04    1.2658326465e+02    1.2572295758e+02    1.2580197198e+02    2.0064192694e-01   -8.9743987282e-02    6.2569623603e-02    7.9271556718e+01    2.9726833769e+01    2.9726833769e+01
    4.0110926819e+03    4.4936178127e+03   -6.0539960341e+04    1.2616677318e+02    1.2618069179e+02    1.2590304833e+02    8.3861531531e-02    2.2227171011e-02    8.2293103421e-02    7.9271556718e+01    2.9726833769e+01    2.9726833769e+01
    3.9932246364e+03    4.4736002828e+03   -6.0519243230e+04    1.2642027820e+02    1.2576815294e+02    1.2625084512e+02    1.0784251837e-01    1.0684037637e-01   -8.9986167390e-02    7.9271556718e+01    2.9726833769e+01    2.9726833769e+01
    4.0219514638e+03    4.5057828808e+03   -6.0558013762e+04    1.2593446745e+02    1.2644643850e+02    1.2569069356e+02    2.4574696430e-02    1.0727836986e-01    1.7744600783e-01    7.9271556718e+01    2.9726833769e+01    2.9726833769e+01
    4.0161127784e+03    4.4992418150e+03   -6.0545861752e+04    1.2619576854e+02    1.2602128165e+02    1.2576766014e+02   -1.0090957801e-01    2.7300770811e-02   -4.1716350480e-02    7.9271556718e+01    2.9726833769e+01    2.9726833769e+01
    4.0161127784e+03    4.4992418150e+03   -6.0545861752e+04    1.2619576854e+02    1.2602128165e+02    1.2576766014e+02   -1.0090957801e-01    2.7300770811e-02   -4.1716350480e-02    7.9271556718e+01    2.9726833769e+01    2.9726833769e+01
    4.0161127784e+03    4.4992418150e+03   -6.0545861752e+04    1.2619576854e+02    1.2602128165e+02    1.2576766014e+02   -1.0090957801e-01    2.7300770811e-02   -4.1716350480e-02    7.9271556718e+01    2.9726833769e+01    2.9726833769e+01
    4.0161127784e+03    4.4992418150e+03   -6.0545861752e+04    1.2619576854e+02    1.2602128165e+02    1.2576766014e+02   -1.0090957801e-01    2.7300770811e-02   -4.1716350480e-02    7.9271556718e+01    2.9726833769e+01    2.9726833769e+01
    4.0161127784e+03    4.4992418150e+03   -6.0545861752e+04    1.2619576854e+02    1.2602128165e+02    1.2576766014e+02   -1.0090957801e-01    2.7300770811e-02   -4.1716350480e-02    7.9271556718e+01    2.9726833769e+01    2.9726833769e+01
    4.0161127784e+03    4.4992418150e+03   -6.0545861752e+04    1.2619576854e+02    1.2602128165e+02    1.2576766014e+02   -1.0090957801e-01    2.7300770811e-02   -4.1716350480e-02    7.9271556718e+01    2.9726833769e+01    2.9726833769e+01
    4.0161127784e+03    4.4992418150e+03   -6.0545861752e+04    1.2619576854e+02    1.2602128165e+02    1.2576766014e+02   -1.0090957801e-01    2.7300770811e-02   -4.1716350480e-02    7.9271556718e+01    2.9726833769e+01    2.9726833769e+01
    4.0161127784e+03    4.4992418150e+03   -6.0545861752e+04    1.2619576854e+02    1.2602128165e+02    1.2576766014e+02   -1.0090957801e-01    2.7300770811e-02   -4.1716350480e-02    7.9271556718e+01    2.9726833769e+01    2.9726833769e+01
    4.0161127784e+03    4.4992418150e+03   -6.0545861752e+04    1.2619576854e+02    1.2602128165e+02    1.2576766014e+02   -1.0090957801e-01    2.7300770811e-02   -4.1716350480e-02    7.9271556718e+01    2.9726833769e+01    2.9726833769e+01
    4.0161127784e+03    4.4992418150e+03   -6.0545861752e+04    1.2619576854e+02    1.2602128165e+02    1.2576766014e+02   -1.0090957801e-01    2.7300770811e-02   -4.1716350480e-02    7.9271556718e+01    2.9726833769e+01    2.9726833769e+01
    4.0161127784e+03    4.4992418150e+03   -6.0545861752e+04    1.2619576854e+02    1.2602128165e+02    1.2576766014e+02   -1.0090957801e-01    2.7300770811e-02   -4.1716350480e-02    7.9271556718e+01    2.9726833769e+01    2.9726833769e+01
    4.0161127784e+03    4.4992418150e+03   -6.0545861752e+04    1.2619576854e+02    1.2602128165e+02    1.2576766014e+02   -1.0090957801e-01    2.7300770811e-02   -4.1716350480e-02    7.9271556718e+01    2.9726833769e+01    2.9726833769e+01
    4.0161127784e+03    4.4992418150e+03   -6.0545861752e+04    1.2619576854e+02    1.2602128165e+02    1.2576766014e+02   -1.0090957801e-01    2.7300770811e-02   -4.1716350480e-02    7.9271556718e+01    2.9726833769e+01    2.9726833769e+01
    4.0161127784e+03    4.4992418150e+03   -6.0545861752e+04    1.2619576854e+02    1.2602128165e+02    1.2576766014e+02   -1.0090957801e-01    2.7300770811e-02   -4.1716350480e-02    7.9271556718e+01    2.9726833769e+01    2.9726833769e+01
    4.0161127784e+03    4.4992418150e+03   -6.0545861752e+04    1.2619576854e+02    1.2602128165e+02    1.2576766014e+02   -1.0090957801e-01    2.7300770811e-02   -4.1716350480e-02    7.9271556718e+01    2.9726833769e+01    2.9726833769e+01
    4.0161127784e+03    4.4992418150e+03   -6.0545861752e+04    1.2619576854e+02    1.2602128165e+02    1.2576766014e+02   -1.0090957801e-01    2.7300770811e-02   -4.1716350480e-02    7.9271556718e+01    2.9726833769e+01    2.9726833769e+01
    4.0161127784e+03    4.4992418150e+03   -6.0545861752e+04    1.2619576854e+02    1.2602128165e+02    1.2576766014e+02   -1.0090957801e-01    2.7300770811e-02   -4.1716350480e-02    7.9271556718e+01    2.9726833769e+01    2.9726833769e+01
    4.0161127784e+03    4.4992418150e+03   -6.0545861752e+04    1.2619576854e+02    1.2602128165e+02    1.2576766014e+02   -1.0090957801e-01    2.7300770811e-02   -4.1716350480e-02    7.9271556718e+01    2.9726833769e+01    2.9726833769e+01
    4.0161127784e+03    4.4992418150e+03   -6.0545861752e+04    1.2619576854e+02    1.2602128165e+02    1.2576766014e+02   -1.0090957801e-01    2.7300770811e-02   -4.1716350480e-02    7.9271556718e+01    2.9726833769e+01    2.9726833769e+01
    4.0161127784e+03    4.4992418150e+03   -6.0545861752e+04    1.2619576854e+02    1.2602128165e+02    1.2576766014e+02   -1.0090957801e-01    2.7300770811e-02   -4.1716350480e-02    7.9271556718e+01    2.9726833769e+01    2.9726833769e+01
    4.0161127784e+03    4.4992418150e+03   -6.0545861752e+04    1.2619576854e+02    1.2602128165e+02    1.2576766014e+02   -1.0090957801e-01    2.7300770811e-02   -4.1716350480e-02    7.9271556718e+01    2.9726833769e+01    2.9726833769e+01
    4.0161127784e+03    4.4992418150e+03   -6.0545861752e+04    1.2619576854e+02    1.2602128165e+02    1.2576766014e+02   -1.0090957801e-01    2.7300770811e-02   -4.1716350480e-02    7.9271556718e+01    2.9726833769e+01    2.9726833769e+01
    4.0161127784e+03    4.4992418150e+03   -6.0545861752e+04    1.2619576854e+02    1.2602128165e+02    1.2576766014e+02   -1.0090957801e-01    2.7300770811e-02   -4.1716350480e-02    7.9271556718e+01    2.9726833769e+01    2.9726833769e+01
    4.0161127784e+03    4.4992418150e+03   -6.0545861752e+04    1.2619576854e+02    1.2602128165e+02    1.2576766014e+02   -1.0090957801e-01    2.7300770811e-02   -4.1716350480e-02    7.9271556718e+01    2.9726833769e+01    2.9726833769e+01
    4.0161127784e+03    4.4992418150e+03   -6.0545861752e+04    1.2619576854e+02    1.2602128165e+02    1.2576766014e+02   -1.0090957801e-01    2.7300770811e-02   -4.1716350480e-02    7.9271556718e+01    2.9726833769e+01    2.9726833769e+01
    4.0161127784e+03    4.4992418150e+03   -6.0545861752e+04    1.2619576854e+02    1.2602128165e+02    1.2576766014e+02   -1.0090957801e-01    2.7300770811e-02   -4.1716350480e-02    7.9271556718e+01    2.9726833769e+01    2.9726833769e+01
    4.0161127784e+03    4.4992418150e+03   -6.0545861752e+04    1.2619576854e+02    1.2602128165e+02    1.2576766014e+02   -1.0090957801e-01    2.7300770811e-02   -4.1716350480e-02    7.9271556718e+01    2.9726833769e+01    2.9726833769e+01
    4.0161127784e+03    4.4992418150e+03   -6.0545861752e+04    1.2619576854e+02    1.2602128165e+02    1.2576766014e+02   -1.0090957801e-01    2.7300770811e-02   -4.1716350480e-02    7.9271556718e+01    2.9726833769e+01    2.9726833769e+01
    4.0161127784e+03    4.4992418150e+03   -6.0545861752e+04    1.2619576854e+02    1.2602128165e+02    1.2576766014e+02   -1.0090957801e-01    2.7300770811e-02   -4.1716350480e-02    7.9271556718e+01    2.9726833769e+01    2.9726833769e+01
    4.0161127784e+03    4.4992418150e+03   -6.0545861752e+04    1.2619576854e+02    1.2602128165e+02    1.2576766014e+02   -1.0090957801e-01    2.7300770811e-02   -4.1716350480e-02    7.9271556718e+01    2.9726833769e+01    2.9726833769e+01
    4.0161127784e+03    4.4992418150e+03   -6.0545861752e+04    1.2619576854e+02    1.2602128165e+02    1.2576766014e+02   -1.0090957801e-01    2.7300770811e-02   -4.1716350480e-02    7.9271556718e+01    2.9726833769e+01    2.9726833769e+01
