mv: cannot move ‘structure-69.vasp’ to ‘./69/POSCAR’: No such file or directory
run-4000K.sh: line 42: cd: 69: No such file or directory
cp: cannot stat ‘../../INCAR_sta’: No such file or directory
cp: cannot stat ‘../../POTCAR’: No such file or directory
rm: cannot remove ‘CHG*’: No such file or directory
rm: cannot remove ‘IBZKPT’: No such file or directory
rm: cannot remove ‘CONTCAR’: No such file or directory
rm: cannot remove ‘DOSCAR’: No such file or directory
rm: cannot remove ‘EIGENVAL’: No such file or directory
rm: cannot remove ‘OSZICAR’: No such file or directory
rm: cannot remove ‘PCDAT’: No such file or directory
rm: cannot remove ‘POTCAR’: No such file or directory
rm: cannot remove ‘REPORT’: No such file or directory
rm: cannot remove ‘WAVECAR’: No such file or directory
rm: cannot remove ‘XDATCAR’: No such file or directory
mv: cannot stat ‘structure-79.vasp’: No such file or directory
run-4000K.sh: line 42: cd: 79: No such file or directory
cp: cannot stat ‘../../INCAR_sta’: No such file or directory
cp: cannot stat ‘../../POTCAR’: No such file or directory
rm: cannot remove ‘CHG*’: No such file or directory
rm: cannot remove ‘IBZKPT’: No such file or directory
rm: cannot remove ‘CONTCAR’: No such file or directory
rm: cannot remove ‘DOSCAR’: No such file or directory
rm: cannot remove ‘EIGENVAL’: No such file or directory
rm: cannot remove ‘OSZICAR’: No such file or directory
rm: cannot remove ‘PCDAT’: No such file or directory
rm: cannot remove ‘REPORT’: No such file or directory
rm: cannot remove ‘WAVECAR’: No such file or directory
rm: cannot remove ‘XDATCAR’: No such file or directory
mv: cannot stat ‘structure-89.vasp’: No such file or directory
run-4000K.sh: line 42: cd: 89: No such file or directory
cp: cannot stat ‘../../INCAR_sta’: No such file or directory
cp: cannot stat ‘../../POTCAR’: No such file or directory
rm: cannot remove ‘CHG*’: No such file or directory
rm: cannot remove ‘IBZKPT’: No such file or directory
rm: cannot remove ‘CONTCAR’: No such file or directory
rm: cannot remove ‘DOSCAR’: No such file or directory
rm: cannot remove ‘EIGENVAL’: No such file or directory
rm: cannot remove ‘OSZICAR’: No such file or directory
rm: cannot remove ‘PCDAT’: No such file or directory
rm: cannot remove ‘POTCAR’: No such file or directory
rm: cannot remove ‘REPORT’: No such file or directory
rm: cannot remove ‘WAVECAR’: No such file or directory
rm: cannot remove ‘XDATCAR’: No such file or directory
mv: cannot stat ‘structure-99.vasp’: No such file or directory
run-4000K.sh: line 42: cd: 99: No such file or directory
cp: cannot stat ‘../../INCAR_sta’: No such file or directory
cp: cannot stat ‘../../POTCAR’: No such file or directory
rm: cannot remove ‘CHG*’: No such file or directory
rm: cannot remove ‘IBZKPT’: No such file or directory
rm: cannot remove ‘CONTCAR’: No such file or directory
rm: cannot remove ‘DOSCAR’: No such file or directory
rm: cannot remove ‘EIGENVAL’: No such file or directory
rm: cannot remove ‘OSZICAR’: No such file or directory
rm: cannot remove ‘PCDAT’: No such file or directory
rm: cannot remove ‘POTCAR’: No such file or directory
rm: cannot remove ‘REPORT’: No such file or directory
rm: cannot remove ‘WAVECAR’: No such file or directory
rm: cannot remove ‘XDATCAR’: No such file or directory
