    2.9588032633e+03    2.4783105957e+03   -4.5075370311e+04    1.4017320443e+02    1.3968625913e+02    1.3963617260e+02    2.5165633421e-01   -1.4612461780e-01   -3.0757206255e-01    5.8822935548e+01    2.9411467774e+01    2.9411467774e+01
    2.9977148472e+03    2.5109031617e+03   -4.5090757254e+04    1.3962269546e+02    1.3992922967e+02    1.3943115316e+02    1.1434657474e-01    3.0555629411e-02    2.5471174055e-01    5.8822935548e+01    2.9411467774e+01    2.9411467774e+01
    2.9682723097e+03    2.4862419233e+03   -4.5069702951e+04    1.3994975760e+02    1.3926012463e+02    1.4002710034e+02    1.6583449075e-01   -5.2178286333e-02   -1.7214991356e-01    5.8822935548e+01    2.9411467774e+01    2.9411467774e+01
    2.9780729717e+03    2.4944510140e+03   -4.5076189468e+04    1.3980829279e+02    1.3956231227e+02    1.4017510158e+02    1.2618171483e-02   -1.1940962162e-01    8.8758039399e-02    5.8822935548e+01    2.9411467774e+01    2.9411467774e+01
    3.0132095555e+03    2.5238816183e+03   -4.5105441896e+04    1.3973073214e+02    1.3972201605e+02    1.4014428826e+02   -1.6111838907e-01   -4.6934755855e-02    1.8461740236e-01    5.8822935548e+01    2.9411467774e+01    2.9411467774e+01
    2.9940108608e+03    2.5078006814e+03   -4.5090350945e+04    1.4032886866e+02    1.3974665220e+02    1.3910391327e+02    3.3360586921e-02    4.4669088252e-02   -4.4494183091e-01    5.8822935548e+01    2.9411467774e+01    2.9411467774e+01
    3.0009472081e+03    2.5136106057e+03   -4.5095192741e+04    1.4010763510e+02    1.3944079291e+02    1.3961374895e+02    3.5823020335e-02    1.6184858200e-01   -2.1415513860e-02    5.8822935548e+01    2.9411467774e+01    2.9411467774e+01
    3.0080195016e+03    2.5195343993e+03   -4.5103121317e+04    1.3995551919e+02    1.3952637229e+02    1.3961930663e+02   -1.3378212134e-01   -1.1786440636e-01   -3.2944628575e-01    5.8822935548e+01    2.9411467774e+01    2.9411467774e+01
    3.0219560357e+03    2.5312077203e+03   -4.5114664351e+04    1.3977495535e+02    1.3949400075e+02    1.3976790320e+02    1.2227422541e-01   -2.9686168302e-01    7.8175455309e-03    5.8822935548e+01    2.9411467774e+01    2.9411467774e+01
    2.9671261119e+03    2.4852818615e+03   -4.5067897679e+04    1.4011673717e+02    1.3958441987e+02    1.4011367662e+02   -1.6122413649e-02    3.0003136601e-02    3.3691789099e-02    5.8822935548e+01    2.9411467774e+01    2.9411467774e+01
    2.9820060448e+03    2.4977453786e+03   -4.5082338947e+04    1.4033505826e+02    1.3945877442e+02    1.3977621928e+02   -1.4613710020e-01   -2.5364298510e-02   -3.2154023760e-03    5.8822935548e+01    2.9411467774e+01    2.9411467774e+01
    2.9728894924e+03    2.4901093020e+03   -4.5068162386e+04    1.3974382951e+02    1.4009269320e+02    1.3984099241e+02   -3.6526635510e-02   -2.4359977866e-01    3.9914152226e-02    5.8822935548e+01    2.9411467774e+01    2.9411467774e+01
    3.0039401640e+03    2.5161175228e+03   -4.5099930215e+04    1.3957068477e+02    1.4010286612e+02    1.3922627827e+02    3.9486872855e-02    1.0950091483e-01    1.9935097308e-01    5.8822935548e+01    2.9411467774e+01    2.9411467774e+01
    3.0123427818e+03    2.5231556037e+03   -4.5106511137e+04    1.3969493534e+02    1.3972188756e+02    1.3939237490e+02   -1.3630722096e-02    4.7194871056e-02   -9.5151698095e-02    5.8822935548e+01    2.9411467774e+01    2.9411467774e+01
    2.9864702947e+03    2.5014846600e+03   -4.5082070737e+04    1.3987733019e+02    1.3961012042e+02    1.3979758455e+02   -1.7551363146e-01   -2.9220126289e-01    1.7760077120e-01    5.8822935548e+01    2.9411467774e+01    2.9411467774e+01
    3.0041600715e+03    2.5163017186e+03   -4.5098082605e+04    1.3982424298e+02    1.3988237467e+02    1.3947891647e+02    9.5830848913e-02   -1.1911666853e-01   -1.7781070457e-02    5.8822935548e+01    2.9411467774e+01    2.9411467774e+01
    2.9672853338e+03    2.4854152266e+03   -4.5065718315e+04    1.3991632441e+02    1.3997847295e+02    1.3988433568e+02    3.6106191666e-02   -5.4129809289e-02    1.3959121724e-01    5.8822935548e+01    2.9411467774e+01    2.9411467774e+01
    3.0145706305e+03    2.5250216625e+03   -4.5107080363e+04    1.3970722928e+02    1.3939490629e+02    1.3989587157e+02   -1.5433987827e-01   -6.0623749509e-01    2.7407408541e-03    5.8822935548e+01    2.9411467774e+01    2.9411467774e+01
    3.0151303656e+03    2.5254904998e+03   -4.5109024926e+04    1.3967683376e+02    1.3961989609e+02    1.3974564344e+02    2.2044704451e-01    2.5168925195e-03   -7.0856644733e-02    5.8822935548e+01    2.9411467774e+01    2.9411467774e+01
    3.0146593268e+03    2.5250959551e+03   -4.5100342869e+04    1.3989061970e+02    1.3995046258e+02    1.3944616220e+02    3.8509538152e-02    5.5858261012e-02    1.4691848061e-01    5.8822935548e+01    2.9411467774e+01    2.9411467774e+01
    2.9667188618e+03    2.4849407464e+03   -4.5067953407e+04    1.3983342500e+02    1.3984775310e+02    1.3992776685e+02    2.8634698429e-02    5.4326382853e-02   -1.3887447379e-02    5.8822935548e+01    2.9411467774e+01    2.9411467774e+01
    2.9972733552e+03    2.5105333655e+03   -4.5092635266e+04    1.4028449361e+02    1.3975580459e+02    1.3929521520e+02   -6.0558602675e-02    1.6478182263e-01   -6.4025193800e-02    5.8822935548e+01    2.9411467774e+01    2.9411467774e+01
    3.0137158999e+03    2.5243057353e+03   -4.5105408612e+04    1.4009843001e+02    1.3930099581e+02    1.3965462142e+02    7.6592264812e-02   -3.0372138276e-02    3.2212063850e-02    5.8822935548e+01    2.9411467774e+01    2.9411467774e+01
    3.0067934196e+03    2.5185074261e+03   -4.5099486296e+04    1.3955418659e+02    1.3969521324e+02    1.3975093029e+02   -8.1800189956e-02   -3.9973263407e-02   -2.8591704422e-01    5.8822935548e+01    2.9411467774e+01    2.9411467774e+01
    3.0093613041e+03    2.5206583008e+03   -4.5105648881e+04    1.4016146483e+02    1.3963228868e+02    1.3943983997e+02   -2.9396779125e-01    1.3163939543e-01   -2.5126778076e-01    5.8822935548e+01    2.9411467774e+01    2.9411467774e+01
    3.0189085493e+03    2.5286551282e+03   -4.5111947838e+04    1.3977951763e+02    1.3958720245e+02    1.3947046869e+02   -1.0776757371e-01   -2.5769922581e-01   -7.6567359732e-02    5.8822935548e+01    2.9411467774e+01    2.9411467774e+01
    3.0117681025e+03    2.5226742490e+03   -4.5107270190e+04    1.3961173397e+02    1.3934636444e+02    1.3987544947e+02    3.1016812211e-01    1.6860084166e-01    1.7043932444e-02    5.8822935548e+01    2.9411467774e+01    2.9411467774e+01
    3.0221846026e+03    2.5313991693e+03   -4.5114132622e+04    1.3965961263e+02    1.3952134088e+02    1.3953165595e+02   -2.7819840542e-02   -4.4516066406e-02    9.0066252767e-03    5.8822935548e+01    2.9411467774e+01    2.9411467774e+01
    2.9912105364e+03    2.5054551136e+03   -4.5089661418e+04    1.4017296687e+02    1.3973194602e+02    1.3955491492e+02    7.8862601022e-02    2.4585422254e-01   -9.3120552124e-02    5.8822935548e+01    2.9411467774e+01    2.9411467774e+01
    3.0303390989e+03    2.5382294222e+03   -4.5121467795e+04    1.3964101002e+02    1.3958392325e+02    1.3943530969e+02   -1.0845780066e-01   -1.4417814660e-02   -2.0908838127e-01    5.8822935548e+01    2.9411467774e+01    2.9411467774e+01
    2.9902218248e+03    2.5046269632e+03   -4.5086220095e+04    1.3999787897e+02    1.3920324755e+02    1.4034979705e+02   -3.2265941332e-01    8.5192224003e-02    7.3576668804e-02    5.8822935548e+01    2.9411467774e+01    2.9411467774e+01
    2.9955093404e+03    2.5090558165e+03   -4.5088835486e+04    1.4019191668e+02    1.3995797714e+02    1.3939292594e+02   -1.2350694697e-01    1.1672416550e-01   -1.0316020444e-01    5.8822935548e+01    2.9411467774e+01    2.9411467774e+01
    2.9671445021e+03    2.4852972652e+03   -4.5071090586e+04    1.4017507201e+02    1.3955191109e+02    1.3935351740e+02   -1.9475864718e-01    2.1136245256e-01   -6.0552474912e-02    5.8822935548e+01    2.9411467774e+01    2.9411467774e+01
    3.0088537748e+03    2.5202331914e+03   -4.5103180261e+04    1.4011773651e+02    1.3894353891e+02    1.3993409333e+02    1.7136483663e-01   -1.0351999050e-02   -2.1612724068e-01    5.8822935548e+01    2.9411467774e+01    2.9411467774e+01
    3.0101490974e+03    2.5213181610e+03   -4.5101987843e+04    1.3978230292e+02    1.3937743289e+02    1.3992799194e+02   -1.0720913835e-01   -1.0506672248e-01   -9.8864540632e-02    5.8822935548e+01    2.9411467774e+01    2.9411467774e+01
    2.9788979105e+03    2.4951419875e+03   -4.5077542186e+04    1.3996574315e+02    1.4001817506e+02    1.3956589031e+02   -1.4713757438e-01    1.3661077297e-01    1.4216184364e-01    5.8822935548e+01    2.9411467774e+01    2.9411467774e+01
    2.9854254460e+03    2.5006094887e+03   -4.5083440754e+04    1.4015860192e+02    1.3977796361e+02    1.3941706308e+02    2.4526237759e-02    6.6869648834e-02    2.8202451635e-02    5.8822935548e+01    2.9411467774e+01    2.9411467774e+01
    3.0242903264e+03    2.5331629356e+03   -4.5115284204e+04    1.4023633776e+02    1.3954934732e+02    1.3919663633e+02   -1.1373799094e-01   -9.7358794794e-02   -1.3882610160e-01    5.8822935548e+01    2.9411467774e+01    2.9411467774e+01
    3.0107108286e+03    2.5217886703e+03   -4.5101010756e+04    1.3965512740e+02    1.3971351562e+02    1.3922039069e+02   -1.5966413400e-01   -9.2604726577e-03   -5.7407839491e-02    5.8822935548e+01    2.9411467774e+01    2.9411467774e+01
    3.0202778594e+03    2.5298020702e+03   -4.5111342168e+04    1.3980446979e+02    1.3958402597e+02    1.3962396439e+02    4.1440484018e-02   -6.1428221539e-02    4.8873965417e-02    5.8822935548e+01    2.9411467774e+01    2.9411467774e+01
    2.9904255016e+03    2.5047975640e+03   -4.5087925014e+04    1.4026378057e+02    1.3960168824e+02    1.3987380603e+02    8.5453682049e-02   -2.7578724622e-01    2.8145439363e-02    5.8822935548e+01    2.9411467774e+01    2.9411467774e+01
    2.9843427490e+03    2.4997026155e+03   -4.5082589943e+04    1.3987832013e+02    1.3980201158e+02    1.3958847524e+02   -9.6658832989e-02    3.1475946250e-01   -6.4986929851e-02    5.8822935548e+01    2.9411467774e+01    2.9411467774e+01
    3.0160301456e+03    2.5262441608e+03   -4.5107848688e+04    1.3970780421e+02    1.3985613468e+02    1.3958532616e+02   -5.0165710561e-02    2.2604824434e-02    1.6118165422e-02    5.8822935548e+01    2.9411467774e+01    2.9411467774e+01
    3.0099620521e+03    2.5211614908e+03   -4.5103911003e+04    1.3987740759e+02    1.3948603206e+02    1.3946166676e+02   -3.6308241439e-02    1.4543166153e-02   -8.5960147852e-02    5.8822935548e+01    2.9411467774e+01    2.9411467774e+01
    2.9750203008e+03    2.4918940793e+03   -4.5076096778e+04    1.3980707486e+02    1.4017575639e+02    1.3953744415e+02    1.3491137953e-02   -2.0735042741e-02    1.5883468590e-01    5.8822935548e+01    2.9411467774e+01    2.9411467774e+01
    3.0160810854e+03    2.5262868282e+03   -4.5108189807e+04    1.3987167581e+02    1.3939675699e+02    1.3975890477e+02   -1.8063471015e-01   -1.0327084896e-01    1.2559551044e-01    5.8822935548e+01    2.9411467774e+01    2.9411467774e+01
    3.0038403184e+03    2.5160338915e+03   -4.5098752866e+04    1.3996353830e+02    1.3952631696e+02    1.3964856689e+02   -2.5494397846e-01    1.0595136878e-02   -2.1717143019e-01    5.8822935548e+01    2.9411467774e+01    2.9411467774e+01
    2.9673011228e+03    2.4854284515e+03   -4.5070434946e+04    1.4004792681e+02    1.3963870338e+02    1.4017884738e+02    3.4535834221e-02   -3.8420778632e-02   -2.7144458750e-01    5.8822935548e+01    2.9411467774e+01    2.9411467774e+01
    3.0008052996e+03    2.5134917424e+03   -4.5094686637e+04    1.4043142252e+02    1.3928558585e+02    1.3945793902e+02   -2.8295933928e-01   -2.6302352733e-01    1.3092762092e-01    5.8822935548e+01    2.9411467774e+01    2.9411467774e+01
    3.0091422019e+03    2.5204747796e+03   -4.5104321739e+04    1.4003918933e+02    1.3931726030e+02    1.3958614607e+02    1.1987280875e-01    1.8198322364e-01    1.3784749952e-01    5.8822935548e+01    2.9411467774e+01    2.9411467774e+01
    2.9645188810e+03    2.4830980299e+03   -4.5066454558e+04    1.4043180870e+02    1.3971606923e+02    1.3961852310e+02   -1.8421856091e-01    2.3485683354e-01    1.3314439145e-01    5.8822935548e+01    2.9411467774e+01    2.9411467774e+01
    2.9609621257e+03    2.4801188712e+03   -4.5060837426e+04    1.4001655372e+02    1.4001251146e+02    1.3990819006e+02    7.5737743637e-02    2.0947532446e-01    1.3497997970e-01    5.8822935548e+01    2.9411467774e+01    2.9411467774e+01
    2.9937161586e+03    2.5075538372e+03   -4.5088986037e+04    1.4017146908e+02    1.3991292885e+02    1.3950094666e+02   -4.5245404265e-03    4.8008533239e-02   -6.8222860526e-02    5.8822935548e+01    2.9411467774e+01    2.9411467774e+01
    2.9972926856e+03    2.5105495567e+03   -4.5091894753e+04    1.3973752319e+02    1.3994488813e+02    1.3928422962e+02    3.2583399471e-01    8.7520080279e-03    4.8094854863e-02    5.8822935548e+01    2.9411467774e+01    2.9411467774e+01
    3.0116493459e+03    2.5225747778e+03   -4.5103621637e+04    1.4005613977e+02    1.3990976841e+02    1.3946755342e+02   -8.9179438899e-02   -5.1371337056e-02    6.9656362557e-03    5.8822935548e+01    2.9411467774e+01    2.9411467774e+01
    3.0077153283e+03    2.5192796220e+03   -4.5100469402e+04    1.4027858550e+02    1.3964213084e+02    1.3923337802e+02    6.2624589012e-02    6.0775864785e-03    2.0647648721e-01    5.8822935548e+01    2.9411467774e+01    2.9411467774e+01
    3.0140346135e+03    2.5245726916e+03   -4.5108734197e+04    1.3912856434e+02    1.4008625480e+02    1.3964109078e+02    3.0874714976e-01   -3.1713243916e-01   -1.7086087957e-02    5.8822935548e+01    2.9411467774e+01    2.9411467774e+01
    3.0265627479e+03    2.5350663289e+03   -4.5113590283e+04    1.3957691271e+02    1.3973615689e+02    1.3965578438e+02    5.8261574968e-02    3.0875460249e-01    2.3851582121e-01    5.8822935548e+01    2.9411467774e+01    2.9411467774e+01
    3.0322630546e+03    2.5398409385e+03   -4.5118446359e+04    1.4002044551e+02    1.3933889259e+02    1.3945905771e+02    7.9370028391e-02    1.5058364577e-01    5.5499999346e-02    5.8822935548e+01    2.9411467774e+01    2.9411467774e+01
    2.9806388772e+03    2.4966002313e+03   -4.5072271138e+04    1.3987097792e+02    1.3953059161e+02    1.4037948280e+02   -9.6128298730e-02    7.3623422561e-02   -1.1589701629e-01    5.8822935548e+01    2.9411467774e+01    2.9411467774e+01
    3.0173123759e+03    2.5273181642e+03   -4.5104445444e+04    1.4015885021e+02    1.3940142753e+02    1.3964437872e+02    6.2040653903e-02    1.2358997097e-02    2.5228372187e-01    5.8822935548e+01    2.9411467774e+01    2.9411467774e+01
    3.0158503437e+03    2.5260935577e+03   -4.5103701042e+04    1.3957973924e+02    1.3961299189e+02    1.3958594880e+02   -2.6955592338e-02    1.2107287578e-01   -1.5813055374e-01    5.8822935548e+01    2.9411467774e+01    2.9411467774e+01
    3.0345743161e+03    2.5417768644e+03   -4.5120244720e+04    1.4008778399e+02    1.3940430418e+02    1.3920417718e+02    1.4672031053e-01    3.8108403986e-02    3.1202748197e-01    5.8822935548e+01    2.9411467774e+01    2.9411467774e+01
    3.0076804821e+03    2.5192504346e+03   -4.5096622228e+04    1.4005583559e+02    1.3949904418e+02    1.3975443395e+02    5.9582065286e-02   -2.3049224466e-01   -1.1200645222e-01    5.8822935548e+01    2.9411467774e+01    2.9411467774e+01
    3.0141470972e+03    2.5246669086e+03   -4.5102084138e+04    1.3971986258e+02    1.3928124038e+02    1.3994237746e+02    4.4415926283e-01   -7.4441372996e-02   -2.8497554995e-02    5.8822935548e+01    2.9411467774e+01    2.9411467774e+01
    3.0061087866e+03    2.5179339735e+03   -4.5096068913e+04    1.3999658470e+02    1.3891541140e+02    1.3969947542e+02    3.3656533015e-01   -1.1016479810e-01   -4.2594859297e-02    5.8822935548e+01    2.9411467774e+01    2.9411467774e+01
    3.0233674622e+03    2.5323899392e+03   -4.5111291214e+04    1.4075645862e+02    1.3911603703e+02    1.3919923242e+02   -2.4943318296e-01   -1.7118576490e-01   -2.1112132712e-01    5.8822935548e+01    2.9411467774e+01    2.9411467774e+01
    3.0074741603e+03    2.5190776184e+03   -4.5094311008e+04    1.4003957644e+02    1.3944751184e+02    1.3992173934e+02   -5.9154077681e-02    7.7922384736e-02   -4.0172096534e-03    5.8822935548e+01    2.9411467774e+01    2.9411467774e+01
    3.0115204068e+03    2.5224667777e+03   -4.5099640776e+04    1.3970214903e+02    1.3939859174e+02    1.3997054375e+02    1.1741763939e-01    1.4151383343e-01    1.7510069941e-01    5.8822935548e+01    2.9411467774e+01    2.9411467774e+01
    2.9970676464e+03    2.5103610626e+03   -4.5088046297e+04    1.4009396835e+02    1.3928009835e+02    1.3966296525e+02   -2.3454488128e-01   -7.9150688899e-02    7.0693214233e-02    5.8822935548e+01    2.9411467774e+01    2.9411467774e+01
    3.0152621216e+03    2.5256008595e+03   -4.5102445132e+04    1.3968326330e+02    1.3962531073e+02    1.3976675333e+02   -2.8109885550e-02   -6.3387967368e-02   -1.5531592947e-01    5.8822935548e+01    2.9411467774e+01    2.9411467774e+01
    3.0293966426e+03    2.5374400153e+03   -4.5115720758e+04    1.3905213199e+02    1.3960438968e+02    1.3958327261e+02    1.0783257145e-01   -2.4192691028e-01   -7.8049987099e-02    5.8822935548e+01    2.9411467774e+01    2.9411467774e+01
    3.0242110096e+03    2.5330964994e+03   -4.5110407631e+04    1.3981287443e+02    1.3921969616e+02    1.3966865521e+02   -1.2074878293e-01   -1.0850646075e-01   -1.1746119868e-02    5.8822935548e+01    2.9411467774e+01    2.9411467774e+01
    3.0245437588e+03    2.5333752120e+03   -4.5109759687e+04    1.3933660231e+02    1.3981843684e+02    1.3971670600e+02   -7.6028891061e-02   -4.1666271620e-02    3.0797252423e-01    5.8822935548e+01    2.9411467774e+01    2.9411467774e+01
    3.0002826974e+03    2.5130540078e+03   -4.5092510731e+04    1.4010573903e+02    1.3951059943e+02    1.3929079663e+02   -9.3679439176e-02    8.7525243057e-02   -2.0978004676e-01    5.8822935548e+01    2.9411467774e+01    2.9411467774e+01
    2.9675105624e+03    2.4856038794e+03   -4.5064874773e+04    1.4031007976e+02    1.3932020304e+02    1.3988748926e+02   -8.8317673609e-02    6.5816137048e-02    1.1611900764e-01    5.8822935548e+01    2.9411467774e+01    2.9411467774e+01
    3.0154147263e+03    2.5257286820e+03   -4.5103839038e+04    1.3994892061e+02    1.3928060917e+02    1.3975445216e+02   -6.0583157579e-02   -3.1289419788e-02    2.8042850099e-01    5.8822935548e+01    2.9411467774e+01    2.9411467774e+01
    3.0040718751e+03    2.5162278447e+03   -4.5091695094e+04    1.3995933906e+02    1.3975861185e+02    1.3945815740e+02    9.2176851736e-02   -2.6842276652e-01    2.0220940716e-01    5.8822935548e+01    2.9411467774e+01    2.9411467774e+01
    3.0147895235e+03    2.5252050086e+03   -4.5104426572e+04    1.3944265738e+02    1.3957851465e+02    1.3933537435e+02   -2.3724811836e-02    1.8095890120e-02    7.3287519270e-02    5.8822935548e+01    2.9411467774e+01    2.9411467774e+01
    2.9979562585e+03    2.5111053692e+03   -4.5089175837e+04    1.3981942440e+02    1.3985593019e+02    1.3922281811e+02    2.4804256692e-01    9.7686719673e-02   -8.7013549466e-02    5.8822935548e+01    2.9411467774e+01    2.9411467774e+01
    2.9577840888e+03    2.4774569292e+03   -4.5056090057e+04    1.3997732936e+02    1.3975683317e+02    1.3988253675e+02   -2.6907767579e-01   -1.9125200078e-01   -6.6377817568e-02    5.8822935548e+01    2.9411467774e+01    2.9411467774e+01
    3.0053434870e+03    2.5172929542e+03   -4.5097409232e+04    1.3949937556e+02    1.3986154477e+02    1.3930455662e+02    1.9522567091e-01   -1.1247058256e-01    2.8529953959e-01    5.8822935548e+01    2.9411467774e+01    2.9411467774e+01
    3.0531779941e+03    2.5573594119e+03   -4.5131013746e+04    1.3974881499e+02    1.3902632096e+02    1.4002747451e+02    8.9531780017e-02   -1.0843940924e-01   -4.5837572167e-02    5.8822935548e+01    2.9411467774e+01    2.9411467774e+01
    3.0169530722e+03    2.5270172094e+03   -4.5106323257e+04    1.3981466511e+02    1.3985725609e+02    1.3967651131e+02    1.4140358414e-01   -1.2107394871e-01   -1.1235361309e-01    5.8822935548e+01    2.9411467774e+01    2.9411467774e+01
    3.0427071252e+03    2.5485889520e+03   -4.5128561460e+04    1.4033607499e+02    1.3908595936e+02    1.3907978288e+02   -3.8063620293e-01   -2.4240225844e-01   -4.6562409513e-02    5.8822935548e+01    2.9411467774e+01    2.9411467774e+01
    3.0025357415e+03    2.5149411705e+03   -4.5092457871e+04    1.3999761746e+02    1.3985715078e+02    1.3924320408e+02    1.8474023860e-01    6.6368425541e-02   -2.6103142129e-01    5.8822935548e+01    2.9411467774e+01    2.9411467774e+01
    3.0214506432e+03    2.5307844006e+03   -4.5110464035e+04    1.3954682402e+02    1.3934907329e+02    1.3978992699e+02   -7.8930401348e-02   -6.2440060870e-02    2.1222168634e-02    5.8822935548e+01    2.9411467774e+01    2.9411467774e+01
    3.0048808654e+03    2.5169054597e+03   -4.5096631515e+04    1.4006197151e+02    1.3953602544e+02    1.3964426780e+02   -3.7749532215e-02   -5.4698800159e-02   -2.7259837489e-01    5.8822935548e+01    2.9411467774e+01    2.9411467774e+01
    2.9607594147e+03    2.4799490793e+03   -4.5057065485e+04    1.3986041840e+02    1.4004061764e+02    1.3980801488e+02    3.4168162061e-02   -6.4051535365e-02    3.6643591966e-01    5.8822935548e+01    2.9411467774e+01    2.9411467774e+01
    2.9989413773e+03    2.5119305103e+03   -4.5090547559e+04    1.4021072779e+02    1.3958725056e+02    1.3939319684e+02   -3.0851025764e-01    3.5110329046e-01   -3.1812734867e-02    5.8822935548e+01    2.9411467774e+01    2.9411467774e+01
    3.0127613308e+03    2.5235061827e+03   -4.5099120699e+04    1.3928565775e+02    1.4019480501e+02    1.3921155540e+02   -2.5475944103e-01    1.2891178865e-01    2.5701527368e-01    5.8822935548e+01    2.9411467774e+01    2.9411467774e+01
    3.0171708147e+03    2.5271995917e+03   -4.5106516352e+04    1.3973112800e+02    1.3931784713e+02    1.3964437857e+02    7.7185702120e-02    2.4268668964e-01    2.1914847368e-01    5.8822935548e+01    2.9411467774e+01    2.9411467774e+01
    2.9574723431e+03    2.4771958093e+03   -4.5058346850e+04    1.3989347645e+02    1.3987096498e+02    1.3965520996e+02   -2.3120150150e-01    4.3029117040e-02   -4.6861950537e-02    5.8822935548e+01    2.9411467774e+01    2.9411467774e+01
    3.0216583657e+03    2.5309583902e+03   -4.5106560111e+04    1.3969810129e+02    1.3973547365e+02    1.3990834798e+02   -1.3332763547e-01   -5.6550330374e-02   -1.1218041885e-01    5.8822935548e+01    2.9411467774e+01    2.9411467774e+01
    3.0151940168e+03    2.5255438145e+03   -4.5104189488e+04    1.3945770683e+02    1.3966353567e+02    1.3973192898e+02    1.2158995844e-01   -1.6591470266e-01    2.0939366667e-01    5.8822935548e+01    2.9411467774e+01    2.9411467774e+01
    2.9964572109e+03    2.5098497583e+03   -4.5090240067e+04    1.4003056750e+02    1.3939300084e+02    1.3986954517e+02    8.1303772389e-02   -5.2671241435e-01    2.0604274908e-01    5.8822935548e+01    2.9411467774e+01    2.9411467774e+01
    2.9920214416e+03    2.5061343324e+03   -4.5084087902e+04    1.3993732307e+02    1.3935306903e+02    1.3973364143e+02    3.8011425486e-02   -1.1970357971e-01    1.6523519811e-01    5.8822935548e+01    2.9411467774e+01    2.9411467774e+01
    2.9794784926e+03    2.4956282864e+03   -4.5073654662e+04    1.4029116635e+02    1.3970693682e+02    1.3952620220e+02    1.4816147496e-01    2.1037270428e-01    1.4559635983e-02    5.8822935548e+01    2.9411467774e+01    2.9411467774e+01
    3.0115742745e+03    2.5225118976e+03   -4.5098560622e+04    1.3997646157e+02    1.3975737602e+02    1.3932511074e+02    8.7959037206e-02   -1.5931064424e-02   -7.9675185768e-03    5.8822935548e+01    2.9411467774e+01    2.9411467774e+01
    2.9881830102e+03    2.5029192403e+03   -4.5083823153e+04    1.3978869225e+02    1.3922980855e+02    1.4030879428e+02   -4.8799269294e-01    4.2454130868e-03    1.3007391655e-01    5.8822935548e+01    2.9411467774e+01    2.9411467774e+01
    2.9881830102e+03    2.5029192403e+03   -4.5083823153e+04    1.3978869225e+02    1.3922980855e+02    1.4030879428e+02   -4.8799269294e-01    4.2454130868e-03    1.3007391655e-01    5.8822935548e+01    2.9411467774e+01    2.9411467774e+01
    2.9881830102e+03    2.5029192403e+03   -4.5083823153e+04    1.3978869225e+02    1.3922980855e+02    1.4030879428e+02   -4.8799269294e-01    4.2454130868e-03    1.3007391655e-01    5.8822935548e+01    2.9411467774e+01    2.9411467774e+01
    2.9881830102e+03    2.5029192403e+03   -4.5083823153e+04    1.3978869225e+02    1.3922980855e+02    1.4030879428e+02   -4.8799269294e-01    4.2454130868e-03    1.3007391655e-01    5.8822935548e+01    2.9411467774e+01    2.9411467774e+01
    2.9881830102e+03    2.5029192403e+03   -4.5083823153e+04    1.3978869225e+02    1.3922980855e+02    1.4030879428e+02   -4.8799269294e-01    4.2454130868e-03    1.3007391655e-01    5.8822935548e+01    2.9411467774e+01    2.9411467774e+01
    2.9881830102e+03    2.5029192403e+03   -4.5083823153e+04    1.3978869225e+02    1.3922980855e+02    1.4030879428e+02   -4.8799269294e-01    4.2454130868e-03    1.3007391655e-01    5.8822935548e+01    2.9411467774e+01    2.9411467774e+01
    2.9881830102e+03    2.5029192403e+03   -4.5083823153e+04    1.3978869225e+02    1.3922980855e+02    1.4030879428e+02   -4.8799269294e-01    4.2454130868e-03    1.3007391655e-01    5.8822935548e+01    2.9411467774e+01    2.9411467774e+01
    2.9881830102e+03    2.5029192403e+03   -4.5083823153e+04    1.3978869225e+02    1.3922980855e+02    1.4030879428e+02   -4.8799269294e-01    4.2454130868e-03    1.3007391655e-01    5.8822935548e+01    2.9411467774e+01    2.9411467774e+01
    2.9881830102e+03    2.5029192403e+03   -4.5083823153e+04    1.3978869225e+02    1.3922980855e+02    1.4030879428e+02   -4.8799269294e-01    4.2454130868e-03    1.3007391655e-01    5.8822935548e+01    2.9411467774e+01    2.9411467774e+01
    2.9881830102e+03    2.5029192403e+03   -4.5083823153e+04    1.3978869225e+02    1.3922980855e+02    1.4030879428e+02   -4.8799269294e-01    4.2454130868e-03    1.3007391655e-01    5.8822935548e+01    2.9411467774e+01    2.9411467774e+01
    2.9881830102e+03    2.5029192403e+03   -4.5083823153e+04    1.3978869225e+02    1.3922980855e+02    1.4030879428e+02   -4.8799269294e-01    4.2454130868e-03    1.3007391655e-01    5.8822935548e+01    2.9411467774e+01    2.9411467774e+01
    2.9881830102e+03    2.5029192403e+03   -4.5083823153e+04    1.3978869225e+02    1.3922980855e+02    1.4030879428e+02   -4.8799269294e-01    4.2454130868e-03    1.3007391655e-01    5.8822935548e+01    2.9411467774e+01    2.9411467774e+01
    2.9881830102e+03    2.5029192403e+03   -4.5083823153e+04    1.3978869225e+02    1.3922980855e+02    1.4030879428e+02   -4.8799269294e-01    4.2454130868e-03    1.3007391655e-01    5.8822935548e+01    2.9411467774e+01    2.9411467774e+01
    2.9881830102e+03    2.5029192403e+03   -4.5083823153e+04    1.3978869225e+02    1.3922980855e+02    1.4030879428e+02   -4.8799269294e-01    4.2454130868e-03    1.3007391655e-01    5.8822935548e+01    2.9411467774e+01    2.9411467774e+01
    2.9881830102e+03    2.5029192403e+03   -4.5083823153e+04    1.3978869225e+02    1.3922980855e+02    1.4030879428e+02   -4.8799269294e-01    4.2454130868e-03    1.3007391655e-01    5.8822935548e+01    2.9411467774e+01    2.9411467774e+01
    2.9881830102e+03    2.5029192403e+03   -4.5083823153e+04    1.3978869225e+02    1.3922980855e+02    1.4030879428e+02   -4.8799269294e-01    4.2454130868e-03    1.3007391655e-01    5.8822935548e+01    2.9411467774e+01    2.9411467774e+01
    2.9881830102e+03    2.5029192403e+03   -4.5083823153e+04    1.3978869225e+02    1.3922980855e+02    1.4030879428e+02   -4.8799269294e-01    4.2454130868e-03    1.3007391655e-01    5.8822935548e+01    2.9411467774e+01    2.9411467774e+01
    2.9881830102e+03    2.5029192403e+03   -4.5083823153e+04    1.3978869225e+02    1.3922980855e+02    1.4030879428e+02   -4.8799269294e-01    4.2454130868e-03    1.3007391655e-01    5.8822935548e+01    2.9411467774e+01    2.9411467774e+01
    2.9881830102e+03    2.5029192403e+03   -4.5083823153e+04    1.3978869225e+02    1.3922980855e+02    1.4030879428e+02   -4.8799269294e-01    4.2454130868e-03    1.3007391655e-01    5.8822935548e+01    2.9411467774e+01    2.9411467774e+01
    2.9881830102e+03    2.5029192403e+03   -4.5083823153e+04    1.3978869225e+02    1.3922980855e+02    1.4030879428e+02   -4.8799269294e-01    4.2454130868e-03    1.3007391655e-01    5.8822935548e+01    2.9411467774e+01    2.9411467774e+01
    2.9881830102e+03    2.5029192403e+03   -4.5083823153e+04    1.3978869225e+02    1.3922980855e+02    1.4030879428e+02   -4.8799269294e-01    4.2454130868e-03    1.3007391655e-01    5.8822935548e+01    2.9411467774e+01    2.9411467774e+01
    2.9881830102e+03    2.5029192403e+03   -4.5083823153e+04    1.3978869225e+02    1.3922980855e+02    1.4030879428e+02   -4.8799269294e-01    4.2454130868e-03    1.3007391655e-01    5.8822935548e+01    2.9411467774e+01    2.9411467774e+01
    2.9881830102e+03    2.5029192403e+03   -4.5083823153e+04    1.3978869225e+02    1.3922980855e+02    1.4030879428e+02   -4.8799269294e-01    4.2454130868e-03    1.3007391655e-01    5.8822935548e+01    2.9411467774e+01    2.9411467774e+01
    2.9881830102e+03    2.5029192403e+03   -4.5083823153e+04    1.3978869225e+02    1.3922980855e+02    1.4030879428e+02   -4.8799269294e-01    4.2454130868e-03    1.3007391655e-01    5.8822935548e+01    2.9411467774e+01    2.9411467774e+01
    2.9881830102e+03    2.5029192403e+03   -4.5083823153e+04    1.3978869225e+02    1.3922980855e+02    1.4030879428e+02   -4.8799269294e-01    4.2454130868e-03    1.3007391655e-01    5.8822935548e+01    2.9411467774e+01    2.9411467774e+01
    2.9881830102e+03    2.5029192403e+03   -4.5083823153e+04    1.3978869225e+02    1.3922980855e+02    1.4030879428e+02   -4.8799269294e-01    4.2454130868e-03    1.3007391655e-01    5.8822935548e+01    2.9411467774e+01    2.9411467774e+01
    2.9881830102e+03    2.5029192403e+03   -4.5083823153e+04    1.3978869225e+02    1.3922980855e+02    1.4030879428e+02   -4.8799269294e-01    4.2454130868e-03    1.3007391655e-01    5.8822935548e+01    2.9411467774e+01    2.9411467774e+01
    2.9881830102e+03    2.5029192403e+03   -4.5083823153e+04    1.3978869225e+02    1.3922980855e+02    1.4030879428e+02   -4.8799269294e-01    4.2454130868e-03    1.3007391655e-01    5.8822935548e+01    2.9411467774e+01    2.9411467774e+01
    2.9881830102e+03    2.5029192403e+03   -4.5083823153e+04    1.3978869225e+02    1.3922980855e+02    1.4030879428e+02   -4.8799269294e-01    4.2454130868e-03    1.3007391655e-01    5.8822935548e+01    2.9411467774e+01    2.9411467774e+01
    2.9881830102e+03    2.5029192403e+03   -4.5083823153e+04    1.3978869225e+02    1.3922980855e+02    1.4030879428e+02   -4.8799269294e-01    4.2454130868e-03    1.3007391655e-01    5.8822935548e+01    2.9411467774e+01    2.9411467774e+01
    2.9881830102e+03    2.5029192403e+03   -4.5083823153e+04    1.3978869225e+02    1.3922980855e+02    1.4030879428e+02   -4.8799269294e-01    4.2454130868e-03    1.3007391655e-01    5.8822935548e+01    2.9411467774e+01    2.9411467774e+01
