    1.9811277792e+03    2.2194528483e+03   -6.2739040442e+04    1.1358691713e+02    1.1357508757e+02    1.1352495634e+02   -2.2410645492e-02    1.1131152838e-01   -9.0807898401e-02    7.9271556718e+01    2.9726833769e+01    2.9726833769e+01
    1.9968080514e+03    2.2370194208e+03   -6.2744013073e+04    1.1360395701e+02    1.1360116903e+02    1.1355626287e+02   -6.2359407202e-02    4.2182797964e-02   -1.2676543197e-01    7.9271556718e+01    2.9726833769e+01    2.9726833769e+01
    1.9970456366e+03    2.2372855870e+03   -6.2746012729e+04    1.1360326062e+02    1.1360022888e+02    1.1314530449e+02    6.8035830246e-03    7.9238513810e-02   -8.0126053557e-02    7.9271556718e+01    2.9726833769e+01    2.9726833769e+01
    1.9974969529e+03    2.2377911956e+03   -6.2743348906e+04    1.1392251196e+02    1.1345612649e+02    1.1338194729e+02   -3.1872355787e-02   -7.5946156126e-02    1.1371742812e-01    7.9271556718e+01    2.9726833769e+01    2.9726833769e+01
    1.9814797623e+03    2.2198471742e+03   -6.2725770045e+04    1.1364030573e+02    1.1342844043e+02    1.1360856099e+02   -5.3917117873e-02    6.8720560077e-02    5.0804049593e-02    7.9271556718e+01    2.9726833769e+01    2.9726833769e+01
    1.9997260980e+03    2.2402885016e+03   -6.2746396736e+04    1.1350343829e+02    1.1356095419e+02    1.1343296938e+02   -9.0983782703e-02   -3.6326676048e-02   -2.1637379604e-02    7.9271556718e+01    2.9726833769e+01    2.9726833769e+01
    2.0011737383e+03    2.2419102897e+03   -6.2747597613e+04    1.1340081326e+02    1.1345323420e+02    1.1374519355e+02   -2.9447755287e-02    7.6170841454e-03    7.0814640588e-02    7.9271556718e+01    2.9726833769e+01    2.9726833769e+01
    1.9925528870e+03    2.2322523700e+03   -6.2740583304e+04    1.1404762607e+02    1.1338619915e+02    1.1340447574e+02    1.0002057043e-01    9.6970242630e-02    8.1394961123e-02    7.9271556718e+01    2.9726833769e+01    2.9726833769e+01
    1.9973205769e+03    2.2375936019e+03   -6.2743690110e+04    1.1367927512e+02    1.1340934520e+02    1.1350827845e+02   -1.1497686129e-01    7.6309258845e-02    6.3298518704e-02    7.9271556718e+01    2.9726833769e+01    2.9726833769e+01
    1.9948170295e+03    2.2347888836e+03   -6.2740933662e+04    1.1379957327e+02    1.1352097932e+02    1.1349882563e+02   -5.1878810164e-02    1.1638691844e-01    4.0075204868e-02    7.9271556718e+01    2.9726833769e+01    2.9726833769e+01
    2.0137202675e+03    2.2559661372e+03   -6.2764176374e+04    1.1334337209e+02    1.1340547397e+02    1.1367119287e+02    8.8200155646e-02    4.3127161348e-02    6.1128617879e-02    7.9271556718e+01    2.9726833769e+01    2.9726833769e+01
    1.9698892875e+03    2.2068623922e+03   -6.2712016901e+04    1.1411267002e+02    1.1326694082e+02    1.1350688096e+02    3.1128658073e-03    1.0003115119e-01   -2.7024771006e-02    7.9271556718e+01    2.9726833769e+01    2.9726833769e+01
    2.0002252700e+03    2.2408477229e+03   -6.2746764428e+04    1.1368485494e+02    1.1357972965e+02    1.1346984313e+02    1.6561859373e-01   -1.9559583064e-02    2.0810736382e-01    7.9271556718e+01    2.9726833769e+01    2.9726833769e+01
    2.0093779101e+03    2.2511014043e+03   -6.2754910863e+04    1.1356616606e+02    1.1321946609e+02    1.1347944848e+02    8.7736130519e-02   -6.8962160970e-02    7.4997756510e-02    7.9271556718e+01    2.9726833769e+01    2.9726833769e+01
    1.9947114999e+03    2.2346706590e+03   -6.2738319245e+04    1.1337834561e+02    1.1367496660e+02    1.1366418638e+02   -1.8789126824e-02    1.7038049498e-01   -3.7984517506e-03    7.9271556718e+01    2.9726833769e+01    2.9726833769e+01
    2.0009749028e+03    2.2416875348e+03   -6.2748498927e+04    1.1363256939e+02    1.1327320739e+02    1.1349250325e+02    2.7581629626e-02   -1.2379953612e-01   -1.0235895351e-01    7.9271556718e+01    2.9726833769e+01    2.9726833769e+01
    1.9987810236e+03    2.2392297370e+03   -6.2747655123e+04    1.1388638969e+02    1.1335561453e+02    1.1323010145e+02   -4.3706067640e-02    1.3265224883e-01   -1.3427645463e-01    7.9271556718e+01    2.9726833769e+01    2.9726833769e+01
    2.0018174340e+03    2.2426314205e+03   -6.2751664990e+04    1.1351090900e+02    1.1369972777e+02    1.1329707695e+02   -6.6098485376e-02    2.0964128768e-02   -2.2743770841e-02    7.9271556718e+01    2.9726833769e+01    2.9726833769e+01
    2.0050174796e+03    2.2462164241e+03   -6.2754119082e+04    1.1383812101e+02    1.1342714231e+02    1.1329698911e+02    1.4059560263e-01   -1.4483095628e-01   -4.1350631263e-03    7.9271556718e+01    2.9726833769e+01    2.9726833769e+01
    1.9994879171e+03    2.2400216682e+03   -6.2747146465e+04    1.1369768221e+02    1.1326268203e+02    1.1369536319e+02   -1.1740362429e-01   -1.0038981896e-01    3.1479253658e-02    7.9271556718e+01    2.9726833769e+01    2.9726833769e+01
    1.9972633633e+03    2.2375295057e+03   -6.2744022721e+04    1.1385848649e+02    1.1337788613e+02    1.1360459997e+02    3.3030883414e-02   -1.5384201470e-01    1.4123367766e-01    7.9271556718e+01    2.9726833769e+01    2.9726833769e+01
    2.0016118004e+03    2.2424010497e+03   -6.2750982263e+04    1.1340252622e+02    1.1367826248e+02    1.1344973805e+02   -9.4204697558e-02    1.5012991312e-02    9.5740116685e-02    7.9271556718e+01    2.9726833769e+01    2.9726833769e+01
    2.0147527400e+03    2.2571228138e+03   -6.2764437572e+04    1.1362452617e+02    1.1345940146e+02    1.1343200620e+02   -1.7773934387e-01    6.2045414513e-02   -1.7099134336e-03    7.9271556718e+01    2.9726833769e+01    2.9726833769e+01
    2.0168095494e+03    2.2594270526e+03   -6.2767073201e+04    1.1376308585e+02    1.1317094072e+02    1.1325000420e+02   -7.1914558651e-02    4.8083199605e-02    1.0264091377e-01    7.9271556718e+01    2.9726833769e+01    2.9726833769e+01
    1.9994119893e+03    2.2399366064e+03   -6.2750060368e+04    1.1359794793e+02    1.1339662353e+02    1.1352566331e+02   -6.4179133829e-03    1.6862514289e-01   -2.1891491195e-01    7.9271556718e+01    2.9726833769e+01    2.9726833769e+01
    1.9901596811e+03    2.2295712671e+03   -6.2737144807e+04    1.1369563723e+02    1.1339901388e+02    1.1362511519e+02   -3.8623133706e-02   -1.1040366109e-02   -2.3660637221e-02    7.9271556718e+01    2.9726833769e+01    2.9726833769e+01
    1.9889595446e+03    2.2282267569e+03   -6.2732223375e+04    1.1383463537e+02    1.1335720314e+02    1.1359167295e+02    1.9055204078e-01   -6.2160004135e-02    1.0864526360e-01    7.9271556718e+01    2.9726833769e+01    2.9726833769e+01
    2.0068626860e+03    2.2482836046e+03   -6.2755305692e+04    1.1362484200e+02    1.1335323151e+02    1.1344485140e+02    6.9717890154e-02   -1.2058801191e-02   -7.0533526056e-03    7.9271556718e+01    2.9726833769e+01    2.9726833769e+01
    2.0016193582e+03    2.2424095166e+03   -6.2750079060e+04    1.1370912965e+02    1.1357830706e+02    1.1321712959e+02    1.5902394262e-01   -1.1173584634e-01    2.5832846771e-02    7.9271556718e+01    2.9726833769e+01    2.9726833769e+01
    1.9862279544e+03    2.2251665627e+03   -6.2731477281e+04    1.1344334120e+02    1.1365957969e+02    1.1382984814e+02   -6.9786592768e-02   -7.7636834965e-02   -1.7336633561e-02    7.9271556718e+01    2.9726833769e+01    2.9726833769e+01
    2.0051371264e+03    2.2463504642e+03   -6.2751695299e+04    1.1367422335e+02    1.1352990471e+02    1.1340132886e+02   -1.8755614283e-01   -4.2129686878e-04    2.2288058742e-01    7.9271556718e+01    2.9726833769e+01    2.9726833769e+01
    1.9960929736e+03    2.2362183208e+03   -6.2743000771e+04    1.1365810797e+02    1.1355795096e+02    1.1323144933e+02    2.4628170326e-01   -8.4824762463e-02    9.8256342503e-02    7.9271556718e+01    2.9726833769e+01    2.9726833769e+01
    1.9876296677e+03    2.2267368989e+03   -6.2734336385e+04    1.1347908378e+02    1.1350631301e+02    1.1376435112e+02    3.1045923730e-02    4.6584433557e-02   -2.0737462215e-03    7.9271556718e+01    2.9726833769e+01    2.9726833769e+01
    2.0054228103e+03    2.2466705152e+03   -6.2753567456e+04    1.1352902400e+02    1.1346375680e+02    1.1340637679e+02    8.6487788181e-02    1.7376883286e-02   -9.3599658496e-02    7.9271556718e+01    2.9726833769e+01    2.9726833769e+01
    2.0060090598e+03    2.2473272892e+03   -6.2751301637e+04    1.1350360733e+02    1.1337661382e+02    1.1342463449e+02    3.2992660975e-02    3.5030914230e-02   -8.9405146613e-02    7.9271556718e+01    2.9726833769e+01    2.9726833769e+01
    2.0227622108e+03    2.2660958053e+03   -6.2774531648e+04    1.1361885372e+02    1.1316281601e+02    1.1346004581e+02    1.6363729858e-01    7.8179216460e-02    2.1893283446e-02    7.9271556718e+01    2.9726833769e+01    2.9726833769e+01
    2.0096844520e+03    2.2514448225e+03   -6.2758995837e+04    1.1340913858e+02    1.1362340528e+02    1.1340472691e+02   -5.0897268005e-02    1.8837050457e-02   -4.8298458321e-02    7.9271556718e+01    2.9726833769e+01    2.9726833769e+01
    2.0051442469e+03    2.2463584413e+03   -6.2752953547e+04    1.1360921523e+02    1.1357202938e+02    1.1332721721e+02   -6.5429985057e-02   -2.8497316451e-02    7.9450082213e-02    7.9271556718e+01    2.9726833769e+01    2.9726833769e+01
    2.0249631253e+03    2.2685614847e+03   -6.2775026309e+04    1.1344148504e+02    1.1332776156e+02    1.1335494678e+02   -3.2819468234e-02   -4.3121742978e-02    1.5466671914e-01    7.9271556718e+01    2.9726833769e+01    2.9726833769e+01
    2.0233160979e+03    2.2667163237e+03   -6.2773121608e+04    1.1356777915e+02    1.1305941268e+02    1.1337268438e+02    5.8898775513e-02   -6.5452739062e-02   -9.5015176489e-02    7.9271556718e+01    2.9726833769e+01    2.9726833769e+01
    2.0138101322e+03    2.2560668124e+03   -6.2764015457e+04    1.1335467918e+02    1.1351136704e+02    1.1364718431e+02    3.1850415169e-02   -4.4551475309e-02   -9.4424684197e-02    7.9271556718e+01    2.9726833769e+01    2.9726833769e+01
    2.0001392032e+03    2.2407513024e+03   -6.2745076611e+04    1.1361762976e+02    1.1359030233e+02    1.1343660725e+02    1.0703118887e-01    6.3341674323e-03   -7.2895416139e-02    7.9271556718e+01    2.9726833769e+01    2.9726833769e+01
    1.9754848241e+03    2.2131310588e+03   -6.2719605455e+04    1.1396388720e+02    1.1362856782e+02    1.1364469444e+02    6.1744526897e-02    2.4907877346e-02    1.9599098639e-01    7.9271556718e+01    2.9726833769e+01    2.9726833769e+01
    2.0063125355e+03    2.2476672722e+03   -6.2751937522e+04    1.1350498795e+02    1.1386027114e+02    1.1337352537e+02   -1.7188344382e-01   -1.0420285888e-01    3.9132307298e-02    7.9271556718e+01    2.9726833769e+01    2.9726833769e+01
    1.9893091748e+03    2.2286184468e+03   -6.2735575614e+04    1.1387668666e+02    1.1344107271e+02    1.1333143332e+02    3.6061962295e-02    2.0318445944e-02    9.1017403772e-02    7.9271556718e+01    2.9726833769e+01    2.9726833769e+01
    2.0104406431e+03    2.2522919816e+03   -6.2757970978e+04    1.1342436552e+02    1.1319396919e+02    1.1353907663e+02    1.2531934792e-01   -1.1661186118e-01   -1.4347381552e-02    7.9271556718e+01    2.9726833769e+01    2.9726833769e+01
    2.0192671414e+03    2.2621802871e+03   -6.2766654213e+04    1.1372454264e+02    1.1323892046e+02    1.1325983835e+02    2.2160436051e-02    1.3754894527e-01   -1.2531658978e-01    7.9271556718e+01    2.9726833769e+01    2.9726833769e+01
    2.0092572130e+03    2.2509661876e+03   -6.2758467404e+04    1.1349054660e+02    1.1356592118e+02    1.1354950376e+02    2.2437797057e-02    8.6770641372e-02   -4.9807856577e-02    7.9271556718e+01    2.9726833769e+01    2.9726833769e+01
    2.0118976216e+03    2.2539242313e+03   -6.2761989305e+04    1.1362347725e+02    1.1317753783e+02    1.1369885359e+02   -2.3033373429e-01    5.2748455081e-02    1.2562765318e-01    7.9271556718e+01    2.9726833769e+01    2.9726833769e+01
    2.0051946216e+03    2.2464148760e+03   -6.2752605728e+04    1.1377344979e+02    1.1329508176e+02    1.1345180482e+02    6.9180898669e-02   -4.6633835273e-02   -7.4586706643e-03    7.9271556718e+01    2.9726833769e+01    2.9726833769e+01
    2.0049291281e+03    2.2461174442e+03   -6.2754245847e+04    1.1373091513e+02    1.1353005283e+02    1.1323127999e+02   -1.6150248003e-01    9.7914032589e-02   -8.0795516360e-03    7.9271556718e+01    2.9726833769e+01    2.9726833769e+01
    2.0082399629e+03    2.2498265648e+03   -6.2756717618e+04    1.1371648094e+02    1.1343046985e+02    1.1316676473e+02   -7.2490890640e-02    3.4158011400e-02   -1.9150606944e-02    7.9271556718e+01    2.9726833769e+01    2.9726833769e+01
    1.9906475649e+03    2.2301178421e+03   -6.2736238122e+04    1.1354738902e+02    1.1376009793e+02    1.1337953622e+02    8.7178950569e-02   -8.7653261611e-02    4.8565501645e-02    7.9271556718e+01    2.9726833769e+01    2.9726833769e+01
    2.0203661386e+03    2.2634114911e+03   -6.2773074303e+04    1.1335262903e+02    1.1348724415e+02    1.1337052899e+02    1.8536955581e-01   -6.0511035262e-02    3.4376747034e-02    7.9271556718e+01    2.9726833769e+01    2.9726833769e+01
    1.9936236181e+03    2.2334519076e+03   -6.2741357514e+04    1.1377609386e+02    1.1329855972e+02    1.1361418274e+02    1.2848899906e-01   -3.1875679401e-02    1.7622931152e-01    7.9271556718e+01    2.9726833769e+01    2.9726833769e+01
    1.9906442004e+03    2.2301140729e+03   -6.2735471292e+04    1.1378377110e+02    1.1339801311e+02    1.1357861205e+02   -4.3982285952e-02    1.2491570879e-01    1.4703663125e-01    7.9271556718e+01    2.9726833769e+01    2.9726833769e+01
    2.0036456799e+03    2.2446796002e+03   -6.2751076666e+04    1.1375654849e+02    1.1354084314e+02    1.1329992308e+02   -5.8871874151e-02   -1.7335904260e-01   -5.3901378759e-02    7.9271556718e+01    2.9726833769e+01    2.9726833769e+01
    2.0142406748e+03    2.2565491484e+03   -6.2762839037e+04    1.1354541873e+02    1.1342078219e+02    1.1344967629e+02   -1.2358541226e-01   -3.0744708183e-02    2.1573054775e-02    7.9271556718e+01    2.9726833769e+01    2.9726833769e+01
    2.0122516736e+03    2.2543208749e+03   -6.2764232285e+04    1.1405862284e+02    1.1313721944e+02    1.1329349480e+02    7.0306119187e-02   -1.1827699045e-01   -2.2362281001e-02    7.9271556718e+01    2.9726833769e+01    2.9726833769e+01
    1.9818357344e+03    2.2202459689e+03   -6.2726484573e+04    1.1396122354e+02    1.1356733339e+02    1.1337997799e+02   -5.6846199114e-03   -2.6820749363e-02    1.0617256263e-01    7.9271556718e+01    2.9726833769e+01    2.9726833769e+01
    1.9995647730e+03    2.2401077696e+03   -6.2747907112e+04    1.1353660013e+02    1.1338848040e+02    1.1354043446e+02   -3.8403532097e-02   -2.1155170424e-02   -5.6495164060e-02    7.9271556718e+01    2.9726833769e+01    2.9726833769e+01
    2.0202686279e+03    2.2633022502e+03   -6.2768870728e+04    1.1347143194e+02    1.1356437715e+02    1.1348694557e+02    5.9967944369e-02    3.4833594517e-02   -1.0194005369e-01    7.9271556718e+01    2.9726833769e+01    2.9726833769e+01
    2.0251786486e+03    2.2688029350e+03   -6.2774897327e+04    1.1312962913e+02    1.1347519781e+02    1.1330699726e+02   -7.2232298544e-02    5.6162688325e-03    3.2159478745e-02    7.9271556718e+01    2.9726833769e+01    2.9726833769e+01
    2.0150997844e+03    2.2575116068e+03   -6.2763834308e+04    1.1355936636e+02    1.1331800884e+02    1.1354198546e+02   -1.9438766292e-01   -1.6979967105e-01   -4.9509439864e-02    7.9271556718e+01    2.9726833769e+01    2.9726833769e+01
    2.0008779705e+03    2.2415789417e+03   -6.2749245170e+04    1.1386246000e+02    1.1331394583e+02    1.1333826128e+02    6.8522682370e-02   -1.8891736973e-02   -1.4976037145e-02    7.9271556718e+01    2.9726833769e+01    2.9726833769e+01
    2.0098820544e+03    2.2516661960e+03   -6.2759405590e+04    1.1384841856e+02    1.1320204801e+02    1.1333157157e+02   -1.0421677040e-01   -7.4495637541e-02    1.5529231523e-01    7.9271556718e+01    2.9726833769e+01    2.9726833769e+01
    2.0007693179e+03    2.2414572185e+03   -6.2747459437e+04    1.1344507622e+02    1.1325216552e+02    1.1368042449e+02   -9.4195199076e-02   -4.1319343652e-03   -8.9556333563e-02    7.9271556718e+01    2.9726833769e+01    2.9726833769e+01
    2.0123415150e+03    2.2544215240e+03   -6.2760768093e+04    1.1347986362e+02    1.1345211319e+02    1.1342835979e+02   -3.2587624928e-02    1.6203206129e-01   -1.5128515442e-02    7.9271556718e+01    2.9726833769e+01    2.9726833769e+01
    2.0084928916e+03    2.2501099202e+03   -6.2755213902e+04    1.1326328773e+02    1.1334840648e+02    1.1372860402e+02   -6.2984868569e-02    8.8498854835e-02   -2.4944615638e-03    7.9271556718e+01    2.9726833769e+01    2.9726833769e+01
    2.0025040410e+03    2.2434006247e+03   -6.2750489555e+04    1.1365169772e+02    1.1364735902e+02    1.1333242079e+02    1.2857726732e-01    5.5569821752e-02   -1.2191088193e-01    7.9271556718e+01    2.9726833769e+01    2.9726833769e+01
    2.0085702021e+03    2.2501965309e+03   -6.2755865621e+04    1.1365739650e+02    1.1331815194e+02    1.1342382635e+02   -9.6130743415e-02    5.4840891570e-03    5.2111796653e-02    7.9271556718e+01    2.9726833769e+01    2.9726833769e+01
    2.0099093318e+03    2.2516967548e+03   -6.2757547471e+04    1.1361624752e+02    1.1336150015e+02    1.1345716942e+02   -7.1287186167e-02   -2.2762077140e-02   -1.6962411104e-01    7.9271556718e+01    2.9726833769e+01    2.9726833769e+01
    1.9992665937e+03    2.2397737201e+03   -6.2748544958e+04    1.1339877339e+02    1.1344830629e+02    1.1356804187e+02   -8.4166383646e-02    1.2290763222e-03   -1.7066212473e-01    7.9271556718e+01    2.9726833769e+01    2.9726833769e+01
    2.0096056169e+03    2.2513565038e+03   -6.2758511730e+04    1.1344252746e+02    1.1360374793e+02    1.1333415009e+02    1.4466056363e-02    2.2540953287e-02    1.5501011294e-01    7.9271556718e+01    2.9726833769e+01    2.9726833769e+01
    2.0097127570e+03    2.2514765325e+03   -6.2758154650e+04    1.1344389001e+02    1.1356230208e+02    1.1333667181e+02    1.6961240559e-01   -6.3004676494e-02   -2.8745621045e-02    7.9271556718e+01    2.9726833769e+01    2.9726833769e+01
    2.0000478842e+03    2.2406489980e+03   -6.2746403868e+04    1.1357221006e+02    1.1347705848e+02    1.1361608383e+02    5.6385322146e-02   -5.2217385117e-02    6.7953562062e-02    7.9271556718e+01    2.9726833769e+01    2.9726833769e+01
    1.9929850962e+03    2.2327365730e+03   -6.2740310572e+04    1.1358624675e+02    1.1353847451e+02    1.1364373456e+02    1.3311549857e-01    1.2235687134e-01    4.4148766828e-02    7.9271556718e+01    2.9726833769e+01    2.9726833769e+01
    1.9985285860e+03    2.2389469318e+03   -6.2746033495e+04    1.1362501866e+02    1.1351159598e+02    1.1337519446e+02    3.8793552752e-02   -4.9453791398e-02   -9.0543362198e-02    7.9271556718e+01    2.9726833769e+01    2.9726833769e+01
    2.0025890279e+03    2.2434958353e+03   -6.2749396257e+04    1.1349540152e+02    1.1371092520e+02    1.1340673485e+02    1.7808829514e-01    5.5378710958e-02    1.2315054010e-02    7.9271556718e+01    2.9726833769e+01    2.9726833769e+01
    2.0051680064e+03    2.2463850590e+03   -6.2752702819e+04    1.1345846142e+02    1.1361159048e+02    1.1354800006e+02    1.0958110079e-01   -4.7871854460e-02   -1.7746337214e-01    7.9271556718e+01    2.9726833769e+01    2.9726833769e+01
    1.9969307392e+03    2.2371568677e+03   -6.2743762922e+04    1.1326876749e+02    1.1337447656e+02    1.1395061097e+02   -3.6802294665e-02    1.0213497617e-01    7.9812002443e-02    7.9271556718e+01    2.9726833769e+01    2.9726833769e+01
    2.0082087205e+03    2.2497915640e+03   -6.2757714659e+04    1.1361705748e+02    1.1335684069e+02    1.1327585066e+02   -1.2490455018e-01   -3.0795425911e-03    1.5101733646e-01    7.9271556718e+01    2.9726833769e+01    2.9726833769e+01
    2.0155594584e+03    2.2580265786e+03   -6.2764690137e+04    1.1374042834e+02    1.1355054800e+02    1.1314305608e+02   -1.2359715245e-01   -1.5158143956e-01   -1.8520644260e-03    7.9271556718e+01    2.9726833769e+01    2.9726833769e+01
    1.9779511107e+03    2.2158940339e+03   -6.2722218078e+04    1.1408528372e+02    1.1352731784e+02    1.1345782259e+02    1.5261188995e-01    2.4979819105e-02   -7.4843696344e-02    7.9271556718e+01    2.9726833769e+01    2.9726833769e+01
    2.0009157122e+03    2.2416212237e+03   -6.2749025684e+04    1.1350769325e+02    1.1355565893e+02    1.1352945711e+02    1.2861262296e-01    5.2000141265e-03    1.9305102677e-01    7.9271556718e+01    2.9726833769e+01    2.9726833769e+01
    2.0193657102e+03    2.2622907136e+03   -6.2769356397e+04    1.1341716579e+02    1.1333983315e+02    1.1352851234e+02    1.7136568484e-01   -5.8223125349e-02   -1.1259396312e-01    7.9271556718e+01    2.9726833769e+01    2.9726833769e+01
    1.9950347737e+03    2.2350328220e+03   -6.2742944562e+04    1.1362839125e+02    1.1381133102e+02    1.1311805634e+02   -8.5657423255e-02    6.0387145134e-02    9.1621332709e-02    7.9271556718e+01    2.9726833769e+01    2.9726833769e+01
    2.0207601439e+03    2.2638528944e+03   -6.2770435665e+04    1.1342780242e+02    1.1371132420e+02    1.1308936438e+02    1.4646147712e-01    4.0680164246e-04   -1.3997925571e-02    7.9271556718e+01    2.9726833769e+01    2.9726833769e+01
    2.0052045963e+03    2.2464260506e+03   -6.2752306910e+04    1.1350676048e+02    1.1353091029e+02    1.1363382945e+02    1.1933264275e-05    1.8521691356e-02   -5.6824585067e-02    7.9271556718e+01    2.9726833769e+01    2.9726833769e+01
    2.0063553145e+03    2.2477151975e+03   -6.2752838633e+04    1.1372934206e+02    1.1335281600e+02    1.1352822395e+02   -1.4301692743e-01   -4.3665775739e-02    5.6652301673e-02    7.9271556718e+01    2.9726833769e+01    2.9726833769e+01
    2.0142471589e+03    2.2565564124e+03   -6.2764321745e+04    1.1372259005e+02    1.1334247588e+02    1.1319398788e+02    8.6012911416e-02    8.4614850217e-02   -4.6162970800e-02    7.9271556718e+01    2.9726833769e+01    2.9726833769e+01
    2.0000913223e+03    2.2406976616e+03   -6.2748657526e+04    1.1377772253e+02    1.1338826766e+02    1.1329372582e+02   -1.9371510400e-01   -1.8897836952e-01    1.4441512345e-02    7.9271556718e+01    2.9726833769e+01    2.9726833769e+01
    1.9989921110e+03    2.2394662177e+03   -6.2747703442e+04    1.1381191881e+02    1.1351144461e+02    1.1340885631e+02    3.3878725794e-02    4.1858568217e-02   -2.1415786647e-01    7.9271556718e+01    2.9726833769e+01    2.9726833769e+01
    1.9995657855e+03    2.2401089040e+03   -6.2747827606e+04    1.1350706016e+02    1.1365577508e+02    1.1343826116e+02    4.2151408590e-02    1.9135154301e-02   -1.3571275086e-02    7.9271556718e+01    2.9726833769e+01    2.9726833769e+01
    1.9813905609e+03    2.2197472420e+03   -6.2727232542e+04    1.1367731683e+02    1.1348465194e+02    1.1352723974e+02    7.1033200663e-02    6.2142836084e-02   -1.0003429511e-02    7.9271556718e+01    2.9726833769e+01    2.9726833769e+01
    2.0213966803e+03    2.2645660047e+03   -6.2769953204e+04    1.1349359867e+02    1.1361094251e+02    1.1326425138e+02   -1.1295454070e-01   -1.9416739358e-01   -4.1966691893e-02    7.9271556718e+01    2.9726833769e+01    2.9726833769e+01
    2.0044731140e+03    2.2456065726e+03   -6.2751270742e+04    1.1389661156e+02    1.1319537643e+02    1.1339180599e+02   -2.5188162937e-02   -3.1569116249e-02   -2.1499764016e-01    7.9271556718e+01    2.9726833769e+01    2.9726833769e+01
    2.0086753255e+03    2.2503143004e+03   -6.2755451819e+04    1.1355280622e+02    1.1334078681e+02    1.1356971622e+02    4.6272983109e-02    1.9284621282e-01    1.3401565948e-01    7.9271556718e+01    2.9726833769e+01    2.9726833769e+01
    2.0080864130e+03    2.2496545431e+03   -6.2755008715e+04    1.1356252662e+02    1.1343155238e+02    1.1369403270e+02   -9.4977059636e-02   -2.3601753654e-02   -1.4820270268e-01    7.9271556718e+01    2.9726833769e+01    2.9726833769e+01
    1.9819819901e+03    2.2204098188e+03   -6.2728157177e+04    1.1387211344e+02    1.1350704511e+02    1.1357146605e+02    8.5712966851e-02    5.2301097848e-02    3.2790505075e-02    7.9271556718e+01    2.9726833769e+01    2.9726833769e+01
    1.9819819901e+03    2.2204098188e+03   -6.2728157177e+04    1.1387211344e+02    1.1350704511e+02    1.1357146605e+02    8.5712966851e-02    5.2301097848e-02    3.2790505075e-02    7.9271556718e+01    2.9726833769e+01    2.9726833769e+01
    1.9819819901e+03    2.2204098188e+03   -6.2728157177e+04    1.1387211344e+02    1.1350704511e+02    1.1357146605e+02    8.5712966851e-02    5.2301097848e-02    3.2790505075e-02    7.9271556718e+01    2.9726833769e+01    2.9726833769e+01
    1.9819819901e+03    2.2204098188e+03   -6.2728157177e+04    1.1387211344e+02    1.1350704511e+02    1.1357146605e+02    8.5712966851e-02    5.2301097848e-02    3.2790505075e-02    7.9271556718e+01    2.9726833769e+01    2.9726833769e+01
    1.9819819901e+03    2.2204098188e+03   -6.2728157177e+04    1.1387211344e+02    1.1350704511e+02    1.1357146605e+02    8.5712966851e-02    5.2301097848e-02    3.2790505075e-02    7.9271556718e+01    2.9726833769e+01    2.9726833769e+01
    1.9819819901e+03    2.2204098188e+03   -6.2728157177e+04    1.1387211344e+02    1.1350704511e+02    1.1357146605e+02    8.5712966851e-02    5.2301097848e-02    3.2790505075e-02    7.9271556718e+01    2.9726833769e+01    2.9726833769e+01
    1.9819819901e+03    2.2204098188e+03   -6.2728157177e+04    1.1387211344e+02    1.1350704511e+02    1.1357146605e+02    8.5712966851e-02    5.2301097848e-02    3.2790505075e-02    7.9271556718e+01    2.9726833769e+01    2.9726833769e+01
    1.9819819901e+03    2.2204098188e+03   -6.2728157177e+04    1.1387211344e+02    1.1350704511e+02    1.1357146605e+02    8.5712966851e-02    5.2301097848e-02    3.2790505075e-02    7.9271556718e+01    2.9726833769e+01    2.9726833769e+01
    1.9819819901e+03    2.2204098188e+03   -6.2728157177e+04    1.1387211344e+02    1.1350704511e+02    1.1357146605e+02    8.5712966851e-02    5.2301097848e-02    3.2790505075e-02    7.9271556718e+01    2.9726833769e+01    2.9726833769e+01
    1.9819819901e+03    2.2204098188e+03   -6.2728157177e+04    1.1387211344e+02    1.1350704511e+02    1.1357146605e+02    8.5712966851e-02    5.2301097848e-02    3.2790505075e-02    7.9271556718e+01    2.9726833769e+01    2.9726833769e+01
    1.9819819901e+03    2.2204098188e+03   -6.2728157177e+04    1.1387211344e+02    1.1350704511e+02    1.1357146605e+02    8.5712966851e-02    5.2301097848e-02    3.2790505075e-02    7.9271556718e+01    2.9726833769e+01    2.9726833769e+01
    1.9819819901e+03    2.2204098188e+03   -6.2728157177e+04    1.1387211344e+02    1.1350704511e+02    1.1357146605e+02    8.5712966851e-02    5.2301097848e-02    3.2790505075e-02    7.9271556718e+01    2.9726833769e+01    2.9726833769e+01
    1.9819819901e+03    2.2204098188e+03   -6.2728157177e+04    1.1387211344e+02    1.1350704511e+02    1.1357146605e+02    8.5712966851e-02    5.2301097848e-02    3.2790505075e-02    7.9271556718e+01    2.9726833769e+01    2.9726833769e+01
    1.9819819901e+03    2.2204098188e+03   -6.2728157177e+04    1.1387211344e+02    1.1350704511e+02    1.1357146605e+02    8.5712966851e-02    5.2301097848e-02    3.2790505075e-02    7.9271556718e+01    2.9726833769e+01    2.9726833769e+01
    1.9819819901e+03    2.2204098188e+03   -6.2728157177e+04    1.1387211344e+02    1.1350704511e+02    1.1357146605e+02    8.5712966851e-02    5.2301097848e-02    3.2790505075e-02    7.9271556718e+01    2.9726833769e+01    2.9726833769e+01
    1.9819819901e+03    2.2204098188e+03   -6.2728157177e+04    1.1387211344e+02    1.1350704511e+02    1.1357146605e+02    8.5712966851e-02    5.2301097848e-02    3.2790505075e-02    7.9271556718e+01    2.9726833769e+01    2.9726833769e+01
    1.9819819901e+03    2.2204098188e+03   -6.2728157177e+04    1.1387211344e+02    1.1350704511e+02    1.1357146605e+02    8.5712966851e-02    5.2301097848e-02    3.2790505075e-02    7.9271556718e+01    2.9726833769e+01    2.9726833769e+01
    1.9819819901e+03    2.2204098188e+03   -6.2728157177e+04    1.1387211344e+02    1.1350704511e+02    1.1357146605e+02    8.5712966851e-02    5.2301097848e-02    3.2790505075e-02    7.9271556718e+01    2.9726833769e+01    2.9726833769e+01
    1.9819819901e+03    2.2204098188e+03   -6.2728157177e+04    1.1387211344e+02    1.1350704511e+02    1.1357146605e+02    8.5712966851e-02    5.2301097848e-02    3.2790505075e-02    7.9271556718e+01    2.9726833769e+01    2.9726833769e+01
    1.9819819901e+03    2.2204098188e+03   -6.2728157177e+04    1.1387211344e+02    1.1350704511e+02    1.1357146605e+02    8.5712966851e-02    5.2301097848e-02    3.2790505075e-02    7.9271556718e+01    2.9726833769e+01    2.9726833769e+01
    1.9819819901e+03    2.2204098188e+03   -6.2728157177e+04    1.1387211344e+02    1.1350704511e+02    1.1357146605e+02    8.5712966851e-02    5.2301097848e-02    3.2790505075e-02    7.9271556718e+01    2.9726833769e+01    2.9726833769e+01
    1.9819819901e+03    2.2204098188e+03   -6.2728157177e+04    1.1387211344e+02    1.1350704511e+02    1.1357146605e+02    8.5712966851e-02    5.2301097848e-02    3.2790505075e-02    7.9271556718e+01    2.9726833769e+01    2.9726833769e+01
    1.9819819901e+03    2.2204098188e+03   -6.2728157177e+04    1.1387211344e+02    1.1350704511e+02    1.1357146605e+02    8.5712966851e-02    5.2301097848e-02    3.2790505075e-02    7.9271556718e+01    2.9726833769e+01    2.9726833769e+01
    1.9819819901e+03    2.2204098188e+03   -6.2728157177e+04    1.1387211344e+02    1.1350704511e+02    1.1357146605e+02    8.5712966851e-02    5.2301097848e-02    3.2790505075e-02    7.9271556718e+01    2.9726833769e+01    2.9726833769e+01
    1.9819819901e+03    2.2204098188e+03   -6.2728157177e+04    1.1387211344e+02    1.1350704511e+02    1.1357146605e+02    8.5712966851e-02    5.2301097848e-02    3.2790505075e-02    7.9271556718e+01    2.9726833769e+01    2.9726833769e+01
    1.9819819901e+03    2.2204098188e+03   -6.2728157177e+04    1.1387211344e+02    1.1350704511e+02    1.1357146605e+02    8.5712966851e-02    5.2301097848e-02    3.2790505075e-02    7.9271556718e+01    2.9726833769e+01    2.9726833769e+01
    1.9819819901e+03    2.2204098188e+03   -6.2728157177e+04    1.1387211344e+02    1.1350704511e+02    1.1357146605e+02    8.5712966851e-02    5.2301097848e-02    3.2790505075e-02    7.9271556718e+01    2.9726833769e+01    2.9726833769e+01
    1.9819819901e+03    2.2204098188e+03   -6.2728157177e+04    1.1387211344e+02    1.1350704511e+02    1.1357146605e+02    8.5712966851e-02    5.2301097848e-02    3.2790505075e-02    7.9271556718e+01    2.9726833769e+01    2.9726833769e+01
    1.9819819901e+03    2.2204098188e+03   -6.2728157177e+04    1.1387211344e+02    1.1350704511e+02    1.1357146605e+02    8.5712966851e-02    5.2301097848e-02    3.2790505075e-02    7.9271556718e+01    2.9726833769e+01    2.9726833769e+01
    1.9819819901e+03    2.2204098188e+03   -6.2728157177e+04    1.1387211344e+02    1.1350704511e+02    1.1357146605e+02    8.5712966851e-02    5.2301097848e-02    3.2790505075e-02    7.9271556718e+01    2.9726833769e+01    2.9726833769e+01
    1.9819819901e+03    2.2204098188e+03   -6.2728157177e+04    1.1387211344e+02    1.1350704511e+02    1.1357146605e+02    8.5712966851e-02    5.2301097848e-02    3.2790505075e-02    7.9271556718e+01    2.9726833769e+01    2.9726833769e+01
