    1.9810740201e+03    1.9082628152e+03   -5.7380967910e+04    7.3782926925e+01    7.3755375392e+01    7.3451165529e+01    7.5245421693e-02    5.4698241414e-02   -3.0284694076e-02    7.1173625292e+01    3.0502982268e+01    3.0502982268e+01
    2.0014543514e+03    1.9278941002e+03   -5.7389753247e+04    7.3753905685e+01    7.3752185109e+01    7.3427059670e+01   -1.6708490142e-02    4.5796310619e-02    4.3102123639e-02    7.1173625292e+01    3.0502982268e+01    3.0502982268e+01
    2.0069938628e+03    1.9332300157e+03   -5.7393481605e+04    7.3710680192e+01    7.3665816896e+01    7.3481766953e+01   -1.7444164793e-02    3.4759554592e-02   -4.9442856902e-02    7.1173625292e+01    3.0502982268e+01    3.0502982268e+01
    2.0036001714e+03    1.9299610540e+03   -5.7391845008e+04    7.3794331078e+01    7.3357927204e+01    7.3692262922e+01    8.7623075563e-03    7.6176580697e-02    1.9082929125e-02    7.1173625292e+01    3.0502982268e+01    3.0502982268e+01
    2.0056127994e+03    1.9318997110e+03   -5.7394505052e+04    7.3990980413e+01    7.3522723145e+01    7.3229076818e+01    1.1352341304e-02   -8.5141146050e-02    8.0294345584e-02    7.1173625292e+01    3.0502982268e+01    3.0502982268e+01
    2.0183268228e+03    1.9441464508e+03   -5.7406168149e+04    7.3813088030e+01    7.3475878076e+01    7.3470949411e+01    1.2539611894e-01   -1.3584934289e-01   -2.3848886371e-02    7.1173625292e+01    3.0502982268e+01    3.0502982268e+01
    1.9821269782e+03    1.9092770736e+03   -5.7370023972e+04    7.3858260030e+01    7.3469945506e+01    7.3663815736e+01   -4.4223523133e-02   -5.2199938090e-02    1.2027889741e-03    7.1173625292e+01    3.0502982268e+01    3.0502982268e+01
    1.9965181505e+03    1.9231393214e+03   -5.7383257559e+04    7.3941163191e+01    7.3428709960e+01    7.3747490640e+01    2.7334565051e-02    9.7810772927e-02    8.0937095194e-02    7.1173625292e+01    3.0502982268e+01    3.0502982268e+01
    1.9771649388e+03    1.9044974060e+03   -5.7367233952e+04    7.3736603807e+01    7.3729741405e+01    7.3641896298e+01   -1.0857663375e-01    6.6967022072e-02   -1.3073997201e-01    7.1173625292e+01    3.0502982268e+01    3.0502982268e+01
    2.0111318533e+03    1.9372159210e+03   -5.7397477152e+04    7.3671487677e+01    7.3563151305e+01    7.3352088658e+01   -7.6777113485e-02   -7.6195363490e-02   -5.3910539354e-02    7.1173625292e+01    3.0502982268e+01    3.0502982268e+01
    1.9994013343e+03    1.9259165384e+03   -5.7388780237e+04    7.3802989600e+01    7.3610978908e+01    7.3271044365e+01   -8.9358535707e-02   -2.4012668253e-02    3.8414140612e-02    7.1173625292e+01    3.0502982268e+01    3.0502982268e+01
    2.0002028105e+03    1.9266885576e+03   -5.7387147203e+04    7.3598528958e+01    7.3746582833e+01    7.3407195648e+01    3.7738280978e-02   -3.9049259945e-02   -7.9847011891e-02    7.1173625292e+01    3.0502982268e+01    3.0502982268e+01
    2.0097049752e+03    1.9358414854e+03   -5.7398697343e+04    7.3734418119e+01    7.3721589307e+01    7.3401671147e+01   -1.5988711762e-01   -8.0173661021e-02   -1.0822342579e-02    7.1173625292e+01    3.0502982268e+01    3.0502982268e+01
    2.0054929072e+03    1.9317842253e+03   -5.7393458144e+04    7.3719995067e+01    7.3442350416e+01    7.3513859384e+01    5.4721696092e-02   -1.3552953468e-03   -1.5841515349e-02    7.1173625292e+01    3.0502982268e+01    3.0502982268e+01
    2.0038314460e+03    1.9301838284e+03   -5.7390560914e+04    7.3801749092e+01    7.3497773149e+01    7.3650250763e+01   -4.8485810348e-02    4.8217683312e-02   -3.6897767177e-02    7.1173625292e+01    3.0502982268e+01    3.0502982268e+01
    1.9944791720e+03    1.9211752823e+03   -5.7383794601e+04    7.3743382804e+01    7.3521797107e+01    7.3766817525e+01   -1.5721484778e-01    9.1122050760e-02   -9.7420544079e-02    7.1173625292e+01    3.0502982268e+01    3.0502982268e+01
    2.0155044705e+03    1.9414278295e+03   -5.7402442416e+04    7.3891267335e+01    7.3405294067e+01    7.3452067908e+01    1.3841381793e-02   -3.8293986797e-03   -3.7148846958e-02    7.1173625292e+01    3.0502982268e+01    3.0502982268e+01
    2.0099030676e+03    1.9360322973e+03   -5.7396521826e+04    7.3666599771e+01    7.3389923591e+01    7.3548664743e+01    1.2318619381e-01   -3.0877420133e-02    7.4594120288e-02    7.1173625292e+01    3.0502982268e+01    3.0502982268e+01
    2.0044013746e+03    1.9307328102e+03   -5.7391271899e+04    7.4030795035e+01    7.3564211875e+01    7.3414652658e+01   -4.3243407629e-02   -1.4619249396e-01    7.1345698820e-02    7.1173625292e+01    3.0502982268e+01    3.0502982268e+01
    2.0151307037e+03    1.9410678000e+03   -5.7403342730e+04    7.3818843956e+01    7.3361865090e+01    7.3595860639e+01    1.4496070768e-02    1.1842145725e-01    6.1231950560e-02    7.1173625292e+01    3.0502982268e+01    3.0502982268e+01
    2.0012580693e+03    1.9277050321e+03   -5.7389706769e+04    7.3656303726e+01    7.3319155450e+01    7.3609487186e+01    3.0989428857e-02    1.1145210222e-01   -1.4235476470e-01    7.1173625292e+01    3.0502982268e+01    3.0502982268e+01
    1.9911914786e+03    1.9180084227e+03   -5.7380312654e+04    7.4057656535e+01    7.3565773708e+01    7.3615128451e+01    4.5745997457e-02   -1.2680138046e-01    1.4010585353e-02    7.1173625292e+01    3.0502982268e+01    3.0502982268e+01
    2.0089802086e+03    1.9351433565e+03   -5.7395304966e+04    7.3554208682e+01    7.3491408484e+01    7.3658310648e+01    6.8188913774e-02   -3.9907132127e-02   -1.0141410094e-01    7.1173625292e+01    3.0502982268e+01    3.0502982268e+01
    1.9986753468e+03    1.9252172334e+03   -5.7387985137e+04    7.3687741156e+01    7.3703163808e+01    7.3700493371e+01    5.4234343307e-02    1.5828580370e-02   -3.8654717701e-02    7.1173625292e+01    3.0502982268e+01    3.0502982268e+01
    1.9911865687e+03    1.9180036933e+03   -5.7380810690e+04    7.4028063565e+01    7.3638129281e+01    7.3561026055e+01    2.0333172215e-02   -5.5791268795e-02    1.1581632324e-01    7.1173625292e+01    3.0502982268e+01    3.0502982268e+01
    2.0107678435e+03    1.9368652898e+03   -5.7396837421e+04    7.3775192246e+01    7.3382577531e+01    7.3410162726e+01    6.9519361482e-02    8.8955455374e-03   -2.2260330892e-02    7.1173625292e+01    3.0502982268e+01    3.0502982268e+01
    1.9718955463e+03    1.8994216816e+03   -5.7360045922e+04    7.3764186793e+01    7.3782636532e+01    7.3627572437e+01   -3.2892424439e-02   -2.5797828530e-02   -9.6804720426e-02    7.1173625292e+01    3.0502982268e+01    3.0502982268e+01
    2.0105326857e+03    1.9366387748e+03   -5.7398223322e+04    7.3957944899e+01    7.3636662267e+01    7.3381607307e+01    4.0131199371e-02    1.2621850497e-02   -2.9845631326e-02    7.1173625292e+01    3.0502982268e+01    3.0502982268e+01
    1.9990720862e+03    1.9255993912e+03   -5.7389351366e+04    7.3218391353e+01    7.3783640874e+01    7.3790582813e+01   -1.4122895008e-01    2.6086358142e-02    3.6053476142e-02    7.1173625292e+01    3.0502982268e+01    3.0502982268e+01
    1.9928409138e+03    1.9195972356e+03   -5.7381654699e+04    7.3755628555e+01    7.3761946601e+01    7.3746435115e+01    1.2683428230e-01   -2.8762732942e-02   -7.4539909115e-02    7.1173625292e+01    3.0502982268e+01    3.0502982268e+01
    1.9855846281e+03    1.9126076431e+03   -5.7375238752e+04    7.3892797601e+01    7.3715252550e+01    7.3584242467e+01   -6.2498354318e-02    1.6306005922e-02   -6.0496738513e-02    7.1173625292e+01    3.0502982268e+01    3.0502982268e+01
    1.9824641286e+03    1.9096018325e+03   -5.7370328632e+04    7.4041372579e+01    7.3667919664e+01    7.3561417595e+01   -5.2255094365e-02    9.1900543113e-02   -1.6631960596e-01    7.1173625292e+01    3.0502982268e+01    3.0502982268e+01
    2.0407393755e+03    1.9657352661e+03   -5.7426856016e+04    7.3607396476e+01    7.3358655154e+01    7.3344866017e+01   -5.0270464803e-03    9.3556700611e-02   -2.4025590337e-01    7.1173625292e+01    3.0502982268e+01    3.0502982268e+01
    1.9909415474e+03    1.9177676774e+03   -5.7381341531e+04    7.4001251665e+01    7.3659333075e+01    7.3596324684e+01    1.2745138386e-01   -7.7282414331e-02   -8.7027414473e-02    7.1173625292e+01    3.0502982268e+01    3.0502982268e+01
    1.9853809191e+03    1.9124114211e+03   -5.7375242585e+04    7.3944988692e+01    7.3494142175e+01    7.3797904321e+01    4.6005799759e-02   -1.6329835206e-01    6.6748768250e-02    7.1173625292e+01    3.0502982268e+01    3.0502982268e+01
    1.9913281859e+03    1.9181401056e+03   -5.7378473284e+04    7.3700989207e+01    7.3713517911e+01    7.3687279968e+01   -1.3812328701e-02   -2.4644301238e-02   -4.2494818414e-02    7.1173625292e+01    3.0502982268e+01    3.0502982268e+01
    2.0071710023e+03    1.9334006447e+03   -5.7394534006e+04    7.3565157835e+01    7.3487051834e+01    7.3651231264e+01   -2.3583804365e-02    3.5455239076e-02    3.5914670590e-03    7.1173625292e+01    3.0502982268e+01    3.0502982268e+01
    1.9914581166e+03    1.9182652610e+03   -5.7379381328e+04    7.3625677470e+01    7.3529438615e+01    7.3683645566e+01    4.0781470634e-02    6.3129435584e-02    1.2671022466e-01    7.1173625292e+01    3.0502982268e+01    3.0502982268e+01
    1.9872980669e+03    1.9142581072e+03   -5.7377535676e+04    7.3776227435e+01    7.3693037820e+01    7.3813182442e+01   -2.8281795864e-02   -3.0750189699e-02   -1.1894095571e-01    7.1173625292e+01    3.0502982268e+01    3.0502982268e+01
    1.9880154904e+03    1.9149491629e+03   -5.7376912125e+04    7.3652980984e+01    7.3499096456e+01    7.3663936551e+01   -7.6180368037e-02    9.5406322887e-02   -9.4366090865e-02    7.1173625292e+01    3.0502982268e+01    3.0502982268e+01
    1.9965121714e+03    1.9231335620e+03   -5.7385454300e+04    7.3611405965e+01    7.3770577707e+01    7.3471834393e+01   -1.2059634735e-01    1.1827092422e-01   -7.8700794769e-02    7.1173625292e+01    3.0502982268e+01    3.0502982268e+01
    1.9897882712e+03    1.9166567880e+03   -5.7379112486e+04    7.3704475020e+01    7.3480053433e+01    7.3929313451e+01    1.4445327974e-03    1.2640356575e-01   -4.4602617314e-02    7.1173625292e+01    3.0502982268e+01    3.0502982268e+01
    2.0122462706e+03    1.9382893796e+03   -5.7402290130e+04    7.3373854830e+01    7.3731189571e+01    7.3492600194e+01   -5.4319742367e-02    1.7735570642e-02    3.4403845098e-02    7.1173625292e+01    3.0502982268e+01    3.0502982268e+01
    2.0114254936e+03    1.9374987690e+03   -5.7398456718e+04    7.3794369675e+01    7.3708841353e+01    7.3417579916e+01   -1.1757167213e-02    1.4433472081e-02    6.7415587124e-02    7.1173625292e+01    3.0502982268e+01    3.0502982268e+01
    1.9913442959e+03    1.9181556235e+03   -5.7381256844e+04    7.3947899719e+01    7.3664179919e+01    7.3419318385e+01   -1.9450104056e-01    8.0488179129e-02   -1.2139261005e-01    7.1173625292e+01    3.0502982268e+01    3.0502982268e+01
    1.9761133069e+03    1.9034844251e+03   -5.7362445849e+04    7.3941818922e+01    7.3756158906e+01    7.3780405217e+01   -8.6782084540e-02   -9.1544522911e-02   -7.3070760059e-02    7.1173625292e+01    3.0502982268e+01    3.0502982268e+01
    2.0173014320e+03    1.9431587467e+03   -5.7402564063e+04    7.3732239567e+01    7.3888732978e+01    7.3357188518e+01    9.4587530472e-02   -6.7943605239e-02    8.8263940248e-02    7.1173625292e+01    3.0502982268e+01    3.0502982268e+01
    1.9879228611e+03    1.9148599381e+03   -5.7375441012e+04    7.3600873437e+01    7.3782579186e+01    7.3590114749e+01    1.5221580716e-02    3.9802546492e-02    7.0685238658e-02    7.1173625292e+01    3.0502982268e+01    3.0502982268e+01
    2.0079817037e+03    1.9341815500e+03   -5.7395433139e+04    7.3804627018e+01    7.3206292275e+01    7.3837479459e+01    1.5514563277e-02    2.3675104895e-02   -4.7503620238e-03    7.1173625292e+01    3.0502982268e+01    3.0502982268e+01
    1.9751352082e+03    1.9025422749e+03   -5.7365387681e+04    7.3739168659e+01    7.3646491906e+01    7.3656491153e+01   -1.6015105961e-01    1.2316278197e-01   -4.3763327248e-02    7.1173625292e+01    3.0502982268e+01    3.0502982268e+01
    1.9994086853e+03    1.9259236192e+03   -5.7388022266e+04    7.3759392297e+01    7.3391298298e+01    7.3615682572e+01   -2.7908755049e-03   -1.3438076198e-02   -2.7035400814e-02    7.1173625292e+01    3.0502982268e+01    3.0502982268e+01
    2.0125939867e+03    1.9386243159e+03   -5.7399882174e+04    7.4079627322e+01    7.3622094083e+01    7.3412308118e+01    6.2053290551e-02   -5.7017202304e-03    1.1111944840e-02    7.1173625292e+01    3.0502982268e+01    3.0502982268e+01
    2.0179596909e+03    1.9437928123e+03   -5.7403484375e+04    7.3753048944e+01    7.3829041735e+01    7.3504058075e+01    7.5025970022e-02   -1.6337585600e-02    4.7529252144e-03    7.1173625292e+01    3.0502982268e+01    3.0502982268e+01
    1.9916741710e+03    1.9184733746e+03   -5.7378665720e+04    7.3621395261e+01    7.3584821570e+01    7.3582211582e+01    4.2779442868e-02    1.4524652411e-02    8.8241326440e-02    7.1173625292e+01    3.0502982268e+01    3.0502982268e+01
    1.9906276101e+03    1.9174652784e+03   -5.7378841013e+04    7.3924519079e+01    7.3568410952e+01    7.3936822044e+01   -1.6046302185e-02    6.2771759286e-02   -2.1051242026e-02    7.1173625292e+01    3.0502982268e+01    3.0502982268e+01
    1.9929618019e+03    1.9197136807e+03   -5.7382838515e+04    7.3814878386e+01    7.3467091990e+01    7.3719076455e+01    1.6514622734e-01    1.3620819899e-01   -1.0444337884e-01    7.1173625292e+01    3.0502982268e+01    3.0502982268e+01
    1.9923573054e+03    1.9191314015e+03   -5.7381812220e+04    7.3849872694e+01    7.3497676996e+01    7.3559481613e+01    6.1143594044e-03   -1.0186417721e-01   -6.5623836776e-02    7.1173625292e+01    3.0502982268e+01    3.0502982268e+01
    2.0205438433e+03    1.9462819883e+03   -5.7409763079e+04    7.3765956981e+01    7.3149079074e+01    7.3555524134e+01    7.6860137972e-02    3.0552496697e-02   -5.6192485837e-03    7.1173625292e+01    3.0502982268e+01    3.0502982268e+01
    2.0242305310e+03    1.9498331777e+03   -5.7411618509e+04    7.3760245998e+01    7.3104886081e+01    7.3580938196e+01   -1.5970980073e-01    3.5638268332e-02    4.3198329863e-02    7.1173625292e+01    3.0502982268e+01    3.0502982268e+01
    1.9807481037e+03    1.9079488775e+03   -5.7371941988e+04    7.3868736589e+01    7.3534149480e+01    7.3787940036e+01   -5.0860098316e-02    6.1102302194e-02   -2.7878461947e-02    7.1173625292e+01    3.0502982268e+01    3.0502982268e+01
    2.0165677571e+03    1.9424520367e+03   -5.7402194390e+04    7.3574301939e+01    7.3618276188e+01    7.3698595794e+01   -2.1220743271e-02   -5.6816747004e-02   -2.0529238319e-01    7.1173625292e+01    3.0502982268e+01    3.0502982268e+01
    1.9951538625e+03    1.9218251756e+03   -5.7383216506e+04    7.3617456965e+01    7.3753401501e+01    7.3662150003e+01    8.6664969534e-03    5.2722112042e-02   -1.2770401243e-02    7.1173625292e+01    3.0502982268e+01    3.0502982268e+01
    1.9878372811e+03    1.9147775034e+03   -5.7375052220e+04    7.4102174975e+01    7.3456011852e+01    7.3540751868e+01    1.1478252363e-03    1.4649213007e-03    6.3590274425e-02    7.1173625292e+01    3.0502982268e+01    3.0502982268e+01
    2.0237413249e+03    1.9493619516e+03   -5.7411479244e+04    7.3520377852e+01    7.3438894184e+01    7.3564827513e+01    9.2129609895e-02    1.2418785125e-01   -2.5031118010e-02    7.1173625292e+01    3.0502982268e+01    3.0502982268e+01
    2.0115699966e+03    1.9376379610e+03   -5.7400815959e+04    7.3944754628e+01    7.3386688290e+01    7.3613807361e+01    1.4498899018e-02   -2.3174597040e-02    5.3507366869e-02    7.1173625292e+01    3.0502982268e+01    3.0502982268e+01
    2.0024850891e+03    1.9288869547e+03   -5.7388567305e+04    7.3789756590e+01    7.3665529994e+01    7.3515831208e+01   -2.3992456921e-02   -3.0741675575e-02    3.1542900148e-02    7.1173625292e+01    3.0502982268e+01    3.0502982268e+01
    2.0103184051e+03    1.9364323697e+03   -5.7396076991e+04    7.3855032731e+01    7.3486439806e+01    7.3676777062e+01   -4.1844239498e-02   -4.3263626321e-02    1.1857078490e-02    7.1173625292e+01    3.0502982268e+01    3.0502982268e+01
    1.9730258390e+03    1.9005104322e+03   -5.7361730730e+04    7.3813692159e+01    7.3562842509e+01    7.4044099704e+01    9.1360272489e-02   -4.4010785888e-02   -1.1751372234e-01    7.1173625292e+01    3.0502982268e+01    3.0502982268e+01
    2.0008289249e+03    1.9272916602e+03   -5.7392568410e+04    7.3956199975e+01    7.3333695348e+01    7.3494053463e+01    3.4809255007e-02   -6.0685093311e-02   -1.0347460802e-01    7.1173625292e+01    3.0502982268e+01    3.0502982268e+01
    1.9950905320e+03    1.9217641728e+03   -5.7384302151e+04    7.3831074121e+01    7.3491593954e+01    7.3619446257e+01    7.0248959587e-02   -3.5324353745e-02   -1.5415479166e-03    7.1173625292e+01    3.0502982268e+01    3.0502982268e+01
    2.0023932911e+03    1.9287985305e+03   -5.7389969676e+04    7.3596672558e+01    7.3551294011e+01    7.3613619734e+01    2.4126079611e-02    1.3852549474e-01   -8.5061108062e-02    7.1173625292e+01    3.0502982268e+01    3.0502982268e+01
    1.9841733048e+03    1.9112481907e+03   -5.7372920729e+04    7.3853823223e+01    7.3380003842e+01    7.3735771144e+01   -2.3428676193e-02    6.4702412360e-02    2.6866477440e-02    7.1173625292e+01    3.0502982268e+01    3.0502982268e+01
    2.0254841466e+03    1.9510407187e+03   -5.7414255988e+04    7.3675424020e+01    7.3514022230e+01    7.3499971667e+01   -6.7182659260e-02   -1.3034619168e-01   -1.0450390278e-01    7.1173625292e+01    3.0502982268e+01    3.0502982268e+01
    2.0059040164e+03    1.9321802248e+03   -5.7393069203e+04    7.3601038236e+01    7.3554678035e+01    7.3535124530e+01   -4.3261170874e-02   -9.8176348180e-02    2.9665453581e-04    7.1173625292e+01    3.0502982268e+01    3.0502982268e+01
    1.9893478001e+03    1.9162325057e+03   -5.7380183060e+04    7.3872291819e+01    7.3639711884e+01    7.3620546095e+01   -1.0210234271e-01    8.5709474953e-02    3.7913155036e-02    7.1173625292e+01    3.0502982268e+01    3.0502982268e+01
    1.9981549527e+03    1.9247159655e+03   -5.7387790329e+04    7.3842978098e+01    7.3694675680e+01    7.3467168820e+01   -1.7823676301e-01   -3.1187733423e-03   -7.3645880327e-02    7.1173625292e+01    3.0502982268e+01    3.0502982268e+01
    1.9850868995e+03    1.9121282077e+03   -5.7376663158e+04    7.3579388678e+01    7.3740465559e+01    7.3639811660e+01   -8.1139269632e-03   -7.0602150092e-02   -7.5372457006e-02    7.1173625292e+01    3.0502982268e+01    3.0502982268e+01
    1.9891588199e+03    1.9160504712e+03   -5.7377914622e+04    7.3896814512e+01    7.3435979803e+01    7.3799974590e+01   -4.7300247220e-02   -3.7627000155e-02    7.4812366713e-02    7.1173625292e+01    3.0502982268e+01    3.0502982268e+01
    2.0140701810e+03    1.9400462551e+03   -5.7396986973e+04    7.3830827707e+01    7.3555080496e+01    7.3426103628e+01   -2.0968620435e-02    9.9408343065e-02   -1.5494773186e-01    7.1173625292e+01    3.0502982268e+01    3.0502982268e+01
    1.9969864836e+03    1.9235904416e+03   -5.7386040817e+04    7.3799152427e+01    7.3565774372e+01    7.3595981386e+01   -3.9061560683e-02    5.1827879562e-02   -5.5743436683e-03    7.1173625292e+01    3.0502982268e+01    3.0502982268e+01
    1.9922161394e+03    1.9189954238e+03   -5.7383124696e+04    7.3611340841e+01    7.3362008105e+01    7.3770809217e+01    4.0359745327e-02    9.8088871091e-02    2.8667487894e-03    7.1173625292e+01    3.0502982268e+01    3.0502982268e+01
    1.9621737932e+03    1.8900572360e+03   -5.7351469167e+04    7.3977412209e+01    7.3877716992e+01    7.3486973555e+01   -1.6744859245e-01   -1.1333228070e-01   -5.0604433407e-02    7.1173625292e+01    3.0502982268e+01    3.0502982268e+01
    1.9939102543e+03    1.9206272743e+03   -5.7381754943e+04    7.3810252952e+01    7.3491002385e+01    7.3617048378e+01   -1.0882543596e-01    8.2441965144e-02    1.3644675852e-01    7.1173625292e+01    3.0502982268e+01    3.0502982268e+01
    2.0072043101e+03    1.9334327283e+03   -5.7395471190e+04    7.3822933506e+01    7.3366482770e+01    7.3544779251e+01   -6.8057317805e-02   -1.2576692059e-01   -4.4090411706e-02    7.1173625292e+01    3.0502982268e+01    3.0502982268e+01
    2.0104360240e+03    1.9365456657e+03   -5.7399850422e+04    7.3624841519e+01    7.3552188849e+01    7.3764227742e+01   -3.1997769462e-03    5.6909240113e-03    1.0426723177e-01    7.1173625292e+01    3.0502982268e+01    3.0502982268e+01
    1.9912387744e+03    1.9180539803e+03   -5.7378002480e+04    7.3854568898e+01    7.3840208594e+01    7.3610080048e+01    9.4717962223e-02    9.4473117540e-02   -7.0745651916e-02    7.1173625292e+01    3.0502982268e+01    3.0502982268e+01
    2.0029279472e+03    1.9293135363e+03   -5.7391858645e+04    7.3586573036e+01    7.3700316472e+01    7.3648021144e+01    1.0641245130e-03    8.9106391664e-02    1.5524184340e-01    7.1173625292e+01    3.0502982268e+01    3.0502982268e+01
    1.9976353264e+03    1.9242154373e+03   -5.7387672515e+04    7.3807694876e+01    7.3698630638e+01    7.3644395838e+01    4.7322963796e-02   -1.7377851481e-01   -2.5454110673e-02    7.1173625292e+01    3.0502982268e+01    3.0502982268e+01
    1.9875397114e+03    1.9144908705e+03   -5.7373751043e+04    7.3593484004e+01    7.3688338650e+01    7.3679024403e+01   -1.9381609645e-02    2.7742107514e-02    5.7531724744e-02    7.1173625292e+01    3.0502982268e+01    3.0502982268e+01
    1.9990313605e+03    1.9255601624e+03   -5.7388517181e+04    7.3858073733e+01    7.3302872141e+01    7.3614196414e+01    7.7487008573e-02   -6.2202136029e-02    5.5450428367e-02    7.1173625292e+01    3.0502982268e+01    3.0502982268e+01
    2.0292177415e+03    1.9546370912e+03   -5.7414809408e+04    7.3477573402e+01    7.3576022969e+01    7.3584331873e+01   -4.3186512525e-02   -1.0792418629e-02    6.5301319410e-02    7.1173625292e+01    3.0502982268e+01    3.0502982268e+01
    2.0105703132e+03    1.9366750193e+03   -5.7397780252e+04    7.3728178734e+01    7.3784016555e+01    7.3635017581e+01    1.1786702598e-01   -5.4923979280e-03    3.2872046457e-02    7.1173625292e+01    3.0502982268e+01    3.0502982268e+01
    1.9711634484e+03    1.8987164908e+03   -5.7360878867e+04    7.4017075303e+01    7.3704937005e+01    7.3754719298e+01    1.3230716561e-01    2.7493451252e-02    1.1565384948e-01    7.1173625292e+01    3.0502982268e+01    3.0502982268e+01
    1.9899401983e+03    1.9168031313e+03   -5.7379290217e+04    7.3814152794e+01    7.3616327972e+01    7.3858022891e+01   -1.4378087810e-02   -1.6096238816e-02    1.1029290841e-01    7.1173625292e+01    3.0502982268e+01    3.0502982268e+01
    2.0079857842e+03    1.9341854806e+03   -5.7397104739e+04    7.3763974401e+01    7.3324815457e+01    7.3512581150e+01    4.3057413172e-02    6.5030869709e-02    1.2222452346e-01    7.1173625292e+01    3.0502982268e+01    3.0502982268e+01
    2.0079371112e+03    1.9341385964e+03   -5.7396891849e+04    7.3881122607e+01    7.3553545135e+01    7.3595271652e+01    1.3485864645e-02    7.8836895287e-03   -8.3878622972e-02    7.1173625292e+01    3.0502982268e+01    3.0502982268e+01
    1.9828990676e+03    1.9100207861e+03   -5.7369235923e+04    7.3662869722e+01    7.3636274794e+01    7.3641379631e+01   -3.2326300866e-02    8.2240520049e-02   -1.0406336398e-01    7.1173625292e+01    3.0502982268e+01    3.0502982268e+01
    2.0109791241e+03    1.9370688051e+03   -5.7397154729e+04    7.3417642097e+01    7.3462060858e+01    7.3853041524e+01    7.7890317641e-02   -5.4051325888e-04   -4.0143050226e-02    7.1173625292e+01    3.0502982268e+01    3.0502982268e+01
    1.9802281620e+03    1.9074480453e+03   -5.7369952298e+04    7.3596883117e+01    7.3699670577e+01    7.3680470905e+01   -8.4778043782e-02    2.4332017001e-02   -6.2419753785e-02    7.1173625292e+01    3.0502982268e+01    3.0502982268e+01
    2.0128474591e+03    1.9388684723e+03   -5.7401796355e+04    7.3832125640e+01    7.3597300567e+01    7.3385824324e+01   -2.8498922233e-02    2.5863639853e-02   -2.6517667007e-02    7.1173625292e+01    3.0502982268e+01    3.0502982268e+01
    2.0128474591e+03    1.9388684723e+03   -5.7401796355e+04    7.3832125640e+01    7.3597300567e+01    7.3385824324e+01   -2.8498922233e-02    2.5863639853e-02   -2.6517667007e-02    7.1173625292e+01    3.0502982268e+01    3.0502982268e+01
    2.0128474591e+03    1.9388684723e+03   -5.7401796355e+04    7.3832125640e+01    7.3597300567e+01    7.3385824324e+01   -2.8498922233e-02    2.5863639853e-02   -2.6517667007e-02    7.1173625292e+01    3.0502982268e+01    3.0502982268e+01
    2.0128474591e+03    1.9388684723e+03   -5.7401796355e+04    7.3832125640e+01    7.3597300567e+01    7.3385824324e+01   -2.8498922233e-02    2.5863639853e-02   -2.6517667007e-02    7.1173625292e+01    3.0502982268e+01    3.0502982268e+01
    2.0128474591e+03    1.9388684723e+03   -5.7401796355e+04    7.3832125640e+01    7.3597300567e+01    7.3385824324e+01   -2.8498922233e-02    2.5863639853e-02   -2.6517667007e-02    7.1173625292e+01    3.0502982268e+01    3.0502982268e+01
    2.0128474591e+03    1.9388684723e+03   -5.7401796355e+04    7.3832125640e+01    7.3597300567e+01    7.3385824324e+01   -2.8498922233e-02    2.5863639853e-02   -2.6517667007e-02    7.1173625292e+01    3.0502982268e+01    3.0502982268e+01
    2.0128474591e+03    1.9388684723e+03   -5.7401796355e+04    7.3832125640e+01    7.3597300567e+01    7.3385824324e+01   -2.8498922233e-02    2.5863639853e-02   -2.6517667007e-02    7.1173625292e+01    3.0502982268e+01    3.0502982268e+01
    2.0128474591e+03    1.9388684723e+03   -5.7401796355e+04    7.3832125640e+01    7.3597300567e+01    7.3385824324e+01   -2.8498922233e-02    2.5863639853e-02   -2.6517667007e-02    7.1173625292e+01    3.0502982268e+01    3.0502982268e+01
    2.0128474591e+03    1.9388684723e+03   -5.7401796355e+04    7.3832125640e+01    7.3597300567e+01    7.3385824324e+01   -2.8498922233e-02    2.5863639853e-02   -2.6517667007e-02    7.1173625292e+01    3.0502982268e+01    3.0502982268e+01
    2.0128474591e+03    1.9388684723e+03   -5.7401796355e+04    7.3832125640e+01    7.3597300567e+01    7.3385824324e+01   -2.8498922233e-02    2.5863639853e-02   -2.6517667007e-02    7.1173625292e+01    3.0502982268e+01    3.0502982268e+01
    2.0128474591e+03    1.9388684723e+03   -5.7401796355e+04    7.3832125640e+01    7.3597300567e+01    7.3385824324e+01   -2.8498922233e-02    2.5863639853e-02   -2.6517667007e-02    7.1173625292e+01    3.0502982268e+01    3.0502982268e+01
    2.0128474591e+03    1.9388684723e+03   -5.7401796355e+04    7.3832125640e+01    7.3597300567e+01    7.3385824324e+01   -2.8498922233e-02    2.5863639853e-02   -2.6517667007e-02    7.1173625292e+01    3.0502982268e+01    3.0502982268e+01
    2.0128474591e+03    1.9388684723e+03   -5.7401796355e+04    7.3832125640e+01    7.3597300567e+01    7.3385824324e+01   -2.8498922233e-02    2.5863639853e-02   -2.6517667007e-02    7.1173625292e+01    3.0502982268e+01    3.0502982268e+01
    2.0128474591e+03    1.9388684723e+03   -5.7401796355e+04    7.3832125640e+01    7.3597300567e+01    7.3385824324e+01   -2.8498922233e-02    2.5863639853e-02   -2.6517667007e-02    7.1173625292e+01    3.0502982268e+01    3.0502982268e+01
    2.0128474591e+03    1.9388684723e+03   -5.7401796355e+04    7.3832125640e+01    7.3597300567e+01    7.3385824324e+01   -2.8498922233e-02    2.5863639853e-02   -2.6517667007e-02    7.1173625292e+01    3.0502982268e+01    3.0502982268e+01
    2.0128474591e+03    1.9388684723e+03   -5.7401796355e+04    7.3832125640e+01    7.3597300567e+01    7.3385824324e+01   -2.8498922233e-02    2.5863639853e-02   -2.6517667007e-02    7.1173625292e+01    3.0502982268e+01    3.0502982268e+01
    2.0128474591e+03    1.9388684723e+03   -5.7401796355e+04    7.3832125640e+01    7.3597300567e+01    7.3385824324e+01   -2.8498922233e-02    2.5863639853e-02   -2.6517667007e-02    7.1173625292e+01    3.0502982268e+01    3.0502982268e+01
    2.0128474591e+03    1.9388684723e+03   -5.7401796355e+04    7.3832125640e+01    7.3597300567e+01    7.3385824324e+01   -2.8498922233e-02    2.5863639853e-02   -2.6517667007e-02    7.1173625292e+01    3.0502982268e+01    3.0502982268e+01
    2.0128474591e+03    1.9388684723e+03   -5.7401796355e+04    7.3832125640e+01    7.3597300567e+01    7.3385824324e+01   -2.8498922233e-02    2.5863639853e-02   -2.6517667007e-02    7.1173625292e+01    3.0502982268e+01    3.0502982268e+01
    2.0128474591e+03    1.9388684723e+03   -5.7401796355e+04    7.3832125640e+01    7.3597300567e+01    7.3385824324e+01   -2.8498922233e-02    2.5863639853e-02   -2.6517667007e-02    7.1173625292e+01    3.0502982268e+01    3.0502982268e+01
    2.0128474591e+03    1.9388684723e+03   -5.7401796355e+04    7.3832125640e+01    7.3597300567e+01    7.3385824324e+01   -2.8498922233e-02    2.5863639853e-02   -2.6517667007e-02    7.1173625292e+01    3.0502982268e+01    3.0502982268e+01
    2.0128474591e+03    1.9388684723e+03   -5.7401796355e+04    7.3832125640e+01    7.3597300567e+01    7.3385824324e+01   -2.8498922233e-02    2.5863639853e-02   -2.6517667007e-02    7.1173625292e+01    3.0502982268e+01    3.0502982268e+01
    2.0128474591e+03    1.9388684723e+03   -5.7401796355e+04    7.3832125640e+01    7.3597300567e+01    7.3385824324e+01   -2.8498922233e-02    2.5863639853e-02   -2.6517667007e-02    7.1173625292e+01    3.0502982268e+01    3.0502982268e+01
    2.0128474591e+03    1.9388684723e+03   -5.7401796355e+04    7.3832125640e+01    7.3597300567e+01    7.3385824324e+01   -2.8498922233e-02    2.5863639853e-02   -2.6517667007e-02    7.1173625292e+01    3.0502982268e+01    3.0502982268e+01
    2.0128474591e+03    1.9388684723e+03   -5.7401796355e+04    7.3832125640e+01    7.3597300567e+01    7.3385824324e+01   -2.8498922233e-02    2.5863639853e-02   -2.6517667007e-02    7.1173625292e+01    3.0502982268e+01    3.0502982268e+01
    2.0128474591e+03    1.9388684723e+03   -5.7401796355e+04    7.3832125640e+01    7.3597300567e+01    7.3385824324e+01   -2.8498922233e-02    2.5863639853e-02   -2.6517667007e-02    7.1173625292e+01    3.0502982268e+01    3.0502982268e+01
    2.0128474591e+03    1.9388684723e+03   -5.7401796355e+04    7.3832125640e+01    7.3597300567e+01    7.3385824324e+01   -2.8498922233e-02    2.5863639853e-02   -2.6517667007e-02    7.1173625292e+01    3.0502982268e+01    3.0502982268e+01
    2.0128474591e+03    1.9388684723e+03   -5.7401796355e+04    7.3832125640e+01    7.3597300567e+01    7.3385824324e+01   -2.8498922233e-02    2.5863639853e-02   -2.6517667007e-02    7.1173625292e+01    3.0502982268e+01    3.0502982268e+01
    2.0128474591e+03    1.9388684723e+03   -5.7401796355e+04    7.3832125640e+01    7.3597300567e+01    7.3385824324e+01   -2.8498922233e-02    2.5863639853e-02   -2.6517667007e-02    7.1173625292e+01    3.0502982268e+01    3.0502982268e+01
    2.0128474591e+03    1.9388684723e+03   -5.7401796355e+04    7.3832125640e+01    7.3597300567e+01    7.3385824324e+01   -2.8498922233e-02    2.5863639853e-02   -2.6517667007e-02    7.1173625292e+01    3.0502982268e+01    3.0502982268e+01
    2.0128474591e+03    1.9388684723e+03   -5.7401796355e+04    7.3832125640e+01    7.3597300567e+01    7.3385824324e+01   -2.8498922233e-02    2.5863639853e-02   -2.6517667007e-02    7.1173625292e+01    3.0502982268e+01    3.0502982268e+01
