    2.0326544408e+03    1.9579474802e+03   -5.9294558458e+04    3.3384228292e+01    3.3454285012e+01    3.3398210164e+01    6.8973912420e-02   -7.4023667980e-02   -2.6955186820e-02    7.3791731584e+01    3.1625027822e+01    3.1625027822e+01
    1.9808936622e+03    1.9080890861e+03   -5.9233678926e+04    3.3786021439e+01    3.3863022603e+01    3.3493659927e+01   -2.3636400348e-02    5.8198319828e-02   -4.7372678484e-03    7.3791731584e+01    3.1625027822e+01    3.1625027822e+01
    1.9847459029e+03    1.9117997439e+03   -5.9236047154e+04    3.3919262362e+01    3.3490630897e+01    3.3510660907e+01    4.2142152982e-02    1.0303805984e-02    1.5932234181e-01    7.3791731584e+01    3.1625027822e+01    3.1625027822e+01
    2.0033708434e+03    1.9297401545e+03   -5.9257430271e+04    3.3534361059e+01    3.3779330331e+01    3.3262259675e+01    2.4342787249e-02   -6.2860057729e-02    9.6524927261e-02    7.3791731584e+01    3.1625027822e+01    3.1625027822e+01
    1.9848401869e+03    1.9118905626e+03   -5.9236982659e+04    3.3866679825e+01    3.3601737192e+01    3.3596383588e+01   -7.4380525041e-02   -3.2427742204e-02    2.4899634006e-02    7.3791731584e+01    3.1625027822e+01    3.1625027822e+01
    1.9918194213e+03    1.9186132864e+03   -5.9244787416e+04    3.3517453031e+01    3.3353757410e+01    3.3751164021e+01   -6.3379258973e-02    3.9579149269e-02    4.4578450427e-02    7.3791731584e+01    3.1625027822e+01    3.1625027822e+01
    2.0107933328e+03    1.9368898422e+03   -5.9260577227e+04    3.3596459536e+01    3.3679336545e+01    3.3383258944e+01    7.7667582719e-02   -3.1035865728e-04   -4.0420535560e-02    7.3791731584e+01    3.1625027822e+01    3.1625027822e+01
    2.0065273304e+03    1.9327806299e+03   -5.9258359300e+04    3.3971405361e+01    3.3385668166e+01    3.3374780104e+01    1.4950112514e-01   -2.4407783634e-03    4.7357610496e-02    7.3791731584e+01    3.1625027822e+01    3.1625027822e+01
    1.9903737078e+03    1.9172207079e+03   -5.9240706726e+04    3.3700918737e+01    3.3627913509e+01    3.3498900069e+01    1.6271792503e-01    3.0871581163e-02    2.8075896822e-02    7.3791731584e+01    3.1625027822e+01    3.1625027822e+01
    1.9808348945e+03    1.9080324783e+03   -5.9233510503e+04    3.3823581975e+01    3.3666405607e+01    3.3609642078e+01   -5.7365973449e-02   -3.9171348728e-02    1.0321281533e-01    7.3791731584e+01    3.1625027822e+01    3.1625027822e+01
    2.0225700966e+03    1.9482337699e+03   -5.9276038121e+04    3.3527236616e+01    3.3308136372e+01    3.3377580159e+01   -1.6885811209e-02    3.9602354693e-02    4.7189885627e-02    7.3791731584e+01    3.1625027822e+01    3.1625027822e+01
    2.0021364348e+03    1.9285511146e+03   -5.9253475042e+04    3.3704966366e+01    3.3464173416e+01    3.3412145658e+01   -1.0621180942e-01    1.3907645305e-02    3.5393225957e-02    7.3791731584e+01    3.1625027822e+01    3.1625027822e+01
    1.9885363648e+03    1.9154508934e+03   -5.9242923353e+04    3.3946738720e+01    3.3766747976e+01    3.3768912337e+01   -2.9126334191e-02   -4.5508535030e-02   -2.0492699176e-02    7.3791731584e+01    3.1625027822e+01    3.1625027822e+01
    2.0155895028e+03    1.9415097366e+03   -5.9265972631e+04    3.3794590987e+01    3.3479534509e+01    3.3214257823e+01   -7.0427687137e-02   -1.2794008984e-01    1.8321972136e-04    7.3791731584e+01    3.1625027822e+01    3.1625027822e+01
    2.0027373510e+03    1.9291299451e+03   -5.9253940712e+04    3.3587663256e+01    3.3293818363e+01    3.3667061349e+01    3.2790319017e-02   -2.1172316490e-02   -6.6045183193e-02    7.3791731584e+01    3.1625027822e+01    3.1625027822e+01
    1.9926575025e+03    1.9194205653e+03   -5.9243746861e+04    3.3801131903e+01    3.3621113978e+01    3.3780908492e+01   -1.5824667474e-02   -4.9086911456e-02    3.2605624344e-02    7.3791731584e+01    3.1625027822e+01    3.1625027822e+01
    1.9889715213e+03    1.9158700565e+03   -5.9241627859e+04    3.3675429465e+01    3.3545352332e+01    3.3617609558e+01   -1.9282477358e-02    1.7736297803e-02   -4.9730955695e-02    7.3791731584e+01    3.1625027822e+01    3.1625027822e+01
    1.9933467488e+03    1.9200844795e+03   -5.9249222708e+04    3.3783316760e+01    3.3606733065e+01    3.3373637344e+01   -9.0621424205e-02    1.5972262068e-02    1.4694701756e-01    7.3791731584e+01    3.1625027822e+01    3.1625027822e+01
    1.9939144686e+03    1.9206313337e+03   -5.9247013309e+04    3.3859802184e+01    3.3486374506e+01    3.3716689844e+01    2.4501762702e-02    2.0854876062e-02    3.1399818800e-02    7.3791731584e+01    3.1625027822e+01    3.1625027822e+01
    2.0113472169e+03    1.9374233692e+03   -5.9262759242e+04    3.3578474452e+01    3.3484457601e+01    3.3465969928e+01   -3.8861755843e-03    6.5469409759e-03   -5.9573123847e-02    7.3791731584e+01    3.1625027822e+01    3.1625027822e+01
    1.9904127063e+03    1.9172582730e+03   -5.9244506720e+04    3.4052407241e+01    3.3436634144e+01    3.3581783738e+01    7.2137797170e-02    2.8203738117e-02    6.7651983158e-02    7.3791731584e+01    3.1625027822e+01    3.1625027822e+01
    1.9899749997e+03    1.9168366536e+03   -5.9242282265e+04    3.3694577476e+01    3.3783355612e+01    3.3331354750e+01   -8.9930969304e-02    8.9375022718e-02    4.2253942114e-02    7.3791731584e+01    3.1625027822e+01    3.1625027822e+01
    1.9985343828e+03    1.9250814503e+03   -5.9250828294e+04    3.3856715600e+01    3.3576208129e+01    3.3541730917e+01   -1.0606190580e-01   -4.1742020921e-02   -6.0910005295e-02    7.3791731584e+01    3.1625027822e+01    3.1625027822e+01
    1.9820134178e+03    1.9091676869e+03   -5.9237363750e+04    3.4001452946e+01    3.3679248332e+01    3.3751556392e+01    1.9111406322e-01    1.6985078879e-02   -2.8683467519e-02    7.3791731584e+01    3.1625027822e+01    3.1625027822e+01
    1.9810872694e+03    1.9082755776e+03   -5.9232211615e+04    3.4061166741e+01    3.3609626572e+01    3.3486155936e+01    4.5945901652e-02   -4.9387899628e-02   -3.1414424043e-02    7.3791731584e+01    3.1625027822e+01    3.1625027822e+01
    1.9813250895e+03    1.9085046570e+03   -5.9238405135e+04    3.3822027328e+01    3.3647344721e+01    3.3331260175e+01    1.0907075257e-01   -1.0675432497e-02    2.9529943906e-02    7.3791731584e+01    3.1625027822e+01    3.1625027822e+01
    2.0227702872e+03    1.9484266029e+03   -5.9274425679e+04    3.3624313268e+01    3.3321238052e+01    3.3199850634e+01   -9.1183658579e-03   -3.8659202101e-03   -1.0528401436e-01    7.3791731584e+01    3.1625027822e+01    3.1625027822e+01
    1.9846414695e+03    1.9116991488e+03   -5.9240030219e+04    3.3834889163e+01    3.3584365855e+01    3.3642924019e+01    7.7961377254e-02   -2.1787869674e-02   -6.3924228683e-02    7.3791731584e+01    3.1625027822e+01    3.1625027822e+01
    2.0172403299e+03    1.9430998902e+03   -5.9267425784e+04    3.3636474184e+01    3.3499842188e+01    3.3644032556e+01   -9.6306527208e-02    7.7625219003e-02   -1.4279550579e-02    7.3791731584e+01    3.1625027822e+01    3.1625027822e+01
    1.9975570016e+03    1.9241399912e+03   -5.9250510819e+04    3.3716898318e+01    3.3486156918e+01    3.3826116719e+01    9.0207625522e-03   -2.7476943753e-02   -7.1004293003e-02    7.3791731584e+01    3.1625027822e+01    3.1625027822e+01
    1.9924688931e+03    1.9192388879e+03   -5.9246859853e+04    3.3977916799e+01    3.3365427417e+01    3.3530411270e+01    1.5982802119e-02    3.4960286437e-02    5.0508177526e-02    7.3791731584e+01    3.1625027822e+01    3.1625027822e+01
    1.9998638452e+03    1.9263620505e+03   -5.9252938919e+04    3.3882846407e+01    3.3385082182e+01    3.3564414042e+01   -5.0614827376e-02   -3.3226970330e-02   -1.2720893396e-01    7.3791731584e+01    3.1625027822e+01    3.1625027822e+01
    1.9889502886e+03    1.9158496042e+03   -5.9242359286e+04    3.4039079332e+01    3.3616249863e+01    3.3496663409e+01    1.0942887828e-01   -1.0881568630e-02   -2.0495379805e-02    7.3791731584e+01    3.1625027822e+01    3.1625027822e+01
    1.9717636548e+03    1.8992946375e+03   -5.9225828098e+04    3.3658407756e+01    3.3726862639e+01    3.3721061647e+01    1.9653361420e-02   -7.8493376279e-02   -6.0355339313e-02    7.3791731584e+01    3.1625027822e+01    3.1625027822e+01
    1.9942044245e+03    1.9209106327e+03   -5.9245941597e+04    3.3564641904e+01    3.3531557470e+01    3.3568244532e+01   -6.4513964106e-02   -2.5615882413e-02   -1.1769013991e-02    7.3791731584e+01    3.1625027822e+01    3.1625027822e+01
    1.9995392762e+03    1.9260494104e+03   -5.9251679028e+04    3.3734785680e+01    3.3439540327e+01    3.3698443008e+01   -2.3818186431e-02   -7.6264684482e-02    6.6077069509e-03    7.3791731584e+01    3.1625027822e+01    3.1625027822e+01
    2.0201006292e+03    1.9458550638e+03   -5.9271663592e+04    3.3392431620e+01    3.3578617749e+01    3.3530299752e+01   -1.3103801095e-01   -9.9976141370e-02   -2.4246470577e-02    7.3791731584e+01    3.1625027822e+01    3.1625027822e+01
    2.0051917741e+03    1.9314941598e+03   -5.9256013542e+04    3.3579566366e+01    3.3235242292e+01    3.3600558973e+01   -4.9198898569e-02    5.2122380088e-02   -2.1365643935e-02    7.3791731584e+01    3.1625027822e+01    3.1625027822e+01
    1.9977918128e+03    1.9243661723e+03   -5.9251191680e+04    3.3747880524e+01    3.3368508288e+01    3.3531836730e+01    3.1033777623e-02    1.1535339227e-02   -9.1187567793e-02    7.3791731584e+01    3.1625027822e+01    3.1625027822e+01
    2.0009810239e+03    1.9274381690e+03   -5.9255258368e+04    3.3610182846e+01    3.3509983228e+01    3.3640822240e+01    4.7393312068e-02   -4.2075748549e-05   -2.6043821790e-02    7.3791731584e+01    3.1625027822e+01    3.1625027822e+01
    2.0004233425e+03    1.9269009843e+03   -5.9251279068e+04    3.3762072084e+01    3.3483327544e+01    3.3533930079e+01    1.1449951505e-02   -4.3443316626e-02    2.1891071886e-02    7.3791731584e+01    3.1625027822e+01    3.1625027822e+01
    1.9974198625e+03    1.9240078924e+03   -5.9251307789e+04    3.3554977500e+01    3.3507422791e+01    3.3695851381e+01    1.4971618080e-01    6.4888647314e-03    6.2582096418e-02    7.3791731584e+01    3.1625027822e+01    3.1625027822e+01
    2.0250505805e+03    1.9506230876e+03   -5.9273577030e+04    3.3494147472e+01    3.3484813800e+01    3.3638159101e+01   -6.9847120839e-03    1.7693654439e-01   -3.9775613755e-02    7.3791731584e+01    3.1625027822e+01    3.1625027822e+01
    1.9758425539e+03    1.9032236233e+03   -5.9230387507e+04    3.3877889143e+01    3.3709052035e+01    3.3436984005e+01    1.1288070221e-01   -6.1931362684e-02   -4.0302615330e-02    7.3791731584e+01    3.1625027822e+01    3.1625027822e+01
    2.0041998273e+03    1.9305386705e+03   -5.9254558859e+04    3.3658758124e+01    3.3548597118e+01    3.3440490650e+01    1.1701650126e-01    3.0191907460e-02   -7.2871798841e-02    7.3791731584e+01    3.1625027822e+01    3.1625027822e+01
    1.9923004809e+03    1.9190766654e+03   -5.9246974516e+04    3.3701190971e+01    3.3593754410e+01    3.3618457446e+01    5.4263075165e-02   -5.8589574732e-02   -4.6124616123e-02    7.3791731584e+01    3.1625027822e+01    3.1625027822e+01
    1.9911052280e+03    1.9179253422e+03   -5.9246010006e+04    3.3817606394e+01    3.3580912491e+01    3.3515554578e+01   -3.1798189838e-03    3.6273891743e-02   -6.4365407892e-02    7.3791731584e+01    3.1625027822e+01    3.1625027822e+01
    1.9915729830e+03    1.9183759056e+03   -5.9248049728e+04    3.3756435632e+01    3.3610602762e+01    3.3346621510e+01   -3.9397669417e-02    8.4727034724e-02    1.1117556472e-01    7.3791731584e+01    3.1625027822e+01    3.1625027822e+01
    2.0076752159e+03    1.9338863267e+03   -5.9260043463e+04    3.3609901119e+01    3.3398733599e+01    3.3268169042e+01   -9.2271806437e-03   -1.0157304792e-02   -5.5107176023e-02    7.3791731584e+01    3.1625027822e+01    3.1625027822e+01
    2.0028545252e+03    1.9292428128e+03   -5.9256359152e+04    3.3875642547e+01    3.3493720399e+01    3.3495472602e+01   -8.7282291860e-03    2.5399603799e-02   -6.1902933915e-02    7.3791731584e+01    3.1625027822e+01    3.1625027822e+01
    2.0214595969e+03    1.9471640848e+03   -5.9276028883e+04    3.3588868775e+01    3.3513205889e+01    3.3199633925e+01    8.6423716986e-03    2.0731680933e-02   -5.3203864248e-02    7.3791731584e+01    3.1625027822e+01    3.1625027822e+01
    1.9945856470e+03    1.9212778440e+03   -5.9250052343e+04    3.4020310085e+01    3.3414358018e+01    3.3346320553e+01    5.4401668400e-02   -7.5405876853e-02   -2.3593531566e-02    7.3791731584e+01    3.1625027822e+01    3.1625027822e+01
    1.9919880493e+03    1.9187757168e+03   -5.9243435286e+04    3.3646314988e+01    3.3417197206e+01    3.3780339991e+01   -5.4434530048e-02   -4.8651769800e-02    1.1765303150e-01    7.3791731584e+01    3.1625027822e+01    3.1625027822e+01
    2.0110945876e+03    1.9371800249e+03   -5.9264855184e+04    3.3371761484e+01    3.3499501295e+01    3.3628757760e+01   -4.2247840611e-02    7.0525068261e-02    3.3095464917e-02    7.3791731584e+01    3.1625027822e+01    3.1625027822e+01
    1.9962291805e+03    1.9228609720e+03   -5.9249686532e+04    3.3799965107e+01    3.3564669274e+01    3.3648377379e+01    7.0421199957e-02    2.7524092138e-02    1.5904504917e-01    7.3791731584e+01    3.1625027822e+01    3.1625027822e+01
    2.0066241922e+03    1.9328739317e+03   -5.9260046361e+04    3.3534163309e+01    3.3500955768e+01    3.3526986046e+01    1.1284477287e-02    2.8403997947e-02   -6.9781706707e-02    7.3791731584e+01    3.1625027822e+01    3.1625027822e+01
    2.0035085136e+03    1.9298727649e+03   -5.9255886002e+04    3.3554044970e+01    3.3569772566e+01    3.3596128226e+01    6.5793870062e-02    9.5487256772e-03    7.2941613285e-02    7.3791731584e+01    3.1625027822e+01    3.1625027822e+01
    2.0046156124e+03    1.9309391741e+03   -5.9255749657e+04    3.3828719428e+01    3.3352520624e+01    3.3657846847e+01    7.2665735359e-02   -1.4971926245e-02   -2.7970066830e-02    7.3791731584e+01    3.1625027822e+01    3.1625027822e+01
    2.0154419273e+03    1.9413675851e+03   -5.9266449038e+04    3.3664135278e+01    3.3333163001e+01    3.3452497734e+01   -1.6218245276e-02    1.0648085437e-02    4.8423381517e-02    7.3791731584e+01    3.1625027822e+01    3.1625027822e+01
    1.9940722661e+03    1.9207833315e+03   -5.9244046649e+04    3.4027321149e+01    3.3687405166e+01    3.3449642376e+01    2.2177056931e-02    1.5084401129e-03   -1.8080249476e-01    7.3791731584e+01    3.1625027822e+01    3.1625027822e+01
    2.0094793438e+03    1.9356241468e+03   -5.9260004679e+04    3.3800442340e+01    3.3462044639e+01    3.3555024820e+01   -4.4530551650e-02    5.7137652009e-02   -5.2640509097e-02    7.3791731584e+01    3.1625027822e+01    3.1625027822e+01
    2.0101053907e+03    1.9362271843e+03   -5.9262166256e+04    3.3953502313e+01    3.3601306826e+01    3.3321555907e+01    1.1502806250e-01   -9.5436879986e-02    1.7719531026e-02    7.3791731584e+01    3.1625027822e+01    3.1625027822e+01
    2.0069224822e+03    1.9331612585e+03   -5.9259036895e+04    3.3652694666e+01    3.3442144853e+01    3.3506020525e+01    4.9873998092e-02   -8.3966478422e-03   -2.9908696030e-02    7.3791731584e+01    3.1625027822e+01    3.1625027822e+01
    1.9896196887e+03    1.9164944015e+03   -5.9238988276e+04    3.3804386392e+01    3.3609017227e+01    3.3383176279e+01   -7.9085810103e-02    1.2726762577e-01    5.3324020279e-03    7.3791731584e+01    3.1625027822e+01    3.1625027822e+01
    2.0089766154e+03    1.9351398953e+03   -5.9258955997e+04    3.3755477855e+01    3.3384457328e+01    3.3578866438e+01    5.1620487410e-02   -2.2677197834e-03    5.4048700671e-02    7.3791731584e+01    3.1625027822e+01    3.1625027822e+01
    1.9911428415e+03    1.9179615732e+03   -5.9243847834e+04    3.3770511812e+01    3.3586457684e+01    3.3358223735e+01   -5.2394342976e-03    5.8160352883e-02    6.9498378956e-02    7.3791731584e+01    3.1625027822e+01    3.1625027822e+01
    1.9912290109e+03    1.9180445756e+03   -5.9244510124e+04    3.3648877322e+01    3.3778856633e+01    3.3377036593e+01   -8.3632758077e-02    4.7693729457e-02    9.6105782398e-03    7.3791731584e+01    3.1625027822e+01    3.1625027822e+01
    1.9981118680e+03    1.9246744643e+03   -5.9249866693e+04    3.3689030463e+01    3.3300546146e+01    3.3708928458e+01    3.7564873664e-02   -1.4934581296e-03    8.7255857174e-02    7.3791731584e+01    3.1625027822e+01    3.1625027822e+01
    1.9946856206e+03    1.9213741432e+03   -5.9246724741e+04    3.3624664692e+01    3.3568221299e+01    3.3439957067e+01   -2.9779488817e-02   -3.9588380925e-03    2.4433165900e-02    7.3791731584e+01    3.1625027822e+01    3.1625027822e+01
    1.9769075782e+03    1.9042495043e+03   -5.9230636962e+04    3.3827462663e+01    3.3572626602e+01    3.3777777396e+01   -3.1427403286e-02   -7.7701786986e-02   -1.2817594512e-01    7.3791731584e+01    3.1625027822e+01    3.1625027822e+01
    1.9926404577e+03    1.9194041469e+03   -5.9246054575e+04    3.3724932323e+01    3.3266122580e+01    3.3601551145e+01    9.7278626990e-02   -2.3114598803e-02    6.5556791486e-02    7.3791731584e+01    3.1625027822e+01    3.1625027822e+01
    1.9753059477e+03    1.9027067392e+03   -5.9229852889e+04    3.3662925745e+01    3.3860666820e+01    3.3502121363e+01   -1.3002714790e-01   -3.6924879066e-02   -7.0412141988e-02    7.3791731584e+01    3.1625027822e+01    3.1625027822e+01
    1.9798899720e+03    1.9071222849e+03   -5.9235604241e+04    3.3889620220e+01    3.3583497616e+01    3.3678367558e+01   -5.9540633782e-02   -2.1039348231e-02    2.6819526539e-02    7.3791731584e+01    3.1625027822e+01    3.1625027822e+01
    2.0105496411e+03    1.9366551070e+03   -5.9263313893e+04    3.3598372265e+01    3.3607903576e+01    3.3489720318e+01   -9.6462614223e-02   -1.6651236224e-02    1.1680912839e-01    7.3791731584e+01    3.1625027822e+01    3.1625027822e+01
    2.0092218455e+03    1.9353761124e+03   -5.9259009943e+04    3.3911042248e+01    3.3343656105e+01    3.3363044580e+01   -1.1840936174e-01   -7.2181617644e-02    3.7874905506e-02    7.3791731584e+01    3.1625027822e+01    3.1625027822e+01
    1.9948216000e+03    1.9215051249e+03   -5.9249299978e+04    3.3921100181e+01    3.3444861770e+01    3.3591088406e+01   -1.1689049677e-01    1.0845211236e-02   -2.7032110328e-02    7.3791731584e+01    3.1625027822e+01    3.1625027822e+01
    1.9876238925e+03    1.9145719576e+03   -5.9239246182e+04    3.3836638831e+01    3.3643412718e+01    3.3729292427e+01   -2.7029264507e-02    7.0770903005e-03   -4.4128266540e-02    7.3791731584e+01    3.1625027822e+01    3.1625027822e+01
    1.9929693759e+03    1.9197209763e+03   -5.9244276039e+04    3.3911924147e+01    3.3768500313e+01    3.3499426104e+01   -8.5421031147e-02   -1.0803580021e-02   -5.7458763429e-02    7.3791731584e+01    3.1625027822e+01    3.1625027822e+01
    1.9968312649e+03    1.9234409278e+03   -5.9247868009e+04    3.3527983996e+01    3.3617731155e+01    3.3620432735e+01   -3.0547156504e-02    6.1172228150e-02    6.6325644267e-02    7.3791731584e+01    3.1625027822e+01    3.1625027822e+01
    1.9981933323e+03    1.9247529345e+03   -5.9251102286e+04    3.3778173760e+01    3.3489410040e+01    3.3519967892e+01    1.9387293283e-02    6.3466378478e-02   -1.1401194438e-01    7.3791731584e+01    3.1625027822e+01    3.1625027822e+01
    2.0118387766e+03    1.9378968624e+03   -5.9265169268e+04    3.3748570570e+01    3.3234183749e+01    3.3602313904e+01    3.8661351671e-02    1.4884257673e-02    7.7470763469e-02    7.3791731584e+01    3.1625027822e+01    3.1625027822e+01
    2.0029679638e+03    1.9293520821e+03   -5.9253547065e+04    3.3706414037e+01    3.3432275530e+01    3.3697683885e+01   -1.7513178818e-03    4.3927712747e-02   -6.7238584547e-02    7.3791731584e+01    3.1625027822e+01    3.1625027822e+01
    2.0109213289e+03    1.9370131340e+03   -5.9262194129e+04    3.3565559340e+01    3.3549033795e+01    3.3571519788e+01    5.9884129253e-02    6.5318982323e-02    1.6328761538e-02    7.3791731584e+01    3.1625027822e+01    3.1625027822e+01
    2.0069853886e+03    1.9332218529e+03   -5.9258842164e+04    3.3778571289e+01    3.3442900978e+01    3.3494811964e+01    5.3262100727e-02    1.4977995901e-02    1.2586691843e-01    7.3791731584e+01    3.1625027822e+01    3.1625027822e+01
    2.0020317533e+03    1.9284502806e+03   -5.9254581129e+04    3.3580251647e+01    3.3532907920e+01    3.3557004484e+01   -1.0180522549e-01    9.2523641227e-02    1.6679270750e-01    7.3791731584e+01    3.1625027822e+01    3.1625027822e+01
    1.9971862232e+03    1.9237828402e+03   -5.9249791846e+04    3.3384199418e+01    3.3549304274e+01    3.3731355544e+01    9.6254773597e-02   -5.0651658098e-02    7.2769570556e-02    7.3791731584e+01    3.1625027822e+01    3.1625027822e+01
    1.9889949835e+03    1.9158926564e+03   -5.9240955683e+04    3.4005559612e+01    3.3363402666e+01    3.3753307091e+01    2.4137864057e-02   -4.1709545612e-02   -8.8971328380e-02    7.3791731584e+01    3.1625027822e+01    3.1625027822e+01
    2.0008674767e+03    1.9273287951e+03   -5.9253822639e+04    3.3547965046e+01    3.3622304024e+01    3.3490887288e+01    6.8123262475e-02   -6.5298568033e-02    5.2183670217e-02    7.3791731584e+01    3.1625027822e+01    3.1625027822e+01
    1.9717861637e+03    1.8993163192e+03   -5.9225035683e+04    3.3974983526e+01    3.3726342608e+01    3.3444506176e+01   -5.9042757721e-02    1.2664666456e-02    1.7665401338e-02    7.3791731584e+01    3.1625027822e+01    3.1625027822e+01
    1.9664708133e+03    1.8941963260e+03   -5.9220697616e+04    3.3823688554e+01    3.3642505821e+01    3.3645344311e+01    1.1399890626e-01    3.4916229306e-02    5.1277287429e-02    7.3791731584e+01    3.1625027822e+01    3.1625027822e+01
    1.9831514626e+03    1.9102639047e+03   -5.9236627450e+04    3.4023336631e+01    3.3508682193e+01    3.3649262287e+01    1.5793209481e-01   -5.8949218251e-02    6.1137002809e-02    7.3791731584e+01    3.1625027822e+01    3.1625027822e+01
    2.0354445007e+03    1.9606349959e+03   -5.9287260535e+04    3.3584452258e+01    3.3222493878e+01    3.3156549971e+01    1.4483081663e-02   -9.6803281857e-02   -2.2184190782e-02    7.3791731584e+01    3.1625027822e+01    3.1625027822e+01
    1.9980688257e+03    1.9246330040e+03   -5.9250861813e+04    3.3740201089e+01    3.3436290049e+01    3.3340285932e+01    9.3034489665e-02    1.0969049704e-01   -1.3331799238e-01    7.3791731584e+01    3.1625027822e+01    3.1625027822e+01
    1.9956710523e+03    1.9223233570e+03   -5.9246137097e+04    3.3901988502e+01    3.3389444509e+01    3.3640022220e+01    1.9383094473e-02   -1.6916881053e-02    4.1740454604e-02    7.3791731584e+01    3.1625027822e+01    3.1625027822e+01
    1.9838246061e+03    1.9109123079e+03   -5.9234242416e+04    3.3802637672e+01    3.3606751208e+01    3.3753989383e+01   -1.0090457413e-02   -1.9124833408e-02   -8.4315466027e-02    7.3791731584e+01    3.1625027822e+01    3.1625027822e+01
    2.0021240814e+03    1.9285392152e+03   -5.9254050381e+04    3.3990379353e+01    3.3504202064e+01    3.3407390025e+01   -1.4149781810e-03   -9.9470459479e-02   -3.8027746502e-02    7.3791731584e+01    3.1625027822e+01    3.1625027822e+01
    1.9820105900e+03    1.9091649631e+03   -5.9234439460e+04    3.3858536054e+01    3.3584025966e+01    3.3515202929e+01   -4.5109757007e-02   -1.0131432202e-01   -1.8721468864e-02    7.3791731584e+01    3.1625027822e+01    3.1625027822e+01
    2.0057325054e+03    1.9320150174e+03   -5.9256491119e+04    3.3720414211e+01    3.3580817674e+01    3.3465631729e+01    7.9145899688e-02    3.0235715228e-02   -6.7760903771e-02    7.3791731584e+01    3.1625027822e+01    3.1625027822e+01
    2.0109811630e+03    1.9370707690e+03   -5.9263655201e+04    3.3857199145e+01    3.3474484818e+01    3.3248127400e+01   -2.8055256930e-02   -4.5305928349e-02   -1.7745051143e-03    7.3791731584e+01    3.1625027822e+01    3.1625027822e+01
    1.9982035753e+03    1.9247628011e+03   -5.9250814929e+04    3.3985189607e+01    3.3617610716e+01    3.3508055514e+01    4.6504821539e-02   -4.9819185680e-02   -6.1113597110e-02    7.3791731584e+01    3.1625027822e+01    3.1625027822e+01
    1.9982035753e+03    1.9247628011e+03   -5.9250814929e+04    3.3985189607e+01    3.3617610716e+01    3.3508055514e+01    4.6504821539e-02   -4.9819185680e-02   -6.1113597110e-02    7.3791731584e+01    3.1625027822e+01    3.1625027822e+01
    1.9982035753e+03    1.9247628011e+03   -5.9250814929e+04    3.3985189607e+01    3.3617610716e+01    3.3508055514e+01    4.6504821539e-02   -4.9819185680e-02   -6.1113597110e-02    7.3791731584e+01    3.1625027822e+01    3.1625027822e+01
    1.9982035753e+03    1.9247628011e+03   -5.9250814929e+04    3.3985189607e+01    3.3617610716e+01    3.3508055514e+01    4.6504821539e-02   -4.9819185680e-02   -6.1113597110e-02    7.3791731584e+01    3.1625027822e+01    3.1625027822e+01
    1.9982035753e+03    1.9247628011e+03   -5.9250814929e+04    3.3985189607e+01    3.3617610716e+01    3.3508055514e+01    4.6504821539e-02   -4.9819185680e-02   -6.1113597110e-02    7.3791731584e+01    3.1625027822e+01    3.1625027822e+01
    1.9982035753e+03    1.9247628011e+03   -5.9250814929e+04    3.3985189607e+01    3.3617610716e+01    3.3508055514e+01    4.6504821539e-02   -4.9819185680e-02   -6.1113597110e-02    7.3791731584e+01    3.1625027822e+01    3.1625027822e+01
    1.9982035753e+03    1.9247628011e+03   -5.9250814929e+04    3.3985189607e+01    3.3617610716e+01    3.3508055514e+01    4.6504821539e-02   -4.9819185680e-02   -6.1113597110e-02    7.3791731584e+01    3.1625027822e+01    3.1625027822e+01
    1.9982035753e+03    1.9247628011e+03   -5.9250814929e+04    3.3985189607e+01    3.3617610716e+01    3.3508055514e+01    4.6504821539e-02   -4.9819185680e-02   -6.1113597110e-02    7.3791731584e+01    3.1625027822e+01    3.1625027822e+01
    1.9982035753e+03    1.9247628011e+03   -5.9250814929e+04    3.3985189607e+01    3.3617610716e+01    3.3508055514e+01    4.6504821539e-02   -4.9819185680e-02   -6.1113597110e-02    7.3791731584e+01    3.1625027822e+01    3.1625027822e+01
    1.9982035753e+03    1.9247628011e+03   -5.9250814929e+04    3.3985189607e+01    3.3617610716e+01    3.3508055514e+01    4.6504821539e-02   -4.9819185680e-02   -6.1113597110e-02    7.3791731584e+01    3.1625027822e+01    3.1625027822e+01
    1.9982035753e+03    1.9247628011e+03   -5.9250814929e+04    3.3985189607e+01    3.3617610716e+01    3.3508055514e+01    4.6504821539e-02   -4.9819185680e-02   -6.1113597110e-02    7.3791731584e+01    3.1625027822e+01    3.1625027822e+01
    1.9982035753e+03    1.9247628011e+03   -5.9250814929e+04    3.3985189607e+01    3.3617610716e+01    3.3508055514e+01    4.6504821539e-02   -4.9819185680e-02   -6.1113597110e-02    7.3791731584e+01    3.1625027822e+01    3.1625027822e+01
    1.9982035753e+03    1.9247628011e+03   -5.9250814929e+04    3.3985189607e+01    3.3617610716e+01    3.3508055514e+01    4.6504821539e-02   -4.9819185680e-02   -6.1113597110e-02    7.3791731584e+01    3.1625027822e+01    3.1625027822e+01
    1.9982035753e+03    1.9247628011e+03   -5.9250814929e+04    3.3985189607e+01    3.3617610716e+01    3.3508055514e+01    4.6504821539e-02   -4.9819185680e-02   -6.1113597110e-02    7.3791731584e+01    3.1625027822e+01    3.1625027822e+01
    1.9982035753e+03    1.9247628011e+03   -5.9250814929e+04    3.3985189607e+01    3.3617610716e+01    3.3508055514e+01    4.6504821539e-02   -4.9819185680e-02   -6.1113597110e-02    7.3791731584e+01    3.1625027822e+01    3.1625027822e+01
    1.9982035753e+03    1.9247628011e+03   -5.9250814929e+04    3.3985189607e+01    3.3617610716e+01    3.3508055514e+01    4.6504821539e-02   -4.9819185680e-02   -6.1113597110e-02    7.3791731584e+01    3.1625027822e+01    3.1625027822e+01
    1.9982035753e+03    1.9247628011e+03   -5.9250814929e+04    3.3985189607e+01    3.3617610716e+01    3.3508055514e+01    4.6504821539e-02   -4.9819185680e-02   -6.1113597110e-02    7.3791731584e+01    3.1625027822e+01    3.1625027822e+01
    1.9982035753e+03    1.9247628011e+03   -5.9250814929e+04    3.3985189607e+01    3.3617610716e+01    3.3508055514e+01    4.6504821539e-02   -4.9819185680e-02   -6.1113597110e-02    7.3791731584e+01    3.1625027822e+01    3.1625027822e+01
    1.9982035753e+03    1.9247628011e+03   -5.9250814929e+04    3.3985189607e+01    3.3617610716e+01    3.3508055514e+01    4.6504821539e-02   -4.9819185680e-02   -6.1113597110e-02    7.3791731584e+01    3.1625027822e+01    3.1625027822e+01
    1.9982035753e+03    1.9247628011e+03   -5.9250814929e+04    3.3985189607e+01    3.3617610716e+01    3.3508055514e+01    4.6504821539e-02   -4.9819185680e-02   -6.1113597110e-02    7.3791731584e+01    3.1625027822e+01    3.1625027822e+01
    1.9982035753e+03    1.9247628011e+03   -5.9250814929e+04    3.3985189607e+01    3.3617610716e+01    3.3508055514e+01    4.6504821539e-02   -4.9819185680e-02   -6.1113597110e-02    7.3791731584e+01    3.1625027822e+01    3.1625027822e+01
    1.9982035753e+03    1.9247628011e+03   -5.9250814929e+04    3.3985189607e+01    3.3617610716e+01    3.3508055514e+01    4.6504821539e-02   -4.9819185680e-02   -6.1113597110e-02    7.3791731584e+01    3.1625027822e+01    3.1625027822e+01
    1.9982035753e+03    1.9247628011e+03   -5.9250814929e+04    3.3985189607e+01    3.3617610716e+01    3.3508055514e+01    4.6504821539e-02   -4.9819185680e-02   -6.1113597110e-02    7.3791731584e+01    3.1625027822e+01    3.1625027822e+01
    1.9982035753e+03    1.9247628011e+03   -5.9250814929e+04    3.3985189607e+01    3.3617610716e+01    3.3508055514e+01    4.6504821539e-02   -4.9819185680e-02   -6.1113597110e-02    7.3791731584e+01    3.1625027822e+01    3.1625027822e+01
    1.9982035753e+03    1.9247628011e+03   -5.9250814929e+04    3.3985189607e+01    3.3617610716e+01    3.3508055514e+01    4.6504821539e-02   -4.9819185680e-02   -6.1113597110e-02    7.3791731584e+01    3.1625027822e+01    3.1625027822e+01
    1.9982035753e+03    1.9247628011e+03   -5.9250814929e+04    3.3985189607e+01    3.3617610716e+01    3.3508055514e+01    4.6504821539e-02   -4.9819185680e-02   -6.1113597110e-02    7.3791731584e+01    3.1625027822e+01    3.1625027822e+01
    1.9982035753e+03    1.9247628011e+03   -5.9250814929e+04    3.3985189607e+01    3.3617610716e+01    3.3508055514e+01    4.6504821539e-02   -4.9819185680e-02   -6.1113597110e-02    7.3791731584e+01    3.1625027822e+01    3.1625027822e+01
    1.9982035753e+03    1.9247628011e+03   -5.9250814929e+04    3.3985189607e+01    3.3617610716e+01    3.3508055514e+01    4.6504821539e-02   -4.9819185680e-02   -6.1113597110e-02    7.3791731584e+01    3.1625027822e+01    3.1625027822e+01
    1.9982035753e+03    1.9247628011e+03   -5.9250814929e+04    3.3985189607e+01    3.3617610716e+01    3.3508055514e+01    4.6504821539e-02   -4.9819185680e-02   -6.1113597110e-02    7.3791731584e+01    3.1625027822e+01    3.1625027822e+01
    1.9982035753e+03    1.9247628011e+03   -5.9250814929e+04    3.3985189607e+01    3.3617610716e+01    3.3508055514e+01    4.6504821539e-02   -4.9819185680e-02   -6.1113597110e-02    7.3791731584e+01    3.1625027822e+01    3.1625027822e+01
    1.9982035753e+03    1.9247628011e+03   -5.9250814929e+04    3.3985189607e+01    3.3617610716e+01    3.3508055514e+01    4.6504821539e-02   -4.9819185680e-02   -6.1113597110e-02    7.3791731584e+01    3.1625027822e+01    3.1625027822e+01
