    3.9943621252e+03    5.0185509632e+03   -7.1319765885e+04    8.6591106835e+01    8.5537268794e+01    8.5666953677e+01    1.4198079141e-02    5.8037723186e-02    1.4904600041e-01    9.1508946803e+01    3.0502982268e+01    3.0502982268e+01
    4.0157700881e+03    5.0454481121e+03   -7.1310934057e+04    8.6212141326e+01    8.6186907285e+01    8.5798020808e+01   -1.6676388377e-01   -4.7166898159e-02   -1.2757891023e-01    9.1508946803e+01    3.0502982268e+01    3.0502982268e+01
    3.9343356675e+03    4.9431332049e+03   -7.1209565208e+04    8.6477312590e+01    8.5977214116e+01    8.6382713157e+01   -5.2038659005e-02    1.3396633010e-01    5.3738367852e-02    9.1508946803e+01    3.0502982268e+01    3.0502982268e+01
    3.9705785561e+03    4.9886690822e+03   -7.1255011974e+04    8.6488205975e+01    8.6398691762e+01    8.6226533636e+01    7.7112819629e-02    1.1935512212e-01   -1.2463746376e-01    9.1508946803e+01    3.0502982268e+01    3.0502982268e+01
    3.9604342806e+03    4.9759237272e+03   -7.1243104970e+04    8.6726185085e+01    8.6657675602e+01    8.6123656280e+01    2.8904862720e-01   -2.9167994517e-02    2.8079853759e-02    9.1508946803e+01    3.0502982268e+01    3.0502982268e+01
    3.9661572984e+03    4.9831141759e+03   -7.1252504118e+04    8.6530062651e+01    8.5967448416e+01    8.6418599280e+01    8.5287337957e-02   -1.5694476367e-01   -2.4508903053e-01    9.1508946803e+01    3.0502982268e+01    3.0502982268e+01
    4.0213347509e+03    5.0524396023e+03   -7.1318196342e+04    8.6280588923e+01    8.6125523165e+01    8.6157760413e+01    6.4927117763e-02    1.3473904655e-01    1.7656758218e-01    9.1508946803e+01    3.0502982268e+01    3.0502982268e+01
    4.0140374096e+03    5.0432711599e+03   -7.1311928789e+04    8.6193835918e+01    8.5872219328e+01    8.6058571625e+01    1.8054955592e-01    2.7938162546e-01   -1.8297059947e-02    9.1508946803e+01    3.0502982268e+01    3.0502982268e+01
    4.0409191570e+03    5.0770456187e+03   -7.1343678287e+04    8.5988048267e+01    8.6531519581e+01    8.5603131901e+01   -1.5922807320e-01   -2.1765080442e-01    2.6732685496e-01    9.1508946803e+01    3.0502982268e+01    3.0502982268e+01
    3.9885335037e+03    5.0112278330e+03   -7.1279116844e+04    8.6220455609e+01    8.6168015378e+01    8.6220313587e+01   -3.9300728905e-02   -7.9967099232e-02    3.7524594028e-02    9.1508946803e+01    3.0502982268e+01    3.0502982268e+01
    4.0272957266e+03    5.0599290236e+03   -7.1323174382e+04    8.6151148557e+01    8.6172637982e+01    8.5694337544e+01   -7.5899570218e-02   -1.5620443419e-01    1.8983927807e-01    9.1508946803e+01    3.0502982268e+01    3.0502982268e+01
    3.9991039356e+03    5.0245086146e+03   -7.1287016310e+04    8.6219621054e+01    8.5863928239e+01    8.6868240724e+01   -1.0923522815e-01    1.4423864301e-02   -6.7600094683e-02    9.1508946803e+01    3.0502982268e+01    3.0502982268e+01
    4.0213760545e+03    5.0524914965e+03   -7.1318754040e+04    8.6476342857e+01    8.5885710515e+01    8.5980909027e+01   -9.6335455281e-02    2.0093707400e-01   -6.7119885700e-02    9.1508946803e+01    3.0502982268e+01    3.0502982268e+01
    3.9736669594e+03    4.9925493786e+03   -7.1258870391e+04    8.6401720413e+01    8.6257227867e+01    8.6139078170e+01    1.6378018237e-01    1.2493439205e-01    3.3121250590e-02    9.1508946803e+01    3.0502982268e+01    3.0502982268e+01
    4.0330011338e+03    5.0670973462e+03   -7.1330178224e+04    8.6121585652e+01    8.5827423568e+01    8.6001332702e+01   -4.9298925908e-04    1.0138980994e-03    4.2811036007e-02    9.1508946803e+01    3.0502982268e+01    3.0502982268e+01
    3.9663177147e+03    4.9833157244e+03   -7.1246786973e+04    8.6691271166e+01    8.5906964211e+01    8.6452285423e+01   -1.5306078323e-01   -2.1293085210e-01    2.3209087491e-01    9.1508946803e+01    3.0502982268e+01    3.0502982268e+01
    3.9984205436e+03    5.0236499950e+03   -7.1288430693e+04    8.6245646972e+01    8.5884591958e+01    8.6148112359e+01   -9.6978130169e-03    4.4039918114e-03   -6.4769612271e-02    9.1508946803e+01    3.0502982268e+01    3.0502982268e+01
    3.9961082538e+03    5.0207448142e+03   -7.1283776382e+04    8.6247602376e+01    8.6466840376e+01    8.6170560080e+01    6.7686241888e-02   -1.3112311764e-01    1.6728815915e-03    9.1508946803e+01    3.0502982268e+01    3.0502982268e+01
    4.0432486939e+03    5.0799724689e+03   -7.1344693253e+04    8.5784417748e+01    8.5928446095e+01    8.5659583242e+01    3.6859204430e-02   -4.0873420584e-02   -1.3798611984e-01    9.1508946803e+01    3.0502982268e+01    3.0502982268e+01
    3.9823196119e+03    5.0034206458e+03   -7.1270381539e+04    8.6383487066e+01    8.6055272451e+01    8.6328398882e+01    8.9623699858e-03    3.0081040613e-02   -1.8798139258e-02    9.1508946803e+01    3.0502982268e+01    3.0502982268e+01
    3.9658590888e+03    4.9827395029e+03   -7.1251152521e+04    8.6581682896e+01    8.6052773269e+01    8.7022001159e+01    3.2024603595e-02    1.4665280251e-01    2.2878614567e-02    9.1508946803e+01    3.0502982268e+01    3.0502982268e+01
    4.0054640875e+03    5.0324995642e+03   -7.1296133122e+04    8.6460532641e+01    8.5857372757e+01    8.5972478921e+01   -2.3384329933e-02    1.6122198384e-01   -3.9088898376e-02    9.1508946803e+01    3.0502982268e+01    3.0502982268e+01
    4.0516940402e+03    5.0905832748e+03   -7.1358343160e+04    8.6263021121e+01    8.5876102525e+01    8.5867300029e+01   -4.9417374704e-02   -8.2563510566e-02    6.4873383562e-02    9.1508946803e+01    3.0502982268e+01    3.0502982268e+01
    4.0110518539e+03    5.0395200820e+03   -7.1308863122e+04    8.5927976703e+01    8.5863164504e+01    8.5821603412e+01   -1.7972733557e-02   -7.7478076775e-02    2.1856050960e-01    9.1508946803e+01    3.0502982268e+01    3.0502982268e+01
    4.0045073013e+03    5.0312974497e+03   -7.1296096611e+04    8.6376194195e+01    8.5813251426e+01    8.6419636892e+01    1.5698346781e-01    2.4202396174e-02   -1.9729461108e-02    9.1508946803e+01    3.0502982268e+01    3.0502982268e+01
    4.0278475635e+03    5.0606223562e+03   -7.1327680326e+04    8.6222645953e+01    8.5911532195e+01    8.6006515944e+01   -7.5959777140e-02    5.8959189843e-02   -1.2700624822e-01    9.1508946803e+01    3.0502982268e+01    3.0502982268e+01
    3.9886581987e+03    5.0113845008e+03   -7.1272296891e+04    8.6228258720e+01    8.6588564342e+01    8.6369910150e+01   -1.3145193483e-01    1.3206760020e-01    7.3724804456e-02    9.1508946803e+01    3.0502982268e+01    3.0502982268e+01
    4.0090729735e+03    5.0370337996e+03   -7.1305352988e+04    8.6008956144e+01    8.6102625213e+01    8.6258292493e+01    1.3084526189e-01    1.3752944127e-01   -7.0107104512e-02    9.1508946803e+01    3.0502982268e+01    3.0502982268e+01
    3.9601203299e+03    4.9755292768e+03   -7.1241227003e+04    8.6727737048e+01    8.6138121792e+01    8.6332490347e+01    1.3224619475e-01    1.5215983431e-01    1.1162302666e-01    9.1508946803e+01    3.0502982268e+01    3.0502982268e+01
    4.0196153560e+03    5.0502793397e+03   -7.1318449420e+04    8.6428127315e+01    8.5990862206e+01    8.5732047233e+01    1.3918141379e-01    3.1357897999e-02   -9.4500043551e-02    9.1508946803e+01    3.0502982268e+01    3.0502982268e+01
    4.0292537109e+03    5.0623890518e+03   -7.1325210565e+04    8.6489356600e+01    8.5880683476e+01    8.5848137516e+01   -6.4897873309e-02   -4.1185339039e-02    2.3065181584e-02    9.1508946803e+01    3.0502982268e+01    3.0502982268e+01
    4.0107053782e+03    5.0390847670e+03   -7.1305197151e+04    8.6779712909e+01    8.5863697216e+01    8.5669795994e+01   -6.5056987147e-02    1.5907392341e-01    5.5301755686e-03    9.1508946803e+01    3.0502982268e+01    3.0502982268e+01
    3.9812775326e+03    5.0021113684e+03   -7.1271255624e+04    8.6159334395e+01    8.6599224626e+01    8.6320137647e+01   -1.9260654336e-01    6.5029225277e-02    5.6931696510e-02    9.1508946803e+01    3.0502982268e+01    3.0502982268e+01
    3.9779086821e+03    4.9978787156e+03   -7.1264166405e+04    8.6397905045e+01    8.6357583716e+01    8.6148915908e+01    1.9388595039e-01    1.0767547762e-02   -6.1786075934e-02    9.1508946803e+01    3.0502982268e+01    3.0502982268e+01
    4.0140661572e+03    5.0433072786e+03   -7.1305242156e+04    8.5888598887e+01    8.6258628135e+01    8.5948614837e+01    1.2007014488e-01   -8.1076701165e-02    1.3316225990e-01    9.1508946803e+01    3.0502982268e+01    3.0502982268e+01
    4.0292019777e+03    5.0623240538e+03   -7.1330725959e+04    8.6294194497e+01    8.5568685965e+01    8.6280836768e+01    5.8001598881e-02   -2.1474191138e-01   -6.1766130392e-04    9.1508946803e+01    3.0502982268e+01    3.0502982268e+01
    4.0371532045e+03    5.0723140436e+03   -7.1340399330e+04    8.6310152989e+01    8.5650042417e+01    8.5716290381e+01    5.4228944724e-02   -7.0668401891e-02    6.6255648885e-02    9.1508946803e+01    3.0502982268e+01    3.0502982268e+01
    4.0811466518e+03    5.1275877896e+03   -7.1396223824e+04    8.5719886030e+01    8.5711968386e+01    8.5734043973e+01    1.8332449276e-01    3.0354582522e-02   -8.8741222367e-02    9.1508946803e+01    3.0502982268e+01    3.0502982268e+01
    3.9782467633e+03    4.9983034837e+03   -7.1258169412e+04    8.6719411473e+01    8.6489901699e+01    8.6088211876e+01    1.4754070478e-01    1.7297625943e-01    1.0439278637e-01    9.1508946803e+01    3.0502982268e+01    3.0502982268e+01
    4.0144461279e+03    5.0437846771e+03   -7.1304886947e+04    8.6656680420e+01    8.6178775862e+01    8.5818800476e+01    7.4291571401e-02    1.7746246062e-01   -2.9100343496e-02    9.1508946803e+01    3.0502982268e+01    3.0502982268e+01
    4.0209248357e+03    5.0519245814e+03   -7.1315182483e+04    8.6267030071e+01    8.5833519183e+01    8.6077989349e+01    1.0637414756e-01    7.4305471548e-03   -4.4973601771e-02    9.1508946803e+01    3.0502982268e+01    3.0502982268e+01
    3.9838359893e+03    5.0053258354e+03   -7.1269251572e+04    8.6356786417e+01    8.6517247081e+01    8.6145289661e+01    5.9833261096e-02   -6.8353619777e-02   -2.0004382413e-01    9.1508946803e+01    3.0502982268e+01    3.0502982268e+01
    4.0573873902e+03    5.0977364487e+03   -7.1365706772e+04    8.6032434551e+01    8.6105316780e+01    8.5550518415e+01   -1.3396946887e-01    3.5018535180e-02    1.7285192714e-01    9.1508946803e+01    3.0502982268e+01    3.0502982268e+01
    4.0634090966e+03    5.1053021725e+03   -7.1365601015e+04    8.5581677712e+01    8.6177914691e+01    8.6180388936e+01   -2.8009349026e-01    9.2563406501e-02   -5.9212449653e-02    9.1508946803e+01    3.0502982268e+01    3.0502982268e+01
    4.0092800051e+03    5.0372939159e+03   -7.1305137713e+04    8.5772584302e+01    8.6365678883e+01    8.6317778967e+01    4.9339341532e-02   -3.7033268500e-02   -3.9811268097e-02    9.1508946803e+01    3.0502982268e+01    3.0502982268e+01
    3.9709339820e+03    4.9891156423e+03   -7.1258777750e+04    8.6433609730e+01    8.6520571293e+01    8.6165359866e+01   -4.8208809082e-02    1.2102005752e-01    1.2764987352e-01    9.1508946803e+01    3.0502982268e+01    3.0502982268e+01
    4.0129147151e+03    5.0418605969e+03   -7.1306409456e+04    8.6053588106e+01    8.6116990587e+01    8.6158054381e+01   -9.3105861470e-02   -2.2843085292e-02   -4.7975642368e-02    9.1508946803e+01    3.0502982268e+01    3.0502982268e+01
    4.0011648303e+03    5.0270979404e+03   -7.1289898419e+04    8.5997367124e+01    8.6149817129e+01    8.6309114622e+01   -1.3665282999e-02   -6.1408473098e-02    1.8264035094e-03    9.1508946803e+01    3.0502982268e+01    3.0502982268e+01
    4.0002011819e+03    5.0258872042e+03   -7.1291829844e+04    8.6740519383e+01    8.6015357680e+01    8.6570915831e+01   -7.2112455758e-02   -1.5507895054e-01    5.8610317362e-02    9.1508946803e+01    3.0502982268e+01    3.0502982268e+01
    4.0395603259e+03    5.0753383716e+03   -7.1341868139e+04    8.6136932792e+01    8.5734026385e+01    8.5859751825e+01    2.4433445510e-02   -3.2211429256e-03   -2.3865904659e-02    9.1508946803e+01    3.0502982268e+01    3.0502982268e+01
    4.0090544343e+03    5.0370105068e+03   -7.1303473466e+04    8.6080594165e+01    8.6411469392e+01    8.5895236712e+01   -2.3058485109e-01    1.6905164590e-01   -2.2868076671e-02    9.1508946803e+01    3.0502982268e+01    3.0502982268e+01
    4.0177366549e+03    5.0479189235e+03   -7.1314187956e+04    8.6472168128e+01    8.5642748028e+01    8.5945621721e+01   -1.7075656637e-01   -1.6358524440e-02   -1.8663295532e-01    9.1508946803e+01    3.0502982268e+01    3.0502982268e+01
    4.0111026483e+03    5.0395839005e+03   -7.1309378350e+04    8.6165211533e+01    8.5889805729e+01    8.6155669937e+01    1.5253525032e-01    4.7915783724e-02   -1.5427077790e-01    9.1508946803e+01    3.0502982268e+01    3.0502982268e+01
    4.0110622902e+03    5.0395331942e+03   -7.1301412495e+04    8.6200559461e+01    8.6370630073e+01    8.6021458097e+01    3.0655146053e-02   -1.2225776352e-01   -6.0106342686e-02    9.1508946803e+01    3.0502982268e+01    3.0502982268e+01
    3.9662161838e+03    4.9831881600e+03   -7.1248131307e+04    8.6433716885e+01    8.5929403423e+01    8.5968305162e+01    2.8819752569e-02    9.0043076952e-02    1.5721477462e-01    9.1508946803e+01    3.0502982268e+01    3.0502982268e+01
    4.0505010767e+03    5.0890844251e+03   -7.1354800651e+04    8.5942693705e+01    8.6333318294e+01    8.5737317616e+01    8.9051155334e-02    1.3681942850e-01   -1.3897204234e-01    9.1508946803e+01    3.0502982268e+01    3.0502982268e+01
    4.0036464771e+03    5.0302159028e+03   -7.1295893219e+04    8.5824204188e+01    8.6378416261e+01    8.6086914150e+01    2.6176817411e-03    1.4793676491e-01    1.1598167705e-01    9.1508946803e+01    3.0502982268e+01    3.0502982268e+01
    4.0235183545e+03    5.0551831007e+03   -7.1318348802e+04    8.6190995874e+01    8.5955254987e+01    8.5978248814e+01    1.3222861060e-01    2.3690492047e-02    1.9534470422e-01    9.1508946803e+01    3.0502982268e+01    3.0502982268e+01
    3.9801078620e+03    5.0006417841e+03   -7.1263236819e+04    8.6858915256e+01    8.6248626377e+01    8.5614204750e+01    1.0144871923e-01    1.2543736080e-01   -3.7603955358e-02    9.1508946803e+01    3.0502982268e+01    3.0502982268e+01
    3.9877522517e+03    5.0102462612e+03   -7.1278007985e+04    8.6533103297e+01    8.5899557748e+01    8.6295425070e+01    3.4924166781e-02    7.0094548536e-02    2.2942137055e-01    9.1508946803e+01    3.0502982268e+01    3.0502982268e+01
    3.9400886131e+03    4.9503612553e+03   -7.1218643962e+04    8.6644318319e+01    8.6531709563e+01    8.6481708955e+01    2.8604814641e-02    2.8293392216e-02    8.6516155881e-02    9.1508946803e+01    3.0502982268e+01    3.0502982268e+01
    4.0022976082e+03    5.0285211724e+03   -7.1292008954e+04    8.6313213130e+01    8.6211611556e+01    8.6467851637e+01   -7.1139747605e-02   -1.7793154736e-01    1.0224701438e-01    9.1508946803e+01    3.0502982268e+01    3.0502982268e+01
    3.9799188464e+03    5.0004043034e+03   -7.1273078339e+04    8.5955903664e+01    8.5912998665e+01    8.6234349017e+01   -2.2768930007e-01    1.9558468770e-01   -1.2831238646e-01    9.1508946803e+01    3.0502982268e+01    3.0502982268e+01
    4.0156265508e+03    5.0452677706e+03   -7.1309964949e+04    8.6404492644e+01    8.5875401872e+01    8.6037655624e+01   -1.0233017102e-01   -1.0389714961e-01    7.6199514487e-02    9.1508946803e+01    3.0502982268e+01    3.0502982268e+01
    3.9922344978e+03    5.0158777938e+03   -7.1283494590e+04    8.6231719807e+01    8.6216709664e+01    8.6369543851e+01   -2.1130430021e-01    1.1252728644e-01   -9.0328283842e-02    9.1508946803e+01    3.0502982268e+01    3.0502982268e+01
    3.9728706973e+03    4.9915489482e+03   -7.1263516173e+04    8.5847457598e+01    8.6086314042e+01    8.6558094617e+01    2.2135673535e-01    3.7618277264e-02    1.8430591626e-01    9.1508946803e+01    3.0502982268e+01    3.0502982268e+01
    4.0056531105e+03    5.0327370544e+03   -7.1298871872e+04    8.5877612317e+01    8.6534933311e+01    8.6100628541e+01   -6.6604665062e-02   -2.1215889893e-02   -9.0511261181e-02    9.1508946803e+01    3.0502982268e+01    3.0502982268e+01
    3.9718793806e+03    4.9903034492e+03   -7.1252438337e+04    8.6385523193e+01    8.5873175637e+01    8.6514093223e+01   -1.0717340556e-01    2.0559248262e-02    1.1820627472e-02    9.1508946803e+01    3.0502982268e+01    3.0502982268e+01
    3.9882801501e+03    5.0109095173e+03   -7.1275970554e+04    8.6006199873e+01    8.6217251185e+01    8.6089825097e+01   -6.6162378137e-03   -2.2618652629e-01    2.0925774300e-01    9.1508946803e+01    3.0502982268e+01    3.0502982268e+01
    3.9987961484e+03    5.0241219081e+03   -7.1293328389e+04    8.6387803176e+01    8.5806943522e+01    8.6221246099e+01    2.6740761618e-02   -3.6948734105e-02    6.0255521690e-02    9.1508946803e+01    3.0502982268e+01    3.0502982268e+01
    4.0208106850e+03    5.0517811614e+03   -7.1320598886e+04    8.6117237086e+01    8.5597365699e+01    8.6094426632e+01    1.2123426410e-01   -1.0962021392e-01    5.3241699562e-02    9.1508946803e+01    3.0502982268e+01    3.0502982268e+01
    4.0255936562e+03    5.0577905276e+03   -7.1324817322e+04    8.6260427823e+01    8.5743812085e+01    8.6207135124e+01    1.6604694099e-01    1.9337782537e-02    1.6794794824e-01    9.1508946803e+01    3.0502982268e+01    3.0502982268e+01
    4.0040916027e+03    5.0307751625e+03   -7.1296482677e+04    8.6377458636e+01    8.6189775519e+01    8.6139321400e+01    1.1602956234e-01    9.8189113776e-03   -1.3815965712e-02    9.1508946803e+01    3.0502982268e+01    3.0502982268e+01
    4.0055768311e+03    5.0326412162e+03   -7.1301019014e+04    8.6514443051e+01    8.5954416198e+01    8.6070579412e+01    1.7237716210e-01    5.1303599956e-02   -2.1791717782e-02    9.1508946803e+01    3.0502982268e+01    3.0502982268e+01
    3.9646422183e+03    4.9812106162e+03   -7.1250818809e+04    8.6299161155e+01    8.6633877207e+01    8.6382787051e+01    1.4199541511e-01    9.4560624269e-02   -2.9167863993e-02    9.1508946803e+01    3.0502982268e+01    3.0502982268e+01
    3.9963180472e+03    5.0210084005e+03   -7.1284128306e+04    8.6568511650e+01    8.6148331589e+01    8.6248653949e+01   -3.4230429078e-02   -7.1753864590e-02    1.1216650279e-01    9.1508946803e+01    3.0502982268e+01    3.0502982268e+01
    4.0090478521e+03    5.0370022368e+03   -7.1298616434e+04    8.6293038218e+01    8.6239094249e+01    8.5963990069e+01   -9.0431393189e-02   -5.4867149765e-03    1.2442029405e-01    9.1508946803e+01    3.0502982268e+01    3.0502982268e+01
    3.9800572078e+03    5.0005781417e+03   -7.1266971230e+04    8.6227515848e+01    8.5958144073e+01    8.6179660149e+01    1.8817436597e-01    2.0441849987e-01   -2.0117775349e-01    9.1508946803e+01    3.0502982268e+01    3.0502982268e+01
    3.9717881276e+03    4.9901887983e+03   -7.1256019232e+04    8.6775017844e+01    8.6383726903e+01    8.5986339464e+01   -3.1041203454e-02   -3.3382654927e-02    1.2755129129e-02    9.1508946803e+01    3.0502982268e+01    3.0502982268e+01
    3.9930391056e+03    5.0168887099e+03   -7.1287251889e+04    8.6262245728e+01    8.6296393128e+01    8.6296991289e+01   -5.8079396427e-02    7.8111046612e-02    1.1816230513e-01    9.1508946803e+01    3.0502982268e+01    3.0502982268e+01
    3.9735105124e+03    4.9923528173e+03   -7.1261748621e+04    8.6503923061e+01    8.6217346667e+01    8.6534907398e+01    4.1390139226e-02   -1.9994921035e-02    1.4113037548e-01    9.1508946803e+01    3.0502982268e+01    3.0502982268e+01
    4.0301076039e+03    5.0634618904e+03   -7.1334917126e+04    8.5888611590e+01    8.6261991096e+01    8.5738042877e+01    4.5451311812e-02    3.3908404659e-02    2.4238608192e-02    9.1508946803e+01    3.0502982268e+01    3.0502982268e+01
    3.9735870607e+03    4.9924489933e+03   -7.1256465613e+04    8.5752165637e+01    8.6827985445e+01    8.6307331364e+01    2.2257130456e-02    1.1099740450e-01   -1.5161033243e-01    9.1508946803e+01    3.0502982268e+01    3.0502982268e+01
    4.0081567311e+03    5.0358826248e+03   -7.1306409863e+04    8.6660087620e+01    8.6055041215e+01    8.5984144100e+01   -1.3269788211e-01    2.0331083747e-01   -2.6842868501e-01    9.1508946803e+01    3.0502982268e+01    3.0502982268e+01
    4.0009637595e+03    5.0268453133e+03   -7.1295301667e+04    8.6192475768e+01    8.5763714763e+01    8.6195181349e+01   -2.2290048531e-02    2.6945176493e-03    2.3471161119e-01    9.1508946803e+01    3.0502982268e+01    3.0502982268e+01
    3.9499863359e+03    4.9627968394e+03   -7.1228517796e+04    8.6992962915e+01    8.6006717291e+01    8.6145369425e+01    1.4007953202e-02    3.0191191317e-02   -4.8695387010e-01    9.1508946803e+01    3.0502982268e+01    3.0502982268e+01
    4.0223099998e+03    5.0536649134e+03   -7.1319251505e+04    8.6457471277e+01    8.5698756771e+01    8.6058051575e+01    9.8949679487e-02   -1.2554001640e-02   -3.2498567437e-02    9.1508946803e+01    3.0502982268e+01    3.0502982268e+01
    3.9509262267e+03    4.9639777263e+03   -7.1229569241e+04    8.6892851088e+01    8.6175234403e+01    8.6456579336e+01    7.8246529258e-02    6.5136227934e-02   -2.8379999576e-02    9.1508946803e+01    3.0502982268e+01    3.0502982268e+01
    4.0058573712e+03    5.0329936892e+03   -7.1305395531e+04    8.6169187467e+01    8.6663246696e+01    8.5762489589e+01    6.4869427871e-02    2.3732730939e-01   -8.0114097657e-02    9.1508946803e+01    3.0502982268e+01    3.0502982268e+01
    3.9937571264e+03    5.0177908375e+03   -7.1283111618e+04    8.6316780531e+01    8.6298313811e+01    8.6114956594e+01   -1.9485378111e-02   -4.4757539122e-02    2.5020374574e-02    9.1508946803e+01    3.0502982268e+01    3.0502982268e+01
    3.9931817682e+03    5.0170679525e+03   -7.1280847940e+04    8.6162736696e+01    8.6159690463e+01    8.6403103751e+01    3.3682747151e-04    1.4929093813e-01    4.7271873434e-02    9.1508946803e+01    3.0502982268e+01    3.0502982268e+01
    3.9731728046e+03    4.9919285184e+03   -7.1258652744e+04    8.6801780562e+01    8.6611385726e+01    8.6061148833e+01    8.3744591552e-02   -6.1133321422e-04    2.9491207172e-02    9.1508946803e+01    3.0502982268e+01    3.0502982268e+01
    3.9960179523e+03    5.0206313585e+03   -7.1285253913e+04    8.6120662971e+01    8.6223710744e+01    8.6008933073e+01   -8.9525578041e-02   -1.1733457112e-01    1.6397092433e-01    9.1508946803e+01    3.0502982268e+01    3.0502982268e+01
    4.0007507867e+03    5.0265777325e+03   -7.1295515300e+04    8.6520133006e+01    8.6349547108e+01    8.6224028104e+01    1.1599515701e-02    2.6658885972e-01    2.8781350081e-01    9.1508946803e+01    3.0502982268e+01    3.0502982268e+01
    4.0465054911e+03    5.0840643370e+03   -7.1350111444e+04    8.6294796785e+01    8.5667116167e+01    8.6140049146e+01    4.7228878821e-02    3.6990712408e-02    3.6481728567e-02    9.1508946803e+01    3.0502982268e+01    3.0502982268e+01
    3.9628381656e+03    4.9789439889e+03   -7.1243336518e+04    8.6440528768e+01    8.5724348578e+01    8.6406921810e+01   -9.0575602139e-02    2.2786268989e-01    6.3414472839e-02    9.1508946803e+01    3.0502982268e+01    3.0502982268e+01
    3.9610385442e+03    4.9766829291e+03   -7.1243181624e+04    8.6703919049e+01    8.6201298793e+01    8.6698318852e+01   -6.7198025198e-02    7.3360507824e-02   -2.5372674331e-02    9.1508946803e+01    3.0502982268e+01    3.0502982268e+01
    4.0148547651e+03    5.0442980924e+03   -7.1312231460e+04    8.6259844336e+01    8.5850882450e+01    8.6277788860e+01   -1.3383800013e-01   -1.6781240072e-01    2.8485536079e-01    9.1508946803e+01    3.0502982268e+01    3.0502982268e+01
    4.0214227677e+03    5.0525501873e+03   -7.1314373130e+04    8.6359026800e+01    8.5639883792e+01    8.6371720526e+01    1.0499897682e-01    3.8142984874e-02    1.1614495984e-01    9.1508946803e+01    3.0502982268e+01    3.0502982268e+01
    4.0020471093e+03    5.0282064433e+03   -7.1294354324e+04    8.6085631590e+01    8.6025996769e+01    8.6046203510e+01    5.9439024175e-02   -5.1024309631e-03    1.8454290122e-01    9.1508946803e+01    3.0502982268e+01    3.0502982268e+01
    4.0020471093e+03    5.0282064433e+03   -7.1294354324e+04    8.6085631590e+01    8.6025996769e+01    8.6046203510e+01    5.9439024175e-02   -5.1024309631e-03    1.8454290122e-01    9.1508946803e+01    3.0502982268e+01    3.0502982268e+01
    4.0020471093e+03    5.0282064433e+03   -7.1294354324e+04    8.6085631590e+01    8.6025996769e+01    8.6046203510e+01    5.9439024175e-02   -5.1024309631e-03    1.8454290122e-01    9.1508946803e+01    3.0502982268e+01    3.0502982268e+01
    4.0020471093e+03    5.0282064433e+03   -7.1294354324e+04    8.6085631590e+01    8.6025996769e+01    8.6046203510e+01    5.9439024175e-02   -5.1024309631e-03    1.8454290122e-01    9.1508946803e+01    3.0502982268e+01    3.0502982268e+01
    4.0020471093e+03    5.0282064433e+03   -7.1294354324e+04    8.6085631590e+01    8.6025996769e+01    8.6046203510e+01    5.9439024175e-02   -5.1024309631e-03    1.8454290122e-01    9.1508946803e+01    3.0502982268e+01    3.0502982268e+01
    4.0020471093e+03    5.0282064433e+03   -7.1294354324e+04    8.6085631590e+01    8.6025996769e+01    8.6046203510e+01    5.9439024175e-02   -5.1024309631e-03    1.8454290122e-01    9.1508946803e+01    3.0502982268e+01    3.0502982268e+01
    4.0020471093e+03    5.0282064433e+03   -7.1294354324e+04    8.6085631590e+01    8.6025996769e+01    8.6046203510e+01    5.9439024175e-02   -5.1024309631e-03    1.8454290122e-01    9.1508946803e+01    3.0502982268e+01    3.0502982268e+01
    4.0020471093e+03    5.0282064433e+03   -7.1294354324e+04    8.6085631590e+01    8.6025996769e+01    8.6046203510e+01    5.9439024175e-02   -5.1024309631e-03    1.8454290122e-01    9.1508946803e+01    3.0502982268e+01    3.0502982268e+01
    4.0020471093e+03    5.0282064433e+03   -7.1294354324e+04    8.6085631590e+01    8.6025996769e+01    8.6046203510e+01    5.9439024175e-02   -5.1024309631e-03    1.8454290122e-01    9.1508946803e+01    3.0502982268e+01    3.0502982268e+01
    4.0020471093e+03    5.0282064433e+03   -7.1294354324e+04    8.6085631590e+01    8.6025996769e+01    8.6046203510e+01    5.9439024175e-02   -5.1024309631e-03    1.8454290122e-01    9.1508946803e+01    3.0502982268e+01    3.0502982268e+01
    4.0020471093e+03    5.0282064433e+03   -7.1294354324e+04    8.6085631590e+01    8.6025996769e+01    8.6046203510e+01    5.9439024175e-02   -5.1024309631e-03    1.8454290122e-01    9.1508946803e+01    3.0502982268e+01    3.0502982268e+01
    4.0020471093e+03    5.0282064433e+03   -7.1294354324e+04    8.6085631590e+01    8.6025996769e+01    8.6046203510e+01    5.9439024175e-02   -5.1024309631e-03    1.8454290122e-01    9.1508946803e+01    3.0502982268e+01    3.0502982268e+01
    4.0020471093e+03    5.0282064433e+03   -7.1294354324e+04    8.6085631590e+01    8.6025996769e+01    8.6046203510e+01    5.9439024175e-02   -5.1024309631e-03    1.8454290122e-01    9.1508946803e+01    3.0502982268e+01    3.0502982268e+01
    4.0020471093e+03    5.0282064433e+03   -7.1294354324e+04    8.6085631590e+01    8.6025996769e+01    8.6046203510e+01    5.9439024175e-02   -5.1024309631e-03    1.8454290122e-01    9.1508946803e+01    3.0502982268e+01    3.0502982268e+01
    4.0020471093e+03    5.0282064433e+03   -7.1294354324e+04    8.6085631590e+01    8.6025996769e+01    8.6046203510e+01    5.9439024175e-02   -5.1024309631e-03    1.8454290122e-01    9.1508946803e+01    3.0502982268e+01    3.0502982268e+01
    4.0020471093e+03    5.0282064433e+03   -7.1294354324e+04    8.6085631590e+01    8.6025996769e+01    8.6046203510e+01    5.9439024175e-02   -5.1024309631e-03    1.8454290122e-01    9.1508946803e+01    3.0502982268e+01    3.0502982268e+01
    4.0020471093e+03    5.0282064433e+03   -7.1294354324e+04    8.6085631590e+01    8.6025996769e+01    8.6046203510e+01    5.9439024175e-02   -5.1024309631e-03    1.8454290122e-01    9.1508946803e+01    3.0502982268e+01    3.0502982268e+01
    4.0020471093e+03    5.0282064433e+03   -7.1294354324e+04    8.6085631590e+01    8.6025996769e+01    8.6046203510e+01    5.9439024175e-02   -5.1024309631e-03    1.8454290122e-01    9.1508946803e+01    3.0502982268e+01    3.0502982268e+01
    4.0020471093e+03    5.0282064433e+03   -7.1294354324e+04    8.6085631590e+01    8.6025996769e+01    8.6046203510e+01    5.9439024175e-02   -5.1024309631e-03    1.8454290122e-01    9.1508946803e+01    3.0502982268e+01    3.0502982268e+01
    4.0020471093e+03    5.0282064433e+03   -7.1294354324e+04    8.6085631590e+01    8.6025996769e+01    8.6046203510e+01    5.9439024175e-02   -5.1024309631e-03    1.8454290122e-01    9.1508946803e+01    3.0502982268e+01    3.0502982268e+01
    4.0020471093e+03    5.0282064433e+03   -7.1294354324e+04    8.6085631590e+01    8.6025996769e+01    8.6046203510e+01    5.9439024175e-02   -5.1024309631e-03    1.8454290122e-01    9.1508946803e+01    3.0502982268e+01    3.0502982268e+01
    4.0020471093e+03    5.0282064433e+03   -7.1294354324e+04    8.6085631590e+01    8.6025996769e+01    8.6046203510e+01    5.9439024175e-02   -5.1024309631e-03    1.8454290122e-01    9.1508946803e+01    3.0502982268e+01    3.0502982268e+01
    4.0020471093e+03    5.0282064433e+03   -7.1294354324e+04    8.6085631590e+01    8.6025996769e+01    8.6046203510e+01    5.9439024175e-02   -5.1024309631e-03    1.8454290122e-01    9.1508946803e+01    3.0502982268e+01    3.0502982268e+01
    4.0020471093e+03    5.0282064433e+03   -7.1294354324e+04    8.6085631590e+01    8.6025996769e+01    8.6046203510e+01    5.9439024175e-02   -5.1024309631e-03    1.8454290122e-01    9.1508946803e+01    3.0502982268e+01    3.0502982268e+01
    4.0020471093e+03    5.0282064433e+03   -7.1294354324e+04    8.6085631590e+01    8.6025996769e+01    8.6046203510e+01    5.9439024175e-02   -5.1024309631e-03    1.8454290122e-01    9.1508946803e+01    3.0502982268e+01    3.0502982268e+01
    4.0020471093e+03    5.0282064433e+03   -7.1294354324e+04    8.6085631590e+01    8.6025996769e+01    8.6046203510e+01    5.9439024175e-02   -5.1024309631e-03    1.8454290122e-01    9.1508946803e+01    3.0502982268e+01    3.0502982268e+01
    4.0020471093e+03    5.0282064433e+03   -7.1294354324e+04    8.6085631590e+01    8.6025996769e+01    8.6046203510e+01    5.9439024175e-02   -5.1024309631e-03    1.8454290122e-01    9.1508946803e+01    3.0502982268e+01    3.0502982268e+01
    4.0020471093e+03    5.0282064433e+03   -7.1294354324e+04    8.6085631590e+01    8.6025996769e+01    8.6046203510e+01    5.9439024175e-02   -5.1024309631e-03    1.8454290122e-01    9.1508946803e+01    3.0502982268e+01    3.0502982268e+01
    4.0020471093e+03    5.0282064433e+03   -7.1294354324e+04    8.6085631590e+01    8.6025996769e+01    8.6046203510e+01    5.9439024175e-02   -5.1024309631e-03    1.8454290122e-01    9.1508946803e+01    3.0502982268e+01    3.0502982268e+01
    4.0020471093e+03    5.0282064433e+03   -7.1294354324e+04    8.6085631590e+01    8.6025996769e+01    8.6046203510e+01    5.9439024175e-02   -5.1024309631e-03    1.8454290122e-01    9.1508946803e+01    3.0502982268e+01    3.0502982268e+01
    4.0020471093e+03    5.0282064433e+03   -7.1294354324e+04    8.6085631590e+01    8.6025996769e+01    8.6046203510e+01    5.9439024175e-02   -5.1024309631e-03    1.8454290122e-01    9.1508946803e+01    3.0502982268e+01    3.0502982268e+01
