-7.46788 -7.46815
-7.46873 -7.46873
-7.47623 -7.47606
-7.4767 -7.4768
-7.46887 -7.469
-7.46416 -7.46394
-7.46579 -7.46588
-7.47639 -7.47636
-7.46803 -7.46839
-7.46459 -7.46465
-7.46746 -7.46747
-7.46941 -7.46966
-7.4722 -7.47212
-7.45963 -7.45945
-7.46729 -7.46716
-7.47094 -7.47111
-7.47381 -7.47388
-7.46543 -7.4657
-7.47011 -7.47023
-7.47111 -7.47127
-7.46927 -7.46959
-7.46927 -7.46934
-7.47118 -7.47122
-7.47185 -7.47198
-7.46929 -7.46915
-7.47416 -7.47423
-7.47073 -7.47092
-7.47369 -7.47387
-7.47198 -7.47218
-7.46699 -7.46719
-7.46243 -7.46267
-7.47007 -7.47016
-7.47449 -7.47459
-7.47222 -7.47241
-7.47432 -7.4746
-7.47372 -7.4738
-7.46776 -7.46775
-7.46636 -7.46645
-7.4702 -7.47032
-7.47052 -7.47052
-7.4709 -7.47097
-7.47441 -7.4745
-7.47193 -7.47208
-7.46725 -7.46746
-7.4714 -7.47155
-7.47152 -7.47176
-7.47095 -7.47115
-7.47149 -7.4717
-7.46825 -7.46838
-7.46211 -7.46237
-7.46456 -7.46472
-7.43872 -7.43931
-7.3859 -7.38517
-7.41507 -7.41383
-7.34138 -7.34045
-7.35386 -7.35598
-7.40752 -7.40764
-7.39757 -7.39868
-7.39048 -7.39021
-7.41653 -7.41748
-7.38323 -7.38205
-7.23161 -7.2297
-7.32536 -7.32362
-7.38479 -7.38506
-7.31075 -7.30878
-7.36782 -7.36751
-7.42296 -7.42368
-7.39329 -7.39296
-7.38112 -7.38202
-7.38736 -7.38615
-7.44351 -7.44379
-7.41221 -7.4137
-7.38001 -7.38028
-7.3598 -7.35911
-7.41545 -7.41512
-7.42896 -7.42839
-7.41408 -7.4134
-7.37913 -7.37815
-7.26507 -7.26423
-7.29297 -7.29164
-7.40375 -7.40361
-7.344 -7.3438
-7.43675 -7.43651
-7.40058 -7.40126
-7.41916 -7.41921
-7.44296 -7.4429
-7.3592 -7.35864
-7.42352 -7.42363
-7.44373 -7.44332
-7.38513 -7.38611
-7.38612 -7.38542
-7.4147 -7.41392
-7.41658 -7.41553
-7.43341 -7.4331
-7.22721 -7.22642
-7.20923 -7.20839
-7.36626 -7.36566
-7.4029 -7.40287
-7.40672 -7.4058
-7.31651 -7.31699
-7.37086 -7.37227
-7.21681 -7.2149
-7.45025 -7.45032
-7.45906 -7.45937
-7.4545 -7.45447
-7.45818 -7.45819
-7.46125 -7.4614
-7.4572 -7.45725
-7.44884 -7.44907
-7.45518 -7.45517
-7.45566 -7.45586
-7.46038 -7.46025
-7.4531 -7.45333
-7.46219 -7.46244
-7.4602 -7.46012
-7.45951 -7.45955
-7.45364 -7.45368
-7.46276 -7.46297
-7.45819 -7.4581
-7.44495 -7.445
-7.45192 -7.4519
-7.46113 -7.46134
-7.45565 -7.45552
-7.46101 -7.46114
-7.45703 -7.45736
-7.45784 -7.45803
-7.45976 -7.45992
-7.46051 -7.46071
-7.45121 -7.45131
-7.45764 -7.45761
-7.46001 -7.46046
-7.46327 -7.46367
-7.46456 -7.46479
-7.46304 -7.46291
-7.46677 -7.46707
-7.45381 -7.45384
-7.45435 -7.45455
-7.46443 -7.46452
-7.45873 -7.45889
-7.46295 -7.46313
-7.46304 -7.46308
-7.46239 -7.46238
-7.46808 -7.46821
-7.45416 -7.45438
-7.4559 -7.45602
-7.45515 -7.45532
-7.45731 -7.45711
-7.45998 -7.45986
-7.45036 -7.45046
-7.457 -7.45719
-7.46211 -7.46232
-7.46243 -7.46264
-7.45697 -7.45718
-7.39798 -7.39746
-7.35748 -7.35863
-7.32507 -7.32703
-7.41732 -7.41646
-7.41067 -7.4102
-7.37889 -7.37806
-7.41611 -7.41721
-7.40554 -7.40536
-7.38174 -7.38098
-7.29092 -7.28935
-7.38348 -7.38336
-7.35648 -7.35534
-7.39768 -7.39909
-7.38399 -7.38373
-7.38438 -7.38278
-7.38269 -7.38113
-7.39638 -7.39652
-7.38608 -7.38629
-7.42444 -7.42412
-7.35727 -7.35777
-7.35541 -7.35593
-7.3928 -7.39159
-7.40027 -7.40109
-7.35903 -7.35994
-7.33451 -7.33364
-7.38036 -7.37955
-7.41179 -7.41208
-7.35534 -7.3552
-7.33235 -7.33199
-7.36305 -7.36194
-7.01443 -7.01405
-7.38957 -7.38955
-7.39893 -7.39842
-7.2722 -7.27135
-7.32839 -7.32773
-7.44019 -7.44032
-7.43767 -7.43789
-7.43832 -7.43848
-7.45134 -7.45164
-7.44681 -7.44696
-7.44951 -7.44968
-7.44617 -7.44592
-7.45501 -7.45513
-7.44587 -7.44613
-7.45104 -7.45111
-7.4441 -7.44458
-7.44424 -7.44451
-7.44598 -7.44579
-7.45705 -7.45717
-7.45327 -7.45322
-7.4518 -7.45198
-7.45393 -7.45409
-7.44057 -7.44032
-7.43777 -7.43814
-7.44019 -7.4402
-7.43946 -7.43951
-7.44817 -7.44822
-7.44165 -7.44191
-7.44608 -7.4464
-7.44433 -7.44449
-7.44401 -7.44391
-7.44031 -7.44053
-7.4442 -7.44468
-7.44561 -7.44598
-7.45002 -7.45019
-7.44401 -7.44424
-7.44314 -7.44341
-7.43815 -7.43822
-7.44395 -7.44441
-7.4377 -7.43775
-7.45373 -7.45384
-7.44847 -7.44872
-7.44982 -7.45022
-7.44392 -7.44411
-7.45283 -7.45286
-7.44348 -7.44375
-7.44191 -7.44188
-7.43757 -7.43712
-7.45392 -7.45405
-7.44998 -7.45021
-7.4451 -7.44504
-7.44285 -7.44289
-7.45193 -7.45191
-7.44382 -7.44378
-7.44548 -7.44581
-7.43721 -7.43759
-7.39606 -7.39553
-7.35256 -7.35194
-7.41344 -7.41378
-7.37258 -7.3739
-7.34271 -7.3426
-7.34348 -7.34244
-7.30907 -7.30797
-7.35375 -7.3549
-7.4109 -7.41164
-7.36965 -7.36981
-7.37206 -7.37259
-7.34527 -7.34557
-7.33441 -7.333
-7.36616 -7.36603
-7.43059 -7.4301
-7.42308 -7.42298
-7.41032 -7.41024
-7.35177 -7.35328
-7.35442 -7.35609
-7.32507 -7.32353
-7.13486 -7.13462
-7.37625 -7.37674
-7.4026 -7.40321
-7.36077 -7.35942
-7.33696 -7.33684
-7.32771 -7.32542
-7.33579 -7.3355
-7.37968 -7.37912
-7.37203 -7.37147
-7.37105 -7.3717
-7.35245 -7.35077
-7.34603 -7.34462
-7.35225 -7.35293
-7.39866 -7.39827
-7.32171 -7.32225
-7.4164 -7.41681
-7.42609 -7.42663
-7.42589 -7.4259
-7.41627 -7.41636
-7.42745 -7.42745
-7.42537 -7.42572
-7.42496 -7.42508
-7.432 -7.43218
-7.43227 -7.4325
-7.43193 -7.43129
-7.43487 -7.43533
-7.42289 -7.42306
-7.4223 -7.42271
-7.42143 -7.42162
-7.4354 -7.43582
-7.44091 -7.44085
-7.42084 -7.42098
-7.43869 -7.4391
-7.42456 -7.42507
-7.41863 -7.41912
-7.41908 -7.41902
-7.43563 -7.43552
-7.4313 -7.43101
-7.40871 -7.40881
-7.4269 -7.42695
-7.43156 -7.43101
-7.42839 -7.42835
-7.4304 -7.43079
-7.41941 -7.41974
-7.42581 -7.42599
-7.43399 -7.43384
-7.42069 -7.42062
-7.42324 -7.42342
-7.43758 -7.4381
-7.43038 -7.43095
-7.43122 -7.43121
-7.44434 -7.4444
-7.4342 -7.43459
-7.42327 -7.42308
-7.42445 -7.42476
-7.43026 -7.4303
-7.44334 -7.44336
-7.43227 -7.43262
-7.42849 -7.42837
-7.41887 -7.41894
-7.43483 -7.43509
-7.43029 -7.43056
-7.4303 -7.43068
-7.42502 -7.42513
-7.43331 -7.43348
-7.42866 -7.42891
-7.31467 -7.31486
-7.37443 -7.37457
-7.35819 -7.35717
-7.36774 -7.36792
-7.3918 -7.39292
-7.40707 -7.40672
-7.35007 -7.34962
-7.16504 -7.16448
-7.36439 -7.36403
-7.30354 -7.30373
-7.34497 -7.34616
-7.31314 -7.31123
-7.3391 -7.33825
-7.34044 -7.34134
-7.38137 -7.38078
-7.25506 -7.25348
-7.29781 -7.29682
-7.33391 -7.33376
-7.38371 -7.38372
-7.26904 -7.26666
-7.37265 -7.37222
-7.30506 -7.30528
-7.28014 -7.28148
-7.3432 -7.34299
-7.40508 -7.40557
-7.3343 -7.33475
-7.32935 -7.32826
-7.31771 -7.3176
-7.38261 -7.38165
-7.30889 -7.30793
-7.36688 -7.365
-7.29805 -7.29844
-7.21162 -7.21036
-7.35128 -7.35123
-7.3493 -7.34913
-7.41704 -7.41747
-7.42013 -7.42048
-7.41308 -7.41327
-7.41186 -7.41239
-7.40653 -7.40681
-7.4308 -7.43103
-7.41803 -7.41767
-7.41033 -7.40986
-7.42003 -7.41975
-7.42074 -7.42074
-7.40847 -7.40929
-7.42587 -7.42614
-7.42076 -7.42038
-7.41658 -7.4169
-7.39345 -7.39254
-7.40695 -7.40739
-7.42132 -7.42137
-7.42216 -7.42176
-7.41982 -7.42037
-7.41514 -7.41542
-7.41625 -7.41639
-7.42079 -7.42088
-7.40214 -7.40196
-7.40995 -7.40985
-7.43378 -7.4341
-7.42739 -7.42739
-7.41506 -7.4151
-7.42316 -7.42354
-7.41917 -7.41971
-7.3984 -7.39966
-7.41478 -7.4143
-7.42978 -7.4299
-7.41915 -7.41964
-7.4091 -7.40964
-7.42034 -7.42061
-7.41392 -7.41374
-7.40853 -7.40871
-7.40725 -7.40784
-7.42061 -7.42101
-7.41526 -7.41615
-7.41069 -7.41089
-7.41394 -7.41428
-7.41503 -7.4151
-7.4207 -7.42071
-7.41687 -7.41725
-7.40656 -7.40656
-7.41342 -7.41415
-7.40955 -7.41012
-7.43146 -7.43215
-7.42481 -7.42497
-7.41712 -7.41743
-7.35914 -7.35951
-7.27428 -7.27449
-7.33614 -7.3363
-7.32485 -7.3239
-7.366 -7.36669
-7.3056 -7.30743
-7.25745 -7.25551
-7.33282 -7.33256
-7.34591 -7.34631
-7.33464 -7.33405
-7.32166 -7.32109
-7.37201 -7.37343
-7.3614 -7.36132
-7.25843 -7.25684
-7.32841 -7.32835
-7.35132 -7.35084
-7.32129 -7.32067
-7.3343 -7.33622
-7.33841 -7.34062
