0.23328 0.194831 -0.275317 -0.0237731 -0.35633 0.124875 0.213861 0.167788 -0.332948 -0.0266128 -0.36248 0.123889
0.346068 0.265799 0.0537105 -0.0194795 0.381118 -0.226002 0.313729 0.240402 -0.00747856 -0.0218899 0.384984 -0.229219
0.259749 0.356314 0.258988 0.0667424 -0.37881 0.167776 0.234733 0.320125 0.18897 0.0662291 -0.387942 0.17164
0.253753 0.283767 0.186568 0.0370722 0.215175 0.0346937 0.221318 0.251038 0.126645 0.0332864 0.214264 0.0387095
0.141399 0.163503 -0.132526 0.0236424 -0.194814 -0.0307915 0.119633 0.135394 -0.180853 0.0233343 -0.196631 -0.029403
0.385973 0.171066 -0.112832 -0.0500879 0.333281 0.0627735 0.350721 0.132171 -0.173477 -0.0500585 0.340985 0.0673251
0.426276 0.403645 0.167368 -0.0181697 -0.0490507 -0.0759811 0.395678 0.379078 0.100392 -0.0193438 -0.0460182 -0.0808372
0.23298 0.213979 0.030284 -0.00709602 0.0677582 -0.0245015 0.204874 0.185972 -0.0305959 -0.00199379 0.0671784 -0.0256913
0.309437 0.23878 -0.124718 -0.0300267 -0.0497484 -0.0807979 0.284337 0.21248 -0.18516 -0.0277695 -0.0480984 -0.0814304
0.315301 0.262398 -0.120919 0.00489478 0.167032 0.0800696 0.284856 0.228803 -0.187787 0.00521409 0.168362 0.0822871
0.459528 0.397548 0.270652 -0.0169575 -0.0901455 -0.174816 0.435068 0.361816 0.206803 -0.0169555 -0.0896408 -0.180457
0.369721 0.381968 0.409682 0.0178786 0.137052 0.102662 0.336573 0.335341 0.340917 0.0201056 0.140264 0.105114
0.17024 0.298799 -0.170619 0.0581061 -0.267327 -0.0338387 0.139183 0.271137 -0.244012 0.0579128 -0.275094 -0.0318007
0.357885 0.30184 -0.195459 0.00364081 0.147953 0.0602929 0.340218 0.272437 -0.24919 0.00181018 0.152837 0.0659536
0.356518 0.304415 0.175407 -0.0401831 0.0683212 -0.141184 0.338996 0.292606 0.120146 -0.0444622 0.0711662 -0.142465
0.268919 0.296188 0.155957 0.00459441 0.0562897 0.0754477 0.242777 0.268488 0.0955024 0.0064982 0.0551712 0.0703832
0.246951 0.266862 0.101727 0.019466 -0.0482376 -0.0437169 0.222462 0.237683 0.0319826 0.0189365 -0.0492535 -0.0442818
0.196475 0.181939 -0.188448 0.000831755 0.0850542 0.140153 0.174762 0.149919 -0.248288 0.000138007 0.086215 0.143824
0.349356 0.287585 0.035613 -0.022796 0.00938095 -0.0986034 0.319941 0.260622 -0.0277363 -0.0203158 0.00754208 -0.0984645
0.367071 0.468245 0.439479 -0.0464746 -0.161508 -0.0267766 0.333626 0.438251 0.381259 -0.0505346 -0.163006 -0.0279669
0.246726 0.195615 -0.227678 0.0265834 0.197485 0.0543795 0.219898 0.168366 -0.293039 0.0279231 0.19879 0.0559416
0.122895 0.166748 -0.136857 0.0133164 -0.342174 -0.00212705 0.0978363 0.138434 -0.196911 0.00587103 -0.341485 -0.00156857
0.269203 0.252623 0.224145 0.0434508 0.21663 0.100461 0.242164 0.225887 0.162276 0.0428943 0.222593 0.105261
0.38139 0.364183 0.232115 -0.0259632 -0.182567 -0.0234941 0.350668 0.33062 0.160572 -0.0284052 -0.183795 -0.0217234
0.227038 0.261983 2.01649e-05 0.0221453 0.108326 0.0533948 0.197853 0.237089 -0.0806773 0.0252083 0.110858 0.053207
0.241466 0.179881 -0.127919 0.0112774 -0.0914105 -0.0473272 0.215331 0.147535 -0.197208 0.0146982 -0.0913696 -0.0491643
0.210941 0.268941 -0.0162564 0.0193975 -0.0347792 0.0650777 0.174711 0.234079 -0.0819428 0.0191759 -0.0315011 0.0671102
0.365945 0.344418 0.292424 0.0131757 0.117418 0.00933764 0.334014 0.316339 0.22382 0.0137116 0.113545 0.010807
0.301565 0.205632 0.134531 0.0110769 -0.17071 -0.141502 0.274538 0.171332 0.0720155 0.0120167 -0.177033 -0.14205
0.315179 0.27834 -0.0821595 -0.0263528 0.39745 -0.00388971 0.287589 0.25142 -0.149724 -0.0272083 0.403675 -0.00412159
0.320313 0.291793 0.0941505 -0.076611 -0.268453 -0.0413349 0.292338 0.276398 0.0256919 -0.0811387 -0.270238 -0.0465
0.297678 0.289818 -0.0461713 0.0197224 0.197233 -0.0164323 0.268837 0.251223 -0.110034 0.015054 0.202491 -0.0136675
0.209024 0.179039 0.0661431 0.053096 -0.127483 0.091943 0.178551 0.15217 -0.00140683 0.0519294 -0.128999 0.0942262
0.259828 0.20658 0.0449969 0.0163892 0.199806 -0.0303405 0.229144 0.168902 -0.0248853 0.020374 0.203431 -0.0333188
0.275738 0.127526 -0.255813 -0.066599 0.181632 -0.22926 0.242539 0.0868715 -0.325569 -0.0615442 0.181921 -0.232847
0.29334 0.276722 0.128741 0.0400802 -0.052708 0.22459 0.264339 0.238561 0.0620639 0.0443689 -0.0565654 0.228033
0.466519 0.55457 0.440036 0.0352665 0.101575 -0.160265 0.431228 0.519368 0.378324 0.0318333 0.102305 -0.158615
0.392202 0.340131 0.20118 -0.0175337 -0.144552 0.202108 0.356289 0.309088 0.136868 -0.0162141 -0.145992 0.202223
0.226558 0.200843 -0.0894226 -0.0383938 0.202601 -0.335892 0.195674 0.172877 -0.15441 -0.0399615 0.202402 -0.339952
0.226277 0.277581 0.0669904 0.0319793 -0.323589 0.215303 0.189826 0.242564 0.00764521 0.0333422 -0.323744 0.217041
0.189796 0.189286 -0.123775 0.0204059 0.289742 -0.015475 0.15384 0.163742 -0.18723 0.0227363 0.288493 -0.0126707
0.257177 0.335644 0.270912 -0.0163678 -0.326364 -0.110146 0.224198 0.297478 0.202848 -0.0146774 -0.329102 -0.113476
0.250673 0.368951 0.245451 0.0313817 0.163174 0.153812 0.217194 0.340753 0.180239 0.0353632 0.163196 0.148516
0.164498 0.225123 -0.276551 0.0448149 -0.177387 -0.116749 0.147183 0.2025 -0.350046 0.048493 -0.177573 -0.112441
0.309578 0.173888 0.0307136 0.0626247 0.265 0.305492 0.275169 0.141644 -0.0367336 0.0614766 0.268333 0.309733
0.364029 0.288681 0.0658289 -0.00323883 -0.104627 -0.174337 0.322295 0.249392 -0.011719 -0.000785224 -0.106377 -0.17414
0.284713 0.390026 0.142118 0.00985557 0.0672819 0.166302 0.260039 0.368473 0.075314 0.00830625 0.0642954 0.166425
0.237691 0.230295 0.0209829 -0.0508933 -0.108052 -0.269141 0.20993 0.195862 -0.039257 -0.0459912 -0.11443 -0.274782
0.322286 0.252742 0.0344473 -0.0170517 0.0104916 0.181118 0.300956 0.233697 -0.0358185 -0.014405 0.00775612 0.182468
0.425117 0.389399 0.227505 -0.0248756 0.0325581 -0.200272 0.403512 0.372169 0.167716 -0.0265647 0.0324083 -0.202199
0.23326 0.243429 0.136061 0.0355896 0.0414282 0.269435 0.212244 0.22409 0.078031 0.0376739 0.0430892 0.266588
-1.45969 0.175775 -0.387933 0.577086 -1.37992 0.110807 -1.48187 0.174378 -0.431977 0.589626 -1.39314 0.0975558
0.791178 1.91798 0.813936 2.21366 -2.09676 -0.948999 0.730552 1.89401 0.746027 2.17148 -2.08454 -0.958556
2.67945 3.47035 0.887432 0.500439 1.53127 1.08046 2.6341 3.43852 0.809309 0.504998 1.53409 1.09101
1.29491 4.54305 1.7061 0.889163 -3.56727 -2.19372 1.21719 4.48186 1.63556 0.887043 -3.56058 -2.18723
-2.69163 -3.61464 -1.20403 -0.975096 0.616342 -1.45685 -2.69631 -3.63929 -1.25009 -0.983407 0.624772 -1.45801
-0.109407 -1.99385 -0.323946 0.951592 -0.661327 -2.09906 -0.143005 -2.00687 -0.376994 0.946308 -0.661291 -2.11546
-0.228086 -3.25949 -0.764739 -1.42607 0.744427 -0.078605 -0.248129 -3.28717 -0.835873 -1.44423 0.728435 -0.0934992
1.57148 2.86154 1.20385 2.8745 -0.844475 1.04461 1.51456 2.82824 1.14733 2.84504 -0.81356 1.0588
-1.26529 -2.88167 -0.802795 -0.768467 0.714025 1.14887 -1.30467 -2.90265 -0.864378 -0.782657 0.706531 1.15855
1.76926 5.31883 1.49121 0.311083 0.920981 -0.98061 1.7127 5.24055 1.40044 0.313758 0.92532 -0.979952
1.83835 11.8863 3.02439 1.16086 -5.71069 -0.379744 1.64675 11.7991 2.91755 1.09534 -5.71746 -0.366885
1.09088 8.4477 1.92998 -0.425015 -4.10853 -0.799357 0.964846 8.42029 1.85848 -0.413117 -4.13864 -0.784416
-0.17148 -1.68894 -0.222848 -2.00391 1.60938 -1.79693 -0.166783 -1.69886 -0.256205 -2.04588 1.61897 -1.82966
7.33981 4.77427 2.76113 3.18791 1.759 3.75001 7.26434 4.67914 2.6837 3.21458 1.76447 3.75758
2.87745 2.70977 1.23757 3.45408 -0.568203 1.43328 2.82654 2.66714 1.16595 3.39366 -0.522567 1.441
-1.91586 0.26679 -0.208261 0.883608 -1.12981 0.472184 -1.94066 0.273259 -0.25649 0.893266 -1.13884 0.452291
4.00714 -0.70043 0.623403 -0.387546 1.10458 1.87054 3.9439 -0.741002 0.585848 -0.339272 1.09854 1.87357
-2.19855 -2.34731 -0.823111 0.304226 1.55618 1.95582 -2.21567 -2.35627 -0.875132 0.301403 1.56009 1.97413
2.01673 4.08969 1.3943 -1.05523 -2.6552 -1.85884 1.96198 4.07084 1.34303 -1.04432 -2.67117 -1.85501
-1.49476 0.326027 0.0446833 -0.416414 -1.2322 0.45101 -1.52135 0.327099 -0.0135043 -0.427049 -1.24946 0.460315
-3.17439 -3.2133 -1.06048 -0.54477 -0.148202 0.49523 -3.22249 -3.25237 -1.11697 -0.5534 -0.153634 0.499895
-2.28942 0.106429 -0.13748 1.41765 -2.08352 -1.76908 -2.31959 0.132914 -0.168747 1.43291 -2.08549 -1.77499
2.61391 5.20306 1.96735 2.29635 1.58636 2.4976 2.585 5.07824 1.88279 2.28964 1.57492 2.47672
-2.4546 0.397819 -0.144804 1.31932 0.896045 -1.39676 -2.49044 0.386112 -0.196614 1.35952 0.903942 -1.42588
2.57572 0.513034 0.831127 0.984524 0.984014 1.94536 2.57163 0.472011 0.775071 1.00008 0.995855 1.97129
1.49135 3.36718 1.09317 -1.1841 0.411014 -2.11691 1.45662 3.3151 1.02392 -1.19931 0.417577 -2.12323
-1.59896 0.821042 0.183146 -0.995502 2.48773 1.84542 -1.62451 0.791821 0.111359 -1.03081 2.49334 1.88808
1.70707 11.2207 2.83632 1.33998 -3.82376 -1.08824 1.58624 11.0171 2.8038 1.26214 -3.84838 -1.03987
3.95879 8.16224 2.93659 0.958112 -4.42497 -1.40111 3.83194 8.04196 2.78304 0.930969 -4.40971 -1.38836
1.11144 0.62966 0.491824 0.844262 2.50981 1.82566 1.08832 0.620596 0.437364 0.856325 2.51895 1.86151
2.54848 -4.43577 -0.0536449 -0.320639 -1.81166 1.59522 2.46058 -4.42361 -0.0813273 -0.246592 -1.81863 1.56632
2.64951 1.10237 0.330981 0.522423 -0.350138 0.433193 2.631 1.05475 0.279548 0.531474 -0.353951 0.433583
-0.574001 0.969736 -0.0250724 -1.66741 -0.0848614 -2.1354 -0.580503 0.952393 -0.0915799 -1.68068 -0.0631547 -2.13336
-0.497207 1.61549 0.262058 -1.91314 0.223754 -1.49093 -0.516052 1.5853 0.22272 -1.92637 0.23216 -1.48498
0.923555 0.17938 0.206791 -1.38885 0.312544 -0.0481548 0.891364 0.151611 0.142494 -1.40446 0.313113 -0.0499591
-0.764487 2.55461 0.65773 -0.420779 2.60004 1.10761 -0.769757 2.4795 0.575599 -0.45366 2.59653 1.11152
-0.583878 -0.640902 -0.392128 -0.0428044 -1.86994 0.720078 -0.590931 -0.678423 -0.442802 -0.047695 -1.90248 0.722433
1.24148 2.6109 0.939646 -0.414217 0.24357 0.223466 1.19212 2.59353 0.885715 -0.42744 0.246217 0.230978
-2.76165 -0.689181 -0.989924 -0.447544 2.08742 0.64689 -2.77396 -0.698558 -1.0599 -0.466389 2.08117 0.658781
-1.12068 3.71899 0.740778 0.522971 0.428682 -1.66363 -1.12685 3.64018 0.689011 0.575089 0.422978 -1.67263
3.54432 -0.551425 0.531925 -0.520027 -0.543169 0.122185 3.52968 -0.619447 0.47437 -0.52577 -0.554958 0.118157
2.59815 1.79601 1.04723 -0.126833 1.03164 1.29839 2.58211 1.77679 0.986158 -0.132406 1.04092 1.31442
0.779243 1.64765 0.534101 -0.151777 -1.40914 1.17351 0.752245 1.63464 0.480019 -0.168234 -1.42139 1.17678
1.30928 10.0901 2.35073 1.97964 -5.02406 -0.892017 1.15396 9.97965 2.26424 1.85502 -4.98229 -0.868779
7.83934 9.52086 4.25893 4.44821 1.46109 4.12201 7.79094 9.32861 4.14367 4.39969 1.41829 4.06794
2.1541 0.123671 0.449431 0.786926 -3.00894 -1.03934 2.14335 0.0432819 0.363948 0.761384 -3.03105 -1.02672
0.604475 0.00662349 -0.0495689 0.932487 -2.31381 -1.01502 0.586637 -0.0296409 -0.115447 0.913931 -2.32518 -1.00792
3.72611 -0.379287 0.888598 -0.68806 -1.29177 -0.932317 3.70622 -0.460219 0.829563 -0.681514 -1.30938 -0.939123
-1.9396 -2.62365 -0.67413 0.0689 -2.6287 -1.19951 -1.95948 -2.67749 -0.766811 0.068965 -2.69325 -1.18631
-2.08569 -4.21926 -1.18039 -0.575886 -1.289 0.820538 -2.08959 -4.25188 -1.25137 -0.575689 -1.29509 0.818769
8.44701 8.93693 3.66232 3.99515 1.98552 3.57135 8.43001 8.83018 3.56277 3.97149 1.951 3.53784
0.389806 0.460876 0.130017 -0.038644 -0.0862974 0.164754 0.367559 0.442504 0.0706196 -0.033715 -0.0874465 0.162974
0.138359 0.130965 -0.474486 -0.011883 -0.0162802 -0.0966552 0.115758 0.112552 -0.531714 -0.0126694 -0.0148235 -0.0992413
0.280763 0.317386 -0.162298 0.00389445 0.00205883 0.0247843 0.257852 0.289587 -0.230562 0.00622085 0.00198599 0.0229242
0.256365 0.375095 0.0509449 0.0255361 -0.119058 0.0154116 0.233845 0.353487 -0.00101012 0.0262303 -0.121655 0.0113375
0.325357 0.351062 0.23399 -0.00024943 -0.0179208 -0.0160743 0.300405 0.321433 0.172876 -0.00203705 -0.0179778 -0.0133268
0.445498 0.451888 0.17277 -0.0540896 -0.0296697 0.0170966 0.427014 0.425459 0.115318 -0.0563172 -0.0276891 0.0179245
0.425503 0.338058 -0.274825 -0.0614519 0.287855 -0.206005 0.402724 0.318148 -0.327993 -0.065506 0.291297 -0.212093
0.253887 0.391916 -0.113754 -0.0191394 -0.288961 0.116355 0.230175 0.370104 -0.164462 -0.0221473 -0.296081 0.117361
0.487187 0.630455 0.5936 -0.0318667 -0.0620679 -0.208838 0.456368 0.599436 0.526902 -0.0352046 -0.0601668 -0.20839
0.400716 0.495879 0.112151 -0.0514654 -0.140505 0.0790608 0.36786 0.465333 0.0279327 -0.0533892 -0.140885 0.0769212
0.29568 0.204979 -0.566477 -0.0326606 0.0874317 -0.157967 0.282455 0.177861 -0.640381 -0.0289847 0.097963 -0.159856
0.420988 0.191141 -0.031916 -0.0516198 0.344423 -0.0807557 0.394476 0.166817 -0.096361 -0.0514242 0.358273 -0.0756923
0.317492 0.527287 0.247843 -0.0277552 -0.432333 -0.0677228 0.289812 0.492807 0.18544 -0.0275763 -0.441099 -0.0632702
0.322705 0.221014 -0.0956554 -0.00624363 0.518722 -0.0964642 0.288376 0.194183 -0.156701 -0.0016433 0.523279 -0.0953143
0.358214 0.375737 -0.121172 0.0208445 -0.405477 0.217176 0.343765 0.348333 -0.180337 0.0177184 -0.40446 0.219272
0.372551 0.248089 -0.199734 -0.0442191 0.50441 -0.165827 0.342511 0.218331 -0.279878 -0.0457502 0.513677 -0.17267
0.425096 0.417315 0.201287 -0.049857 -0.290239 0.129711 0.40143 0.385425 0.140945 -0.0559131 -0.294744 0.131464
0.488399 0.419127 -0.0814954 0.00792897 0.248589 -0.182422 0.470289 0.381884 -0.136444 0.00762939 0.253537 -0.193724
0.266416 0.355535 -0.200035 -0.00851704 -0.278332 0.0567186 0.24661 0.338169 -0.269427 -0.00368657 -0.279574 0.0528494
0.380297 0.296117 0.233989 -3.69865e-05 0.205027 -0.0734573 0.355444 0.276004 0.177867 -0.000304974 0.205719 -0.0737915
0.407048 0.4768 0.256519 0.040178 -0.0771144 0.258738 0.394496 0.456309 0.197185 0.0392023 -0.0742618 0.262967
0.348379 0.287264 -0.0392452 -0.0155552 0.165523 -0.23232 0.322033 0.265341 -0.113548 -0.0188346 0.168063 -0.230128
0.34742 0.359488 -0.0381405 0.00776843 -0.052233 0.278544 0.336721 0.336551 -0.109047 0.0014821 -0.0566946 0.276137
0.288675 0.464441 -0.144506 -0.0241167 -0.251828 -0.259294 0.280373 0.450161 -0.21045 -0.0262956 -0.258538 -0.263439
0.1673 0.235965 -0.459521 0.00531618 -0.0647083 0.153638 0.138426 0.213295 -0.522468 0.00869946 -0.0644328 0.150296
0.229948 0.193827 -0.306889 -0.0306371 -0.2515 -0.149012 0.210686 0.176765 -0.36767 -0.033267 -0.253407 -0.152304
0.45176 0.361696 0.231646 0.013034 0.38292 0.0761927 0.415382 0.333538 0.176433 0.00678335 0.383316 0.0707088
0.460642 0.364367 0.204818 0.00355383 -0.389865 -0.0550096 0.442728 0.338993 0.147749 0.00869662 -0.392739 -0.0547764
0.158687 0.19201 -0.369875 0.0641985 0.375679 0.152579 0.130475 0.176503 -0.421881 0.0636215 0.374978 0.163248
0.346784 0.357534 0.00188381 0.151308 -0.324866 0.140055 0.329044 0.325273 -0.0739536 0.151434 -0.333761 0.15066
0.353068 0.420045 0.21766 -0.0616979 0.16415 -0.164496 0.328372 0.396346 0.159808 -0.062004 0.168051 -0.167351
0.284193 0.262477 -0.088076 -0.0489481 -0.145876 -0.0138388 0.25304 0.240329 -0.138811 -0.0458407 -0.149552 -0.0233399
0.249723 0.179839 -0.478909 0.0109883 0.0989885 -0.0525687 0.222156 0.135475 -0.543648 0.0126746 0.101903 -0.0527655
0.279647 0.179788 -0.192759 0.0289709 0.1567 0.0346542 0.264181 0.159084 -0.243285 0.027795 0.153565 0.0336455
0.3033 0.507234 -0.0554844 0.00337058 -0.209458 0.0687878 0.29616 0.481075 -0.118413 -0.00265421 -0.219067 0.0613274
0.344722 0.436759 0.182393 -0.0432568 -0.0297449 -0.128982 0.319837 0.402156 0.123295 -0.0331457 -0.0299629 -0.134474
0.527936 0.314746 0.0481812 -0.00235229 0.0543576 0.0613019 0.502818 0.296045 -0.0119583 0.00101771 0.0640111 0.0608238
0.231055 0.209337 -0.479369 0.0506146 0.0640097 0.0409143 0.203607 0.177561 -0.552046 0.0557791 0.0622365 0.0438607
0.317169 0.274515 0.0664399 0.058578 0.0434576 0.145761 0.286672 0.248201 -0.000585123 0.0639164 0.0485508 0.152336
0.26177 0.250201 -0.0221267 0.0200922 -0.0375329 -0.0523217 0.2372 0.234168 -0.0853092 0.0206793 -0.0338686 -0.055494
0.357646 0.237189 -0.0114496 -0.0642496 0.359364 0.0117667 0.325162 0.211596 -0.0701153 -0.0625416 0.369022 0.0110974
0.384757 0.399393 0.187339 -0.154313 -0.355112 -0.502596 0.34819 0.379689 0.132864 -0.155321 -0.355006 -0.506751
0.296852 0.356509 -0.16405 -0.0180122 0.298681 0.239408 0.278693 0.333396 -0.20968 -0.0262037 0.302781 0.236228
0.362897 0.311503 0.0599286 0.0487345 -0.288794 -0.168462 0.33875 0.283344 0.0104647 0.0482876 -0.292541 -0.169247
0.398941 0.330024 0.368524 0.0351028 0.17432 0.17223 0.387114 0.317706 0.318268 0.0331732 0.175115 0.175526
0.441993 0.50528 0.0899741 -0.00111966 -0.166202 -0.0556516 0.412375 0.480229 0.0149012 -0.000184216 -0.166051 -0.0540255
0.39402 0.351218 -0.00215108 0.0380005 -0.00355128 0.0207761 0.370659 0.324765 -0.0662178 0.0480999 -0.00396461 0.0193698
0.363281 0.289106 -0.0929061 -0.0201767 0.102382 -0.0420585 0.342592 0.271304 -0.148968 -0.0191148 0.102982 -0.0402622
0.451151 0.376023 0.187279 -0.0742107 -0.0634555 -0.227362 0.427524 0.346855 0.126547 -0.069609 -0.0593377 -0.228891
0.466837 0.319603 0.0549565 -0.0277502 0.246781 0.098464 0.440025 0.298291 -0.0137368 -0.0297894 0.244311 0.101047
0.238016 0.255953 -0.284557 0.0148037 -0.185902 -0.0469723 0.219089 0.237545 -0.355289 0.0254403 -0.187644 -0.0449818
-2.89896 -0.74981 -0.46687 -2.02825 0.382597 1.01897 -2.94619 -0.737798 -0.535947 -2.05099 0.40013 1.03999
-1.51219 -4.64206 -1.00966 -1.0404 -1.27662 1.19547 -1.52446 -4.6535 -1.06384 -1.01894 -1.27909 1.17708
-2.76065 -4.60301 -1.35317 -1.63342 -0.542046 1.53273 -2.79565 -4.59001 -1.40329 -1.61498 -0.534478 1.5064
1.44303 2.61049 0.598697 0.403516 1.10917 -1.36309 1.39025 2.57903 0.531837 0.41428 1.11489 -1.37427
1.81502 2.05329 0.624112 1.77602 -0.541181 -0.619393 1.76677 2.02832 0.570531 1.76784 -0.53679 -0.621563
-0.0728485 5.66769 0.952008 1.51048 -0.459088 -0.435157 -0.102705 5.58538 0.904049 1.52145 -0.473245 -0.445567
-1.88165 -1.03929 -0.367235 -0.43535 -1.2252 -1.02428 -1.89066 -1.0638 -0.420461 -0.425899 -1.23257 -1.00815
-0.386606 3.62126 0.531063 -0.0748922 -0.129067 -0.683598 -0.418101 3.60205 0.462381 -0.0665909 -0.132461 -0.688432
-2.03144 2.97017 0.152265 -1.5702 -1.96035 0.597303 -2.08933 2.99893 0.0987932 -1.58731 -1.97754 0.608037
3.27687 7.74958 2.54834 0.828999 -4.44251 -1.15643 3.16827 7.64988 2.43472 0.805049 -4.43439 -1.14863
1.16867 0.529204 0.468738 -0.407707 -2.78007 -1.26645 1.17135 0.467819 0.406942 -0.388995 -2.81706 -1.25067
2.80595 4.55557 1.62219 -1.04834 -2.95094 -1.99064 2.73897 4.50002 1.57198 -1.02438 -2.94851 -1.9773
-2.27257 -1.88425 -0.60115 0.18351 -0.93393 -1.61331 -2.29373 -1.91928 -0.653067 0.205301 -0.928066 -1.60866
1.0738 -1.40416 0.24361 -1.50531 -2.24743 -0.460973 1.06895 -1.45945 0.189287 -1.45933 -2.25839 -0.468986
0.612944 5.88336 1.34926 0.2598 -2.9192 0.031125 0.529067 5.89791 1.29554 0.266159 -2.95178 0.0236294
3.83657 5.50002 1.44853 0.523167 -0.985695 0.433627 3.7952 5.47944 1.40836 0.525689 -0.99957 0.440199
-1.28616 1.30199 -0.168014 -2.06477 1.36623 -0.524953 -1.30503 1.25742 -0.219242 -2.08572 1.36237 -0.505508
0.471242 -1.60294 -0.176454 -0.240819 -1.74499 -1.85101 0.48836 -1.67021 -0.229612 -0.238623 -1.76623 -1.84839
1.49844 1.99259 0.574656 -0.643817 0.104 -1.80949 1.46613 1.96482 0.524418 -0.636858 0.110267 -1.81949
-0.119154 4.56894 1.12335 0.838061 1.20091 0.18862 -0.0970582 4.42217 1.0336 0.826486 1.18733 0.167613
0.813677 -0.823426 0.187298 -1.2521 2.16748 1.93658 0.733758 -0.79595 0.119936 -1.24114 2.17422 1.96003
1.37127 5.09924 0.619646 0.556242 -1.91746 -0.0782546 1.3233 5.08305 0.587209 0.544866 -1.93805 -0.0687583
-1.60989 0.755703 -0.264982 1.16403 -0.495448 1.04146 -1.63369 0.754843 -0.303698 1.16775 -0.485865 1.03306
-1.5132 -3.86064 -1.01442 -1.28614 0.367778 0.541298 -1.5684 -3.90771 -1.0973 -1.30419 0.359419 0.525835
-1.58274 3.02418 0.639938 -0.81301 -3.27591 -0.316644 -1.64958 3.06272 0.561238 -0.799121 -3.32492 -0.315364
4.03291 0.466779 1.33282 0.423901 1.05683 2.17263 4.03625 0.431006 1.27261 0.453883 1.06052 2.17148
-0.578504 3.13718 0.0898864 -0.381137 -1.21255 -1.13582 -0.623058 3.10834 0.0626199 -0.375344 -1.22712 -1.13644
1.33559 2.11003 0.888274 -1.53832 -2.97229 -1.04534 1.3249 2.07437 0.826957 -1.49149 -2.98238 -1.03497
1.16179 5.21938 1.33624 2.14775 -1.85197 -1.6467 1.0747 5.12077 1.30617 2.078 -1.8298 -1.64825
3.20448 4.95307 1.86015 2.28945 0.0402328 0.446423 3.14603 4.90466 1.80214 2.27326 0.0383797 0.459931
12.4253 9.43918 5.14751 7.38314 4.99447 6.46723 12.4178 9.05355 5.10647 7.37696 4.98124 6.58315
0.816512 0.136814 -0.0402524 -0.946018 -2.09185 -0.78276 0.816546 0.10024 -0.0887946 -0.931448 -2.12189 -0.773895
-1.39532 1.7752 -0.142822 1.24491 0.913468 -1.16982 -1.42898 1.74249 -0.208272 1.26585 0.924468 -1.18768
5.10767 8.32821 3.14427 2.4545 -2.70554 1.9876 5.00911 8.27208 3.05832 2.39777 -2.67187 1.97787
2.96912 1.89557 0.903886 1.22244 3.28201 2.35995 2.96854 1.87577 0.825479 1.21839 3.28627 2.39317
0.532035 0.501899 0.277533 -0.000515493 -0.0695958 -0.184347 0.523128 0.472478 0.211371 0.00284905 -0.0746773 -0.190716
0.306835 0.253957 -0.83921 -0.0119346 0.0402193 0.100655 0.277729 0.1977 -0.888704 -0.0101398 0.0352121 0.101248
0.300829 0.274692 -0.380477 -0.0150702 0.0896966 -0.0680474 0.29435 0.257939 -0.422877 -0.0227319 0.0905237 -0.0629861
0.514054 0.475087 0.260227 0.0444333 -0.196098 0.0376221 0.48723 0.449421 0.195055 0.0430149 -0.197138 0.0453164
0.362561 0.409272 -0.218291 0.0268528 0.0755173 0.0920096 0.327702 0.392872 -0.285734 0.0263321 0.0790047 0.0983601
0.311481 0.316438 -0.202503 -0.0359134 -0.00891116 -0.114764 0.287919 0.304607 -0.256036 -0.0447872 -0.0105204 -0.11599
0.631564 0.454974 0.472323 -0.146649 -0.0192225 -0.199285 0.621339 0.437661 0.420092 -0.150231 -0.0162758 -0.204013
0.453425 0.299874 -0.184291 -0.0551272 0.201744 -0.16022 0.428752 0.277529 -0.257624 -0.0548988 0.203813 -0.161276
0.447204 0.235238 -0.237222 -0.0284199 -0.119805 -0.000966076 0.424305 0.203792 -0.299037 -0.0353762 -0.117945 0.00486832
0.498627 0.516813 0.378034 0.0535837 0.216085 0.258454 0.480524 0.497463 0.315265 0.0555872 0.223978 0.262287
0.478038 0.305756 -0.175519 -0.0163088 -0.102015 -0.423117 0.460724 0.284526 -0.227064 -0.0112659 -0.0995543 -0.418119
0.395601 0.419316 -0.229521 0.036425 0.0529895 0.403288 0.360647 0.379179 -0.294778 0.0335983 0.0534017 0.405787
0.566991 0.37695 0.159161 -0.000575135 -0.0873841 -0.134631 0.545921 0.347863 0.0947095 -0.00363033 -0.0832494 -0.137366
0.426412 0.309004 -0.142501 -0.0830529 0.158963 0.114413 0.395269 0.286875 -0.205912 -0.0828729 0.160476 0.114065
0.333 0.347977 0.0184762 -0.0413701 -0.0765097 -0.00893168 0.314117 0.320083 -0.0389301 -0.0383676 -0.0775692 -0.0147924
0.317518 0.394596 -0.119648 0.0182851 -0.0245853 -0.258937 0.282763 0.35788 -0.181787 0.0238648 -0.0248451 -0.260923
0.254893 0.280295 -0.405512 0.0515125 -0.029331 0.337478 0.234235 0.249951 -0.460431 0.0484475 -0.0155956 0.339947
0.585122 0.441628 0.24472 0.0493218 0.165425 -0.33953 0.565219 0.412475 0.194566 0.0526958 0.178228 -0.345544
0.525925 0.540026 0.0643316 -0.0480155 0.0348764 0.15678 0.512171 0.536349 0.0116726 -0.0564911 0.0389389 0.160704
0.313621 0.400972 -0.366046 -0.0973583 -0.0170055 -0.370347 0.317944 0.394125 -0.415265 -0.092401 -0.0217169 -0.370968
0.60289 0.742103 0.549849 0.0393731 -0.245847 0.282672 0.591004 0.724063 0.483815 0.0396239 -0.244604 0.278093
0.483684 0.304657 -0.0304471 0.0567731 0.236781 -0.135238 0.472044 0.283103 -0.0952971 0.0603952 0.248002 -0.138585
0.293291 0.359827 -0.370053 0.00201831 -0.14868 0.256399 0.282859 0.330308 -0.427111 -0.0019073 -0.152439 0.254871
0.497355 0.486389 -0.117473 -0.0546944 0.151573 -0.237662 0.481181 0.45253 -0.174396 -0.0508836 0.160921 -0.246682
0.507661 0.685201 0.358914 -0.0439431 -0.28444 0.0235837 0.485878 0.661568 0.295257 -0.0429467 -0.29271 0.0218179
0.19178 0.337162 -0.442097 0.0825263 0.228095 0.0971264 0.172978 0.322137 -0.519951 0.090075 0.220174 0.104942
0.525 0.346958 0.0484503 0.00887937 -0.126055 0.0545093 0.524332 0.328115 -0.0124988 0.00754254 -0.130499 0.0564089
0.617581 0.575758 0.265848 -0.0933091 0.325473 -0.0113947 0.603242 0.56177 0.217871 -0.0859619 0.329602 -0.0262825
0.561438 0.410622 0.178045 -0.128067 -0.156068 -0.306638 0.538141 0.400244 0.117338 -0.125358 -0.160113 -0.311488
0.477807 0.482153 0.23282 -0.0180204 0.145157 0.0798972 0.449774 0.468153 0.170781 -0.0258949 0.145326 0.0787538
0.503814 0.425301 -0.00401375 -0.0235341 0.0112495 0.12572 0.490278 0.413861 -0.0574253 -0.0252288 0.0140953 0.128871
0.336914 0.492135 -0.0832973 0.0606378 -0.256767 0.00270486 0.324746 0.490474 -0.148655 0.0670194 -0.257166 0.00265383
0.506848 0.646728 0.430942 -0.0186076 0.264394 0.179123 0.49208 0.642116 0.378773 -0.0272698 0.270921 0.179483
0.373215 0.505468 -0.0358547 -0.0925187 -0.409858 -0.177572 0.348186 0.481091 -0.0899702 -0.0851875 -0.404853 -0.188628
0.282316 0.267793 -0.551291 -0.00338229 0.259749 0.21238 0.284079 0.259749 -0.619915 -0.00471824 0.258202 0.210931
0.322421 0.468247 0.0580555 -0.0152112 -0.188945 -0.28561 0.2918 0.447338 -0.00687776 -0.00487324 -0.191111 -0.286549
0.435733 0.597643 0.0594312 0.0236465 -0.248295 0.232365 0.413726 0.586473 -0.00113508 0.0177979 -0.248542 0.234963
0.394971 0.378358 -0.177828 -0.0700153 0.124015 -0.340362 0.362875 0.349301 -0.25028 -0.0704034 0.121863 -0.344789
0.59294 0.488113 0.299797 0.0487789 -0.218011 0.216852 0.581677 0.469602 0.243101 0.0606457 -0.218856 0.223567
0.274134 0.317643 -0.291075 0.0401965 0.314098 -0.0422538 0.240694 0.284856 -0.357808 0.0391441 0.322357 -0.0410018
0.261825 0.345516 -0.274015 0.0316519 -0.288278 0.0756873 0.249595 0.334872 -0.32152 0.0300078 -0.299785 0.0828269
0.317306 0.405332 -0.185972 -0.0499203 0.0491572 -0.138611 0.295767 0.383285 -0.235038 -0.045584 0.0494671 -0.141333
0.362304 0.405481 -0.119605 -0.00497114 -0.126079 0.0598903 0.347023 0.38829 -0.169612 -0.0119883 -0.120156 0.057048
0.464724 0.505843 0.201351 -0.0758117 0.0220899 -0.0857097 0.437191 0.487264 0.146578 -0.0740547 0.0218576 -0.0952499
0.4001 0.422109 0.115798 -0.0208823 -0.10393 -0.0116942 0.382194 0.408411 0.0456248 -0.0183978 -0.105645 -0.0114278
0.412774 0.433839 0.135053 0.0618581 0.355765 -0.0347134 0.392352 0.408369 0.0647841 0.0669559 0.363089 -0.0367941
0.37688 0.300609 -0.416673 -0.011124 -0.204164 0.0875096 0.349699 0.272204 -0.471151 -0.0244987 -0.20097 0.0939131
0.364518 0.587498 0.070529 0.0243224 0.135729 -0.131559 0.326496 0.567343 -0.00279059 0.0362994 0.134001 -0.133009
0.272764 0.470632 0.180194 0.0464068 -0.322821 0.163994 0.261107 0.459582 0.123921 0.037883 -0.330258 0.160937
0.151054 0.351186 -0.555177 0.0619755 -0.0837244 0.00296182 0.132373 0.346283 -0.627168 0.062543 -0.0858184 0.00568265
0.393784 0.387278 -0.256563 -0.0400828 0.146487 0.0904301 0.395522 0.393094 -0.316779 -0.0450463 0.147963 0.089237
-0.178751 1.62447 0.762681 -2.2201 1.08614 -0.407842 -0.206381 1.60139 0.716127 -2.24534 1.09326 -0.394281
-1.75003 3.16724 0.374189 -0.211155 -3.14661 -0.314398 -1.78499 3.21653 0.347449 -0.203066 -3.1842 -0.307333
-1.93174 -0.464066 -0.629076 1.67629 0.540497 0.187265 -1.96775 -0.474191 -0.701412 1.70564 0.556041 0.167901
-2.86229 -2.75943 -1.34938 -0.926205 0.975098 -0.872242 -2.90146 -2.80334 -1.41613 -0.933476 0.979568 -0.872644
-1.4176 -0.613134 -0.193303 -2.13184 1.75093 2.05904 -1.47462 -0.573513 -0.247849 -2.10904 1.77309 2.08362
4.51523 5.67636 1.9001 2.85595 0.893886 1.0217 4.46423 5.58174 1.87042 2.83543 0.900805 1.03207
3.72008 6.35624 1.97318 1.05719 -3.47462 0.00187685 3.62356 6.29042 1.90059 1.01516 -3.46976 -0.000378072
0.386609 -3.98971 -0.736125 -1.28529 -1.48156 1.18086 0.365763 -3.98772 -0.795627 -1.23617 -1.49915 1.13625
-0.528133 -0.463349 -0.35879 -0.939922 -1.46826 0.87891 -0.539205 -0.513736 -0.411955 -0.940576 -1.46758 0.878516
-0.321706 4.24599 1.17545 1.65931 0.966605 0.771239 -0.305336 4.14077 1.13004 1.67059 0.930759 0.740123
-0.910473 2.71742 -0.00671039 1.50466 -0.506354 1.61582 -0.939336 2.7102 -0.0883131 1.50924 -0.504652 1.5976
1.92421 3.2206 1.06543 -2.16622 -1.60089 -2.364 1.89985 3.20503 1.00855 -2.14599 -1.57147 -2.36615
3.6236 3.20827 1.77627 1.35182 -2.2044 -1.98727 3.54956 3.15976 1.71837 1.31674 -2.2041 -2.00143
-0.291115 1.1984 0.421175 -2.60572 0.312048 1.71309 -0.372013 1.1754 0.405657 -2.55701 0.32446 1.71704
1.68948 2.8396 0.45339 -0.168673 -0.0753328 0.402327 1.64783 2.80945 0.397343 -0.174411 -0.0730575 0.413491
1.22846 0.457007 0.392927 -1.30506 0.637953 0.590799 1.18933 0.43417 0.335294 -1.33001 0.6395 0.594441
1.60509 0.0951814 0.0815762 -1.66216 -0.419815 -0.689331 1.57575 0.042182 0.0268832 -1.66927 -0.421396 -0.700553
-3.1281 -2.69583 -0.979259 -1.95935 0.714027 1.46617 -3.16684 -2.69915 -1.05394 -1.95946 0.723129 1.45882
0.361231 -4.69021 -0.357534 -1.09354 -0.799641 0.591362 0.328681 -4.68441 -0.425726 -1.06132 -0.804556 0.563832
6.30938 2.94994 1.68476 -0.74375 2.14512 -1.49828 6.28513 2.91431 1.57778 -0.748315 2.14321 -1.49205
7.65087 13.2037 5.23182 2.77191 -1.78329 0.515801 7.72269 13.0548 5.25055 2.61661 -1.76621 0.582292
1.25028 -2.59632 -0.238124 0.19571 0.0981312 1.67989 1.26895 -2.63697 -0.284778 0.223328 0.085931 1.67852
-2.15979 1.50859 -0.661741 0.484677 0.171963 0.143643 -2.19402 1.47518 -0.729921 0.497266 0.174259 0.14302
3.9431 2.8933 1.25697 -0.164274 2.03367 0.856258 3.91368 2.86509 1.24794 -0.149791 2.03857 0.8565
-0.9195 -0.353826 -0.55205 -0.843043 2.51458 1.96187 -0.960815 -0.341673 -0.636091 -0.8714 2.53249 2.0134
6.36417 4.23031 2.3411 0.608913 1.873 0.900982 6.32169 4.18455 2.30049 0.611205 1.89253 0.908436
-2.27957 -0.0729708 0.0487646 -1.46021 2.31448 0.873329 -2.28194 -0.104052 -0.00470259 -1.49225 2.31065 0.902998
3.24612 0.199801 0.503983 0.70115 -0.408379 -1.29825 3.1987 0.153777 0.442977 0.689191 -0.424716 -1.29497
2.54851 -2.31771 -0.474818 -0.930079 0.79382 -0.993851 2.54419 -2.37211 -0.544946 -0.947055 0.78575 -0.999111
0.378642 0.608653 -0.112073 -1.98638 -0.794411 -1.32551 0.36707 0.564209 -0.165845 -1.98711 -0.782154 -1.3325
2.90146 4.39349 0.825459 0.490348 1.97932 -0.191287 2.86982 4.35621 0.781741 0.484661 1.97676 -0.17567
2.05857 -2.80506 -0.184811 -0.232926 -2.31726 -0.209118 2.08189 -2.87867 -0.281067 -0.23549 -2.33292 -0.206072
0.554972 -0.500801 -0.00729015 0.802382 2.05873 1.93655 0.542255 -0.507954 -0.0635943 0.804211 2.05988 1.95566
1.5573 1.44652 0.14148 -1.13597 1.01191 0.505861 1.5306 1.4202 0.108488 -1.15302 1.01613 0.515509
0.199702 1.16954 0.474234 1.53289 2.82691 2.3084 0.210373 1.12432 0.437596 1.54029 2.81645 2.3206
0.721552 0.572984 0.0141459 0.085665 -0.131471 0.290622 0.727517 0.572219 -0.0726665 0.0840399 -0.126603 0.297616
0.671246 0.548295 0.305445 0.0557546 0.130556 -0.0858778 0.67895 0.534262 0.258905 0.0495559 0.129793 -0.081897
0.644749 0.802907 0.398756 0.0066099 0.057182 0.0845575 0.637177 0.794693 0.331443 0.00837084 0.0603896 0.0859674
0.678622 0.514076 0.345818 0.10655 0.0753181 0.0273826 0.686413 0.509067 0.288843 0.102132 0.0631808 0.0416634
0.383413 0.480524 -0.117991 0.023273 -0.181735 0.0318474 0.388625 0.47421 -0.157612 0.0256568 -0.182708 0.0312921
0.396397 0.575278 -0.0784838 0.0645037 0.0225496 0.0705646 0.387409 0.561875 -0.11621 0.0627579 0.0230115 0.0713658
0.427113 0.405135 -0.325175 -0.0554695 0.0292514 -0.166001 0.421613 0.393584 -0.371292 -0.0501153 0.0333561 -0.164593
0.596337 0.430313 -0.06052 -0.0120024 0.164558 0.298763 0.60473 0.421379 -0.129212 -0.00719578 0.175456 0.299173
0.819053 0.863323 0.668469 0.0519309 0.120292 -0.0986102 0.806414 0.87483 0.595186 0.0627553 0.119021 -0.0988649
0.510996 0.705913 0.157946 -0.0190505 -0.38685 0.175813 0.513749 0.681815 0.0889561 -0.0149355 -0.40156 0.176997
0.224582 0.369866 -0.545004 -0.0712835 0.164786 -0.280023 0.214034 0.364758 -0.607435 -0.0659785 0.169586 -0.282518
0.535925 0.479652 -0.139045 -0.0728317 0.158875 -0.0362526 0.51756 0.467448 -0.175179 -0.0548865 0.163498 -0.0264133
0.543274 0.84539 -0.133348 0.185048 -0.329971 0.131473 0.518423 0.81408 -0.188883 0.178692 -0.334437 0.14682
0.486064 0.614282 -0.244592 0.0309861 0.0971596 0.00284696 0.47271 0.603754 -0.329811 0.0218123 0.0984503 0.00242402
0.561887 0.462691 -0.0216704 0.128962 0.0702683 0.0401894 0.557451 0.464023 -0.0921834 0.140466 0.0746248 0.042961
0.587245 0.432269 0.320922 -0.0413509 -0.00843805 0.0313853 0.579457 0.410961 0.287432 -0.0503008 -0.00480911 0.0337179
0.63352 0.610297 0.0970949 -0.00236659 0.139724 -0.167942 0.627397 0.608041 0.045431 0.0176384 0.134324 -0.17808
0.104089 0.149105 -0.861793 0.0616115 -0.1377 -0.063807 0.0999991 0.146313 -0.914987 0.0636155 -0.140056 -0.0624199
0.656004 0.486386 0.00674378 0.118182 0.138615 0.429094 0.628786 0.471372 -0.0468418 0.10445 0.13426 0.432783
0.493594 0.586416 0.417257 -0.0326852 -0.0481675 -0.419351 0.484307 0.576496 0.353146 -0.0452736 -0.0441328 -0.418405
0.648933 0.54214 0.218515 -0.0348003 0.119315 0.184608 0.640748 0.516389 0.177817 -0.0339533 0.136723 0.19021
0.478144 0.488741 0.014756 0.122859 -0.0176811 -0.00103596 0.465514 0.469456 -0.034984 0.117927 -0.0234611 0.0104527
0.557171 0.637266 0.385998 0.183586 -0.238671 0.349425 0.551275 0.616759 0.320929 0.178936 -0.245376 0.352113
0.528406 0.784002 0.123144 -0.0518873 0.098928 -0.0630841 0.530059 0.775728 0.0862165 -0.0629757 0.0971946 -0.0645038
0.404998 0.525526 -0.128022 0.0627292 -0.270085 0.0556645 0.396797 0.505821 -0.169547 0.0651897 -0.264358 0.0558617
0.588467 0.637967 0.369153 -0.0610563 -0.0802082 -0.0692424 0.575464 0.624691 0.319897 -0.0625713 -0.0868776 -0.0646881
0.472406 0.582618 0.0741887 -0.117827 0.201277 -0.0541382 0.454432 0.579165 0.0199646 -0.118173 0.199099 -0.0558968
0.539742 0.433178 0.00651015 0.0375694 -0.254925 -0.217983 0.524356 0.401761 -0.036044 0.0485876 -0.256698 -0.223904
0.783068 0.527089 0.30353 -0.0276777 0.55842 0.0438216 0.776073 0.524179 0.270149 -0.0374007 0.560519 0.0417435
0.402556 0.270632 -0.557222 0.0629193 -0.327435 0.095364 0.398236 0.252241 -0.624573 0.0679855 -0.322505 0.0939997
0.407491 0.353036 -0.599338 0.0245045 0.144495 -0.339796 0.398046 0.321379 -0.657152 0.02991 0.148286 -0.340671
0.681359 0.626504 0.222652 -0.0309688 0.0716917 0.13134 0.684079 0.630481 0.180822 -0.038249 0.075853 0.129383
0.642498 0.371915 -0.258428 -0.0973572 0.147827 -0.0177998 0.647169 0.368795 -0.339482 -0.0889332 0.15183 -0.0140347
0.256078 0.436595 -0.643363 -0.0977774 -0.0793462 -0.189809 0.229667 0.421194 -0.70331 -0.103666 -0.0804197 -0.194385
0.581119 0.62868 0.253928 0.00586172 -0.0965931 -0.204391 0.569176 0.619453 0.189771 0.00761365 -0.10344 -0.199352
0.52594 0.473428 -0.160497 -0.0992616 0.0731996 0.0361435 0.510626 0.460702 -0.211747 -0.106219 0.0705171 0.0341409
0.545717 0.429426 0.0624997 -0.0478039 0.0909539 -0.147106 0.518246 0.403525 -0.00535712 -0.044388 0.0977332 -0.150909
0.619437 0.525848 0.0658649 -0.0108766 0.188854 0.00313772 0.595858 0.516582 -0.0122619 -0.00813041 0.195517 0.00635557
0.307745 0.45339 -0.368354 0.0451989 -0.0333516 -0.0635546 0.299573 0.454036 -0.41953 0.056386 -0.029538 -0.0605499
0.416604 0.518317 -0.446845 0.0623634 -0.169856 0.126356 0.377187 0.499596 -0.505706 0.0534486 -0.176304 0.133812
0.546968 0.616236 0.120075 -0.0954775 -0.0509572 -0.199237 0.538403 0.591644 0.0387902 -0.0944352 -0.0496292 -0.20482
0.423815 0.427737 0.136824 0.0975587 -0.012532 0.0538424 0.42655 0.409203 0.0814041 0.0994863 -0.00503079 0.0543891
0.687609 0.592763 0.42522 0.0117497 -0.00738408 0.0717837 0.679079 0.573645 0.368689 0.00310356 0.000399232 0.0588202
0.727674 0.463717 0.16242 0.0518074 0.476122 -0.190767 0.700879 0.461623 0.101878 0.0463132 0.488129 -0.194561
0.657049 0.656111 0.339723 0.0830245 -0.205613 0.250477 0.621208 0.644442 0.31573 0.0848266 -0.217108 0.258189
0.457472 0.419403 -0.116941 0.126471 0.217756 0.0451535 0.436913 0.399637 -0.174478 0.125413 0.222107 0.054795
0.493308 0.514667 -0.142136 0.064704 -0.069961 0.0425535 0.460942 0.509488 -0.220351 0.0691238 -0.0683135 0.0378345
0.456818 0.607145 -0.142136 -0.0784066 -0.0634924 0.0246682 0.434267 0.607392 -0.194541 -0.0749261 -0.0687274 0.0137054
0.454426 0.416521 -0.217391 -0.0528194 0.12957 -0.379793 0.42972 0.388184 -0.253074 -0.0494521 0.129554 -0.388659
0.25607 0.248333 -0.507326 -0.0109018 0.0934195 0.0738144 0.24498 0.25558 -0.543889 -0.013552 0.0977438 0.0815745
0.552917 0.59981 0.100095 -0.00388265 0.170511 -0.0627829 0.544506 0.581047 0.0592765 0.000254106 0.164929 -0.068071
0.942272 5.68983 1.69552 0.676437 1.67171 -0.607227 0.989429 5.50662 1.61307 0.663737 1.63636 -0.607458
1.60671 -1.94528 -0.0505003 0.918063 -0.626699 1.58296 1.65715 -2.01103 -0.0894729 0.930207 -0.629299 1.58354
2.19775 5.26039 1.2973 0.704134 -2.09071 0.909037 2.17367 5.25253 1.24674 0.706531 -2.09042 0.902318
1.68769 -0.303152 -0.129989 -0.172531 0.69365 2.2987 1.67647 -0.30467 -0.194362 -0.164893 0.706438 2.30084
-2.25447 -1.10009 -0.458034 -1.2114 0.854798 0.596804 -2.28779 -1.12028 -0.508065 -1.23259 0.863136 0.610783
2.1164 -1.40256 0.31029 1.08241 0.345994 0.705913 2.11148 -1.44087 0.295444 1.0897 0.341719 0.718086
4.30991 -0.426406 1.2023 -1.15119 2.01339 -0.689071 4.31255 -0.443908 1.17147 -1.16971 2.00373 -0.698873
2.49871 12.8874 3.66657 1.28276 -5.25544 -0.192567 2.34041 12.7847 3.63022 1.186 -5.26834 -0.155549
1.75229 2.76286 0.863656 1.19005 0.212368 1.86541 1.76393 2.73115 0.817054 1.1877 0.21339 1.87096
0.364956 3.36713 0.521882 -2.16677 -2.92957 -1.09976 0.291618 3.33448 0.449897 -2.10527 -2.94449 -1.11486
-1.20854 -3.13377 -0.470724 -1.11021 -1.49389 1.7859 -1.23447 -3.15197 -0.538216 -1.10118 -1.4985 1.77434
3.42375 4.50263 1.92078 2.45277 2.24975 0.807101 3.40776 4.44571 1.87252 2.46237 2.24687 0.789957
1.28997 1.71901 0.974725 2.47721 2.67331 0.0730419 1.25526 1.6936 0.952203 2.49599 2.6768 0.0853811
-1.63419 -1.65949 -0.842059 -1.75898 1.44291 1.89535 -1.69039 -1.63953 -0.933087 -1.75988 1.45406 1.90064
1.11466 3.17226 0.351928 -0.946467 1.06858 -0.855566 1.05915 3.13361 0.292274 -0.962944 1.07341 -0.846085
-0.523391 8.27273 1.576 0.3007 -4.13244 -1.31566 -0.633466 8.27093 1.52746 0.296784 -4.19276 -1.29536
2.36279 8.02057 2.4914 1.60457 -0.0248956 -0.459327 2.34905 7.89067 2.44938 1.57987 -0.0297733 -0.437698
-0.337582 0.506754 -0.166478 -2.86223 1.49431 -1.92454 -0.335856 0.479858 -0.25161 -2.92304 1.51369 -1.94423
2.46168 -1.85601 0.137331 1.04322 -0.297141 -0.722448 2.44765 -1.88247 0.0927067 1.03453 -0.330927 -0.704954
6.6915 2.48865 1.82407 3.2102 2.96594 3.06908 6.71282 2.44217 1.76131 3.27171 2.97498 3.12251
0.393498 3.49033 0.269823 0.673741 -0.611733 -1.24656 0.324459 3.45221 0.187764 0.709375 -0.614004 -1.25477
-1.07333 0.207537 -0.325678 0.92165 -3.32243 -1.34755 -1.06852 0.222208 -0.400376 0.90369 -3.34956 -1.35462
-1.13608 0.488119 0.0423576 -1.43917 -2.48872 -0.968983 -1.21781 0.412827 -0.109248 -1.43904 -2.52385 -0.977489
-0.539711 3.50206 0.707692 -0.207619 -2.8279 0.254391 -0.56364 3.53838 0.649402 -0.192511 -2.84737 0.253292
-0.501633 -1.13018 -0.432512 -0.236802 0.741212 0.638616 -0.513615 -1.14228 -0.515217 -0.25633 0.739324 0.646079
-1.63985 0.450933 -0.415192 -2.71615 -0.366215 0.0384531 -1.68335 0.413834 -0.529147 -2.72343 -0.34662 0.0379305
-0.815986 5.77929 1.35202 0.581241 -2.54157 0.940079 -0.861983 5.78635 1.29925 0.571547 -2.57463 0.927612
0.244313 1.84009 0.497669 2.18069 0.732616 -2.57614 0.183035 1.78294 0.45112 2.13014 0.738 -2.56466
-0.3916 2.56281 -0.136501 -0.162132 -0.751357 1.22195 -0.435386 2.56791 -0.186775 -0.192902 -0.758612 1.24004
3.80296 6.58301 2.43092 0.316894 -2.65127 -0.352805 3.73267 6.55522 2.33501 0.318554 -2.63117 -0.350568
3.98242 3.77415 1.68743 0.617404 0.734718 0.303441 3.94641 3.75603 1.62591 0.626579 0.728975 0.297409
-2.89559 -3.61261 -1.41496 -1.67141 0.237119 -0.312526 -2.96014 -3.74739 -1.50605 -1.71312 0.260395 -0.318751
7.89563 6.45863 2.97938 2.23848 3.48672 2.97737 7.86237 6.31605 2.89116 2.23302 3.4518 2.97724
-0.765232 3.31179 1.02044 1.1143 1.01959 0.674527 -0.761967 3.23436 0.918818 1.10332 0.987296 0.660014
0.335699 1.44208 0.00390269 1.78737 2.39974 1.24776 0.329671 1.40893 -0.0521529 1.81614 2.41012 1.2473
0.62816 0.620982 -0.114931 0.123536 0.205935 0.0695262 0.614055 0.60248 -0.165201 0.133151 0.200796 0.070685
0.673951 0.587506 0.201353 0.125069 -0.186842 0.197869 0.669187 0.591825 0.143408 0.118113 -0.181779 0.199343
0.474192 0.625067 -0.482685 -0.0889804 -0.0926278 -0.115564 0.473709 0.616783 -0.545285 -0.09662 -0.0848639 -0.109147
0.303459 0.450084 -0.669781 -0.0749991 -0.0730897 0.116797 0.299306 0.424424 -0.70258 -0.0816598 -0.0742999 0.111557
1.02288 0.732245 0.386716 0.0842057 0.393759 -0.0761378 1.02192 0.737559 0.346368 0.0882325 0.410554 -0.0733441
0.421073 0.480731 -0.302433 0.0412051 -0.254032 -0.015079 0.405508 0.463262 -0.370399 0.043853 -0.262504 -0.019781
0.718708 0.633569 0.0833189 -0.00148663 0.0724518 0.248407 0.720982 0.649512 0.026796 -0.00412396 0.0714602 0.251113
0.607828 0.605357 0.130211 0.177142 0.0969814 -0.193907 0.596341 0.59681 0.0819398 0.162632 0.0923832 -0.198002
0.706671 0.560514 0.219111 0.0106247 0.0851547 0.250804 0.711907 0.546098 0.172987 0.00663386 0.0758083 0.244826
0.609141 0.67687 0.0824634 -0.139255 -0.0746683 -0.437384 0.609905 0.665914 0.0297344 -0.144228 -0.0741886 -0.441592
0.565031 0.572292 -0.0630018 -0.00137026 -0.337702 0.339038 0.562218 0.589471 -0.105059 -0.00188258 -0.338366 0.338905
0.612862 0.465059 -0.0110309 0.0670996 0.512112 0.101912 0.602665 0.442206 -0.0525145 0.0672936 0.517396 0.0968686
0.585621 0.675243 0.508358 0.0265425 -0.369958 -0.152036 0.596545 0.683644 0.464958 0.0188948 -0.366926 -0.151619
0.575888 0.455448 -0.14491 0.0622458 0.294123 0.132815 0.567368 0.440344 -0.174926 0.0546929 0.290774 0.138066
0.813849 0.744004 0.0473526 -0.0326135 -0.117834 -0.0746109 0.807179 0.74151 -0.0152967 -0.0256855 -0.126125 -0.0832324
0.571692 0.673205 -0.267586 0.150854 0.0414325 0.237733 0.582114 0.669115 -0.315998 0.151755 0.0439229 0.243951
0.596646 0.745832 0.116492 0.011288 0.140769 -0.0752537 0.600005 0.751464 0.0502569 0.0174174 0.14666 -0.0765262
0.639452 0.600345 0.212223 0.0611023 -0.0849056 0.0459483 0.635041 0.596385 0.175986 0.0661785 -0.0760603 0.0438024
0.548805 0.480369 -0.0765736 0.04533 0.306189 0.17866 0.556689 0.491198 -0.0973475 0.0451444 0.304584 0.186524
0.468661 0.633399 -0.0349545 -0.0663952 -0.103091 -0.24992 0.448956 0.623999 -0.0881057 -0.0674372 -0.102174 -0.2596
0.6263 0.637638 -0.00655048 -0.179482 -0.259461 -0.16944 0.616774 0.623767 -0.0707828 -0.178581 -0.259539 -0.156559
0.668361 0.648563 0.244994 0.0697444 0.136308 0.0185481 0.641869 0.638799 0.197783 0.0543933 0.136304 0.0316735
0.70229 0.767702 0.0249031 0.0677644 -0.370777 0.0994311 0.701324 0.748541 -0.0126931 0.0764288 -0.368738 0.103088
0.534463 0.369109 -0.745774 0.120135 0.431358 0.0429405 0.500178 0.3362 -0.804521 0.120411 0.420932 0.0444864
0.414025 0.356736 -0.452994 -0.0393967 -0.00804043 -0.0756417 0.403174 0.331106 -0.516555 -0.0434482 -0.0015627 -0.0687757
0.591894 0.508824 0.270575 -0.0348284 0.00196739 0.127247 0.579009 0.496449 0.233523 -0.0339737 -0.00228109 0.131666
0.398072 0.640473 -0.08438 0.00655478 -0.144777 -0.329057 0.369974 0.634479 -0.124093 0.00884032 -0.15313 -0.335471
0.584183 0.697679 0.00387495 -0.0862969 0.039174 0.290331 0.56898 0.667965 -0.0585204 -0.0784833 0.0301898 0.281133
0.521692 0.537457 -0.265489 -0.0588929 -0.0245485 -0.396876 0.505158 0.504058 -0.31531 -0.0674537 -0.0324733 -0.407469
0.795485 0.543139 -0.241456 0.157193 0.235753 0.172096 0.782703 0.513953 -0.291767 0.160009 0.248592 0.174454
0.752641 0.723337 -0.294028 0.10304 -0.212196 0.0839492 0.74284 0.712392 -0.340349 0.0857393 -0.217364 0.0935791
0.377555 0.376962 -0.0973469 -0.0793724 0.134891 -0.0700115 0.351252 0.372971 -0.150292 -0.0826884 0.133583 -0.0630035
0.63268 0.775543 0.190737 0.0193456 0.0207046 0.214273 0.621083 0.751813 0.119465 0.0168436 0.0114232 0.215935
0.770292 0.68481 0.410993 -0.11838 -0.134423 -0.213676 0.756845 0.657924 0.359569 -0.115348 -0.140187 -0.223618
0.641646 0.670879 0.204138 -0.0195408 0.127593 -0.0941349 0.627064 0.658193 0.11733 -0.0060344 0.125523 -0.0954791
0.641587 0.819007 0.376551 0.0631654 -0.300207 -0.0137948 0.623863 0.801624 0.331659 0.0613395 -0.311187 -0.00292155
0.508717 0.548138 -0.448019 -0.0321209 0.199192 0.115939 0.508016 0.536362 -0.490913 -0.0228684 0.201379 0.111517
0.755152 0.731322 -0.00185813 0.0537648 -0.2029 -0.225788 0.725916 0.720006 -0.0850404 0.0646153 -0.211171 -0.240438
0.48174 0.763744 -0.142169 -0.104948 -0.0994898 -0.000871875 0.475711 0.748743 -0.175773 -0.111185 -0.101399 0.00571711
0.592292 0.388671 -0.397826 -0.00107365 0.303891 -0.0671829 0.573067 0.371714 -0.439647 -0.0010572 0.301223 -0.0704342
0.690493 0.476185 -0.370635 -0.0192411 -0.104374 0.0490425 0.687361 0.444442 -0.41815 -0.0189373 -0.0843715 0.0477438
0.987064 0.714496 0.315243 -0.00499572 0.234152 -0.168998 0.965672 0.703197 0.274322 -0.0076261 0.241138 -0.177875
0.703738 0.870953 0.495115 0.00596423 -0.415783 0.0508908 0.698021 0.85233 0.450149 0.00222866 -0.422909 0.0455598
0.392947 0.639932 -0.208035 0.000964355 0.0852418 -0.116917 0.362367 0.627837 -0.232719 -0.000227458 0.0885627 -0.125024
0.766893 0.64464 0.212413 -0.0466248 -0.0712173 -0.0602367 0.763162 0.639152 0.141772 -0.0528932 -0.0651546 -0.0620666
0.977438 0.864311 0.396202 -0.0870731 0.0638275 0.0957411 0.974062 0.858696 0.322293 -0.0930794 0.0523399 0.105687
0.410344 0.343629 -0.786869 -0.125432 0.085558 -0.335835 0.416469 0.320161 -0.815973 -0.125926 0.0933573 -0.346821
0.608028 0.556398 0.0522378 0.0148583 0.0326395 0.331603 0.603193 0.547728 -0.0219208 0.00980376 0.0149026 0.327741
0.653882 0.830214 0.674395 -0.0618301 0.0906277 -0.229844 0.629476 0.819352 0.606296 -0.0550686 0.0958135 -0.232812
0.52393 0.566986 -0.223154 0.0476581 -0.318616 0.247734 0.515583 0.565287 -0.298392 0.050536 -0.325107 0.262121
0.441094 0.408729 -0.457505 -0.0417903 0.138485 -0.243094 0.438624 0.411619 -0.516673 -0.0336684 0.135207 -0.242005
0.704157 -3.12197 -1.07516 -1.34716 -0.530291 -0.405753 0.673349 -3.1833 -1.16819 -1.34607 -0.529549 -0.42485
5.09132 5.56922 2.31101 0.585261 -2.54496 1.25503 5.01948 5.49219 2.2066 0.567096 -2.53491 1.23071
0.756379 -2.73138 -0.268254 -1.12958 0.991714 -1.59064 0.739675 -2.77407 -0.344835 -1.18989 0.981051 -1.61135
-0.59079 3.80196 0.509817 0.975684 -3.056 -1.38959 -0.645263 3.80445 0.445893 0.965301 -3.07503 -1.3929
-0.656637 -1.8669 -0.370423 -1.515 0.660256 -0.0462391 -0.669925 -1.89925 -0.45312 -1.52795 0.663428 -0.0419723
-2.07061 -1.64569 -0.891529 0.208387 -2.64946 -0.864459 -2.10315 -1.67382 -1.01705 0.215701 -2.68295 -0.850393
3.82111 2.39839 0.999563 3.70818 3.20582 3.15107 3.82895 2.34083 0.9184 3.78824 3.23476 3.20005
3.4973 -0.264373 0.506236 -0.272345 2.54888 0.529594 3.51441 -0.285213 0.434128 -0.268356 2.53694 0.535955
-0.434775 1.6309 -0.268649 -1.73099 -0.899428 -1.73607 -0.45292 1.61355 -0.349338 -1.73384 -0.905951 -1.7224
0.339525 5.55207 0.660636 1.66625 -2.10123 0.294719 0.262429 5.50845 0.659836 1.64307 -2.11208 0.279373
1.11791 2.81067 0.332728 0.36566 2.00575 2.69794 1.11065 2.70322 0.295412 0.346444 2.01643 2.72522
-2.78172 -1.8353 -1.10492 -1.53202 -0.543332 0.184071 -2.83346 -1.85347 -1.18312 -1.54096 -0.53009 0.195954
2.67091 -0.868462 0.248975 -0.576937 0.803274 -1.49923 2.68301 -0.933232 0.185362 -0.597775 0.792923 -1.49491
0.834947 8.31694 2.03802 -0.540424 -4.71672 -1.44648 0.734918 8.33305 1.97746 -0.529725 -4.75098 -1.44518
3.41615 -2.83087 -0.144696 0.212249 -0.615169 1.51654 3.36375 -2.87469 -0.209632 0.251839 -0.646328 1.50167
3.8647 2.82789 0.752087 -0.394324 -1.15783 -1.00353 3.80557 2.76564 0.735956 -0.374326 -1.16663 -1.00322
3.94068 1.81269 0.95633 -2.89642 1.69027 -2.7322 3.94108 1.79106 0.913282 -2.9335 1.69466 -2.74654
-0.086247 -3.28951 -0.625599 -1.20019 0.784564 0.214251 -0.12167 -3.31429 -0.739521 -1.21938 0.76665 0.18864
-2.89391 -1.73004 -1.05667 -0.556405 1.54498 0.757971 -2.94892 -1.77311 -1.14832 -0.581547 1.53593 0.76202
