0.0728847 0.0608719 -0.0860184 -0.00742754 -0.11133 0.039015 0.0668174 0.0524226 -0.104024 -0.00831475 -0.113251 0.0387071
0.108123 0.0830446 0.016781 -0.00608607 0.119074 -0.0706108 0.0980197 0.0751096 -0.00233656 -0.00683914 0.120282 -0.0716159
0.0811544 0.111325 0.0809166 0.0208526 -0.118353 0.052419 0.0733386 0.100018 0.0590406 0.0206922 -0.121206 0.0536261
0.0792811 0.0886585 0.0582903 0.0115826 0.067228 0.0108395 0.0691474 0.0784329 0.0395681 0.0103998 0.0669435 0.0120941
0.044178 0.051084 -0.0414055 0.00738668 -0.0608666 -0.00962031 0.0373776 0.0423017 -0.0565047 0.00729043 -0.0614341 -0.0091865
0.120591 0.0534469 -0.0352526 -0.0156492 0.104128 0.0196126 0.109577 0.0412946 -0.0542 -0.01564 0.106535 0.0210347
0.133183 0.126112 0.0522914 -0.00567684 -0.0153251 -0.0237391 0.123623 0.118437 0.0313658 -0.00604366 -0.0143777 -0.0252563
0.0727909 0.0668542 0.00946177 -0.00221704 0.02117 -0.00765509 0.0640097 0.0581039 -0.0095592 -0.000622928 0.0209888 -0.00802684
0.0966786 0.074603 -0.0389663 -0.00938137 -0.0155431 -0.025244 0.0888365 0.0663861 -0.0578503 -0.00867614 -0.0150276 -0.0254416
0.0985108 0.081982 -0.0377793 0.0015293 0.0521863 0.0250165 0.0889988 0.0714857 -0.0586712 0.00162906 0.0526019 0.0257093
0.143572 0.124208 0.0845608 -0.00529811 -0.0281645 -0.0546185 0.13593 0.113044 0.0646122 -0.00529749 -0.0280068 -0.0563808
0.115514 0.11934 0.127999 0.00558588 0.0428197 0.0320751 0.105157 0.104772 0.106514 0.00628167 0.0438232 0.0328412
0.0531887 0.093355 -0.0533073 0.0181543 -0.0835222 -0.0105724 0.0434855 0.0847125 -0.0762375 0.0180939 -0.0859488 -0.00993563
0.111816 0.0943052 -0.0610679 0.00113751 0.0462256 0.0188375 0.106296 0.0851185 -0.0778553 0.000565561 0.0477514 0.0206061
0.111388 0.0951096 0.054803 -0.0125546 0.0213459 -0.0441106 0.105914 0.0914202 0.0375378 -0.0138915 0.0222348 -0.0445108
0.0840194 0.0925393 0.0487262 0.00143545 0.0175868 0.0235724 0.0758518 0.0838847 0.0298382 0.00203026 0.0172374 0.0219901
0.0771558 0.0833769 0.031783 0.00608183 -0.0150711 -0.0136586 0.0695046 0.0742604 0.00999244 0.0059164 -0.0153885 -0.0138351
0.0613855 0.0568439 -0.0588776 0.000259868 0.0265738 0.0437886 0.0546017 0.0468399 -0.0775735 4.31181e-05 0.0269365 0.0449355
0.109151 0.0898514 0.0111267 -0.00712223 0.00293093 -0.0308071 0.0999606 0.081427 -0.00866575 -0.00634735 0.0023564 -0.0307637
0.114686 0.146296 0.137308 -0.0145203 -0.0504605 -0.00836591 0.104236 0.136924 0.119118 -0.0157887 -0.0509286 -0.00873781
0.0770855 0.0611167 -0.0711345 0.00830556 0.0617012 0.01699 0.0687036 0.0526033 -0.0915553 0.00872412 0.0621087 0.017478
0.0383966 0.0520976 -0.0427589 0.0041605 -0.106907 -0.000664562 0.0305674 0.0432516 -0.0615217 0.00183431 -0.106691 -0.000490075
0.0841081 0.0789279 0.0700305 0.0135755 0.0676826 0.0313874 0.0756604 0.0705748 0.0507007 0.0134016 0.0695457 0.0328872
0.119159 0.113783 0.0725205 -0.00811177 -0.0570403 -0.00734035 0.109561 0.103297 0.0501681 -0.00887474 -0.0574239 -0.00678713
0.0709345 0.0818525 6.30021e-06 0.00691893 0.0338448 0.0166824 0.061816 0.0740746 -0.0252063 0.00787592 0.0346358 0.0166237
0.0754422 0.056201 -0.0399663 0.00352345 -0.0285597 -0.0147866 0.0672768 0.046095 -0.0616144 0.00459222 -0.028547 -0.0153606
0.0659051 0.0840263 -0.00507906 0.00606044 -0.0108662 0.0203325 0.0545857 0.0731342 -0.0256017 0.00599121 -0.009842 0.0209675
0.114334 0.107608 0.0913631 0.00411652 0.0366853 0.0029174 0.104357 0.0988352 0.0699291 0.00428396 0.0354752 0.00337647
0.0942191 0.0642466 0.0420321 0.00346079 -0.0533355 -0.0442102 0.0857752 0.0535298 0.0225001 0.00375442 -0.0553113 -0.0443813
0.0984727 0.0869629 -0.0256694 -0.00823352 0.124177 -0.00121528 0.0898527 0.0785523 -0.0467788 -0.00850079 0.126122 -0.00128772
0.100077 0.091166 0.0294158 -0.0239359 -0.083874 -0.0129144 0.0913364 0.086356 0.00802702 -0.0253505 -0.0844315 -0.0145282
0.0930047 0.0905491 -0.0144255 0.00616195 0.0616223 -0.00513402 0.0839937 0.0784907 -0.0343785 0.00470337 0.063265 -0.0042702
0.0653063 0.055938 0.0206654 0.016589 -0.0398299 0.0287261 0.0557854 0.0475431 -0.000439543 0.0162245 -0.0403036 0.0294395
0.0811791 0.0645426 0.0140586 0.00512055 0.0624263 -0.0094794 0.0715923 0.0527708 -0.007775 0.00636552 0.0635588 -0.0104099
0.0861499 0.0398433 -0.0799246 -0.0208078 0.056748 -0.0716285 0.0757776 0.0271416 -0.101719 -0.0192285 0.0568383 -0.0727495
0.0916494 0.0864574 0.0402232 0.0125224 -0.0164678 0.0701696 0.0825885 0.0745345 0.0193909 0.0138623 -0.017673 0.0712451
0.145756 0.173266 0.137482 0.0110185 0.0317356 -0.0500723 0.13473 0.162268 0.118201 0.0099458 0.0319634 -0.0495567
0.122537 0.106268 0.0628555 -0.00547813 -0.0451631 0.0631456 0.111317 0.0965697 0.0427623 -0.00506584 -0.0456128 0.0631813
0.0707843 0.0627503 -0.0279387 -0.0119955 0.0632993 -0.104944 0.0611353 0.0540127 -0.048243 -0.0124853 0.0632373 -0.106213
0.0706965 0.0867257 0.0209301 0.00999142 -0.1011 0.067268 0.0593081 0.0757851 0.00238862 0.0104173 -0.101149 0.0678109
0.0592987 0.0591394 -0.0386715 0.00637551 0.0905253 -0.0048349 0.048065 0.0511587 -0.0584969 0.00710358 0.090135 -0.00395877
0.0803508 0.104867 0.084642 -0.00511384 -0.101967 -0.0344132 0.0700471 0.0929422 0.0633765 -0.0045857 -0.102823 -0.0354539
0.0783187 0.115273 0.0766873 0.0098047 0.050981 0.048056 0.0678588 0.106463 0.0563126 0.0110487 0.050988 0.0464016
0.0513949 0.070336 -0.0864038 0.0140017 -0.0554218 -0.0364763 0.0459849 0.063268 -0.109366 0.0151509 -0.0554798 -0.0351304
0.0967228 0.0543285 0.00959597 0.0195661 0.082795 0.0954461 0.085972 0.0442544 -0.0114768 0.0192074 0.0838363 0.0967711
0.113735 0.0901939 0.0205672 -0.00101192 -0.032689 -0.0544689 0.100696 0.0779185 -0.00366143 -0.000245331 -0.0332359 -0.0544073
0.088954 0.121857 0.0444024 0.00307922 0.0210212 0.0519584 0.0812451 0.115124 0.0235307 0.00259515 0.0200881 0.0519968
0.0742626 0.071952 0.00655577 -0.0159008 -0.0337592 -0.0840888 0.0655892 0.0611938 -0.0122652 -0.0143692 -0.0357518 -0.0858514
0.100693 0.0789652 0.0107625 -0.00532753 0.00327792 0.0565873 0.0940289 0.0730149 -0.0111909 -0.00450062 0.00242328 0.0570092
0.132821 0.121661 0.0710802 -0.007772 0.0101722 -0.0625719 0.126071 0.116278 0.0524003 -0.0082997 0.0101254 -0.0631739
0.0728783 0.0760554 0.04251 0.0111194 0.0129436 0.0841807 0.0663122 0.0700132 0.0243795 0.0117706 0.0134625 0.0832912
-0.468789 0.0564515 -0.124587 0.185335 -0.443172 0.0355866 -0.475914 0.0560029 -0.138732 0.189362 -0.447416 0.0313307
0.242572 0.588045 0.24955 0.678698 -0.642858 -0.290959 0.223984 0.580696 0.228729 0.665767 -0.63911 -0.293889
0.793692 1.02797 0.26287 0.148238 0.453585 0.320047 0.780259 1.01854 0.239729 0.149588 0.454419 0.323174
0.391974 1.3752 0.516445 0.269154 -1.07983 -0.664048 0.36845 1.35668 0.495092 0.268512 -1.0778 -0.662085
-0.940676 -1.26325 -0.420786 -0.340778 0.2154 -0.509143 -0.942312 -1.27186 -0.436883 -0.343683 0.218346 -0.509546
-0.0353709 -0.644606 -0.104731 0.307647 -0.213806 -0.678622 -0.0462332 -0.648815 -0.121881 0.305939 -0.213794 -0.683925
-0.0759894 -1.08593 -0.254781 -0.475109 0.248014 -0.0261881 -0.0826669 -1.09515 -0.27848 -0.481161 0.242686 -0.0311502
0.477445 0.869387 0.365751 0.873327 -0.256567 0.317372 0.46015 0.859271 0.34858 0.864375 -0.247174 0.321682
-0.422081 -0.96128 -0.2678 -0.256348 0.238187 0.383244 -0.435217 -0.968276 -0.288343 -0.261082 0.235688 0.386474
0.517774 1.55656 0.436402 0.0910386 0.269526 -0.286976 0.501222 1.53365 0.409841 0.0918215 0.270796 -0.286783
0.528576 3.41764 0.869594 0.33378 -1.64198 -0.109187 0.473485 3.39256 0.838875 0.314942 -1.64393 -0.10549
0.321588 2.49035 0.568952 -0.125293 -1.21118 -0.235647 0.284433 2.48227 0.547872 -0.121785 -1.22006 -0.231243
-0.0564701 -0.556184 -0.0733861 -0.659909 0.529987 -0.591747 -0.0549234 -0.559453 -0.084371 -0.673728 0.533144 -0.602525
2.10274 1.36775 0.791018 0.913284 0.503924 1.07432 2.08111 1.3405 0.768835 0.920926 0.505493 1.07649
0.864798 0.814402 0.371944 1.0381 -0.170769 0.430762 0.849497 0.801589 0.350417 1.01994 -0.157054 0.433082
-0.620041 0.0863428 -0.0674007 0.285967 -0.365648 0.152816 -0.628066 0.0884363 -0.0830093 0.289093 -0.368568 0.146377
1.22934 -0.214884 0.191253 -0.118895 0.338872 0.57386 1.20994 -0.227331 0.179731 -0.104085 0.337019 0.57479
-0.745372 -0.795806 -0.279058 0.103141 0.527588 0.663079 -0.751176 -0.798843 -0.296695 0.102184 0.528914 0.669284
0.606208 1.22932 0.419112 -0.317192 -0.798127 -0.558747 0.589752 1.22365 0.403701 -0.313912 -0.802927 -0.557598
-0.480342 0.104769 0.014359 -0.133814 -0.395969 0.144932 -0.488886 0.105113 -0.0043396 -0.137232 -0.401515 0.147922
-1.09355 -1.10696 -0.365327 -0.187669 -0.0510544 0.170603 -1.11012 -1.12042 -0.384789 -0.190643 -0.0529259 0.17221
-0.749877 0.0348597 -0.0450302 0.464339 -0.682436 -0.579445 -0.75976 0.0435349 -0.0552715 0.469335 -0.683084 -0.581383
0.770134 1.53297 0.579638 0.67657 0.467386 0.735867 0.761617 1.4962 0.554726 0.674594 0.464019 0.729713
-0.791942 0.128351 -0.0467189 0.42566 0.289097 -0.450645 -0.803506 0.124574 -0.0634348 0.438632 0.291644 -0.46004
0.793947 0.158139 0.256189 0.303472 0.303315 0.599642 0.792686 0.145494 0.23891 0.308268 0.306965 0.607634
0.450591 1.01735 0.330287 -0.357759 0.124182 -0.639595 0.440099 1.00161 0.309362 -0.362354 0.126165 -0.641504
-0.510455 0.262111 0.0584679 -0.317805 0.794185 0.589135 -0.518612 0.252782 0.0355504 -0.329076 0.795978 0.602754
0.486933 3.20065 0.809046 0.382223 -1.09071 -0.310416 0.452466 3.14258 0.79977 0.360018 -1.09773 -0.296616
1.12763 2.32494 0.836463 0.27291 -1.26041 -0.399094 1.09149 2.29068 0.792723 0.265178 -1.25607 -0.395462
0.348083 0.197198 0.15403 0.264407 0.786025 0.571764 0.340843 0.194359 0.136974 0.268185 0.788889 0.582991
0.820648 -1.42838 -0.0172744 -0.10325 -0.58338 0.513683 0.792343 -1.42447 -0.0261886 -0.0794062 -0.585624 0.504377
0.802801 0.334019 0.100287 0.158294 -0.106092 0.131257 0.797192 0.319588 0.0847029 0.161037 -0.107247 0.131375
-0.183744 0.310424 -0.00802598 -0.533759 -0.0271651 -0.683568 -0.185826 0.304872 -0.0293158 -0.538006 -0.0202166 -0.682914
-0.156381 0.508101 0.0824219 -0.601718 0.0703748 -0.468925 -0.162308 0.498607 0.0700493 -0.605877 0.0730184 -0.467052
0.287971 0.055932 0.0644789 -0.433055 0.0974534 -0.015015 0.277934 0.0472736 0.0444308 -0.43792 0.0976311 -0.0155776
-0.236542 0.790431 0.20351 -0.130194 0.804485 0.342708 -0.238173 0.767188 0.178098 -0.140368 0.803399 0.343918
-0.187208 -0.205491 -0.125727 -0.0137243 -0.599558 0.230877 -0.189469 -0.217522 -0.141975 -0.0152924 -0.609989 0.231633
0.376168 0.791102 0.284712 -0.125507 0.0738014 0.0677101 0.361212 0.785839 0.268371 -0.129514 0.0746035 0.0699861
-0.909823 -0.22705 -0.32613 -0.147443 0.6877 0.213117 -0.913879 -0.230139 -0.349182 -0.153652 0.685639 0.217035
-0.343482 1.13984 0.227043 0.160287 0.131388 -0.509891 -0.345372 1.11569 0.211177 0.176261 0.12964 -0.512651
1.08214 -0.168359 0.162405 -0.158772 -0.165838 0.0373048 1.07767 -0.189127 0.144833 -0.160526 -0.169437 0.0360753
0.786254 0.543509 0.316913 -0.0383823 0.312196 0.392918 0.7814 0.537693 0.298432 -0.0400688 0.315003 0.39777
0.24044 0.508392 0.1648 -0.0468318 -0.434799 0.362094 0.23211 0.504379 0.148113 -0.0519096 -0.43858 0.363102
0.381279 2.93835 0.684561 0.576496 -1.46307 -0.259766 0.336046 2.9062 0.659373 0.540204 -1.4509 -0.252999
2.16977 2.63518 1.17879 1.23118 0.404399 1.14089 2.15637 2.58197 1.14689 1.21775 0.392554 1.12592
0.665696 0.038219 0.138891 0.243189 -0.929874 -0.321196 0.662374 0.0133757 0.112474 0.235296 -0.936707 -0.317295
0.18953 0.00207676 -0.015542 0.292376 -0.725483 -0.318254 0.183937 -0.00929374 -0.0361977 0.286558 -0.729046 -0.316027
1.13383 -0.115414 0.270393 -0.209371 -0.393077 -0.283697 1.12777 -0.140041 0.25243 -0.207379 -0.398433 -0.285768
-0.664949 -0.899461 -0.231111 0.0236209 -0.901193 -0.411226 -0.671763 -0.91792 -0.262884 0.0236431 -0.92332 -0.4067
-0.716768 -1.44999 -0.405652 -0.197909 -0.442978 0.281986 -0.718107 -1.4612 -0.430045 -0.197841 -0.445071 0.281378
2.31725 2.45165 1.00468 1.09598 0.544685 0.979721 2.31259 2.42237 0.977369 1.08949 0.535214 0.970531
0.121789 0.143993 0.0406219 -0.0120737 -0.0269623 0.0514746 0.114838 0.138253 0.022064 -0.0105337 -0.0273213 0.0509186
0.043228 0.040918 -0.148246 -0.00371265 -0.0050865 -0.0301984 0.0361667 0.0351651 -0.166126 -0.00395835 -0.00463138 -0.0310064
0.0877198 0.0991623 -0.0507074 0.00121676 0.000643247 0.00774346 0.0805618 0.0904769 -0.0720355 0.00194361 0.000620491 0.00716231
0.0800972 0.117193 0.0159169 0.00797834 -0.0371979 0.0048151 0.073061 0.110441 -0.000315595 0.00819525 -0.038009 0.00354223
0.101653 0.109684 0.0731064 -7.79305e-05 -0.00559907 -0.00502216 0.0938568 0.100427 0.0540125 -0.000636442 -0.00561689 -0.00416374
0.139189 0.141185 0.0539793 -0.0168994 -0.00926982 0.00534156 0.133414 0.132928 0.0360292 -0.0175954 -0.00865101 0.00560022
0.132942 0.105621 -0.0858647 -0.0191997 0.0899356 -0.064363 0.125825 0.0994002 -0.102476 -0.0204663 0.0910111 -0.066265
0.0793228 0.122448 -0.0355407 -0.0059798 -0.0902813 0.0363533 0.0719144 0.115633 -0.0513835 -0.00691957 -0.0925058 0.0366674
0.152214 0.196976 0.185461 -0.00995623 -0.0193921 -0.065248 0.142585 0.187284 0.164622 -0.0109991 -0.0187982 -0.065108
0.125197 0.15493 0.0350398 -0.0160795 -0.0438984 0.0247013 0.114932 0.145386 0.00872713 -0.0166806 -0.0440171 0.0240328
0.0923804 0.0640423 -0.176987 -0.0102043 0.0273166 -0.0493542 0.0882484 0.0555697 -0.200077 -0.00905582 0.030607 -0.0499444
0.131531 0.0597189 -0.00997164 -0.0161278 0.107609 -0.0252308 0.123248 0.0521193 -0.0301065 -0.0160667 0.111937 -0.0236488
0.0991953 0.164743 0.0774346 -0.00867167 -0.135076 -0.0211589 0.090547 0.15397 0.0579377 -0.00861576 -0.137814 -0.0197678
0.100824 0.0690524 -0.029886 -0.00195072 0.162066 -0.0301387 0.0900985 0.0606695 -0.0489587 -0.000513423 0.16349 -0.0297794
0.111918 0.117393 -0.0378583 0.00651254 -0.126685 0.0678532 0.107404 0.108831 -0.0563433 0.00553582 -0.126367 0.0685079
0.116398 0.0775113 -0.0624035 -0.0138155 0.157595 -0.0518101 0.107012 0.0682141 -0.0874435 -0.0142939 0.16049 -0.0539479
0.132815 0.130383 0.062889 -0.015577 -0.0906805 0.0405262 0.12542 0.12042 0.0440359 -0.0174691 -0.0920879 0.0410737
0.152592 0.130949 -0.0254619 0.00247728 0.0776678 -0.0569948 0.146934 0.119314 -0.0426298 0.00238368 0.0792137 -0.060526
0.0832373 0.111081 -0.0624976 -0.00266101 -0.0869604 0.0177208 0.0770494 0.105655 -0.0841783 -0.00115181 -0.0873483 0.0165119
0.118818 0.092517 0.0731061 -1.15559e-05 0.0640573 -0.0229505 0.111053 0.0862329 0.0555716 -9.52843e-05 0.0642735 -0.023055
0.127176 0.148969 0.0801452 0.012553 -0.0240932 0.0808386 0.123254 0.142567 0.0616073 0.0122481 -0.0232019 0.0821598
0.108846 0.089751 -0.0122615 -0.00485997 0.051715 -0.0725846 0.100614 0.0829014 -0.0354762 -0.00588457 0.0525086 -0.0719
0.108546 0.112316 -0.0119164 0.00242712 -0.0163194 0.0870266 0.105203 0.10515 -0.0340701 0.000463059 -0.0177133 0.0862746
0.0901918 0.145107 -0.0451485 -0.00753489 -0.0786796 -0.0810124 0.0875981 0.140646 -0.0657517 -0.00821564 -0.080776 -0.0823072
0.0522701 0.0737234 -0.14357 0.00166095 -0.0202171 0.0480016 0.0432491 0.0666405 -0.163237 0.00271801 -0.020131 0.0469577
0.0718436 0.060558 -0.0958826 -0.00957206 -0.0785771 -0.0465565 0.0658254 0.0552274 -0.114873 -0.0103938 -0.0791729 -0.0475848
0.141145 0.113006 0.0723741 0.00407227 0.119637 0.0238052 0.129779 0.104209 0.0551236 0.00211935 0.119761 0.0220918
0.14392 0.113841 0.0639921 0.00111034 -0.121807 -0.0171869 0.138323 0.105913 0.0461617 0.00271712 -0.122705 -0.017114
0.0495793 0.0599904 -0.115562 0.0200578 0.117375 0.0476707 0.0407649 0.0551456 -0.13181 0.0198775 0.117156 0.0510042
0.108347 0.111706 0.000588566 0.0472736 -0.101499 0.0437581 0.102805 0.101626 -0.0231056 0.0473132 -0.104278 0.0470713
0.11031 0.131236 0.0680045 -0.0192765 0.051286 -0.0513943 0.102594 0.123832 0.0499295 -0.0193722 0.0525048 -0.0522861
0.0887915 0.0820066 -0.0275179 -0.0152931 -0.0455766 -0.0043237 0.0790585 0.0750868 -0.0433694 -0.0143222 -0.0467251 -0.00729217
0.0780219 0.056188 -0.149627 0.00343311 0.0309274 -0.0164242 0.069409 0.0423271 -0.169854 0.00395999 0.0318379 -0.0164857
0.0873712 0.056172 -0.0602245 0.00905148 0.0489583 0.0108271 0.0825391 0.0497032 -0.0760105 0.00868409 0.047979 0.010512
0.0947611 0.158477 -0.0173352 0.00105308 -0.0654418 0.0214916 0.0925304 0.150304 -0.0369962 -0.000829265 -0.0684438 0.0191608
0.107703 0.136458 0.0569858 -0.0135149 -0.00929333 -0.0402985 0.0999278 0.125647 0.0385216 -0.0103558 -0.00936144 -0.0420141
0.164945 0.0983373 0.0150534 -0.000734936 0.0169832 0.0191528 0.157097 0.0924944 -0.00373619 0.000317969 0.0199992 0.0190034
0.0721894 0.065404 -0.149771 0.0158137 0.0199988 0.012783 0.0636138 0.0554761 -0.172478 0.0174273 0.0194448 0.0137036
0.0990944 0.0857678 0.0207581 0.0183017 0.0135776 0.0455407 0.0895662 0.0775464 -0.000182812 0.0199697 0.0151689 0.0475949
0.081786 0.0781713 -0.00691315 0.00627748 -0.0117265 -0.0163471 0.0741092 0.0731621 -0.0266535 0.00646093 -0.0105817 -0.0173382
0.111741 0.0741061 -0.00357724 -0.0200738 0.112277 0.00367633 0.101592 0.0661097 -0.0219064 -0.0195401 0.115295 0.00346722
0.120211 0.124784 0.0585312 -0.0482126 -0.110949 -0.157028 0.108786 0.118628 0.0415114 -0.0485275 -0.110916 -0.158326
0.0927468 0.111386 -0.0512549 -0.00562762 0.0933182 0.0747993 0.0870732 0.104164 -0.0655112 -0.00818692 0.094599 0.0738057
0.113381 0.0973241 0.0187237 0.0152263 -0.0902292 -0.0526332 0.105837 0.0885263 0.00326953 0.0150867 -0.0913997 -0.0528784
0.124643 0.103111 0.115139 0.0109673 0.0544636 0.0538104 0.120948 0.0992621 0.0994378 0.0103644 0.054712 0.0548402
0.138094 0.157867 0.028111 -0.000349819 -0.0519272 -0.0173875 0.12884 0.15004 0.00465565 -5.75554e-05 -0.0518798 -0.0168794
0.123105 0.109732 -0.000672069 0.0118727 -0.00110954 0.00649117 0.115806 0.101468 -0.0206887 0.015028 -0.00123868 0.00605179
0.113501 0.0903266 -0.029027 -0.00630389 0.0319875 -0.0131405 0.107037 0.0847647 -0.0465428 -0.00597211 0.0321751 -0.0125793
0.140955 0.117482 0.0585123 -0.023186 -0.0198257 -0.0710357 0.133573 0.108369 0.0395377 -0.0217482 -0.0185391 -0.0715134
0.145856 0.0998547 0.0171703 -0.00867012 0.0771028 0.0307635 0.137479 0.0931962 -0.00429184 -0.00930723 0.076331 0.0315706
0.0743643 0.0799685 -0.0889052 0.00462517 -0.0580822 -0.0146757 0.0684509 0.0742171 -0.111005 0.0079484 -0.0586263 -0.0140538
-0.95815 -0.247823 -0.154307 -0.670366 0.126454 0.336786 -0.973757 -0.243853 -0.177138 -0.677883 0.132249 0.343733
-0.518584 -1.59192 -0.346248 -0.356789 -0.437796 0.409968 -0.522791 -1.59585 -0.364829 -0.349429 -0.438645 0.40366
-0.964535 -1.60823 -0.472779 -0.570697 -0.189384 0.535515 -0.976764 -1.60369 -0.490292 -0.564253 -0.18674 0.526316
0.435941 0.788632 0.180867 0.121903 0.33508 -0.411792 0.419995 0.779128 0.160669 0.125154 0.33681 -0.41517
0.548087 0.62004 0.188465 0.536312 -0.163423 -0.187041 0.53352 0.6125 0.172285 0.533841 -0.162097 -0.187696
-0.0217259 1.6903 0.283921 0.450476 -0.136915 -0.129778 -0.0306302 1.66575 0.269618 0.453747 -0.141138 -0.132883
-0.62131 -0.343166 -0.121259 -0.14375 -0.404554 -0.338211 -0.624286 -0.35126 -0.138834 -0.140629 -0.406986 -0.332886
-0.118151 1.1067 0.162299 -0.022888 -0.0394444 -0.208916 -0.127777 1.10083 0.141309 -0.020351 -0.0404818 -0.210393
-0.644543 0.942388 0.0483113 -0.4982 -0.621986 0.189514 -0.66291 0.951512 0.0313455 -0.503627 -0.627443 0.19292
0.945394 2.23579 0.735209 0.23917 -1.28169 -0.333635 0.914062 2.20703 0.702429 0.232261 -1.27934 -0.331385
0.365928 0.165701 0.146768 -0.127659 -0.870481 -0.396543 0.366766 0.146481 0.127419 -0.1218 -0.882062 -0.391602
0.83492 1.35553 0.482689 -0.311937 -0.878062 -0.592323 0.814991 1.339 0.467748 -0.304809 -0.87734 -0.588353
-0.763996 -0.63345 -0.202096 0.0616929 -0.31397 -0.542365 -0.77111 -0.645227 -0.219549 0.0690186 -0.311999 -0.540804
0.342145 -0.447407 0.0776215 -0.479637 -0.716101 -0.14688 0.340599 -0.465025 0.0603127 -0.464988 -0.719591 -0.149433
0.1831 1.75749 0.403054 0.0776081 -0.872028 0.00929773 0.158044 1.76183 0.387006 0.0795074 -0.88176 0.00705861
1.10457 1.58348 0.41704 0.150622 -0.283786 0.124843 1.09266 1.57756 0.405473 0.151348 -0.287781 0.126735
-0.407978 0.413001 -0.0532952 -0.654958 0.433378 -0.166519 -0.413964 0.398862 -0.0695451 -0.661605 0.432152 -0.160351
0.151961 -0.516899 -0.056901 -0.0776567 -0.562706 -0.596893 0.157481 -0.538592 -0.0740428 -0.0769485 -0.569555 -0.59605
0.457684 0.608617 0.175523 -0.196647 0.0317658 -0.552691 0.447813 0.600134 0.160178 -0.194522 0.03368 -0.555743
-0.0358449 1.37447 0.337935 0.252113 0.361267 0.0567422 -0.0291979 1.33031 0.310938 0.248631 0.357183 0.0504229
0.2611 -0.264228 0.0601018 -0.401784 0.69552 0.621427 0.235455 -0.255411 0.0384862 -0.398268 0.697683 0.62895
0.406337 1.51102 0.183615 0.164827 -0.568185 -0.0231886 0.392122 1.50622 0.174003 0.161456 -0.574288 -0.0203746
-0.519407 0.243817 -0.0854926 0.375558 -0.159849 0.336014 -0.527086 0.243539 -0.0979839 0.376757 -0.156758 0.333303
-0.519056 -1.32427 -0.347965 -0.441172 0.126155 0.185676 -0.537991 -1.34042 -0.376394 -0.447364 0.123288 0.180372
-0.509926 0.974328 0.206174 -0.261935 -1.05543 -0.102016 -0.531461 0.986744 0.180819 -0.25746 -1.07122 -0.101604
1.2294 0.142294 0.406299 0.129223 0.322166 0.662308 1.23042 0.131389 0.387945 0.138362 0.323292 0.661957
-0.178401 0.967456 0.0277195 -0.117536 -0.373931 -0.350269 -0.192141 0.958561 0.019311 -0.11575 -0.378425 -0.35046
0.412914 0.65234 0.274621 -0.47559 -0.91892 -0.32318 0.409608 0.641317 0.255664 -0.461111 -0.922039 -0.319974
0.3448 1.54903 0.396576 0.637421 -0.549637 -0.488715 0.318955 1.51977 0.38765 0.616719 -0.543056 -0.489176
0.939261 1.45179 0.545225 0.671056 0.0117926 0.13085 0.922126 1.43759 0.528223 0.666311 0.0112494 0.13481
3.41318 2.59291 1.41401 2.02813 1.37196 1.77653 3.41114 2.48698 1.40273 2.02643 1.36833 1.80837
0.25633 0.0429506 -0.0126366 -0.296987 -0.656703 -0.245734 0.256341 0.0314688 -0.0278756 -0.292413 -0.666133 -0.242952
-0.437236 0.556272 -0.0447544 0.390102 0.286243 -0.366573 -0.447781 0.546025 -0.0652639 0.396666 0.28969 -0.37217
1.44833 2.36154 0.891587 0.695996 -0.76718 0.563601 1.42038 2.34562 0.867214 0.67991 -0.757633 0.560844
0.909396 0.580583 0.276847 0.374413 1.00523 0.722817 0.90922 0.574519 0.252832 0.373173 1.00653 0.732992
0.166226 0.15681 0.0867106 -0.000161058 -0.0217441 -0.0575962 0.163443 0.147618 0.0660395 0.000890141 -0.0233317 -0.0595861
0.0958658 0.0793448 -0.262198 -0.00372879 0.0125659 0.031448 0.0867719 0.0617681 -0.277661 -0.00316803 0.0110015 0.0316333
0.0939893 0.0858232 -0.118874 -0.00470844 0.0280243 -0.0212603 0.0919648 0.080589 -0.132121 -0.00710221 0.0282827 -0.019679
0.160608 0.148433 0.0813038 0.0138825 -0.0612676 0.0117544 0.152227 0.140414 0.0609417 0.0134393 -0.0615925 0.0141584
0.113277 0.12787 -0.0682016 0.00838974 0.0235942 0.0287469 0.102385 0.122746 -0.0892729 0.00822705 0.0246838 0.030731
0.0973173 0.0988659 -0.0632688 -0.0112206 -0.00278415 -0.0358562 0.0899558 0.0951696 -0.0799943 -0.013993 -0.00328694 -0.0362391
0.197322 0.142149 0.14757 -0.0458183 -0.00600577 -0.0622635 0.194127 0.13674 0.131251 -0.0469374 -0.00508512 -0.0637407
0.141665 0.0936908 -0.0575787 -0.0172236 0.0630318 -0.050058 0.133957 0.0867095 -0.0804904 -0.0171523 0.0636782 -0.050388
0.139722 0.0734963 -0.0741163 -0.00887935 -0.0374313 -0.000301835 0.132567 0.0636716 -0.0934295 -0.0110527 -0.03685 0.00152103
0.155788 0.16147 0.118111 0.0167414 0.0675123 0.08075 0.150132 0.155424 0.0984997 0.0173673 0.0699785 0.0819473
0.149355 0.0955284 -0.0548381 -0.00509543 -0.0318731 -0.132196 0.143946 0.0888958 -0.0709424 -0.00351984 -0.0311042 -0.130635
0.123599 0.131009 -0.0717103 0.0113804 0.0165557 0.126001 0.112679 0.118469 -0.0920986 0.0104973 0.0166845 0.126782
0.177147 0.117772 0.0497274 -0.000179692 -0.0273018 -0.0420632 0.170564 0.108684 0.0295905 -0.00113424 -0.0260099 -0.042918
0.133226 0.0965434 -0.0445223 -0.0259486 0.0496655 0.0357466 0.123496 0.0896297 -0.0643338 -0.0258923 0.0501383 0.0356376
0.104041 0.10872 0.0057726 -0.0129254 -0.0239042 -0.00279056 0.0981409 0.100005 -0.0121631 -0.0119874 -0.0242353 -0.00462164
0.0992035 0.123285 -0.0373823 0.00571289 -0.00768129 -0.0809009 0.0883447 0.111814 -0.0567965 0.00745618 -0.00776245 -0.0815211
0.0796372 0.0875738 -0.126696 0.0160942 -0.00916399 0.10544 0.0731828 0.078093 -0.143854 0.0151366 -0.00487261 0.106211
0.182812 0.13798 0.0764588 0.0154098 0.0516845 -0.106081 0.176594 0.128871 0.0607891 0.016464 0.0556845 -0.10796
0.164317 0.168723 0.0200994 -0.0150017 0.0108966 0.0489835 0.16002 0.167574 0.00364691 -0.0176497 0.0121658 0.0502094
0.0979857 0.125277 -0.114365 -0.030418 -0.0053131 -0.115709 0.0993367 0.123138 -0.129743 -0.0288692 -0.00678509 -0.115903
0.188363 0.231858 0.171791 0.0123015 -0.0768108 0.0883165 0.18465 0.226222 0.15116 0.0123798 -0.0764227 0.0868857
0.151119 0.0951851 -0.0095127 0.0177378 0.0739785 -0.0422531 0.147483 0.0884509 -0.0297741 0.0188695 0.0774841 -0.0432987
0.0916341 0.112422 -0.115617 0.000630588 -0.0464526 0.0801078 0.0883747 0.1032 -0.133444 -0.000595907 -0.0476272 0.0796304
0.155391 0.151964 -0.0367025 -0.0170884 0.0473565 -0.0742537 0.150337 0.141386 -0.0544872 -0.0158978 0.0502771 -0.0770717
0.158611 0.21408 0.112137 -0.0137293 -0.0888686 0.00736834 0.151805 0.206696 0.0922483 -0.013418 -0.0914525 0.00681664
0.0599187 0.105341 -0.138126 0.025784 0.0712646 0.0303456 0.0540441 0.100646 -0.162451 0.0281425 0.0687897 0.0327874
0.164028 0.108401 0.0151375 0.00277422 -0.039384 0.0170306 0.163819 0.102514 -0.00390505 0.00235655 -0.0407725 0.017624
0.192953 0.179886 0.0830599 -0.029153 0.101689 -0.00356008 0.188473 0.175516 0.0680703 -0.0268574 0.102979 -0.00821154
0.175412 0.128292 0.0556272 -0.0400124 -0.048761 -0.0958041 0.168134 0.12505 0.0366604 -0.0391662 -0.0500247 -0.0973194
0.149283 0.150641 0.0727408 -0.00563019 0.0453519 0.0249626 0.140525 0.146267 0.0533577 -0.00809045 0.0454049 0.0246054
0.157409 0.132879 -0.00125403 -0.00735284 0.00351471 0.0392793 0.15318 0.129304 -0.0179416 -0.00788232 0.00440385 0.0402638
0.105264 0.15376 -0.0260249 0.0189453 -0.0802227 0.000845092 0.101462 0.153241 -0.0464448 0.0209391 -0.0803474 0.000829147
0.158356 0.20206 0.134641 -0.00581365 0.0826058 0.0559642 0.153742 0.200619 0.118341 -0.00852002 0.0846449 0.0560767
0.116605 0.157925 -0.0112022 -0.028906 -0.128054 -0.0554795 0.108785 0.150309 -0.0281097 -0.0266155 -0.12649 -0.0589337
0.0882051 0.0836678 -0.172242 -0.00105674 0.0811545 0.0663546 0.0887558 0.0811545 -0.193683 -0.00147414 0.0806711 0.0659022
0.100735 0.146296 0.0181385 -0.0047525 -0.0590328 -0.0892344 0.0911684 0.139763 -0.00214885 -0.00152257 -0.0597094 -0.0895275
0.136138 0.186724 0.0185683 0.00738799 -0.0775758 0.0725988 0.129262 0.183234 -0.000354639 0.00556065 -0.077653 0.0734104
0.123402 0.118212 -0.0555594 -0.0218752 0.0387464 -0.106341 0.113375 0.109133 -0.0781961 -0.0219964 0.0380741 -0.107724
0.185255 0.152503 0.0936667 0.0152402 -0.068114 0.0677519 0.181736 0.14672 0.0759531 0.0189478 -0.0683781 0.0698498
0.0856489 0.0992424 -0.0909417 0.0125588 0.0981349 -0.0132015 0.0752009 0.0889989 -0.111791 0.01223 0.100715 -0.0128104
0.0818029 0.107951 -0.0856115 0.00988912 -0.0900679 0.0236473 0.0779821 0.104625 -0.100454 0.00937545 -0.0936629 0.0258779
0.0991371 0.12664 -0.058104 -0.0155968 0.0153584 -0.0433067 0.0924075 0.119751 -0.073434 -0.014242 0.0154552 -0.0441573
0.113196 0.126686 -0.0373687 -0.00155315 -0.0393914 0.0187118 0.108422 0.121315 -0.0529925 -0.00374554 -0.0375409 0.0178237
0.145196 0.158043 0.0629088 -0.0236862 0.00690163 -0.0267786 0.136593 0.152238 0.0457959 -0.0231372 0.00682906 -0.0297593
0.125005 0.131881 0.0361794 -0.00652435 -0.0324712 -0.00365367 0.11941 0.127601 0.0142548 -0.00574811 -0.0330071 -0.00357045
0.128965 0.135546 0.0421952 0.0193266 0.111153 -0.0108457 0.122584 0.127589 0.0202408 0.0209193 0.113441 -0.0114957
0.11775 0.0939204 -0.130183 -0.00347552 -0.0637878 0.027341 0.109258 0.0850459 -0.147204 -0.00765422 -0.0627898 0.0293417
0.113888 0.183554 0.0220357 0.00759915 0.0424064 -0.0411034 0.102008 0.177257 -0.000871875 0.0113412 0.0418666 -0.0415566
0.0852207 0.147042 0.0562986 0.0144991 -0.10086 0.0512371 0.0815786 0.143589 0.038717 0.0118359 -0.103184 0.0502823
0.0471944 0.109722 -0.173456 0.0193632 -0.0261584 0.000925373 0.0413579 0.10819 -0.195949 0.0195406 -0.0268126 0.00177545
0.123032 0.120999 -0.0801589 -0.0125232 0.0457675 0.0282534 0.123575 0.122816 -0.0989724 -0.014074 0.0462287 0.0278807
-0.0561851 0.510606 0.239727 -0.697824 0.341396 -0.128193 -0.0648699 0.503351 0.225094 -0.705757 0.343634 -0.123931
-0.558917 1.01154 0.119507 -0.0674378 -1.00495 -0.100411 -0.570082 1.02728 0.110967 -0.0648543 -1.01696 -0.0981545
-0.630777 -0.151533 -0.205415 0.547364 0.176491 0.0611482 -0.642538 -0.154839 -0.229035 0.556949 0.181566 0.0548252
-0.982788 -0.947471 -0.463319 -0.318019 0.334807 -0.299491 -0.996239 -0.962548 -0.48624 -0.320516 0.336342 -0.299629
-0.4601 -0.199 -0.0627391 -0.691916 0.568286 0.668289 -0.478607 -0.186141 -0.0804424 -0.684515 0.575478 0.676265
1.29595 1.62922 0.545362 0.819707 0.256561 0.293245 1.28131 1.60206 0.536844 0.813818 0.258547 0.296221
1.07597 1.83844 0.570711 0.305774 -1.00498 0.000542848 1.04806 1.8194 0.549716 0.293617 -1.00357 -0.000109351
0.127026 -1.31088 -0.241865 -0.422303 -0.48679 0.387989 0.120177 -1.31023 -0.261416 -0.406162 -0.49257 0.373333
-0.169252 -0.148491 -0.114983 -0.30122 -0.470537 0.281667 -0.172801 -0.164639 -0.13202 -0.30143 -0.470321 0.281541
-0.0977238 1.28979 0.357064 0.504045 0.293623 0.234277 -0.0927512 1.25783 0.343268 0.507471 0.282734 0.224825
-0.287277 0.857417 -0.0021173 0.47476 -0.159768 0.509833 -0.296384 0.855136 -0.027865 0.476204 -0.159231 0.504084
0.589343 0.986398 0.326316 -0.663464 -0.490315 -0.724039 0.581881 0.981629 0.308897 -0.657268 -0.481305 -0.724697
1.0678 0.945412 0.52343 0.398354 -0.649591 -0.585608 1.04598 0.931115 0.506367 0.388016 -0.649502 -0.589781
-0.0909822 0.374535 0.13163 -0.814365 0.0975242 0.53539 -0.116265 0.367347 0.12678 -0.799143 0.101404 0.536628
0.506792 0.851793 0.136003 -0.0505967 -0.0225976 0.120686 0.4943 0.842748 0.119191 -0.0523179 -0.021915 0.124035
0.382823 0.142416 0.122447 -0.406694 0.198804 0.184109 0.370628 0.1353 0.104487 -0.41447 0.199286 0.185244
0.499579 0.0296249 0.0253903 -0.517343 -0.130666 -0.214552 0.490448 0.013129 0.0083673 -0.519554 -0.131158 -0.218045
-1.07114 -0.923126 -0.335325 -0.670936 0.244502 0.502058 -1.08441 -0.924263 -0.360898 -0.670971 0.247619 0.499539
0.121431 -1.57666 -0.120189 -0.367603 -0.268808 0.198793 0.11049 -1.57471 -0.143112 -0.356773 -0.27046 0.189538
1.84628 0.863226 0.493005 -0.21764 0.627715 -0.438436 1.83919 0.852802 0.461697 -0.218976 0.627158 -0.43661
2.0401 3.52076 1.39506 0.739127 -0.475515 0.137538 2.05925 3.48106 1.40006 0.697717 -0.470958 0.155268
0.404355 -0.83968 -0.0770121 0.0632951 0.0317368 0.543297 0.410395 -0.852829 -0.0921005 0.0722268 0.0277911 0.542853
-0.686004 0.479166 -0.210185 0.153945 0.0546198 0.0456245 -0.696874 0.468554 -0.231841 0.157944 0.0553489 0.0454266
1.16626 0.855758 0.371779 -0.0485877 0.601505 0.253258 1.15756 0.847416 0.369108 -0.044304 0.602954 0.253329
-0.298047 -0.114689 -0.178942 -0.273265 0.815078 0.635922 -0.311439 -0.11075 -0.206183 -0.282456 0.820882 0.652625
1.82969 1.21621 0.673062 0.175062 0.538486 0.259031 1.81748 1.20305 0.661388 0.175721 0.544098 0.261174
-0.749143 -0.0239807 0.0160257 -0.479875 0.760617 0.287005 -0.749922 -0.0341949 -0.00154543 -0.490405 0.759356 0.296755
0.989876 0.0609275 0.153685 0.21381 -0.124532 -0.39589 0.975415 0.046893 0.135082 0.210163 -0.129513 -0.394889
0.816613 -0.742659 -0.152145 -0.298023 0.254362 -0.318458 0.815229 -0.76009 -0.174616 -0.303463 0.251776 -0.320143
0.119998 0.192892 -0.0355179 -0.629518 -0.251762 -0.420077 0.116331 0.178807 -0.0525592 -0.629749 -0.247878 -0.422291
0.848721 1.28516 0.241459 0.143434 0.57898 -0.0559543 0.839465 1.27426 0.228671 0.141771 0.578232 -0.051386
0.657492 -0.895916 -0.0590274 -0.074395 -0.740118 -0.0667907 0.66494 -0.919428 -0.089771 -0.0752139 -0.745119 -0.065818
0.179021 -0.161547 -0.00235164 0.25883 0.664098 0.624686 0.174919 -0.163854 -0.020514 0.25942 0.664471 0.63085
0.475728 0.441885 0.0432197 -0.347018 0.309121 0.154531 0.467571 0.433846 0.0331413 -0.352227 0.310409 0.157478
0.0635096 0.37194 0.150817 0.48749 0.899018 0.734122 0.0669032 0.357559 0.139165 0.489846 0.895691 0.738
0.225437 0.17902 0.00441967 0.0267647 -0.041076 0.0908002 0.227301 0.178781 -0.0227035 0.0262569 -0.0395552 0.0929854
0.20972 0.171306 0.0954314 0.0174196 0.0407902 -0.0268312 0.212127 0.166922 0.0808908 0.015483 0.0405516 -0.0255874
0.201441 0.250856 0.124585 0.00206516 0.0178656 0.0264186 0.199076 0.248289 0.103554 0.00261533 0.0188678 0.0268591
0.212025 0.160615 0.108045 0.0332899 0.0235319 0.00855526 0.214459 0.15905 0.0902444 0.0319094 0.0197398 0.0130171
0.119791 0.150132 -0.0368643 0.00727127 -0.0567803 0.0099502 0.12142 0.148159 -0.0492434 0.00801606 -0.0570843 0.00977673
0.123848 0.179736 -0.024521 0.0201531 0.00704526 0.0220468 0.12104 0.175549 -0.0363079 0.0196077 0.00718958 0.0222971
0.133445 0.126578 -0.101596 -0.0173306 0.00913913 -0.0518642 0.131726 0.122969 -0.116004 -0.0156577 0.0104216 -0.0514244
0.186316 0.134444 -0.0189085 -0.00374995 0.0514135 0.0933439 0.188938 0.131653 -0.0403703 -0.00224821 0.0548184 0.093472
0.2559 0.269731 0.208852 0.016225 0.0375832 -0.0308092 0.251951 0.273327 0.185957 0.0196069 0.0371861 -0.0308888
0.159653 0.220551 0.0493476 -0.00595202 -0.120865 0.05493 0.160513 0.213022 0.0277929 -0.00466634 -0.125461 0.0552997
0.0701672 0.115559 -0.170278 -0.0222714 0.0514848 -0.0874886 0.0668714 0.113963 -0.189783 -0.0206139 0.0529846 -0.0882683
0.167441 0.14986 -0.0434423 -0.0227551 0.049638 -0.0113265 0.161703 0.146047 -0.0547318 -0.0171484 0.0510825 -0.00825242
0.169737 0.264129 -0.0416624 0.0578154 -0.103094 0.0410768 0.161973 0.254346 -0.0590136 0.0558294 -0.10449 0.0458714
0.151863 0.191923 -0.0764189 0.00968111 0.030356 0.000889488 0.147691 0.188633 -0.103044 0.00681491 0.0307592 0.000757347
0.175553 0.144561 -0.00677057 0.0402921 0.0219542 0.0125565 0.174167 0.144977 -0.0288012 0.0438864 0.0233153 0.0134225
0.183475 0.135056 0.100267 -0.0129194 -0.00263633 0.00980585 0.181042 0.128398 0.0898035 -0.0157157 -0.00150253 0.0105346
0.197933 0.190678 0.0303358 -0.000739404 0.0436544 -0.0524707 0.19602 0.189973 0.0141942 0.00551082 0.0419673 -0.0556382
0.0325209 0.0465856 -0.269254 0.0192495 -0.0430222 -0.0199355 0.0312431 0.045713 -0.285873 0.0198756 -0.0437582 -0.0195021
0.204958 0.151964 0.00210699 0.0369242 0.0433079 0.134064 0.196454 0.147273 -0.014635 0.0326336 0.0419474 0.135216
0.154216 0.183216 0.130365 -0.010212 -0.0150492 -0.13102 0.151314 0.180117 0.110335 -0.014145 -0.0137886 -0.130724
0.202749 0.169383 0.0682714 -0.0108728 0.0372782 0.0576777 0.200192 0.161338 0.055556 -0.0106082 0.0427168 0.0594282
0.149389 0.152699 0.00461028 0.0383855 -0.00552419 -0.00032367 0.145442 0.146674 -0.0109302 0.0368443 -0.00733006 0.00326578
0.174079 0.199104 0.120599 0.0573586 -0.0745688 0.109172 0.172237 0.192697 0.100269 0.0559058 -0.0766638 0.110012
0.165092 0.244949 0.0384742 -0.0162114 0.0309085 -0.0197096 0.165609 0.242364 0.026937 -0.0196758 0.0303669 -0.0201532
0.126535 0.164192 -0.0399985 0.0195988 -0.0843838 0.0173915 0.123973 0.158036 -0.0529721 0.0203675 -0.0825944 0.0174531
0.183857 0.199322 0.115336 -0.0190761 -0.0250598 -0.0216337 0.179795 0.195175 0.0999468 -0.0195494 -0.0271435 -0.0202108
0.147596 0.18203 0.0231791 -0.0368131 0.0628858 -0.0169146 0.14198 0.180951 0.00623762 -0.0369214 0.0622054 -0.0174641
0.168634 0.13534 0.00203399 0.011738 -0.0796471 -0.0681052 0.163827 0.125524 -0.0112614 0.0151804 -0.0802011 -0.0699551
0.244657 0.164681 0.094833 -0.00864746 0.17447 0.0136913 0.242472 0.163771 0.0844038 -0.0116853 0.175125 0.0130421
0.125772 0.0845546 -0.174095 0.0196581 -0.102302 0.0297949 0.124422 0.0788085 -0.195138 0.021241 -0.100762 0.0293687
0.127314 0.1103 -0.187254 0.00765603 0.0451452 -0.106164 0.124363 0.10041 -0.205317 0.00934491 0.0463297 -0.106437
0.21288 0.195741 0.069564 -0.0096757 0.0223989 0.0410349 0.21373 0.196984 0.0564948 -0.0119503 0.0236991 0.0404236
0.200738 0.116199 -0.0807416 -0.0304177 0.0461862 -0.00556126 0.202198 0.115224 -0.106066 -0.0277858 0.0474369 -0.00438493
0.0800076 0.136407 -0.201009 -0.030549 -0.0247905 -0.0593027 0.0717558 0.131595 -0.219738 -0.0323889 -0.0251259 -0.0607325
0.181561 0.196421 0.0793357 0.0018314 -0.030179 -0.0638586 0.17783 0.193538 0.0592908 0.00237876 -0.0323183 -0.0622844
0.164321 0.147915 -0.0501448 -0.0310127 0.0228701 0.0112925 0.159537 0.143939 -0.066157 -0.0331866 0.0220319 0.0106668
0.170501 0.134167 0.019527 -0.0149356 0.0284171 -0.0459609 0.161918 0.126075 -0.00167375 -0.0138683 0.0305352 -0.0471491
0.193533 0.164293 0.0205784 -0.00339823 0.0590043 0.000980329 0.186166 0.161398 -0.00383103 -0.00254022 0.0610861 0.0019857
0.09615 0.141655 -0.115086 0.0141217 -0.0104202 -0.0198566 0.0935968 0.141856 -0.131076 0.0176169 -0.00922869 -0.0189179
0.130161 0.16194 -0.13961 0.0194844 -0.0530688 0.039478 0.117846 0.156091 -0.158 0.0166991 -0.0550835 0.0418076
0.170892 0.192533 0.0375155 -0.0298304 -0.0159208 -0.0622485 0.168216 0.18485 0.0121194 -0.0295048 -0.0155059 -0.0639929
0.132414 0.13364 0.0427483 0.0304807 -0.00391541 0.0168222 0.133269 0.127849 0.0254334 0.0310829 -0.00157179 0.016993
0.214832 0.185199 0.132853 0.00367102 -0.00230704 0.0224277 0.212167 0.179226 0.115191 0.000969658 0.000124734 0.0183774
0.22735 0.144881 0.0507455 0.0161864 0.148757 -0.0596022 0.218978 0.144227 0.03183 0.0144698 0.152508 -0.0607875
0.205284 0.204992 0.106141 0.0259397 -0.0642404 0.0782575 0.194086 0.201346 0.0986448 0.0265027 -0.0678319 0.0806669
0.14293 0.131036 -0.0365364 0.0395138 0.0680343 0.0141075 0.136506 0.12486 -0.0545128 0.0391834 0.0693938 0.0171198
0.154126 0.160799 -0.044408 0.0202157 -0.0218582 0.0132952 0.144014 0.159181 -0.068845 0.0215966 -0.0213435 0.0118208
0.142726 0.189693 -0.044408 -0.0244969 -0.0198372 0.00770717 0.13568 0.18977 -0.0607812 -0.0234095 -0.0214728 0.00428203
0.141978 0.130135 -0.0679205 -0.0165026 0.0404821 -0.11866 0.134259 0.121282 -0.0790689 -0.0154505 0.0404772 -0.12143
0.0800049 0.0775878 -0.158506 -0.00340609 0.0291874 0.0230621 0.0765402 0.0798518 -0.169929 -0.00423411 0.0305385 0.0254866
0.17275 0.187401 0.031273 -0.00121307 0.0532733 -0.0196155 0.170122 0.181539 0.01852 7.93914e-05 0.0515295 -0.0212677
0.277408 1.6751 0.499167 0.199145 0.492156 -0.17877 0.291291 1.62117 0.474893 0.195407 0.481749 -0.178838
0.51487 -0.623365 -0.0161828 0.294193 -0.200826 0.507261 0.531033 -0.644436 -0.0286716 0.298085 -0.201659 0.507444
0.650598 1.55723 0.384039 0.208444 -0.618911 0.269101 0.643471 1.5549 0.369073 0.209154 -0.618825 0.267112
0.530006 -0.0952024 -0.0408221 -0.0541821 0.217835 0.721888 0.526482 -0.0956792 -0.0610377 -0.0517833 0.221851 0.722559
-0.746432 -0.364228 -0.151651 -0.401083 0.283015 0.197596 -0.757466 -0.370915 -0.168215 -0.408098 0.285776 0.202224
0.666919 -0.441975 0.0977784 0.341087 0.109029 0.222447 0.66537 -0.454048 0.0931002 0.343385 0.107682 0.226283
1.33687 -0.132265 0.372934 -0.357081 0.624523 -0.213739 1.33769 -0.137694 0.363374 -0.362825 0.621526 -0.21678
0.711107 3.66762 1.04347 0.36506 -1.49565 -0.0548026 0.666058 3.63839 1.03313 0.337524 -1.49932 -0.0442676
0.534803 0.84323 0.26359 0.363204 0.0648152 0.569329 0.538356 0.833552 0.249367 0.362488 0.065127 0.571022
0.113699 1.049 0.162589 -0.675042 -0.912687 -0.342622 0.0908516 1.03883 0.140162 -0.655883 -0.917336 -0.347326
-0.406 -1.05277 -0.158136 -0.372967 -0.501861 0.599961 -0.41471 -1.05888 -0.18081 -0.369933 -0.503408 0.596076
1.01018 1.3285 0.566723 0.723687 0.663786 0.238134 1.00546 1.3117 0.552485 0.72652 0.662938 0.233076
0.399435 0.532287 0.301821 0.767062 0.827783 0.0226173 0.38869 0.524418 0.294847 0.772878 0.828866 0.0264381
-0.541223 -0.549601 -0.278879 -0.582552 0.477873 0.627715 -0.559835 -0.542992 -0.309026 -0.582848 0.481566 0.629468
0.336848 0.958651 0.106352 -0.286021 0.322923 -0.258551 0.320072 0.946972 0.0883247 -0.291 0.324383 -0.255685
-0.158307 2.50221 0.476685 0.0909511 -1.24992 -0.397941 -0.191601 2.50166 0.462003 0.0897665 -1.26816 -0.391801
0.676617 2.2968 0.713446 0.459491 -0.0071292 -0.131535 0.672683 2.2596 0.701413 0.452419 -0.008526 -0.125341
-0.109842 0.164886 -0.0541681 -0.931306 0.486214 -0.626201 -0.10928 0.156135 -0.0818682 -0.95109 0.492521 -0.63261
0.774164 -0.583688 0.0431886 0.328078 -0.0934466 -0.2272 0.769751 -0.592009 0.029155 0.325345 -0.104072 -0.221698
1.99336 0.741357 0.543382 0.956303 0.883537 0.914262 1.99971 0.727511 0.524686 0.974624 0.886231 0.930179
0.120051 1.06485 0.0823189 0.205548 -0.186631 -0.380307 0.0989877 1.05322 0.0572839 0.21642 -0.187323 -0.382812
-0.349933 0.0676627 -0.10618 0.300482 -1.0832 -0.439335 -0.348364 0.0724458 -0.130533 0.294627 -1.09205 -0.441642
-0.378116 0.162458 0.0140976 -0.478992 -0.828307 -0.322501 -0.405316 0.137399 -0.0363603 -0.478947 -0.839999 -0.325332
-0.169452 1.09953 0.222193 -0.0651856 -0.887871 0.0798708 -0.176965 1.11094 0.203892 -0.0604424 -0.893985 0.0795256
-0.162837 -0.366874 -0.1404 -0.0768695 0.240608 0.207304 -0.166727 -0.370802 -0.167247 -0.0832085 0.239995 0.209727
-0.53522 0.147177 -0.135512 -0.886506 -0.119526 0.0125504 -0.549415 0.135068 -0.172705 -0.888881 -0.113131 0.0123799
-0.250781 1.77618 0.415522 0.178636 -0.781112 0.288919 -0.264917 1.77835 0.399304 0.175656 -0.791272 0.285087
0.0755284 0.568856 0.153852 0.674152 0.226485 -0.796404 0.0565845 0.551189 0.139462 0.658523 0.22815 -0.792853
-0.122063 0.798837 -0.0425479 -0.0505373 -0.234201 0.380886 -0.135712 0.800429 -0.0582186 -0.0601283 -0.236462 0.386525
1.10167 1.90701 0.704208 0.0918001 -0.76804 -0.102203 1.08131 1.89896 0.676422 0.092281 -0.762217 -0.101555
1.17044 1.10923 0.495937 0.181456 0.215934 0.0891815 1.15985 1.1039 0.477857 0.184152 0.214247 0.0874088
-1.02304 -1.27638 -0.499923 -0.59053 0.083777 -0.110419 -1.04585 -1.324 -0.532104 -0.605264 0.0920005 -0.112618
2.22752 1.82211 0.840543 0.631521 0.983675 0.839977 2.21813 1.78188 0.815655 0.629981 0.97382 0.839939
-0.237256 1.0268 0.31638 0.345481 0.316118 0.209133 -0.236243 1.00279 0.284874 0.342077 0.306105 0.204633
0.105037 0.451212 0.00122111 0.559248 0.750852 0.390412 0.103151 0.440839 -0.0163181 0.56825 0.7541 0.390269
0.196259 0.194016 -0.0359084 0.0385969 0.0643412 0.0217223 0.191852 0.188235 -0.0516145 0.0416008 0.0627355 0.0220844
0.210565 0.183557 0.0629095 0.0390758 -0.0583759 0.0618211 0.209077 0.184906 0.0448054 0.0369025 -0.056794 0.0622817
0.148154 0.195292 -0.150807 -0.0278005 -0.0289401 -0.0361062 0.148003 0.192704 -0.170366 -0.0301874 -0.0265144 -0.0341011
0.0948109 0.140621 -0.209263 -0.0234323 -0.0228357 0.0364913 0.0935134 0.132604 -0.21951 -0.0255133 -0.0232138 0.0348543
0.319584 0.228778 0.120823 0.0263087 0.123024 -0.023788 0.319283 0.230438 0.108217 0.0275668 0.128271 -0.0229152
0.131558 0.150197 -0.0944905 0.0128739 -0.0793681 -0.0047112 0.126695 0.144739 -0.115725 0.0137012 -0.0820153 -0.00618026
0.224549 0.197948 0.0260317 -0.000464475 0.0226364 0.0776107 0.225259 0.20293 0.00837199 -0.00128847 0.0223266 0.0784562
0.189906 0.189134 0.0406825 0.0553453 0.0303003 -0.0605832 0.186317 0.186464 0.0256008 0.0508119 0.0288637 -0.0618624
0.220788 0.175124 0.0684577 0.00331952 0.0266052 0.0783596 0.222424 0.17062 0.054047 0.00207264 0.0236851 0.0764919
0.190316 0.211477 0.0257644 -0.043508 -0.0233289 -0.136654 0.190555 0.208054 0.00929003 -0.0450617 -0.023179 -0.137968
0.176535 0.178804 -0.0196839 -0.000428115 -0.10551 0.105927 0.175656 0.184171 -0.0328242 -0.000588181 -0.105717 0.105885
0.191479 0.1453 -0.00344643 0.0209642 0.160001 0.0318408 0.188293 0.13816 -0.0164073 0.0210248 0.161652 0.0302651
0.182968 0.210969 0.158828 0.00829277 -0.115588 -0.0475013 0.186381 0.213594 0.145269 0.00590338 -0.11464 -0.047371
0.179927 0.142298 -0.0452748 0.0194477 0.091894 0.041496 0.177265 0.137578 -0.0546529 0.0170879 0.0908478 0.0431364
0.254274 0.232452 0.0147946 -0.0101896 -0.0368153 -0.023311 0.25219 0.231673 -0.00477922 -0.00802503 -0.0394057 -0.0260046
0.178616 0.210332 -0.083603 0.0471321 0.0129449 0.0742759 0.181872 0.209054 -0.0987284 0.0474134 0.013723 0.0762184
0.186413 0.233023 0.0363962 0.00352676 0.0439811 -0.0235118 0.187462 0.234783 0.015702 0.0054418 0.0458217 -0.0239094
0.199787 0.187568 0.0663057 0.0190904 -0.0265274 0.0143558 0.198408 0.186331 0.0549839 0.0206764 -0.0237638 0.0136854
0.171465 0.150084 -0.0239242 0.0141626 0.0956637 0.0558195 0.173928 0.153467 -0.0304147 0.0141046 0.0951624 0.0582766
0.146426 0.197896 -0.010921 -0.0207441 -0.0322092 -0.0780835 0.140269 0.194959 -0.0275272 -0.0210697 -0.0319227 -0.0811077
0.195677 0.19922 -0.00204659 -0.0560762 -0.0810643 -0.052939 0.192701 0.194886 -0.022115 -0.0557948 -0.0810888 -0.0489145
0.208819 0.202633 0.0765445 0.0217905 0.0425874 0.00579507 0.200542 0.199583 0.0617941 0.0169943 0.0425859 0.00989587
0.219419 0.239856 0.00778058 0.0211719 -0.115843 0.0310657 0.219117 0.23387 -0.00396574 0.023879 -0.115206 0.0322082
0.166985 0.115322 -0.233005 0.0375341 0.134771 0.0134161 0.156273 0.10504 -0.25136 0.0376206 0.131514 0.0138991
0.129355 0.111456 -0.141531 -0.0123089 -0.0025121 -0.023633 0.125965 0.103449 -0.161389 -0.0135747 -0.000488241 -0.0214879
0.184928 0.158974 0.0845368 -0.0108816 0.000614681 0.0397563 0.180902 0.155107 0.0729606 -0.0106145 -0.000712691 0.0411368
0.124371 0.200105 -0.0263632 0.00204794 -0.0452333 -0.102809 0.115593 0.198233 -0.0387709 0.00276202 -0.047843 -0.104812
0.182519 0.217979 0.00121067 -0.0269621 0.0122393 0.0907094 0.177769 0.208695 -0.0182838 -0.0245209 0.00943233 0.0878355
0.162994 0.16792 -0.0829478 -0.0184001 -0.00766979 -0.123998 0.157829 0.157485 -0.0985135 -0.0210748 -0.0101458 -0.127307
0.248537 0.169695 -0.075439 0.0491124 0.0736571 0.0537686 0.244543 0.160576 -0.091158 0.0499922 0.0776686 0.0545055
0.235151 0.225995 -0.0918643 0.032193 -0.0662973 0.0262286 0.232089 0.222575 -0.106337 0.0267879 -0.0679119 0.0292373
0.117961 0.117776 -0.0304145 -0.0247986 0.0421444 -0.021874 0.109743 0.116529 -0.0469563 -0.0258347 0.0417358 -0.0196845
0.197671 0.242306 0.0595928 0.00604422 0.00646881 0.0669461 0.194047 0.234892 0.037325 0.0052625 0.00356899 0.0674653
0.240665 0.213958 0.128408 -0.0369861 -0.0419982 -0.0667595 0.236464 0.205558 0.112342 -0.0360385 -0.0437993 -0.0698657
0.200472 0.209605 0.0637795 -0.0061052 0.0398643 -0.029411 0.195916 0.205642 0.0366579 -0.00188535 0.0392176 -0.0298309
0.200454 0.255886 0.117647 0.019735 -0.0937949 -0.00430998 0.194916 0.250455 0.103622 0.0191645 -0.0972253 -0.000912793
0.158941 0.171257 -0.139976 -0.0100357 0.0622345 0.0362233 0.158721 0.167578 -0.153378 -0.00714488 0.0629176 0.0348418
0.235935 0.22849 -0.000580543 0.0167979 -0.0633929 -0.0705439 0.226801 0.224954 -0.0265695 0.020188 -0.0659769 -0.0751211
0.150512 0.23862 -0.0444183 -0.0327894 -0.031084 -0.000272403 0.148628 0.233933 -0.0549176 -0.034738 -0.0316804 0.00178622
0.185052 0.121434 -0.124294 -0.000335444 0.094946 -0.0209902 0.179046 0.116136 -0.137361 -0.000330306 0.0941124 -0.022006
0.215733 0.148776 -0.115799 -0.00601157 -0.03261 0.0153226 0.214755 0.138859 -0.130644 -0.00591666 -0.0263605 0.0149168
0.308392 0.223233 0.0984927 -0.00156083 0.0731569 -0.0528006 0.301709 0.219703 0.0857074 -0.00238265 0.0753398 -0.0555743
0.219872 0.272115 0.154691 0.00186343 -0.129905 0.0159 0.218085 0.266297 0.140642 0.000696308 -0.132131 0.0142344
0.12277 0.199937 -0.0649972 0.000301297 0.0266324 -0.0365289 0.113216 0.196158 -0.0727094 -7.10656e-05 0.02767 -0.0390617
0.239604 0.201407 0.066365 -0.0145672 -0.0222507 -0.01882 0.238438 0.199693 0.0442945 -0.0165256 -0.0203565 -0.0193917
0.305385 0.27004 0.123787 -0.0272046 0.0199419 0.0299128 0.30433 0.268286 0.100695 -0.0290812 0.0163528 0.0330202
0.128205 0.107361 -0.245845 -0.0391891 0.0267312 -0.104926 0.130119 0.100029 -0.254938 -0.0393435 0.029168 -0.108359
0.189969 0.173838 0.0163209 0.00464224 0.0101977 0.103604 0.188458 0.171129 -0.00684879 0.00306303 0.00465608 0.102397
0.204295 0.259387 0.210704 -0.0193178 0.0283152 -0.071811 0.19667 0.255994 0.189427 -0.0172053 0.0299354 -0.0727385
0.163694 0.177146 -0.069721 0.01489 -0.0995465 0.0774006 0.161086 0.176615 -0.0932278 0.0157892 -0.101575 0.0818955
0.137813 0.127701 -0.14294 -0.0130567 0.0432675 -0.0759507 0.137041 0.128604 -0.161426 -0.0105191 0.0422433 -0.0756105
0.230022 -1.01983 -0.351217 -0.440067 -0.173227 -0.132545 0.219958 -1.03987 -0.381603 -0.439711 -0.172984 -0.138783
1.47523 1.61371 0.669626 0.169582 -0.737413 0.36365 1.45442 1.59139 0.639373 0.164319 -0.734502 0.356604
0.251831 -0.909391 -0.0893133 -0.376086 0.330184 -0.529593 0.246269 -0.923606 -0.11481 -0.396165 0.326634 -0.536486
-0.184419 1.18681 0.159143 0.304566 -0.95395 -0.433768 -0.201423 1.18758 0.139188 0.301325 -0.959889 -0.434802
-0.217157 -0.617405 -0.122503 -0.501029 0.218354 -0.0152918 -0.221552 -0.628102 -0.149852 -0.505311 0.219403 -0.0138807
-0.704843 -0.560201 -0.30348 0.0709357 -0.901888 -0.294265 -0.715923 -0.569774 -0.346208 0.0734255 -0.913288 -0.289477
1.17734 0.738975 0.307979 1.14254 0.987756 0.970888 1.17975 0.721241 0.282971 1.16721 0.996673 0.98598
1.09436 -0.0827263 0.158409 -0.0852207 0.797581 0.165718 1.09971 -0.0892473 0.135845 -0.0839726 0.793846 0.167708
-0.138715 0.52034 -0.0857126 -0.552275 -0.286963 -0.553895 -0.144504 0.514804 -0.111456 -0.553182 -0.289044 -0.549531
0.102135 1.67016 0.198731 0.50124 -0.632089 0.0886568 0.0789433 1.65704 0.198491 0.494266 -0.635352 0.0840405
0.339243 0.852935 0.10097 0.110964 0.60867 0.818723 0.337041 0.820326 0.0896465 0.105133 0.611912 0.827004
-0.938163 -0.618971 -0.372644 -0.516687 -0.183244 0.0620798 -0.955612 -0.6251 -0.39902 -0.519702 -0.178778 0.0660874
0.83898 -0.272799 0.0782074 -0.181226 0.252322 -0.470933 0.84278 -0.293144 0.0582255 -0.187771 0.249071 -0.469578
0.250256 2.49281 0.61085 -0.16198 -1.41373 -0.433547 0.220275 2.49764 0.592698 -0.158773 -1.424 -0.433159
1.08129 -0.896039 -0.0457999 0.0671821 -0.194716 0.480021 1.06471 -0.90991 -0.0663535 0.0797131 -0.204579 0.475316
1.14454 0.837486 0.222732 -0.11678 -0.342895 -0.297198 1.12703 0.819051 0.217955 -0.110858 -0.3455 -0.297106
1.20824 0.555781 0.293216 -0.888058 0.518246 -0.837707 1.20836 0.549148 0.280017 -0.899428 0.519592 -0.842103
-0.0289861 -1.10555 -0.210253 -0.403365 0.263679 0.072006 -0.0408911 -1.11388 -0.248541 -0.409812 0.257658 0.0633988
-0.982082 -0.587111 -0.358595 -0.188823 0.524309 0.257227 -1.00075 -0.601725 -0.389697 -0.197355 0.521237 0.258601
