    1.9955586936e+03    1.6714914155e+03   -4.9173561429e+04    7.3594784908e+01    7.3689420838e+01    7.4021620585e+01   -2.4754675484e-03   -1.3135596681e-02    8.8718785431e-02    6.1005964536e+01    3.0502982268e+01    3.0502982268e+01
    2.0062185694e+03    1.6804201886e+03   -4.9171980352e+04    7.3868654638e+01    7.3520792620e+01    7.3745355075e+01    3.3388471124e-02   -9.6666195541e-02    7.1973974591e-03    6.1005964536e+01    3.0502982268e+01    3.0502982268e+01
    2.0181987695e+03    1.6904548730e+03   -4.9179874802e+04    7.3359721530e+01    7.3876770962e+01    7.3789788615e+01    1.3455543773e-01    7.3965519795e-02   -1.3929154001e-01    6.1005964536e+01    3.0502982268e+01    3.0502982268e+01
    2.0036160672e+03    1.6782403178e+03   -4.9168525987e+04    7.3304583911e+01    7.3635035589e+01    7.4003612229e+01   -4.7870274190e-02    1.1689994352e-01    5.0482013803e-03    6.1005964536e+01    3.0502982268e+01    3.0502982268e+01
    1.9950507808e+03    1.6710659848e+03   -4.9162128614e+04    7.3966335617e+01    7.3952868580e+01    7.3558801513e+01   -3.4797504432e-02   -1.1195745272e-02   -6.1441907185e-02    6.1005964536e+01    3.0502982268e+01    3.0502982268e+01
    2.0234502964e+03    1.6948535820e+03   -4.9186354145e+04    7.3693966095e+01    7.3555634146e+01    7.3733423667e+01   -1.0289730935e-01   -1.9102695316e-02   -3.2652074061e-02    6.1005964536e+01    3.0502982268e+01    3.0502982268e+01
    2.0007028826e+03    1.6758002177e+03   -4.9165867510e+04    7.3895254969e+01    7.3983955489e+01    7.3231738081e+01    4.7548641551e-02   -3.6811101973e-02   -7.5193814980e-02    6.1005964536e+01    3.0502982268e+01    3.0502982268e+01
    2.0064068914e+03    1.6805779282e+03   -4.9170587772e+04    7.3875652209e+01    7.3646870138e+01    7.3594691866e+01   -1.1566806815e-02    4.1330797110e-03    5.0537108120e-02    6.1005964536e+01    3.0502982268e+01    3.0502982268e+01
    2.0213807394e+03    1.6931201093e+03   -4.9186012445e+04    7.3911228269e+01    7.3899185894e+01    7.3428807959e+01   -6.6179389211e-02    5.0465509080e-02   -2.1596346157e-02    6.1005964536e+01    3.0502982268e+01    3.0502982268e+01
    1.9922222050e+03    1.6686967535e+03   -4.9157574734e+04    7.3972299284e+01    7.3679060921e+01    7.3657166373e+01   -2.4005226634e-02   -2.1520349379e-02    1.1468057528e-01    6.1005964536e+01    3.0502982268e+01    3.0502982268e+01
    2.0149060744e+03    1.6876968927e+03   -4.9176827756e+04    7.3810213895e+01    7.3725364657e+01    7.3560661457e+01    1.1635953702e-01   -1.3145233455e-01    1.9779960540e-01    6.1005964536e+01    3.0502982268e+01    3.0502982268e+01
    2.0220961199e+03    1.6937193160e+03   -4.9185683722e+04    7.3674927833e+01    7.3832635955e+01    7.3480239379e+01    9.1297312524e-02    8.7099747901e-02    1.2871260660e-01    6.1005964536e+01    3.0502982268e+01    3.0502982268e+01
    1.9727172156e+03    1.6523592624e+03   -4.9142580547e+04    7.4155930723e+01    7.3953916287e+01    7.3648347094e+01   -9.7698543711e-02   -1.9631918145e-01   -1.3601757581e-01    6.1005964536e+01    3.0502982268e+01    3.0502982268e+01
    2.0157705529e+03    1.6884209848e+03   -4.9180078694e+04    7.3910440668e+01    7.3513026122e+01    7.3741888306e+01    7.1955578702e-02    5.2291321500e-02    9.4302257462e-03    6.1005964536e+01    3.0502982268e+01    3.0502982268e+01
    2.0210019006e+03    1.6928027917e+03   -4.9184171990e+04    7.3646971924e+01    7.3485938976e+01    7.3787827359e+01   -1.1878389574e-01   -2.5321143464e-02    1.1552119506e-02    6.1005964536e+01    3.0502982268e+01    3.0502982268e+01
    2.0043048765e+03    1.6788172685e+03   -4.9170582746e+04    7.4197096174e+01    7.3352301270e+01    7.3571095117e+01    5.1399320764e-02   -5.6690739900e-03   -1.9439242588e-01    6.1005964536e+01    3.0502982268e+01    3.0502982268e+01
    2.0086099784e+03    1.6824232465e+03   -4.9173024778e+04    7.3772417281e+01    7.3729071404e+01    7.3671526212e+01    9.8540407892e-02    2.2487469909e-02    6.1078261082e-02    6.1005964536e+01    3.0502982268e+01    3.0502982268e+01
    1.9914449699e+03    1.6680457369e+03   -4.9159470289e+04    7.3831990726e+01    7.3531920756e+01    7.3609595358e+01    1.5271498225e-01   -8.2907800603e-02   -7.1687011575e-02    6.1005964536e+01    3.0502982268e+01    3.0502982268e+01
    2.0228988163e+03    1.6943916592e+03   -4.9184507582e+04    7.3767203676e+01    7.3474751579e+01    7.3514581720e+01    6.2856352687e-02   -7.0815372589e-02    2.2626866931e-02    6.1005964536e+01    3.0502982268e+01    3.0502982268e+01
    2.0083440680e+03    1.6822005185e+03   -4.9174987850e+04    7.3964563245e+01    7.3650396003e+01    7.3709623783e+01   -2.4109061366e-01   -1.1713099813e-01    1.9000875827e-02    6.1005964536e+01    3.0502982268e+01    3.0502982268e+01
    2.0087510805e+03    1.6825414345e+03   -4.9171387280e+04    7.3920471280e+01    7.3363411784e+01    7.3824700011e+01    9.3064077890e-02    1.4873649883e-01    1.5041380816e-01    6.1005964536e+01    3.0502982268e+01    3.0502982268e+01
    1.9953688867e+03    1.6713324322e+03   -4.9160955567e+04    7.3802123809e+01    7.3810094349e+01    7.3662727898e+01   -5.2716006554e-02   -1.1703606174e-01    6.5377126909e-02    6.1005964536e+01    3.0502982268e+01    3.0502982268e+01
    1.9773382354e+03    1.6562298551e+03   -4.9146389283e+04    7.3879090762e+01    7.3994328736e+01    7.3623549162e+01   -7.7653861392e-02   -1.6307295586e-02    6.5277010058e-02    6.1005964536e+01    3.0502982268e+01    3.0502982268e+01
    2.0066237345e+03    1.6807595572e+03   -4.9169678238e+04    7.4062032079e+01    7.3686090980e+01    7.3361136572e+01    1.7168367698e-02    4.7934157407e-02   -1.3050456945e-01    6.1005964536e+01    3.0502982268e+01    3.0502982268e+01
    2.0075726976e+03    1.6815544142e+03   -4.9170938339e+04    7.3585920273e+01    7.3634646534e+01    7.3786447224e+01   -8.4586657020e-02   -5.0542511936e-02   -1.6808349323e-01    6.1005964536e+01    3.0502982268e+01    3.0502982268e+01
    1.9856288998e+03    1.6631741632e+03   -4.9153260743e+04    7.4156977156e+01    7.3684927316e+01    7.3613690421e+01    2.4284385710e-02   -1.6789171840e-02    8.9151142238e-02    6.1005964536e+01    3.0502982268e+01    3.0502982268e+01
    2.0069665047e+03    1.6810466635e+03   -4.9173829051e+04    7.3914741346e+01    7.3721658028e+01    7.3484970009e+01   -2.1971109298e-01   -2.8558984315e-02   -4.9294329887e-02    6.1005964536e+01    3.0502982268e+01    3.0502982268e+01
    2.0215000478e+03    1.6932200426e+03   -4.9184678068e+04    7.4171160437e+01    7.3095177689e+01    7.3733555498e+01    9.1457449937e-02   -6.0805468355e-02    7.7920695574e-02    6.1005964536e+01    3.0502982268e+01    3.0502982268e+01
    1.9948514277e+03    1.6708990055e+03   -4.9161734945e+04    7.4090551151e+01    7.3605026530e+01    7.3815437241e+01    2.2374187791e-02   -8.3286143088e-03    1.6072500621e-01    6.1005964536e+01    3.0502982268e+01    3.0502982268e+01
    2.0021183480e+03    1.6769858197e+03   -4.9168756145e+04    7.3996621208e+01    7.3802988614e+01    7.3323194141e+01   -2.7416326556e-03    8.8767175506e-02    8.7677699611e-02    6.1005964536e+01    3.0502982268e+01    3.0502982268e+01
    2.0213696315e+03    1.6931108052e+03   -4.9184017104e+04    7.3792412767e+01    7.3283044317e+01    7.3869651160e+01    5.6928754127e-02    6.2593464898e-02   -1.0412185253e-02    6.1005964536e+01    3.0502982268e+01    3.0502982268e+01
    1.9895938832e+03    1.6664952560e+03   -4.9158038349e+04    7.4067814093e+01    7.3542945915e+01    7.3591229435e+01    3.0678536575e-02    4.8324683713e-02    2.0370375579e-02    6.1005964536e+01    3.0502982268e+01    3.0502982268e+01
    2.0084907746e+03    1.6823234007e+03   -4.9174705652e+04    7.3715064853e+01    7.3772780877e+01    7.3598025125e+01   -3.8469585785e-02    3.7881147521e-02   -3.4231026954e-02    6.1005964536e+01    3.0502982268e+01    3.0502982268e+01
    2.0192994635e+03    1.6913768206e+03   -4.9181934906e+04    7.3821531200e+01    7.3622366841e+01    7.3691482926e+01    1.1200806810e-02    5.0127751241e-02   -3.9029460845e-02    6.1005964536e+01    3.0502982268e+01    3.0502982268e+01
    2.0036918183e+03    1.6783037674e+03   -4.9169798183e+04    7.3923721553e+01    7.3658967401e+01    7.3710991642e+01   -6.6374973832e-02    9.4380843810e-02   -1.7367518386e-04    6.1005964536e+01    3.0502982268e+01    3.0502982268e+01
    2.0003568042e+03    1.6755103404e+03   -4.9165800215e+04    7.4214223246e+01    7.3772772464e+01    7.3531169007e+01   -1.2752743817e-02   -1.0051225530e-01   -7.8830690056e-02    6.1005964536e+01    3.0502982268e+01    3.0502982268e+01
    1.9861826718e+03    1.6636380058e+03   -4.9153745587e+04    7.4001113332e+01    7.3749318857e+01    7.3773725518e+01   -4.7664100808e-03    4.3997751805e-02    1.1625004811e-02    6.1005964536e+01    3.0502982268e+01    3.0502982268e+01
    2.0086347055e+03    1.6824439581e+03   -4.9173281894e+04    7.4063925490e+01    7.3486553788e+01    7.3688173614e+01   -7.1937185663e-02    6.0090187086e-02    4.3181596189e-03    6.1005964536e+01    3.0502982268e+01    3.0502982268e+01
    1.9862167599e+03    1.6636665582e+03   -4.9155557772e+04    7.4199457419e+01    7.3617476863e+01    7.3631604232e+01   -1.8589241892e-02   -8.6772730085e-02    5.7477281770e-02    6.1005964536e+01    3.0502982268e+01    3.0502982268e+01
    2.0119464589e+03    1.6852179018e+03   -4.9176726872e+04    7.3589230144e+01    7.4026889844e+01    7.3644147292e+01   -2.7709135715e-02   -4.2285633309e-02    7.6601541024e-02    6.1005964536e+01    3.0502982268e+01    3.0502982268e+01
    2.0279872019e+03    1.6986537202e+03   -4.9189952478e+04    7.3993235554e+01    7.3427757502e+01    7.3442213093e+01   -4.1971605126e-02    2.9318813088e-02    2.0403908570e-02    6.1005964536e+01    3.0502982268e+01    3.0502982268e+01
    2.0114566869e+03    1.6848076659e+03   -4.9176919311e+04    7.3938875740e+01    7.3558873160e+01    7.3573850167e+01   -1.1064969806e-01    1.7630870450e-01    9.7273105621e-02    6.1005964536e+01    3.0502982268e+01    3.0502982268e+01
    1.9806615577e+03    1.6590134889e+03   -4.9150349407e+04    7.3909549361e+01    7.3699161052e+01    7.3876667768e+01    2.3225426603e-02   -5.4716146738e-02   -2.7807510616e-02    6.1005964536e+01    3.0502982268e+01    3.0502982268e+01
    1.9982754074e+03    1.6737669505e+03   -4.9167091448e+04    7.3973618224e+01    7.3787585567e+01    7.3522598816e+01   -1.2251582841e-01    1.2875335410e-02    7.1495625189e-02    6.1005964536e+01    3.0502982268e+01    3.0502982268e+01
    2.0023684509e+03    1.6771953073e+03   -4.9169669778e+04    7.3894759604e+01    7.4086937405e+01    7.3497822018e+01   -2.9887092473e-02   -4.5350901963e-02    4.0778266407e-04    6.1005964536e+01    3.0502982268e+01    3.0502982268e+01
    2.0084186434e+03    1.6822629833e+03   -4.9176610451e+04    7.3688726778e+01    7.3509424906e+01    7.3565529230e+01    1.7222457601e-01   -4.7145074240e-02    6.2729224916e-02    6.1005964536e+01    3.0502982268e+01    3.0502982268e+01
    1.9887368281e+03    1.6657773818e+03   -4.9155632629e+04    7.3913060720e+01    7.3979860552e+01    7.3719857172e+01    2.7696387451e-02   -9.2858737681e-02    1.0381565583e-01    6.1005964536e+01    3.0502982268e+01    3.0502982268e+01
    1.9820622286e+03    1.6601866990e+03   -4.9150672963e+04    7.3907102139e+01    7.3705625909e+01    7.3980931381e+01    1.5601914582e-01   -1.2953638007e-01   -7.9369039710e-02    6.1005964536e+01    3.0502982268e+01    3.0502982268e+01
    2.0137622801e+03    1.6867388440e+03   -4.9177414337e+04    7.3773000040e+01    7.3453245670e+01    7.3645447957e+01   -7.9876335626e-02   -1.2130952553e-01    3.7628364262e-02    6.1005964536e+01    3.0502982268e+01    3.0502982268e+01
    2.0055086921e+03    1.6798255914e+03   -4.9170938628e+04    7.3965960022e+01    7.3571332129e+01    7.3549080846e+01    1.2711977909e-01   -7.1435951588e-02   -4.4984470103e-02    6.1005964536e+01    3.0502982268e+01    3.0502982268e+01
    2.0041528540e+03    1.6786899336e+03   -4.9169282609e+04    7.3737032753e+01    7.3710009717e+01    7.3715340866e+01   -9.8093161416e-02    3.0054555918e-02   -1.1520204413e-01    6.1005964536e+01    3.0502982268e+01    3.0502982268e+01
    1.9996490339e+03    1.6749175080e+03   -4.9166169060e+04    7.3962469885e+01    7.3718049395e+01    7.3718308380e+01   -1.0837944317e-01   -1.8837244761e-02    4.7122972658e-02    6.1005964536e+01    3.0502982268e+01    3.0502982268e+01
    2.0060220207e+03    1.6802555583e+03   -4.9171285277e+04    7.3927073858e+01    7.3680765726e+01    7.3528133977e+01    4.4388389606e-02   -7.6293511449e-02   -1.6608329599e-02    6.1005964536e+01    3.0502982268e+01    3.0502982268e+01
    2.0099228655e+03    1.6835229283e+03   -4.9173435706e+04    7.3790113900e+01    7.3590843724e+01    7.3681151511e+01   -2.2369940453e-02   -5.2304350433e-02    5.8512284361e-02    6.1005964536e+01    3.0502982268e+01    3.0502982268e+01
    2.0032026902e+03    1.6778940709e+03   -4.9168399133e+04    7.4151158982e+01    7.3500627063e+01    7.3755095577e+01   -1.0703966575e-01    5.9145059116e-02    1.8802044310e-02    6.1005964536e+01    3.0502982268e+01    3.0502982268e+01
    2.0038496932e+03    1.6784360043e+03   -4.9169473434e+04    7.3780600454e+01    7.3672306419e+01    7.3679377005e+01   -7.9022533276e-04    7.6786452009e-02   -6.0549245903e-03    6.1005964536e+01    3.0502982268e+01    3.0502982268e+01
    1.9951590192e+03    1.6711566459e+03   -4.9162117658e+04    7.4017685153e+01    7.3767181139e+01    7.3718048970e+01    5.7081046681e-02    1.3008631063e-01    1.0163075523e-01    6.1005964536e+01    3.0502982268e+01    3.0502982268e+01
    1.9982353188e+03    1.6737333721e+03   -4.9164272549e+04    7.3785714173e+01    7.3715940908e+01    7.3604607714e+01    9.5228392823e-02    5.4520848782e-02    1.3625405679e-01    6.1005964536e+01    3.0502982268e+01    3.0502982268e+01
    2.0062216587e+03    1.6804227762e+03   -4.9172586356e+04    7.3974488980e+01    7.3744525612e+01    7.3311502909e+01    8.3214269616e-02    5.9255892188e-02   -2.4935742273e-02    6.1005964536e+01    3.0502982268e+01    3.0502982268e+01
    1.9829422923e+03    1.6609238453e+03   -4.9153886656e+04    7.3915676987e+01    7.3578325582e+01    7.3860520840e+01    1.5961773561e-02   -4.5931093041e-02    1.2933437749e-01    6.1005964536e+01    3.0502982268e+01    3.0502982268e+01
    2.0224465240e+03    1.6940128165e+03   -4.9183053477e+04    7.3801212668e+01    7.3460781083e+01    7.3581678299e+01    2.7711612016e-01   -3.3226296742e-02    1.5510781897e-01    6.1005964536e+01    3.0502982268e+01    3.0502982268e+01
    1.9672291439e+03    1.6477624220e+03   -4.9139019297e+04    7.3911149499e+01    7.3698741854e+01    7.3794188604e+01    4.6647324612e-02   -1.2719026794e-01   -8.0815322382e-02    6.1005964536e+01    3.0502982268e+01    3.0502982268e+01
    2.0075701988e+03    1.6815523212e+03   -4.9172758992e+04    7.3603398141e+01    7.3746475562e+01    7.3606678951e+01    8.1199253608e-02    1.7208475806e-01    3.7564662797e-02    6.1005964536e+01    3.0502982268e+01    3.0502982268e+01
    1.9912810250e+03    1.6679084157e+03   -4.9159131505e+04    7.4164743273e+01    7.3638759753e+01    7.3658195346e+01   -9.4021143847e-02    1.5421782358e-02    3.9753013785e-02    6.1005964536e+01    3.0502982268e+01    3.0502982268e+01
    1.9915981331e+03    1.6681740273e+03   -4.9160131621e+04    7.3938948494e+01    7.4033981197e+01    7.3662244571e+01   -1.4390069967e-01   -7.5475854548e-02   -1.4856138506e-01    6.1005964536e+01    3.0502982268e+01    3.0502982268e+01
    1.9897901107e+03    1.6666596173e+03   -4.9160208892e+04    7.4020392215e+01    7.3718934823e+01    7.3904606121e+01    2.8391316788e-02    1.9577346349e-03   -5.9468732446e-02    6.1005964536e+01    3.0502982268e+01    3.0502982268e+01
    1.9929648877e+03    1.6693188288e+03   -4.9158528447e+04    7.4115804853e+01    7.3451347389e+01    7.3922935332e+01   -7.2789363331e-02    4.6125007890e-02   -7.8588251471e-02    6.1005964536e+01    3.0502982268e+01    3.0502982268e+01
    2.0053212414e+03    1.6796685815e+03   -4.9169873541e+04    7.3758629380e+01    7.3600018512e+01    7.3722021644e+01    1.0704872235e-02    1.1674541102e-01   -1.2246585520e-01    6.1005964536e+01    3.0502982268e+01    3.0502982268e+01
    2.0060058875e+03    1.6802420450e+03   -4.9171759291e+04    7.4214908636e+01    7.3222422349e+01    7.3751434060e+01    9.8968419353e-02   -1.1270658898e-01    1.6146971483e-01    6.1005964536e+01    3.0502982268e+01    3.0502982268e+01
    2.0330768573e+03    1.7029168447e+03   -4.9195450385e+04    7.3730673813e+01    7.3553557931e+01    7.3549942480e+01   -4.5012140707e-02    2.6623806086e-02    9.0881657270e-02    6.1005964536e+01    3.0502982268e+01    3.0502982268e+01
    1.9857740602e+03    1.6632957504e+03   -4.9154076875e+04    7.4203846217e+01    7.3866427990e+01    7.3532712661e+01   -4.3991767622e-02   -1.8397970199e-02   -4.2588095603e-02    6.1005964536e+01    3.0502982268e+01    3.0502982268e+01
    1.9798409742e+03    1.6583261635e+03   -4.9149875206e+04    7.4014120068e+01    7.4100489816e+01    7.3608004580e+01   -1.0109513374e-01   -6.8773510682e-02   -4.2718889103e-02    6.1005964536e+01    3.0502982268e+01    3.0502982268e+01
    2.0000476457e+03    1.6752513875e+03   -4.9168113345e+04    7.3957580923e+01    7.3658789869e+01    7.3598354627e+01   -4.9999190820e-03   -1.6936220535e-02    1.0733286899e-01    6.1005964536e+01    3.0502982268e+01    3.0502982268e+01
    2.0042926449e+03    1.6788070232e+03   -4.9169594456e+04    7.3925055051e+01    7.3527278961e+01    7.3587217217e+01    4.6968906063e-03   -5.8871795458e-02    6.6212634766e-02    6.1005964536e+01    3.0502982268e+01    3.0502982268e+01
    2.0161748005e+03    1.6887595850e+03   -4.9180433917e+04    7.3987245294e+01    7.3682315585e+01    7.3647830083e+01    4.8336209873e-02    3.6122050859e-02    1.6682733528e-02    6.1005964536e+01    3.0502982268e+01    3.0502982268e+01
    1.9905680093e+03    1.6673111896e+03   -4.9158312361e+04    7.3953985999e+01    7.3793366042e+01    7.3615392905e+01    1.8283657876e-02    3.6517446881e-02    7.5922190691e-02    6.1005964536e+01    3.0502982268e+01    3.0502982268e+01
    1.9808411567e+03    1.6591639221e+03   -4.9153320770e+04    7.4179642443e+01    7.3582216660e+01    7.3715886853e+01   -3.6732936799e-03    6.5851610651e-02    2.4280654114e-02    6.1005964536e+01    3.0502982268e+01    3.0502982268e+01
    1.9918061090e+03    1.6683482291e+03   -4.9159319978e+04    7.4002095106e+01    7.3737072960e+01    7.3688355985e+01   -1.4167931239e-01   -5.8214809205e-02    1.0107196330e-01    6.1005964536e+01    3.0502982268e+01    3.0502982268e+01
    1.9973550054e+03    1.6729960166e+03   -4.9163855990e+04    7.3760586165e+01    7.3965077753e+01    7.3718622559e+01   -4.9510858723e-02   -4.4895080738e-03    2.8588424388e-02    6.1005964536e+01    3.0502982268e+01    3.0502982268e+01
    2.0122981237e+03    1.6855124582e+03   -4.9175313798e+04    7.3762243464e+01    7.3460615349e+01    7.3837064170e+01    6.2490365126e-02    1.3937306608e-01   -3.8783833404e-02    6.1005964536e+01    3.0502982268e+01    3.0502982268e+01
    2.0047684364e+03    1.6792055489e+03   -4.9172396694e+04    7.3844542654e+01    7.3600304400e+01    7.3527697546e+01   -4.9267751535e-02    4.0436127114e-02   -5.3458569797e-02    6.1005964536e+01    3.0502982268e+01    3.0502982268e+01
    2.0133634926e+03    1.6864048173e+03   -4.9176553422e+04    7.3752775095e+01    7.3648423084e+01    7.3879094361e+01   -3.3524333031e-03   -2.1758199467e-02    3.8797489869e-02    6.1005964536e+01    3.0502982268e+01    3.0502982268e+01
    2.0015873178e+03    1.6765410257e+03   -4.9166413661e+04    7.3924429729e+01    7.3815645302e+01    7.3547320192e+01    9.0143642660e-02   -1.3618404934e-01   -5.0386588019e-02    6.1005964536e+01    3.0502982268e+01    3.0502982268e+01
    2.0075502366e+03    1.6815356007e+03   -4.9173855742e+04    7.3770672466e+01    7.3679626204e+01    7.3546153446e+01   -1.6384930801e-01    2.5469802697e-01   -2.5989879984e-02    6.1005964536e+01    3.0502982268e+01    3.0502982268e+01
    1.9953765287e+03    1.6713388331e+03   -4.9160098987e+04    7.3967147866e+01    7.3363238018e+01    7.3913937077e+01    1.8771649302e-01    4.6140231224e-03   -3.5013383563e-02    6.1005964536e+01    3.0502982268e+01    3.0502982268e+01
    1.9938429632e+03    1.6700543098e+03   -4.9158892795e+04    7.3934258402e+01    7.3683000872e+01    7.3799956801e+01    7.6972998218e-02   -1.4310223756e-01    1.0574809802e-01    6.1005964536e+01    3.0502982268e+01    3.0502982268e+01
    1.9864702621e+03    1.6638788931e+03   -4.9156202053e+04    7.4023737896e+01    7.3933160315e+01    7.3598561635e+01   -1.1512892793e-01    6.4421784952e-02    1.2213465400e-01    6.1005964536e+01    3.0502982268e+01    3.0502982268e+01
    2.0065697629e+03    1.6807143503e+03   -4.9173051939e+04    7.4127092814e+01    7.3617024798e+01    7.3442791633e+01    6.2492327865e-02    3.4506589078e-02    5.4642759178e-02    6.1005964536e+01    3.0502982268e+01    3.0502982268e+01
    1.9945342551e+03    1.6706333399e+03   -4.9162339569e+04    7.3696496109e+01    7.3952309428e+01    7.3736659130e+01    5.6446441758e-02   -3.5839182570e-02   -2.1168751132e-02    6.1005964536e+01    3.0502982268e+01    3.0502982268e+01
    2.0112393241e+03    1.6846256016e+03   -4.9175411845e+04    7.3888522792e+01    7.3610516258e+01    7.3703534577e+01   -1.6718931006e-02   -1.3291297369e-01    3.5970051663e-02    6.1005964536e+01    3.0502982268e+01    3.0502982268e+01
    2.0007820622e+03    1.6758665390e+03   -4.9167626659e+04    7.3623214924e+01    7.3884156219e+01    7.3891840744e+01    5.2436002502e-02   -7.9831254569e-03    2.5365161829e-02    6.1005964536e+01    3.0502982268e+01    3.0502982268e+01
    1.9821582727e+03    1.6602671460e+03   -4.9153906048e+04    7.3878721587e+01    7.3701136381e+01    7.3852637422e+01    2.5922695874e-02    3.9167748727e-04   -1.1549439287e-01    6.1005964536e+01    3.0502982268e+01    3.0502982268e+01
    1.9932403736e+03    1.6695495773e+03   -4.9160436186e+04    7.4140051087e+01    7.3372224274e+01    7.3682572694e+01    7.0873250860e-02   -1.4146633233e-01    1.4576940065e-01    6.1005964536e+01    3.0502982268e+01    3.0502982268e+01
    2.0087788647e+03    1.6825647066e+03   -4.9172911174e+04    7.3779662216e+01    7.3713548792e+01    7.3663354096e+01   -6.9894668493e-02    8.6492642234e-02   -5.4809666163e-03    6.1005964536e+01    3.0502982268e+01    3.0502982268e+01
    1.9883771690e+03    1.6654761292e+03   -4.9158141393e+04    7.3781463842e+01    7.3849387231e+01    7.4059326125e+01   -4.5203753571e-02    3.7311703215e-02    6.8067353986e-02    6.1005964536e+01    3.0502982268e+01    3.0502982268e+01
    1.9843458206e+03    1.6620994487e+03   -4.9152240324e+04    7.4168061879e+01    7.3797186818e+01    7.3635201677e+01   -1.1032309008e-01   -1.4033327948e-02    7.6435238399e-02    6.1005964536e+01    3.0502982268e+01    3.0502982268e+01
    2.0119647805e+03    1.6852332480e+03   -4.9176167276e+04    7.3703659690e+01    7.3782937349e+01    7.3917917117e+01    9.0373219117e-02   -9.4754455281e-03    1.3401422161e-01    6.1005964536e+01    3.0502982268e+01    3.0502982268e+01
    2.0014184656e+03    1.6763995941e+03   -4.9169160586e+04    7.3779841909e+01    7.3954332349e+01    7.3523127225e+01   -6.1750481383e-02    9.5463565876e-03   -2.2256630716e-01    6.1005964536e+01    3.0502982268e+01    3.0502982268e+01
    1.9994852262e+03    1.6747803017e+03   -4.9165612617e+04    7.3837352030e+01    7.3689741448e+01    7.3948953304e+01   -1.0421081314e-01    3.6001623235e-02    1.7003554731e-01    6.1005964536e+01    3.0502982268e+01    3.0502982268e+01
    2.0159660852e+03    1.6885847638e+03   -4.9180194623e+04    7.3624620498e+01    7.3520004051e+01    7.3521874943e+01    5.5879335635e-02    3.2305228842e-02   -8.5341337883e-03    6.1005964536e+01    3.0502982268e+01    3.0502982268e+01
    2.0159660852e+03    1.6885847638e+03   -4.9180194623e+04    7.3624620498e+01    7.3520004051e+01    7.3521874943e+01    5.5879335635e-02    3.2305228842e-02   -8.5341337883e-03    6.1005964536e+01    3.0502982268e+01    3.0502982268e+01
    2.0159660852e+03    1.6885847638e+03   -4.9180194623e+04    7.3624620498e+01    7.3520004051e+01    7.3521874943e+01    5.5879335635e-02    3.2305228842e-02   -8.5341337883e-03    6.1005964536e+01    3.0502982268e+01    3.0502982268e+01
    2.0159660852e+03    1.6885847638e+03   -4.9180194623e+04    7.3624620498e+01    7.3520004051e+01    7.3521874943e+01    5.5879335635e-02    3.2305228842e-02   -8.5341337883e-03    6.1005964536e+01    3.0502982268e+01    3.0502982268e+01
    2.0159660852e+03    1.6885847638e+03   -4.9180194623e+04    7.3624620498e+01    7.3520004051e+01    7.3521874943e+01    5.5879335635e-02    3.2305228842e-02   -8.5341337883e-03    6.1005964536e+01    3.0502982268e+01    3.0502982268e+01
    2.0159660852e+03    1.6885847638e+03   -4.9180194623e+04    7.3624620498e+01    7.3520004051e+01    7.3521874943e+01    5.5879335635e-02    3.2305228842e-02   -8.5341337883e-03    6.1005964536e+01    3.0502982268e+01    3.0502982268e+01
    2.0159660852e+03    1.6885847638e+03   -4.9180194623e+04    7.3624620498e+01    7.3520004051e+01    7.3521874943e+01    5.5879335635e-02    3.2305228842e-02   -8.5341337883e-03    6.1005964536e+01    3.0502982268e+01    3.0502982268e+01
    2.0159660852e+03    1.6885847638e+03   -4.9180194623e+04    7.3624620498e+01    7.3520004051e+01    7.3521874943e+01    5.5879335635e-02    3.2305228842e-02   -8.5341337883e-03    6.1005964536e+01    3.0502982268e+01    3.0502982268e+01
    2.0159660852e+03    1.6885847638e+03   -4.9180194623e+04    7.3624620498e+01    7.3520004051e+01    7.3521874943e+01    5.5879335635e-02    3.2305228842e-02   -8.5341337883e-03    6.1005964536e+01    3.0502982268e+01    3.0502982268e+01
    2.0159660852e+03    1.6885847638e+03   -4.9180194623e+04    7.3624620498e+01    7.3520004051e+01    7.3521874943e+01    5.5879335635e-02    3.2305228842e-02   -8.5341337883e-03    6.1005964536e+01    3.0502982268e+01    3.0502982268e+01
    2.0159660852e+03    1.6885847638e+03   -4.9180194623e+04    7.3624620498e+01    7.3520004051e+01    7.3521874943e+01    5.5879335635e-02    3.2305228842e-02   -8.5341337883e-03    6.1005964536e+01    3.0502982268e+01    3.0502982268e+01
    2.0159660852e+03    1.6885847638e+03   -4.9180194623e+04    7.3624620498e+01    7.3520004051e+01    7.3521874943e+01    5.5879335635e-02    3.2305228842e-02   -8.5341337883e-03    6.1005964536e+01    3.0502982268e+01    3.0502982268e+01
    2.0159660852e+03    1.6885847638e+03   -4.9180194623e+04    7.3624620498e+01    7.3520004051e+01    7.3521874943e+01    5.5879335635e-02    3.2305228842e-02   -8.5341337883e-03    6.1005964536e+01    3.0502982268e+01    3.0502982268e+01
    2.0159660852e+03    1.6885847638e+03   -4.9180194623e+04    7.3624620498e+01    7.3520004051e+01    7.3521874943e+01    5.5879335635e-02    3.2305228842e-02   -8.5341337883e-03    6.1005964536e+01    3.0502982268e+01    3.0502982268e+01
    2.0159660852e+03    1.6885847638e+03   -4.9180194623e+04    7.3624620498e+01    7.3520004051e+01    7.3521874943e+01    5.5879335635e-02    3.2305228842e-02   -8.5341337883e-03    6.1005964536e+01    3.0502982268e+01    3.0502982268e+01
    2.0159660852e+03    1.6885847638e+03   -4.9180194623e+04    7.3624620498e+01    7.3520004051e+01    7.3521874943e+01    5.5879335635e-02    3.2305228842e-02   -8.5341337883e-03    6.1005964536e+01    3.0502982268e+01    3.0502982268e+01
    2.0159660852e+03    1.6885847638e+03   -4.9180194623e+04    7.3624620498e+01    7.3520004051e+01    7.3521874943e+01    5.5879335635e-02    3.2305228842e-02   -8.5341337883e-03    6.1005964536e+01    3.0502982268e+01    3.0502982268e+01
    2.0159660852e+03    1.6885847638e+03   -4.9180194623e+04    7.3624620498e+01    7.3520004051e+01    7.3521874943e+01    5.5879335635e-02    3.2305228842e-02   -8.5341337883e-03    6.1005964536e+01    3.0502982268e+01    3.0502982268e+01
    2.0159660852e+03    1.6885847638e+03   -4.9180194623e+04    7.3624620498e+01    7.3520004051e+01    7.3521874943e+01    5.5879335635e-02    3.2305228842e-02   -8.5341337883e-03    6.1005964536e+01    3.0502982268e+01    3.0502982268e+01
    2.0159660852e+03    1.6885847638e+03   -4.9180194623e+04    7.3624620498e+01    7.3520004051e+01    7.3521874943e+01    5.5879335635e-02    3.2305228842e-02   -8.5341337883e-03    6.1005964536e+01    3.0502982268e+01    3.0502982268e+01
    2.0159660852e+03    1.6885847638e+03   -4.9180194623e+04    7.3624620498e+01    7.3520004051e+01    7.3521874943e+01    5.5879335635e-02    3.2305228842e-02   -8.5341337883e-03    6.1005964536e+01    3.0502982268e+01    3.0502982268e+01
    2.0159660852e+03    1.6885847638e+03   -4.9180194623e+04    7.3624620498e+01    7.3520004051e+01    7.3521874943e+01    5.5879335635e-02    3.2305228842e-02   -8.5341337883e-03    6.1005964536e+01    3.0502982268e+01    3.0502982268e+01
    2.0159660852e+03    1.6885847638e+03   -4.9180194623e+04    7.3624620498e+01    7.3520004051e+01    7.3521874943e+01    5.5879335635e-02    3.2305228842e-02   -8.5341337883e-03    6.1005964536e+01    3.0502982268e+01    3.0502982268e+01
    2.0159660852e+03    1.6885847638e+03   -4.9180194623e+04    7.3624620498e+01    7.3520004051e+01    7.3521874943e+01    5.5879335635e-02    3.2305228842e-02   -8.5341337883e-03    6.1005964536e+01    3.0502982268e+01    3.0502982268e+01
    2.0159660852e+03    1.6885847638e+03   -4.9180194623e+04    7.3624620498e+01    7.3520004051e+01    7.3521874943e+01    5.5879335635e-02    3.2305228842e-02   -8.5341337883e-03    6.1005964536e+01    3.0502982268e+01    3.0502982268e+01
    2.0159660852e+03    1.6885847638e+03   -4.9180194623e+04    7.3624620498e+01    7.3520004051e+01    7.3521874943e+01    5.5879335635e-02    3.2305228842e-02   -8.5341337883e-03    6.1005964536e+01    3.0502982268e+01    3.0502982268e+01
    2.0159660852e+03    1.6885847638e+03   -4.9180194623e+04    7.3624620498e+01    7.3520004051e+01    7.3521874943e+01    5.5879335635e-02    3.2305228842e-02   -8.5341337883e-03    6.1005964536e+01    3.0502982268e+01    3.0502982268e+01
    2.0159660852e+03    1.6885847638e+03   -4.9180194623e+04    7.3624620498e+01    7.3520004051e+01    7.3521874943e+01    5.5879335635e-02    3.2305228842e-02   -8.5341337883e-03    6.1005964536e+01    3.0502982268e+01    3.0502982268e+01
    2.0159660852e+03    1.6885847638e+03   -4.9180194623e+04    7.3624620498e+01    7.3520004051e+01    7.3521874943e+01    5.5879335635e-02    3.2305228842e-02   -8.5341337883e-03    6.1005964536e+01    3.0502982268e+01    3.0502982268e+01
    2.0159660852e+03    1.6885847638e+03   -4.9180194623e+04    7.3624620498e+01    7.3520004051e+01    7.3521874943e+01    5.5879335635e-02    3.2305228842e-02   -8.5341337883e-03    6.1005964536e+01    3.0502982268e+01    3.0502982268e+01
    2.0159660852e+03    1.6885847638e+03   -4.9180194623e+04    7.3624620498e+01    7.3520004051e+01    7.3521874943e+01    5.5879335635e-02    3.2305228842e-02   -8.5341337883e-03    6.1005964536e+01    3.0502982268e+01    3.0502982268e+01
