-0.428261 -0.626603 -0.781583 -0.426034 -0.606546 -0.755283
-0.643396 0.644883 -0.0931725 -0.654198 0.653351 -0.072556
-0.144523 -0.834849 0.638243 -0.139441 -0.849656 0.646328
-0.801125 -0.419207 -0.451835 -0.833888 -0.420554 -0.418781
-0.0270478 0.0411067 0.145995 -0.032781 0.043129 0.167879
-0.292783 0.0605712 -0.50432 -0.292319 0.050416 -0.49064
-0.0462036 -0.0378883 0.895248 -0.027228 -0.06061 0.914671
0.160192 -0.0212352 -0.394231 0.146643 -0.023319 -0.391508
-0.146007 0.38078 -0.189601 -0.136853 0.394953 -0.157251
0.17046 0.0542392 0.480739 0.185052 0.063519 0.504275
0.595388 0.632333 1.15056 0.581461 0.637153 1.20578
-0.994123 0.211826 0.172518 -1.01787 0.181042 0.209262
0.714284 0.486672 -1.39997 0.698309 0.479846 -1.37095
-0.278483 -0.331034 0.395712 -0.261359 -0.328658 0.411373
-0.764967 0.508882 0.820036 -0.788649 0.514266 0.809909
-0.271216 0.257335 0.346604 -0.275703 0.234702 0.411188
-0.62908 -0.461299 1.32515 -0.626346 -0.458769 1.35372
0.15217 0.217502 -0.0562224 0.135347 0.2119 -0.054566
0.0828828 -0.119416 -0.024277 0.069909 -0.135589 -0.012268
1.04356 -0.026539 0.0149222 1.00567 -0.035897 0.018178
0.413714 0.634983 1.24509 0.41084 0.617043 1.26414
0.662592 0.540638 0.633828 0.643763 0.537044 0.636586
0.139988 0.291952 -0.0888319 0.123401 0.307929 -0.094916
0.0178431 -0.216738 -0.188235 0.060843 -0.223907 -0.161466
-0.550544 1.0571 -0.190825 -0.551487 1.07386 -0.181808
0.125416 0.05192 0.0204751 0.170486 0.039799 0.023883
0.484887 -0.158932 0.490925 0.49846 -0.143839 0.481177
0.494166 -1.08667 0.279573 0.540045 -1.09026 0.300711
0.0306246 0.329821 0.75798 0.067182 0.350322 0.781951
0.178637 0.590891 -0.113866 0.203553 0.565948 -0.118646
-0.237451 -0.275071 -0.582663 -0.219812 -0.302993 -0.554822
-0.394219 0.343888 -0.754336 -0.382636 0.341435 -0.76991
-0.0632394 0.061791 -0.195636 -0.070107 0.057895 -0.216431
0.215695 -0.620694 -0.848949 0.213787 -0.601752 -0.82831
-0.0776012 0.504026 -0.913622 -0.08251 0.50567 -0.888332
0.0319748 0.367327 0.286535 0.033722 0.356461 0.294488
0.395865 0.561345 -0.204095 0.393374 0.549012 -0.22432
0.329073 -0.0579596 0.0918481 0.31612 -0.054694 0.10357
0.279703 -0.536854 0.116549 0.27009 -0.547558 0.110763
0.0487753 0.00981217 -0.711382 0.029241 0.00143 -0.713901
-0.110314 -0.395298 0.318325 -0.132703 -0.37887 0.316418
0.132411 -0.0651476 -0.578215 0.11261 -0.059123 -0.585794
-0.107907 0.20654 0.158487 -0.11414 0.196787 0.153816
-0.357049 0.311179 0.306341 -0.377757 0.326894 0.295266
-0.0373292 -0.783957 -0.296644 -0.045896 -0.777734 -0.305099
-0.406768 0.222335 0.278112 -0.428761 0.247721 0.286196
-0.0611889 0.14633 -0.313842 -0.045683 0.141757 -0.312693
-0.80679 0.603827 0.351224 -0.823118 0.616234 0.361712
0.30535 -0.181773 0.169005 0.322517 -0.192619 0.15129
-0.206328 -0.237753 0.108704 -0.212406 -0.224255 0.084338
-0.147597 -0.467994 -0.371398 -0.131289 -0.454589 -0.399369
-0.309977 -0.207568 -0.45181 -0.284478 -0.200222 -0.466224
0.12937 0.183144 -0.19507 0.133258 0.198977 -0.215244
-0.288332 0.515179 -0.232254 -0.281514 0.502218 -0.247251
-0.48346 0.162644 -0.0804805 -0.483048 0.159071 -0.110383
-0.0562542 0.112943 -0.102564 -0.054252 0.123165 -0.117387
0.944874 -0.269339 0.2269 0.95463 -0.274231 0.182267
-0.346289 -0.122727 -0.388286 -0.375931 -0.10597 -0.407054
0.85363 -0.482293 -0.205734 0.863086 -0.49471 -0.233827
0.483722 -0.112034 -0.609856 0.486358 -0.105716 -0.637153
0.280968 -0.130525 0.179871 0.253158 -0.12761 0.142235
0.271886 0.285843 0.0498783 0.277033 0.287925 0.019753
0.621811 -0.409733 -1.06296 0.606871 -0.405548 -1.07757
0.848555 -0.224752 -0.41386 0.867591 -0.226619 -0.426947
0.370196 0.211018 -0.0187208 0.391556 0.201886 -0.023467
-0.171695 -0.535336 0.472195 -0.164521 -0.553812 0.479087
-0.0300018 1.57875 0.960794 -0.029475 1.59973 0.964599
-0.0482799 -0.390715 0.641263 -0.001258 -0.357596 0.640237
0.613252 -0.10651 0.218565 0.623608 -0.091082 0.204913
-0.199646 0.173708 -0.677927 -0.194828 0.179402 -0.69085
-0.0908305 -0.65352 -0.287867 -0.091507 -0.668005 -0.290416
-0.218381 -0.475052 0.372621 -0.238804 -0.463076 0.353031
-0.0258711 -1.02482 0.38392 -0.016297 -1.02387 0.371385
-0.878138 0.203224 -0.303364 -0.868842 0.211354 -0.323212
-0.567417 -0.313631 0.120688 -0.569819 -0.300548 0.106006
-0.835751 0.331108 -0.298015 -0.837211 0.324708 -0.330068
-0.42068 -0.521048 0.673295 -0.398276 -0.522219 0.652359
-0.200232 -0.260577 -0.154869 -0.200735 -0.268494 -0.178629
0.948563 0.546618 -0.38598 0.92695 0.532322 -0.37751
0.630292 -0.432925 -0.181344 0.605246 -0.457161 -0.181932
-0.0310173 -0.0247345 -0.849356 -0.015149 -0.005237 -0.857506
0.232372 0.20361 0.455386 0.240516 0.226475 0.462771
-0.892356 0.396314 -0.0789419 -0.912387 0.426725 -0.053877
-0.168911 0.393769 -0.285547 -0.164826 0.417849 -0.273535
-0.277763 -0.623172 -0.733339 -0.264656 -0.612634 -0.715904
0.976661 -0.383594 -0.396253 1.00603 -0.377717 -0.379403
-0.158619 0.507601 -0.324021 -0.191281 0.507501 -0.327926
0.610424 0.253137 0.0234515 0.579793 0.263433 -0.002044
0.0142827 -0.546629 0.58722 -0.018433 -0.544245 0.544706
0.164487 0.497635 0.0199042 0.125878 0.489787 0.009279
-0.448768 -0.250188 0.118468 -0.445144 -0.241482 0.132091
0.600013 0.49122 -0.0402346 0.586985 0.511762 -0.055351
0.815397 -0.826124 0.284706 0.81789 -0.806177 0.257778
-0.480526 0.539867 1.15573 -0.485963 0.546924 1.12549
0.0538079 -0.941275 -0.54939 0.018754 -0.910852 -0.553803
0.319516 -0.342709 -1.26667 0.339652 -0.324592 -1.2692
0.182239 -0.327924 0.385165 0.180874 -0.3294 0.381116
-0.684339 -0.710418 0.0735915 -0.68387 -0.720646 0.055739
0.167296 0.232937 0.223069 0.159815 0.219747 0.199431
0.999171 0.298507 0.533774 0.976728 0.308457 0.495906
1.02059 -0.600654 0.981725 0.955451 -0.565195 0.952729
-0.846309 -0.0526227 -0.481071 -0.841694 -0.059597 -0.504952
0.90197 -0.436823 -0.22473 0.92901 -0.450323 -0.205618
-1.05295 0.90337 0.827368 -1.06264 0.885305 0.843209
-0.705179 -0.312974 0.336101 -0.701093 -0.333933 0.333052
-0.76514 0.0172048 -0.975921 -0.783361 0.023112 -0.98116
0.499691 -0.144672 -0.610729 0.51452 -0.136776 -0.630036
0.822819 -0.0952599 -0.400942 0.812962 -0.083968 -0.383179
0.763881 -0.0834246 0.0848506 0.739693 -0.101007 0.089493
0.3963 -0.607557 -0.231553 0.375069 -0.600673 -0.245391
-0.57609 0.870259 -0.0273982 -0.546025 0.873075 -0.026537
-0.442579 -0.325426 2.05789 -0.442169 -0.302073 2.03626
-0.133787 0.502212 0.25104 -0.12816 0.501137 0.260991
0.191503 -0.083872 0.474209 0.197112 -0.07935 0.480099
-0.403087 -0.189547 0.233493 -0.398217 -0.190737 0.261054
0.0191229 -0.252748 -0.165526 0.012756 -0.257576 -0.15896
0.0948934 0.0900244 -0.467593 0.123823 0.092834 -0.470719
-0.924266 0.381076 0.749379 -0.926045 0.38417 0.75056
-0.245252 0.479048 0.379706 -0.236014 0.491985 0.384636
0.0466062 0.342346 -0.232095 0.066001 0.346915 -0.212089
-0.1814 0.582855 -0.124264 -0.177793 0.582517 -0.109136
-0.137654 -0.176332 0.472565 -0.147477 -0.189144 0.502745
-0.339177 -0.0104523 -0.182434 -0.350169 -0.013015 -0.181787
0.0512068 0.13387 -0.114752 0.066936 0.125471 -0.104579
0.0487902 0.468855 0.39305 0.072184 0.464464 0.398761
-0.104359 0.517654 -0.0439916 -0.099249 0.534117 -0.037792
0.0164466 -0.246404 -0.0065513 0.017486 -0.256398 0.001578
0.182823 0.544882 0.0858081 0.182693 0.538015 0.084631
-0.0773631 -0.188853 0.244224 -0.073083 -0.205433 0.254896
0.214224 -0.578501 0.0307646 0.18605 -0.58746 0.015947
-0.374335 0.832873 -0.541819 -0.365428 0.799674 -0.552924
-0.0187748 -0.293682 -0.449077 -0.013345 -0.297285 -0.44194
-0.232175 0.0643352 -0.0694625 -0.211134 0.061712 -0.061235
-0.511872 -0.228742 -0.460369 -0.509715 -0.227871 -0.478576
0.108128 -0.139248 0.215185 0.107332 -0.143844 0.204325
0.0627274 -0.105243 0.41895 0.091217 -0.0978 0.424366
-0.500269 -0.347878 0.373506 -0.501898 -0.368563 0.36356
-0.281377 0.112897 -0.752473 -0.277091 0.109434 -0.749482
0.325213 -0.151844 0.188034 0.331716 -0.159043 0.175072
-0.587295 -0.258667 0.107757 -0.584395 -0.265403 0.10366
0.309369 0.15846 -0.179303 0.295773 0.144927 -0.18842
-0.0500123 0.187692 0.665026 -0.039452 0.17513 0.662998
-0.0970286 0.828134 -0.608135 -0.093334 0.820757 -0.606174
0.557934 -0.0307783 0.15786 0.574954 -0.053041 0.16033
1.05002 0.362813 -0.201095 1.05832 0.334408 -0.201093
0.207001 -0.297945 -0.164138 0.209722 -0.270845 -0.170674
0.0513455 -0.942426 0.196314 0.069873 -0.962422 0.20608
0.433511 -0.200172 -1.25214 0.405306 -0.192819 -1.26004
-1.14081 -0.300729 -0.364427 -1.13824 -0.303 -0.353518
-0.780522 0.213484 0.392013 -0.769177 0.203548 0.401591
0.619954 -0.42154 -0.349002 0.614352 -0.428198 -0.347157
0.366423 -0.378253 -0.379566 0.375106 -0.392615 -0.378121
0.0605272 -1.12121 -1.39239 0.061075 -1.12638 -1.39515
0.253463 0.479176 0.265218 0.274148 0.467934 0.298665
0.169504 0.378796 0.334077 0.1508 0.404246 0.336167
0.414468 0.29253 0.0694248 0.419455 0.292856 0.065689
-1.1124 -0.169721 0.865576 -1.11874 -0.179887 0.889499
-0.004346 0.774377 -0.554304 -0.011757 0.770754 -0.51855
1.19909 -0.165664 0.656432 1.21933 -0.173372 0.670912
-0.8271 0.582805 0.162979 -0.814535 0.580875 0.165669
-0.174591 0.0679271 0.0071966 -0.179185 0.086155 0.041987
-0.377199 -0.0624876 0.19695 -0.39387 -0.097057 0.22033
0.199056 0.0906128 -0.0341735 0.195594 0.085729 -0.009965
-0.01278 0.601724 0.109327 0.002568 0.592342 0.146256
0.601999 0.961049 0.161967 0.578848 0.942577 0.188116
0.563843 -0.648937 0.687944 0.546348 -0.648818 0.682297
0.584124 0.445967 -0.124676 0.588973 0.445357 -0.100379
0.883581 -0.0436985 -0.0828419 0.897782 -0.038337 -0.08298
-0.759264 0.507088 0.197448 -0.773311 0.513689 0.228056
-0.472187 -1.73492 -0.725246 -0.490072 -1.75882 -0.724018
-0.717652 1.08885 0.807471 -0.718558 1.09944 0.833992
-0.383119 -1.00456 0.369647 -0.37387 -1.03475 0.395123
-0.251934 0.542096 -0.0751823 -0.240486 0.54714 -0.059196
-0.340049 -0.389347 0.936107 -0.345033 -0.402093 0.962503
0.554209 0.183625 0.225238 0.573644 0.182984 0.248197
-0.443431 -0.117778 -0.613421 -0.413939 -0.110577 -0.59065
1.2669 -0.0690299 0.242354 1.29659 -0.069284 0.2229
0.116832 0.0333207 -0.870206 0.113549 0.034407 -0.914295
0.00513189 0.128369 0.628175 -0.003494 0.119561 0.610358
-0.543369 -0.494821 -0.516872 -0.549088 -0.496067 -0.546574
-0.142451 0.135999 -0.655618 -0.15545 0.1815 -0.684437
0.502155 -0.164695 -1.12655 0.48752 -0.137175 -1.14754
-0.662054 -0.77175 -0.809902 -0.671474 -0.784033 -0.825743
0.0589291 -0.401322 -0.424976 0.066627 -0.366519 -0.42333
0.511266 0.51487 -0.671578 0.503594 0.498388 -0.684983
-0.180887 0.517486 -0.110686 -0.160696 0.501126 -0.127467
0.198489 0.613887 0.314265 0.191661 0.616478 0.283596
-0.180743 -0.0364959 -0.785576 -0.172999 -0.035429 -0.817173
-0.83694 -0.00254751 0.284292 -0.843509 -0.027657 0.231856
1.41653 0.549807 0.0253141 1.40759 0.491322 0.005721
0.456772 0.190543 -0.150477 0.445446 0.177561 -0.172789
-1.43519 -0.0776849 -0.3003 -1.43282 -0.104026 -0.350744
-0.542003 0.587608 0.140388 -0.5531 0.61291 0.170569
-0.440407 0.073376 0.140592 -0.426396 0.078752 0.161181
0.0279858 0.0178376 -0.0651456 0.03966 0.017089 -0.048837
0.0667974 -0.603954 -0.0419329 0.06561 -0.606947 -0.020805
-0.174836 -0.27304 -0.139335 -0.17239 -0.269397 -0.119287
-0.0689518 -0.0670809 0.0961166 -0.069286 -0.067707 0.099175
-0.176689 -0.428285 0.309021 -0.181917 -0.424034 0.329347
0.263583 -0.147338 0.431675 0.275438 -0.151315 0.442545
0.242673 -0.703296 0.303398 0.221375 -0.719132 0.326627
-0.0524637 -0.00833858 -0.360792 -0.052636 -0.013511 -0.335944
0.774433 -0.00250823 1.01555 0.803439 -0.004716 1.03604
0.206028 0.145148 0.147506 0.209229 0.148237 0.13264
-0.00134742 -0.242031 -0.169161 0.002892 -0.242566 -0.147945
-0.214568 0.365205 0.208135 -0.223117 0.375321 0.220348
-0.078992 -0.176319 0.144052 -0.07381 -0.194388 0.163831
0.0378537 0.210336 -0.465053 0.026036 0.225227 -0.44174
-0.726942 -0.0941018 -0.936594 -0.728262 -0.096017 -0.954763
0.100343 -0.0728771 -0.0833231 0.10441 -0.067382 -0.087795
-0.0804377 -0.225224 0.351203 -0.061984 -0.219299 0.334369
-0.352091 -0.0514499 -0.160151 -0.363156 -0.064949 -0.166787
0.289045 0.892131 -0.877335 0.293921 0.902174 -0.892052
0.145493 0.114617 -0.0956895 0.147611 0.123173 -0.091658
-0.0754149 0.266384 -0.0245241 -0.078616 0.279679 -0.037128
-0.254198 0.168604 0.41454 -0.246502 0.167208 0.398543
0.612607 -0.332351 0.0690233 0.617526 -0.339747 0.065582
-0.0432961 0.0569409 0.540681 -0.032465 0.066643 0.524963
0.316636 0.0937728 -0.76018 0.314861 0.102222 -0.789561
-0.155305 0.115566 0.275642 -0.172503 0.130312 0.255466
0.0396299 -0.0123493 0.374024 0.021531 -0.005595 0.365417
0.0742612 -0.306499 0.217233 0.085036 -0.304139 0.209806
0.159233 0.544128 -0.548987 0.179665 0.548703 -0.56684
0.264113 -0.060938 -0.160639 0.240128 -0.061986 -0.151655
-0.433635 0.126085 -0.0187563 -0.433118 0.144804 -0.022241
-0.675289 -0.641658 -0.0124445 -0.683755 -0.636001 -0.022247
-0.401844 -0.467701 -0.0367325 -0.409127 -0.447208 -0.052691
0.691238 -0.190617 0.695398 0.681751 -0.18427 0.690346
-0.478848 -0.745324 1.47734 -0.480201 -0.744798 1.47793
-0.0241251 0.940404 0.553242 -0.024443 0.947396 0.55614
0.337791 -0.0767201 -0.703486 0.330005 -0.068716 -0.707777
0.0826176 -0.214754 -0.0513484 0.089087 -0.242317 -0.050065
0.398291 0.0866292 -0.377951 0.42216 0.073529 -0.366801
0.475241 0.166825 0.41834 0.492471 0.15526 0.430422
0.0932899 -0.426981 -0.023007 0.097734 -0.41706 -0.010644
-0.415184 0.878147 0.0945604 -0.435665 0.882066 0.096221
0.6988 0.563233 0.809967 0.701086 0.561418 0.813084
0.133498 -0.646567 -0.440727 0.140739 -0.62713 -0.461973
-0.754456 -0.39714 0.117502 -0.766785 -0.385169 0.122022
0.0838567 0.0493157 0.0927548 0.087357 0.058256 0.085595
0.218944 -0.502898 -0.38121 0.247537 -0.516144 -0.41857
0.573091 -0.983886 -0.0242327 0.559087 -0.963644 -0.076122
0.84741 0.475546 -0.638825 0.879873 0.462383 -0.639007
-0.352307 0.394367 -0.780839 -0.341291 0.368936 -0.763426
-0.534111 0.438194 0.347842 -0.545761 0.461871 0.35381
0.0805851 0.016481 -0.543923 0.078597 0.022977 -0.54854
0.216521 0.401981 -0.126253 0.180039 0.399218 -0.149808
-0.68982 -1.10184 0.494309 -0.671191 -1.12032 0.482913
0.476304 0.93148 0.137882 0.487751 0.925924 0.116454
0.485346 0.742043 -1.08172 0.480481 0.784746 -1.09913
-0.105246 -0.144994 0.605122 -0.095142 -0.130072 0.570041
-0.361911 0.072295 0.0092433 -0.369237 0.086639 -0.014477
-0.781219 0.454886 0.363457 -0.757075 0.446495 0.358857
0.132236 -0.483128 0.344294 0.150873 -0.465381 0.34924
0.292233 0.0928705 -0.877437 0.281984 0.107193 -0.896724
0.842196 0.171853 0.14828 0.839851 0.166606 0.126822
-0.54243 -1.25779 0.171645 -0.531606 -1.2456 0.198281
-0.0895919 0.325409 0.0127415 -0.113815 0.350557 0.028156
-0.80136 0.703789 0.34406 -0.826387 0.698676 0.312796
0.311456 0.196993 1.27581 0.324462 0.192737 1.27541
0.0740515 -0.77212 1.00309 0.076252 -0.767576 1.01422
0.459726 0.151896 0.16411 0.440908 0.138628 0.152778
0.076121 -0.892218 0.641357 0.051219 -0.903901 0.657277
-1.15811 0.870226 0.566028 -1.15198 0.872674 0.53914
-0.982663 0.823248 0.0389857 -0.960835 0.815172 0.019149
0.760638 -0.553597 -0.783825 0.736991 -0.561104 -0.78984
-0.354114 0.124061 -0.642878 -0.377743 0.075969 -0.613411
0.482772 -0.906465 -0.401319 0.511335 -0.920755 -0.379983
0.0165032 0.239996 -0.329774 0.040807 0.253403 -0.308395
-0.833985 0.676351 -0.347614 -0.828371 0.718967 -0.347645
1.10537 0.520809 1.4574 1.10393 0.520862 1.48879
0.444825 0.854996 -0.468293 0.471026 0.835844 -0.468325
0.00681127 0.281652 0.494583 0.030741 0.279553 0.501604
0.62345 0.006661 0.96952 0.634765 0.000682 0.984642
-0.0864066 -0.0987143 0.156264 -0.08384 -0.099079 0.150262
0.132554 0.157564 -0.272824 0.120832 0.160664 -0.267209
0.367848 -0.205632 -0.0996282 0.369607 -0.202521 -0.093202
-0.313489 -0.110953 -1.03954 -0.300031 -0.112329 -1.03099
-0.198219 0.0270889 -0.393738 -0.184873 0.034152 -0.382432
0.252507 0.360959 0.0842702 0.231108 0.36153 0.08847
-0.368506 0.270431 -0.0570796 -0.358432 0.266506 -0.050751
0.360787 -0.30943 0.197474 0.369691 -0.277471 0.206492
-0.195212 0.0694828 0.148848 -0.184406 0.090884 0.151293
-0.312083 0.180105 0.343041 -0.317516 0.208655 0.350708
-0.258628 -0.129366 -0.0655009 -0.281895 -0.145688 -0.057503
-0.535852 0.163623 -0.303412 -0.529629 0.166739 -0.308267
-0.181019 -0.682259 0.348426 -0.1853 -0.671087 0.346389
-0.613638 0.840329 0.612013 -0.635011 0.862042 0.620379
0.744762 0.210496 0.470579 0.730065 0.2117 0.488193
0.0928938 0.0549345 0.452605 0.1079 0.05065 0.458549
-0.503432 -0.315105 -0.50816 -0.489406 -0.324297 -0.492079
0.294223 0.360137 0.707796 0.280023 0.371274 0.708087
0.58408 -0.945465 -0.402274 0.58196 -0.945165 -0.405911
-0.536178 -0.503527 0.734157 -0.521202 -0.517144 0.708638
0.335716 -0.256019 -0.251164 0.340276 -0.268718 -0.266186
-0.262338 0.188076 -0.694058 -0.240192 0.176923 -0.670548
0.2498 -0.173701 -0.296389 0.257004 -0.167935 -0.280596
-0.0999999 -0.219689 0.57915 -0.094831 -0.223492 0.563534
-0.324402 0.0163136 -0.238754 -0.310747 0.004658 -0.242113
0.323207 -0.0502107 -0.307498 0.311925 -0.033507 -0.308565
0.153067 -0.0847566 0.26202 0.137372 -0.06683 0.256306
-0.673012 -0.202155 0.0172238 -0.688329 -0.207392 0.024048
-0.22642 0.051112 -0.621686 -0.224594 0.0424 -0.63442
-0.449908 -0.164646 0.790635 -0.455179 -0.168497 0.789566
0.19035 0.405292 0.0049983 0.192104 0.394536 -0.007692
-0.530503 -0.272398 -0.0134375 -0.546341 -0.286014 -0.027686
0.145551 -0.395593 -0.525813 0.128882 -0.387206 -0.523666
-0.964399 -0.367173 -0.490877 -0.976189 -0.354263 -0.494521
0.625561 0.76385 -1.43436 0.621869 0.773345 -1.43675
0.381042 -0.098203 -0.528003 0.390886 -0.119187 -0.550322
0.465921 -0.478381 0.57534 0.462211 -0.466456 0.609712
-0.364594 0.524257 -0.430281 -0.371718 0.536719 -0.419113
0.335035 0.317067 -0.935231 0.348141 0.317231 -0.907332
-0.668016 -0.30865 0.655779 -0.663276 -0.333624 0.691272
0.823523 0.0156806 0.795205 0.819254 0.002102 0.793397
0.932405 0.662669 0.149596 0.922932 0.664941 0.150157
0.770244 -1.09378 -0.0863543 0.731499 -1.09823 -0.087025
-0.25258 -0.591266 0.0509583 -0.280804 -0.62081 0.052239
-0.545716 -0.353978 0.191635 -0.551614 -0.38999 0.212265
-0.0362449 0.402444 -0.493569 -0.018265 0.397061 -0.49206
-0.391754 -0.386283 -0.95031 -0.413464 -0.386912 -0.992992
0.692531 0.173553 -0.950526 0.706051 0.137296 -0.977056
-0.145074 -0.815868 -0.855356 -0.186262 -0.818772 -0.8951
0.204588 0.20237 -0.0233749 0.171726 0.192824 -0.027319
-0.167763 0.330999 -0.596284 -0.169423 0.349042 -0.635104
0.76163 -0.120173 -0.833015 0.737174 -0.145806 -0.898313
1.67049 -0.281 0.228127 1.68591 -0.284055 0.187898
-0.271562 0.302861 -1.0212 -0.286452 0.292758 -1.09671
-0.14687 -0.566908 -0.398153 -0.158672 -0.574678 -0.421543
-1.2385 -0.417266 -0.440979 -1.2541 -0.439151 -0.475588
0.514394 -0.536075 -0.512774 0.550741 -0.548348 -0.544198
0.973985 -0.222469 0.0942118 0.999492 -0.19717 0.058595
0.345077 -0.416022 -0.495328 0.346745 -0.44149 -0.516172
0.629567 0.531073 -0.881684 0.606283 0.570693 -0.89657
-0.403202 -0.944393 0.326348 -0.427056 -0.941133 0.311151
-0.5791 0.444939 -0.547051 -0.576286 0.411211 -0.593637
-0.605884 -0.560592 -0.178556 -0.617925 -0.551822 -0.12149
0.491297 -0.809908 0.770027 0.477787 -0.792705 0.812653
0.0580565 -0.012931 0.0580871 0.042142 -0.03759 0.105149
-0.104288 0.291871 1.35521 -0.142497 0.278254 1.4236
0.58442 0.417093 1.02582 0.592258 0.423245 1.09479
-0.471706 1.51264 0.525146 -0.491418 1.52114 0.566659
0.361301 -0.301609 1.07464 0.335921 -0.291702 1.11961
0.100168 -0.212348 0.53774 0.13216 -0.198976 0.541805
-0.283833 -0.283556 0.22881 -0.271787 -0.282545 0.261109
0.553371 -0.36598 0.209031 0.543014 -0.358445 0.278196
-0.50843 0.906019 -0.643234 -0.551893 0.94867 -0.617394
1.34288 0.285404 1.89895 1.33912 0.315149 1.95896
0.433075 0.889452 1.53398 0.425184 0.890355 1.60052
0.328818 -0.571737 0.873799 0.32376 -0.593725 0.914525
0.373959 -0.129575 0.360704 0.364499 -0.100912 0.387
-0.155252 -0.23034 1.02198 -0.162516 -0.226365 1.05747
0.0672873 0.0979063 -0.532258 0.087249 0.082223 -0.559595
-0.309256 -0.165406 0.209477 -0.293239 -0.16579 0.194732
-0.152575 -0.198117 0.00525475 -0.156963 -0.186504 -0.019652
-0.171097 -0.182331 -0.0774127 -0.165339 -0.193008 -0.07675
0.0130929 0.26905 0.617639 0.020759 0.269438 0.612176
0.0694588 -0.243162 -0.818445 0.082506 -0.241404 -0.833132
-0.444085 0.220491 -0.885885 -0.428993 0.229932 -0.913013
0.094967 -0.58425 -0.514702 0.10499 -0.579596 -0.538968
0.166579 -0.648844 -0.258605 0.165645 -0.633288 -0.274756
0.297072 -0.0482382 -0.649474 0.309471 -0.047143 -0.667844
0.403976 -0.229341 -0.522628 0.412092 -0.248054 -0.532497
-0.0741729 0.0303534 0.256679 -0.064422 0.014317 0.259796
0.024261 0.0423825 -0.462643 0.026225 0.028939 -0.492167
-0.322053 0.455686 0.0951872 -0.328461 0.459204 0.073528
0.0343928 -0.293524 0.132205 0.044449 -0.319471 0.110265
0.142445 0.169169 -0.0151946 0.138444 0.153867 -0.03627
0.355323 -0.29928 0.846803 0.36752 -0.302896 0.864156
0.000179796 0.107322 0.160638 0.007991 0.108961 0.160396
-0.328312 0.0104105 -0.261674 -0.322464 0.01154 -0.25482
0.151759 0.140894 -0.318189 0.16044 0.153825 -0.310596
-0.220439 -0.081089 -0.277185 -0.212604 -0.077179 -0.265273
0.603858 -0.356632 0.195319 0.617993 -0.339676 0.192003
-0.331578 0.336049 -0.675964 -0.305521 0.336938 -0.675493
-0.194382 0.0896604 0.789844 -0.183111 0.08477 0.809626
-0.18848 0.17581 0.171906 -0.200102 0.171245 0.184404
-0.113459 -0.073738 0.346199 -0.097316 -0.052815 0.362091
-0.0660518 0.162926 0.31658 -0.069203 0.172831 0.298547
-0.497219 -0.151142 -0.179761 -0.518183 -0.159349 -0.182781
-0.158451 -0.0878822 0.173255 -0.14789 -0.092742 0.195184
-0.51878 -0.243876 0.39943 -0.514949 -0.253811 0.386567
-0.141489 -0.335727 0.0786983 -0.123627 -0.338675 0.074702
0.259127 0.299995 -0.0507223 0.261981 0.309005 -0.045845
0.186629 0.704027 -1.12877 0.191767 0.710225 -1.17885
-0.412688 -0.275417 0.354883 -0.41784 -0.262904 0.362125
-1.26863 1.18994 0.203426 -1.30831 1.21079 0.204644
0.283754 -0.279643 0.392934 0.300578 -0.261193 0.387772
-0.123434 -0.206958 -1.02887 -0.121658 -0.206242 -1.04952
1.3878 -0.33754 0.969424 1.41318 -0.32784 0.987173
-1.26622 0.494787 0.341304 -1.26227 0.488239 0.335928
0.282738 1.04357 0.00382863 0.284576 1.04927 0.046942
-0.733413 -0.422183 -0.0625583 -0.723276 -0.437702 -0.048426
0.808028 1.10837 -0.388114 0.830602 1.07375 -0.419876
0.378247 0.288458 0.712266 0.396779 0.273335 0.734585
-1.02777 -0.736609 -1.42782 -1.05862 -0.720628 -1.38673
-0.92177 -0.161497 -0.0980655 -0.9159 -0.162467 -0.093247
-0.175013 0.44658 -0.235456 -0.182081 0.44987 -0.261103
-0.301699 0.64671 -0.169381 -0.280374 0.645726 -0.149483
-0.494844 0.00864514 0.471824 -0.492731 0.003803 0.458836
-0.105468 0.265581 0.383669 -0.09309 0.273241 0.343674
-0.254465 0.261019 -0.640824 -0.235638 0.256078 -0.65296
0.992321 0.196176 -0.441881 0.97473 0.200786 -0.439965
0.884649 0.489054 0.00359107 0.869226 0.487749 0.001656
-0.70805 0.353629 -0.42676 -0.717307 0.348794 -0.466837
-0.162127 -0.35086 -0.107147 -0.156266 -0.324147 -0.122328
0.0113551 -0.193672 -0.378441 0.004697 -0.201867 -0.39145
0.479462 -1.0964 -0.526742 0.493776 -1.10135 -0.536462
0.523558 0.302326 0.408166 0.547291 0.330812 0.398189
0.138849 0.605329 -0.373316 0.13254 0.615487 -0.38382
-0.450807 -0.102963 -1.05207 -0.457841 -0.117361 -1.04373
0.410239 0.0815345 0.704812 0.413099 0.080883 0.707372
0.275719 0.011827 0.777037 0.303345 0.023134 0.779019
0.00797995 0.255025 -0.507081 0.015183 0.250536 -0.512908
-0.886396 -0.992054 -0.188485 -0.903166 -1.01503 -0.183079
-1.27483 0.631302 -0.15609 -1.30943 0.612462 -0.189405
0.052891 0.418394 -0.201437 0.063743 0.432502 -0.181152
-0.569453 -0.845102 -0.711181 -0.586571 -0.817957 -0.67733
-0.290635 -0.901502 -0.332877 -0.281693 -0.904295 -0.304655
-0.717762 -0.307662 -0.340632 -0.722768 -0.325933 -0.329137
-0.192435 0.935727 0.452244 -0.196694 0.954447 0.465399
0.0294514 -0.956824 -0.17523 0.037253 -0.952208 -0.140411
0.586202 0.784304 0.413055 0.600287 0.815333 0.451817
1.02894 0.0691247 0.395281 1.02725 0.047085 0.391213
-0.562741 -0.203779 0.79847 -0.562683 -0.20931 0.814953
0.311453 -0.693196 -0.0146186 0.31849 -0.709584 0.001223
0.04179 1.08904 0.00353256 0.027923 1.07523 0.001235
0.811486 -1.33237 0.421083 0.823288 -1.31781 0.433853
-0.201698 0.455607 0.349244 -0.203804 0.480216 0.361503
-0.397429 -0.285279 1.38395 -0.408685 -0.315531 1.36994
0.649333 -0.135041 0.662332 0.644634 -0.146265 0.68029
-0.179214 0.497405 0.378315 -0.200776 0.475827 0.381225
0.429536 -0.0464302 -0.566286 0.41632 -0.065481 -0.571892
-0.544446 0.00344011 0.398456 -0.559309 -0.008832 0.404192
0.244595 0.175804 -0.229202 0.255959 0.184009 -0.241561
0.133274 0.238759 -1.26243 0.122364 0.234969 -1.26757
0.142002 -0.632778 0.073246 0.151651 -0.642931 0.067383
0.0605991 -0.161888 -0.67601 0.053239 -0.174733 -0.692644
-0.450216 0.283979 -0.0421988 -0.443774 0.274097 -0.055183
0.47272 -0.141176 -0.159888 0.493169 -0.13129 -0.172276
-0.0782049 -0.137396 -0.533458 -0.079907 -0.144919 -0.53228
0.454261 0.0723846 0.422419 0.448665 0.071813 0.4107
-0.395489 -0.170189 -0.164952 -0.381144 -0.165479 -0.166463
-0.487085 -0.112251 0.0700132 -0.476516 -0.105072 0.066611
0.592648 -0.28109 -0.157617 0.596335 -0.273274 -0.142888
0.10895 0.596369 0.0530608 0.112146 0.599824 0.051457
-0.0277356 -0.283387 -0.346493 -0.021721 -0.272533 -0.36376
0.124943 -0.360731 -0.0230028 0.124827 -0.341508 -0.018192
0.158495 0.227464 0.0811322 0.149576 0.244751 0.071634
0.174253 0.178196 0.260187 0.171538 0.161614 0.265891
-0.336603 -0.243175 0.202701 -0.331172 -0.245134 0.202608
-0.523893 -0.364445 0.0750276 -0.52963 -0.36628 0.057256
0.359464 0.902754 -0.518146 0.350628 0.895223 -0.523282
0.197277 0.117598 1.0521 0.179772 0.112826 1.05215
0.145424 0.286685 0.113511 0.144232 0.28906 0.11168
0.590676 0.210706 1.0294 0.590217 0.208253 1.02484
0.348321 -0.373129 -0.0782346 0.335734 -0.401005 -0.073487
-0.621758 -0.0608155 -0.0856259 -0.630633 -0.056147 -0.069305
-0.00459339 -0.0540028 -0.0396137 -0.000241 -0.04855 -0.038884
-0.0105459 -0.211261 0.142203 -0.004808 -0.198573 0.159039
-0.438914 -0.205665 0.238548 -0.443192 -0.205582 0.241149
-0.0558583 -0.307518 -0.011122 -0.073714 -0.313986 -0.02527
0.201195 0.71941 0.169518 0.211507 0.712557 0.172632
-0.132959 0.736224 -0.503447 -0.126414 0.770221 -0.535447
-0.421388 0.0985947 0.117975 -0.410022 0.086825 0.123665
0.4045 -0.995259 -0.579166 0.412372 -1.02083 -0.558375
0.122094 -0.210509 -0.302626 0.10985 -0.205886 -0.304557
0.23662 0.290798 1.21947 0.23938 0.288641 1.21908
-0.207596 -0.128728 0.484348 -0.220575 -0.112388 0.500316
-0.320524 0.275056 0.0324977 -0.313264 0.277175 0.033782
0.534361 0.293402 0.15201 0.530647 0.275324 0.142644
-0.142706 -0.894545 0.926656 -0.154987 -0.88024 0.93344
-1.29568 0.215378 -0.254856 -1.27341 0.202906 -0.247304
-0.94678 0.0745309 -0.387333 -0.925921 0.059065 -0.38181
-0.350546 -1.16581 1.04069 -0.352878 -1.16616 1.03244
-0.115363 0.830779 -0.638714 -0.129626 0.846385 -0.670048
0.792439 0.800159 -1.60276 0.796354 0.799542 -1.59867
-0.283071 0.205757 -0.777881 -0.26592 0.23892 -0.766418
-0.0437697 -0.217382 0.550369 -0.034986 -0.215913 0.558574
0.924905 0.619626 0.0755551 0.926946 0.626775 0.087461
0.451647 1.11278 -0.110373 0.472074 1.11751 -0.101947
0.38368 0.186066 0.155967 0.370991 0.18172 0.173959
-0.286624 0.603677 -0.0719908 -0.263424 0.58001 -0.085325
-0.499071 -0.375329 -0.606946 -0.462417 -0.348172 -0.583689
-0.363603 0.321692 0.601076 -0.376595 0.334114 0.633383
-0.571444 1.16009 -1.07885 -0.59893 1.1596 -1.05997
-0.0873717 -0.519647 0.326503 -0.111722 -0.538925 0.344812
0.309826 -0.708723 0.0589013 0.292268 -0.718545 0.055442
-0.337188 -0.314072 0.326172 -0.366264 -0.303663 0.324362
0.742025 0.184999 -0.292646 0.748304 0.158106 -0.308193
0.479329 -0.882823 -0.326382 0.491194 -0.879645 -0.344104
-0.530597 0.929421 0.598344 -0.539573 0.923624 0.572419
0.224703 -0.27506 0.390258 0.223945 -0.266426 0.407566
0.010411 0.471694 -0.0896124 0.006894 0.472304 -0.116242
0.27368 0.113527 -0.831465 0.30609 0.116831 -0.836869
0.56855 -0.376036 0.388425 0.586632 -0.328434 0.393099
0.227747 -0.494601 -0.693457 0.21779 -0.469754 -0.684045
-0.173458 -1.27403 0.000199335 -0.189536 -1.31513 -0.00485
-0.640547 0.395534 0.0855981 -0.620884 0.391158 0.058418
0.226519 0.0815058 0.111281 0.224936 0.110631 0.106649
0.852896 0.451922 -0.0690591 0.834176 0.472221 -0.055296
1.05614 -0.660973 -0.424612 1.0449 -0.669552 -0.469921
0.176197 -0.118571 0.703892 0.183543 -0.151426 0.695165
-0.377467 0.499234 -0.93876 -0.371331 0.498651 -0.921607
-0.205619 -0.386227 0.030887 -0.204882 -0.396275 0.036218
-0.757172 -0.680274 0.743504 -0.756429 -0.710431 0.75101
-2.03031 -0.191236 0.299616 -2.04038 -0.199144 0.300377
-0.130826 -0.316117 -0.39818 -0.15092 -0.317979 -0.398062
0.905172 0.535009 -0.328702 0.899979 0.556221 -0.362018
-0.060171 0.249344 0.0016366 -0.056385 0.247222 -0.036011
0.467386 0.0492488 0.366748 0.478663 0.040015 0.356014
0.550181 0.773579 0.211217 0.579004 0.786098 0.204688
-0.650379 0.384855 0.442803 -0.64786 0.387952 0.438838
0.00767503 -0.251922 -0.324299 0.016296 -0.236427 -0.318182
-0.232069 -0.15016 -0.133059 -0.23411 -0.14191 -0.121146
-0.0904955 -0.213617 -0.305726 -0.095146 -0.236414 -0.301478
0.239297 -0.12272 0.588239 0.229466 -0.126187 0.598345
-0.161637 0.147143 0.340348 -0.162309 0.181907 0.360348
0.0109805 -0.140902 -0.112349 0.005353 -0.129323 -0.107709
0.087526 -0.101873 -0.0329871 0.08542 -0.121019 -0.034221
-0.0608682 -0.147429 -0.208497 -0.049447 -0.158788 -0.205075
0.0594779 -0.164407 -0.0485642 0.073241 -0.146474 -0.02264
-0.135298 -0.021469 -0.363104 -0.156714 -0.0002 -0.35636
0.162342 -0.278785 0.997778 0.148349 -0.280039 1.00444
0.0439068 -0.100802 0.872585 0.051813 -0.091268 0.894667
0.170614 -0.134825 -0.473609 0.190779 -0.133398 -0.468004
0.961766 0.527011 0.267942 0.972609 0.537916 0.282219
0.160782 -0.184462 -0.271975 0.153323 -0.2005 -0.256728
-1.05225 -0.392391 -0.475975 -1.05238 -0.424169 -0.481055
-0.542435 -0.286732 0.26552 -0.531143 -0.301026 0.267667
0.0660184 0.750598 -0.567976 0.066148 0.773312 -0.5651
0.103085 0.222327 0.544515 0.085216 0.216708 0.526912
-0.104653 -0.266039 0.102138 -0.093726 -0.260258 0.088942
-0.574801 -0.368671 0.471495 -0.564935 -0.36798 0.457717
-0.178401 -0.269122 -0.571312 -0.18189 -0.262714 -0.571201
0.237409 -0.386436 0.435362 0.241808 -0.369957 0.429208
0.0511782 -0.290555 -0.349035 0.067168 -0.297909 -0.357478
0.689502 -0.0407788 -0.199027 0.70704 -0.026071 -0.194848
0.085321 0.271299 0.227679 0.066578 0.278065 0.235486
0.126512 -0.144512 -0.257473 0.118757 -0.130283 -0.254554
0.235001 0.298963 -0.361073 0.214421 0.292438 -0.369998
0.644069 -0.274844 -0.340913 0.666908 -0.284649 -0.340535
-0.277919 0.103858 0.485598 -0.280983 0.115056 0.49385
-0.0355822 -0.259769 0.606998 -0.041638 -0.262705 0.596429
-0.254944 0.662897 1.02573 -0.278702 0.61028 1.01771
-0.43604 -0.610766 0.0744893 -0.460561 -0.582176 0.083054
-0.850981 -0.366116 -0.6081 -0.86248 -0.360344 -0.589443
-0.733391 -0.817367 0.718103 -0.738619 -0.832712 0.723602
0.0986626 1.01633 -0.245587 0.105108 0.975696 -0.253756
-0.415301 -0.788002 0.00777961 -0.426311 -0.760053 0.011824
0.675431 0.68994 0.353374 0.6834 0.712964 0.355745
1.37497 0.256142 -0.240423 1.36522 0.248197 -0.242525
-1.01867 -0.095991 -0.082244 -1.00779 -0.103137 -0.079171
0.145294 -1.14245 0.0619728 0.151985 -1.13605 0.011186
0.0567623 1.08018 -0.708665 0.042575 1.09161 -0.703697
-0.765615 0.514256 0.28639 -0.745398 0.495334 0.284343
-0.015904 -0.692338 -0.103856 -0.01479 -0.716088 -0.09452
0.262644 1.52702 -0.127154 0.275771 1.50611 -0.120908
1.38267 0.616228 -0.42547 1.38829 0.641827 -0.418643
-0.405886 -0.108384 -0.37757 -0.397822 -0.117691 -0.378989
-0.780318 0.020596 -0.706772 -0.810029 0.017659 -0.722148
0.537525 -0.123102 1.80576 0.491437 -0.12978 1.80266
-0.0754715 0.448015 0.507357 -0.095801 0.444188 0.519625
1.27452 0.151462 -0.898067 1.26567 0.123107 -0.901383
1.13094 0.257543 -0.127715 1.1692 0.285239 -0.103648
0.359871 0.153537 -0.124697 0.328264 0.17567 -0.126462
0.77595 0.430658 0.287604 0.801294 0.430577 0.264598
-0.402128 -0.653068 0.340217 -0.38067 -0.642137 0.342165
0.414024 0.360571 -0.167271 0.420999 0.362223 -0.138818
-0.292851 0.247486 -0.222584 -0.314583 0.253957 -0.201372
0.605097 -0.295107 -0.291882 0.592003 -0.282362 -0.258635
0.0388247 0.115292 -0.0848124 0.038923 0.119736 -0.065106
-0.939905 -0.953484 -0.0941803 -0.948606 -1.00151 -0.069392
-0.281056 0.602357 0.933844 -0.329989 0.624495 0.94102
-0.78269 -0.993752 -0.134283 -0.798621 -0.966953 -0.119476
-0.167188 1.01561 0.277608 -0.195467 1.0026 0.316788
0.248942 -0.248138 -0.521807 0.219357 -0.259221 -0.534693
0.0371998 -0.067657 -0.553051 0.054301 -0.091293 -0.530655
-0.460518 0.560038 0.102348 -0.484415 0.553905 0.110067
0.0475872 -0.78249 0.438516 0.042642 -0.77207 0.45611
0.155472 -0.442793 -0.140103 0.152758 -0.43608 -0.187474
1.92355 1.27332 1.06746 1.92865 1.30522 1.07202
-0.162058 0.819058 0.881891 -0.146638 0.841954 0.846813
0.373246 -0.415897 -0.198303 0.396138 -0.394362 -0.203192
-0.173256 -0.658455 -0.15893 -0.167991 -0.626162 -0.189194
1.39554 0.453843 0.677854 1.4052 0.436572 0.665513
0.113821 -0.848325 -0.104478 0.095883 -0.8285 -0.105928
-0.161727 -0.104566 1.00604 -0.194047 -0.105983 0.998952
-0.90779 0.0437243 -0.40383 -0.913265 0.050658 -0.406434
0.120273 0.598114 -0.293776 0.078583 0.578513 -0.299361
0.32677 -1.44703 -0.631031 0.31208 -1.44242 -0.588035
-0.044007 0.302741 -0.457211 -0.07505 0.271806 -0.470693
0.411497 -0.335377 0.32335 0.41471 -0.33327 0.344455
-0.809992 0.542598 0.0645366 -0.812828 0.525933 0.055462
0.240542 0.408816 -0.299367 0.242472 0.397371 -0.293957
0.215619 -0.235956 0.704167 0.23666 -0.237813 0.714242
-0.186209 0.504224 -0.0393202 -0.211552 0.508017 -0.03375
-0.0796876 -0.0983919 -0.339747 -0.068565 -0.119992 -0.338465
-0.347196 0.160983 -0.186882 -0.345348 0.1626 -0.17138
0.570598 0.0519934 -0.034511 0.576305 0.03592 -0.044781
-0.0798995 -0.787442 -0.294471 -0.072054 -0.801096 -0.284425
0.211488 0.10064 -0.248411 0.211868 0.102026 -0.234671
0.230664 -0.264974 -0.901106 0.250737 -0.269192 -0.873031
0.0685985 0.229412 -0.322262 0.055446 0.233952 -0.321581
-0.448301 -0.258196 0.506802 -0.456933 -0.25922 0.518305
-0.0129866 -0.202475 -0.362407 0.008061 -0.192907 -0.369008
-0.177583 0.41806 0.229941 -0.165699 0.431855 0.232666
-0.226385 -0.109571 -0.298761 -0.202682 -0.101314 -0.311773
-0.763559 0.271171 -0.302228 -0.774219 0.248468 -0.319023
0.696579 -0.906681 -0.999126 0.721465 -0.890061 -1.0018
-0.48989 0.446238 -0.362374 -0.48838 0.446637 -0.371961
0.0797599 0.0552315 0.301938 0.076685 0.04691 0.290497
0.248684 0.577361 -0.162377 0.263791 0.569757 -0.158949
0.302547 0.43829 -0.267653 0.319715 0.428467 -0.286593
0.334525 0.0986861 0.678385 0.32654 0.100234 0.678521
0.252019 0.977848 -0.0778731 0.236303 0.970711 -0.083152
-0.320309 -0.25927 0.267265 -0.326598 -0.257821 0.25517
-0.213307 -0.280897 0.356055 -0.175231 -0.289701 0.356875
0.111628 0.11977 -0.138627 0.128632 0.113059 -0.152174
0.219282 0.487437 0.505111 0.227258 0.482873 0.502482
0.197258 -0.21589 -0.0367426 0.194243 -0.213362 -0.059984
-1.0586 -0.213304 -0.49301 -1.03735 -0.196458 -0.505068
-0.142714 -0.206651 -0.371428 -0.121113 -0.213998 -0.378664
-0.324367 -0.143815 0.786254 -0.314242 -0.133269 0.778808
-0.678873 -0.432539 0.321941 -0.690192 -0.451281 0.32902
0.240023 -0.325129 -0.6824 0.223294 -0.306896 -0.657832
0.650754 -0.865534 0.420912 0.643301 -0.872433 0.382582
-0.378702 0.351069 0.258858 -0.366378 0.346751 0.249286
-1.0487 -0.761244 0.106255 -1.06877 -0.792489 0.09998
0.0132322 -0.382066 0.313226 0.011049 -0.386626 0.315714
-0.850328 0.478307 0.80561 -0.874978 0.501267 0.791317
-0.068551 -0.0340619 0.175089 -0.044981 -0.017307 0.174439
-0.434711 0.978038 -0.663141 -0.396929 1.00269 -0.635114
0.0849546 -0.503094 -0.725983 0.091872 -0.498028 -0.740895
-0.452603 -0.613058 -0.0121486 -0.436974 -0.618819 -0.003025
-0.620991 -0.394657 -0.554204 -0.639367 -0.408529 -0.568083
0.593452 -0.232863 0.170203 0.632621 -0.212499 0.157493
-0.0685754 0.401071 -0.337443 -0.063665 0.396775 -0.318662
-0.430292 -0.022301 -0.147644 -0.396223 -0.010549 -0.150986
0.49143 1.1681 0.354032 0.520015 1.13341 0.327249
-0.0859268 -0.887058 0.139172 -0.123923 -0.859734 0.126064
0.555436 -0.414093 -0.0948293 0.535069 -0.41212 -0.091568
0.624623 0.455593 0.512936 0.649662 0.459107 0.528046
-0.374999 0.773536 -0.801391 -0.367427 0.760516 -0.820544
0.0479715 0.210608 -0.917863 0.051121 0.217883 -0.931503
0.538104 0.202248 0.953468 0.57945 0.166069 0.924195
-0.847023 0.830989 -0.0105074 -0.806409 0.817761 -0.011491
0.671806 -0.790237 -1.30987 0.654899 -0.765378 -1.30941
-0.142326 -0.286515 -0.294448 -0.135798 -0.310108 -0.30363
0.560136 -0.282906 -0.592757 0.569328 -0.300402 -0.569931
-0.239449 0.410632 -0.161375 -0.234519 0.404397 -0.14689
-0.483591 -0.15236 0.087621 -0.475398 -0.134203 0.113342
1.03649 0.111254 0.5462 1.02818 0.100491 0.539802
-0.116083 0.593199 -0.519659 -0.094097 0.610787 -0.511561
0.403233 0.0606488 -0.862611 0.400181 0.06703 -0.855164
0.691868 1.17848 -0.44508 0.670337 1.17294 -0.448672
-0.0115904 0.135387 0.683001 -0.004694 0.157739 0.704589
-0.161039 -0.240555 -0.333967 -0.205622 -0.234564 -0.344661
0.627329 -0.394803 0.191836 0.60316 -0.377632 0.188391
0.0487345 -0.143056 -0.0673408 0.068212 -0.158983 -0.034993
-0.206705 -0.743051 0.476939 -0.203889 -0.73519 0.487328
-0.592937 -0.607605 -0.0776076 -0.62225 -0.600236 -0.081682
-0.678625 0.845914 0.304348 -0.687478 0.837593 0.336944
-0.349719 -0.346487 -0.0187128 -0.368969 -0.353971 -0.004855
-0.0401204 0.70879 0.365381 -0.052013 0.655644 0.399174
0.440904 0.403839 0.480195 0.42806 0.403072 0.466897
0.803948 0.438725 1.49604 0.791631 0.434686 1.52332
-0.60128 -0.489877 -0.774998 -0.593622 -0.481755 -0.75669
0.419908 0.314475 -0.580374 0.370598 0.294288 -0.604486
0.249523 -0.294604 -0.0901247 0.239751 -0.298522 -0.110299
-0.429516 -0.659248 -0.479469 -0.420992 -0.681157 -0.463272
-0.408992 -0.236047 0.102217 -0.401011 -0.232729 0.125084
0.301523 0.129984 0.108808 0.323343 0.135967 0.126682
0.283584 -0.213895 -0.0663101 0.279253 -0.207569 -0.059284
0.518799 0.152886 -0.0394156 0.528918 0.148738 -0.046281
-0.442615 -0.0418094 -0.212765 -0.440061 -0.036368 -0.235203
0.106085 0.211063 -0.47424 0.110905 0.208841 -0.481275
-0.531631 0.24867 -0.145342 -0.528502 0.257245 -0.153094
-0.197237 -0.52504 -0.0514542 -0.190861 -0.50925 -0.053464
-0.260614 0.161689 0.277138 -0.26496 0.165304 0.271679
0.340067 0.0147393 -0.274601 0.331353 0.01914 -0.270291
0.597599 -0.301651 0.291046 0.610609 -0.313974 0.306845
-0.649006 -0.10313 -0.211334 -0.633865 -0.095999 -0.212104
0.153898 -0.0897142 0.521891 0.152154 -0.084215 0.514039
-0.688601 0.0638469 -0.232857 -0.656367 0.073553 -0.225454
-0.398959 -0.0258715 0.213216 -0.390435 -0.013519 0.219876
0.258678 0.365071 0.549094 0.259344 0.358705 0.530085
-0.160484 -0.0930867 0.101705 -0.153956 -0.069027 0.120339
-0.217527 -0.150508 -0.163361 -0.220441 -0.156504 -0.172338
-0.460943 0.363239 -1.01898 -0.470855 0.371041 -1.01657
-0.679101 -0.0569477 -0.561768 -0.683359 -0.066257 -0.576102
-0.164536 0.176841 0.538077 -0.172354 0.169699 0.535952
0.628738 0.243752 -0.170471 0.633594 0.235826 -0.172883
-0.554412 0.150285 -0.322084 -0.558985 0.159059 -0.330429
0.0318639 -0.236394 -0.120372 0.026923 -0.2223 -0.105352
0.423296 0.00815329 0.596986 0.42224 0.000447 0.586171
0.117015 0.0966835 -0.717258 0.122347 0.120548 -0.739612
0.321932 -0.312979 -0.00755957 0.334274 -0.308447 -0.022921
-0.344789 -0.101873 -0.2545 -0.352255 -0.098614 -0.265879
-0.317475 -0.427248 0.411764 -0.314965 -0.427736 0.422667
-0.0931002 -0.161756 -0.462222 -0.064359 -0.155617 -0.471587
0.207465 -0.13139 0.20883 0.215696 -0.124368 0.202393
0.268252 0.0333783 -0.33349 0.252768 0.02767 -0.33732
0.342692 0.062123 0.117948 0.34453 0.069442 0.114227
0.435343 -0.0670349 -0.32464 0.433806 -0.070991 -0.321665
0.345743 0.867091 0.0455702 0.369767 0.859198 0.056372
-0.854236 -0.242619 -0.233796 -0.861287 -0.244842 -0.241807
-0.283965 0.273696 0.677004 -0.293516 0.291041 0.667357
-0.0158538 -1.0878 0.732899 -0.025927 -1.08747 0.728343
0.358414 1.03909 0.855756 0.356093 0.99766 0.872058
-0.403555 -1.03186 0.217974 -0.433629 -1.02373 0.227548
-0.615524 0.0911679 0.20067 -0.613647 0.099255 0.22047
1.52236 1.40836 0.186119 1.54307 1.40335 0.183029
0.476851 0.238901 0.235429 0.472776 0.254953 0.245438
-1.15932 0.546136 -0.396693 -1.16855 0.557169 -0.415766
0.871072 -0.968674 -0.703255 0.884291 -1.01646 -0.733515
-0.432812 0.412903 1.43676 -0.414614 0.433027 1.42315
-0.933205 -0.496652 -0.0753051 -0.929992 -0.492863 -0.086988
0.499511 -0.320143 0.719958 0.503225 -0.3179 0.73225
-0.501372 -0.877482 0.423074 -0.515069 -0.896174 0.378342
0.278452 0.477866 -0.165189 0.295106 0.449301 -0.167653
-0.704131 -0.661894 -0.0685989 -0.707724 -0.665899 -0.077553
0.221563 -1.24702 -0.237157 0.224754 -1.25506 -0.263455
-0.269334 0.217041 -0.167395 -0.263609 0.208245 -0.181441
-0.285006 0.254903 -0.280496 -0.298938 0.247551 -0.312896
0.588546 0.0496266 0.474563 0.559872 0.03562 0.474677
-0.337859 0.240564 0.738997 -0.343605 0.26511 0.717661
0.179207 -0.324442 -0.0903903 0.206362 -0.293609 -0.08489
0.15559 0.703379 0.290831 0.166498 0.738273 0.293435
-0.56055 -0.35512 -0.0193201 -0.536767 -0.361498 -0.026415
0.12198 -0.0441683 -0.929269 0.083855 -0.063074 -0.926923
-0.150414 -0.101999 0.151589 -0.150031 -0.082574 0.157773
-0.397927 0.564519 -1.00706 -0.377158 0.573448 -1.03446
0.0170891 0.561857 -0.330765 0.032872 0.549965 -0.341424
-0.0855624 -0.373735 0.373086 -0.097525 -0.393853 0.384124
0.142321 0.705779 0.38282 0.124279 0.690282 0.373797
-0.48943 0.155318 0.0266067 -0.474565 0.168991 -0.001495
0.539716 0.326897 0.392776 0.535794 0.30491 0.384251
-0.932245 -0.156722 -1.00055 -0.931258 -0.16901 -1.02049
0.473204 0.983772 -0.398931 0.475255 1.00181 -0.433695
0.236959 -0.636041 0.635589 0.257475 -0.631826 0.626835
-0.437376 0.0452393 -0.690165 -0.444611 0.030112 -0.704549
0.423298 -0.536929 0.270786 0.398467 -0.563527 0.239655
-0.577785 -0.548859 0.848191 -0.588444 -0.545561 0.82589
0.7662 -1.10615 0.13294 0.761408 -1.09924 0.132842
-0.407121 0.306698 -0.0683144 -0.37827 0.260149 -0.055321
-0.0244101 0.0629739 -0.302421 -0.031123 0.053417 -0.323113
0.179035 0.456003 -0.334154 0.174502 0.471968 -0.374625
-0.154796 0.510381 -0.0646456 -0.129272 0.497897 -0.117037
-1.02608 0.384285 -0.695014 -1.01589 0.398942 -0.727647
-0.037851 -0.784964 0.546599 0.003484 -0.804242 0.532729
0.633317 0.861052 0.647201 0.62231 0.856745 0.639639
0.329623 0.00243053 -0.46783 0.327234 0.005593 -0.457152
-0.168283 0.445926 -0.0576842 -0.16688 0.460108 -0.043213
0.142737 -0.335484 0.485061 0.142031 -0.334738 0.507234
-0.00421442 0.0522297 -0.182569 0.001976 0.059596 -0.164407
-0.220633 -0.214015 0.603993 -0.221263 -0.217474 0.620217
0.151545 0.163567 -0.171356 0.154455 0.170228 -0.174653
0.457368 0.364691 0.29666 0.483217 0.36181 0.314251
0.347594 0.347943 -0.0508453 0.354086 0.345953 -0.037142
-0.522235 0.330757 0.0360605 -0.524715 0.338229 0.037588
0.61858 0.31624 0.367706 0.607932 0.330238 0.379853
-0.16455 -0.257318 -0.135265 -0.170636 -0.261983 -0.102556
-0.237148 -0.243841 -0.279348 -0.227741 -0.246828 -0.250707
0.188667 -0.0263582 0.639407 0.183766 -0.010288 0.665689
-0.471267 -0.166555 0.403208 -0.490694 -0.16292 0.409047
-0.0771002 0.448266 -0.0442791 -0.088784 0.44048 -0.038749
0.103234 -0.283554 0.00243433 0.092582 -0.28797 0.010182
0.174746 -0.0938003 -0.107223 0.171828 -0.074784 -0.099223
-0.174037 -0.0569181 -0.0706384 -0.169868 -0.038254 -0.064734
0.961328 0.0210659 -0.522191 0.959502 0.016848 -0.499892
-0.3114 -0.288702 0.211232 -0.314772 -0.299484 0.231098
0.38872 -0.186846 1.09433 0.396981 -0.195036 1.07844
0.0140333 0.671086 -0.0228569 0.004078 0.670153 -0.020698
-0.70224 -0.00482847 0.358637 -0.701918 -0.016398 0.353615
0.0865146 -0.303887 0.596823 0.083251 -0.300941 0.595348
0.176358 -0.142996 0.0855724 0.161401 -0.160378 0.083246
-0.432725 0.0501001 0.502981 -0.440925 0.046236 0.498306
-0.118102 0.230195 0.0930458 -0.10168 0.2418 0.101881
0.130817 -0.42094 0.020789 0.132888 -0.434263 0.02904
-0.0735498 0.0866117 0.7651 -0.076897 0.095006 0.761662
0.215596 -0.360438 0.349783 0.207514 -0.352886 0.360036
-0.461256 0.131121 0.0853524 -0.479756 0.132662 0.081329
-0.0249649 0.298463 -0.376912 -0.012406 0.301338 -0.386397
0.573971 -0.390025 -0.0146565 0.596254 -0.398273 0.008094
-1.18252 -0.328878 0.0197053 -1.18509 -0.304068 0.033154
0.712229 -1.04216 -0.029752 0.694073 -1.04816 0.006351
-0.194342 0.057006 0.199945 -0.205893 0.0479 0.19578
-0.414662 0.823011 -0.194625 -0.432216 0.826447 -0.162564
0.516217 -0.500536 -0.519998 0.521146 -0.482624 -0.502024
0.526463 0.746012 -0.660106 0.548124 0.767944 -0.659243
0.355412 0.602852 -0.228085 0.362004 0.611064 -0.227682
-0.0438307 0.26695 -0.877574 -0.07218 0.26405 -0.878017
-0.0447892 -0.24208 -0.796431 -0.054715 -0.226636 -0.788737
0.0491591 -1.11269 0.518762 0.055368 -1.08927 0.534716
-0.151966 0.157071 -0.552748 -0.132171 0.145694 -0.529404
0.164305 -0.402386 -0.481492 0.146116 -0.41001 -0.456441
-0.0655984 0.0282829 0.0808677 -0.079047 0.016755 0.091773
0.160317 -0.410926 0.0837285 0.148307 -0.380004 0.068134
0.637283 0.184178 -0.119455 0.660632 0.163762 -0.120649
-0.18945 0.264529 -0.234917 -0.221967 0.270393 -0.242509
0.279782 -0.490811 -0.387992 0.277501 -0.508499 -0.362543
-0.0307879 0.786614 -1.16745 -0.027327 0.762248 -1.14675
-0.0548032 0.540047 0.0337909 -0.070398 0.545851 0.014454
-0.109088 0.147179 -0.216369 -0.118171 0.134439 -0.223109
0.805927 0.521015 0.399461 0.761406 0.496716 0.428027
0.981267 -0.1119 -0.625748 0.962899 -0.106781 -0.600083
-1.25462 -0.317303 0.0693889 -1.2411 -0.329263 0.060779
1.10972 -0.792897 0.168472 1.11899 -0.802418 0.154817
-1.13127 -0.373925 0.123884 -1.19078 -0.365049 0.126434
-1.63656 -0.142608 -0.585955 -1.66401 -0.140157 -0.594123
0.452797 0.496567 -0.351884 0.438471 0.500773 -0.338803
0.34591 -0.352237 -0.48242 0.396263 -0.345154 -0.47725
0.210166 -0.0833719 -0.492344 0.213693 -0.088321 -0.504016
1.09834 0.280469 -0.304682 1.07196 0.290644 -0.301157
0.729331 0.716262 0.509616 0.727593 0.724498 0.475238
-0.331729 -0.644255 -0.315411 -0.336908 -0.659854 -0.293898
0.103595 -0.284019 0.466096 0.1084 -0.313077 0.492896
0.0987505 0.107887 0.38828 0.077103 0.089054 0.416188
0.64329 0.127819 -0.051404 0.639174 0.114686 -0.019822
-0.24324 0.0330178 -0.372612 -0.246458 0.033702 -0.3235
-0.303994 0.837795 -0.873619 -0.336425 0.863369 -0.838184
-0.26362 0.897828 -0.561015 -0.26898 0.898306 -0.531748
1.10691 -0.214092 0.0730707 1.1442 -0.245549 0.096663
-0.229318 0.101983 0.0457902 -0.224569 0.055149 0.088693
0.799022 -0.727633 0.147187 0.816658 -0.722112 0.179544
0.00285599 0.353012 0.571183 -0.002495 0.347707 0.617626
-0.168416 -0.403383 1.32936 -0.201347 -0.395129 1.34582
0.0444949 0.034607 -0.545482 0.030709 0.052344 -0.542904
0.428475 -0.293572 0.700349 0.438698 -0.3232 0.718344
0.582606 -0.223067 0.691502 0.606667 -0.213259 0.732173
-1.25816 0.563065 0.897106 -1.29038 0.570147 0.901328
0.112184 -0.348228 -0.140422 0.122832 -0.331218 -0.125285
0.364791 0.534106 -0.804205 0.354438 0.551939 -0.818233
0.0833236 -0.456723 -0.512906 0.105139 -0.452343 -0.515564
-0.104387 0.0719357 -1.00804 -0.093263 0.07849 -1.01722
-0.228713 -0.745173 0.342077 -0.225922 -0.751667 0.336705
-0.13098 -0.432408 0.282863 -0.126745 -0.430353 0.250643
-0.0275854 -0.696113 -0.139355 -0.019458 -0.68067 -0.161282
0.138641 -0.0308367 -0.778048 0.137232 -0.028882 -0.799959
-0.461735 0.453747 -0.21136 -0.45082 0.449045 -0.22772
-0.455641 -0.144365 0.37552 -0.461593 -0.144781 0.367523
-0.301775 -0.135589 -0.455693 -0.302515 -0.131582 -0.456575
0.16544 0.374873 -0.662492 0.163634 0.373619 -0.669952
-0.157818 0.0843847 -0.979491 -0.157934 0.077088 -0.989378
-0.0949084 0.449318 0.566162 -0.101034 0.443088 0.574426
-0.504245 0.0224348 0.310561 -0.506839 0.017798 0.317531
0.138916 -0.577675 -0.19425 0.140174 -0.592219 -0.189506
-0.144581 0.586266 0.208862 -0.127203 0.580991 0.196881
0.104987 0.0971544 -0.0749778 0.14212 0.109595 -0.082405
0.0458409 -0.0985689 -0.0649964 0.071615 -0.094901 -0.07034
-0.0106216 -0.184638 0.204639 -0.00351 -0.171957 0.184242
0.187569 -0.00675557 -0.262609 0.178285 -0.011194 -0.272203
-0.478539 -0.0636981 -0.000812336 -0.48956 -0.049613 -0.018609
-0.0929447 0.213914 0.374696 -0.082542 0.206273 0.365158
-0.0106391 -0.330783 0.363657 -0.011162 -0.325694 0.357054
0.155661 -0.273545 -0.34085 0.166826 -0.28244 -0.338659
-0.142651 0.161669 0.656669 -0.153939 0.167036 0.661559
0.391608 0.617148 0.342961 0.406277 0.606722 0.355269
0.12788 0.0704961 -0.367091 0.150243 0.078884 -0.37064
-0.0981841 -0.496042 -0.166826 -0.08954 -0.507328 -0.170288
0.579308 0.163083 -0.0433202 0.574424 0.178846 -0.064569
0.00399325 0.0544316 0.0553143 0.009748 0.056776 0.053479
-0.107635 -0.206352 -0.170969 -0.097499 -0.224004 -0.172974
0.462298 -0.24826 0.730365 0.458935 -0.249401 0.737639
-0.113687 0.505772 1.30039 -0.12112 0.508717 1.30511
-0.163119 0.166481 -0.0573953 -0.134637 0.194561 -0.072864
-0.265398 -0.024127 -0.971056 -0.235282 -0.010027 -0.973063
-0.0176758 0.537726 1.23808 0.005382 0.546873 1.22637
-0.734765 -0.318035 0.473699 -0.713718 -0.318168 0.443508
0.434145 0.0414608 -0.365056 0.444234 0.085094 -0.394565
0.835414 0.0326804 1.13577 0.84416 0.025026 1.10853
0.10739 0.203986 0.285104 0.096261 0.193843 0.274963
-0.0388034 -0.679712 0.287914 -0.047438 -0.664597 0.265883
0.351754 0.729341 0.506415 0.371442 0.718045 0.483049
-0.84654 -0.76374 0.565716 -0.841414 -0.760306 0.563221
-0.28567 -0.288965 -0.168894 -0.30926 -0.282247 -0.176082
-0.567387 -0.239444 0.294791 -0.561026 -0.22614 0.2704
-1.10402 0.692922 -0.512552 -1.1415 0.695139 -0.555826
0.281333 -0.430178 -0.493801 0.274003 -0.413962 -0.504003
0.130969 0.33362 -0.520568 0.131302 0.340521 -0.520301
-0.798396 -0.478833 -0.38647 -0.822258 -0.495142 -0.379952
0.451908 -0.692585 -1.14529 0.453095 -0.688703 -1.11187
-0.044105 -0.987811 -1.1366 -0.046839 -0.939302 -1.14106
0.359371 0.242575 -0.149083 0.369419 0.246817 -0.135223
0.584579 -1.19102 0.0208748 0.589204 -1.1861 0.020528
0.0516983 0.533264 0.619524 0.04078 0.568998 0.599971
0.231385 -0.0514825 -0.232623 0.229732 -0.0285 -0.249017
-0.910133 -0.356288 -0.319135 -0.844199 -0.338877 -0.351622
-0.214503 0.0858226 -0.293612 -0.192577 0.078076 -0.296316
0.177111 -0.184702 0.84478 0.1752 -0.167494 0.829043
0.590141 0.828057 -1.21468 0.582941 0.825057 -1.21286
-0.273563 0.752822 -0.0415561 -0.305248 0.757484 -0.05882
0.521425 -0.11957 -0.414335 0.521929 -0.136403 -0.400622
0.0726069 -0.661513 -0.109512 0.059497 -0.634645 -0.118368
-0.776513 -0.362064 0.372108 -0.800411 -0.334661 0.398557
-1.31516 0.372267 0.823454 -1.28824 0.413977 0.79199
-0.465235 -1.01649 -1.38597 -0.477652 -1.01258 -1.43276
0.260337 0.214506 -0.600556 0.23284 0.188927 -0.664123
-0.427624 -0.286752 0.620112 -0.406023 -0.295394 0.602917
0.0141665 -0.108062 -1.32233 0.021441 -0.095448 -1.30698
-0.224153 -0.392922 -1.28931 -0.218612 -0.416283 -1.32963
0.0305606 0.703668 -0.723267 0.032768 0.720575 -0.737489
-0.210422 -0.35718 0.435837 -0.219802 -0.337413 0.438883
0.595563 0.392516 0.124604 0.595577 0.401108 0.119876
0.418959 0.885542 -0.614017 0.436928 0.891961 -0.650754
1.06461 0.765616 0.243129 1.08205 0.750539 0.20957
-0.867585 1.19364 -1.48356 -0.854431 1.23412 -1.50584
0.0183325 -0.127781 -0.284034 0.023071 -0.130337 -0.33518
-0.180755 -0.114519 -0.437549 -0.183146 -0.08722 -0.463672
-1.17767 -0.476295 1.08328 -1.15537 -0.47373 1.02147
0.778451 -0.906701 -0.336441 0.776975 -0.867566 -0.396118
-0.0172098 0.427608 0.0840712 -0.023392 0.419986 0.127996
0.204591 -0.332854 0.709917 0.227039 -0.332951 0.739203
0.0405361 0.217503 -0.707084 0.047001 0.20775 -0.680907
0.0845165 0.34424 -0.167278 0.089669 0.34215 -0.148379
0.185437 -0.359956 -0.222583 0.166759 -0.362319 -0.216602
0.0665575 0.472546 0.480556 0.049069 0.47184 0.513489
0.170844 -0.216875 0.465811 0.184641 -0.232181 0.485238
-0.216567 0.441735 0.0990192 -0.223066 0.438078 0.098844
0.142015 -0.257166 0.936774 0.140913 -0.264693 0.937782
-0.0938006 0.393556 -0.344264 -0.109358 0.391176 -0.299179
-0.373397 -0.634053 0.314147 -0.383125 -0.658695 0.339594
-0.18891 0.346983 0.149127 -0.197504 0.346041 0.179877
0.154991 0.0577683 0.419517 0.152873 0.052432 0.418711
-0.12972 0.04927 0.539953 -0.110153 0.050454 0.557809
-0.0998978 0.55576 0.0956588 -0.115825 0.559835 0.130871
0.497131 0.295165 -0.328917 0.492307 0.293743 -0.30185
-0.112284 0.120662 0.661745 -0.140993 0.102716 0.649527
-0.00902696 0.116743 -0.0518914 -0.010662 0.098794 -0.050495
-0.478999 -0.69901 -0.476184 -0.459394 -0.702922 -0.458566
-0.0413086 -0.159027 0.0481338 -0.034421 -0.156507 0.051643
-0.0206894 -0.00499665 0.718191 -0.030296 -0.014734 0.716135
-0.322009 -0.444009 0.169637 -0.331312 -0.438713 0.160984
0.209996 0.27871 -0.232376 0.212865 0.273392 -0.231843
0.132318 0.052855 0.52233 0.133978 0.034027 0.534664
0.11596 0.108793 0.0337325 0.103003 0.097448 0.042153
0.172414 0.00904224 0.174611 0.166938 0.014676 0.190728
-0.431327 0.238913 0.126861 -0.431689 0.228204 0.147105
0.504368 -0.226944 -0.149083 0.50416 -0.246851 -0.127981
1.20449 -0.773716 -0.254182 1.23222 -0.781268 -0.253075
0.272665 0.102996 -0.316085 0.278141 0.093488 -0.305162
-0.0323035 -0.268732 -0.448545 -0.041708 -0.292179 -0.447859
-0.304818 0.243012 0.596114 -0.309884 0.227003 0.612794
-0.998533 0.409644 -0.0920167 -0.979185 0.3846 -0.093279
0.585376 -0.879541 0.696607 0.590291 -0.860271 0.703362
0.605771 -0.256853 0.00868576 0.583285 -0.257568 0.022752
0.432283 1.58408 0.558065 0.42574 1.57031 0.55731
1.21606 -0.101971 0.0868824 1.21746 -0.100437 0.103096
-0.753115 0.739913 0.0435355 -0.779395 0.747697 0.063364
-0.64209 0.0626475 1.11704 -0.630989 0.05444 1.13482
0.504971 0.902968 0.482314 0.498819 0.921997 0.485713
-0.711359 -0.156184 0.708335 -0.689915 -0.176998 0.699516
0.139218 -0.625959 0.857704 0.122256 -0.63227 0.869091
-0.560493 -0.0756738 0.293319 -0.580731 -0.078036 0.286625
0.461815 -1.17633 0.250737 0.456799 -1.17877 0.209845
0.0507699 0.209153 0.0699846 0.071387 0.190602 0.076991
0.837189 0.468839 1.24686 0.825765 0.442815 1.25443
-0.335483 -0.729185 -0.427809 -0.340102 -0.733596 -0.437665
-0.585296 0.696586 -0.294897 -0.560214 0.693901 -0.28345
0.672659 -0.184367 -0.293863 0.694327 -0.160971 -0.281185
0.253404 0.776255 0.657851 0.275623 0.784974 0.681223
-0.408273 1.23993 0.517069 -0.396071 1.21008 0.515729
1.54451 -0.607209 -0.501341 1.51666 -0.600374 -0.49589
-0.564875 -0.0659003 1.04131 -0.554288 -0.108171 1.04575
0.071544 -0.316155 -0.189628 0.054533 -0.351905 -0.184776
-0.043746 -0.895364 -0.0765634 -0.031026 -0.905088 -0.070217
-1.03825 0.105501 0.549825 -1.03069 0.102756 0.586881
-0.392493 -0.287325 0.641934 -0.402467 -0.283168 0.653362
0.301189 0.142367 -0.503782 0.293825 0.12771 -0.502745
-0.737733 0.171551 -0.123032 -0.737693 0.14757 -0.102029
0.0706472 -0.69473 0.384954 0.076193 -0.710873 0.387656
0.75905 -0.222181 0.51368 0.7389 -0.208376 0.542468
0.473502 -0.0364106 0.194784 0.476941 -0.024203 0.213807
0.9273 0.421267 0.258843 0.894482 0.411773 0.272586
0.443494 0.335432 -0.810782 0.452797 0.31937 -0.804091
0.993019 -0.189173 -0.158178 0.975075 -0.161157 -0.133114
-0.611404 1.10194 0.616272 -0.591451 1.10886 0.631436
-0.346978 -0.891882 0.364158 -0.333568 -0.897948 0.370419
-0.166571 1.48906 -1.27847 -0.157908 1.47032 -1.24041
0.862304 0.33092 -0.0200702 0.828316 0.310257 -0.009414
-0.532235 0.431311 0.0298631 -0.511632 0.420798 0.037098
0.525241 -1.22145 0.0462742 0.527873 -1.21327 0.01757
-0.567008 0.38168 -0.240093 -0.589223 0.381897 -0.21579
-0.505374 -0.130435 0.732601 -0.517009 -0.128493 0.71751
-0.143016 -0.347809 1.2631 -0.174392 -0.328211 1.26609
-0.140463 -0.0564531 1.46174 -0.177033 -0.104838 1.46189
-0.425019 -0.293017 1.14612 -0.441573 -0.313338 1.17827
-0.821272 -0.672798 -0.0287098 -0.820407 -0.650211 0.003797
0.578187 0.0893175 -0.430286 0.568484 0.106201 -0.414386
-0.0594831 -0.655835 -1.14726 -0.094745 -0.646104 -1.1076
0.33308 0.345799 0.372534 0.318795 0.349832 0.378876
0.00645868 0.580917 0.0992751 0.013073 0.564435 0.080096
-0.250568 -0.11539 0.173322 -0.262492 -0.109665 0.159829
-0.513634 -0.457709 0.647193 -0.489994 -0.435432 0.620764
-0.239812 -0.425293 -0.0159086 -0.22656 -0.435708 -0.023006
0.171136 0.317773 0.363589 0.171995 0.301424 0.334731
-0.206532 -0.458653 -1.05072 -0.181906 -0.455417 -1.04728
-0.870331 0.250187 0.0805959 -0.876907 0.256512 0.098202
0.674019 0.00053031 0.0554068 0.68438 0.011308 0.053406
0.127255 0.231319 -0.252813 0.147585 0.225349 -0.249197
-0.0823105 -0.559485 -0.989068 -0.066548 -0.526912 -0.989876
-0.175641 -0.185933 -0.42328 -0.164167 -0.178189 -0.417607
-0.318819 -0.359199 -0.384654 -0.31874 -0.369045 -0.398374
-0.0873167 -0.321468 -0.47148 -0.075026 -0.319191 -0.47576
-0.264643 0.020192 -0.0520621 -0.2497 -0.00306 -0.054423
0.357943 0.0797122 0.0215768 0.380924 0.088235 0.004592
0.0205011 -0.258708 -0.295231 0.041039 -0.246894 -0.29805
-0.0610606 0.933865 -0.245136 -0.049973 0.955196 -0.265618
-0.0504083 -0.433427 -0.223537 -0.054822 -0.432288 -0.237992
-0.142836 -0.423195 -0.0157213 -0.156787 -0.418934 -0.045135
0.0519391 -0.299656 0.490599 0.059131 -0.301515 0.459658
-0.000893383 -0.310567 -0.237707 0.016062 -0.291912 -0.24744
-0.00657289 -0.0993883 0.34806 -0.002893 -0.094302 0.331184
0.0376848 0.247599 -0.354674 0.013408 0.266079 -0.355226
-0.24914 0.0440448 -0.0176846 -0.257906 0.056558 -0.029503
-0.635824 -0.0830136 -0.526875 -0.645201 -0.067259 -0.543438
0.373442 0.167478 -0.322826 0.389209 0.166927 -0.337461
0.0694097 -0.310558 0.00080917 0.088972 -0.292154 -0.028063
-0.273933 -0.265476 0.13627 -0.265511 -0.252866 0.122322
-0.236383 0.0296161 -0.465563 -0.235533 0.040423 -0.467182
-0.171054 0.0463966 0.0175587 -0.154889 0.05035 0.01451
-0.211934 0.106964 0.170311 -0.19753 0.11492 0.152145
-0.552958 0.306331 0.0750756 -0.535191 0.299554 0.046948
-0.930026 -0.199117 -0.550253 -0.926579 -0.207603 -0.549612
-0.359917 -0.24128 -0.416124 -0.386 -0.258868 -0.420344
-0.484704 -0.757608 0.155503 -0.486018 -0.759764 0.130167
0.492234 -0.204234 1.17139 0.480705 -0.180616 1.17813
0.318923 0.633832 -0.537688 0.310488 0.593899 -0.538526
0.365295 -0.244146 0.454998 0.351006 -0.237528 0.447631
1.38811 0.566978 -0.424744 1.36286 0.569195 -0.436715
0.768722 0.132106 -0.645388 0.744299 0.122065 -0.648541
0.439461 -0.551997 -0.16107 0.443916 -0.557108 -0.181544
-0.171341 0.693744 -0.170694 -0.174526 0.67664 -0.157235
0.500007 0.319027 -0.198805 0.515008 0.320597 -0.168738
-0.576957 1.40722 0.825214 -0.592057 1.42022 0.833058
0.287688 1.09648 -0.452897 0.318547 1.12066 -0.440644
0.50245 -0.458791 0.575902 0.502424 -0.445732 0.550815
-0.1623 0.220605 -0.644039 -0.161612 0.195372 -0.644798
0.0302317 -0.00246088 -0.306854 0.028394 0.006347 -0.321633
0.120836 0.428641 0.473035 0.088677 0.418873 0.478449
1.25738 0.450865 0.721459 1.26002 0.450487 0.729568
-0.939796 0.0565967 0.442236 -0.98258 0.074384 0.42781
-0.18659 0.239926 0.215781 -0.161763 0.269559 0.213089
-0.312963 0.0461991 -0.404579 -0.305177 0.051546 -0.404118
-0.0882418 -0.61575 -0.316953 -0.136448 -0.595134 -0.298296
0.163237 1.18398 -0.0863149 0.167324 1.19369 -0.093539
-1.26576 0.18296 -0.818652 -1.26099 0.169052 -0.796112
0.644862 -0.239712 -0.507223 0.694368 -0.240727 -0.47729
-0.0124719 -0.23071 -0.223221 -0.019487 -0.211863 -0.224591
-0.132671 0.710749 0.82817 -0.145503 0.751211 0.834196
0.857791 -0.285825 -0.278276 0.883336 -0.278585 -0.282246
-0.560456 0.0769528 0.317978 -0.541815 0.085626 0.324092
-0.296481 0.367078 0.195556 -0.308061 0.35529 0.209913
0.426939 0.165642 0.248299 0.412391 0.172116 0.251371
-0.314687 0.328559 0.0727388 -0.312122 0.329704 0.077659
-0.779973 -1.73882 -0.20933 -0.78476 -1.76798 -0.240165
-1.02923 -0.684674 0.0260111 -1.02787 -0.689285 -0.01123
0.297429 0.00140036 -0.691568 0.282237 -0.004882 -0.688133
0.389381 -0.258482 0.601839 0.411762 -0.261875 0.586122
0.00498241 0.277536 0.395198 0.018464 0.252391 0.397889
0.306529 0.478396 -0.31863 0.296584 0.470637 -0.321969
-0.608786 0.658915 0.169552 -0.595102 0.666385 0.148127
0.59564 -0.856608 0.248293 0.595445 -0.865921 0.232897
-0.171019 -0.0782653 0.387473 -0.166179 -0.075808 0.371412
0.581895 -0.307309 -1.12902 0.581694 -0.321339 -1.1462
1.26876 0.139277 0.0721635 1.29562 0.145081 0.080191
-1.34901 -0.0218064 -0.821638 -1.3435 0.013052 -0.8356
-0.174274 1.09695 -0.906549 -0.182056 1.08518 -0.947696
-0.217467 -1.00644 0.238726 -0.198293 -1.0392 0.222376
0.899246 -0.000979485 -0.657794 0.889179 -0.010195 -0.692782
0.025305 -0.19055 0.405397 0.026332 -0.193599 0.40885
0.302915 0.0118528 -0.152938 0.307342 0.033214 -0.142577
-0.0596251 0.351671 -0.482452 -0.044846 0.366588 -0.472997
-0.0371695 -0.301406 0.0675226 -0.04137 -0.293728 0.061337
0.313511 0.0184442 0.548792 0.302673 0.019733 0.555282
-0.322694 0.35793 0.570727 -0.332044 0.363167 0.570244
-0.0642467 -0.246513 -0.623905 -0.091111 -0.2591 -0.610824
-0.364488 0.013069 -0.55121 -0.378179 0.018298 -0.52418
0.14972 -0.150747 -0.585844 0.139889 -0.14412 -0.577322
-0.156885 0.177928 0.218088 -0.162537 0.185345 0.221862
-0.37253 0.0592899 0.345911 -0.367532 0.050991 0.359408
-0.0604219 0.417364 0.44679 -0.067783 0.422215 0.470053
0.525887 0.0092587 -0.251275 0.538626 0.021328 -0.232677
-0.00509612 -0.429905 0.173592 -0.002635 -0.427245 0.192329
0.129064 0.350465 0.153854 0.134714 0.367901 0.172949
-0.385593 -0.0870787 0.284326 -0.385014 -0.095467 0.299895
0.0602823 0.136483 -0.228347 0.061918 0.146584 -0.215579
-0.114445 -0.142276 -0.0380938 -0.129887 -0.160608 -0.042855
-0.399425 0.220147 -0.335159 -0.397571 0.208141 -0.351991
0.473071 -0.557815 -0.259047 0.474469 -0.570951 -0.258047
0.359751 -0.145061 0.297574 0.36208 -0.141228 0.304483
-0.572337 0.349979 -0.303017 -0.569049 0.359384 -0.317447
-0.0533137 0.240916 0.827646 -0.060105 0.244682 0.833264
0.0480161 -0.137905 0.393236 0.044795 -0.149694 0.388174
-0.389791 -0.102727 0.42175 -0.388782 -0.102984 0.408101
-0.120162 0.0449908 0.00892144 -0.113286 0.064043 0.011404
-0.499811 -0.306521 0.743573 -0.488739 -0.295707 0.747747
0.409741 -0.0135939 0.127337 0.427189 -0.003092 0.106784
0.309245 -0.195795 0.565864 0.310738 -0.206236 0.557657
0.356507 -0.124108 -0.124056 0.353913 -0.136467 -0.111594
-0.328444 -0.767846 -0.932211 -0.339432 -0.779075 -0.937034
0.268552 -0.195528 -0.468525 0.285909 -0.192646 -0.463031
-0.104462 0.0826927 0.422886 -0.115736 0.071062 0.431808
-0.225934 0.229889 -0.671748 -0.210048 0.229188 -0.66784
-0.691038 0.245237 0.726805 -0.69397 0.249549 0.732489
-0.0918079 1.1503 0.173835 -0.102061 1.13521 0.204535
1.25993 0.0852582 -0.35081 1.24942 0.075316 -0.344272
0.186874 0.243907 -0.409968 0.183287 0.237202 -0.400282
0.66478 0.265821 -0.210759 0.668652 0.279642 -0.17746
-0.602694 0.115897 0.0340192 -0.602104 0.102245 0.028673
0.451723 -0.591726 0.508031 0.469969 -0.587019 0.520751
0.212526 -0.22035 -0.302587 0.204882 -0.229837 -0.302421
1.20766 0.411714 0.469383 1.21345 0.410264 0.466194
-0.446117 -1.18464 -0.812507 -0.44917 -1.19156 -0.821138
-0.536095 0.210631 0.241893 -0.539535 0.18915 0.222504
0.333175 0.555653 1.26116 0.336373 0.546668 1.26458
0.158855 -0.419768 -0.196466 0.149314 -0.419803 -0.237721
-0.243094 0.159117 0.169033 -0.234831 0.177393 0.159371
-0.334403 -0.569283 -0.601789 -0.343958 -0.585803 -0.616632
0.8451 -0.382532 0.115028 0.838353 -0.397973 0.13224
-0.435239 -0.0974361 -0.920929 -0.425095 -0.11326 -0.900825
-1.06259 0.0607193 0.485871 -1.05305 0.064307 0.498157
-1.78534 -0.620631 0.866249 -1.79937 -0.609313 0.863418
-0.533603 0.666298 -0.181622 -0.532444 0.675834 -0.203608
-0.581614 0.0552115 0.0312617 -0.552334 0.053958 0.065585
1.91434 0.453059 -0.122858 1.90188 0.431339 -0.09954
1.83795 0.198141 0.0377676 1.84993 0.172807 0.010447
0.142395 -0.843994 -0.420112 0.176211 -0.881463 -0.422294
1.09587 -0.368313 -0.088362 1.0617 -0.34568 -0.078788
-0.396313 1.13743 -0.0637554 -0.388053 1.13675 -0.043835
-0.518113 -1.23784 -0.668687 -0.482423 -1.21995 -0.659049
-0.715181 -0.59446 0.15049 -0.718577 -0.60539 0.178109
0.130014 -0.0167796 0.310164 0.12087 -0.046822 0.328455
0.0323407 0.0743695 0.0580035 -0.002793 0.071282 0.062676
0.065802 -0.601641 -0.536817 0.043545 -0.582486 -0.535118
-0.333148 0.832606 -0.211676 -0.34961 0.825387 -0.182735
0.00676229 -0.508132 -0.0567014 -0.027496 -0.511754 -0.04867
-0.790679 0.320972 -0.151912 -0.771305 0.323321 -0.143741
0.311725 -0.583993 -0.0190882 0.315271 -0.601167 0.020309
0.269161 0.69303 1.0921 0.302621 0.696744 1.13315
0.254232 -1.1886 1.00447 0.233348 -1.16201 0.978578
-0.964729 0.558429 -0.330861 -0.97388 0.583822 -0.290093
0.5713 0.410338 -1.41763 0.579178 0.46364 -1.36206
-0.21607 -0.4812 0.0218034 -0.207388 -0.467238 0.044968
-0.539914 -0.676374 0.570736 -0.534376 -0.661112 0.591841
0.830721 0.00881305 0.354748 0.789068 0.067776 0.36417
-1.07388 0.372756 -0.0850942 -1.06218 0.392335 -0.065564
0.026928 0.103286 1.0383 0.008589 0.112868 1.05377
0.105522 0.336859 -0.139168 0.087783 0.362377 -0.142408
0.755599 0.308693 0.305526 0.737547 0.299217 0.321203
-0.607324 0.38887 0.158456 -0.614518 0.391199 0.16286
-0.209492 0.162021 -0.2002 -0.193697 0.159404 -0.196921
0.174262 -0.00344358 0.308895 0.179911 0.001237 0.31031
-0.353936 0.186385 -0.53327 -0.355005 0.193444 -0.542499
-0.283249 0.185182 -0.577631 -0.278009 0.183628 -0.58661
-0.0566593 -0.175841 -0.655616 -0.052957 -0.185941 -0.647431
0.598873 0.503262 -0.272847 0.622721 0.489426 -0.27882
-0.171681 -0.489912 0.0726481 -0.180532 -0.513429 0.056157
0.0189252 0.11605 0.649599 0.005397 0.10077 0.616583
-0.0309544 0.146293 -0.47508 -0.033446 0.137693 -0.468206
-0.473326 0.205662 -1.00824 -0.467372 0.201302 -1.00233
0.356816 -0.614455 0.228316 0.386093 -0.63571 0.232646
-0.159423 0.0858125 -0.177499 -0.174394 0.07196 -0.193545
0.426787 0.191037 -0.220072 0.419379 0.191353 -0.246476
0.127236 0.0252331 -0.0172375 0.125329 0.017951 -0.021245
0.0568855 0.0365972 -0.252837 0.082298 0.026284 -0.255003
-0.0421505 -0.0202344 -0.494845 -0.042368 -0.038028 -0.502979
-0.132416 0.316004 -0.103323 -0.129294 0.314123 -0.095204
-0.379077 0.293536 -0.872259 -0.375464 0.294229 -0.896727
-0.246377 -0.148778 -0.254934 -0.247362 -0.143648 -0.283987
0.652761 -0.671857 -1.01786 0.662203 -0.672885 -1.03399
-0.356843 0.190309 -0.209332 -0.363717 0.196602 -0.234054
0.0194401 0.253942 1.04166 0.035179 0.271237 1.04046
-0.0110312 -0.370618 0.569391 0.003281 -0.384888 0.53504
-0.588993 0.108942 -0.00915278 -0.609539 0.112368 -0.037123
0.294619 0.229992 -0.650106 0.27764 0.225596 -0.658889
0.210348 0.508448 -0.303394 0.222253 0.497817 -0.305307
-0.471471 -0.100165 -0.247069 -0.487134 -0.109044 -0.258033
0.316068 0.0247771 0.274005 0.311936 0.027697 0.257886
0.605234 0.254628 -0.645177 0.607881 0.250244 -0.66411
-0.216461 0.344972 0.116896 -0.220327 0.361185 0.105753
-0.085853 -0.173398 0.908183 -0.064583 -0.162727 0.891345
0.156055 -0.304674 0.119219 0.156138 -0.314179 0.123396
0.297253 -0.197932 0.371988 0.297712 -0.195285 0.343447
0.466366 -0.676565 0.586684 0.458001 -0.662149 0.59437
-0.171367 0.238466 0.130535 -0.171545 0.223579 0.123689
-0.418911 -0.545159 -0.289757 -0.386266 -0.536318 -0.272803
0.168733 0.218546 1.10288 0.15646 0.213787 1.10091
0.116074 0.409131 -0.597132 0.138667 0.403702 -0.603278
-0.216531 -0.573482 0.904782 -0.225481 -0.562172 0.902657
0.266754 -0.946879 -0.633007 0.23839 -0.95007 -0.644909
-0.324873 0.577577 1.46412 -0.337695 0.580006 1.48729
-0.248236 0.609053 -0.193615 -0.260055 0.598962 -0.214825
0.957139 -0.362098 0.177834 0.954589 -0.372494 0.14444
-0.453816 0.22712 0.397286 -0.461507 0.237532 0.363642
-0.196882 0.850726 1.05057 -0.173987 0.839519 1.04719
0.3836 0.249967 0.324256 0.378154 0.264841 0.310553
0.791309 -0.0824786 -0.662599 0.796908 -0.090773 -0.656666
0.196445 -0.0696493 -0.411351 0.224223 -0.077073 -0.417413
0.99474 -0.608281 -0.782743 0.992544 -0.634852 -0.819135
0.300941 -0.531241 0.22807 0.291755 -0.548984 0.215738
-0.489064 0.0968754 -0.784408 -0.518542 0.144648 -0.810436
-0.821789 0.484474 -0.241118 -0.822775 0.497877 -0.266732
-0.742613 -1.08584 -0.84351 -0.750185 -1.11241 -0.85084
0.471863 -0.410651 -0.173493 0.484039 -0.432669 -0.194764
-0.125271 -0.601626 -0.745819 -0.128301 -0.56683 -0.753278
-0.593927 0.591155 0.400867 -0.634379 0.60828 0.3716
0.0748898 0.246343 -0.548646 0.05379 0.217024 -0.567964
0.117762 -0.291342 -0.478468 0.127086 -0.272555 -0.498694
0.00811298 -0.215557 0.836832 0.034267 -0.241749 0.827499
-0.26067 0.425081 1.07281 -0.250633 0.426701 1.04174
0.461508 0.388309 -0.531426 0.451418 0.376312 -0.547567
-0.185414 -0.263107 -0.658501 -0.204893 -0.264726 -0.661553
0.608285 0.359587 0.015763 0.631736 0.37072 0.006101
1.31381 -0.717705 -0.496797 1.34829 -0.727805 -0.534928
-0.631147 -0.482464 -0.437359 -0.642903 -0.471878 -0.418653
-0.650806 -1.55383 0.0100597 -0.636255 -1.54455 0.012366
-0.916528 0.634791 0.53886 -0.899244 0.663907 0.564953
-0.351564 0.172351 0.462082 -0.348824 0.161739 0.47446
0.453797 -0.49934 0.201797 0.449921 -0.501713 0.213226
0.0512319 -0.295428 -0.521712 0.03438 -0.305393 -0.508999
1.38925 0.941097 0.151611 1.38425 0.971576 0.167714
-0.178964 -0.00417173 -0.124574 -0.193919 -0.029842 -0.153771
-0.195917 -0.79448 -0.0254657 -0.239628 -0.799603 -0.030999
-0.744912 0.790806 -0.108055 -0.771715 0.812303 -0.122995
0.0350232 0.770713 -0.347345 0.033317 0.795983 -0.369695
0.316629 -0.816301 0.144383 0.3244 -0.803972 0.169149
0.520131 0.162893 0.301699 0.515292 0.157827 0.307131
0.789693 0.660208 -0.515844 0.804049 0.665957 -0.530235
-0.29076 0.0168286 -0.246476 -0.267764 0.051966 -0.212881
0.0494468 -1.35123 -0.19096 0.03998 -1.2835 -0.177184
-0.0856979 -0.0494552 -0.724751 -0.076003 -0.055734 -0.706475
0.167273 0.0794609 0.241358 0.161882 0.078593 0.239263
0.0930456 0.272719 -0.48081 0.091458 0.251599 -0.480934
0.116207 -0.484089 -0.0992021 0.106499 -0.476788 -0.09914
0.107242 -0.180309 -0.436155 0.09704 -0.185534 -0.432417
-0.0808697 -0.0894722 0.401707 -0.084178 -0.112583 0.411143
-0.416503 -0.0968668 0.205506 -0.418624 -0.107778 0.227358
-0.129819 0.218919 -0.495365 -0.126252 0.226701 -0.473153
-0.0232207 0.100558 -0.634719 -0.008413 0.095781 -0.612258
0.536209 0.146057 0.958316 0.546701 0.13362 0.981109
0.0994517 0.0611253 -0.367365 0.096984 0.05945 -0.357587
0.213669 0.073644 0.208201 0.226308 0.084453 0.213878
-0.221099 -1.01686 0.234199 -0.20934 -1.01489 0.251422
0.0790649 -0.37619 -0.3759 0.073678 -0.397281 -0.367728
0.102388 0.207296 0.44029 0.098438 0.187854 0.428475
-0.258838 -0.0964853 0.0909671 -0.247669 -0.087912 0.093178
-0.249299 -0.0512298 0.579021 -0.233655 -0.055535 0.589982
0.435557 -0.112504 -0.230083 0.427331 -0.101385 -0.251744
-0.224629 -0.517314 0.355087 -0.211153 -0.50817 0.353974
0.713727 -0.550281 -0.138477 0.726474 -0.555483 -0.137873
0.072441 0.294124 0.487643 0.094528 0.294607 0.495662
-0.286362 0.129567 -0.826018 -0.285097 0.135256 -0.832002
-0.0774521 0.0641978 0.549425 -0.074407 0.063304 0.559856
-0.0425826 0.437459 0.723554 -0.047202 0.458324 0.737307
-0.225023 -0.0888943 -0.142576 -0.211771 -0.067012 -0.134046
0.0989391 0.0196073 0.701029 0.1066 0.010665 0.702713
-0.0788829 -0.408026 -0.0652939 -0.086627 -0.414435 -0.064033
0.288588 0.112046 -0.480439 0.295263 0.134475 -0.477479
-0.454861 -0.0746914 0.433171 -0.465214 -0.082718 0.439827
-0.398508 0.328456 -0.0341304 -0.40309 0.324242 -0.031023
0.443257 -0.337566 0.342202 0.443082 -0.343727 0.348499
-0.17651 -0.200199 0.204374 -0.180132 -0.202917 0.213884
-0.0427267 0.716621 -0.531776 -0.032099 0.702244 -0.526293
-0.830475 0.182148 0.374049 -0.864013 0.186546 0.383283
-0.263116 1.19868 -0.648209 -0.272928 1.17552 -0.643158
1.18847 0.66034 0.774498 1.18702 0.613737 0.760372
0.671841 0.738062 0.768618 0.68008 0.746813 0.74842
-1.01376 0.184116 0.728433 -1.01277 0.174124 0.744446
-0.497456 0.91768 0.865688 -0.51818 0.9023 0.871005
0.366194 -0.469888 -0.230478 0.368259 -0.49147 -0.238982
-0.185035 0.406675 0.577128 -0.183858 0.4502 0.575079
0.924754 0.232415 0.449566 0.968404 0.242991 0.432804
-0.301657 -0.249382 -0.545305 -0.292946 -0.240215 -0.522204
-1.12483 0.287513 -0.694851 -1.12126 0.268928 -0.680491
0.433992 1.56924 0.422425 0.433404 1.56601 0.440772
0.33477 -0.515779 0.13963 0.32719 -0.497821 0.137702
0.173619 -0.924193 0.229216 0.162567 -0.950446 0.2195
-0.749272 1.03202 0.134489 -0.742862 1.00171 0.12773
0.236418 -0.00303384 0.201286 0.248899 0.017599 0.149478
-0.343524 -0.0854251 -0.316856 -0.324024 -0.084467 -0.312579
1.28875 -0.682441 -1.02948 1.29477 -0.655211 -1.02154
0.419049 0.168064 -0.295883 0.418722 0.192481 -0.297114
-0.0733012 0.739819 0.53005 -0.113784 0.75851 0.540448
-0.398895 -1.07441 0.181741 -0.393869 -1.03582 0.182894
-0.618688 -0.734945 -0.262398 -0.608238 -0.717867 -0.246569
-0.298761 -0.101519 -0.0962707 -0.299501 -0.12305 -0.079718
-0.772101 -0.233065 -0.912418 -0.783979 -0.222223 -0.905475
-0.248048 0.00740693 0.194053 -0.24214 0.002772 0.211534
-0.159911 -0.745985 0.805453 -0.151649 -0.785723 0.786589
-0.804 0.352727 -0.432758 -0.807372 0.32867 -0.448373
0.648987 -0.343082 -1.02325 0.666333 -0.348836 -1.04617
0.998645 0.855043 -0.871252 1.01062 0.851805 -0.893024
0.0185977 0.0452775 -0.327832 0.036668 0.050857 -0.34529
-0.155227 0.682444 1.2121 -0.1497 0.68007 1.22945
0.137422 0.439554 -0.169024 0.146583 0.466458 -0.156767
0.144576 0.602473 -0.212848 0.174737 0.609047 -0.215295
-0.448587 0.0279527 0.966667 -0.410927 0.036711 0.987949
0.398385 0.212743 -0.302698 0.428572 0.227724 -0.2981
0.772954 0.534283 0.318026 0.774408 0.500392 0.323002
-1.31892 -0.322996 0.150097 -1.33857 -0.333241 0.149861
0.38193 -0.272691 0.0681752 0.372491 -0.26908 0.068847
0.114174 -0.282686 -0.0384122 0.119351 -0.261977 -0.05266
0.219804 -0.642831 0.574119 0.216884 -0.648081 0.598889
-0.20557 0.258503 0.490454 -0.229883 0.246701 0.488675
-0.965326 -0.440806 -0.358304 -0.972572 -0.497362 -0.353402
-0.0597314 0.124555 -0.243378 -0.072071 0.157018 -0.2342
-0.455212 0.291799 -0.31203 -0.440387 0.318883 -0.307601
0.699975 0.255975 0.940566 0.710834 0.250204 0.928162
-0.324276 -1.13996 0.71548 -0.31735 -1.15585 0.699514
-0.337851 -0.293043 0.233445 -0.336037 -0.258503 0.255123
0.312924 -0.497016 0.32816 0.30023 -0.51722 0.34615
-0.0443285 -0.202448 -0.429661 -0.047235 -0.204152 -0.430652
-0.313766 -0.00221059 0.065001 -0.325564 -0.003392 0.065781
0.243559 0.374496 -0.110549 0.225016 0.367577 -0.102273
-0.546988 -0.0273521 -0.340382 -0.547267 -0.034851 -0.336658
-0.39915 0.284957 -0.05919 -0.394212 0.286946 -0.054301
0.0173161 0.768502 0.86709 0.006646 0.746083 0.846589
0.0353219 -0.0556643 0.433202 0.026929 -0.059101 0.423694
0.0291904 -0.0519735 -0.223895 0.039317 -0.052539 -0.227498
0.352464 0.592031 0.254245 0.362591 0.614141 0.2773
-0.109829 -0.236589 0.738348 -0.110811 -0.232637 0.744318
0.0347984 -0.196293 -0.325068 0.02887 -0.183479 -0.319759
0.0853162 -0.35162 0.167681 0.072687 -0.365924 0.167352
0.304314 0.00546299 -0.477382 0.305639 -3.9e-05 -0.47491
0.979693 0.0595372 0.652145 0.968983 0.073147 0.6523
0.0959859 -0.269416 0.0282916 0.089161 -0.270791 0.020475
0.195568 0.0694678 -0.73242 0.198012 0.049009 -0.744479
0.0551595 0.675504 -0.40273 0.054955 0.660832 -0.39262
0.246368 0.348593 0.0936106 0.231318 0.326542 0.09052
-0.0940255 0.138829 0.212892 -0.111712 0.144409 0.21498
-0.00652268 -0.206292 0.387794 -0.000418 -0.214255 0.377463
0.514813 -0.0272144 0.0231107 0.515878 -0.044976 0.019437
0.0218333 -0.0907922 -0.0540173 0.020388 -0.10016 -0.050559
-0.0737251 0.461435 -0.252915 -0.08342 0.471403 -0.259766
-0.0920167 -0.0599733 -0.28983 -0.083261 -0.065377 -0.301626
0.0791679 -0.508944 -0.104702 0.079818 -0.516535 -0.112485
-0.343566 0.392801 -0.249284 -0.352293 0.420157 -0.253964
0.447134 0.178239 -0.32866 0.469271 0.196266 -0.336653
0.00611933 0.0139382 -0.146104 0.010596 0.002811 -0.150526
-0.224095 -0.352772 0.225201 -0.228155 -0.347258 0.220209
0.241517 0.180004 -0.162741 0.225163 0.183089 -0.175923
-0.188824 -0.169678 0.38881 -0.210848 -0.169325 0.381403
-0.482653 -0.297184 0.608721 -0.491047 -0.311238 0.59166
0.570768 -0.565743 0.165858 0.535232 -0.557585 0.167046
-0.248092 -0.0587816 0.0434717 -0.252143 -0.042167 0.055122
-0.497429 0.326782 0.217451 -0.483931 0.308672 0.205376
-0.919549 -0.063324 -0.0759833 -0.939707 -0.066248 -0.083707
-0.4018 -1.30828 0.45845 -0.396726 -1.32248 0.485899
-0.0344844 0.0323789 -0.856377 -0.046995 0.029075 -0.86312
-0.474397 0.355157 0.193089 -0.469618 0.34355 0.189115
0.481738 -0.0151345 0.379574 0.502128 0.010565 0.402705
1.08582 0.119933 -0.268928 1.11975 0.12998 -0.267925
0.370229 0.596332 -0.448428 0.352987 0.599243 -0.446986
1.04729 0.775658 -0.21672 1.03883 0.76738 -0.225389
0.135971 0.371326 0.264385 0.148701 0.36246 0.274101
-0.713101 -0.514184 0.397485 -0.716674 -0.515022 0.420634
-0.267677 0.253086 -0.200705 -0.263626 0.246885 -0.189981
-0.00609835 0.554734 -1.21402 -0.001254 0.557915 -1.22442
-0.226424 -0.165127 0.399365 -0.245615 -0.17152 0.413311
-0.399995 0.364441 0.649273 -0.364444 0.356638 0.664251
0.082364 0.094723 0.549986 0.085589 0.096305 0.560412
-1.22076 -0.995248 -0.402763 -1.23412 -1.03136 -0.412257
0.486735 1.27564 1.09068 0.491596 1.28101 1.10205
0.595659 0.140077 0.302128 0.5776 0.148159 0.338165
-0.242231 -0.836144 0.584539 -0.249223 -0.831787 0.584653
0.41196 -0.470151 0.617384 0.408751 -0.493789 0.629093
0.173985 0.50194 0.336232 0.208633 0.516135 0.358594
-0.605502 -0.000882201 0.179249 -0.564544 0.013325 0.185219
1.01939 0.336503 -0.288397 1.01682 0.319184 -0.286158
0.597055 0.747567 -0.0112177 0.622566 0.760289 -0.001197
-0.716709 0.170558 -0.485203 -0.696569 0.195022 -0.443852
-0.166663 0.245765 0.858077 -0.184683 0.24053 0.868734
-0.0347112 -0.622844 0.498026 -0.041129 -0.626298 0.514263
0.0339792 -0.149323 -0.510973 0.033558 -0.142878 -0.491298
-0.495717 0.249976 -0.723181 -0.537934 0.251484 -0.7628
0.224845 0.544256 -0.583909 0.200967 0.521242 -0.616673
-0.727199 -0.138187 -0.572484 -0.763967 -0.151006 -0.617187
-0.0436483 0.572853 1.94168 -0.058865 0.567978 1.91686
-0.536948 -0.687915 -0.869116 -0.571701 -0.681659 -0.897259
0.19847 -0.500593 0.13796 0.192937 -0.485173 0.120156
0.0638382 -0.540136 0.739248 0.046839 -0.569677 0.70321
-0.904614 -0.205915 -0.778937 -0.900295 -0.216994 -0.792204
-0.287728 -0.140515 -0.428714 -0.261505 -0.144855 -0.451261
0.615735 0.328177 -0.400934 0.645341 0.347151 -0.428515
0.0258954 0.629562 -0.416488 0.059263 0.606395 -0.459245
0.0259722 -0.0668199 -0.191048 0.03685 -0.074122 -0.216477
0.216362 -0.845455 0.257789 0.218819 -0.847193 0.232494
-0.488882 0.0889893 -0.900181 -0.486539 0.061942 -0.926664
0.336171 0.31947 -0.714905 0.324057 0.332355 -0.74172
0.336247 -0.00213168 0.192134 0.311829 -0.011914 0.164894
-0.224229 -0.243341 0.567392 -0.20306 -0.239401 0.597962
-0.398094 0.158939 0.0349708 -0.402398 0.188131 0.044586
-0.141541 0.153911 0.30104 -0.120621 0.154615 0.331512
-0.219857 0.22804 -0.0209715 -0.202645 0.216904 -0.018437
0.383105 0.269584 -0.063112 0.392554 0.297378 -0.036952
-0.0115583 -0.151944 -0.794679 0.007241 -0.149036 -0.766529
0.664838 0.0643152 0.109658 0.684379 0.071997 0.146842
0.1153 -0.0472586 0.331473 0.121801 -0.045203 0.3461
0.341588 0.63811 0.130141 0.327782 0.64549 0.138841
-0.0508706 -0.978323 0.309314 -0.07399 -0.978358 0.337631
-0.0820829 -0.377409 -0.710137 -0.087567 -0.361222 -0.68844
0.414703 -0.372031 0.38701 0.407636 -0.372833 0.394581
0.527803 0.278283 0.362904 0.511273 0.293391 0.383481
0.222792 0.0703985 -0.353372 0.233318 0.086715 -0.348521
-0.463627 0.201526 -0.0963341 -0.453875 0.209241 -0.08316
-0.172498 -0.308018 -0.0231245 -0.170244 -0.316977 -0.022801
-0.00895645 0.197063 -0.113096 -0.012865 0.198328 -0.103603
-0.279536 -0.366841 -0.116163 -0.282989 -0.371435 -0.127022
-0.443243 -0.280664 -0.0750147 -0.454681 -0.264974 -0.075781
-0.0421451 -0.0217764 0.464824 -0.04537 -0.00446 0.439468
-0.225223 -0.621466 -0.175237 -0.235952 -0.609687 -0.179996
-0.0617299 -0.478099 0.277526 -0.048115 -0.463941 0.254087
-0.124771 -0.284005 -0.0461421 -0.114669 -0.293922 -0.061149
-0.184899 0.266072 -0.791326 -0.202332 0.26666 -0.786045
-0.15098 0.0912813 0.143836 -0.168236 0.094404 0.125562
-0.293032 0.253914 0.31115 -0.300355 0.243897 0.289645
-0.0845688 -0.0430342 0.576984 -0.090599 -0.050205 0.564019
-0.397815 -0.205243 0.687124 -0.401975 -0.207246 0.676845
-0.177732 -0.200318 0.21255 -0.191095 -0.19713 0.195535
0.0755958 0.479145 -0.0528122 0.061338 0.474702 -0.049069
0.37924 0.378376 -0.358716 0.391503 0.395362 -0.359939
0.108255 0.0733564 0.112774 0.114145 0.058508 0.107268
1.35462 -0.234589 -0.293123 1.37985 -0.22817 -0.285758
0.353876 -0.834632 0.446296 0.362677 -0.824386 0.428614
0.126104 0.267631 -0.511258 0.112324 0.251106 -0.489783
-0.859802 -0.622716 -1.08678 -0.859318 -0.616405 -1.05212
1.20963 0.375309 -1.01804 1.25482 0.351283 -0.970789
-0.907845 -0.272236 -0.0480056 -0.872883 -0.302145 -0.071459
1.06179 0.259716 0.281912 1.06547 0.278159 0.283858
0.0749236 0.0448445 -1.15734 0.06096 0.057617 -1.13793
0.184525 0.357649 -0.206728 0.176706 0.360892 -0.205935
0.0584063 -0.0970947 -0.295374 0.067587 -0.118957 -0.281733
-0.180327 1.21936 -0.160587 -0.204546 1.20528 -0.147433
1.14632 0.768683 0.100278 1.1499 0.759577 0.105979
0.19824 -0.828698 0.453739 0.178137 -0.83186 0.441175
-0.281209 0.0616847 0.841904 -0.269607 0.064246 0.824233
0.0859162 0.218765 -0.100314 0.054749 0.229401 -0.096669
-0.966326 0.250669 0.167679 -0.967052 0.259749 0.177634
0.256558 -0.927788 -0.334703 0.279641 -0.940283 -0.315425
0.247899 0.0343934 -0.193754 0.255385 0.017786 -0.160777
0.564134 0.194785 -0.490209 0.596384 0.185828 -0.481878
0.235025 1.02326 0.402002 0.269346 1.04429 0.426543
0.228382 0.28437 -0.253943 0.216131 0.30744 -0.257012
-0.468776 -0.00943125 1.38981 -0.474162 -0.012734 1.39237
-0.46741 0.314281 -0.369505 -0.474936 0.287248 -0.35935
-1.14462 -0.141988 0.0677091 -1.1627 -0.153251 0.086219
-0.604174 0.484448 -0.426475 -0.635769 0.483398 -0.414592
1.20114 -0.324373 0.405351 1.20773 -0.321631 0.422617
0.223527 -0.281317 0.235587 0.21469 -0.307388 0.245079
1.16123 -0.693705 -0.61856 1.1777 -0.660987 -0.619877
0.578666 0.409875 0.954292 0.58068 0.38819 0.979537
-0.876898 -0.27366 -0.145568 -0.883609 -0.244321 -0.123202
-0.890996 -2.13317 1.0531 -0.887195 -2.15233 1.06858
-0.0751195 -0.468814 0.0268182 -0.056195 -0.483152 0.076733
0.539995 -0.050347 -0.372821 0.515969 -0.002364 -0.412738
0.675551 0.362993 0.491109 0.686399 0.363254 0.422078
0.194977 0.173123 -0.574058 0.199409 0.15262 -0.6001
0.39032 0.712004 -0.055425 0.38788 0.740301 -0.060637
0.179373 0.695655 -0.364029 0.18792 0.722678 -0.391433
-0.98703 -0.767258 -0.0732663 -0.974221 -0.767643 -0.082003
0.422488 -0.193445 -0.71872 0.458778 -0.171989 -0.746016
0.693082 -0.356393 -0.0568049 0.688143 -0.350547 -0.079949
-0.358385 0.192701 0.00247497 -0.373109 0.188859 -0.028254
0.192513 -0.146396 -0.784919 0.176567 -0.136499 -0.817183
0.0677323 0.89253 -0.93531 0.04107 0.904401 -0.960958
-0.478349 -0.43175 -0.613348 -0.512037 -0.427728 -0.643299
-0.700892 1.13944 0.405253 -0.697684 1.13981 0.396768
-0.192873 0.28826 -0.511108 -0.189511 0.267504 -0.544689
-0.756904 -1.05988 0.559723 -0.756751 -1.06586 0.525311
0.360575 -0.585866 -0.0868214 0.319862 -0.534706 -0.115609
-0.286902 -0.586539 0.412765 -0.275394 -0.602545 0.454441
-0.169811 -0.527279 0.753758 -0.177345 -0.527441 0.785889
-0.287551 -0.231443 0.614621 -0.289047 -0.240924 0.622846
-0.0702479 0.0739517 -0.257707 -0.067876 0.067908 -0.249744
0.154622 -0.395324 0.136682 0.160926 -0.404945 0.175688
-0.0572511 0.102275 -0.743709 -0.070986 0.103661 -0.715859
0.345635 0.398232 0.115568 0.339464 0.394382 0.147744
0.0393832 -0.718145 0.27367 0.028046 -0.72462 0.289011
0.0762704 0.310958 -0.0599218 0.086371 0.30931 -0.037719
0.288388 0.425218 -0.199553 0.283176 0.418828 -0.187281
0.335884 -0.0858952 0.31363 0.332705 -0.075053 0.324783
-0.0630028 0.325885 -0.439821 -0.043953 0.315812 -0.415894
0.210898 -0.202573 -0.200181 0.221908 -0.201255 -0.174923
0.52906 0.302637 0.563983 0.541047 0.301444 0.578081
0.141944 -0.0459034 0.531127 0.156678 -0.063003 0.563593
0.103311 0.368127 0.852506 0.118178 0.339729 0.878061
-0.148196 -0.0503647 0.484225 -0.144917 -0.056574 0.479994
0.0453905 0.291301 0.0620026 0.052846 0.292174 0.053155
0.451872 -0.174216 -0.0918667 0.450283 -0.173201 -0.103462
-0.142162 -0.240292 0.334603 -0.150729 -0.247686 0.330748
-0.488395 0.197876 -0.456944 -0.480262 0.193561 -0.483944
0.409786 -0.104181 -0.636045 0.417372 -0.071805 -0.648372
-0.0214679 0.120607 -0.0735223 -0.013429 0.126361 -0.080024
0.42334 -0.118236 -0.435935 0.433243 -0.116434 -0.453652
-0.237056 0.195158 -0.228653 -0.248523 0.209729 -0.235573
0.279677 -0.120782 0.506437 0.284024 -0.127707 0.488877
-0.164116 0.252114 -0.198809 -0.1613 0.249103 -0.202218
0.364007 -0.0799632 0.716342 0.35655 -0.066764 0.696871
-0.401634 -0.0190098 -0.362856 -0.42724 -0.016575 -0.375357
-0.328419 -0.604855 -0.207126 -0.345879 -0.603482 -0.204911
0.0611377 -0.132614 -0.190373 0.043711 -0.137608 -0.204543
-0.128243 1.55277 -1.13144 -0.147021 1.54894 -1.12832
0.364639 -0.37573 0.407205 0.353035 -0.380547 0.413672
-0.567707 0.000945937 -0.45654 -0.576041 0.011843 -0.469195
0.49606 0.451719 -0.168824 0.480237 0.46471 -0.156913
-0.259932 0.394641 -1.25062 -0.260126 0.383298 -1.27273
-0.467832 -0.478078 0.310996 -0.50119 -0.52001 0.313568
-0.0750792 -0.595876 -1.11882 -0.078614 -0.600512 -1.11412
0.0506186 1.38883 -0.519072 0.051106 1.39804 -0.52807
-0.673066 0.0108554 0.519235 -0.670702 0.007624 0.508806
0.249067 -0.435797 0.649197 0.256852 -0.446523 0.643674
-0.818033 0.672678 0.801357 -0.799487 0.653211 0.823917
-0.363797 -0.445921 -0.105626 -0.356668 -0.459351 -0.109053
-0.321432 0.415658 0.238581 -0.318787 0.42222 0.240401
-0.210928 0.33585 1.26734 -0.20255 0.325388 1.27327
0.845673 -0.38809 -0.401273 0.867897 -0.377337 -0.415763
0.184028 -0.0119754 1.08985 0.201025 0.019443 1.08438
-0.109167 0.22426 -0.034343 -0.090425 0.224978 -0.030687
0.89156 -0.582474 -0.876767 0.872457 -0.627668 -0.855376
-0.450688 0.137675 -0.0886428 -0.457795 0.127947 -0.068857
-0.361562 -0.256912 -0.112614 -0.345614 -0.263566 -0.097619
-0.0366572 1.23357 0.11175 -0.038569 1.19204 0.167812
-0.980969 -0.0908578 -0.274649 -0.962539 -0.096756 -0.238115
-0.363609 0.0622057 0.72307 -0.387321 0.050896 0.728097
-0.408712 -0.625293 -0.671219 -0.425677 -0.634515 -0.673025
-0.163371 0.583817 0.806082 -0.174946 0.588339 0.794003
-0.97313 0.0363627 0.201409 -0.996962 0.031223 0.190342
0.567133 -0.644785 0.259638 0.532641 -0.642327 0.285341
0.486964 -0.0551769 -0.447234 0.471147 -0.064138 -0.472384
0.458164 0.448385 0.679906 0.441691 0.448157 0.667204
0.402964 0.257608 -0.28616 0.364857 0.22704 -0.300752
0.522044 -0.0769496 1.0103 0.521223 -0.077404 1.03114
0.186518 -1.401 -0.14341 0.189097 -1.37946 -0.12491
0.591369 -0.160608 0.312338 0.590959 -0.166782 0.34567
-0.273396 0.0653181 -0.440455 -0.265566 0.067301 -0.458959
-0.380727 0.800393 -0.667894 -0.350217 0.766231 -0.709711
-0.0573688 0.463343 -0.107537 -0.020551 0.480444 -0.099463
-0.480867 -0.426511 -0.140903 -0.50566 -0.42903 -0.167675
0.531331 0.101067 -0.856855 0.521455 0.117992 -0.883187
0.583801 0.0672618 0.0755721 0.612418 0.050677 0.064833
0.37864 0.251625 0.117016 0.391828 0.246286 0.139722
-0.107254 -0.0722597 -0.915796 -0.092166 -0.062934 -0.903698
-0.582943 0.784074 -0.124444 -0.596343 0.781931 -0.141115
0.31002 -0.408069 0.220819 0.322213 -0.380073 0.205091
-0.453703 -0.78344 -0.238706 -0.433042 -0.77013 -0.25746
1.29077 -0.576087 -0.0490135 1.28706 -0.550893 -0.06441
0.448887 0.345323 0.394067 0.445744 0.3552 0.359262
0.411698 0.0630318 0.47693 0.399742 0.071012 0.431389
-0.34069 0.688498 0.27526 -0.334654 0.693395 0.276782
-0.583702 -0.132514 0.4964 -0.587999 -0.101297 0.436392
-0.420345 -0.497193 0.290175 -0.434922 -0.513094 0.30596
-0.0072856 -1.59139 0.731652 -0.013221 -1.605 0.754065
-0.405846 -0.49071 0.138552 -0.409439 -0.494416 0.14365
0.283587 0.0489399 -0.700167 0.289922 0.052173 -0.696168
-0.699149 0.0378286 0.150279 -0.697692 0.021279 0.162264
-0.0247546 0.165516 0.844463 -0.024773 0.182875 0.862907
0.0632856 0.00533189 -0.359654 0.057926 0.020359 -0.355759
0.0120547 0.110857 -0.469203 -0.001531 0.102161 -0.454544
-0.625534 -0.0546797 0.158681 -0.631647 -0.070142 0.18097
-0.451806 0.36903 0.522082 -0.448835 0.356423 0.530684
0.217474 -0.302917 -0.0255144 0.202348 -0.308625 -0.028886
-0.0784362 0.294037 0.552054 -0.08957 0.288006 0.571121
-0.114126 -0.173752 -0.113718 -0.102166 -0.162855 -0.119776
0.0908327 -0.0905421 -0.561123 0.086252 -0.092286 -0.54039
0.702881 -0.0415657 0.795215 0.694465 -0.072631 0.794569
0.10169 0.322896 0.0511145 0.115635 0.313333 0.068423
-0.359439 -0.390472 0.4518 -0.34947 -0.384415 0.437486
0.0630328 -0.406189 -0.229229 0.065173 -0.371583 -0.249791
-0.180884 0.346564 1.10357 -0.162857 0.340187 1.09012
-0.321691 0.279114 0.394112 -0.320187 0.272322 0.394956
-0.220715 -0.220238 0.00170577 -0.21556 -0.208274 0.002082
0.142596 0.785865 -0.699133 0.175161 0.814716 -0.723473
-0.201551 0.0513172 0.181243 -0.198901 0.067982 0.166834
0.0406622 -0.191347 -0.564788 0.045765 -0.194017 -0.57633
0.144315 0.111461 0.102946 0.146761 0.110708 0.10376
-0.0697021 0.0243165 -0.89552 -0.040251 0.036975 -0.906927
0.351391 0.0016176 0.122607 0.359971 0.009638 0.126362
-0.430067 0.320728 -0.226995 -0.436893 0.333734 -0.234942
-0.0675539 0.0738269 0.0767172 -0.060626 0.073779 0.079137
0.0802693 -0.155818 -0.478474 0.086448 -0.128253 -0.494864
0.315615 0.726551 -0.530815 0.328434 0.72339 -0.537741
0.411119 0.398843 0.0177389 0.413059 0.398081 0.014424
-0.695187 -0.320977 -0.516919 -0.707185 -0.320134 -0.509292
-0.151473 0.345186 0.446265 -0.165661 0.36911 0.480409
0.257034 0.0305628 0.0136721 0.230944 -0.000437 -0.002928
1.598 -0.1683 -0.756382 1.60073 -0.156032 -0.738959
0.000577845 -0.847687 0.078741 0.004457 -0.844042 0.09892
1.14036 0.539796 -0.0161721 1.13242 0.53236 -0.016314
-0.221495 -0.0243131 0.0301266 -0.219384 -0.044744 0.004183
-0.158012 0.610915 0.192307 -0.179708 0.599998 0.183643
0.447082 -1.16345 0.383023 0.464192 -1.15015 0.391264
0.15035 -0.525795 0.106507 0.133104 -0.510262 0.099036
0.0350658 1.07657 -0.250452 0.052441 1.07657 -0.25523
-0.879149 0.512722 0.0923953 -0.894265 0.482981 0.106496
0.0927179 -1.41546 -0.713554 0.132103 -1.4124 -0.690428
0.115445 -0.0352933 -0.141317 0.114919 -0.010353 -0.114207
-0.149007 0.987054 0.297686 -0.169923 0.967441 0.289432
-0.986751 0.434024 0.203439 -0.94688 0.458425 0.197417
