0.358891 0.310428 0.117483 -0.0795526 0.24017 -0.0740151 0.334574 0.285467 0.0557546 -0.0804394 0.239447 -0.0830803
0.440084 0.318143 0.376109 -0.00315218 0.270623 -0.089779 0.40443 0.282103 0.306571 -0.00544355 0.273914 -0.0868907
0.292399 0.313471 -0.122415 0.0271944 -0.223508 0.00623759 0.257282 0.273246 -0.203953 0.0256758 -0.226571 0.00553797
0.381989 0.281334 0.192912 -0.00373576 0.293734 -0.228604 0.354933 0.25817 0.131663 -0.00109383 0.30068 -0.231677
0.260423 0.313256 0.337408 0.0494632 0.0856767 0.101347 0.235912 0.282902 0.280655 0.0527271 0.0866403 0.100136
0.112096 0.168054 -0.292139 0.0100893 -0.348033 0.082342 0.0953073 0.14499 -0.361406 0.0115476 -0.349026 0.0894585
0.309366 0.311681 0.0612468 0.0152172 -0.100838 0.080848 0.277607 0.278494 -0.0122754 0.0122702 -0.0992706 0.0798525
0.2241 0.222973 -0.223778 0.0635616 -0.222909 0.108414 0.204784 0.210948 -0.29991 0.0679399 -0.22276 0.107368
0.374943 0.343065 0.449794 0.0508463 -0.147773 -0.236105 0.343168 0.319805 0.380756 0.0549636 -0.145366 -0.238048
0.195893 0.202964 -0.184668 0.0177107 0.129115 0.0748683 0.164961 0.17135 -0.260371 0.0166103 0.130146 0.0786466
0.145879 0.216313 -0.237947 -0.0767202 -0.225201 -0.205034 0.113833 0.190633 -0.302973 -0.0770271 -0.227947 -0.206712
0.369465 0.235033 -0.0185561 0.0386071 0.454866 -0.13926 0.327562 0.201327 -0.104004 0.0344217 0.461189 -0.136144
0.189342 0.203961 -0.188034 -0.012652 -0.141879 -0.119074 0.159631 0.171249 -0.257608 -0.0141642 -0.145562 -0.115636
0.282905 0.118239 -0.371498 -0.0068072 -0.0434358 0.0359888 0.25186 0.0833884 -0.451644 -0.00367678 -0.0429447 0.0347305
0.195757 0.225153 -0.176279 0.0209531 0.129647 -0.048128 0.164282 0.188535 -0.240866 0.0280959 0.129995 -0.0479949
0.184005 0.105774 -0.251205 -0.0266717 -0.0217716 -0.0216121 0.158896 0.0810863 -0.306556 -0.0297419 -0.0232985 -0.025521
0.340148 0.349559 0.492056 0.0123597 -0.0538795 -0.015089 0.303118 0.312928 0.421187 0.0127783 -0.0527159 -0.0170492
0.14432 0.140905 -0.522776 0.0778637 -0.0157318 0.212914 0.10922 0.110486 -0.600401 0.0815036 -0.0123278 0.217129
0.317243 0.387484 0.0691954 0.0169251 0.0385348 0.138169 0.279037 0.352263 -0.00204443 0.01882 0.0365857 0.141876
0.347125 0.400919 0.092284 -0.0218346 -0.245956 -0.081488 0.325318 0.372885 0.0137433 -0.0209944 -0.255504 -0.0856537
