0.11213 0.0969883 0.0367056 -0.0248549 0.0750373 -0.0231248 0.104532 0.0891895 0.0174196 -0.025132 0.0748112 -0.0259571
0.137497 0.0993988 0.117509 -0.000984849 0.0845519 -0.02805 0.126358 0.0881385 0.0957832 -0.00170075 0.0855801 -0.0271476
0.0913553 0.0979389 -0.0382466 0.00849645 -0.0698316 0.00194883 0.0803836 0.0853715 -0.063722 0.008022 -0.0707884 0.00173025
0.119346 0.0878982 0.0602724 -0.00116718 0.0917726 -0.0714235 0.110893 0.0806611 0.041136 -0.00034175 0.0939427 -0.0723836
0.0813649 0.0978718 0.105418 0.015454 0.0267683 0.0316643 0.0737069 0.0883881 0.0876863 0.0164737 0.0270694 0.031286
0.0350225 0.0525058 -0.0912741 0.00315225 -0.108737 0.0257264 0.0297772 0.0452997 -0.112916 0.00360788 -0.109048 0.0279499
0.0966566 0.0973798 0.0191356 0.00475436 -0.0315052 0.0252597 0.0867338 0.087011 -0.00383525 0.00383362 -0.0310155 0.0249486
0.0700164 0.0696644 -0.0699158 0.0198588 -0.0696445 0.0338724 0.0639815 0.0659074 -0.0937021 0.0212268 -0.0695978 0.0335454
0.117145 0.107185 0.140531 0.0158861 -0.0461694 -0.0737672 0.107217 0.0999179 0.118961 0.0171725 -0.0454172 -0.0743744
0.0612035 0.0634129 -0.0576964 0.00553342 0.0403399 0.0233914 0.0515395 0.0535355 -0.0813486 0.00518963 0.040662 0.0245719
0.0455777 0.0675834 -0.0743426 -0.02397 -0.0703606 -0.0640595 0.0355652 0.0595604 -0.0946591 -0.0240659 -0.0712184 -0.0645837
0.115434 0.0734323 -0.00579755 0.0120622 0.142116 -0.0435097 0.102341 0.0629013 -0.0324945 0.0107545 0.144091 -0.0425361
0.0591568 0.0637242 -0.0587483 -0.00395291 -0.0443277 -0.0372027 0.0498741 0.0535039 -0.0804856 -0.00442538 -0.0454785 -0.0361286
0.0883893 0.036942 -0.116068 -0.0021268 -0.0135708 0.0112441 0.0786896 0.0260534 -0.141109 -0.00114875 -0.0134174 0.010851
0.0611612 0.0703453 -0.0550757 0.00654648 0.0405062 -0.0150368 0.0513273 0.0589047 -0.0752546 0.00877813 0.0406149 -0.0149952
0.0574895 0.0330473 -0.0784849 -0.00833316 -0.0068022 -0.00675234 0.0496445 0.0253341 -0.0957784 -0.00929238 -0.00727925 -0.00797362
0.106274 0.109214 0.153735 0.00386159 -0.0168338 -0.00471431 0.0947045 0.0977695 0.131593 0.00399237 -0.0164702 -0.00532675
0.0450905 0.0440236 -0.163333 0.0243273 -0.00491515 0.0665215 0.034124 0.0345196 -0.187586 0.0254645 -0.00385162 0.0678386
0.0991176 0.121063 0.021619 0.00528798 0.0120396 0.0431686 0.0871805 0.110059 -0.00063875 0.00588 0.0114306 0.0443269
0.108454 0.125261 0.0288327 -0.00682188 -0.076845 -0.0254596 0.10164 0.116502 0.00429387 -0.00655937 -0.0798282 -0.0267611
