-6.30755 -6.28132
-6.3556 -6.32447
-6.39583 -6.38602
-6.27815 -6.26668
-6.26964 -6.25214
-6.25402 -6.23572
-6.25495 -6.21168
-6.3531 -6.33733
-6.37011 -6.35738
-6.39228 -6.39364
-6.21376 -6.20567
-6.31801 -6.30447
-6.46562 -6.47084
-6.29819 -6.29155
-6.40485 -6.40672
-6.42168 -6.41461
-6.28274 -6.28444
-6.32653 -6.33221
-6.36176 -6.35359
-6.37828 -6.3715
-6.33058 -6.3351
-6.45131 -6.44798
-6.45542 -6.45437
-6.41241 -6.40791
-6.47306 -6.46479
-6.41059 -6.3948
-6.36334 -6.36282
-6.38398 -6.37305
-6.30398 -6.29241
-6.45161 -6.43572
-6.46626 -6.45905
-6.38853 -6.38308
-6.28623 -6.27048
-6.39828 -6.37984
-6.33675 -6.3378
-6.55912 -6.55919
-6.27631 -6.27003
-6.46204 -6.46584
-6.32975 -6.32484
-6.48083 -6.47058
-6.54962 -6.55186
-6.48961 -6.48684
-6.48599 -6.47974
-6.48484 -6.47674
-6.50392 -6.49423
-6.54752 -6.54418
-6.51765 -6.50911
-6.45042 -6.44608
-6.47768 -6.47872
-6.4069 -6.40087
-6.43048 -6.42309
-6.42132 -6.41149
-6.52573 -6.52464
-6.44462 -6.44034
-6.36341 -6.35688
-6.4354 -6.42906
-6.44953 -6.45247
-6.47002 -6.46673
-6.48309 -6.485
-6.31356 -6.30172
-6.3739 -6.36479
-6.40638 -6.405
-6.45534 -6.45525
-6.47202 -6.46209
-6.51008 -6.50503
-6.32588 -6.32012
-6.56786 -6.55842
-6.40765 -6.40195
-6.40024 -6.39572
-6.26045 -6.24904
-6.39182 -6.38338
-6.30246 -6.29048
-6.32859 -6.33135
-6.30859 -6.30033
-6.31844 -6.31254
-6.33339 -6.32307
-6.39514 -6.39122
-6.3042 -6.29148
-6.21773 -6.2063
-6.09541 -6.08678
-6.03294 -6.02588
-6.10398 -6.08927
-6.06883 -6.06284
-6.30791 -6.30797
-6.3239 -6.3192
-6.44235 -6.44611
-6.4635 -6.46531
-6.44126 -6.44413
-6.49016 -6.49245
-6.24422 -6.2519
-6.25535 -6.25399
-6.25987 -6.2598
-6.29518 -6.29292
-6.26776 -6.27024
-6.29451 -6.29744
-6.3233 -6.32423
-6.33192 -6.33723
-6.2519 -6.25619
-6.23261 -6.23728
-5.41366 -5.3995
-5.79516 -5.79339
-5.70261 -5.70981
-5.82446 -5.82409
-5.65691 -5.65409
-5.69221 -5.70269
-5.7106 -5.70624
-5.77131 -5.77503
-5.63631 -5.63717
-5.61866 -5.6148
