1.03498 -0.232494 -1.56999 -0.288009 0.525328 1.58832 0.866313 -0.495174 -1.61136 -0.48393 0.342209 1.78104
-0.982508 -1.12434 -2.00044 -0.753021 0.989865 0.792237 -1.21666 -1.17332 -2.39835 -0.538311 0.818958 0.848895
-1.50602 -1.19306 0.029372 1.12882 1.6763 -1.92296 -1.31886 -1.31736 0.147963 1.12328 1.67896 -2.05949
-0.831659 -1.82811 -1.83208 0.480484 -1.3604 0.727413 -1.19727 -1.61533 -1.73116 0.388906 -1.39926 0.854004
-1.82453 -2.8793 -0.75855 -0.689425 -0.990493 0.891245 -2.10884 -2.92265 -0.537826 -0.727494 -1.08269 0.959406
-1.36804 -1.08075 -0.201173 0.386977 1.11249 -0.767715 -1.38192 -1.49781 -0.461258 0.320508 1.29699 -0.884437
-1.44391 -1.15747 -1.33826 -0.423591 0.983716 0.2955 -2.87259 -2.42511 -1.68105 -0.222396 0.950181 0.151198
-2.11166 -3.48387 -2.29146 1.66859 2.39258 -1.36239 -2.23379 -3.65306 -2.27685 1.74202 2.16354 -1.49077
-2.61335 -3.92223 -2.37382 -0.265486 -0.513356 -2.19169 -3.10298 -4.13294 -2.78572 -0.396188 -0.50082 -1.95305
-1.08969 1.73949 -0.803331 0.627929 1.98106 0.840357 -1.17063 2.06181 -0.708745 0.694928 2.01825 0.751104
-0.756458 -0.440949 -1.54998 1.22227 0.208213 -1.37515 -0.165467 -1.13136 -1.28315 1.21821 0.435426 -1.01251
0.00160426 -0.0537073 -2.43937 1.8969 0.507062 -0.968316 -0.158389 -0.139546 -2.77303 1.70839 0.535151 -1.02306
-0.0424735 -3.6251 1.97522 1.75941 2.89691 1.54569 -0.00496396 -3.68127 1.83772 1.75423 2.69287 1.41133
-0.0598372 -1.9024 -2.98616 -0.31356 -0.942139 2.19788 -0.294187 -1.76309 -2.75891 -0.494744 -0.922725 2.23801
-1.84424 -2.08165 -1.52523 -0.657459 -1.16832 1.9013 -1.96401 -1.97457 -1.65604 -0.835329 -1.10106 1.84465
-4.61926 -2.72421 -0.62005 -0.0652284 0.330081 1.09603 -4.58401 -3.07279 -0.394758 -0.046454 0.372073 0.759749
-2.91514 -3.52121 -2.2716 -0.232288 0.448238 2.89735 -4.23846 -3.97845 -3.0148 -0.357243 0.676322 2.68465
-3.68593 -3.77513 -2.52607 -0.62308 -0.927015 0.616135 -4.32782 -3.97653 -2.75468 -0.550319 -1.1 0.775705
-1.00449 -2.53729 -2.48871 -2.573 1.40387 -0.313593 -0.784202 -2.79562 -2.32793 -2.7414 1.48893 -0.433597
0.515659 -0.967628 -1.2133 -0.264349 -2.34665 -1.34774 0.372007 -1.26588 -0.697051 -0.399525 -2.19253 -1.37659
2.31046 -1.62248 -2.03988 -0.91688 1.62986 0.456526 2.02937 -1.54081 -2.56973 -0.966735 1.49766 0.895802
-0.229266 -3.58668 0.949975 -0.508119 1.32178 0.713275 0.218916 -3.52792 1.09588 -0.388263 1.40562 0.566352
-1.12425 -3.40301 0.50403 -1.17012 -0.376779 0.721502 -0.972775 -3.05367 0.665231 -1.30292 -0.305275 0.640266
-0.503042 -1.2066 -1.33365 0.84682 -1.35609 1.39295 -0.576178 -1.33965 -1.10333 0.915558 -1.35791 1.32976
-0.183376 -0.556551 -1.10444 -0.502949 2.41644 -0.153096 -0.19875 -0.798093 -1.23233 -0.466406 2.23088 0.0285926
0.731998 -0.638016 0.418183 0.0383206 0.197908 -0.036567 0.597013 -0.161511 0.512239 0.19198 0.635486 0.0149243
-4.96013 -0.785264 -2.44424 -0.390712 -0.442673 -1.41575 -4.94286 -0.588146 -2.41232 -0.536619 -0.23981 -1.49055
-1.95305 -3.87119 -2.59286 0.65697 1.32158 1.80308 -1.97117 -4.21476 -2.5616 0.521991 1.38145 1.93454
1.49982 0.273891 -0.718266 0.580216 2.8292 -1.74718 1.05715 -0.0601294 -1.09375 0.581014 2.58708 -1.72417
3.39101 1.16617 0.553909 1.49597 -1.91272 -1.30191 3.67422 0.950418 0.966586 1.72348 -1.53564 -1.20261
0.645141 -0.395679 0.771551 -1.48954 1.94287 2.01259 0.75336 -0.301006 0.900831 -1.4015 1.91415 1.96057
-3.41888 -3.27725 -2.81398 -0.65449 1.23622 2.188 -3.77407 -3.52127 -3.0397 -0.875039 1.11071 2.04882
2.18617 6.79286 2.64623 -2.13735 0.408773 -2.71237 2.68093 6.78802 3.18776 -2.06189 0.281991 -2.54871
1.28127 0.83626 1.82296 -0.460561 -0.419358 1.18346 1.16873 0.613418 1.97531 -0.16767 -0.226685 0.991759
-0.324174 2.23362 -0.815165 1.29592 -1.77234 0.991737 -0.491093 2.30512 0.0884785 0.928411 -1.70661 0.8573
3.48181 1.76444 0.334652 2.17272 -0.280411 0.0693747 3.60618 1.98585 0.3903 2.23076 -0.423222 0.0547409
3.48424 5.25192 2.19882 -1.50925 1.72035 0.289032 3.5188 4.37912 2.21348 -1.79047 1.85326 0.0911879
-2.9839 3.47046 4.14344 2.65608 0.0515186 -0.771052 -3.06193 3.26592 3.60948 2.61234 0.0868318 -0.637678
5.54508 0.115639 1.37162 -0.807388 1.55118 -2.49485 5.65458 0.379512 1.6643 -0.92642 1.45188 -2.55707
6.16919 3.64645 6.15364 2.13773 0.262341 0.967872 5.80292 3.61605 6.06386 2.02769 0.167368 0.803196
5.09467 7.08515 6.10662 0.411519 -3.07893 0.703395 4.34435 6.88712 6.08578 0.397319 -3.32848 0.340677
-1.9084 6.76811 1.25275 2.43165 0.260626 0.70751 -1.87931 6.799 1.14699 2.12702 0.141038 0.637272
-0.00420248 2.74586 1.01997 0.381065 0.958204 1.69175 0.318506 2.88147 0.944672 0.274024 0.997155 1.77552
4.32415 1.55594 2.82629 -0.764906 0.453797 0.197179 4.30001 1.39409 2.64951 -0.740986 0.19891 0.179248
2.34366 1.67537 2.50484 -2.60628 -2.07143 -1.07043 2.72094 1.90506 2.6767 -2.52631 -2.35068 -0.881354
2.56711 4.16489 8.00037 -2.54284 1.67321 1.29147 2.39819 4.15391 7.79638 -2.63072 2.04526 1.22448
-0.484383 2.18973 0.748076 -0.192453 2.27306 -1.63449 -0.394007 2.13695 0.528602 -0.243639 2.06834 -1.68963
0.433567 1.7627 3.68739 1.10179 -0.477131 -1.71232 0.102513 1.94591 3.35101 1.06982 -0.5367 -1.51214
4.93604 2.49223 2.27705 1.38922 -2.28773 -0.781819 5.15448 2.60184 2.23153 1.17126 -1.97851 -0.686431
11.0896 7.8596 9.68966 0.179092 -0.655437 1.49982 10.7908 8.14531 9.86908 0.343942 -0.621038 1.7079
16.4279 11.7098 8.14202 -3.3834 -0.450156 3.06218 16.8171 11.8216 8.18962 -3.18788 -0.538064 2.61058
10.2526 9.83436 9.53981 -0.477401 -0.692274 3.81318 10.5057 10.3302 9.32904 -0.446539 -0.884663 3.93131
10.9272 7.16557 9.9998 -0.092848 0.702079 1.51405 10.5486 6.99706 9.42303 0.10839 0.781307 1.35085
10.8593 9.82542 8.97659 -0.902806 -0.722029 0.00886177 11.0094 9.68256 8.9204 -0.769972 -0.753403 0.217256
10.8553 9.47326 6.8758 0.301338 3.66365 0.0368708 10.2571 9.88254 7.41648 0.886394 3.93049 0.00631149
12.1612 8.91071 9.43268 1.0944 -2.18059 -2.10041 12.1665 8.92343 8.90683 1.09458 -2.45036 -2.00144
11.2103 8.76782 12.7906 -2.74317 -0.290423 3.45608 11.3808 8.1976 12.8254 -2.58776 -0.388266 3.25403
2.31862 4.33886 11.1399 -1.90158 -1.03814 0.537185 1.78319 4.16896 10.836 -2.20449 -1.2431 0.894103
11.9875 6.86957 8.75805 -0.341715 -0.166691 1.01369 12.388 7.44655 9.10214 -0.450772 0.0457483 1.00419
20.8475 15.3871 23.2542 0.799636 -1.4854 -2.31918 21.0932 15.7798 23.5312 0.480402 -1.36058 -2.0618
20.4891 16.392 23.8519 0.0808655 2.79737 -1.58736 20.2088 16.0838 24.1321 0.568886 3.03187 -1.63971
21.2684 16.8741 19.5176 -0.819265 -0.934259 1.23414 20.7605 16.9486 19.7844 -1.05304 -1.146 1.42768
18.3705 19.1994 18.4134 -0.0176936 -0.219755 -2.76253 18.6921 19.3708 18.9401 0.355424 -0.197357 -2.46883
18.2674 13.4727 17.2335 -2.62056 0.563693 -2.63468 18.1866 13.8084 17.097 -2.80041 0.318719 -3.06181
18.5008 17.8339 13.9743 -2.01804 0.900777 -1.59715 18.4407 17.7675 13.9404 -2.17958 1.00727 -1.64096
21.6107 17.9696 20.4515 -1.31999 2.83211 -0.721594 20.945 17.9951 20.0812 -0.977985 2.8243 -0.526495
21.5067 12.7967 20.3346 0.0231212 1.06798 -0.658914 21.9303 13.1037 20.3019 -0.138481 0.769799 -0.590936
17.8306 23.4026 15.4356 2.7102 1.25352 0.556761 18.5779 23.4283 15.1184 2.42156 1.23404 0.660171
20.5592 22.6301 23.7432 2.12067 -0.0679899 -0.646386 20.4287 23.1175 23.9404 2.28649 0.166704 -0.28498
39.6929 35.7483 38.4205 -0.0298061 4.39745 -1.04043 39.6742 35.0377 38.4648 -0.319221 4.49364 -0.676052
28.3999 38.6642 35.2894 2.6703 1.16405 4.97792 27.8444 38.0815 35.4085 2.83409 1.729 4.9276
33.8128 32.7316 27.7583 0.0391143 -4.75098 0.281393 33.433 32.7995 27.7278 0.0579878 -4.95657 0.0871697
34.9493 36.6836 29.8546 -3.12218 3.66033 -0.0333152 34.5117 35.9529 29.0408 -3.4642 3.75907 0.432633
34.9303 30.9763 37.6956 2.24829 -4.54026 0.104104 34.7095 31.4301 37.501 2.42589 -4.19311 0.193939
33.9915 36.8956 33.9779 -1.16549 -3.15139 1.68348 34.0951 37.749 33.6874 -1.67984 -3.089 1.81096
30.6488 34.4054 37.7586 1.66239 1.50014 3.92268 30.1829 34.799 37.5483 2.06912 1.52509 3.4389
35.2381 33.2895 35.9593 2.43133 -1.97661 -1.68955 35.6685 33.7451 35.8416 2.06056 -1.63023 -1.99341
32.8273 39.3314 33.6814 4.02919 4.70987 -0.177657 33.1087 39.4991 33.2484 4.39159 5.20705 -0.117544
30.3094 40.8493 41.4303 -3.06091 -1.33745 -1.49217 30.1095 41.1903 41.6663 -3.1216 -1.7397 -2.03568
67.4126 64.1241 63.7751 0.392505 -1.96326 -5.05014 67.5154 64.4868 62.5189 0.153838 -1.64532 -4.86585
74.6029 66.3744 74.2434 8.28486 1.25192 -3.38235 75.2075 66.6636 74.4748 8.04693 0.970676 -3.61438
66.2685 67.8413 71.5346 2.38159 4.88421 -6.2936 66.4098 68.2465 70.9347 2.79881 4.32371 -6.75503
62.8804 68.6856 64.1218 0.720603 -1.25108 1.2713 62.5138 68.6645 63.7042 0.574239 -1.00988 1.35724
58.6262 55.1031 55.4759 2.63396 -6.45904 2.79926 59.4576 53.8481 55.5678 3.02371 -6.51109 2.7048
53.2329 56.829 56.8328 2.09997 0.275286 3.27826 53.1238 57.1982 56.8349 2.17774 0.208356 3.70221
45.6635 53.2346 48.7498 3.89664 3.06482 2.50152 45.0914 52.5091 48.3423 3.90896 3.0417 2.843
47.4216 47.3089 49.3059 -0.0452406 -0.777107 -1.00002 47.2847 47.4298 49.4492 0.243572 -0.603992 -1.06949
50.4009 47.6154 52.1112 -1.44969 -3.31847 -4.34769 50.4275 47.5694 52.2126 -1.52353 -3.36572 -3.79718
43.8234 48.5134 50.7996 1.54845 3.51174 0.329616 43.8131 48.1566 49.9487 1.35921 3.38349 0.492323
78.5134 81.0742 78.6767 0.89354 -1.91665 1.72451 77.3726 79.7447 76.9996 0.69281 -1.9796 1.91369
80.3824 80.9426 79.5272 -2.92257 -1.20465 3.19024 79.6815 79.9467 78.8324 -3.09426 -1.50742 3.35074
76.2525 83.1782 79.7952 -0.178886 -2.22368 2.44231 75.3226 82.2819 79.004 0.0257011 -2.45917 2.90918
81.4479 79.209 77.6289 1.32767 -0.745373 -2.53701 80.5719 78.6995 77.0938 1.29745 -0.460431 -2.57089
80.7558 78.5898 77.648 -1.15604 -1.38444 2.28267 79.875 77.1379 76.8014 -0.956914 -1.90087 2.1915
78.6658 80.7167 77.9805 -0.686361 -2.64361 0.63642 77.634 80.1974 77.0675 -0.575022 -2.09663 0.0620533
81.5818 81.4398 78.0442 2.51666 -0.0664395 1.32159 81.0183 80.9666 77.3824 3.20986 -0.4763 1.01898
80.0512 74.3028 76.9448 -0.896952 -1.45543 1.52491 80.2355 72.9163 76.69 -0.753587 -1.05589 1.3468
78.1758 78.4185 80.0361 1.20627 -0.734446 1.0018 76.7895 77.7378 79.1844 1.27458 -0.632116 1.18079
81.5666 80.2208 82.7 1.65482 -2.40829 5.35226 80.7922 79.6037 82.0081 1.66724 -2.36528 5.56333
132.67 136.119 141.31 1.80109 1.95839 3.88935 133.827 136.111 144.058 2.52928 1.89795 4.3676
129.812 124.86 131.197 -3.70435 -12.3752 6.81715 130.932 124.916 130.268 -4.10127 -12.4037 6.67613
135.612 132.456 135.187 9.33044 -19.2275 -1.7663 135.534 132.414 134.498 9.60702 -20.0953 -2.52557
126.008 131.732 132.285 -1.29368 -12.042 -4.50115 124.036 130.573 131.631 -0.692287 -12.7327 -4.55998
138.458 135.631 134.473 -6.18276 -14.9524 5.07505 136.597 135.599 134.391 -5.45662 -15.7133 4.8983
138.262 131.318 128.369 -13.6232 -11.9623 7.34026 136.914 130.915 127.303 -13.3674 -12.9819 8.17928
126.429 132.424 136.405 -3.21278 -14.7175 3.67492 125.941 132.519 135.609 -3.21306 -14.9382 3.99164
138.457 127.119 131.787 -11.8829 -14.9021 17.7942 138.344 126.388 130.933 -11.9732 -15.8325 17.8762
134.745 138.03 141.762 -12.1644 -11.7848 10.5696 134.014 136.791 140.926 -12.2142 -12.8549 10.8591
131.83 133.128 138.684 1.26352 -12.5204 -9.68254 130.619 132.657 138.377 1.59522 -13.5007 -10.1705
