0.131662 -0.0295761 -0.199721 -0.0366383 0.0668281 0.202053 0.110205 -0.0629921 -0.204985 -0.0615617 0.0435331 0.22657
-0.124987 -0.14303 -0.254481 -0.0957933 0.125923 0.100782 -0.154773 -0.14926 -0.305099 -0.0684796 0.104181 0.10799
-0.191583 -0.151771 0.00373647 0.1436 0.213245 -0.244624 -0.167774 -0.167584 0.0188227 0.142895 0.213584 -0.261992
-0.105797 -0.232558 -0.233062 0.0611233 -0.173059 0.0925357 -0.152307 -0.205489 -0.220224 0.0494735 -0.178003 0.10864
-0.232102 -0.366282 -0.0964968 -0.0877032 -0.126003 0.113377 -0.268269 -0.371797 -0.068418 -0.0925461 -0.137731 0.122048
-0.174031 -0.137484 -0.0255917 0.0492282 0.141523 -0.0976626 -0.175797 -0.190539 -0.0586776 0.0407724 0.164993 -0.112511
-0.183683 -0.147245 -0.170243 -0.0538859 0.125141 0.0375911 -0.365428 -0.308503 -0.21385 -0.0282915 0.120874 0.0192342
-0.268629 -0.44319 -0.291501 0.212264 0.304365 -0.173313 -0.284165 -0.464714 -0.289643 0.221606 0.275229 -0.189644
-0.332449 -0.498955 -0.301978 -0.0337731 -0.0653051 -0.278809 -0.394736 -0.52576 -0.354377 -0.0503999 -0.0637104 -0.248452
-0.12872 0.205479 -0.0948939 0.0741744 0.234013 0.0992676 -0.138281 0.243553 -0.0837208 0.0820887 0.238406 0.0887245
-0.089357 -0.0520874 -0.183092 0.144381 0.0245953 -0.16244 -0.0195459 -0.133642 -0.151573 0.143902 0.051435 -0.119603
0.000189504 -0.0063442 -0.288151 0.224073 0.0598969 -0.114383 -0.0187098 -0.0164839 -0.327565 0.201804 0.063215 -0.120849
-0.00501721 -0.428216 0.233324 0.207831 0.342199 0.182585 -0.00058637 -0.434851 0.217082 0.207219 0.318096 0.166713
-0.0070683 -0.224722 -0.352741 -0.0370394 -0.111291 0.259626 -0.034751 -0.208266 -0.325898 -0.0584419 -0.108997 0.264366
-0.217851 -0.245896 -0.180168 -0.0776627 -0.138009 0.224591 -0.231999 -0.233247 -0.19562 -0.0986737 -0.130063 0.2179
-0.545653 -0.321799 -0.0732437 -0.00770513 0.038991 0.12947 -0.541489 -0.362974 -0.046631 -0.00548741 0.0439513 0.0897457
-0.344352 -0.415945 -0.268334 -0.0274391 0.0529483 0.342251 -0.500671 -0.469956 -0.356124 -0.0421995 0.0798908 0.317125
-0.435402 -0.445939 -0.298394 -0.0736016 -0.109504 0.0727812 -0.511226 -0.46973 -0.325397 -0.0650067 -0.129938 0.0916305
-0.118656 -0.299719 -0.29398 -0.303937 0.165833 -0.0370434 -0.0926342 -0.330234 -0.274988 -0.323829 0.17588 -0.0512189
0.0562269 -0.105509 -0.132297 -0.0288243 -0.255876 -0.146956 0.0405632 -0.13803 -0.0760056 -0.0435638 -0.239071 -0.150102
0.251931 -0.176913 -0.222426 -0.0999755 0.177718 0.0497791 0.22128 -0.168008 -0.280201 -0.105412 0.163303 0.0976773
-0.0249989 -0.391088 0.103584 -0.0554047 0.144125 0.0777748 0.0238704 -0.384681 0.119493 -0.0423358 0.153267 0.0617544
-0.122587 -0.371061 0.0549589 -0.127589 -0.0410835 0.0786717 -0.10607 -0.332969 0.0725361 -0.142069 -0.0332869 0.0698139
-0.0548511 -0.131566 -0.14542 0.0923363 -0.147867 0.151886 -0.0628258 -0.146074 -0.120306 0.0998314 -0.148065 0.144995
-0.0199951 -0.0606857 -0.120426 -0.054841 0.263485 -0.0166934 -0.0216715 -0.0870232 -0.134372 -0.0508564 0.243252 0.0031177
0.0798163 -0.0695686 0.0455983 0.00417844 0.0215796 -0.00398722 0.0650976 -0.017611 0.0558539 0.0209333 0.0692927 0.00162733
-0.540847 -0.0856244 -0.266517 -0.0426028 -0.0482686 -0.154372 -0.538964 -0.0641308 -0.263037 -0.0585123 -0.0261487 -0.162528
-0.212958 -0.422111 -0.282722 0.0716353 0.144103 0.196606 -0.214934 -0.459573 -0.279315 0.0569173 0.150632 0.21094
0.163538 0.0298647 -0.078319 0.0632661 0.308493 -0.190511 0.115271 -0.00655644 -0.119261 0.0633531 0.282092 -0.188002
0.338939 0.116561 0.0553645 0.149526 -0.191181 -0.130129 0.367247 0.0949964 0.0966125 0.172266 -0.15349 -0.120203
0.0644834 -0.0395491 0.0771183 -0.148883 0.194194 0.201164 0.0753001 -0.0300863 0.0900401 -0.140083 0.191324 0.195963
-0.341725 -0.327568 -0.281264 -0.0654178 0.123563 0.218696 -0.377227 -0.351959 -0.303825 -0.0874621 0.111018 0.204785
0.218512 0.678962 0.264497 -0.213634 0.0408578 -0.271108 0.267965 0.678478 0.318624 -0.20609 0.0281856 -0.25475
0.128066 0.0835861 0.182209 -0.0460341 -0.0419158 0.118289 0.116817 0.0613126 0.197437 -0.016759 -0.0226577 0.0991286
-0.0324019 0.223256 -0.0814776 0.12953 -0.17715 0.0991264 -0.0490859 0.230402 0.00884363 0.0927969 -0.170579 0.0856891
0.348015 0.17636 0.0334492 0.217168 -0.0280277 0.00693416 0.360446 0.19849 0.0390114 0.22297 -0.042302 0.00547148
0.348258 0.524942 0.219778 -0.150853 0.171953 0.0288894 0.351712 0.437703 0.221243 -0.178962 0.185238 0.00911444
-0.298247 0.346881 0.414146 0.265481 0.0051494 -0.0770685 -0.306047 0.326436 0.360776 0.261109 0.00867904 -0.0637374
0.554244 0.0115584 0.137097 -0.0807003 0.155044 -0.249366 0.565188 0.0379331 0.166351 -0.0925978 0.145118 -0.255585
0.560568 0.331337 0.559155 0.194247 0.0238378 0.0879464 0.527287 0.328575 0.550997 0.184248 0.015208 0.072983
0.462931 0.643797 0.554882 0.037393 -0.279769 0.0639145 0.394753 0.625804 0.552989 0.0361027 -0.302445 0.0309559
-0.173408 0.61499 0.113832 0.220954 0.023682 0.0642884 -0.170765 0.617796 0.104222 0.193273 0.0128155 0.0579062
-0.000381862 0.249504 0.0926803 0.0346258 0.0870679 0.153722 0.0289413 0.261827 0.0858383 0.0248994 0.0906073 0.161334
0.392917 0.141382 0.256813 -0.0695038 0.0412346 0.0179168 0.390723 0.126675 0.240749 -0.0673302 0.0180741 0.0162875
0.212959 0.152233 0.227605 -0.236822 -0.188222 -0.0972655 0.24724 0.173105 0.243221 -0.229555 -0.213597 -0.0800849
0.233263 0.378446 0.726959 -0.231057 0.152038 0.117351 0.217913 0.377448 0.708424 -0.239042 0.185844 0.111263
-0.0440139 0.198971 0.0679745 -0.0174874 0.206543 -0.148519 -0.0358018 0.194176 0.0480318 -0.0221384 0.187941 -0.153529
0.0393964 0.160169 0.335057 0.100115 -0.0433548 -0.155591 0.00931489 0.176817 0.304492 0.0972099 -0.0487676 -0.137402
0.448517 0.226458 0.206906 0.126232 -0.207876 -0.0710405 0.468365 0.236418 0.20277 0.106428 -0.179779 -0.0623731
0.906896 0.642752 0.792412 0.014646 -0.0536011 0.122654 0.882465 0.666117 0.807086 0.0281273 -0.050788 0.139671
1.34346 0.957618 0.665848 -0.276691 -0.0368134 0.250423 1.37529 0.966757 0.669741 -0.260702 -0.0440024 0.213491
0.838447 0.804246 0.780158 -0.0390414 -0.0566136 0.311839 0.859148 0.844792 0.762921 -0.0365176 -0.072347 0.3215
0.893616 0.585994 0.817775 -0.00759304 0.0574154 0.123818 0.862653 0.572213 0.770607 0.00886407 0.0638947 0.110472
0.888066 0.803515 0.734098 -0.0738307 -0.059047 0.000724708 0.900341 0.791832 0.729503 -0.0629676 -0.0616127 0.017767
0.887735 0.774715 0.562297 0.0246432 0.299611 0.00301526 0.83882 0.808186 0.606514 0.0724886 0.321432 0.000516148
0.994532 0.728711 0.771396 0.0894991 -0.178327 -0.171769 0.99497 0.729751 0.728393 0.0895136 -0.200388 -0.163676
0.916767 0.717025 1.046 -0.224334 -0.0237505 0.282636 0.930714 0.670393 1.04885 -0.211625 -0.0317521 0.266112
0.189615 0.354828 0.911013 -0.15551 -0.0848978 0.0439306 0.145828 0.340934 0.886162 -0.180281 -0.10166 0.073119
0.980329 0.561788 0.716226 -0.0279452 -0.0136318 0.0828987 1.01308 0.608973 0.744366 -0.0368638 0.00374126 0.0821221
1.51546 1.11853 1.6904 0.0581276 -0.107978 -0.168587 1.53332 1.14708 1.71054 0.0349217 -0.0989038 -0.149877
1.48941 1.19158 1.73386 0.00587832 0.203348 -0.115389 1.46903 1.16917 1.75422 0.0413538 0.220394 -0.119195
1.54606 1.22662 1.41879 -0.0595545 -0.0679137 0.0897125 1.50914 1.23203 1.43818 -0.0765485 -0.0833059 0.103781
1.3354 1.39565 1.33851 -0.00128619 -0.0159746 -0.200816 1.35878 1.40811 1.3768 0.0258367 -0.0143464 -0.179466
1.3279 0.979369 1.25275 -0.190495 0.0409763 -0.191522 1.32203 1.00377 1.24282 -0.203569 0.0231685 -0.222571
1.34487 1.29639 1.01583 -0.146697 0.0654798 -0.116101 1.3405 1.29156 1.01336 -0.158439 0.0732214 -0.119286
1.57093 1.30626 1.48667 -0.0959534 0.205874 -0.0524546 1.52254 1.30811 1.45976 -0.0710923 0.205306 -0.0382723
1.56338 0.930228 1.47817 0.00168074 0.0776344 -0.0478982 1.59417 0.952541 1.4758 -0.0100665 0.0559587 -0.0429567
1.29615 1.70119 1.12205 0.197011 0.0911214 0.0404724 1.35048 1.70306 1.09899 0.176029 0.0897058 0.0479896
1.4945 1.64504 1.72595 0.154157 -0.00494236 -0.0469875 1.48502 1.68047 1.74029 0.166211 0.0121181 -0.0207159
2.52471 2.27381 2.44378 -0.00189585 0.279705 -0.0661778 2.52352 2.22861 2.4466 -0.0203044 0.285822 -0.043001
1.8064 2.45927 2.24462 0.169847 0.0740407 0.316626 1.77107 2.42221 2.2522 0.180265 0.109975 0.313425
2.1507 2.08193 1.7656 0.00248791 -0.302191 0.0178983 2.12654 2.08625 1.76365 0.00368837 -0.315268 0.00554452
2.22298 2.3333 1.89893 -0.198589 0.232819 -0.00211905 2.19515 2.28682 1.84717 -0.220344 0.2391 0.0275181
2.22178 1.97028 2.39767 0.143005 -0.288788 0.00662163 2.20773 1.99915 2.38529 0.154301 -0.266707 0.0123357
2.16206 2.34678 2.1612 -0.0741323 -0.200447 0.107079 2.16865 2.40107 2.14272 -0.106848 -0.196479 0.115188
1.94945 2.18839 2.40167 0.105738 0.0954181 0.249506 1.91981 2.21343 2.3883 0.131609 0.097005 0.218735
2.24136 2.11741 2.28723 0.154647 -0.125724 -0.107466 2.26873 2.14639 2.27974 0.131064 -0.103692 -0.126793
2.08802 2.50172 2.14234 0.256281 0.299576 -0.0113001 2.10592 2.51238 2.1148 0.279331 0.3312 -0.00747652
1.92786 2.59826 2.63522 -0.194692 -0.0850697 -0.0949111 1.91514 2.61995 2.65023 -0.198553 -0.110655 -0.129481
3.6753 3.49601 3.47698 0.0213992 -0.107036 -0.275331 3.6809 3.51578 3.4085 0.00838718 -0.0897019 -0.265283
4.06731 3.61869 4.04771 0.451686 0.068254 -0.184404 4.10027 3.63446 4.06033 0.438714 0.0529207 -0.197054
3.61292 3.69867 3.90003 0.129843 0.266284 -0.343124 3.62063 3.72076 3.86732 0.15259 0.235727 -0.36828
3.42821 3.7447 3.49588 0.0392869 -0.0682082 0.0693108 3.40822 3.74355 3.47312 0.0313072 -0.0550579 0.0739962
3.19627 3.00419 3.02451 0.143602 -0.352144 0.152614 3.2416 2.93577 3.02953 0.164851 -0.354981 0.147464
2.90223 3.09828 3.0985 0.114489 0.0150085 0.178729 2.89628 3.11841 3.09861 0.118729 0.0113595 0.201842
2.48955 2.90232 2.65781 0.212443 0.167092 0.136381 2.45836 2.86277 2.63559 0.213115 0.165832 0.154999
2.5854 2.57926 2.68813 -0.00246649 -0.0423675 -0.0545205 2.57794 2.58584 2.69594 0.0132794 -0.0329293 -0.058308
2.74783 2.59596 2.84107 -0.0790364 -0.180921 -0.237033 2.74928 2.59346 2.8466 -0.0830619 -0.183497 -0.20702
2.38923 2.64493 2.76957 0.0844204 0.191458 0.0179705 2.38867 2.62547 2.72318 0.0741032 0.184466 0.0268412
3.9238 4.05178 3.93196 0.0446557 -0.0957869 0.0861846 3.86679 3.98534 3.84815 0.034624 -0.098933 0.095639
4.01721 4.0452 3.97446 -0.146059 -0.0602036 0.159436 3.98218 3.99543 3.93974 -0.154639 -0.0753349 0.167457
3.81081 4.15693 3.98786 -0.00894002 -0.111131 0.122057 3.76433 4.11213 3.94832 0.00128444 -0.1229 0.14539
4.07045 3.95856 3.8796 0.0663519 -0.0372509 -0.12679 4.02668 3.9331 3.85285 0.0648413 -0.0230106 -0.128483
4.03586 3.92762 3.88055 -0.0577746 -0.0691888 0.114079 3.99184 3.85506 3.83824 -0.0478229 -0.0949984 0.109523
3.93141 4.03391 3.89717 -0.0343017 -0.132117 0.0318059 3.87985 4.00796 3.85154 -0.0287374 -0.104782 0.00310119
4.07714 4.07005 3.90035 0.125773 -0.00332039 0.0660478 4.04898 4.0464 3.86728 0.160416 -0.0238036 0.0509247
4.00065 3.71337 3.84541 -0.0448262 -0.0727367 0.0762089 4.00986 3.64408 3.83267 -0.0376614 -0.0527695 0.067308
3.90692 3.91905 3.9999 0.0602848 -0.0367048 0.050066 3.83764 3.88504 3.95733 0.0636988 -0.0315907 0.0590115
4.07639 4.00913 4.13303 0.0827014 -0.120357 0.267485 4.03769 3.97829 4.09845 0.0833225 -0.118208 0.278034
6.02759 6.18428 6.42011 0.0818287 0.0889751 0.176704 6.08014 6.18391 6.54498 0.114912 0.0862295 0.198432
5.89773 5.67274 5.96067 -0.168299 -0.562243 0.309723 5.94863 5.6753 5.91847 -0.186333 -0.563538 0.303316
6.16122 6.01788 6.14194 0.423909 -0.873559 -0.0802482 6.1577 6.01594 6.11062 0.436475 -0.912985 -0.114744
5.7249 5.98498 6.01009 -0.0587758 -0.547101 -0.2045 5.63533 5.93233 5.98036 -0.0314526 -0.578484 -0.207173
6.29053 6.16212 6.1095 -0.280901 -0.679329 0.230574 6.20599 6.16063 6.10576 -0.24791 -0.713901 0.222544
6.28164 5.96615 5.83218 -0.618941 -0.54348 0.333489 6.2204 5.94786 5.78373 -0.607319 -0.589807 0.371608
5.74403 6.0164 6.19726 -0.145966 -0.668658 0.166962 5.72185 6.0207 6.16109 -0.145979 -0.678687 0.181352
6.29052 5.77536 5.98746 -0.539873 -0.677043 0.808441 6.28539 5.74216 5.94867 -0.543976 -0.719316 0.812168
6.12185 6.27111 6.44067 -0.552663 -0.535417 0.480207 6.08864 6.21482 6.4027 -0.554927 -0.584036 0.493361
5.98944 6.04841 6.30081 0.0574054 -0.568838 -0.439906 5.93439 6.027 6.28687 0.0724755 -0.613378 -0.462076
