    1.9834987063e+03    2.4920848514e+03   -6.8884391941e+04    1.3373513266e+02    1.3321240782e+02    1.3333872012e+02    4.6343809838e-02   -1.5714230819e-01    2.1714852584e-02    8.8234403322e+01    2.9411467774e+01    2.9411467774e+01
    1.9777504295e+03    2.4848626668e+03   -6.8861175538e+04    1.3372848118e+02    1.3355404195e+02    1.3333737797e+02   -3.6341340871e-02    6.3561382120e-02    8.7676296109e-02    8.8234403322e+01    2.9411467774e+01    2.9411467774e+01
    1.9965356131e+03    2.5084645333e+03   -6.8883526574e+04    1.3355538253e+02    1.3345987149e+02    1.3349071579e+02    6.3061163621e-02   -1.0501985030e-01   -2.3449541678e-01    8.8234403322e+01    2.9411467774e+01    2.9411467774e+01
    2.0096157450e+03    2.5248985236e+03   -6.8904554302e+04    1.3335848460e+02    1.3347681283e+02    1.3339677936e+02   -2.2782776983e-01   -9.3200960419e-02    2.3108905098e-02    8.8234403322e+01    2.9411467774e+01    2.9411467774e+01
    2.0044768795e+03    2.5184420088e+03   -6.8896109698e+04    1.3327592743e+02    1.3344111093e+02    1.3348780274e+02    2.7572640914e-02    2.5513834072e-03    3.3291223898e-02    8.8234403322e+01    2.9411467774e+01    2.9411467774e+01
    1.9847697936e+03    2.4936818563e+03   -6.8868375266e+04    1.3344871470e+02    1.3359364652e+02    1.3365594580e+02    7.4170756675e-02   -2.3698114139e-02   -2.3435634978e-02    8.8234403322e+01    2.9411467774e+01    2.9411467774e+01
    1.9916698891e+03    2.5023511957e+03   -6.8879623186e+04    1.3357963601e+02    1.3351177858e+02    1.3333062335e+02    5.4429467879e-02    1.3152695607e-01    2.0476194456e-02    8.8234403322e+01    2.9411467774e+01    2.9411467774e+01
    2.0077418754e+03    2.5225441777e+03   -6.8896815327e+04    1.3351796190e+02    1.3308912064e+02    1.3355772196e+02    1.6059389575e-02   -2.6727210903e-02    2.6982520022e-02    8.8234403322e+01    2.9411467774e+01    2.9411467774e+01
    1.9727853181e+03    2.4786244581e+03   -6.8853687226e+04    1.3372431188e+02    1.3357597113e+02    1.3353634958e+02    2.5766673274e-02   -7.6685792006e-02    7.1482939621e-02    8.8234403322e+01    2.9411467774e+01    2.9411467774e+01
    1.9914592428e+03    2.5020865379e+03   -6.8877739924e+04    1.3362028180e+02    1.3346050328e+02    1.3314978681e+02   -5.0849628560e-02   -8.3007307272e-02   -1.4822284036e-01    8.8234403322e+01    2.9411467774e+01    2.9411467774e+01
    1.9973716480e+03    2.5095149347e+03   -6.8885411019e+04    1.3364435302e+02    1.3340619845e+02    1.3331424734e+02    1.2653192894e-01    3.6443044008e-02    1.0618050642e-01    8.8234403322e+01    2.9411467774e+01    2.9411467774e+01
    1.9994726097e+03    2.5121546011e+03   -6.8887414787e+04    1.3344361354e+02    1.3355197912e+02    1.3322193807e+02    6.2816104076e-02   -1.5929318563e-01   -1.8008286334e-02    8.8234403322e+01    2.9411467774e+01    2.9411467774e+01
    1.9893033990e+03    2.4993779173e+03   -6.8873897786e+04    1.3380305508e+02    1.3314733427e+02    1.3345546305e+02   -5.9208992402e-02    1.4046940316e-01   -8.7533467804e-02    8.8234403322e+01    2.9411467774e+01    2.9411467774e+01
    2.0114592386e+03    2.5272147049e+03   -6.8899624129e+04    1.3333058764e+02    1.3316824549e+02    1.3337688593e+02   -1.3634378160e-01   -1.1641181257e-01   -1.0930083075e-01    8.8234403322e+01    2.9411467774e+01    2.9411467774e+01
    1.9977338434e+03    2.5099700002e+03   -6.8885601352e+04    1.3358123395e+02    1.3318686472e+02    1.3350351963e+02    7.0121147220e-02   -7.3347012284e-02   -4.3681324454e-02    8.8234403322e+01    2.9411467774e+01    2.9411467774e+01
    2.0092068587e+03    2.5243847953e+03   -6.8899762068e+04    1.3337055641e+02    1.3322372856e+02    1.3350384195e+02   -1.0142056622e-01    1.4039257645e-03   -5.1273170117e-02    8.8234403322e+01    2.9411467774e+01    2.9411467774e+01
    1.9969180854e+03    2.5089450748e+03   -6.8884206213e+04    1.3375304942e+02    1.3345684322e+02    1.3308659387e+02    7.9284676682e-02    4.7486511603e-02   -1.0779859129e-02    8.8234403322e+01    2.9411467774e+01    2.9411467774e+01
    2.0228680322e+03    2.5415488114e+03   -6.8916186463e+04    1.3358070354e+02    1.3318931549e+02    1.3303876420e+02   -1.9220932081e-02    7.5751690270e-02   -8.3308402388e-02    8.8234403322e+01    2.9411467774e+01    2.9411467774e+01
    1.9958791399e+03    2.5076397347e+03   -6.8880924599e+04    1.3337779571e+02    1.3363256425e+02    1.3347507809e+02    1.2566860768e-01   -1.3699561678e-02   -1.1256774929e-01    8.8234403322e+01    2.9411467774e+01    2.9411467774e+01
    2.0112780814e+03    2.5269870973e+03   -6.8902962193e+04    1.3340783472e+02    1.3330414305e+02    1.3313647366e+02   -1.5286301630e-01   -5.1070949476e-02   -7.8577242244e-02    8.8234403322e+01    2.9411467774e+01    2.9411467774e+01
    2.0119678720e+03    2.5278537562e+03   -6.8899968591e+04    1.3344972807e+02    1.3335091124e+02    1.3326216875e+02   -1.8039625053e-01    2.7563165806e-02    4.5174028246e-02    8.8234403322e+01    2.9411467774e+01    2.9411467774e+01
    1.9951715587e+03    2.5067507235e+03   -6.8882447997e+04    1.3332738176e+02    1.3333410588e+02    1.3373260696e+02   -1.4179715403e-01    2.3269903508e-03   -4.3065134041e-02    8.8234403322e+01    2.9411467774e+01    2.9411467774e+01
    1.9999557800e+03    2.5127616604e+03   -6.8885896049e+04    1.3350559295e+02    1.3345689864e+02    1.3327942166e+02   -2.1690565852e-02    4.7259647813e-02    5.8238827700e-02    8.8234403322e+01    2.9411467774e+01    2.9411467774e+01
    1.9962860366e+03    2.5081509632e+03   -6.8884775115e+04    1.3355312088e+02    1.3322454660e+02    1.3352602431e+02    2.2347310297e-01   -5.2354315471e-02    1.1315557709e-02    8.8234403322e+01    2.9411467774e+01    2.9411467774e+01
    2.0107976385e+03    2.5263834647e+03   -6.8901393349e+04    1.3369123175e+02    1.3342871453e+02    1.3332246607e+02   -3.9802225068e-02   -6.0651263395e-02    1.1714941814e-02    8.8234403322e+01    2.9411467774e+01    2.9411467774e+01
    1.9901486478e+03    2.5004398951e+03   -6.8877394795e+04    1.3361939217e+02    1.3342103220e+02    1.3333929313e+02   -1.8187314136e-01    8.3381526015e-02   -1.4950806289e-01    8.8234403322e+01    2.9411467774e+01    2.9411467774e+01
    2.0011335076e+03    2.5142413675e+03   -6.8888176696e+04    1.3352502498e+02    1.3326326685e+02    1.3349423692e+02    1.9601592325e-01   -7.0588700322e-02   -4.1418170812e-02    8.8234403322e+01    2.9411467774e+01    2.9411467774e+01
    1.9954941646e+03    2.5071560484e+03   -6.8885014901e+04    1.3338615740e+02    1.3342412915e+02    1.3343389926e+02    5.0368046772e-02   -2.6107795989e-02    8.6353719367e-02    8.8234403322e+01    2.9411467774e+01    2.9411467774e+01
    1.9871184312e+03    2.4966327049e+03   -6.8872505216e+04    1.3353955349e+02    1.3345850530e+02    1.3362453692e+02   -8.9995297271e-03   -1.3433301093e-01    1.0729706051e-02    8.8234403322e+01    2.9411467774e+01    2.9411467774e+01
    1.9934833240e+03    2.5046296110e+03   -6.8878486009e+04    1.3330615685e+02    1.3378148048e+02    1.3349479976e+02    5.8019358901e-03   -8.6786624753e-02    5.4850406481e-02    8.8234403322e+01    2.9411467774e+01    2.9411467774e+01
    2.0161615861e+03    2.5331227748e+03   -6.8910495556e+04    1.3361635943e+02    1.3328516341e+02    1.3319219618e+02    9.0237187783e-02    1.2635853980e-02    2.7341957548e-02    8.8234403322e+01    2.9411467774e+01    2.9411467774e+01
    1.9981904871e+03    2.5105437312e+03   -6.8885565843e+04    1.3363668595e+02    1.3330912248e+02    1.3342172950e+02   -1.1026794724e-01   -1.1621981157e-04    3.1335386828e-02    8.8234403322e+01    2.9411467774e+01    2.9411467774e+01
    2.0130022972e+03    2.5291534170e+03   -6.8905160953e+04    1.3372687340e+02    1.3323519218e+02    1.3333201206e+02   -7.8606488306e-02   -6.8129476292e-02    1.7741016183e-02    8.8234403322e+01    2.9411467774e+01    2.9411467774e+01
    1.9958288411e+03    2.5075765388e+03   -6.8883515197e+04    1.3356775232e+02    1.3334104617e+02    1.3343948767e+02    4.0556254237e-02   -8.3629378536e-02   -5.3390653489e-02    8.8234403322e+01    2.9411467774e+01    2.9411467774e+01
    2.0050709709e+03    2.5191884303e+03   -6.8894619304e+04    1.3351059782e+02    1.3337362491e+02    1.3333832609e+02   -1.0464295617e-01    1.4017068472e-01    2.4572545919e-03    8.8234403322e+01    2.9411467774e+01    2.9411467774e+01
    2.0070807501e+03    2.5217135342e+03   -6.8896435954e+04    1.3338771338e+02    1.3345239916e+02    1.3330980092e+02    1.3268491840e-03    5.0077468587e-02    1.3764837554e-01    8.8234403322e+01    2.9411467774e+01    2.9411467774e+01
    1.9981357038e+03    2.5104749010e+03   -6.8886146180e+04    1.3358299258e+02    1.3338710938e+02    1.3359582277e+02   -1.4539498743e-02   -7.4926904269e-02    3.3561176159e-02    8.8234403322e+01    2.9411467774e+01    2.9411467774e+01
    1.9948746279e+03    2.5063776572e+03   -6.8882169000e+04    1.3358382261e+02    1.3319266129e+02    1.3360056241e+02    6.2953398196e-03    7.8745453876e-03    8.4477853948e-02    8.8234403322e+01    2.9411467774e+01    2.9411467774e+01
    2.0094482960e+03    2.5246881393e+03   -6.8899285359e+04    1.3312153040e+02    1.3354451637e+02    1.3352601101e+02   -9.2513347204e-02    6.1007150453e-02   -3.1808011633e-02    8.8234403322e+01    2.9411467774e+01    2.9411467774e+01
    2.0081903249e+03    2.5231076135e+03   -6.8899245172e+04    1.3350952808e+02    1.3322997366e+02    1.3342600779e+02   -9.4089650251e-02    8.9401365501e-02    8.7383152401e-02    8.8234403322e+01    2.9411467774e+01    2.9411467774e+01
    1.9942308820e+03    2.5055688493e+03   -6.8880924913e+04    1.3361028118e+02    1.3357243065e+02    1.3330466029e+02    1.0670033198e-01    3.1696952289e-02   -9.8914482091e-03    8.8234403322e+01    2.9411467774e+01    2.9411467774e+01
    1.9908467734e+03    2.5013170261e+03   -6.8878950779e+04    1.3355676300e+02    1.3351169027e+02    1.3318328483e+02    1.2162669550e-01    4.2993405870e-02   -1.0329139732e-01    8.8234403322e+01    2.9411467774e+01    2.9411467774e+01
    1.9947121161e+03    2.5061734760e+03   -6.8880473394e+04    1.3361955096e+02    1.3332263085e+02    1.3348280976e+02   -1.4435264027e-01   -8.0018440456e-02   -9.9012778715e-03    8.8234403322e+01    2.9411467774e+01    2.9411467774e+01
    2.0090846343e+03    2.5242312315e+03   -6.8899396842e+04    1.3371915936e+02    1.3338138356e+02    1.3327826836e+02    7.2410238143e-02   -3.8583083540e-02    2.0990729169e-02    8.8234403322e+01    2.9411467774e+01    2.9411467774e+01
    1.9871465807e+03    2.4966680722e+03   -6.8872079836e+04    1.3365980864e+02    1.3348505481e+02    1.3343242116e+02   -8.2321772283e-02   -1.4381269569e-01    9.7214967177e-02    8.8234403322e+01    2.9411467774e+01    2.9411467774e+01
    2.0025719063e+03    2.5160485840e+03   -6.8892083499e+04    1.3360349906e+02    1.3312694660e+02    1.3352144180e+02   -4.5217654108e-03   -4.2607116133e-02   -1.7120086501e-01    8.8234403322e+01    2.9411467774e+01    2.9411467774e+01
    2.0210812410e+03    2.5393038714e+03   -6.8917587109e+04    1.3354160923e+02    1.3327973817e+02    1.3339055415e+02   -1.9433392037e-01   -1.4089768521e-01    1.2928088527e-01    8.8234403322e+01    2.9411467774e+01    2.9411467774e+01
    2.0003962118e+03    2.5133150227e+03   -6.8889690474e+04    1.3372231009e+02    1.3332006451e+02    1.3357214519e+02   -1.9348575299e-02   -7.0405518256e-02    3.0010355973e-02    8.8234403322e+01    2.9411467774e+01    2.9411467774e+01
    1.9950720123e+03    2.5066256526e+03   -6.8884820100e+04    1.3343958145e+02    1.3331264059e+02    1.3349612657e+02    3.1104528965e-02    8.3032007940e-02   -6.8646110413e-02    8.8234403322e+01    2.9411467774e+01    2.9411467774e+01
    1.9882366192e+03    2.4980376059e+03   -6.8872982840e+04    1.3357827210e+02    1.3367359562e+02    1.3343991274e+02    1.5132188411e-01    7.5224588938e-02    1.3395967887e-01    8.8234403322e+01    2.9411467774e+01    2.9411467774e+01
    1.9976021335e+03    2.5098045187e+03   -6.8885439104e+04    1.3355775904e+02    1.3338315667e+02    1.3341236515e+02    7.4569251512e-02   -6.2115712626e-03    4.3124031338e-02    8.8234403322e+01    2.9411467774e+01    2.9411467774e+01
    2.0002767150e+03    2.5131648859e+03   -6.8886288383e+04    1.3332798788e+02    1.3368803762e+02    1.3330779720e+02   -6.4773765313e-02   -7.9538148894e-02   -9.9468031359e-02    8.8234403322e+01    2.9411467774e+01    2.9411467774e+01
    1.9949479610e+03    2.5064697936e+03   -6.8883181742e+04    1.3336160925e+02    1.3345487448e+02    1.3345433392e+02   -2.7215249976e-02    1.2086813104e-01    1.0710050662e-01    8.8234403322e+01    2.9411467774e+01    2.9411467774e+01
    1.9930781501e+03    2.5041205470e+03   -6.8879148772e+04    1.3343818507e+02    1.3345646730e+02    1.3346249841e+02   -2.6978125224e-02    7.1518108786e-02   -4.4376587909e-02    8.8234403322e+01    2.9411467774e+01    2.9411467774e+01
    2.0209516383e+03    2.5391410375e+03   -6.8916742306e+04    1.3322584091e+02    1.3326185471e+02    1.3342042815e+02   -8.0463500945e-02   -5.2343773762e-02    4.1143523442e-03    8.8234403322e+01    2.9411467774e+01    2.9411467774e+01
    1.9896484405e+03    2.4998114303e+03   -6.8873963303e+04    1.3359186113e+02    1.3337666873e+02    1.3350670702e+02   -6.6717011451e-02   -1.6996420423e-01   -3.4525285910e-02    8.8234403322e+01    2.9411467774e+01    2.9411467774e+01
    2.0001261080e+03    2.5129756620e+03   -6.8887335669e+04    1.3339325113e+02    1.3344628223e+02    1.3341024082e+02   -5.6530198418e-02    2.2009054027e-01   -9.9264568063e-02    8.8234403322e+01    2.9411467774e+01    2.9411467774e+01
    1.9985081021e+03    2.5109427854e+03   -6.8885134229e+04    1.3357864992e+02    1.3353146362e+02    1.3346150085e+02    1.3201518839e-01   -1.4724646180e-01   -1.7932135510e-02    8.8234403322e+01    2.9411467774e+01    2.9411467774e+01
    1.9870010766e+03    2.4964852596e+03   -6.8870668504e+04    1.3387690275e+02    1.3327284443e+02    1.3353892856e+02    2.5715459378e-02    4.5346065859e-02   -1.5995012506e-01    8.8234403322e+01    2.9411467774e+01    2.9411467774e+01
    2.0175604752e+03    2.5348803510e+03   -6.8909424738e+04    1.3344274467e+02    1.3331004474e+02    1.3336690953e+02    6.8028254719e-02    1.9469705960e-01   -2.3468346102e-02    8.8234403322e+01    2.9411467774e+01    2.9411467774e+01
    2.0043671505e+03    2.5183041443e+03   -6.8896552854e+04    1.3345045360e+02    1.3319005586e+02    1.3354737181e+02   -5.4563862235e-02   -9.1004215829e-02   -1.0997136656e-03    8.8234403322e+01    2.9411467774e+01    2.9411467774e+01
    1.9908042875e+03    2.5012636465e+03   -6.8879100037e+04    1.3350221559e+02    1.3347052012e+02    1.3331880649e+02    3.3603267082e-02    2.6519952215e-02   -5.4901614020e-02    8.8234403322e+01    2.9411467774e+01    2.9411467774e+01
    1.9960618289e+03    2.5078692667e+03   -6.8881578549e+04    1.3339570919e+02    1.3327742456e+02    1.3380286496e+02    1.0833332219e-01    1.2113385163e-01    3.4654170546e-02    8.8234403322e+01    2.9411467774e+01    2.9411467774e+01
    2.0104370079e+03    2.5259303654e+03   -6.8901270728e+04    1.3364997667e+02    1.3309687726e+02    1.3335358583e+02    7.8494055773e-02   -6.0121572353e-02    4.8629318532e-03    8.8234403322e+01    2.9411467774e+01    2.9411467774e+01
    2.0002773674e+03    2.5131657055e+03   -6.8889695080e+04    1.3326542063e+02    1.3343729389e+02    1.3362566605e+02   -1.6288326064e-01   -2.2017733174e-02   -6.1490057221e-03    8.8234403322e+01    2.9411467774e+01    2.9411467774e+01
    2.0002877402e+03    2.5131787381e+03   -6.8889125017e+04    1.3364777935e+02    1.3345176635e+02    1.3337134054e+02    5.3097111400e-02    1.5570910798e-01   -1.6878171924e-01    8.8234403322e+01    2.9411467774e+01    2.9411467774e+01
    2.0170032790e+03    2.5341802850e+03   -6.8909354351e+04    1.3350807203e+02    1.3319454074e+02    1.3337124476e+02   -1.0970989344e-02    3.4408937746e-04   -5.4076291157e-02    8.8234403322e+01    2.9411467774e+01    2.9411467774e+01
    1.9975547182e+03    2.5097449456e+03   -6.8884572699e+04    1.3335766387e+02    1.3333026738e+02    1.3367259076e+02    1.9503297656e-01   -1.8275530607e-02    2.0375539149e-01    8.8234403322e+01    2.9411467774e+01    2.9411467774e+01
    2.0227223777e+03    2.5413658097e+03   -6.8916502514e+04    1.3360755099e+02    1.3343491739e+02    1.3324308766e+02   -2.8375053766e-02   -4.7737935219e-02    1.1757776489e-01    8.8234403322e+01    2.9411467774e+01    2.9411467774e+01
    2.0209026057e+03    2.5390794326e+03   -6.8914817270e+04    1.3349085018e+02    1.3325076690e+02    1.3351163583e+02    1.3073288261e-01   -9.1194719489e-02   -1.5277978884e-01    8.8234403322e+01    2.9411467774e+01    2.9411467774e+01
    2.0059848084e+03    2.5203365836e+03   -6.8897488704e+04    1.3354792785e+02    1.3330960344e+02    1.3311454044e+02    2.6515961940e-02   -1.3849160152e-01   -2.7914822129e-04    8.8234403322e+01    2.9411467774e+01    2.9411467774e+01
    2.0051122574e+03    2.5192403030e+03   -6.8895314418e+04    1.3370018779e+02    1.3351452681e+02    1.3326158350e+02   -8.5365911549e-02   -3.8888220839e-02   -1.1383861188e-01    8.8234403322e+01    2.9411467774e+01    2.9411467774e+01
    2.0037514555e+03    2.5175305798e+03   -6.8895367496e+04    1.3343988708e+02    1.3338594295e+02    1.3348122245e+02   -7.2219213914e-02    1.0449729278e-02    8.2489564860e-02    8.8234403322e+01    2.9411467774e+01    2.9411467774e+01
    2.0091036181e+03    2.5242550829e+03   -6.8899504290e+04    1.3352396547e+02    1.3308861789e+02    1.3335819647e+02    9.9260062821e-02   -8.8449413367e-02    5.7501166244e-02    8.8234403322e+01    2.9411467774e+01    2.9411467774e+01
    2.0007518996e+03    2.5137619119e+03   -6.8891270392e+04    1.3347080033e+02    1.3337325952e+02    1.3348203846e+02    4.6656855328e-02   -7.5714997006e-04   -5.8652528096e-02    8.8234403322e+01    2.9411467774e+01    2.9411467774e+01
    2.0126129669e+03    2.5286642590e+03   -6.8903595947e+04    1.3348138760e+02    1.3320378834e+02    1.3346880398e+02    1.0002043590e-01   -1.1464491647e-01   -1.5126042760e-01    8.8234403322e+01    2.9411467774e+01    2.9411467774e+01
    1.9898781544e+03    2.5001000448e+03   -6.8875325442e+04    1.3381994852e+02    1.3329783279e+02    1.3322716323e+02   -2.5722110549e-02   -4.5566815371e-02   -1.8489979372e-02    8.8234403322e+01    2.9411467774e+01    2.9411467774e+01
    2.0147345137e+03    2.5313297886e+03   -6.8907839257e+04    1.3321882050e+02    1.3353786941e+02    1.3323241141e+02   -7.9196014073e-02   -3.4760496129e-02    5.2780171168e-02    8.8234403322e+01    2.9411467774e+01    2.9411467774e+01
    1.9947745650e+03    2.5062519372e+03   -6.8881857305e+04    1.3353320951e+02    1.3327981497e+02    1.3332428313e+02   -2.7232337932e-02   -2.4730325992e-02    2.7478811535e-02    8.8234403322e+01    2.9411467774e+01    2.9411467774e+01
    2.0113046822e+03    2.5270205189e+03   -6.8901280445e+04    1.3336489719e+02    1.3350978067e+02    1.3329727381e+02   -4.8638174041e-02    5.6249928792e-02   -9.3957845665e-02    8.8234403322e+01    2.9411467774e+01    2.9411467774e+01
    1.9824977585e+03    2.4908272519e+03   -6.8868535502e+04    1.3373041065e+02    1.3367911056e+02    1.3333942137e+02    1.7900318209e-01    8.1394408278e-02    1.2661860218e-01    8.8234403322e+01    2.9411467774e+01    2.9411467774e+01
    2.0202020108e+03    2.5381991991e+03   -6.8913779057e+04    1.3338815344e+02    1.3355935450e+02    1.3299460504e+02   -4.8118183330e-02   -1.5805550230e-01   -1.0622774876e-01    8.8234403322e+01    2.9411467774e+01    2.9411467774e+01
    1.9959192829e+03    2.5076901707e+03   -6.8881033189e+04    1.3362797524e+02    1.3372337428e+02    1.3292942735e+02    1.2119977129e-02   -1.3565677697e-02    5.0468113919e-02    8.8234403322e+01    2.9411467774e+01    2.9411467774e+01
    1.9904794515e+03    2.5008555197e+03   -6.8876257473e+04    1.3351843832e+02    1.3313837764e+02    1.3367911545e+02    1.7666842086e-02    1.0895590314e-01    1.2299177306e-01    8.8234403322e+01    2.9411467774e+01    2.9411467774e+01
    1.9732968828e+03    2.4792671925e+03   -6.8856927535e+04    1.3381711332e+02    1.3355921517e+02    1.3347918454e+02   -6.2174616312e-02   -1.1533180172e-01    6.6725444701e-02    8.8234403322e+01    2.9411467774e+01    2.9411467774e+01
    2.0040786684e+03    2.5179416929e+03   -6.8894512397e+04    1.3368420459e+02    1.3330595230e+02    1.3339555973e+02   -1.3367571904e-01   -1.7773626301e-01    6.3497253341e-02    8.8234403322e+01    2.9411467774e+01    2.9411467774e+01
    1.9901011997e+03    2.5003802808e+03   -6.8875494174e+04    1.3346545104e+02    1.3365296265e+02    1.3340443777e+02   -1.4128985929e-01   -8.3482944051e-02    6.5213552225e-02    8.8234403322e+01    2.9411467774e+01    2.9411467774e+01
    2.0159808116e+03    2.5328956481e+03   -6.8906302660e+04    1.3359180138e+02    1.3308199486e+02    1.3331889711e+02   -6.8131759966e-02    9.8297228407e-02    8.8016658954e-02    8.8234403322e+01    2.9411467774e+01    2.9411467774e+01
    2.0101512225e+03    2.5255713022e+03   -6.8901257976e+04    1.3349741245e+02    1.3320733863e+02    1.3312596096e+02    1.0134104954e-01   -5.2851320490e-02    2.3361709454e-02    8.8234403322e+01    2.9411467774e+01    2.9411467774e+01
    1.9900434460e+03    2.5003077186e+03   -6.8875066783e+04    1.3332848955e+02    1.3345771056e+02    1.3379777012e+02    4.2565122743e-04    1.5009962888e-01   -1.3606560627e-01    8.8234403322e+01    2.9411467774e+01    2.9411467774e+01
    2.0028813482e+03    2.5164373695e+03   -6.8891130050e+04    1.3354041763e+02    1.3309328098e+02    1.3375416538e+02    1.7030000075e-01    1.8289595470e-01   -9.6998739104e-02    8.8234403322e+01    2.9411467774e+01    2.9411467774e+01
    1.9919293848e+03    2.5026772284e+03   -6.8880111522e+04    1.3340374376e+02    1.3346726009e+02    1.3364396131e+02   -9.1442695437e-02   -1.3876538041e-01   -1.4753953620e-01    8.8234403322e+01    2.9411467774e+01    2.9411467774e+01
    2.0216740583e+03    2.5400486923e+03   -6.8915695413e+04    1.3352012130e+02    1.3333370024e+02    1.3322604485e+02    1.3202824244e-01   -4.8080426913e-02    5.3562197949e-02    8.8234403322e+01    2.9411467774e+01    2.9411467774e+01
    1.9949453440e+03    2.5064665055e+03   -6.8881558426e+04    1.3365830817e+02    1.3303320658e+02    1.3359488909e+02    6.4315019130e-02    8.8216342897e-02    1.1519052809e-01    8.8234403322e+01    2.9411467774e+01    2.9411467774e+01
    1.9838159779e+03    2.4924834740e+03   -6.8868222480e+04    1.3373629687e+02    1.3316261092e+02    1.3337389398e+02   -1.8447822977e-03    5.5081332625e-02   -1.3800487739e-02    8.8234403322e+01    2.9411467774e+01    2.9411467774e+01
    2.0134904736e+03    2.5297667660e+03   -6.8904475891e+04    1.3371657613e+02    1.3325436679e+02    1.3318352066e+02   -5.5655526133e-02    5.9049663057e-02    1.5088639991e-02    8.8234403322e+01    2.9411467774e+01    2.9411467774e+01
    2.0021119043e+03    2.5154706336e+03   -6.8890215139e+04    1.3339720812e+02    1.3331109344e+02    1.3350672144e+02    5.0979539544e-02    6.9247531126e-02    5.7754567930e-02    8.8234403322e+01    2.9411467774e+01    2.9411467774e+01
    2.0031568791e+03    2.5167835489e+03   -6.8893344666e+04    1.3353707491e+02    1.3306035081e+02    1.3373716671e+02   -7.5366201181e-02   -1.4188972331e-01    6.6200582068e-03    8.8234403322e+01    2.9411467774e+01    2.9411467774e+01
    1.9975928141e+03    2.5097928097e+03   -6.8885627203e+04    1.3393886675e+02    1.3323097082e+02    1.3316597838e+02    1.1107746900e-01    1.4990452148e-02   -1.0781867412e-01    8.8234403322e+01    2.9411467774e+01    2.9411467774e+01
    2.0195599312e+03    2.5373924848e+03   -6.8914713626e+04    1.3339116850e+02    1.3325850558e+02    1.3339644403e+02    1.4604181191e-01    1.1448936116e-01    1.3662842494e-01    8.8234403322e+01    2.9411467774e+01    2.9411467774e+01
    2.0195599312e+03    2.5373924848e+03   -6.8914713626e+04    1.3339116850e+02    1.3325850558e+02    1.3339644403e+02    1.4604181191e-01    1.1448936116e-01    1.3662842494e-01    8.8234403322e+01    2.9411467774e+01    2.9411467774e+01
    2.0195599312e+03    2.5373924848e+03   -6.8914713626e+04    1.3339116850e+02    1.3325850558e+02    1.3339644403e+02    1.4604181191e-01    1.1448936116e-01    1.3662842494e-01    8.8234403322e+01    2.9411467774e+01    2.9411467774e+01
    2.0195599312e+03    2.5373924848e+03   -6.8914713626e+04    1.3339116850e+02    1.3325850558e+02    1.3339644403e+02    1.4604181191e-01    1.1448936116e-01    1.3662842494e-01    8.8234403322e+01    2.9411467774e+01    2.9411467774e+01
    2.0195599312e+03    2.5373924848e+03   -6.8914713626e+04    1.3339116850e+02    1.3325850558e+02    1.3339644403e+02    1.4604181191e-01    1.1448936116e-01    1.3662842494e-01    8.8234403322e+01    2.9411467774e+01    2.9411467774e+01
    2.0195599312e+03    2.5373924848e+03   -6.8914713626e+04    1.3339116850e+02    1.3325850558e+02    1.3339644403e+02    1.4604181191e-01    1.1448936116e-01    1.3662842494e-01    8.8234403322e+01    2.9411467774e+01    2.9411467774e+01
    2.0195599312e+03    2.5373924848e+03   -6.8914713626e+04    1.3339116850e+02    1.3325850558e+02    1.3339644403e+02    1.4604181191e-01    1.1448936116e-01    1.3662842494e-01    8.8234403322e+01    2.9411467774e+01    2.9411467774e+01
    2.0195599312e+03    2.5373924848e+03   -6.8914713626e+04    1.3339116850e+02    1.3325850558e+02    1.3339644403e+02    1.4604181191e-01    1.1448936116e-01    1.3662842494e-01    8.8234403322e+01    2.9411467774e+01    2.9411467774e+01
    2.0195599312e+03    2.5373924848e+03   -6.8914713626e+04    1.3339116850e+02    1.3325850558e+02    1.3339644403e+02    1.4604181191e-01    1.1448936116e-01    1.3662842494e-01    8.8234403322e+01    2.9411467774e+01    2.9411467774e+01
    2.0195599312e+03    2.5373924848e+03   -6.8914713626e+04    1.3339116850e+02    1.3325850558e+02    1.3339644403e+02    1.4604181191e-01    1.1448936116e-01    1.3662842494e-01    8.8234403322e+01    2.9411467774e+01    2.9411467774e+01
    2.0195599312e+03    2.5373924848e+03   -6.8914713626e+04    1.3339116850e+02    1.3325850558e+02    1.3339644403e+02    1.4604181191e-01    1.1448936116e-01    1.3662842494e-01    8.8234403322e+01    2.9411467774e+01    2.9411467774e+01
    2.0195599312e+03    2.5373924848e+03   -6.8914713626e+04    1.3339116850e+02    1.3325850558e+02    1.3339644403e+02    1.4604181191e-01    1.1448936116e-01    1.3662842494e-01    8.8234403322e+01    2.9411467774e+01    2.9411467774e+01
    2.0195599312e+03    2.5373924848e+03   -6.8914713626e+04    1.3339116850e+02    1.3325850558e+02    1.3339644403e+02    1.4604181191e-01    1.1448936116e-01    1.3662842494e-01    8.8234403322e+01    2.9411467774e+01    2.9411467774e+01
    2.0195599312e+03    2.5373924848e+03   -6.8914713626e+04    1.3339116850e+02    1.3325850558e+02    1.3339644403e+02    1.4604181191e-01    1.1448936116e-01    1.3662842494e-01    8.8234403322e+01    2.9411467774e+01    2.9411467774e+01
    2.0195599312e+03    2.5373924848e+03   -6.8914713626e+04    1.3339116850e+02    1.3325850558e+02    1.3339644403e+02    1.4604181191e-01    1.1448936116e-01    1.3662842494e-01    8.8234403322e+01    2.9411467774e+01    2.9411467774e+01
    2.0195599312e+03    2.5373924848e+03   -6.8914713626e+04    1.3339116850e+02    1.3325850558e+02    1.3339644403e+02    1.4604181191e-01    1.1448936116e-01    1.3662842494e-01    8.8234403322e+01    2.9411467774e+01    2.9411467774e+01
    2.0195599312e+03    2.5373924848e+03   -6.8914713626e+04    1.3339116850e+02    1.3325850558e+02    1.3339644403e+02    1.4604181191e-01    1.1448936116e-01    1.3662842494e-01    8.8234403322e+01    2.9411467774e+01    2.9411467774e+01
    2.0195599312e+03    2.5373924848e+03   -6.8914713626e+04    1.3339116850e+02    1.3325850558e+02    1.3339644403e+02    1.4604181191e-01    1.1448936116e-01    1.3662842494e-01    8.8234403322e+01    2.9411467774e+01    2.9411467774e+01
    2.0195599312e+03    2.5373924848e+03   -6.8914713626e+04    1.3339116850e+02    1.3325850558e+02    1.3339644403e+02    1.4604181191e-01    1.1448936116e-01    1.3662842494e-01    8.8234403322e+01    2.9411467774e+01    2.9411467774e+01
    2.0195599312e+03    2.5373924848e+03   -6.8914713626e+04    1.3339116850e+02    1.3325850558e+02    1.3339644403e+02    1.4604181191e-01    1.1448936116e-01    1.3662842494e-01    8.8234403322e+01    2.9411467774e+01    2.9411467774e+01
    2.0195599312e+03    2.5373924848e+03   -6.8914713626e+04    1.3339116850e+02    1.3325850558e+02    1.3339644403e+02    1.4604181191e-01    1.1448936116e-01    1.3662842494e-01    8.8234403322e+01    2.9411467774e+01    2.9411467774e+01
    2.0195599312e+03    2.5373924848e+03   -6.8914713626e+04    1.3339116850e+02    1.3325850558e+02    1.3339644403e+02    1.4604181191e-01    1.1448936116e-01    1.3662842494e-01    8.8234403322e+01    2.9411467774e+01    2.9411467774e+01
    2.0195599312e+03    2.5373924848e+03   -6.8914713626e+04    1.3339116850e+02    1.3325850558e+02    1.3339644403e+02    1.4604181191e-01    1.1448936116e-01    1.3662842494e-01    8.8234403322e+01    2.9411467774e+01    2.9411467774e+01
    2.0195599312e+03    2.5373924848e+03   -6.8914713626e+04    1.3339116850e+02    1.3325850558e+02    1.3339644403e+02    1.4604181191e-01    1.1448936116e-01    1.3662842494e-01    8.8234403322e+01    2.9411467774e+01    2.9411467774e+01
    2.0195599312e+03    2.5373924848e+03   -6.8914713626e+04    1.3339116850e+02    1.3325850558e+02    1.3339644403e+02    1.4604181191e-01    1.1448936116e-01    1.3662842494e-01    8.8234403322e+01    2.9411467774e+01    2.9411467774e+01
    2.0195599312e+03    2.5373924848e+03   -6.8914713626e+04    1.3339116850e+02    1.3325850558e+02    1.3339644403e+02    1.4604181191e-01    1.1448936116e-01    1.3662842494e-01    8.8234403322e+01    2.9411467774e+01    2.9411467774e+01
    2.0195599312e+03    2.5373924848e+03   -6.8914713626e+04    1.3339116850e+02    1.3325850558e+02    1.3339644403e+02    1.4604181191e-01    1.1448936116e-01    1.3662842494e-01    8.8234403322e+01    2.9411467774e+01    2.9411467774e+01
    2.0195599312e+03    2.5373924848e+03   -6.8914713626e+04    1.3339116850e+02    1.3325850558e+02    1.3339644403e+02    1.4604181191e-01    1.1448936116e-01    1.3662842494e-01    8.8234403322e+01    2.9411467774e+01    2.9411467774e+01
    2.0195599312e+03    2.5373924848e+03   -6.8914713626e+04    1.3339116850e+02    1.3325850558e+02    1.3339644403e+02    1.4604181191e-01    1.1448936116e-01    1.3662842494e-01    8.8234403322e+01    2.9411467774e+01    2.9411467774e+01
    2.0195599312e+03    2.5373924848e+03   -6.8914713626e+04    1.3339116850e+02    1.3325850558e+02    1.3339644403e+02    1.4604181191e-01    1.1448936116e-01    1.3662842494e-01    8.8234403322e+01    2.9411467774e+01    2.9411467774e+01
    2.0195599312e+03    2.5373924848e+03   -6.8914713626e+04    1.3339116850e+02    1.3325850558e+02    1.3339644403e+02    1.4604181191e-01    1.1448936116e-01    1.3662842494e-01    8.8234403322e+01    2.9411467774e+01    2.9411467774e+01
