    3.9512865113e+03    4.4128270143e+03   -6.0513284221e+04    1.2629314055e+02    1.2559928200e+02    1.2645469163e+02    2.6982208112e-02    1.3108761627e-01    1.1897123398e-01    5.9453667539e+01    3.9635778359e+01    2.9726833769e+01
    4.0437493311e+03    4.5160901990e+03   -6.0596253786e+04    1.2662754504e+02    1.2546234273e+02    1.2529489801e+02   -1.0466977056e-01   -4.7333049530e-02    8.0705004805e-02    5.9453667539e+01    3.9635778359e+01    2.9726833769e+01
    3.9932203408e+03    4.4596590359e+03   -6.0530768836e+04    1.2643565862e+02    1.2597780967e+02    1.2598800182e+02    1.7875959444e-01    3.9076230806e-01   -2.9948934261e-01    5.9453667539e+01    3.9635778359e+01    2.9726833769e+01
    4.0185370509e+03    4.4879329315e+03   -6.0560465937e+04    1.2673236532e+02    1.2574936743e+02    1.2594101908e+02    7.8519736205e-02   -2.7099233195e-02   -3.9491166593e-01    5.9453667539e+01    3.9635778359e+01    2.9726833769e+01
    4.0246796190e+03    4.4947929986e+03   -6.0569611651e+04    1.2629510514e+02    1.2602535255e+02    1.2582607000e+02    1.9145152301e-01   -7.7981481648e-02   -8.5938232187e-02    5.9453667539e+01    3.9635778359e+01    2.9726833769e+01
    4.0408712738e+03    4.5128759625e+03   -6.0584801044e+04    1.2663893976e+02    1.2600945199e+02    1.2527544427e+02    1.3177033654e-01    1.7470403294e-02   -1.6812884180e-02    5.9453667539e+01    3.9635778359e+01    2.9726833769e+01
    4.0226684115e+03    4.4925468666e+03   -6.0565792836e+04    1.2663576348e+02    1.2520947852e+02    1.2647861067e+02   -9.5498380638e-02    3.5138171568e-02   -2.0136558083e-01    5.9453667539e+01    3.9635778359e+01    2.9726833769e+01
    3.9935882607e+03    4.4600699317e+03   -6.0535671133e+04    1.2674105647e+02    1.2590696063e+02    1.2615062456e+02    4.4301664510e-02    1.2397743719e-01    9.8145889803e-04    5.9453667539e+01    3.9635778359e+01    2.9726833769e+01
    3.9745271557e+03    4.4387823437e+03   -6.0511550918e+04    1.2620412813e+02    1.2623751409e+02    1.2613079318e+02   -4.1899657978e-02   -1.3985530164e-01    5.4866695606e-03    5.9453667539e+01    3.9635778359e+01    2.9726833769e+01
    3.9811001277e+03    4.4461230892e+03   -6.0522765149e+04    1.2664175415e+02    1.2604297000e+02    1.2576550522e+02   -1.2821792389e-01    7.9900601045e-02    1.1313802767e-01    5.9453667539e+01    3.9635778359e+01    2.9726833769e+01
    3.9832954022e+03    4.4485747885e+03   -6.0522065341e+04    1.2668332829e+02    1.2599531745e+02    1.2608206492e+02   -8.8615300117e-02    2.7955646678e-01   -2.4408957394e-02    5.9453667539e+01    3.9635778359e+01    2.9726833769e+01
    3.9844040422e+03    4.4498129261e+03   -6.0528515931e+04    1.2650280054e+02    1.2584143784e+02    1.2628214206e+02   -8.7588641814e-02   -9.6697638639e-04   -8.0043145865e-03    5.9453667539e+01    3.9635778359e+01    2.9726833769e+01
    4.0195585264e+03    4.4890737231e+03   -6.0562699440e+04    1.2637673576e+02    1.2552861114e+02    1.2606258030e+02    1.0211287470e-01    1.9938093327e-01    3.0655841961e-02    5.9453667539e+01    3.9635778359e+01    2.9726833769e+01
    3.9890690162e+03    4.4550228048e+03   -6.0531560053e+04    1.2655402357e+02    1.2622970300e+02    1.2609549652e+02   -2.2163717273e-03    6.4411984358e-03   -2.8946845407e-01    5.9453667539e+01    3.9635778359e+01    2.9726833769e+01
    4.0071662799e+03    4.4752339674e+03   -6.0549191519e+04    1.2621981379e+02    1.2619753946e+02    1.2581618611e+02    4.0560934996e-03    2.9011958998e-01    2.0542016675e-01    5.9453667539e+01    3.9635778359e+01    2.9726833769e+01
    4.0361403887e+03    4.5075924738e+03   -6.0585471611e+04    1.2606775080e+02    1.2582358085e+02    1.2572057384e+02    7.0980450089e-02    1.4823227767e-02   -1.1025607345e-02    5.9453667539e+01    3.9635778359e+01    2.9726833769e+01
    4.0054430204e+03    4.4733094180e+03   -6.0550061981e+04    1.2622549884e+02    1.2558292159e+02    1.2593775989e+02   -1.0303319849e-01    6.6572928764e-02   -1.0360822156e-01    5.9453667539e+01    3.9635778359e+01    2.9726833769e+01
    3.9781099880e+03    4.4427836782e+03   -6.0520581631e+04    1.2660031610e+02    1.2573238656e+02    1.2633745047e+02   -8.7422369710e-02    1.9385220170e-01    1.7983811529e-01    5.9453667539e+01    3.9635778359e+01    2.9726833769e+01
    3.9980445428e+03    4.4650467417e+03   -6.0539528016e+04    1.2631746115e+02    1.2596869124e+02    1.2603356866e+02    1.0043900945e-01   -1.0734171633e-01   -3.2242015617e-02    5.9453667539e+01    3.9635778359e+01    2.9726833769e+01
    4.0159373564e+03    4.4850295728e+03   -6.0562642511e+04    1.2613897676e+02    1.2640106797e+02    1.2568423902e+02    1.9558962572e-01    1.2845527253e-02   -4.1950808219e-02    5.9453667539e+01    3.9635778359e+01    2.9726833769e+01
    3.9721810150e+03    4.4361621559e+03   -6.0511042300e+04    1.2645436709e+02    1.2609079890e+02    1.2581103375e+02    4.0647160290e-02   -5.3240486720e-02    1.9853306897e-01    5.9453667539e+01    3.9635778359e+01    2.9726833769e+01
    4.0165605692e+03    4.4857255816e+03   -6.0556559517e+04    1.2632906259e+02    1.2594590129e+02    1.2573771456e+02   -2.5631175667e-01   -1.3953682743e-01   -4.4846121008e-02    5.9453667539e+01    3.9635778359e+01    2.9726833769e+01
    4.0216791093e+03    4.4914420064e+03   -6.0565469091e+04    1.2609697262e+02    1.2636283831e+02    1.2593709246e+02   -5.5594644485e-02   -4.8106006590e-02   -7.8053592141e-02    5.9453667539e+01    3.9635778359e+01    2.9726833769e+01
    3.9938879072e+03    4.4604045792e+03   -6.0536972506e+04    1.2624159591e+02    1.2609305333e+02    1.2603361077e+02    2.3935865828e-01   -5.3900739498e-03    1.0772010809e-01    5.9453667539e+01    3.9635778359e+01    2.9726833769e+01
    3.9863471192e+03    4.4519829695e+03   -6.0529909611e+04    1.2615154667e+02    1.2592579746e+02    1.2617928168e+02   -2.1809177801e-02    2.4749750420e-01    8.1850422223e-02    5.9453667539e+01    3.9635778359e+01    2.9726833769e+01
    3.9993093374e+03    4.4664592740e+03   -6.0542024148e+04    1.2612684325e+02    1.2599499596e+02    1.2602103119e+02   -1.5034036110e-01    5.8769053741e-02   -1.2404581270e-01    5.9453667539e+01    3.9635778359e+01    2.9726833769e+01
    3.9689743795e+03    4.4325809608e+03   -6.0514530210e+04    1.2633182387e+02    1.2638545449e+02    1.2555137863e+02    7.4671855156e-02   -2.0772244761e-01    1.7275119875e-01    5.9453667539e+01    3.9635778359e+01    2.9726833769e+01
    4.0092546393e+03    4.4775662631e+03   -6.0550643358e+04    1.2598495425e+02    1.2639473897e+02    1.2549359861e+02   -1.0497511419e-01    2.5410112495e-01   -8.8479573096e-02    5.9453667539e+01    3.9635778359e+01    2.9726833769e+01
    3.9974520032e+03    4.4643849889e+03   -6.0538168018e+04    1.2664087977e+02    1.2585447178e+02    1.2540355892e+02   -1.7855685664e-01    1.8539478856e-01    1.0837515050e-02    5.9453667539e+01    3.9635778359e+01    2.9726833769e+01
    4.0074216437e+03    4.4755191597e+03   -6.0554522958e+04    1.2576278608e+02    1.2595459189e+02    1.2606802132e+02   -5.0777199411e-02    3.4623583922e-02    9.0887488445e-02    5.9453667539e+01    3.9635778359e+01    2.9726833769e+01
    3.9951306041e+03    4.4617924326e+03   -6.0537717989e+04    1.2612706889e+02    1.2610938715e+02    1.2608787494e+02   -1.5245493459e-01   -6.3336813054e-02   -6.0174310704e-02    5.9453667539e+01    3.9635778359e+01    2.9726833769e+01
    4.0135072077e+03    4.4823155641e+03   -6.0556553050e+04    1.2639976816e+02    1.2552671835e+02    1.2585808570e+02    2.0067065895e-01   -7.0892783879e-02    6.4329914593e-02    5.9453667539e+01    3.9635778359e+01    2.9726833769e+01
    3.9910830775e+03    4.4572721240e+03   -6.0532011158e+04    1.2618899540e+02    1.2656395456e+02    1.2558146069e+02    1.3530603290e-01   -1.8937799871e-01    2.9276550365e-02    5.9453667539e+01    3.9635778359e+01    2.9726833769e+01
    4.0165659103e+03    4.4857315466e+03   -6.0560323322e+04    1.2596037328e+02    1.2640550881e+02    1.2561665565e+02    6.1252114278e-02    1.8448109104e-01   -3.2160678362e-02    5.9453667539e+01    3.9635778359e+01    2.9726833769e+01
    3.9698200206e+03    4.4335253792e+03   -6.0508984029e+04    1.2669453158e+02    1.2585488492e+02    1.2634056572e+02    2.6701649874e-01   -1.2813340750e-01   -3.7550263306e-01    5.9453667539e+01    3.9635778359e+01    2.9726833769e+01
    3.9682694077e+03    4.4317936429e+03   -6.0501870410e+04    1.2629992916e+02    1.2618962634e+02    1.2609019185e+02   -1.7727178033e-01    6.1143982177e-02   -1.2239651403e-01    5.9453667539e+01    3.9635778359e+01    2.9726833769e+01
    4.0151632922e+03    4.4841650919e+03   -6.0561724314e+04    1.2605754023e+02    1.2578608194e+02    1.2602018058e+02   -5.1042909103e-02   -1.1596533915e-01   -9.6802604753e-03    5.9453667539e+01    3.9635778359e+01    2.9726833769e+01
    3.9557408839e+03    4.4178016917e+03   -6.0491887159e+04    1.2702359926e+02    1.2640295714e+02    1.2601924165e+02    5.4463561533e-02    3.3297830556e-01   -2.6533822672e-01    5.9453667539e+01    3.9635778359e+01    2.9726833769e+01
    4.0103546223e+03    4.4787947327e+03   -6.0553567800e+04    1.2617989407e+02    1.2617823321e+02    1.2636553723e+02   -3.3571883496e-01   -2.5798566228e-01   -2.8684052630e-01    5.9453667539e+01    3.9635778359e+01    2.9726833769e+01
    4.0449061536e+03    4.5173821472e+03   -6.0591932821e+04    1.2581796179e+02    1.2576245783e+02    1.2585627166e+02    7.4172379577e-02    2.2244283296e-01   -9.4242081055e-02    5.9453667539e+01    3.9635778359e+01    2.9726833769e+01
    4.0066714338e+03    4.4746813195e+03   -6.0550367061e+04    1.2696034169e+02    1.2540029100e+02    1.2587835585e+02   -3.0267684417e-03   -6.9256908672e-02   -1.0523944524e-02    5.9453667539e+01    3.9635778359e+01    2.9726833769e+01
    3.9768619220e+03    4.4413898287e+03   -6.0518632615e+04    1.2618886120e+02    1.2612062741e+02    1.2628578868e+02   -7.5278168874e-02    3.7137862075e-01   -2.2224788017e-01    5.9453667539e+01    3.9635778359e+01    2.9726833769e+01
    3.9833577128e+03    4.4486443775e+03   -6.0524634043e+04    1.2612265453e+02    1.2596043263e+02    1.2603132831e+02    1.2082799475e-01    2.8653253255e-02   -1.4875816053e-01    5.9453667539e+01    3.9635778359e+01    2.9726833769e+01
    4.0071834024e+03    4.4752530899e+03   -6.0556186872e+04    1.2589401253e+02    1.2634508652e+02    1.2563232564e+02   -3.1619623375e-01   -1.4776512899e-01   -3.7044058908e-02    5.9453667539e+01    3.9635778359e+01    2.9726833769e+01
    3.9954050085e+03    4.4620988896e+03   -6.0535958686e+04    1.2657110774e+02    1.2637375663e+02    1.2534994016e+02   -6.7387799002e-02   -3.6167135383e-02   -3.1936761157e-01    5.9453667539e+01    3.9635778359e+01    2.9726833769e+01
    4.0179547534e+03    4.4872826172e+03   -6.0565960724e+04    1.2578787808e+02    1.2567723576e+02    1.2614258099e+02   -1.0477465264e-01    1.3759278843e-01   -7.9699761606e-02    5.9453667539e+01    3.9635778359e+01    2.9726833769e+01
    3.9967514410e+03    4.4636025957e+03   -6.0534301816e+04    1.2642267528e+02    1.2589727259e+02    1.2596886797e+02   -4.0458097425e-02    9.2762745441e-02   -1.1931881331e-01    5.9453667539e+01    3.9635778359e+01    2.9726833769e+01
    3.9916285091e+03    4.4578812661e+03   -6.0532776402e+04    1.2649479665e+02    1.2570460527e+02    1.2609971553e+02   -3.7264996011e-01   -2.5807805293e-02    5.3583158064e-03    5.9453667539e+01    3.9635778359e+01    2.9726833769e+01
    4.0216606831e+03    4.4914214278e+03   -6.0569257690e+04    1.2667395694e+02    1.2587020509e+02    1.2517323711e+02    1.1591984104e-02    8.0835621129e-02   -9.1915949042e-02    5.9453667539e+01    3.9635778359e+01    2.9726833769e+01
    3.9610358751e+03    4.4237151783e+03   -6.0497979640e+04    1.2661343478e+02    1.2631898505e+02    1.2559970021e+02    1.5866944866e-01    9.4027323293e-02    1.0363102530e-02    5.9453667539e+01    3.9635778359e+01    2.9726833769e+01
    4.0363238257e+03    4.5077973377e+03   -6.0586434121e+04    1.2630354102e+02    1.2565398684e+02    1.2556664160e+02    1.4990485746e-01    1.3810708893e-02    1.6955568575e-01    5.9453667539e+01    3.9635778359e+01    2.9726833769e+01
    3.9820847833e+03    4.4472227601e+03   -6.0520948215e+04    1.2644232961e+02    1.2589595399e+02    1.2618341495e+02    9.5124298172e-03   -8.3283831426e-02   -4.4827723318e-02    5.9453667539e+01    3.9635778359e+01    2.9726833769e+01
    3.9871658542e+03    4.4528973389e+03   -6.0524906865e+04    1.2641564830e+02    1.2620243713e+02    1.2577645362e+02   -2.1161032658e-01    1.6637615609e-01    1.2496079249e-01    5.9453667539e+01    3.9635778359e+01    2.9726833769e+01
    4.0227794010e+03    4.4926708206e+03   -6.0574071279e+04    1.2637395644e+02    1.2570321894e+02    1.2573507083e+02    5.3085152217e-02   -2.7063005612e-01   -8.6054617015e-03    5.9453667539e+01    3.9635778359e+01    2.9726833769e+01
    4.0192988040e+03    4.4887836632e+03   -6.0562517882e+04    1.2670572240e+02    1.2566368064e+02    1.2596692896e+02   -5.0515219301e-02    7.1419702847e-02   -1.6155733647e-01    5.9453667539e+01    3.9635778359e+01    2.9726833769e+01
    3.9775756074e+03    4.4421868779e+03   -6.0522383706e+04    1.2637566736e+02    1.2616781310e+02    1.2595354744e+02    1.2568095535e-01    2.7135455815e-02    8.4013294155e-02    5.9453667539e+01    3.9635778359e+01    2.9726833769e+01
    4.0364111001e+03    4.5078948064e+03   -6.0581408432e+04    1.2604756688e+02    1.2570664614e+02    1.2577602112e+02   -3.3284922957e-01   -1.1201016906e-01   -7.4749377298e-02    5.9453667539e+01    3.9635778359e+01    2.9726833769e+01
    4.0189971471e+03    4.4884467704e+03   -6.0562847004e+04    1.2585828020e+02    1.2596966686e+02    1.2598443427e+02   -1.8228133914e-02   -2.1205684699e-01   -1.2577673340e-01    5.9453667539e+01    3.9635778359e+01    2.9726833769e+01
    4.0195742815e+03    4.4890913186e+03   -6.0566247670e+04    1.2630854142e+02    1.2576049588e+02    1.2615515128e+02   -1.4438400423e-01    1.4388799304e-01    3.3832081317e-01    5.9453667539e+01    3.9635778359e+01    2.9726833769e+01
    3.9902335834e+03    4.4563234024e+03   -6.0527942276e+04    1.2619003329e+02    1.2624449897e+02    1.2607285287e+02    4.7911127558e-02    1.1397305579e-01   -7.7765685326e-02    5.9453667539e+01    3.9635778359e+01    2.9726833769e+01
    4.0186302531e+03    4.4880370205e+03   -6.0561037621e+04    1.2614216825e+02    1.2581269704e+02    1.2640388717e+02   -1.7068369518e-01   -1.9427758016e-01   -2.9033353131e-01    5.9453667539e+01    3.9635778359e+01    2.9726833769e+01
    3.9761713999e+03    4.4406186482e+03   -6.0519069385e+04    1.2672788756e+02    1.2596254061e+02    1.2610958236e+02   -1.5802159967e-02    2.6312532801e-01    4.5437888245e-02    5.9453667539e+01    3.9635778359e+01    2.9726833769e+01
    3.9902664657e+03    4.4563601257e+03   -6.0532312284e+04    1.2671612798e+02    1.2569307197e+02    1.2584713418e+02    7.5770785957e-02    3.1219962801e-02    2.8388686457e-01    5.9453667539e+01    3.9635778359e+01    2.9726833769e+01
    3.9921648650e+03    4.4584802725e+03   -6.0534375076e+04    1.2645430693e+02    1.2595924514e+02    1.2626372845e+02   -4.6625230755e-03   -1.7838773620e-02    2.1155376656e-01    5.9453667539e+01    3.9635778359e+01    2.9726833769e+01
    4.0136729536e+03    4.4825006704e+03   -6.0555340165e+04    1.2608071905e+02    1.2609680213e+02    1.2595650666e+02   -1.8287285273e-01    1.1896026603e-01   -1.9691683648e-01    5.9453667539e+01    3.9635778359e+01    2.9726833769e+01
    3.9910538294e+03    4.4572394595e+03   -6.0533646045e+04    1.2624362662e+02    1.2654859718e+02    1.2595857022e+02    1.3584698312e-01    1.5299335143e-01   -6.5467735243e-02    5.9453667539e+01    3.9635778359e+01    2.9726833769e+01
    3.9752213798e+03    4.4395576585e+03   -6.0516812917e+04    1.2641490031e+02    1.2602654498e+02    1.2633109537e+02    3.4358992900e-02    6.4176371016e-04   -7.5171159021e-03    5.9453667539e+01    3.9635778359e+01    2.9726833769e+01
    3.9896611179e+03    4.4556840686e+03   -6.0529317958e+04    1.2662554477e+02    1.2577728747e+02    1.2605472911e+02    9.1042204951e-03    1.1268988589e-01    8.3447520147e-03    5.9453667539e+01    3.9635778359e+01    2.9726833769e+01
    4.0405445567e+03    4.5125110824e+03   -6.0586965303e+04    1.2612990863e+02    1.2618492884e+02    1.2584233160e+02    2.9297820889e-04    2.7631887239e-01   -6.0158277175e-02    5.9453667539e+01    3.9635778359e+01    2.9726833769e+01
    3.9931819649e+03    4.4596161775e+03   -6.0531273110e+04    1.2646078430e+02    1.2609735258e+02    1.2585642175e+02    6.8339481630e-02   -1.4774319357e-01   -1.5522768965e-01    5.9453667539e+01    3.9635778359e+01    2.9726833769e+01
    3.9918106244e+03    4.4580846538e+03   -6.0528975310e+04    1.2615141988e+02    1.2590227173e+02    1.2606044149e+02    1.4354457737e-02   -5.5757034713e-02    1.0093839817e-01    5.9453667539e+01    3.9635778359e+01    2.9726833769e+01
    3.9725928167e+03    4.4366220592e+03   -6.0507655725e+04    1.2674682859e+02    1.2615791381e+02    1.2594225412e+02   -7.7265319069e-02    1.1470291927e-01   -7.3031322190e-02    5.9453667539e+01    3.9635778359e+01    2.9726833769e+01
    3.9985869985e+03    4.4656525603e+03   -6.0537594800e+04    1.2653085927e+02    1.2528305975e+02    1.2634677415e+02    1.8301585909e-01   -2.2722910816e-02   -1.2399737063e-01    5.9453667539e+01    3.9635778359e+01    2.9726833769e+01
    3.9694002598e+03    4.4330565872e+03   -6.0504375626e+04    1.2633713640e+02    1.2653905950e+02    1.2600816395e+02    3.2518808138e-02   -1.5676336637e-01   -7.8748493145e-02    5.9453667539e+01    3.9635778359e+01    2.9726833769e+01
    4.0284234063e+03    4.4989740889e+03   -6.0577977283e+04    1.2590522386e+02    1.2582621484e+02    1.2587777854e+02    1.0550767841e-01    1.4188850806e-01   -2.7266745333e-02    5.9453667539e+01    3.9635778359e+01    2.9726833769e+01
    4.0011818031e+03    4.4685504579e+03   -6.0543562292e+04    1.2612798235e+02    1.2552781875e+02    1.2630439899e+02    3.1482828398e-02   -7.3221050492e-02    1.1359433787e-02    5.9453667539e+01    3.9635778359e+01    2.9726833769e+01
    4.0307822791e+03    4.5016084961e+03   -6.0581245895e+04    1.2612854051e+02    1.2579430652e+02    1.2596825483e+02   -2.0455080122e-01    2.1159390323e-01    8.2284899140e-02    5.9453667539e+01    3.9635778359e+01    2.9726833769e+01
    3.9883575527e+03    4.4542282370e+03   -6.0531674850e+04    1.2650352061e+02    1.2575449330e+02    1.2639202259e+02    1.9042041496e-01   -6.8175546398e-02   -1.5356517728e-02    5.9453667539e+01    3.9635778359e+01    2.9726833769e+01
    4.0405960805e+03    4.5125686246e+03   -6.0582445199e+04    1.2617934632e+02    1.2605857551e+02    1.2574353903e+02    1.0484596290e-01    1.2856871878e-01   -8.1033282176e-02    5.9453667539e+01    3.9635778359e+01    2.9726833769e+01
    3.9881955259e+03    4.4540472842e+03   -6.0523103378e+04    1.2688981946e+02    1.2646887829e+02    1.2546086815e+02    7.8333515308e-02   -1.8547375347e-02   -2.0831122433e-01    5.9453667539e+01    3.9635778359e+01    2.9726833769e+01
    4.0287170693e+03    4.4993020540e+03   -6.0568947971e+04    1.2604997599e+02    1.2574325895e+02    1.2628058997e+02   -6.5599697348e-02    1.7443764911e-01    2.8729472407e-01    5.9453667539e+01    3.9635778359e+01    2.9726833769e+01
    3.9982461241e+03    4.4652718691e+03   -6.0541980489e+04    1.2633857314e+02    1.2607282615e+02    1.2597134414e+02    2.1413546328e-01   -2.8092626855e-01   -9.5355191536e-02    5.9453667539e+01    3.9635778359e+01    2.9726833769e+01
    4.0213977302e+03    4.4911277601e+03   -6.0565005890e+04    1.2618042126e+02    1.2602759235e+02    1.2606117623e+02   -7.7058659631e-03    9.3254811705e-02   -4.1071594808e-02    5.9453667539e+01    3.9635778359e+01    2.9726833769e+01
    3.9973684733e+03    4.4642917021e+03   -6.0541576811e+04    1.2629991996e+02    1.2615488137e+02    1.2577095666e+02   -7.0687254981e-02   -1.3751521183e-01   -1.7688141629e-02    5.9453667539e+01    3.9635778359e+01    2.9726833769e+01
    4.0058053011e+03    4.4737140159e+03   -6.0549283820e+04    1.2601450278e+02    1.2603118058e+02    1.2590523635e+02   -2.1719326417e-01    8.9679672288e-02   -1.8064037174e-01    5.9453667539e+01    3.9635778359e+01    2.9726833769e+01
    3.9873804833e+03    4.4531370383e+03   -6.0530321429e+04    1.2668919504e+02    1.2544484941e+02    1.2566080457e+02   -1.1979899966e-02   -2.6960595352e-01    7.7040256618e-02    5.9453667539e+01    3.9635778359e+01    2.9726833769e+01
    3.9949046721e+03    4.4615401100e+03   -6.0532459606e+04    1.2658657733e+02    1.2609019347e+02    1.2575596342e+02    3.7106720733e-02    9.5138647610e-02    1.2453291757e-01    5.9453667539e+01    3.9635778359e+01    2.9726833769e+01
    4.0172681832e+03    4.4865158503e+03   -6.0562302290e+04    1.2629094129e+02    1.2650426038e+02    1.2552463781e+02    4.5853683233e-02   -9.7706304217e-02    9.4285191352e-02    5.9453667539e+01    3.9635778359e+01    2.9726833769e+01
    3.9973421204e+03    4.4642622710e+03   -6.0543889712e+04    1.2633840493e+02    1.2587015952e+02    1.2538750826e+02    6.2406211322e-02   -4.5898284831e-02    2.4837644642e-02    5.9453667539e+01    3.9635778359e+01    2.9726833769e+01
    3.9761889173e+03    4.4406382118e+03   -6.0517057963e+04    1.2634723635e+02    1.2624358643e+02    1.2583636441e+02   -7.8787608695e-02    8.5963517006e-02   -1.6292727759e-01    5.9453667539e+01    3.9635778359e+01    2.9726833769e+01
    3.9955640933e+03    4.4622765567e+03   -6.0536144498e+04    1.2610894925e+02    1.2615820271e+02    1.2631459001e+02   -1.4023713127e-01    8.7111901480e-03   -1.7437579701e-01    5.9453667539e+01    3.9635778359e+01    2.9726833769e+01
    3.9855827440e+03    4.4511293094e+03   -6.0523223396e+04    1.2625903493e+02    1.2612403343e+02    1.2608913669e+02    1.6128761613e-01   -1.5652064555e-01   -6.7020450322e-02    5.9453667539e+01    3.9635778359e+01    2.9726833769e+01
    3.9847075109e+03    4.4501518424e+03   -6.0524778461e+04    1.2609206564e+02    1.2656279896e+02    1.2604425690e+02    3.5505130795e-01   -1.4317235571e-02   -8.5597245804e-02    5.9453667539e+01    3.9635778359e+01    2.9726833769e+01
    4.0046651524e+03    4.4724406891e+03   -6.0545063985e+04    1.2589712753e+02    1.2637908886e+02    1.2599074117e+02   -9.1198293975e-02   -2.5381082000e-01    9.7039094121e-03    5.9453667539e+01    3.9635778359e+01    2.9726833769e+01
    4.0011209502e+03    4.4684824969e+03   -6.0542634481e+04    1.2650809462e+02    1.2589588355e+02    1.2627498505e+02   -1.1063546966e-01    2.3466374774e-01   -1.1904168112e-01    5.9453667539e+01    3.9635778359e+01    2.9726833769e+01
    4.0134933367e+03    4.4823000728e+03   -6.0559172728e+04    1.2633685209e+02    1.2560990862e+02    1.2574223577e+02   -1.2371045259e-01   -7.6733536580e-03    1.5206746251e-01    5.9453667539e+01    3.9635778359e+01    2.9726833769e+01
    3.9759150686e+03    4.4403323755e+03   -6.0515521007e+04    1.2630187825e+02    1.2653924624e+02    1.2579737751e+02    6.5981966266e-02    6.2518497291e-02    1.7230934348e-01    5.9453667539e+01    3.9635778359e+01    2.9726833769e+01
    4.0210635053e+03    4.4907544951e+03   -6.0567239592e+04    1.2591397576e+02    1.2599418707e+02    1.2587681702e+02    2.6842242715e-01   -7.7288713583e-02    2.4036992162e-01    5.9453667539e+01    3.9635778359e+01    2.9726833769e+01
    4.0314779574e+03    4.5023854349e+03   -6.0581495043e+04    1.2620949876e+02    1.2577700047e+02    1.2570695731e+02    7.8176296147e-03    2.0102011338e-01   -2.7903005153e-01    5.9453667539e+01    3.9635778359e+01    2.9726833769e+01
    3.9991816187e+03    4.4663166367e+03   -6.0540283867e+04    1.2688714015e+02    1.2563402257e+02    1.2573008734e+02    3.2400072970e-01    1.1726978690e-01   -9.1979481689e-02    5.9453667539e+01    3.9635778359e+01    2.9726833769e+01
    3.9991816187e+03    4.4663166367e+03   -6.0540283867e+04    1.2688714015e+02    1.2563402257e+02    1.2573008734e+02    3.2400072970e-01    1.1726978690e-01   -9.1979481689e-02    5.9453667539e+01    3.9635778359e+01    2.9726833769e+01
    3.9991816187e+03    4.4663166367e+03   -6.0540283867e+04    1.2688714015e+02    1.2563402257e+02    1.2573008734e+02    3.2400072970e-01    1.1726978690e-01   -9.1979481689e-02    5.9453667539e+01    3.9635778359e+01    2.9726833769e+01
    3.9991816187e+03    4.4663166367e+03   -6.0540283867e+04    1.2688714015e+02    1.2563402257e+02    1.2573008734e+02    3.2400072970e-01    1.1726978690e-01   -9.1979481689e-02    5.9453667539e+01    3.9635778359e+01    2.9726833769e+01
    3.9991816187e+03    4.4663166367e+03   -6.0540283867e+04    1.2688714015e+02    1.2563402257e+02    1.2573008734e+02    3.2400072970e-01    1.1726978690e-01   -9.1979481689e-02    5.9453667539e+01    3.9635778359e+01    2.9726833769e+01
    3.9991816187e+03    4.4663166367e+03   -6.0540283867e+04    1.2688714015e+02    1.2563402257e+02    1.2573008734e+02    3.2400072970e-01    1.1726978690e-01   -9.1979481689e-02    5.9453667539e+01    3.9635778359e+01    2.9726833769e+01
    3.9991816187e+03    4.4663166367e+03   -6.0540283867e+04    1.2688714015e+02    1.2563402257e+02    1.2573008734e+02    3.2400072970e-01    1.1726978690e-01   -9.1979481689e-02    5.9453667539e+01    3.9635778359e+01    2.9726833769e+01
    3.9991816187e+03    4.4663166367e+03   -6.0540283867e+04    1.2688714015e+02    1.2563402257e+02    1.2573008734e+02    3.2400072970e-01    1.1726978690e-01   -9.1979481689e-02    5.9453667539e+01    3.9635778359e+01    2.9726833769e+01
    3.9991816187e+03    4.4663166367e+03   -6.0540283867e+04    1.2688714015e+02    1.2563402257e+02    1.2573008734e+02    3.2400072970e-01    1.1726978690e-01   -9.1979481689e-02    5.9453667539e+01    3.9635778359e+01    2.9726833769e+01
    3.9991816187e+03    4.4663166367e+03   -6.0540283867e+04    1.2688714015e+02    1.2563402257e+02    1.2573008734e+02    3.2400072970e-01    1.1726978690e-01   -9.1979481689e-02    5.9453667539e+01    3.9635778359e+01    2.9726833769e+01
    3.9991816187e+03    4.4663166367e+03   -6.0540283867e+04    1.2688714015e+02    1.2563402257e+02    1.2573008734e+02    3.2400072970e-01    1.1726978690e-01   -9.1979481689e-02    5.9453667539e+01    3.9635778359e+01    2.9726833769e+01
    3.9991816187e+03    4.4663166367e+03   -6.0540283867e+04    1.2688714015e+02    1.2563402257e+02    1.2573008734e+02    3.2400072970e-01    1.1726978690e-01   -9.1979481689e-02    5.9453667539e+01    3.9635778359e+01    2.9726833769e+01
    3.9991816187e+03    4.4663166367e+03   -6.0540283867e+04    1.2688714015e+02    1.2563402257e+02    1.2573008734e+02    3.2400072970e-01    1.1726978690e-01   -9.1979481689e-02    5.9453667539e+01    3.9635778359e+01    2.9726833769e+01
    3.9991816187e+03    4.4663166367e+03   -6.0540283867e+04    1.2688714015e+02    1.2563402257e+02    1.2573008734e+02    3.2400072970e-01    1.1726978690e-01   -9.1979481689e-02    5.9453667539e+01    3.9635778359e+01    2.9726833769e+01
    3.9991816187e+03    4.4663166367e+03   -6.0540283867e+04    1.2688714015e+02    1.2563402257e+02    1.2573008734e+02    3.2400072970e-01    1.1726978690e-01   -9.1979481689e-02    5.9453667539e+01    3.9635778359e+01    2.9726833769e+01
    3.9991816187e+03    4.4663166367e+03   -6.0540283867e+04    1.2688714015e+02    1.2563402257e+02    1.2573008734e+02    3.2400072970e-01    1.1726978690e-01   -9.1979481689e-02    5.9453667539e+01    3.9635778359e+01    2.9726833769e+01
    3.9991816187e+03    4.4663166367e+03   -6.0540283867e+04    1.2688714015e+02    1.2563402257e+02    1.2573008734e+02    3.2400072970e-01    1.1726978690e-01   -9.1979481689e-02    5.9453667539e+01    3.9635778359e+01    2.9726833769e+01
    3.9991816187e+03    4.4663166367e+03   -6.0540283867e+04    1.2688714015e+02    1.2563402257e+02    1.2573008734e+02    3.2400072970e-01    1.1726978690e-01   -9.1979481689e-02    5.9453667539e+01    3.9635778359e+01    2.9726833769e+01
    3.9991816187e+03    4.4663166367e+03   -6.0540283867e+04    1.2688714015e+02    1.2563402257e+02    1.2573008734e+02    3.2400072970e-01    1.1726978690e-01   -9.1979481689e-02    5.9453667539e+01    3.9635778359e+01    2.9726833769e+01
    3.9991816187e+03    4.4663166367e+03   -6.0540283867e+04    1.2688714015e+02    1.2563402257e+02    1.2573008734e+02    3.2400072970e-01    1.1726978690e-01   -9.1979481689e-02    5.9453667539e+01    3.9635778359e+01    2.9726833769e+01
    3.9991816187e+03    4.4663166367e+03   -6.0540283867e+04    1.2688714015e+02    1.2563402257e+02    1.2573008734e+02    3.2400072970e-01    1.1726978690e-01   -9.1979481689e-02    5.9453667539e+01    3.9635778359e+01    2.9726833769e+01
    3.9991816187e+03    4.4663166367e+03   -6.0540283867e+04    1.2688714015e+02    1.2563402257e+02    1.2573008734e+02    3.2400072970e-01    1.1726978690e-01   -9.1979481689e-02    5.9453667539e+01    3.9635778359e+01    2.9726833769e+01
    3.9991816187e+03    4.4663166367e+03   -6.0540283867e+04    1.2688714015e+02    1.2563402257e+02    1.2573008734e+02    3.2400072970e-01    1.1726978690e-01   -9.1979481689e-02    5.9453667539e+01    3.9635778359e+01    2.9726833769e+01
    3.9991816187e+03    4.4663166367e+03   -6.0540283867e+04    1.2688714015e+02    1.2563402257e+02    1.2573008734e+02    3.2400072970e-01    1.1726978690e-01   -9.1979481689e-02    5.9453667539e+01    3.9635778359e+01    2.9726833769e+01
    3.9991816187e+03    4.4663166367e+03   -6.0540283867e+04    1.2688714015e+02    1.2563402257e+02    1.2573008734e+02    3.2400072970e-01    1.1726978690e-01   -9.1979481689e-02    5.9453667539e+01    3.9635778359e+01    2.9726833769e+01
    3.9991816187e+03    4.4663166367e+03   -6.0540283867e+04    1.2688714015e+02    1.2563402257e+02    1.2573008734e+02    3.2400072970e-01    1.1726978690e-01   -9.1979481689e-02    5.9453667539e+01    3.9635778359e+01    2.9726833769e+01
    3.9991816187e+03    4.4663166367e+03   -6.0540283867e+04    1.2688714015e+02    1.2563402257e+02    1.2573008734e+02    3.2400072970e-01    1.1726978690e-01   -9.1979481689e-02    5.9453667539e+01    3.9635778359e+01    2.9726833769e+01
    3.9991816187e+03    4.4663166367e+03   -6.0540283867e+04    1.2688714015e+02    1.2563402257e+02    1.2573008734e+02    3.2400072970e-01    1.1726978690e-01   -9.1979481689e-02    5.9453667539e+01    3.9635778359e+01    2.9726833769e+01
    3.9991816187e+03    4.4663166367e+03   -6.0540283867e+04    1.2688714015e+02    1.2563402257e+02    1.2573008734e+02    3.2400072970e-01    1.1726978690e-01   -9.1979481689e-02    5.9453667539e+01    3.9635778359e+01    2.9726833769e+01
    3.9991816187e+03    4.4663166367e+03   -6.0540283867e+04    1.2688714015e+02    1.2563402257e+02    1.2573008734e+02    3.2400072970e-01    1.1726978690e-01   -9.1979481689e-02    5.9453667539e+01    3.9635778359e+01    2.9726833769e+01
    3.9991816187e+03    4.4663166367e+03   -6.0540283867e+04    1.2688714015e+02    1.2563402257e+02    1.2573008734e+02    3.2400072970e-01    1.1726978690e-01   -9.1979481689e-02    5.9453667539e+01    3.9635778359e+01    2.9726833769e+01
