    3.9457568378e+03    2.7679279310e+03   -3.7805415989e+04    1.2617907899e+02    1.2660265342e+02    1.2641734275e+02   -5.3014047794e-01    2.3483173215e-01   -1.9712574790e-01    4.9544722949e+01    2.9726833769e+01    2.9726833769e+01
    4.0149773224e+03    2.8164857415e+03   -3.7836962122e+04    1.2684434822e+02    1.2578080941e+02    1.2576247582e+02   -3.2244313628e-01   -1.6398912717e-01   -2.3219718279e-01    4.9544722949e+01    2.9726833769e+01    2.9726833769e+01
    3.9892099341e+03    2.7984100525e+03   -3.7816465825e+04    1.2641617202e+02    1.2630642602e+02    1.2606960038e+02    1.4102549477e-01   -1.6678843432e-01    2.1541589176e-01    4.9544722949e+01    2.9726833769e+01    2.9726833769e+01
    4.0300921274e+03    2.8270886988e+03   -3.7849531090e+04    1.2639461185e+02    1.2605374018e+02    1.2636351034e+02   -2.9569217368e-01    5.0536366442e-02    1.9220195714e-01    4.9544722949e+01    2.9726833769e+01    2.9726833769e+01
    4.0217621928e+03    2.8212452929e+03   -3.7836908033e+04    1.2553835486e+02    1.2681440522e+02    1.2636757495e+02   -1.2388042767e-01   -1.2461794542e-01   -2.0306592751e-01    4.9544722949e+01    2.9726833769e+01    2.9726833769e+01
    4.0348406335e+03    2.8304197511e+03   -3.7850045954e+04    1.2618773369e+02    1.2571876509e+02    1.2653904949e+02    4.3347520807e-02    3.5989860422e-01    2.0678508947e-02    4.9544722949e+01    2.9726833769e+01    2.9726833769e+01
    3.9829193595e+03    2.7939972471e+03   -3.7813732907e+04    1.2714487648e+02    1.2536080839e+02    1.2665181518e+02   -2.4583046708e-01   -3.6334566336e-02    3.1904476074e-02    4.9544722949e+01    2.9726833769e+01    2.9726833769e+01
    3.9807852073e+03    2.7925001504e+03   -3.7815284984e+04    1.2654403929e+02    1.2605153981e+02    1.2606040631e+02   -2.9864008630e-01    2.3838942344e-01    2.0819564509e-01    4.9544722949e+01    2.9726833769e+01    2.9726833769e+01
    4.0103173832e+03    2.8132168184e+03   -3.7833354739e+04    1.2571313568e+02    1.2674223535e+02    1.2602934789e+02    1.0397818307e-01   -2.1777929835e-01   -4.7162094104e-01    4.9544722949e+01    2.9726833769e+01    2.9726833769e+01
    3.9602228952e+03    2.7780757952e+03   -3.7796796015e+04    1.2651526285e+02    1.2632447001e+02    1.2595363025e+02   -6.3761894102e-02    1.9190569732e-01    6.9674573406e-02    4.9544722949e+01    2.9726833769e+01    2.9726833769e+01
    4.0506362943e+03    2.8415003251e+03   -3.7860735564e+04    1.2612461767e+02    1.2593434871e+02    1.2597957979e+02   -2.7032291692e-01   -9.4657954072e-03    1.6032383057e-02    4.9544722949e+01    2.9726833769e+01    2.9726833769e+01
    3.9991383871e+03    2.8053748107e+03   -3.7829005918e+04    1.2681763314e+02    1.2567862968e+02    1.2624082979e+02    1.8671774394e-01    2.2322280888e-01   -1.7533998114e-01    4.9544722949e+01    2.9726833769e+01    2.9726833769e+01
    3.9490137437e+03    2.7702126336e+03   -3.7792132032e+04    1.2647863093e+02    1.2629288969e+02    1.2672419714e+02   -7.7731066255e-02    1.9891266980e-01    6.0873371156e-02    4.9544722949e+01    2.9726833769e+01    2.9726833769e+01
    3.9636072330e+03    2.7804498906e+03   -3.7797005882e+04    1.2668202467e+02    1.2638471847e+02    1.2600016999e+02    1.4637222743e-01    2.6986932488e-01   -6.6526930712e-04    4.9544722949e+01    2.9726833769e+01    2.9726833769e+01
    4.0038594434e+03    2.8086866071e+03   -3.7825312739e+04    1.2605418785e+02    1.2561296661e+02    1.2660610247e+02    2.9282193916e-01    2.9385102256e-01   -5.5940626977e-02    4.9544722949e+01    2.9726833769e+01    2.9726833769e+01
    4.0260953305e+03    2.8242849665e+03   -3.7838032711e+04    1.2652557654e+02    1.2663771834e+02    1.2574183142e+02    8.5278835552e-02   -1.3052998812e-01   -1.0468252706e-01    4.9544722949e+01    2.9726833769e+01    2.9726833769e+01
    4.0637228373e+03    2.8506804671e+03   -3.7869768144e+04    1.2617740500e+02    1.2590108843e+02    1.2540338587e+02   -1.7648365727e-02    3.0192547327e-01   -1.8644262922e-01    4.9544722949e+01    2.9726833769e+01    2.9726833769e+01
    3.9954152723e+03    2.8027630650e+03   -3.7822601306e+04    1.2591948602e+02    1.2589363631e+02    1.2604996681e+02   -1.2685261101e-01    1.7935204547e-02   -2.2554904170e-02    4.9544722949e+01    2.9726833769e+01    2.9726833769e+01
    3.9961427384e+03    2.8032733787e+03   -3.7818909651e+04    1.2674009912e+02    1.2616083084e+02    1.2621329161e+02   -1.6596528226e-01    1.8331104999e-01    7.9774044203e-02    4.9544722949e+01    2.9726833769e+01    2.9726833769e+01
    3.9940153893e+03    2.8017810543e+03   -3.7825102565e+04    1.2657513356e+02    1.2647054833e+02    1.2549336489e+02   -1.8475093059e-01    1.7857224930e-01   -3.9609206997e-01    4.9544722949e+01    2.9726833769e+01    2.9726833769e+01
    4.0455316028e+03    2.8379194106e+03   -3.7858038027e+04    1.2585426295e+02    1.2618673059e+02    1.2646365098e+02   -3.6206219014e-01    1.3547949184e-01   -2.7721098128e-01    4.9544722949e+01    2.9726833769e+01    2.9726833769e+01
    3.9720777565e+03    2.7863919188e+03   -3.7804947039e+04    1.2721424217e+02    1.2602155264e+02    1.2645133758e+02   -3.2050271875e-01   -1.7224944167e-01    2.3425427674e-01    4.9544722949e+01    2.9726833769e+01    2.9726833769e+01
    4.0101948386e+03    2.8131308540e+03   -3.7836097332e+04    1.2625478025e+02    1.2607965020e+02    1.2630326429e+02    3.0602667249e-02    1.4729229581e-01    2.9258789357e-02    4.9544722949e+01    2.9726833769e+01    2.9726833769e+01
    3.9895723285e+03    2.7986642703e+03   -3.7817923500e+04    1.2744006039e+02    1.2557880649e+02    1.2575258932e+02   -4.9889904756e-03   -7.4686945340e-02    2.7961373563e-01    4.9544722949e+01    2.9726833769e+01    2.9726833769e+01
    3.9752977416e+03    2.7886507216e+03   -3.7809632846e+04    1.2641650642e+02    1.2641939061e+02    1.2613281968e+02    9.3612339729e-02   -5.7190889695e-02   -3.9887362502e-01    4.9544722949e+01    2.9726833769e+01    2.9726833769e+01
    3.9529651542e+03    2.7729845276e+03   -3.7794739714e+04    1.2663075595e+02    1.2597346565e+02    1.2665977704e+02    4.0585901063e-02   -3.0724374835e-01   -4.9002299397e-02    4.9544722949e+01    2.9726833769e+01    2.9726833769e+01
    4.0004461331e+03    2.8062921877e+03   -3.7827249525e+04    1.2661915087e+02    1.2613315138e+02    1.2622035226e+02    1.4895808804e-02    1.4928476173e-03    1.8519234246e-01    4.9544722949e+01    2.9726833769e+01    2.9726833769e+01
    3.9898783147e+03    2.7988789180e+03   -3.7821400963e+04    1.2669912836e+02    1.2637355098e+02    1.2647954266e+02    1.3548393842e-01    8.8584502320e-02   -1.2294611764e-01    4.9544722949e+01    2.9726833769e+01    2.9726833769e+01
    3.9517022108e+03    2.7720985794e+03   -3.7793935076e+04    1.2744785707e+02    1.2641370404e+02    1.2612300348e+02    2.7308431430e-01    1.6293353018e-01    2.9642933783e-01    4.9544722949e+01    2.9726833769e+01    2.9726833769e+01
    3.9974765643e+03    2.8042090506e+03   -3.7824329244e+04    1.2711337274e+02    1.2582315139e+02    1.2558339781e+02    1.1285965819e-01    1.2118863598e-01    3.1697640143e-02    4.9544722949e+01    2.9726833769e+01    2.9726833769e+01
    3.9279966959e+03    2.7554692837e+03   -3.7775772255e+04    1.2731066626e+02    1.2606680510e+02    1.2655754476e+02    2.3310585705e-01   -2.6595964425e-01    1.2557783999e-01    4.9544722949e+01    2.9726833769e+01    2.9726833769e+01
    4.0552821042e+03    2.8447593367e+03   -3.7861893828e+04    1.2631092332e+02    1.2539582309e+02    1.2602970260e+02    2.4348189157e-01   -1.6825472365e-01   -1.7850106018e-02    4.9544722949e+01    2.9726833769e+01    2.9726833769e+01
    3.9436049385e+03    2.7664183849e+03   -3.7787214444e+04    1.2708045055e+02    1.2616943670e+02    1.2617436766e+02   -1.9237813530e-01   -6.6792246462e-02    7.9411182671e-02    4.9544722949e+01    2.9726833769e+01    2.9726833769e+01
    3.9644695949e+03    2.7810548330e+03   -3.7802081930e+04    1.2612468147e+02    1.2635888832e+02    1.2672426445e+02   -3.9522870466e-01    1.6849246839e-01    1.6651803710e-01    4.9544722949e+01    2.9726833769e+01    2.9726833769e+01
    4.0176973283e+03    2.8183938116e+03   -3.7840064947e+04    1.2657920094e+02    1.2493293629e+02    1.2594859799e+02   -1.0257459854e-01    2.0458309111e-01   -9.5143432577e-02    4.9544722949e+01    2.9726833769e+01    2.9726833769e+01
    4.0039745004e+03    2.8087673190e+03   -3.7829737573e+04    1.2638391860e+02    1.2618516159e+02    1.2598491640e+02    8.4153639712e-02    9.7405665907e-02    1.1859948209e-02    4.9544722949e+01    2.9726833769e+01    2.9726833769e+01
    4.0237360487e+03    2.8226299426e+03   -3.7845148062e+04    1.2626896811e+02    1.2624772104e+02    1.2575387213e+02   -7.7634398271e-02   -1.4934629777e-01    2.3363670079e-01    4.9544722949e+01    2.9726833769e+01    2.9726833769e+01
    4.0055856586e+03    2.8098975382e+03   -3.7831520329e+04    1.2653832504e+02    1.2595839757e+02    1.2620860399e+02    2.0119659898e-02   -4.4797266178e-01   -1.1049127316e-01    4.9544722949e+01    2.9726833769e+01    2.9726833769e+01
    3.9831483079e+03    2.7941578531e+03   -3.7813554489e+04    1.2686813745e+02    1.2632890295e+02    1.2593514383e+02   -4.0052295093e-01    1.2945431285e-01   -9.8286098557e-02    4.9544722949e+01    2.9726833769e+01    2.9726833769e+01
    4.0346742010e+03    2.8303029996e+03   -3.7850559616e+04    1.2727808047e+02    1.2521931381e+02    1.2649374637e+02   -6.7573203713e-02    2.9480229889e-01    2.7823005516e-01    4.9544722949e+01    2.9726833769e+01    2.9726833769e+01
    4.0057223494e+03    2.8099934261e+03   -3.7831051036e+04    1.2658181551e+02    1.2599075652e+02    1.2604459207e+02   -1.3207210034e-01    1.7409583304e-01    7.6688398810e-02    4.9544722949e+01    2.9726833769e+01    2.9726833769e+01
    3.9555982163e+03    2.7748316070e+03   -3.7793573001e+04    1.2615376413e+02    1.2637450599e+02    1.2576239916e+02    1.5670807028e-01   -2.1831673808e-01    1.4136572813e-01    4.9544722949e+01    2.9726833769e+01    2.9726833769e+01
    3.9821735081e+03    2.7934740361e+03   -3.7808822460e+04    1.2695040779e+02    1.2590641567e+02    1.2628186883e+02    3.3831242863e-01   -1.3972835957e-01    1.3230359918e-01    4.9544722949e+01    2.9726833769e+01    2.9726833769e+01
    4.0213481239e+03    2.8209548257e+03   -3.7842722875e+04    1.2690581010e+02    1.2551127330e+02    1.2592172767e+02   -1.9724038483e-01   -8.9628117868e-02    1.2194615171e-02    4.9544722949e+01    2.9726833769e+01    2.9726833769e+01
    4.0470601088e+03    2.8389916496e+03   -3.7859708967e+04    1.2607357132e+02    1.2639308325e+02    1.2566269894e+02    3.4987358249e-01    1.0633180318e-01   -2.0734279602e-01    4.9544722949e+01    2.9726833769e+01    2.9726833769e+01
    4.0312964371e+03    2.8279335158e+03   -3.7842465170e+04    1.2676905364e+02    1.2566408908e+02    1.2582807032e+02    1.8668035139e-01   -1.7288913468e-01   -7.9332230602e-02    4.9544722949e+01    2.9726833769e+01    2.9726833769e+01
    4.0320106623e+03    2.8284345411e+03   -3.7848943124e+04    1.2670077497e+02    1.2552586741e+02    1.2591567713e+02    6.3338186494e-02   -1.8499562336e-01    1.5960163334e-01    4.9544722949e+01    2.9726833769e+01    2.9726833769e+01
    4.0137154222e+03    2.8156005251e+03   -3.7832871328e+04    1.2623380831e+02    1.2639828130e+02    1.2551515968e+02   -7.2909312056e-02   -1.8973538594e-01    1.2362753508e-01    4.9544722949e+01    2.9726833769e+01    2.9726833769e+01
    3.9807592879e+03    2.7924819680e+03   -3.7813269878e+04    1.2625137860e+02    1.2640812552e+02    1.2605637418e+02    2.0765701054e-01   -5.9696275846e-02    3.7976763264e-02    4.9544722949e+01    2.9726833769e+01    2.9726833769e+01
    4.0084360757e+03    2.8118970910e+03   -3.7831353959e+04    1.2649413571e+02    1.2553383170e+02    1.2629361578e+02   -2.8994469499e-01   -9.7110871661e-02    2.1886322204e-01    4.9544722949e+01    2.9726833769e+01    2.9726833769e+01
    4.0625482519e+03    2.8498565016e+03   -3.7866733123e+04    1.2611866982e+02    1.2580237739e+02    1.2601371804e+02   -2.4149962478e-01   -6.8845101395e-02    2.4354931756e-02    4.9544722949e+01    2.9726833769e+01    2.9726833769e+01
    4.0105035344e+03    2.8133474025e+03   -3.7833541497e+04    1.2611465198e+02    1.2637735833e+02    1.2586638923e+02    1.4675822529e-01    4.1739485321e-01   -1.1513999304e-01    4.9544722949e+01    2.9726833769e+01    2.9726833769e+01
    3.9457035424e+03    2.7678905446e+03   -3.7785134124e+04    1.2685968405e+02    1.2601545533e+02    1.2601451670e+02   -1.0770091963e-01   -5.4337394650e-02    9.3904291168e-02    4.9544722949e+01    2.9726833769e+01    2.9726833769e+01
    3.9611477109e+03    2.7787245487e+03   -3.7800776355e+04    1.2699385691e+02    1.2604649397e+02    1.2646143816e+02   -3.7880210954e-01   -9.7334870819e-02   -1.0000922009e-01    4.9544722949e+01    2.9726833769e+01    2.9726833769e+01
    4.0325731404e+03    2.8288291165e+03   -3.7849336615e+04    1.2641831254e+02    1.2608571360e+02    1.2573690433e+02    2.4873098355e-01    1.1660905642e-01   -4.7224369085e-03    4.9544722949e+01    2.9726833769e+01    2.9726833769e+01
    3.9533622504e+03    2.7732630885e+03   -3.7790524926e+04    1.2633670316e+02    1.2615189910e+02    1.2683061814e+02    1.6522363032e-01    1.6972269897e-01   -1.4707555595e-01    4.9544722949e+01    2.9726833769e+01    2.9726833769e+01
    4.0476666924e+03    2.8394171648e+03   -3.7864891381e+04    1.2590031494e+02    1.2618958389e+02    1.2585348119e+02    8.9134576270e-02    1.7473765607e-01    1.7080890380e-02    4.9544722949e+01    2.9726833769e+01    2.9726833769e+01
    3.9931445231e+03    2.8011701462e+03   -3.7821444879e+04    1.2654539664e+02    1.2584228061e+02    1.2599751066e+02   -4.2058278226e-02    6.9133392244e-02    1.5503893352e-02    4.9544722949e+01    2.9726833769e+01    2.9726833769e+01
    4.0121112776e+03    2.8144752260e+03   -3.7837188988e+04    1.2574185100e+02    1.2610827737e+02    1.2639461606e+02    8.7776935858e-02   -2.1359247089e-01   -4.3545050986e-01    4.9544722949e+01    2.9726833769e+01    2.9726833769e+01
    3.9742313318e+03    2.7879026407e+03   -3.7808264225e+04    1.2619727945e+02    1.2630192529e+02    1.2617173733e+02    3.4377135189e-01   -6.6185052836e-02   -3.3123748496e-01    4.9544722949e+01    2.9726833769e+01    2.9726833769e+01
    3.9746717739e+03    2.7882116086e+03   -3.7805678241e+04    1.2660426846e+02    1.2581535197e+02    1.2625511134e+02   -1.1611031189e-01   -3.5902540225e-02    2.2460881802e-01    4.9544722949e+01    2.9726833769e+01    2.9726833769e+01
    4.0135736303e+03    2.8155010588e+03   -3.7835459630e+04    1.2674214459e+02    1.2549670438e+02    1.2600129374e+02    2.5433503888e-01    3.9917792991e-02    3.5769880970e-01    4.9544722949e+01    2.9726833769e+01    2.9726833769e+01
    4.0207014817e+03    2.8205012095e+03   -3.7836328262e+04    1.2646097379e+02    1.2587961483e+02    1.2593848007e+02   -9.8138324046e-02    1.3820225482e-01    1.9002810488e-01    4.9544722949e+01    2.9726833769e+01    2.9726833769e+01
    4.0163511496e+03    2.8174494742e+03   -3.7837963202e+04    1.2624271559e+02    1.2610594335e+02    1.2598296720e+02    2.0522013305e-01   -2.8909787567e-01   -9.3995170958e-02    4.9544722949e+01    2.9726833769e+01    2.9726833769e+01
    3.9414914691e+03    2.7649357971e+03   -3.7784060436e+04    1.2658690182e+02    1.2645995257e+02    1.2646016059e+02   -3.9682180050e-02   -1.6040657201e-01   -1.7124378539e-01    4.9544722949e+01    2.9726833769e+01    2.9726833769e+01
    3.9666475116e+03    2.7825826303e+03   -3.7803506053e+04    1.2664747766e+02    1.2587890013e+02    1.2637437257e+02   -3.2524581704e-01   -1.4815309300e-01    4.1947711064e-02    4.9544722949e+01    2.9726833769e+01    2.9726833769e+01
    4.0377004092e+03    2.8324258690e+03   -3.7850240426e+04    1.2622779712e+02    1.2602187467e+02    1.2588809562e+02    2.0757452958e-01   -2.5161145356e-01   -2.1363296245e-01    4.9544722949e+01    2.9726833769e+01    2.9726833769e+01
    4.0198542096e+03    2.8199068526e+03   -3.7837311001e+04    1.2632868709e+02    1.2611390115e+02    1.2559458117e+02   -2.2341152592e-01    1.2682005133e-01   -8.2386998435e-02    4.9544722949e+01    2.9726833769e+01    2.9726833769e+01
    3.9659995419e+03    2.7821280829e+03   -3.7802026280e+04    1.2652159695e+02    1.2619573169e+02    1.2600436678e+02    1.7535019475e-01    8.1688865456e-02    2.2546480029e-01    4.9544722949e+01    2.9726833769e+01    2.9726833769e+01
    3.9874279311e+03    2.7971599866e+03   -3.7817548669e+04    1.2600352720e+02    1.2637647101e+02    1.2643883877e+02   -2.5762837016e-01    2.8582404908e-02    3.6578616318e-01    4.9544722949e+01    2.9726833769e+01    2.9726833769e+01
    4.0024495522e+03    2.8076975758e+03   -3.7826876201e+04    1.2660698111e+02    1.2563965520e+02    1.2661158598e+02    6.2766982512e-02    2.0565414043e-01    1.9862927154e-01    4.9544722949e+01    2.9726833769e+01    2.9726833769e+01
    4.0419512391e+03    2.8354078040e+03   -3.7856132440e+04    1.2661198561e+02    1.2567827948e+02    1.2586740573e+02    1.2013908019e-02   -4.1675525231e-02   -6.0731411450e-02    4.9544722949e+01    2.9726833769e+01    2.9726833769e+01
    3.9930121157e+03    2.8010772631e+03   -3.7820675039e+04    1.2686697730e+02    1.2591927739e+02    1.2633252782e+02    1.8687459042e-01   -1.1950804913e-02   -4.3612832537e-02    4.9544722949e+01    2.9726833769e+01    2.9726833769e+01
    4.0155646327e+03    2.8168977367e+03   -3.7840038100e+04    1.2698629148e+02    1.2588841118e+02    1.2589180644e+02    3.8551107662e-02   -1.2478956693e-01   -3.0799415561e-01    4.9544722949e+01    2.9726833769e+01    2.9726833769e+01
    3.9953776869e+03    2.8027366990e+03   -3.7827245041e+04    1.2680525982e+02    1.2631487649e+02    1.2641357553e+02   -8.6416473961e-02   -1.8288267434e-02   -3.7929014967e-01    4.9544722949e+01    2.9726833769e+01    2.9726833769e+01
    4.0039357958e+03    2.8087401680e+03   -3.7826762990e+04    1.2617864162e+02    1.2666722855e+02    1.2609217025e+02    2.0736517040e-01    2.4725212903e-01   -3.1273139416e-01    4.9544722949e+01    2.9726833769e+01    2.9726833769e+01
    3.9719323127e+03    2.7862898907e+03   -3.7804080245e+04    1.2662074972e+02    1.2604085794e+02    1.2634826754e+02    1.2723560627e-01    1.0886413055e-01    1.8831553672e-01    4.9544722949e+01    2.9726833769e+01    2.9726833769e+01
    4.0039434536e+03    2.8087455399e+03   -3.7825688868e+04    1.2661473555e+02    1.2628685729e+02    1.2615651946e+02    6.0227589661e-01   -8.8016147835e-02    2.7825216491e-01    4.9544722949e+01    2.9726833769e+01    2.9726833769e+01
    3.9801474456e+03    2.7920527638e+03   -3.7815081584e+04    1.2655890918e+02    1.2627540272e+02    1.2609726691e+02    3.8859852404e-02   -1.0478081922e-01    1.2512282796e-01    4.9544722949e+01    2.9726833769e+01    2.9726833769e+01
    3.9946846066e+03    2.8022505068e+03   -3.7821881876e+04    1.2674287495e+02    1.2600259522e+02    1.2607816950e+02   -7.0525129103e-02   -3.4720646190e-01   -4.3746748041e-02    4.9544722949e+01    2.9726833769e+01    2.9726833769e+01
    4.0440774306e+03    2.8368993163e+03   -3.7857449052e+04    1.2631889959e+02    1.2610226965e+02    1.2591611298e+02    9.1459577889e-02   -2.4602129997e-01   -3.0035890136e-01    4.9544722949e+01    2.9726833769e+01    2.9726833769e+01
    3.9694658856e+03    2.7845597050e+03   -3.7802947666e+04    1.2724804589e+02    1.2606135658e+02    1.2622402356e+02    4.0045277952e-01    1.7555116255e-02    9.3269581888e-02    4.9544722949e+01    2.9726833769e+01    2.9726833769e+01
    4.0318832860e+03    2.8283451872e+03   -3.7847997721e+04    1.2583563680e+02    1.2611808006e+02    1.2605848792e+02   -1.0371602531e-01    6.9667453896e-02   -2.7188508275e-01    4.9544722949e+01    2.9726833769e+01    2.9726833769e+01
    3.9597554795e+03    2.7777479055e+03   -3.7796315660e+04    1.2642308731e+02    1.2658664457e+02    1.2636352098e+02   -5.3475921596e-01   -1.0880862035e-02    1.6683357929e-02    4.9544722949e+01    2.9726833769e+01    2.9726833769e+01
    3.9886260230e+03    2.7980004419e+03   -3.7816114296e+04    1.2631221097e+02    1.2632902820e+02    1.2598767820e+02    1.4850997470e-01   -1.4184952699e-01    8.1577396033e-03    4.9544722949e+01    2.9726833769e+01    2.9726833769e+01
    3.9874558971e+03    2.7971796046e+03   -3.7813261452e+04    1.2689198064e+02    1.2622250154e+02    1.2591645934e+02   -3.1662279597e-01   -1.1044176338e-01    2.9469631281e-02    4.9544722949e+01    2.9726833769e+01    2.9726833769e+01
    3.9679132187e+03    2.7834705172e+03   -3.7804088524e+04    1.2591777986e+02    1.2642552675e+02    1.2612227891e+02   -1.8606401583e-01    1.4198881193e-01    2.8044434927e-01    4.9544722949e+01    2.9726833769e+01    2.9726833769e+01
    3.9938574923e+03    2.8016702904e+03   -3.7820075391e+04    1.2678085709e+02    1.2550400955e+02    1.2631001827e+02    2.8229188605e-02    3.4933854573e-02   -4.7527586490e-02    4.9544722949e+01    2.9726833769e+01    2.9726833769e+01
    4.0093655744e+03    2.8125491295e+03   -3.7831803578e+04    1.2657210757e+02    1.2561384393e+02    1.2616106041e+02   -2.2033529653e-01   -1.3406854686e-01   -2.3670679664e-01    4.9544722949e+01    2.9726833769e+01    2.9726833769e+01
    3.9790345327e+03    2.7912720612e+03   -3.7810901395e+04    1.2701265073e+02    1.2628369191e+02    1.2600548329e+02    2.3054050515e-01   -4.1282615784e-02   -4.3280285759e-01    4.9544722949e+01    2.9726833769e+01    2.9726833769e+01
    4.0484106897e+03    2.8399390751e+03   -3.7859569389e+04    1.2686403566e+02    1.2600704471e+02    1.2611093789e+02   -2.0219673278e-01   -2.7797154943e-01   -5.4589151890e-02    4.9544722949e+01    2.9726833769e+01    2.9726833769e+01
    4.0052018343e+03    2.8096282874e+03   -3.7826071067e+04    1.2645414705e+02    1.2593873358e+02    1.2604751670e+02   -3.8032884749e-02    1.6246134152e-01   -1.9522949484e-01    4.9544722949e+01    2.9726833769e+01    2.9726833769e+01
    3.9805776792e+03    2.7923545705e+03   -3.7810400656e+04    1.2725843320e+02    1.2552664599e+02    1.2655743057e+02    3.1068533394e-01   -4.0715190948e-02   -1.4954687904e-01    4.9544722949e+01    2.9726833769e+01    2.9726833769e+01
    4.0079937125e+03    2.8115867755e+03   -3.7830982005e+04    1.2659979968e+02    1.2623776020e+02    1.2611323106e+02   -5.6925291335e-02    2.9634751012e-01   -7.3782079062e-02    4.9544722949e+01    2.9726833769e+01    2.9726833769e+01
    3.9842463487e+03    2.7949281231e+03   -3.7817282385e+04    1.2633533065e+02    1.2566990618e+02    1.2635640740e+02   -2.0432724243e-03   -1.5806982593e-01   -1.8330053438e-01    4.9544722949e+01    2.9726833769e+01    2.9726833769e+01
    4.0150244576e+03    2.8165188067e+03   -3.7833889052e+04    1.2659299500e+02    1.2617585791e+02    1.2602274864e+02    1.1947179298e-01   -1.8796079365e-01   -9.2493109390e-02    4.9544722949e+01    2.9726833769e+01    2.9726833769e+01
    4.0328300745e+03    2.8290093544e+03   -3.7847004782e+04    1.2610407471e+02    1.2559942296e+02    1.2642265828e+02   -3.1932187240e-01   -6.7008665453e-03   -3.7351269136e-02    4.9544722949e+01    2.9726833769e+01    2.9726833769e+01
    3.9561491274e+03    2.7752180682e+03   -3.7794097350e+04    1.2693891149e+02    1.2633305751e+02    1.2640842645e+02   -5.5992487448e-01   -3.8262053354e-01    2.6941931694e-01    4.9544722949e+01    2.9726833769e+01    2.9726833769e+01
    4.0275201174e+03    2.8252844471e+03   -3.7848908707e+04    1.2594190698e+02    1.2594813617e+02    1.2626570205e+02   -4.2328316169e-02    7.7341524835e-02   -1.0122354237e-02    4.9544722949e+01    2.9726833769e+01    2.9726833769e+01
    3.9716274216e+03    2.7860760113e+03   -3.7802946581e+04    1.2677470338e+02    1.2644548298e+02    1.2619666329e+02    1.7348313419e-01   -3.3579397953e-01   -1.9435114607e-01    4.9544722949e+01    2.9726833769e+01    2.9726833769e+01
    3.9716274216e+03    2.7860760113e+03   -3.7802946581e+04    1.2677470338e+02    1.2644548298e+02    1.2619666329e+02    1.7348313419e-01   -3.3579397953e-01   -1.9435114607e-01    4.9544722949e+01    2.9726833769e+01    2.9726833769e+01
    3.9716274216e+03    2.7860760113e+03   -3.7802946581e+04    1.2677470338e+02    1.2644548298e+02    1.2619666329e+02    1.7348313419e-01   -3.3579397953e-01   -1.9435114607e-01    4.9544722949e+01    2.9726833769e+01    2.9726833769e+01
    3.9716274216e+03    2.7860760113e+03   -3.7802946581e+04    1.2677470338e+02    1.2644548298e+02    1.2619666329e+02    1.7348313419e-01   -3.3579397953e-01   -1.9435114607e-01    4.9544722949e+01    2.9726833769e+01    2.9726833769e+01
    3.9716274216e+03    2.7860760113e+03   -3.7802946581e+04    1.2677470338e+02    1.2644548298e+02    1.2619666329e+02    1.7348313419e-01   -3.3579397953e-01   -1.9435114607e-01    4.9544722949e+01    2.9726833769e+01    2.9726833769e+01
    3.9716274216e+03    2.7860760113e+03   -3.7802946581e+04    1.2677470338e+02    1.2644548298e+02    1.2619666329e+02    1.7348313419e-01   -3.3579397953e-01   -1.9435114607e-01    4.9544722949e+01    2.9726833769e+01    2.9726833769e+01
    3.9716274216e+03    2.7860760113e+03   -3.7802946581e+04    1.2677470338e+02    1.2644548298e+02    1.2619666329e+02    1.7348313419e-01   -3.3579397953e-01   -1.9435114607e-01    4.9544722949e+01    2.9726833769e+01    2.9726833769e+01
    3.9716274216e+03    2.7860760113e+03   -3.7802946581e+04    1.2677470338e+02    1.2644548298e+02    1.2619666329e+02    1.7348313419e-01   -3.3579397953e-01   -1.9435114607e-01    4.9544722949e+01    2.9726833769e+01    2.9726833769e+01
    3.9716274216e+03    2.7860760113e+03   -3.7802946581e+04    1.2677470338e+02    1.2644548298e+02    1.2619666329e+02    1.7348313419e-01   -3.3579397953e-01   -1.9435114607e-01    4.9544722949e+01    2.9726833769e+01    2.9726833769e+01
    3.9716274216e+03    2.7860760113e+03   -3.7802946581e+04    1.2677470338e+02    1.2644548298e+02    1.2619666329e+02    1.7348313419e-01   -3.3579397953e-01   -1.9435114607e-01    4.9544722949e+01    2.9726833769e+01    2.9726833769e+01
    3.9716274216e+03    2.7860760113e+03   -3.7802946581e+04    1.2677470338e+02    1.2644548298e+02    1.2619666329e+02    1.7348313419e-01   -3.3579397953e-01   -1.9435114607e-01    4.9544722949e+01    2.9726833769e+01    2.9726833769e+01
    3.9716274216e+03    2.7860760113e+03   -3.7802946581e+04    1.2677470338e+02    1.2644548298e+02    1.2619666329e+02    1.7348313419e-01   -3.3579397953e-01   -1.9435114607e-01    4.9544722949e+01    2.9726833769e+01    2.9726833769e+01
    3.9716274216e+03    2.7860760113e+03   -3.7802946581e+04    1.2677470338e+02    1.2644548298e+02    1.2619666329e+02    1.7348313419e-01   -3.3579397953e-01   -1.9435114607e-01    4.9544722949e+01    2.9726833769e+01    2.9726833769e+01
    3.9716274216e+03    2.7860760113e+03   -3.7802946581e+04    1.2677470338e+02    1.2644548298e+02    1.2619666329e+02    1.7348313419e-01   -3.3579397953e-01   -1.9435114607e-01    4.9544722949e+01    2.9726833769e+01    2.9726833769e+01
    3.9716274216e+03    2.7860760113e+03   -3.7802946581e+04    1.2677470338e+02    1.2644548298e+02    1.2619666329e+02    1.7348313419e-01   -3.3579397953e-01   -1.9435114607e-01    4.9544722949e+01    2.9726833769e+01    2.9726833769e+01
    3.9716274216e+03    2.7860760113e+03   -3.7802946581e+04    1.2677470338e+02    1.2644548298e+02    1.2619666329e+02    1.7348313419e-01   -3.3579397953e-01   -1.9435114607e-01    4.9544722949e+01    2.9726833769e+01    2.9726833769e+01
    3.9716274216e+03    2.7860760113e+03   -3.7802946581e+04    1.2677470338e+02    1.2644548298e+02    1.2619666329e+02    1.7348313419e-01   -3.3579397953e-01   -1.9435114607e-01    4.9544722949e+01    2.9726833769e+01    2.9726833769e+01
    3.9716274216e+03    2.7860760113e+03   -3.7802946581e+04    1.2677470338e+02    1.2644548298e+02    1.2619666329e+02    1.7348313419e-01   -3.3579397953e-01   -1.9435114607e-01    4.9544722949e+01    2.9726833769e+01    2.9726833769e+01
    3.9716274216e+03    2.7860760113e+03   -3.7802946581e+04    1.2677470338e+02    1.2644548298e+02    1.2619666329e+02    1.7348313419e-01   -3.3579397953e-01   -1.9435114607e-01    4.9544722949e+01    2.9726833769e+01    2.9726833769e+01
    3.9716274216e+03    2.7860760113e+03   -3.7802946581e+04    1.2677470338e+02    1.2644548298e+02    1.2619666329e+02    1.7348313419e-01   -3.3579397953e-01   -1.9435114607e-01    4.9544722949e+01    2.9726833769e+01    2.9726833769e+01
    3.9716274216e+03    2.7860760113e+03   -3.7802946581e+04    1.2677470338e+02    1.2644548298e+02    1.2619666329e+02    1.7348313419e-01   -3.3579397953e-01   -1.9435114607e-01    4.9544722949e+01    2.9726833769e+01    2.9726833769e+01
    3.9716274216e+03    2.7860760113e+03   -3.7802946581e+04    1.2677470338e+02    1.2644548298e+02    1.2619666329e+02    1.7348313419e-01   -3.3579397953e-01   -1.9435114607e-01    4.9544722949e+01    2.9726833769e+01    2.9726833769e+01
    3.9716274216e+03    2.7860760113e+03   -3.7802946581e+04    1.2677470338e+02    1.2644548298e+02    1.2619666329e+02    1.7348313419e-01   -3.3579397953e-01   -1.9435114607e-01    4.9544722949e+01    2.9726833769e+01    2.9726833769e+01
    3.9716274216e+03    2.7860760113e+03   -3.7802946581e+04    1.2677470338e+02    1.2644548298e+02    1.2619666329e+02    1.7348313419e-01   -3.3579397953e-01   -1.9435114607e-01    4.9544722949e+01    2.9726833769e+01    2.9726833769e+01
    3.9716274216e+03    2.7860760113e+03   -3.7802946581e+04    1.2677470338e+02    1.2644548298e+02    1.2619666329e+02    1.7348313419e-01   -3.3579397953e-01   -1.9435114607e-01    4.9544722949e+01    2.9726833769e+01    2.9726833769e+01
    3.9716274216e+03    2.7860760113e+03   -3.7802946581e+04    1.2677470338e+02    1.2644548298e+02    1.2619666329e+02    1.7348313419e-01   -3.3579397953e-01   -1.9435114607e-01    4.9544722949e+01    2.9726833769e+01    2.9726833769e+01
    3.9716274216e+03    2.7860760113e+03   -3.7802946581e+04    1.2677470338e+02    1.2644548298e+02    1.2619666329e+02    1.7348313419e-01   -3.3579397953e-01   -1.9435114607e-01    4.9544722949e+01    2.9726833769e+01    2.9726833769e+01
    3.9716274216e+03    2.7860760113e+03   -3.7802946581e+04    1.2677470338e+02    1.2644548298e+02    1.2619666329e+02    1.7348313419e-01   -3.3579397953e-01   -1.9435114607e-01    4.9544722949e+01    2.9726833769e+01    2.9726833769e+01
    3.9716274216e+03    2.7860760113e+03   -3.7802946581e+04    1.2677470338e+02    1.2644548298e+02    1.2619666329e+02    1.7348313419e-01   -3.3579397953e-01   -1.9435114607e-01    4.9544722949e+01    2.9726833769e+01    2.9726833769e+01
    3.9716274216e+03    2.7860760113e+03   -3.7802946581e+04    1.2677470338e+02    1.2644548298e+02    1.2619666329e+02    1.7348313419e-01   -3.3579397953e-01   -1.9435114607e-01    4.9544722949e+01    2.9726833769e+01    2.9726833769e+01
    3.9716274216e+03    2.7860760113e+03   -3.7802946581e+04    1.2677470338e+02    1.2644548298e+02    1.2619666329e+02    1.7348313419e-01   -3.3579397953e-01   -1.9435114607e-01    4.9544722949e+01    2.9726833769e+01    2.9726833769e+01
