    2.9834891967e+03    2.4989876752e+03   -4.6241122601e+04    1.2019984525e+02    1.1968529990e+02    1.1959921870e+02    1.7468020735e-02   -1.0145125132e-01    1.0614680838e-01    5.9453667539e+01    2.9726833769e+01    2.9726833769e+01
    2.9430791924e+03    2.4651400236e+03   -4.6195172857e+04    1.2042202964e+02    1.1991379367e+02    1.2013461688e+02    1.0322366960e-01   -3.9900921144e-01   -6.5450232333e-03    5.9453667539e+01    2.9726833769e+01    2.9726833769e+01
    3.0026230452e+03    2.5150142965e+03   -4.6240086227e+04    1.2017639959e+02    1.2001491077e+02    1.1945204872e+02   -4.6378516239e-02   -2.0022999652e-01    5.4576221382e-02    5.9453667539e+01    2.9726833769e+01    2.9726833769e+01
    3.0202655341e+03    2.5297917465e+03   -4.6256031353e+04    1.2020773724e+02    1.1948921166e+02    1.1965659999e+02   -6.6396640938e-02   -7.4128670494e-02   -3.9994789610e-02    5.9453667539e+01    2.9726833769e+01    2.9726833769e+01
    2.9940297238e+03    2.5078164812e+03   -4.6234495671e+04    1.2002810387e+02    1.1950682667e+02    1.1987202688e+02   -4.6995849003e-02   -1.0964684549e-01    1.3189566179e-01    5.9453667539e+01    2.9726833769e+01    2.9726833769e+01
    2.9877353781e+03    2.5025443011e+03   -4.6231138573e+04    1.1990512641e+02    1.1970016541e+02    1.2027217509e+02    2.2754445609e-01   -4.2834550774e-02   -4.3750426524e-02    5.9453667539e+01    2.9726833769e+01    2.9726833769e+01
    2.9829925154e+03    2.4985716521e+03   -4.6227487199e+04    1.1998237675e+02    1.1976632491e+02    1.2016217175e+02    9.2113079963e-02   -1.4342330679e-02    1.9859577168e-01    5.9453667539e+01    2.9726833769e+01    2.9726833769e+01
    3.0104304190e+03    2.5215537976e+03   -4.6249997315e+04    1.2016162856e+02    1.1932397065e+02    1.1975513018e+02   -1.9346385900e-01   -3.5381327997e-02   -2.3584821799e-02    5.9453667539e+01    2.9726833769e+01    2.9726833769e+01
    3.0042508009e+03    2.5163777140e+03   -4.6245175406e+04    1.1977350095e+02    1.2008057136e+02    1.1991858196e+02    2.4355352568e-02   -2.3843919153e-01   -1.4496367736e-01    5.9453667539e+01    2.9726833769e+01    2.9726833769e+01
    3.0554036914e+03    2.5592236687e+03   -4.6289607093e+04    1.1942326790e+02    1.1971336459e+02    1.1932042422e+02   -1.2709639705e-01   -3.9190341913e-03   -1.0762291722e-01    5.9453667539e+01    2.9726833769e+01    2.9726833769e+01
    3.0142532352e+03    2.5247558104e+03   -4.6252111614e+04    1.1977234577e+02    1.1946057672e+02    1.2003414512e+02    1.0986429844e-01   -1.6045666872e-02    6.1902561647e-02    5.9453667539e+01    2.9726833769e+01    2.9726833769e+01
    2.9902405036e+03    2.5046426086e+03   -4.6229939888e+04    1.2009371867e+02    1.1982587017e+02    1.1943553840e+02    2.6922568644e-02    1.4240161750e-01    1.9397528921e-01    5.9453667539e+01    2.9726833769e+01    2.9726833769e+01
    2.9817444963e+03    2.4975263041e+03   -4.6225983643e+04    1.1968763320e+02    1.1987280196e+02    1.1994143783e+02    1.3960066034e-01    2.3417460156e-01   -8.1794025127e-02    5.9453667539e+01    2.9726833769e+01    2.9726833769e+01
    2.9682116154e+03    2.4861910854e+03   -4.6214800295e+04    1.2018239455e+02    1.1974736936e+02    1.2024559654e+02   -9.7042887360e-02    9.9948936614e-02   -2.0753199989e-02    5.9453667539e+01    2.9726833769e+01    2.9726833769e+01
    3.0187171665e+03    2.5284948249e+03   -4.6257278512e+04    1.2033004119e+02    1.1926543811e+02    1.1946421913e+02   -3.0701645479e-01   -1.6811723899e-01   -1.0362407286e-02    5.9453667539e+01    2.9726833769e+01    2.9726833769e+01
    3.0000715993e+03    2.5128771908e+03   -4.6238702789e+04    1.2039063245e+02    1.1970636786e+02    1.1963025155e+02   -1.3195783826e-01    4.8682250539e-03   -8.3848003065e-02    5.9453667539e+01    2.9726833769e+01    2.9726833769e+01
    3.0354706457e+03    2.5425276352e+03   -4.6268376703e+04    1.1993664869e+02    1.2006869599e+02    1.1931883734e+02    1.7479226291e-01   -5.8977976160e-02    2.4213721258e-02    5.9453667539e+01    2.9726833769e+01    2.9726833769e+01
    3.0106180815e+03    2.5217109848e+03   -4.6249397912e+04    1.2014925997e+02    1.1992557063e+02    1.1952643249e+02   -3.1520401014e-01    1.2001186595e-01   -3.9565787101e-02    5.9453667539e+01    2.9726833769e+01    2.9726833769e+01
    3.0557959195e+03    2.5595522012e+03   -4.6287103013e+04    1.1966280406e+02    1.1977276882e+02    1.1915787747e+02   -3.1655753531e-02   -8.7543716160e-02    1.8538397780e-01    5.9453667539e+01    2.9726833769e+01    2.9726833769e+01
    2.9723508109e+03    2.4896580993e+03   -4.6221439227e+04    1.2011170401e+02    1.1987822635e+02    1.2009323068e+02    6.3202953217e-02   -4.4437222163e-04   -1.9191620982e-01    5.9453667539e+01    2.9726833769e+01    2.9726833769e+01
    3.0161561437e+03    2.5263496975e+03   -4.6255130606e+04    1.2007170136e+02    1.1984680322e+02    1.1984134279e+02   -2.2830494767e-02   -1.6003429861e-01   -1.4564514768e-01    5.9453667539e+01    2.9726833769e+01    2.9726833769e+01
    3.0100450451e+03    2.5212310063e+03   -4.6251122715e+04    1.1986960883e+02    1.1985624967e+02    1.1943362044e+02   -8.5621354097e-02   -3.5121725235e-02   -4.8012811895e-02    5.9453667539e+01    2.9726833769e+01    2.9726833769e+01
    3.0139904257e+03    2.5245356797e+03   -4.6250745585e+04    1.2000268336e+02    1.1994944370e+02    1.1950136338e+02    2.5492600555e-01    2.1418467004e-01   -1.0645340615e-01    5.9453667539e+01    2.9726833769e+01    2.9726833769e+01
    2.9944855718e+03    2.5081983021e+03   -4.6234663352e+04    1.2011556279e+02    1.2021501777e+02    1.1968629306e+02   -2.5348641714e-01    7.4056205208e-02   -1.4258363917e-01    5.9453667539e+01    2.9726833769e+01    2.9726833769e+01
    3.0237363129e+03    2.5326988907e+03   -4.6258742000e+04    1.2022657117e+02    1.1938844442e+02    1.1937001102e+02   -1.3243594398e-01    8.9838849789e-02   -6.7919214268e-02    5.9453667539e+01    2.9726833769e+01    2.9726833769e+01
    2.9855810582e+03    2.5007398304e+03   -4.6227547898e+04    1.2029904658e+02    1.1969346908e+02    1.1996433336e+02    4.9164536686e-02   -1.5524588409e-01   -7.0748979155e-02    5.9453667539e+01    2.9726833769e+01    2.9726833769e+01
    3.0056351127e+03    2.5175372216e+03   -4.6242727163e+04    1.1982232833e+02    1.2004143092e+02    1.1972547177e+02   -1.8825568201e-02    2.2413203654e-01   -1.9494841899e-03    5.9453667539e+01    2.9726833769e+01    2.9726833769e+01
    2.9843066296e+03    2.4996723617e+03   -4.6226560746e+04    1.2032276620e+02    1.1979071036e+02    1.1999287086e+02   -5.7595209799e-03   -8.7420122970e-02   -2.1370301502e-01    5.9453667539e+01    2.9726833769e+01    2.9726833769e+01
    3.0339885627e+03    2.5412862340e+03   -4.6266103596e+04    1.2014123735e+02    1.1935079733e+02    1.1941583871e+02   -1.2688784428e-01    1.4235999623e-01    2.0790895490e-03    5.9453667539e+01    2.9726833769e+01    2.9726833769e+01
    2.9814551991e+03    2.4972839872e+03   -4.6225501706e+04    1.2042425024e+02    1.1992774101e+02    1.1970607543e+02   -1.2219069477e-03    1.6910733243e-01   -2.5710173336e-01    5.9453667539e+01    2.9726833769e+01    2.9726833769e+01
    2.9955866424e+03    2.5091205651e+03   -4.6234934291e+04    1.2032319198e+02    1.1942567877e+02    1.2034716407e+02   -1.0788221994e-02   -1.3411286685e-01    9.5340479634e-02    5.9453667539e+01    2.9726833769e+01    2.9726833769e+01
    2.9878859127e+03    2.5026703897e+03   -4.6227426861e+04    1.2030627997e+02    1.1980082137e+02    1.1968932103e+02    3.5417407067e-01    9.2222859835e-02    5.0025364467e-02    5.9453667539e+01    2.9726833769e+01    2.9726833769e+01
    3.0169389993e+03    2.5270054218e+03   -4.6253419618e+04    1.1983139973e+02    1.1962894873e+02    1.2005098809e+02   -1.9444010770e-01    3.1433800618e-01   -3.1430190449e-01    5.9453667539e+01    2.9726833769e+01    2.9726833769e+01
    3.0081087138e+03    2.5196091240e+03   -4.6244317702e+04    1.2021931318e+02    1.1997166363e+02    1.1956285354e+02    3.0243913015e-01   -2.0656775682e-02   -4.6712557910e-02    5.9453667539e+01    2.9726833769e+01    2.9726833769e+01
    2.9906749607e+03    2.5050065123e+03   -4.6234613058e+04    1.1981868994e+02    1.1959573797e+02    1.1996308109e+02   -6.1899815163e-02   -2.6070136779e-02    3.0178849078e-01    5.9453667539e+01    2.9726833769e+01    2.9726833769e+01
    2.9780307442e+03    2.4944156440e+03   -4.6222380116e+04    1.2063923869e+02    1.1988438886e+02    1.1944228267e+02    7.7377800804e-02   -1.6263290619e-01   -1.2025900323e-01    5.9453667539e+01    2.9726833769e+01    2.9726833769e+01
    2.9624148393e+03    2.4813356725e+03   -4.6207226949e+04    1.2075421948e+02    1.1970003504e+02    1.1944795424e+02   -1.6158104812e-01   -3.2272763327e-01   -1.9556616106e-01    5.9453667539e+01    2.9726833769e+01    2.9726833769e+01
    3.0101437122e+03    2.5213136504e+03   -4.6248377147e+04    1.1984128698e+02    1.1990460434e+02    1.1979353296e+02    2.7318068093e-02    3.9638789726e-02    2.0723268368e-02    5.9453667539e+01    2.9726833769e+01    2.9726833769e+01
    3.0281622606e+03    2.5364060900e+03   -4.6264071999e+04    1.1940149715e+02    1.1978226347e+02    1.1968401142e+02   -2.7629677636e-01    8.7381914039e-03    1.1337330008e-02    5.9453667539e+01    2.9726833769e+01    2.9726833769e+01
    2.9884568008e+03    2.5031485689e+03   -4.6229164260e+04    1.2006818274e+02    1.1984392999e+02    1.1959193819e+02   -1.3510591399e-01    2.0323863985e-01   -1.3285428897e-02    5.9453667539e+01    2.9726833769e+01    2.9726833769e+01
    2.9934175540e+03    2.5073037242e+03   -4.6233343616e+04    1.2042053449e+02    1.1976037223e+02    1.1945132334e+02    4.8860429380e-02    1.7196016676e-02   -1.1183926502e-01    5.9453667539e+01    2.9726833769e+01    2.9726833769e+01
    2.9784259107e+03    2.4947466378e+03   -4.6221343392e+04    1.2027765791e+02    1.1955108023e+02    1.1970997347e+02   -1.1039777092e-01    4.1343940031e-01   -2.5026190819e-01    5.9453667539e+01    2.9726833769e+01    2.9726833769e+01
    2.9947672165e+03    2.5084342093e+03   -4.6236921669e+04    1.1975745411e+02    1.2013119910e+02    1.1989407804e+02   -2.7471804978e-01   -1.1698945254e-01    5.0189221504e-02    5.9453667539e+01    2.9726833769e+01    2.9726833769e+01
    3.0157421467e+03    2.5260029312e+03   -4.6254776901e+04    1.1987750005e+02    1.1921276438e+02    1.1969884477e+02    7.4663084052e-02    2.4978996156e-02   -2.7867459712e-01    5.9453667539e+01    2.9726833769e+01    2.9726833769e+01
    2.9699232635e+03    2.4876247717e+03   -4.6211935155e+04    1.2039160402e+02    1.2001321949e+02    1.1987364696e+02   -2.3291905681e-03    1.7010649600e-03   -1.1664655410e-01    5.9453667539e+01    2.9726833769e+01    2.9726833769e+01
    3.0480480673e+03    2.5530625557e+03   -4.6277889774e+04    1.2010231785e+02    1.1936921624e+02    1.1949847546e+02   -1.9133274636e-01   -1.3044196028e-01   -9.8843381425e-02    5.9453667539e+01    2.9726833769e+01    2.9726833769e+01
    3.0177785566e+03    2.5277086398e+03   -4.6258201913e+04    1.1975058456e+02    1.2016193853e+02    1.1961000501e+02   -1.9166783324e-01   -1.4868286248e-01   -1.4613043090e-01    5.9453667539e+01    2.9726833769e+01    2.9726833769e+01
    3.0236811287e+03    2.5326526681e+03   -4.6259205721e+04    1.2026522779e+02    1.1970117511e+02    1.1947245211e+02   -3.0829761609e-01   -3.3104016055e-02    1.1300747108e-01    5.9453667539e+01    2.9726833769e+01    2.9726833769e+01
    2.9673272945e+03    2.4854503732e+03   -4.6210461735e+04    1.2004792371e+02    1.2003790391e+02    1.2001170205e+02   -1.5391750567e-01   -3.2049451075e-01    3.3143253268e-02    5.9453667539e+01    2.9726833769e+01    2.9726833769e+01
    3.0182264551e+03    2.5280838022e+03   -4.6257480075e+04    1.1995059502e+02    1.1971121931e+02    1.1950908913e+02   -5.7736187983e-02    6.6540648336e-02   -8.5877472296e-02    5.9453667539e+01    2.9726833769e+01    2.9726833769e+01
    3.0079708829e+03    2.5194936760e+03   -4.6249995684e+04    1.2046826814e+02    1.1979155005e+02    1.1936720242e+02    3.7738568696e-02   -2.1496006287e-01   -1.8180952559e-01    5.9453667539e+01    2.9726833769e+01    2.9726833769e+01
    2.9950893871e+03    2.5087040613e+03   -4.6236064532e+04    1.1990540239e+02    1.1948372751e+02    1.1992898113e+02   -2.0195130269e-01    1.8128855947e-01   -1.5274224173e-01    5.9453667539e+01    2.9726833769e+01    2.9726833769e+01
    2.9887589100e+03    2.5034016173e+03   -4.6229347089e+04    1.2026749994e+02    1.1981170302e+02    1.2006444455e+02   -1.3859521153e-01    6.5585558392e-02   -6.3826011918e-02    5.9453667539e+01    2.9726833769e+01    2.9726833769e+01
    2.9979038620e+03    2.5110614816e+03   -4.6238922116e+04    1.2014164057e+02    1.1990667762e+02    1.1984198487e+02   -2.1554177035e-01   -1.0293046302e-01    5.9389777284e-02    5.9453667539e+01    2.9726833769e+01    2.9726833769e+01
    3.0079214135e+03    2.5194522402e+03   -4.6249353977e+04    1.2043845944e+02    1.1950614224e+02    1.1948847047e+02    1.1336469952e-01   -2.6476498034e-01   -8.1359546676e-02    5.9453667539e+01    2.9726833769e+01    2.9726833769e+01
    3.0046295487e+03    2.5166949554e+03   -4.6243919146e+04    1.1966045385e+02    1.1973858303e+02    1.2010445783e+02   -1.2499443541e-03   -4.0467232712e-02    2.6980578732e-01    5.9453667539e+01    2.9726833769e+01    2.9726833769e+01
    2.9945467449e+03    2.5082495410e+03   -4.6239059882e+04    1.2007984160e+02    1.1979585680e+02    1.1968323806e+02    5.7560950219e-02   -1.9645283058e-01   -1.3487159635e-02    5.9453667539e+01    2.9726833769e+01    2.9726833769e+01
    2.9809629415e+03    2.4968716694e+03   -4.6224314637e+04    1.1975961775e+02    1.2001468280e+02    1.1955573144e+02   -2.9074725377e-02    5.5405183450e-01   -5.5871191264e-02    5.9453667539e+01    2.9726833769e+01    2.9726833769e+01
    3.0235763770e+03    2.5325649275e+03   -4.6257937573e+04    1.2016088455e+02    1.1933435138e+02    1.1969343149e+02    2.1184229500e-01    1.4839110431e-01    2.0851987724e-01    5.9453667539e+01    2.9726833769e+01    2.9726833769e+01
    2.9689198416e+03    2.4867842997e+03   -4.6214414907e+04    1.2050090720e+02    1.1979098763e+02    1.1943764059e+02   -2.8379765560e-02   -2.3257709427e-02   -9.2857250293e-03    5.9453667539e+01    2.9726833769e+01    2.9726833769e+01
    2.9769838221e+03    2.4935387361e+03   -4.6221066336e+04    1.2029727091e+02    1.1971717511e+02    1.1955327188e+02   -6.4398860624e-02   -1.6822342239e-03   -8.0646271210e-02    5.9453667539e+01    2.9726833769e+01    2.9726833769e+01
    3.0040021251e+03    2.5161694217e+03   -4.6243674616e+04    1.1986436882e+02    1.1969868098e+02    1.1961314069e+02    4.0574460278e-02   -2.5024037643e-02    2.7359261329e-02    5.9453667539e+01    2.9726833769e+01    2.9726833769e+01
    3.0112613679e+03    2.5222498052e+03   -4.6246256264e+04    1.2002318085e+02    1.1961978025e+02    1.1984528905e+02    1.7236875701e-02    1.3937498731e-01    1.1586919276e-02    5.9453667539e+01    2.9726833769e+01    2.9726833769e+01
    2.9669704364e+03    2.4851514668e+03   -4.6209673833e+04    1.2007752925e+02    1.2016146731e+02    1.1995367291e+02   -7.7809815145e-02    1.6556554749e-02   -5.5789643105e-02    5.9453667539e+01    2.9726833769e+01    2.9726833769e+01
    3.0097554287e+03    2.5209884219e+03   -4.6248744955e+04    1.2026815415e+02    1.1951250465e+02    1.1960984600e+02    1.4348824897e-01   -1.6823201668e-01    1.5588263549e-02    5.9453667539e+01    2.9726833769e+01    2.9726833769e+01
    2.9747005483e+03    2.4916262528e+03   -4.6218776720e+04    1.2050334679e+02    1.1987528072e+02    1.1948895352e+02    6.1675661997e-02    9.2440316759e-02    1.9168544734e-01    5.9453667539e+01    2.9726833769e+01    2.9726833769e+01
    2.9905431545e+03    2.5048961107e+03   -4.6233656976e+04    1.2017813206e+02    1.1970147702e+02    1.1974280181e+02   -5.7460526352e-02    6.2671702253e-02    6.8877203134e-02    5.9453667539e+01    2.9726833769e+01    2.9726833769e+01
    3.0307862968e+03    2.5386039977e+03   -4.6267890193e+04    1.1995968552e+02    1.1955627016e+02    1.1939175788e+02    9.3754589366e-02   -3.3545853220e-01    1.1858705118e-01    5.9453667539e+01    2.9726833769e+01    2.9726833769e+01
    2.9672262533e+03    2.4853657404e+03   -4.6211882214e+04    1.2028658001e+02    1.1997878918e+02    1.1987162243e+02    6.2101000362e-02   -8.1869558430e-02   -1.3544134410e-01    5.9453667539e+01    2.9726833769e+01    2.9726833769e+01
    3.0045693295e+03    2.5166445154e+03   -4.6242292230e+04    1.2008652326e+02    1.1960095141e+02    1.1974678198e+02    8.3942418464e-02   -6.5914021447e-03    9.4571885687e-03    5.9453667539e+01    2.9726833769e+01    2.9726833769e+01
    3.0016997408e+03    2.5142409314e+03   -4.6241893340e+04    1.1983934216e+02    1.1960257407e+02    1.1971173592e+02   -2.1459705557e-01    2.0933424525e-01   -1.9515287884e-01    5.9453667539e+01    2.9726833769e+01    2.9726833769e+01
    3.0007463516e+03    2.5134423672e+03   -4.6237311542e+04    1.2038233940e+02    1.1991364444e+02    1.1920770797e+02    2.2300063064e-02   -3.2829200145e-02    3.6527345317e-02    5.9453667539e+01    2.9726833769e+01    2.9726833769e+01
    3.0143692754e+03    2.5248530064e+03   -4.6253813359e+04    1.2020644564e+02    1.2000869189e+02    1.1921920206e+02   -5.0271005218e-02    9.5256608181e-02    1.3055012120e-01    5.9453667539e+01    2.9726833769e+01    2.9726833769e+01
    2.9932846520e+03    2.5071924047e+03   -4.6236256139e+04    1.1997595010e+02    1.1935723287e+02    1.1985673661e+02    4.5830087582e-02   -1.2205341724e-01    1.5045127900e-01    5.9453667539e+01    2.9726833769e+01    2.9726833769e+01
    3.0098200449e+03    2.5210425448e+03   -4.6249017227e+04    1.2024493590e+02    1.1946814080e+02    1.1967666504e+02   -7.5978323824e-02   -4.0558968754e-02    9.4277697726e-02    5.9453667539e+01    2.9726833769e+01    2.9726833769e+01
    2.9938049198e+03    2.5076281841e+03   -4.6236969496e+04    1.2024672787e+02    1.1994007944e+02    1.1983595616e+02   -3.1412204418e-01   -1.4801166071e-01   -2.3721908345e-01    5.9453667539e+01    2.9726833769e+01    2.9726833769e+01
    3.0081378257e+03    2.5196335083e+03   -4.6243939039e+04    1.2021205884e+02    1.1929009901e+02    1.1993120367e+02    8.4086365056e-02    5.4054357546e-02    1.3795519051e-01    5.9453667539e+01    2.9726833769e+01    2.9726833769e+01
    3.0398396283e+03    2.5461871201e+03   -4.6271710007e+04    1.1990643012e+02    1.1932351937e+02    1.2016698564e+02   -1.5578120603e-01   -3.1120187734e-02   -2.2739315577e-01    5.9453667539e+01    2.9726833769e+01    2.9726833769e+01
    2.9944539744e+03    2.5081718359e+03   -4.6236012646e+04    1.2011049829e+02    1.1938531904e+02    1.2004991835e+02   -7.1758455873e-02   -1.0188094528e-01   -2.2248288586e-01    5.9453667539e+01    2.9726833769e+01    2.9726833769e+01
    3.0199047082e+03    2.5294895167e+03   -4.6259002457e+04    1.1990170895e+02    1.1958907192e+02    1.1978035338e+02    7.9236636545e-02    1.4545540115e-01    7.5560262075e-02    5.9453667539e+01    2.9726833769e+01    2.9726833769e+01
    3.0210586891e+03    2.5304560977e+03   -4.6255885866e+04    1.1997516160e+02    1.1979307753e+02    1.1949853405e+02   -1.4795358242e-01    3.9148769923e-01   -2.9740328529e-01    5.9453667539e+01    2.9726833769e+01    2.9726833769e+01
    2.9936513991e+03    2.5074995942e+03   -4.6233442321e+04    1.2013178817e+02    1.1991205270e+02    1.1976449622e+02   -9.2836905436e-02    1.5654176673e-01   -1.3906892083e-02    5.9453667539e+01    2.9726833769e+01    2.9726833769e+01
    2.9791381864e+03    2.4953432440e+03   -4.6222418841e+04    1.2052144120e+02    1.1988769982e+02    1.1957699560e+02   -1.2316410417e-03    5.7039866201e-02   -2.5343690529e-01    5.9453667539e+01    2.9726833769e+01    2.9726833769e+01
    3.0100430745e+03    2.5212293557e+03   -4.6248688321e+04    1.2012503341e+02    1.1976689359e+02    1.1939288694e+02    2.5595912365e-01    1.5715700908e-01   -1.4227592572e-01    5.9453667539e+01    2.9726833769e+01    2.9726833769e+01
    3.0191576220e+03    2.5288637529e+03   -4.6254530178e+04    1.2015130728e+02    1.1978728719e+02    1.1928726997e+02    9.9528702057e-02   -4.6878944164e-02   -5.2851541690e-02    5.9453667539e+01    2.9726833769e+01    2.9726833769e+01
    3.0096012035e+03    2.5208592419e+03   -4.6250873126e+04    1.1989640098e+02    1.1994371300e+02    1.1943452639e+02   -1.9132980432e-01    1.4198801624e-01    3.6618733198e-02    5.9453667539e+01    2.9726833769e+01    2.9726833769e+01
    3.0296322245e+03    2.5376373401e+03   -4.6264000295e+04    1.1958440123e+02    1.1985036442e+02    1.1935458379e+02   -2.0222793662e-01    1.5559773674e-02    9.1580413763e-02    5.9453667539e+01    2.9726833769e+01    2.9726833769e+01
    3.0176835269e+03    2.5276290425e+03   -4.6255851647e+04    1.2010884478e+02    1.1963906983e+02    1.1980207856e+02   -1.3844712383e-04   -4.9525903293e-03   -2.1508799980e-02    5.9453667539e+01    2.9726833769e+01    2.9726833769e+01
    3.0288374555e+03    2.5369716371e+03   -4.6264986858e+04    1.1992246739e+02    1.1990027025e+02    1.1940946104e+02   -2.9472567354e-01   -3.2208597099e-02    1.1055600621e-01    5.9453667539e+01    2.9726833769e+01    2.9726833769e+01
    3.0028156964e+03    2.5151756622e+03   -4.6243512436e+04    1.2017314327e+02    1.1952920926e+02    1.1965213859e+02    1.2484732442e-01   -5.0599419492e-02   -1.2063622416e-01    5.9453667539e+01    2.9726833769e+01    2.9726833769e+01
    3.0393552366e+03    2.5457813909e+03   -4.6271762357e+04    1.2033411100e+02    1.1963484471e+02    1.1947226834e+02   -8.6711756594e-02    1.1306233470e-01   -1.8621782770e-01    5.9453667539e+01    2.9726833769e+01    2.9726833769e+01
    3.0231362677e+03    2.5321962894e+03   -4.6257613792e+04    1.2036664922e+02    1.1969125088e+02    1.1941705399e+02   -9.3597754733e-02   -1.0319968102e-01    9.7321603019e-02    5.9453667539e+01    2.9726833769e+01    2.9726833769e+01
    3.0059684528e+03    2.5178164291e+03   -4.6246858740e+04    1.1969821295e+02    1.2008668245e+02    1.1936128502e+02   -1.0524540166e-01    2.1908495189e-01   -7.4272976059e-02    5.9453667539e+01    2.9726833769e+01    2.9726833769e+01
    2.9717454959e+03    2.4891510840e+03   -4.6216819860e+04    1.2016162206e+02    1.1979994507e+02    1.1992984033e+02    5.5751192396e-02   -9.5243470023e-02   -2.3739325544e-02    5.9453667539e+01    2.9726833769e+01    2.9726833769e+01
    3.0177844743e+03    2.5277135965e+03   -4.6256990495e+04    1.2018859076e+02    1.1974528228e+02    1.1944978114e+02   -1.1266939095e-01    1.9361206107e-01    7.3901092681e-02    5.9453667539e+01    2.9726833769e+01    2.9726833769e+01
    2.9541117371e+03    2.4743809464e+03   -4.6200527104e+04    1.2003306895e+02    1.2015777057e+02    1.1979428066e+02    9.0487318639e-02   -1.7212809357e-01    2.4606108078e-01    5.9453667539e+01    2.9726833769e+01    2.9726833769e+01
    3.0056884056e+03    2.5175818600e+03   -4.6244523315e+04    1.1999280326e+02    1.1979747693e+02    1.1991649256e+02    1.7982146263e-01    9.1099636338e-03    7.5471215035e-03    5.9453667539e+01    2.9726833769e+01    2.9726833769e+01
    3.0303133800e+03    2.5382078798e+03   -4.6265267357e+04    1.1983330696e+02    1.1979284116e+02    1.1944895632e+02   -2.8742800720e-01    6.7216190445e-02    8.4247587525e-02    5.9453667539e+01    2.9726833769e+01    2.9726833769e+01
    2.9869712703e+03    2.5019042801e+03   -4.6229135812e+04    1.2001238669e+02    1.1992852431e+02    1.1970436378e+02   -2.7143253028e-01    8.5594916199e-02    6.6482063319e-02    5.9453667539e+01    2.9726833769e+01    2.9726833769e+01
    2.9991461435e+03    2.5121020237e+03   -4.6240099865e+04    1.1991555202e+02    1.2024331555e+02    1.1955528796e+02   -1.6711339837e-02    1.6899605522e-01    1.7428636570e-01    5.9453667539e+01    2.9726833769e+01    2.9726833769e+01
    2.9991461435e+03    2.5121020237e+03   -4.6240099865e+04    1.1991555202e+02    1.2024331555e+02    1.1955528796e+02   -1.6711339837e-02    1.6899605522e-01    1.7428636570e-01    5.9453667539e+01    2.9726833769e+01    2.9726833769e+01
    2.9991461435e+03    2.5121020237e+03   -4.6240099865e+04    1.1991555202e+02    1.2024331555e+02    1.1955528796e+02   -1.6711339837e-02    1.6899605522e-01    1.7428636570e-01    5.9453667539e+01    2.9726833769e+01    2.9726833769e+01
    2.9991461435e+03    2.5121020237e+03   -4.6240099865e+04    1.1991555202e+02    1.2024331555e+02    1.1955528796e+02   -1.6711339837e-02    1.6899605522e-01    1.7428636570e-01    5.9453667539e+01    2.9726833769e+01    2.9726833769e+01
    2.9991461435e+03    2.5121020237e+03   -4.6240099865e+04    1.1991555202e+02    1.2024331555e+02    1.1955528796e+02   -1.6711339837e-02    1.6899605522e-01    1.7428636570e-01    5.9453667539e+01    2.9726833769e+01    2.9726833769e+01
    2.9991461435e+03    2.5121020237e+03   -4.6240099865e+04    1.1991555202e+02    1.2024331555e+02    1.1955528796e+02   -1.6711339837e-02    1.6899605522e-01    1.7428636570e-01    5.9453667539e+01    2.9726833769e+01    2.9726833769e+01
    2.9991461435e+03    2.5121020237e+03   -4.6240099865e+04    1.1991555202e+02    1.2024331555e+02    1.1955528796e+02   -1.6711339837e-02    1.6899605522e-01    1.7428636570e-01    5.9453667539e+01    2.9726833769e+01    2.9726833769e+01
    2.9991461435e+03    2.5121020237e+03   -4.6240099865e+04    1.1991555202e+02    1.2024331555e+02    1.1955528796e+02   -1.6711339837e-02    1.6899605522e-01    1.7428636570e-01    5.9453667539e+01    2.9726833769e+01    2.9726833769e+01
    2.9991461435e+03    2.5121020237e+03   -4.6240099865e+04    1.1991555202e+02    1.2024331555e+02    1.1955528796e+02   -1.6711339837e-02    1.6899605522e-01    1.7428636570e-01    5.9453667539e+01    2.9726833769e+01    2.9726833769e+01
    2.9991461435e+03    2.5121020237e+03   -4.6240099865e+04    1.1991555202e+02    1.2024331555e+02    1.1955528796e+02   -1.6711339837e-02    1.6899605522e-01    1.7428636570e-01    5.9453667539e+01    2.9726833769e+01    2.9726833769e+01
    2.9991461435e+03    2.5121020237e+03   -4.6240099865e+04    1.1991555202e+02    1.2024331555e+02    1.1955528796e+02   -1.6711339837e-02    1.6899605522e-01    1.7428636570e-01    5.9453667539e+01    2.9726833769e+01    2.9726833769e+01
    2.9991461435e+03    2.5121020237e+03   -4.6240099865e+04    1.1991555202e+02    1.2024331555e+02    1.1955528796e+02   -1.6711339837e-02    1.6899605522e-01    1.7428636570e-01    5.9453667539e+01    2.9726833769e+01    2.9726833769e+01
    2.9991461435e+03    2.5121020237e+03   -4.6240099865e+04    1.1991555202e+02    1.2024331555e+02    1.1955528796e+02   -1.6711339837e-02    1.6899605522e-01    1.7428636570e-01    5.9453667539e+01    2.9726833769e+01    2.9726833769e+01
    2.9991461435e+03    2.5121020237e+03   -4.6240099865e+04    1.1991555202e+02    1.2024331555e+02    1.1955528796e+02   -1.6711339837e-02    1.6899605522e-01    1.7428636570e-01    5.9453667539e+01    2.9726833769e+01    2.9726833769e+01
    2.9991461435e+03    2.5121020237e+03   -4.6240099865e+04    1.1991555202e+02    1.2024331555e+02    1.1955528796e+02   -1.6711339837e-02    1.6899605522e-01    1.7428636570e-01    5.9453667539e+01    2.9726833769e+01    2.9726833769e+01
    2.9991461435e+03    2.5121020237e+03   -4.6240099865e+04    1.1991555202e+02    1.2024331555e+02    1.1955528796e+02   -1.6711339837e-02    1.6899605522e-01    1.7428636570e-01    5.9453667539e+01    2.9726833769e+01    2.9726833769e+01
    2.9991461435e+03    2.5121020237e+03   -4.6240099865e+04    1.1991555202e+02    1.2024331555e+02    1.1955528796e+02   -1.6711339837e-02    1.6899605522e-01    1.7428636570e-01    5.9453667539e+01    2.9726833769e+01    2.9726833769e+01
    2.9991461435e+03    2.5121020237e+03   -4.6240099865e+04    1.1991555202e+02    1.2024331555e+02    1.1955528796e+02   -1.6711339837e-02    1.6899605522e-01    1.7428636570e-01    5.9453667539e+01    2.9726833769e+01    2.9726833769e+01
    2.9991461435e+03    2.5121020237e+03   -4.6240099865e+04    1.1991555202e+02    1.2024331555e+02    1.1955528796e+02   -1.6711339837e-02    1.6899605522e-01    1.7428636570e-01    5.9453667539e+01    2.9726833769e+01    2.9726833769e+01
    2.9991461435e+03    2.5121020237e+03   -4.6240099865e+04    1.1991555202e+02    1.2024331555e+02    1.1955528796e+02   -1.6711339837e-02    1.6899605522e-01    1.7428636570e-01    5.9453667539e+01    2.9726833769e+01    2.9726833769e+01
    2.9991461435e+03    2.5121020237e+03   -4.6240099865e+04    1.1991555202e+02    1.2024331555e+02    1.1955528796e+02   -1.6711339837e-02    1.6899605522e-01    1.7428636570e-01    5.9453667539e+01    2.9726833769e+01    2.9726833769e+01
    2.9991461435e+03    2.5121020237e+03   -4.6240099865e+04    1.1991555202e+02    1.2024331555e+02    1.1955528796e+02   -1.6711339837e-02    1.6899605522e-01    1.7428636570e-01    5.9453667539e+01    2.9726833769e+01    2.9726833769e+01
    2.9991461435e+03    2.5121020237e+03   -4.6240099865e+04    1.1991555202e+02    1.2024331555e+02    1.1955528796e+02   -1.6711339837e-02    1.6899605522e-01    1.7428636570e-01    5.9453667539e+01    2.9726833769e+01    2.9726833769e+01
    2.9991461435e+03    2.5121020237e+03   -4.6240099865e+04    1.1991555202e+02    1.2024331555e+02    1.1955528796e+02   -1.6711339837e-02    1.6899605522e-01    1.7428636570e-01    5.9453667539e+01    2.9726833769e+01    2.9726833769e+01
    2.9991461435e+03    2.5121020237e+03   -4.6240099865e+04    1.1991555202e+02    1.2024331555e+02    1.1955528796e+02   -1.6711339837e-02    1.6899605522e-01    1.7428636570e-01    5.9453667539e+01    2.9726833769e+01    2.9726833769e+01
    2.9991461435e+03    2.5121020237e+03   -4.6240099865e+04    1.1991555202e+02    1.2024331555e+02    1.1955528796e+02   -1.6711339837e-02    1.6899605522e-01    1.7428636570e-01    5.9453667539e+01    2.9726833769e+01    2.9726833769e+01
    2.9991461435e+03    2.5121020237e+03   -4.6240099865e+04    1.1991555202e+02    1.2024331555e+02    1.1955528796e+02   -1.6711339837e-02    1.6899605522e-01    1.7428636570e-01    5.9453667539e+01    2.9726833769e+01    2.9726833769e+01
    2.9991461435e+03    2.5121020237e+03   -4.6240099865e+04    1.1991555202e+02    1.2024331555e+02    1.1955528796e+02   -1.6711339837e-02    1.6899605522e-01    1.7428636570e-01    5.9453667539e+01    2.9726833769e+01    2.9726833769e+01
    2.9991461435e+03    2.5121020237e+03   -4.6240099865e+04    1.1991555202e+02    1.2024331555e+02    1.1955528796e+02   -1.6711339837e-02    1.6899605522e-01    1.7428636570e-01    5.9453667539e+01    2.9726833769e+01    2.9726833769e+01
    2.9991461435e+03    2.5121020237e+03   -4.6240099865e+04    1.1991555202e+02    1.2024331555e+02    1.1955528796e+02   -1.6711339837e-02    1.6899605522e-01    1.7428636570e-01    5.9453667539e+01    2.9726833769e+01    2.9726833769e+01
    2.9991461435e+03    2.5121020237e+03   -4.6240099865e+04    1.1991555202e+02    1.2024331555e+02    1.1955528796e+02   -1.6711339837e-02    1.6899605522e-01    1.7428636570e-01    5.9453667539e+01    2.9726833769e+01    2.9726833769e+01
