    1.9881489205e+03    2.4979274204e+03   -7.0599975093e+04    1.1368621411e+02    1.1328495843e+02    1.1326218643e+02   -4.9858068715e-02    1.6085088905e-02    1.2561860048e-01    8.9180501308e+01    2.9726833769e+01    2.9726833769e+01
    1.9931000950e+03    2.5041481188e+03   -7.0590254971e+04    1.1362691518e+02    1.1349279013e+02    1.1332284300e+02    1.0725330984e-01   -1.4721698818e-01    1.5167372066e-01    8.9180501308e+01    2.9726833769e+01    2.9726833769e+01
    1.9956986215e+03    2.5074129298e+03   -7.0592367452e+04    1.1385908427e+02    1.1350874298e+02    1.1324634231e+02   -9.9000537384e-02   -7.5802332614e-02    1.2451940528e-02    8.9180501308e+01    2.9726833769e+01    2.9726833769e+01
    1.9945225503e+03    2.5059353038e+03   -7.0591965760e+04    1.1331927300e+02    1.1372295340e+02    1.1364046982e+02   -1.7409243104e-01    9.3989634597e-02    4.4095891412e-02    8.9180501308e+01    2.9726833769e+01    2.9726833769e+01
    2.0101209924e+03    2.5255333208e+03   -7.0611057939e+04    1.1371410885e+02    1.1333497228e+02    1.1312102236e+02   -7.3368877528e-02   -2.0450095828e-02   -1.1715878014e-02    8.9180501308e+01    2.9726833769e+01    2.9726833769e+01
    1.9947545710e+03    2.5062268167e+03   -7.0590050296e+04    1.1348892162e+02    1.1356514628e+02    1.1353626044e+02    1.3885046530e-01   -8.4188995959e-04    3.4984846232e-02    8.9180501308e+01    2.9726833769e+01    2.9726833769e+01
    2.0005396111e+03    2.5134951908e+03   -7.0598830083e+04    1.1346611356e+02    1.1347077509e+02    1.1358022463e+02    5.3306340980e-02    2.1836320697e-02    1.1297810087e-01    8.9180501308e+01    2.9726833769e+01    2.9726833769e+01
    2.0029766687e+03    2.5165571310e+03   -7.0601847589e+04    1.1363737534e+02    1.1347098763e+02    1.1335180395e+02   -7.5243145672e-02    4.7157058443e-02   -7.8622234704e-02    8.9180501308e+01    2.9726833769e+01    2.9726833769e+01
    1.9949215468e+03    2.5064366065e+03   -7.0591867076e+04    1.1361877341e+02    1.1363390096e+02    1.1345052315e+02   -1.9749850901e-02   -9.3244027083e-02    1.0731686386e-01    8.9180501308e+01    2.9726833769e+01    2.9726833769e+01
    1.9981770278e+03    2.5105268208e+03   -7.0597983909e+04    1.1347333230e+02    1.1344272879e+02    1.1327764965e+02   -9.6459240158e-02   -5.0310651555e-02   -4.9931279891e-02    8.9180501308e+01    2.9726833769e+01    2.9726833769e+01
    2.0091733385e+03    2.5243426803e+03   -7.0610182880e+04    1.1356393884e+02    1.1355761552e+02    1.1326622503e+02   -1.2044217880e-01    1.9571329520e-01   -5.4743297096e-02    8.9180501308e+01    2.9726833769e+01    2.9726833769e+01
    2.0044972061e+03    2.5184675472e+03   -7.0603472664e+04    1.1359221561e+02    1.1345653086e+02    1.1334905793e+02   -1.6836483733e-01   -9.6121634146e-02   -8.0329937036e-02    8.9180501308e+01    2.9726833769e+01    2.9726833769e+01
    2.0050635871e+03    2.5191791532e+03   -7.0604720504e+04    1.1365133405e+02    1.1318360543e+02    1.1358328937e+02    6.8836443961e-02   -5.5291718311e-02    2.9077672142e-02    8.9180501308e+01    2.9726833769e+01    2.9726833769e+01
    2.0177589016e+03    2.5351296557e+03   -7.0623327527e+04    1.1346859529e+02    1.1333691827e+02    1.1314847412e+02   -4.4781598347e-02   -5.5058728444e-02   -5.8753515239e-02    8.9180501308e+01    2.9726833769e+01    2.9726833769e+01
    1.9859888886e+03    2.4952135378e+03   -7.0583695534e+04    1.1366466470e+02    1.1348116851e+02    1.1355975832e+02   -2.4360326044e-01   -1.2919442414e-01    4.7884795663e-03    8.9180501308e+01    2.9726833769e+01    2.9726833769e+01
    2.0108792294e+03    2.5264859762e+03   -7.0610581635e+04    1.1387894053e+02    1.1334996288e+02    1.1317902799e+02   -4.5983596568e-02    1.9504467707e-01    2.4956722759e-02    8.9180501308e+01    2.9726833769e+01    2.9726833769e+01
    1.9980459236e+03    2.5103621004e+03   -7.0596755316e+04    1.1363925270e+02    1.1353036196e+02    1.1319523320e+02    1.4531651450e-01   -1.6812298952e-02   -5.4990425347e-02    8.9180501308e+01    2.9726833769e+01    2.9726833769e+01
    1.9967147316e+03    2.5086895793e+03   -7.0594490809e+04    1.1368857599e+02    1.1347039897e+02    1.1351606774e+02   -1.0936678685e-01   -1.1037263877e-01   -1.4352510592e-01    8.9180501308e+01    2.9726833769e+01    2.9726833769e+01
    2.0131262516e+03    2.5293091544e+03   -7.0613789637e+04    1.1358487281e+02    1.1339446660e+02    1.1315907021e+02   -4.0987179864e-03   -4.4742761484e-03    8.8430874255e-02    8.9180501308e+01    2.9726833769e+01    2.9726833769e+01
    1.9831146040e+03    2.4916022619e+03   -7.0578642257e+04    1.1359031236e+02    1.1365732652e+02    1.1350538483e+02    1.8143372451e-01    6.3024831798e-02    4.5879869308e-02    8.9180501308e+01    2.9726833769e+01    2.9726833769e+01
    2.0073227086e+03    2.5220175330e+03   -7.0607779674e+04    1.1345354435e+02    1.1366323165e+02    1.1318768080e+02   -5.0997546596e-02    8.8234877791e-03   -1.4554048112e-02    8.9180501308e+01    2.9726833769e+01    2.9726833769e+01
    1.9989171262e+03    2.5114566868e+03   -7.0599078089e+04    1.1360576001e+02    1.1331336410e+02    1.1346993717e+02    5.3740988202e-03   -8.3997939921e-02   -7.3788534260e-02    8.9180501308e+01    2.9726833769e+01    2.9726833769e+01
    2.0011758055e+03    2.5142945109e+03   -7.0599717324e+04    1.1360711464e+02    1.1348542358e+02    1.1347507959e+02   -3.4179925122e-02    1.6417834315e-01   -1.2771593924e-01    8.9180501308e+01    2.9726833769e+01    2.9726833769e+01
    2.0104086052e+03    2.5258946799e+03   -7.0614913879e+04    1.1351364352e+02    1.1343855938e+02    1.1329712208e+02    1.1674117614e-01    4.0674169794e-02    9.3204608702e-02    8.9180501308e+01    2.9726833769e+01    2.9726833769e+01
    2.0214952764e+03    2.5398240692e+03   -7.0626593144e+04    1.1333502821e+02    1.1357797708e+02    1.1327753915e+02    3.9335436886e-02    1.6297836868e-01    1.0929318475e-02    8.9180501308e+01    2.9726833769e+01    2.9726833769e+01
    1.9876809575e+03    2.4973394677e+03   -7.0583180116e+04    1.1370759757e+02    1.1362178872e+02    1.1320629271e+02   -2.1873271854e-02   -5.6480560552e-03    6.8696814810e-02    8.9180501308e+01    2.9726833769e+01    2.9726833769e+01
    1.9914204319e+03    2.5020377755e+03   -7.0587420701e+04    1.1363089530e+02    1.1375294805e+02    1.1328466170e+02    1.0254817216e-01   -3.1397436585e-02    2.5875665789e-02    8.9180501308e+01    2.9726833769e+01    2.9726833769e+01
    1.9723329968e+03    2.4780561578e+03   -7.0565784292e+04    1.1350476589e+02    1.1373107513e+02    1.1369747166e+02    1.6426116191e-02   -8.8531661885e-02    1.1472416355e-01    8.9180501308e+01    2.9726833769e+01    2.9726833769e+01
    1.9974556036e+03    2.5096204173e+03   -7.0595190980e+04    1.1361062693e+02    1.1364409847e+02    1.1324957071e+02    1.4079409773e-02    8.4778415927e-02    7.1705577323e-02    8.9180501308e+01    2.9726833769e+01    2.9726833769e+01
    2.0024578086e+03    2.5159052307e+03   -7.0601168187e+04    1.1377046918e+02    1.1304329716e+02    1.1365501100e+02    1.3267343756e-03   -2.9076702629e-03    4.0597992427e-02    8.9180501308e+01    2.9726833769e+01    2.9726833769e+01
    2.0027987535e+03    2.5163335968e+03   -7.0601704559e+04    1.1360437318e+02    1.1341198524e+02    1.1333306297e+02   -1.4069408338e-02    6.0777659550e-02   -1.7901956541e-02    8.9180501308e+01    2.9726833769e+01    2.9726833769e+01
    1.9857332833e+03    2.4948923931e+03   -7.0581128303e+04    1.1343400533e+02    1.1343639732e+02    1.1373109809e+02   -1.5821901464e-01   -1.1106747781e-01   -1.7603956258e-02    8.9180501308e+01    2.9726833769e+01    2.9726833769e+01
    2.0018925789e+03    2.5151950712e+03   -7.0600052675e+04    1.1408777019e+02    1.1335670610e+02    1.1318467274e+02    2.5233213289e-02   -9.2617639771e-02   -1.3045518224e-01    8.9180501308e+01    2.9726833769e+01    2.9726833769e+01
    2.0063200161e+03    2.5207577414e+03   -7.0606525693e+04    1.1359859913e+02    1.1323716678e+02    1.1331817879e+02   -4.1704716658e-02    1.8224040825e-01   -1.3904405286e-01    8.9180501308e+01    2.9726833769e+01    2.9726833769e+01
    1.9898791768e+03    2.5001013293e+03   -7.0586905353e+04    1.1362386881e+02    1.1357144642e+02    1.1352241659e+02    4.7888050592e-02    2.2358166036e-01   -3.7278205767e-02    8.9180501308e+01    2.9726833769e+01    2.9726833769e+01
    1.9848474566e+03    2.4937794328e+03   -7.0581333371e+04    1.1393168694e+02    1.1322201422e+02    1.1341421319e+02   -1.0679503925e-01   -7.6659328851e-02   -5.8936682263e-02    8.9180501308e+01    2.9726833769e+01    2.9726833769e+01
    2.0028881152e+03    2.5164458716e+03   -7.0600707304e+04    1.1357287716e+02    1.1338624320e+02    1.1361185463e+02   -1.9413125847e-04    1.8841321447e-01    3.2926930030e-02    8.9180501308e+01    2.9726833769e+01    2.9726833769e+01
    2.0062554778e+03    2.5206766550e+03   -7.0606632514e+04    1.1359272265e+02    1.1321654672e+02    1.1345022240e+02   -1.4722109803e-01   -1.1167510784e-01   -9.7863428937e-02    8.9180501308e+01    2.9726833769e+01    2.9726833769e+01
    1.9952223256e+03    2.5068145075e+03   -7.0591380283e+04    1.1370121995e+02    1.1340962906e+02    1.1360795709e+02   -1.7417998642e-02   -1.1324650714e-01    1.7168268632e-02    8.9180501308e+01    2.9726833769e+01    2.9726833769e+01
    1.9862035758e+03    2.4954832727e+03   -7.0582941233e+04    1.1358444488e+02    1.1364104450e+02    1.1356392071e+02    2.9726044590e-02   -1.4206864109e-02    3.7903548623e-02    8.9180501308e+01    2.9726833769e+01    2.9726833769e+01
    1.9935599551e+03    2.5047258910e+03   -7.0592056617e+04    1.1353306484e+02    1.1334989729e+02    1.1360328402e+02    7.2076902333e-02    9.3625667014e-02    3.5141715433e-03    8.9180501308e+01    2.9726833769e+01    2.9726833769e+01
    2.0178019501e+03    2.5351837422e+03   -7.0622181671e+04    1.1351715218e+02    1.1350839472e+02    1.1322652326e+02    1.4462519708e-01    5.2330627745e-02    3.2896106302e-02    8.9180501308e+01    2.9726833769e+01    2.9726833769e+01
    2.0109389409e+03    2.5265609983e+03   -7.0610846568e+04    1.1342040434e+02    1.1350112456e+02    1.1331644796e+02   -7.2303192409e-02    1.0141571065e-01   -1.6051298926e-02    8.9180501308e+01    2.9726833769e+01    2.9726833769e+01
    1.9837928020e+03    2.4924543557e+03   -7.0577947431e+04    1.1371685111e+02    1.1363858331e+02    1.1336074320e+02    9.6842559138e-02   -1.5856370333e-01    1.0679177497e-01    8.9180501308e+01    2.9726833769e+01    2.9726833769e+01
    2.0034157157e+03    2.5171087534e+03   -7.0600138701e+04    1.1376412020e+02    1.1329951318e+02    1.1332860894e+02    3.3694014086e-02    1.2895393259e-01   -3.5242184771e-02    8.9180501308e+01    2.9726833769e+01    2.9726833769e+01
    1.9976542664e+03    2.5098700189e+03   -7.0591997599e+04    1.1367012933e+02    1.1355596125e+02    1.1339402630e+02   -1.4955603806e-02    1.4640355399e-03   -4.6209111018e-02    8.9180501308e+01    2.9726833769e+01    2.9726833769e+01
    1.9991525592e+03    2.5117524869e+03   -7.0594821110e+04    1.1391976882e+02    1.1317481545e+02    1.1344228974e+02    3.1494676213e-02   -1.8071558175e-02    9.5613742675e-02    8.9180501308e+01    2.9726833769e+01    2.9726833769e+01
    2.0190751423e+03    2.5367833919e+03   -7.0625095323e+04    1.1370085363e+02    1.1314141821e+02    1.1332217150e+02   -1.9123888805e-02   -7.4887300532e-02    2.8052013308e-03    8.9180501308e+01    2.9726833769e+01    2.9726833769e+01
    1.9939303864e+03    2.5051913040e+03   -7.0587871969e+04    1.1332047497e+02    1.1366819526e+02    1.1354412587e+02   -5.8530650494e-02    1.6167980114e-01   -2.2943748912e-02    8.9180501308e+01    2.9726833769e+01    2.9726833769e+01
    2.0009469061e+03    2.5140069198e+03   -7.0599292387e+04    1.1360036674e+02    1.1343606869e+02    1.1342484957e+02    6.3537100612e-02    4.3691679314e-02   -8.5038715348e-02    8.9180501308e+01    2.9726833769e+01    2.9726833769e+01
    2.0093137116e+03    2.5245190463e+03   -7.0610328665e+04    1.1384944754e+02    1.1322511148e+02    1.1332702490e+02   -2.5213552324e-02    1.5748919677e-02    4.1199044454e-02    8.9180501308e+01    2.9726833769e+01    2.9726833769e+01
    1.9792764514e+03    2.4867799739e+03   -7.0571631081e+04    1.1351615785e+02    1.1364855466e+02    1.1362789030e+02   -2.1721778423e-01    8.4490772276e-02   -2.0656037847e-02    8.9180501308e+01    2.9726833769e+01    2.9726833769e+01
    1.9987694505e+03    2.5112711458e+03   -7.0596956496e+04    1.1353541759e+02    1.1351010865e+02    1.1346617019e+02    2.5827709509e-02    5.4199534939e-02   -5.5351762221e-02    8.9180501308e+01    2.9726833769e+01    2.9726833769e+01
    1.9866209829e+03    2.4960077065e+03   -7.0581422138e+04    1.1365589720e+02    1.1326946949e+02    1.1357074529e+02   -8.0195048440e-02    9.9382659278e-02    9.3747538133e-03    8.9180501308e+01    2.9726833769e+01    2.9726833769e+01
    1.9787302743e+03    2.4860937524e+03   -7.0571861304e+04    1.1392652429e+02    1.1355446454e+02    1.1327561597e+02   -4.5802171023e-02    4.7784108450e-03    1.2004128309e-01    8.9180501308e+01    2.9726833769e+01    2.9726833769e+01
    2.0003040453e+03    2.5131992239e+03   -7.0600770362e+04    1.1358780901e+02    1.1345359036e+02    1.1354778596e+02   -8.9309958700e-02    1.1885139571e-02    4.3011148010e-02    8.9180501308e+01    2.9726833769e+01    2.9726833769e+01
    1.9927019379e+03    2.5036478707e+03   -7.0593107424e+04    1.1367373267e+02    1.1351054753e+02    1.1340017959e+02    5.5655883893e-02    6.7607319442e-02   -1.0604361352e-02    8.9180501308e+01    2.9726833769e+01    2.9726833769e+01
    2.0093160354e+03    2.5245219659e+03   -7.0611075063e+04    1.1344874420e+02    1.1349462139e+02    1.1332731648e+02   -5.4971034541e-02    5.4523273917e-02    8.8314782013e-02    8.9180501308e+01    2.9726833769e+01    2.9726833769e+01
    1.9986522984e+03    2.5111239549e+03   -7.0596186351e+04    1.1357695044e+02    1.1337279246e+02    1.1330376760e+02   -3.3654674177e-02   -4.2218815228e-02    1.2763910332e-01    8.9180501308e+01    2.9726833769e+01    2.9726833769e+01
    1.9968842723e+03    2.5089025917e+03   -7.0592360431e+04    1.1353062190e+02    1.1357259142e+02    1.1332025973e+02   -8.0273297272e-02   -1.3279047444e-02    2.8139924081e-02    8.9180501308e+01    2.9726833769e+01    2.9726833769e+01
    2.0003695948e+03    2.5132815809e+03   -7.0599632460e+04    1.1363951905e+02    1.1325965327e+02    1.1351291307e+02   -6.7079512891e-02    2.9679587568e-02   -6.3957695476e-02    8.9180501308e+01    2.9726833769e+01    2.9726833769e+01
    2.0002150463e+03    2.5130874048e+03   -7.0598595190e+04    1.1355599483e+02    1.1344710014e+02    1.1332445165e+02    2.4679730717e-03    7.6589641920e-02    5.3979381766e-02    8.9180501308e+01    2.9726833769e+01    2.9726833769e+01
    2.0077563383e+03    2.5225623490e+03   -7.0610255054e+04    1.1341901673e+02    1.1336630218e+02    1.1366157522e+02   -1.1701615351e-01    7.5771677955e-02    1.7546638019e-01    8.9180501308e+01    2.9726833769e+01    2.9726833769e+01
    1.9923846810e+03    2.5032492665e+03   -7.0590452951e+04    1.1370754556e+02    1.1327957307e+02    1.1337648238e+02   -5.1413712363e-02   -1.9618256247e-01    1.8515283335e-02    8.9180501308e+01    2.9726833769e+01    2.9726833769e+01
    2.0057334720e+03    2.5200208023e+03   -7.0607290919e+04    1.1378336040e+02    1.1331515175e+02    1.1335295014e+02   -2.4978219455e-02   -1.3648725130e-01   -3.5969103244e-02    8.9180501308e+01    2.9726833769e+01    2.9726833769e+01
    2.0068100718e+03    2.5213734517e+03   -7.0606308868e+04    1.1347981030e+02    1.1322174552e+02    1.1357361460e+02    1.4881099402e-01    1.8023614308e-01    8.5395904254e-02    8.9180501308e+01    2.9726833769e+01    2.9726833769e+01
    1.9974086815e+03    2.5095614639e+03   -7.0596182833e+04    1.1364761392e+02    1.1337701264e+02    1.1352618899e+02    4.0309806565e-02    7.2782200237e-03    7.3909886924e-03    8.9180501308e+01    2.9726833769e+01    2.9726833769e+01
    2.0083772514e+03    2.5233424696e+03   -7.0608916148e+04    1.1377831892e+02    1.1331971948e+02    1.1333172023e+02    5.8243108562e-02   -4.4138578369e-03   -5.4226407472e-02    8.9180501308e+01    2.9726833769e+01    2.9726833769e+01
    2.0208891950e+03    2.5390625832e+03   -7.0625660278e+04    1.1341265350e+02    1.1347702222e+02    1.1312984446e+02    7.4683253888e-02    6.8276026217e-02   -1.0679417994e-01    8.9180501308e+01    2.9726833769e+01    2.9726833769e+01
    2.0297614065e+03    2.5502097062e+03   -7.0635265904e+04    1.1370917186e+02    1.1319031946e+02    1.1328487235e+02    1.1008762377e-01   -3.8551241397e-02   -2.9973958674e-02    8.9180501308e+01    2.9726833769e+01    2.9726833769e+01
    2.0041674905e+03    2.5180532898e+03   -7.0605987922e+04    1.1332883144e+02    1.1350675686e+02    1.1351824700e+02    9.7986087334e-02   -6.8409440733e-02    4.6467621174e-02    8.9180501308e+01    2.9726833769e+01    2.9726833769e+01
    1.9883612462e+03    2.4981941883e+03   -7.0584316359e+04    1.1380022667e+02    1.1331601526e+02    1.1338669008e+02    6.2327566463e-02   -4.7155673643e-02    1.7872580162e-02    8.9180501308e+01    2.9726833769e+01    2.9726833769e+01
    2.0024540219e+03    2.5159004730e+03   -7.0600937163e+04    1.1368195622e+02    1.1328007171e+02    1.1351194944e+02   -5.5732745506e-02    2.6431675291e-02    1.3345647754e-01    8.9180501308e+01    2.9726833769e+01    2.9726833769e+01
    1.9913200728e+03    2.5019116836e+03   -7.0588502717e+04    1.1343274051e+02    1.1379076891e+02    1.1320094850e+02    8.0803964091e-03   -4.1082143193e-02   -9.3173343673e-03    8.9180501308e+01    2.9726833769e+01    2.9726833769e+01
    2.0104339128e+03    2.5259264766e+03   -7.0613056242e+04    1.1338043939e+02    1.1345964951e+02    1.1332509287e+02    4.1356428674e-02    7.4803558962e-02    1.0016949407e-01    8.9180501308e+01    2.9726833769e+01    2.9726833769e+01
    1.9952000974e+03    2.5067865798e+03   -7.0594296241e+04    1.1325881771e+02    1.1368092297e+02    1.1346078036e+02    5.5868379695e-02   -3.4592090691e-02   -7.4676297776e-02    8.9180501308e+01    2.9726833769e+01    2.9726833769e+01
    1.9969566863e+03    2.5089935732e+03   -7.0593169973e+04    1.1347668374e+02    1.1348943517e+02    1.1360789760e+02    1.3562591205e-01   -5.6760334513e-02   -4.6669879373e-02    8.9180501308e+01    2.9726833769e+01    2.9726833769e+01
    2.0040871370e+03    2.5179523329e+03   -7.0603191072e+04    1.1328811626e+02    1.1376721067e+02    1.1331966797e+02   -4.8713799537e-02   -9.6364993897e-02   -2.2472047391e-01    8.9180501308e+01    2.9726833769e+01    2.9726833769e+01
    1.9999170511e+03    2.5127130011e+03   -7.0599051723e+04    1.1344672680e+02    1.1349507957e+02    1.1349055649e+02    4.3007034362e-02    3.4468043330e-03    5.4598108896e-02    8.9180501308e+01    2.9726833769e+01    2.9726833769e+01
    2.0064194718e+03    2.5208826984e+03   -7.0606832085e+04    1.1350299656e+02    1.1358011208e+02    1.1332088826e+02   -1.4604854399e-01   -8.8925056195e-02    3.5296370887e-02    8.9180501308e+01    2.9726833769e+01    2.9726833769e+01
    1.9996429158e+03    2.5123685751e+03   -7.0597277590e+04    1.1345380467e+02    1.1346604613e+02    1.1336482688e+02    1.1350279394e-01    1.4839317073e-01   -2.3020906262e-02    8.9180501308e+01    2.9726833769e+01    2.9726833769e+01
    1.9946885156e+03    2.5061438241e+03   -7.0592603768e+04    1.1372995828e+02    1.1339684783e+02    1.1339372882e+02    9.1216568456e-02   -4.2698771935e-02   -5.5072156493e-02    8.9180501308e+01    2.9726833769e+01    2.9726833769e+01
    2.0045799184e+03    2.5185714676e+03   -7.0604862044e+04    1.1358521774e+02    1.1347458656e+02    1.1330866342e+02    5.2402165666e-02   -9.2716549262e-03    1.3822830104e-01    8.9180501308e+01    2.9726833769e+01    2.9726833769e+01
    2.0039258241e+03    2.5177496580e+03   -7.0602108472e+04    1.1354123547e+02    1.1335416358e+02    1.1354058009e+02    5.6418111419e-02   -4.1677808327e-02   -1.2634727594e-01    8.9180501308e+01    2.9726833769e+01    2.9726833769e+01
    2.0082189108e+03    2.5231435291e+03   -7.0608489036e+04    1.1363254735e+02    1.1352727574e+02    1.1317014048e+02    2.3594397446e-02    1.3252761894e-02   -1.0291098417e-01    8.9180501308e+01    2.9726833769e+01    2.9726833769e+01
    1.9957286534e+03    2.5074506621e+03   -7.0595169411e+04    1.1361435130e+02    1.1329037843e+02    1.1350863377e+02   -4.6779766236e-02    3.6142025085e-02   -3.6594825578e-02    8.9180501308e+01    2.9726833769e+01    2.9726833769e+01
    1.9916452818e+03    2.5023202789e+03   -7.0589729009e+04    1.1361122514e+02    1.1354290808e+02    1.1334016685e+02    6.4551535274e-02    9.5792589306e-02   -6.9764278597e-02    8.9180501308e+01    2.9726833769e+01    2.9726833769e+01
    1.9945367525e+03    2.5059531477e+03   -7.0591145963e+04    1.1374094512e+02    1.1357556756e+02    1.1312636992e+02    2.7711876024e-02    4.1877583061e-02   -1.3985143840e-01    8.9180501308e+01    2.9726833769e+01    2.9726833769e+01
    1.9951920904e+03    2.5067765198e+03   -7.0592069207e+04    1.1370088407e+02    1.1353837766e+02    1.1321778073e+02    1.4039309296e-01    3.9503466458e-02   -5.4581730850e-02    8.9180501308e+01    2.9726833769e+01    2.9726833769e+01
    1.9903848223e+03    2.5007366267e+03   -7.0587676534e+04    1.1363700405e+02    1.1360508306e+02    1.1335183389e+02   -8.2033757688e-02   -4.5927549882e-02   -1.4349943893e-01    8.9180501308e+01    2.9726833769e+01    2.9726833769e+01
    2.0105946905e+03    2.5261284791e+03   -7.0612305470e+04    1.1356190958e+02    1.1358734680e+02    1.1318937649e+02   -8.8424848526e-02    9.1317862551e-02    7.0723285412e-02    8.9180501308e+01    2.9726833769e+01    2.9726833769e+01
    1.9936000256e+03    2.5047762358e+03   -7.0591334905e+04    1.1363978385e+02    1.1330858644e+02    1.1346457260e+02    3.3683369493e-02   -6.1705491091e-02   -1.8060665733e-02    8.9180501308e+01    2.9726833769e+01    2.9726833769e+01
    1.9902376284e+03    2.5005516911e+03   -7.0585877209e+04    1.1355967830e+02    1.1354289050e+02    1.1357255170e+02   -3.1775175575e-02   -3.0869920008e-02   -9.5367199438e-02    8.9180501308e+01    2.9726833769e+01    2.9726833769e+01
    2.0041256372e+03    2.5180007049e+03   -7.0604941996e+04    1.1365633195e+02    1.1339878222e+02    1.1334601270e+02   -8.5563765174e-03    1.1752614788e-01   -1.5033694492e-02    8.9180501308e+01    2.9726833769e+01    2.9726833769e+01
    1.9932060232e+03    2.5042812078e+03   -7.0590347684e+04    1.1372436455e+02    1.1345008741e+02    1.1343002130e+02   -9.2992671854e-02   -7.8143682193e-02    6.6844257319e-02    8.9180501308e+01    2.9726833769e+01    2.9726833769e+01
    1.9953703298e+03    2.5070004613e+03   -7.0594333868e+04    1.1350482746e+02    1.1352203618e+02    1.1336400379e+02   -2.2806303811e-02    5.9400300273e-02   -6.4048972851e-02    8.9180501308e+01    2.9726833769e+01    2.9726833769e+01
    2.0130953073e+03    2.5292702756e+03   -7.0614273090e+04    1.1371899877e+02    1.1328032608e+02    1.1319466372e+02    9.3444196226e-02   -2.7227497201e-02   -1.0762154347e-01    8.9180501308e+01    2.9726833769e+01    2.9726833769e+01
    2.0011519184e+03    2.5142644989e+03   -7.0599273737e+04    1.1365623353e+02    1.1354203916e+02    1.1309113587e+02   -1.2906861174e-02    1.1459773541e-01   -1.8843201500e-01    8.9180501308e+01    2.9726833769e+01    2.9726833769e+01
    1.9910263383e+03    2.5015426329e+03   -7.0586486409e+04    1.1389212214e+02    1.1352556386e+02    1.1333689582e+02   -1.5992243424e-02    3.3335041289e-02    1.8183182345e-01    8.9180501308e+01    2.9726833769e+01    2.9726833769e+01
    2.0024942162e+03    2.5159509735e+03   -7.0600879489e+04    1.1374890799e+02    1.1352273933e+02    1.1323346532e+02    8.4518188477e-02   -3.1654083384e-02   -1.0517696272e-01    8.9180501308e+01    2.9726833769e+01    2.9726833769e+01
    2.0024942162e+03    2.5159509735e+03   -7.0600879489e+04    1.1374890799e+02    1.1352273933e+02    1.1323346532e+02    8.4518188477e-02   -3.1654083384e-02   -1.0517696272e-01    8.9180501308e+01    2.9726833769e+01    2.9726833769e+01
    2.0024942162e+03    2.5159509735e+03   -7.0600879489e+04    1.1374890799e+02    1.1352273933e+02    1.1323346532e+02    8.4518188477e-02   -3.1654083384e-02   -1.0517696272e-01    8.9180501308e+01    2.9726833769e+01    2.9726833769e+01
    2.0024942162e+03    2.5159509735e+03   -7.0600879489e+04    1.1374890799e+02    1.1352273933e+02    1.1323346532e+02    8.4518188477e-02   -3.1654083384e-02   -1.0517696272e-01    8.9180501308e+01    2.9726833769e+01    2.9726833769e+01
    2.0024942162e+03    2.5159509735e+03   -7.0600879489e+04    1.1374890799e+02    1.1352273933e+02    1.1323346532e+02    8.4518188477e-02   -3.1654083384e-02   -1.0517696272e-01    8.9180501308e+01    2.9726833769e+01    2.9726833769e+01
    2.0024942162e+03    2.5159509735e+03   -7.0600879489e+04    1.1374890799e+02    1.1352273933e+02    1.1323346532e+02    8.4518188477e-02   -3.1654083384e-02   -1.0517696272e-01    8.9180501308e+01    2.9726833769e+01    2.9726833769e+01
    2.0024942162e+03    2.5159509735e+03   -7.0600879489e+04    1.1374890799e+02    1.1352273933e+02    1.1323346532e+02    8.4518188477e-02   -3.1654083384e-02   -1.0517696272e-01    8.9180501308e+01    2.9726833769e+01    2.9726833769e+01
    2.0024942162e+03    2.5159509735e+03   -7.0600879489e+04    1.1374890799e+02    1.1352273933e+02    1.1323346532e+02    8.4518188477e-02   -3.1654083384e-02   -1.0517696272e-01    8.9180501308e+01    2.9726833769e+01    2.9726833769e+01
    2.0024942162e+03    2.5159509735e+03   -7.0600879489e+04    1.1374890799e+02    1.1352273933e+02    1.1323346532e+02    8.4518188477e-02   -3.1654083384e-02   -1.0517696272e-01    8.9180501308e+01    2.9726833769e+01    2.9726833769e+01
    2.0024942162e+03    2.5159509735e+03   -7.0600879489e+04    1.1374890799e+02    1.1352273933e+02    1.1323346532e+02    8.4518188477e-02   -3.1654083384e-02   -1.0517696272e-01    8.9180501308e+01    2.9726833769e+01    2.9726833769e+01
    2.0024942162e+03    2.5159509735e+03   -7.0600879489e+04    1.1374890799e+02    1.1352273933e+02    1.1323346532e+02    8.4518188477e-02   -3.1654083384e-02   -1.0517696272e-01    8.9180501308e+01    2.9726833769e+01    2.9726833769e+01
    2.0024942162e+03    2.5159509735e+03   -7.0600879489e+04    1.1374890799e+02    1.1352273933e+02    1.1323346532e+02    8.4518188477e-02   -3.1654083384e-02   -1.0517696272e-01    8.9180501308e+01    2.9726833769e+01    2.9726833769e+01
    2.0024942162e+03    2.5159509735e+03   -7.0600879489e+04    1.1374890799e+02    1.1352273933e+02    1.1323346532e+02    8.4518188477e-02   -3.1654083384e-02   -1.0517696272e-01    8.9180501308e+01    2.9726833769e+01    2.9726833769e+01
    2.0024942162e+03    2.5159509735e+03   -7.0600879489e+04    1.1374890799e+02    1.1352273933e+02    1.1323346532e+02    8.4518188477e-02   -3.1654083384e-02   -1.0517696272e-01    8.9180501308e+01    2.9726833769e+01    2.9726833769e+01
    2.0024942162e+03    2.5159509735e+03   -7.0600879489e+04    1.1374890799e+02    1.1352273933e+02    1.1323346532e+02    8.4518188477e-02   -3.1654083384e-02   -1.0517696272e-01    8.9180501308e+01    2.9726833769e+01    2.9726833769e+01
    2.0024942162e+03    2.5159509735e+03   -7.0600879489e+04    1.1374890799e+02    1.1352273933e+02    1.1323346532e+02    8.4518188477e-02   -3.1654083384e-02   -1.0517696272e-01    8.9180501308e+01    2.9726833769e+01    2.9726833769e+01
    2.0024942162e+03    2.5159509735e+03   -7.0600879489e+04    1.1374890799e+02    1.1352273933e+02    1.1323346532e+02    8.4518188477e-02   -3.1654083384e-02   -1.0517696272e-01    8.9180501308e+01    2.9726833769e+01    2.9726833769e+01
    2.0024942162e+03    2.5159509735e+03   -7.0600879489e+04    1.1374890799e+02    1.1352273933e+02    1.1323346532e+02    8.4518188477e-02   -3.1654083384e-02   -1.0517696272e-01    8.9180501308e+01    2.9726833769e+01    2.9726833769e+01
    2.0024942162e+03    2.5159509735e+03   -7.0600879489e+04    1.1374890799e+02    1.1352273933e+02    1.1323346532e+02    8.4518188477e-02   -3.1654083384e-02   -1.0517696272e-01    8.9180501308e+01    2.9726833769e+01    2.9726833769e+01
    2.0024942162e+03    2.5159509735e+03   -7.0600879489e+04    1.1374890799e+02    1.1352273933e+02    1.1323346532e+02    8.4518188477e-02   -3.1654083384e-02   -1.0517696272e-01    8.9180501308e+01    2.9726833769e+01    2.9726833769e+01
    2.0024942162e+03    2.5159509735e+03   -7.0600879489e+04    1.1374890799e+02    1.1352273933e+02    1.1323346532e+02    8.4518188477e-02   -3.1654083384e-02   -1.0517696272e-01    8.9180501308e+01    2.9726833769e+01    2.9726833769e+01
    2.0024942162e+03    2.5159509735e+03   -7.0600879489e+04    1.1374890799e+02    1.1352273933e+02    1.1323346532e+02    8.4518188477e-02   -3.1654083384e-02   -1.0517696272e-01    8.9180501308e+01    2.9726833769e+01    2.9726833769e+01
    2.0024942162e+03    2.5159509735e+03   -7.0600879489e+04    1.1374890799e+02    1.1352273933e+02    1.1323346532e+02    8.4518188477e-02   -3.1654083384e-02   -1.0517696272e-01    8.9180501308e+01    2.9726833769e+01    2.9726833769e+01
    2.0024942162e+03    2.5159509735e+03   -7.0600879489e+04    1.1374890799e+02    1.1352273933e+02    1.1323346532e+02    8.4518188477e-02   -3.1654083384e-02   -1.0517696272e-01    8.9180501308e+01    2.9726833769e+01    2.9726833769e+01
    2.0024942162e+03    2.5159509735e+03   -7.0600879489e+04    1.1374890799e+02    1.1352273933e+02    1.1323346532e+02    8.4518188477e-02   -3.1654083384e-02   -1.0517696272e-01    8.9180501308e+01    2.9726833769e+01    2.9726833769e+01
    2.0024942162e+03    2.5159509735e+03   -7.0600879489e+04    1.1374890799e+02    1.1352273933e+02    1.1323346532e+02    8.4518188477e-02   -3.1654083384e-02   -1.0517696272e-01    8.9180501308e+01    2.9726833769e+01    2.9726833769e+01
    2.0024942162e+03    2.5159509735e+03   -7.0600879489e+04    1.1374890799e+02    1.1352273933e+02    1.1323346532e+02    8.4518188477e-02   -3.1654083384e-02   -1.0517696272e-01    8.9180501308e+01    2.9726833769e+01    2.9726833769e+01
    2.0024942162e+03    2.5159509735e+03   -7.0600879489e+04    1.1374890799e+02    1.1352273933e+02    1.1323346532e+02    8.4518188477e-02   -3.1654083384e-02   -1.0517696272e-01    8.9180501308e+01    2.9726833769e+01    2.9726833769e+01
    2.0024942162e+03    2.5159509735e+03   -7.0600879489e+04    1.1374890799e+02    1.1352273933e+02    1.1323346532e+02    8.4518188477e-02   -3.1654083384e-02   -1.0517696272e-01    8.9180501308e+01    2.9726833769e+01    2.9726833769e+01
    2.0024942162e+03    2.5159509735e+03   -7.0600879489e+04    1.1374890799e+02    1.1352273933e+02    1.1323346532e+02    8.4518188477e-02   -3.1654083384e-02   -1.0517696272e-01    8.9180501308e+01    2.9726833769e+01    2.9726833769e+01
    2.0024942162e+03    2.5159509735e+03   -7.0600879489e+04    1.1374890799e+02    1.1352273933e+02    1.1323346532e+02    8.4518188477e-02   -3.1654083384e-02   -1.0517696272e-01    8.9180501308e+01    2.9726833769e+01    2.9726833769e+01
