-6.59064 -6.59065
-6.58256 -6.58256
-6.5951 -6.59518
-6.58837 -6.58848
-6.59271 -6.59265
-6.59009 -6.59015
-6.58943 -6.58939
-6.58875 -6.58877
-6.59086 -6.59081
-6.58602 -6.58636
-6.58942 -6.58942
-6.58501 -6.58528
-6.58681 -6.58699
-6.59505 -6.59501
-6.58649 -6.58654
-6.59428 -6.59436
-6.58594 -6.58594
-6.59475 -6.595
-6.58909 -6.58925
-6.58468 -6.5846
-6.59422 -6.59425
-6.58828 -6.58827
-6.59315 -6.59324
-6.58946 -6.58933
-6.58986 -6.58996
-6.59239 -6.59228
-6.58802 -6.58803
-6.59043 -6.59037
-6.58598 -6.586
-6.59132 -6.59123
-6.58756 -6.58766
-6.59256 -6.59247
-6.59016 -6.59015
-6.58917 -6.58937
-6.59412 -6.59413
-6.58569 -6.58573
-6.59912 -6.59916
-6.5765 -6.57649
-6.59485 -6.59487
-6.59648 -6.59641
-6.58656 -6.58656
-6.59776 -6.59759
-6.58601 -6.58628
-6.58878 -6.5887
-6.58736 -6.58727
-6.58088 -6.58071
-6.58781 -6.58768
-6.58924 -6.5893
-6.59098 -6.59097
-6.5909 -6.5908
-6.59399 -6.59419
-6.51293 -6.51229
-6.50529 -6.50509
-6.51019 -6.50989
-6.54597 -6.54617
-6.50646 -6.50631
-6.52687 -6.52746
-6.46632 -6.46588
-6.52558 -6.52531
-6.52029 -6.52079
-6.56765 -6.56748
-6.54698 -6.54721
-6.51018 -6.5104
-6.48975 -6.49011
-6.49785 -6.49773
-6.55464 -6.55507
-6.49881 -6.49779
-6.36228 -6.36136
-6.51606 -6.51675
-6.55411 -6.55426
-6.46164 -6.46097
-6.47326 -6.47174
-6.47412 -6.47382
-6.53338 -6.5332
-6.43559 -6.43481
-6.51512 -6.51472
-6.55487 -6.55473
-6.38147 -6.38103
-6.54935 -6.54962
-6.53939 -6.53951
-6.49659 -6.49733
-6.52216 -6.52239
-6.51891 -6.519
-6.48834 -6.48797
-6.53008 -6.53
-6.51951 -6.51882
-6.55868 -6.55894
-6.39936 -6.39932
-6.51619 -6.51622
-6.53276 -6.53317
-6.52332 -6.5229
-6.52064 -6.52077
-6.52936 -6.52935
-6.52079 -6.52079
-6.52284 -6.5232
-6.57902 -6.57883
-6.58018 -6.57985
-6.56813 -6.56811
-6.58012 -6.58017
-6.57525 -6.57528
-6.57016 -6.56985
-6.58258 -6.58262
-6.57941 -6.57942
-6.56953 -6.56945
-6.5738 -6.57364
-6.57745 -6.57764
-6.57275 -6.57265
-6.57017 -6.57057
-6.57838 -6.57828
-6.57687 -6.57698
-6.57294 -6.57293
-6.58003 -6.58034
-6.56911 -6.56919
-6.57753 -6.5773
-6.57021 -6.57027
-6.57455 -6.57428
-6.5708 -6.57059
-6.57801 -6.57816
-6.5736 -6.57351
-6.57543 -6.5752
-6.58337 -6.58342
-6.57766 -6.57782
-6.57953 -6.57973
-6.57382 -6.57368
-6.56665 -6.56667
-6.58192 -6.58177
-6.58041 -6.5804
-6.576 -6.57598
-6.57173 -6.57181
-6.58238 -6.58226
-6.5848 -6.58481
-6.56719 -6.56723
-6.57824 -6.57807
-6.58151 -6.58154
-6.56957 -6.56952
-6.57655 -6.57639
-6.57524 -6.57541
-6.57326 -6.57321
-6.57475 -6.57496
-6.58128 -6.58122
-6.58392 -6.58373
-6.57345 -6.57355
-6.58029 -6.58032
-6.57596 -6.57585
-6.57391 -6.57365
-6.59086 -6.59111
-6.48496 -6.48431
-6.4897 -6.49023
-6.50005 -6.49986
-6.53713 -6.53709
-6.41662 -6.41479
-6.32929 -6.32886
-6.50907 -6.50933
-6.53048 -6.5304
-6.51033 -6.51034
-6.52773 -6.52851
-6.53511 -6.53499
-6.49925 -6.49879
-6.51673 -6.51642
-6.51242 -6.51198
-6.44629 -6.44614
-6.52531 -6.52528
-6.52516 -6.52564
-6.50908 -6.50961
-6.47788 -6.47884
-6.52845 -6.52905
-6.49512 -6.4947
-6.4138 -6.41322
-6.43499 -6.43554
-6.54196 -6.54205
-6.51703 -6.51667
-6.56258 -6.5625
-6.56592 -6.5656
-6.49613 -6.49521
-6.48903 -6.48817
-6.44434 -6.44363
-6.51923 -6.51921
-6.42203 -6.42164
-6.47661 -6.47578
-6.51688 -6.51724
-6.42204 -6.42232
-6.50103 -6.50099
-6.50797 -6.50808
-6.47002 -6.4694
-6.51053 -6.50952
-6.54362 -6.54335
-6.53024 -6.5303
-6.54698 -6.54736
-6.49871 -6.4994
-6.51348 -6.51296
-6.54872 -6.54879
-6.57049 -6.57075
-6.5557 -6.55596
-6.55158 -6.55196
-6.56585 -6.56587
-6.56855 -6.56864
-6.55661 -6.55696
-6.56798 -6.56793
-6.56086 -6.56111
-6.56189 -6.56196
-6.56327 -6.56329
-6.5621 -6.56184
-6.56598 -6.56576
-6.57265 -6.57261
-6.55908 -6.55897
-6.56076 -6.561
-6.5741 -6.57413
-6.55598 -6.55553
-6.57017 -6.57019
-6.56286 -6.56292
-6.56615 -6.56619
-6.55569 -6.55564
-6.57059 -6.57049
-6.56063 -6.56113
-6.56233 -6.56267
-6.56474 -6.5646
-6.56627 -6.56622
-6.56024 -6.5604
-6.55926 -6.55961
-6.55516 -6.55524
-6.5739 -6.5739
-6.55335 -6.5534
-6.56758 -6.56744
-6.56721 -6.56739
-6.55873 -6.55881
-6.5607 -6.56067
-6.56384 -6.5641
-6.56544 -6.56532
-6.56157 -6.56178
-6.56401 -6.56413
-6.55771 -6.55812
-6.56497 -6.56511
-6.56216 -6.56194
-6.56167 -6.56181
-6.55788 -6.55781
-6.56455 -6.56453
-6.56388 -6.56335
-6.55799 -6.5581
-6.56818 -6.56819
-6.5652 -6.56519
-6.56678 -6.56666
-6.48486 -6.48445
-6.43706 -6.43688
-6.49728 -6.49718
-6.4919 -6.49271
-6.46308 -6.46402
-6.53492 -6.5345
-6.5222 -6.52213
-6.51512 -6.5149
-6.44737 -6.44714
-6.44314 -6.44299
-6.37374 -6.37268
-6.50544 -6.50594
-6.48655 -6.48623
-6.50738 -6.50732
-6.44878 -6.44786
-6.52746 -6.52753
-6.52711 -6.52766
-6.50793 -6.50832
-6.51863 -6.51911
-6.51606 -6.51627
-6.49354 -6.49267
-6.49598 -6.49645
-6.50687 -6.50671
-6.52086 -6.52115
-6.46249 -6.46187
-6.5216 -6.52197
-6.49163 -6.49284
-6.51425 -6.51412
-6.50495 -6.50458
-6.54417 -6.54399
-6.44883 -6.4493
-6.53344 -6.53379
-6.47259 -6.4723
-6.49989 -6.50147
-6.41086 -6.40934
-6.48974 -6.49087
-6.51328 -6.51356
-6.43027 -6.42962
-6.52434 -6.52441
-6.27326 -6.27246
-6.44894 -6.44824
-6.48848 -6.48838
-6.46901 -6.47018
-6.48541 -6.48631
-6.55476 -6.55462
-6.55586 -6.55586
-6.54857 -6.54867
-6.55011 -6.55077
-6.54087 -6.54096
-6.54624 -6.54651
-6.55203 -6.55227
-6.5446 -6.54497
-6.56414 -6.56415
-6.55891 -6.55934
-6.54972 -6.5495
-6.55616 -6.55617
-6.54396 -6.54439
-6.55318 -6.55344
-6.55425 -6.55474
-6.55337 -6.55376
-6.55506 -6.55546
-6.54709 -6.54745
-6.54167 -6.54168
-6.55751 -6.55757
-6.5537 -6.55408
-6.55732 -6.55721
-6.54983 -6.54954
-6.54264 -6.54244
-6.55081 -6.55094
-6.54421 -6.54448
-6.55854 -6.5586
-6.54371 -6.5434
-6.55567 -6.55551
-6.55516 -6.55548
-6.54727 -6.54736
-6.56067 -6.56091
-6.54499 -6.54548
-6.55425 -6.55436
-6.55203 -6.55249
-6.55985 -6.55984
-6.55319 -6.55339
-6.55606 -6.55633
-6.55083 -6.55102
-6.54799 -6.54726
-6.55291 -6.55258
-6.54855 -6.5484
-6.54984 -6.5502
-6.55662 -6.55677
-6.54014 -6.53975
-6.54155 -6.54165
-6.56023 -6.5601
-6.54325 -6.54327
-6.55603 -6.55615
-6.536 -6.53602
-6.55238 -6.55215
-6.51586 -6.51546
-6.45817 -6.45905
-6.51397 -6.51395
-6.51072 -6.51054
-6.37777 -6.37747
-6.51734 -6.51732
-6.50536 -6.50538
-6.50016 -6.50062
-6.48096 -6.48042
-6.49969 -6.49974
-6.43022 -6.42962
-6.48755 -6.4872
-6.42354 -6.4222
-6.46829 -6.46965
-6.44555 -6.44538
-6.49602 -6.49568
-6.42238 -6.4219
-6.50487 -6.50493
-6.4771 -6.4777
-6.43246 -6.43202
-6.43109 -6.43012
-6.49731 -6.49761
-6.50794 -6.50742
-6.44151 -6.44061
-6.44072 -6.44048
-6.45893 -6.45866
-6.51276 -6.51316
-6.46891 -6.46836
-6.51405 -6.51444
-6.42007 -6.41962
-6.53784 -6.53838
-6.50541 -6.50518
-6.53017 -6.52989
-6.43686 -6.43632
-6.403 -6.40297
-6.49883 -6.49857
-6.43469 -6.4358
-6.45228 -6.45183
-6.25564 -6.25572
-6.52189 -6.5213
-6.50436 -6.50458
-6.49291 -6.4919
-6.46948 -6.47065
-6.45132 -6.45088
-6.53173 -6.53164
-6.53626 -6.53593
-6.54294 -6.5425
-6.529 -6.52956
-6.53487 -6.53529
-6.53848 -6.53866
-6.54338 -6.54302
-6.53229 -6.53298
-6.53575 -6.53529
-6.54507 -6.54488
-6.52703 -6.52673
-6.53162 -6.53199
-6.54715 -6.54674
-6.51939 -6.51953
-6.54151 -6.54146
-6.53621 -6.53607
-6.54422 -6.54441
-6.53686 -6.53721
-6.53725 -6.53781
-6.54423 -6.54451
-6.53338 -6.53379
-6.54051 -6.54008
-6.53574 -6.53626
-6.55323 -6.55369
-6.53567 -6.53529
-6.55223 -6.5521
-6.53933 -6.53989
-6.52684 -6.52661
-6.53992 -6.53996
-6.54831 -6.54824
-6.54214 -6.54228
-6.53898 -6.53866
-6.54297 -6.54353
-6.54096 -6.54112
-6.544 -6.54381
-6.54742 -6.54765
-6.5127 -6.51309
-6.54488 -6.54549
-6.53686 -6.53703
-6.52291 -6.52297
-6.55563 -6.55543
-6.54257 -6.54265
-6.53007 -6.53045
-6.54565 -6.54568
-6.54802 -6.54838
-6.52127 -6.52178
-6.54689 -6.54717
-6.53011 -6.52989
-6.53371 -6.53346
-6.53945 -6.53939
-6.53131 -6.53193
-6.4032 -6.40395
-6.49115 -6.49093
-6.47012 -6.46962
-6.44174 -6.44146
-6.44442 -6.44273
-6.46993 -6.47142
-6.50115 -6.5016
-6.44547 -6.44641
-6.46239 -6.46309
-6.42537 -6.4245
-6.45974 -6.46017
-6.46431 -6.46507
-6.49842 -6.49865
-6.35844 -6.35944
-6.38847 -6.38977
-6.4655 -6.46565
-6.52667 -6.5262
-6.48851 -6.48809
-6.39536 -6.39279
-6.41108 -6.41057
-6.44925 -6.44895
-6.47621 -6.47565
-6.51 -6.50962
-6.46753 -6.46731
-6.4144 -6.41421
-6.49379 -6.49355
-6.49158 -6.49087
-6.49785 -6.49862
-6.49572 -6.49679
-6.44244 -6.44267
-6.47431 -6.47506
-6.47403 -6.47545
-6.48349 -6.48349
-6.46928 -6.46996
-6.46547 -6.46524
-6.41285 -6.41246
-6.4937 -6.49318
-6.40621 -6.40461
-6.46095 -6.46103
-6.45048 -6.45097
-6.39059 -6.3917
-6.48651 -6.48643
-6.44598 -6.44517
-6.31619 -6.31654
