0.106099 0.0886519 0.0802309 0.0124205 -0.0015681 0.0952866 0.0959045 0.0801748 0.074785 0.0142643 -0.00153762 0.0977013
0.0488167 0.0937003 -0.0655742 -0.02518 -0.00122572 0.0874182 0.0427871 0.0909425 -0.0722878 -0.0246397 -0.00245462 0.0889711
0.0310116 0.0747948 -0.0806197 -0.00876165 -0.0032896 0.0762455 0.0221152 0.0677871 -0.0876534 -0.00771388 -0.00403725 0.0770906
0.105452 0.0780166 0.0419291 0.00198865 0.00421146 0.0327094 0.0980434 0.0694347 0.0367575 0.0027575 0.00419575 0.0327653
0.129577 0.0582708 0.051076 -0.00253263 -0.0253758 0.0290902 0.125756 0.0484884 0.0427196 -0.000475125 -0.0235181 0.0295472
0.0426218 -0.00943665 -0.233951 0.0100127 -0.108747 0.0442827 0.037086 -0.0138534 -0.240202 0.00963325 -0.109308 0.0447641
0.100979 0.123724 0.124748 -0.0243528 -0.0537781 0.058991 0.089419 0.116338 0.116995 -0.0256375 -0.0535316 0.0601688
0.0786533 0.0973347 0.029795 -0.0249553 -0.0732049 0.0901345 0.0705547 0.0925006 0.0259841 -0.0244852 -0.0736656 0.0911529
0.0600671 0.0193104 -0.149351 0.0144518 -0.0634068 0.0333183 0.0515647 0.0125725 -0.155345 0.0143736 -0.0630279 0.0313699
0.0676438 0.0491743 -0.0639596 0.0169121 -0.0414455 0.0203574 0.0643919 0.0432835 -0.069256 0.0178621 -0.0401028 0.0195635
0.155538 0.135698 0.221544 -0.0109141 -0.0280373 0.00301745 0.147739 0.123081 0.215675 -0.0119042 -0.027571 0.00322975
0.0406471 0.0548515 -0.157356 -0.0109689 -0.0433628 0.00519082 0.0351687 0.0465435 -0.163181 -0.0125649 -0.0438956 0.00195388
0.0556882 0.0601549 -0.101889 0.00844941 -0.0488108 -0.024825 0.0506921 0.0543186 -0.108649 0.00810163 -0.049858 -0.0261854
0.125402 0.116409 0.15357 0.00636712 -0.0289892 -0.0143118 0.11712 0.105458 0.147345 0.00559012 -0.028979 -0.0153333
0.0801358 0.0461397 -0.113107 0.0188935 -0.00381481 -0.0394927 0.0738003 0.0405559 -0.119575 0.0200811 -0.00497412 -0.0389099
0.0309366 0.0588175 -0.0840587 0.00515068 0.0389202 -0.0341274 0.021084 0.0498132 -0.0935103 0.00455425 0.0393308 -0.0336309
0.0698878 0.162705 0.086672 -0.00136639 0.0450717 -0.0381136 0.0635547 0.154939 0.0767245 -0.001368 0.0435805 -0.0388625
0.0610626 0.0880634 0.012391 -0.0118932 0.0257686 -0.0320729 0.0510898 0.0789797 0.0050365 -0.0125766 0.0268811 -0.0327931
0.0402172 0.0337655 -0.169686 0.00164077 0.0217053 -0.056813 0.0380457 0.0298464 -0.179325 0.002169 0.0204317 -0.0564436
0.122746 0.0928713 0.041484 0.0191657 0.0153796 -0.0399617 0.117641 0.0849206 0.0357376 0.020051 0.0169547 -0.0402487
0.103037 0.086131 0.0870921 0.0250068 -0.0183068 -0.0770085 0.0953498 0.0773309 0.0805112 0.0247716 -0.0178045 -0.076221
0.0177014 0.0669937 -0.15618 -0.0060778 -0.00188355 -0.0362261 0.0103909 0.0619149 -0.164491 -0.00465775 -0.002369 -0.0358128
0.0560784 0.127678 -0.00701405 -0.00760425 0.0144037 -0.0115055 0.0471352 0.121505 -0.0143409 -0.00902 0.013108 -0.0115606
0.097948 0.101332 0.0425111 -0.0131591 0.016029 0.0142475 0.0878256 0.0933616 0.0366635 -0.013949 0.0176815 0.0143244
0.090978 0.0625954 -0.0453218 0.00107324 0.0471279 0.0447636 0.0831891 0.05246 -0.0533352 0.001462 0.0477309 0.0461001
0.0680798 0.0294904 -0.116105 -0.00756042 -0.00218464 0.0132192 0.0603277 0.0236714 -0.125911 -0.00651225 -0.00255938 0.0136596
0.074872 0.120869 0.0590509 -0.0119384 -0.00819048 0.0333443 0.0678717 0.115289 0.0501564 -0.00945775 -0.009961 0.0322594
0.0824191 0.112121 0.0322244 -0.0131501 -0.00377906 0.0360721 0.0727896 0.10277 0.0233168 -0.0134464 -0.00588762 0.0367041
0.0652307 0.0720178 -0.104759 -0.00449447 0.0275069 0.0510039 0.0576235 0.0667315 -0.111873 -0.00448937 0.0270121 0.0501736
0.120913 0.0811605 0.0928103 0.0105775 0.0416764 0.079969 0.109046 0.072022 0.0862037 0.0112036 0.040541 0.0795191
0.0959158 0.0767764 -0.0375258 -3.33667e-05 0.060538 0.0870778 0.0896858 0.0696686 -0.0465561 0.0009585 0.0606045 0.088287
0.0322323 0.0542032 -0.0965622 -0.00424182 0.043414 0.045926 0.0239999 0.0478781 -0.107826 -0.0052975 0.0426152 0.0450039
0.10982 0.106073 0.0671365 -0.0205699 0.00389596 -0.00902481 0.106518 0.0975266 0.0587521 -0.0192125 0.00491363 -0.00949925
0.0675544 0.0682716 -0.0414287 -0.0159272 -0.0226942 -0.0242549 0.0618135 0.0598416 -0.0465564 -0.0177123 -0.0215047 -0.0255431
0.0635755 0.043288 -0.0665881 0.0138477 0.02378 -0.0210709 0.0553964 0.0356565 -0.0751017 0.0138252 0.0233579 -0.0210443
0.0835912 0.0835234 -0.0306131 -0.00198711 0.07053 0.000338984 0.0777701 0.076945 -0.0385841 -0.00389225 0.0702784 -0.000648625
0.0782287 0.119109 0.130421 0.000972002 0.0389674 -0.00914467 0.0674738 0.109127 0.125934 0.0002155 0.0396359 -0.008615
0.0458572 0.086767 -0.109432 -0.0141016 0.0282411 -0.0219006 0.0408561 0.0836884 -0.115185 -0.0155755 0.0283849 -0.022944
0.0756005 0.055197 -0.0361161 -0.0133069 0.0364746 -0.0711707 0.0691569 0.0464289 -0.0450435 -0.0141939 0.0362485 -0.0699004
0.0836612 0.0870761 0.0457637 -0.00837373 0.0614432 -0.059471 0.0725123 0.0747291 0.0380689 -0.00823275 0.0616943 -0.0581141
0.0879262 0.0508028 -0.0468405 0.0200882 0.0440784 -0.0636065 0.0825429 0.0432808 -0.0529211 0.0197875 0.0437427 -0.062105
0.0547595 0.0757635 -0.0521305 0.0303077 0.0477327 -0.0724582 0.0440144 0.0652324 -0.059762 0.0316685 0.0463607 -0.0723132
0.100297 0.080274 0.0130052 -0.0111262 0.0504447 -0.0478625 0.0948105 0.072904 0.00464163 -0.0122108 0.0498536 -0.0461174
0.0877301 0.0751814 0.0237153 -0.0146298 0.0667749 -0.0225517 0.0804864 0.0679449 0.0184624 -0.0143599 0.0674151 -0.0216257
0.0542242 0.0820724 -0.101942 0.00269288 0.0499487 -0.0522631 0.0444646 0.0737629 -0.110852 0.00121425 0.0493632 -0.0529936
0.109336 0.124227 0.100717 0.0013158 -0.0123489 -0.00114735 0.0984177 0.114547 0.0937402 0.000174125 -0.01333 -3.9875e-05
0.105777 0.114712 0.0661013 0.0247074 -0.0180977 0.0278482 0.0966106 0.108164 0.0594603 0.0231156 -0.0181999 0.0290929
0.0444274 0.0497693 -0.140342 0.0080873 -0.0257004 0.0367076 0.0392093 0.0453589 -0.150735 0.008954 -0.0257455 0.0367074
0.0793399 0.107984 0.0250136 -0.0120154 0.0270768 0.0357625 0.071919 0.0992951 0.0162445 -0.0117452 0.0267959 0.0354755
0.0973025 0.0798479 0.0158718 -0.0134066 -0.0176785 -0.00245215 0.0924698 0.0710009 0.00984887 -0.0118102 -0.0165577 -0.00212812
0.0444937 0.0449054 -0.107545 -0.010252 -0.041403 0.0186421 0.0370259 0.0357722 -0.114309 -0.0107913 -0.0404535 0.0178825
-0.214658 0.322459 0.035977 0.078239 1.04819 0.346183 -0.230892 0.316127 0.0416135 0.0819799 1.06099 0.344864
0.0439226 0.856803 0.329205 0.288752 1.05743 0.379533 0.0317876 0.857396 0.330254 0.288303 1.06062 0.375346
-0.671883 -0.120444 -0.000931797 -0.119158 0.770745 0.307293 -0.678911 -0.125611 0.00772625 -0.110398 0.782279 0.304848
-0.185573 -0.142779 -0.183042 0.0563458 0.286588 -0.491327 -0.188404 -0.147431 -0.179508 0.0524319 0.287906 -0.490902
1.10129 0.424146 0.520923 0.708101 0.239335 0.0165651 1.11149 0.427784 0.526704 0.709143 0.231526 0.0147391
0.0662317 -1.33937 -0.4963 -0.0969666 0.306812 0.0663727 0.070572 -1.33695 -0.490331 -0.0973458 0.309927 0.0674534
1.55222 1.49451 0.685182 0.405118 -0.723489 -0.100453 1.54888 1.50287 0.687691 0.404954 -0.719378 -0.101406
0.772606 0.743414 0.448903 -0.760735 -0.0500793 0.526367 0.780495 0.733037 0.44316 -0.76472 -0.0571211 0.522337
0.340982 -0.566818 -0.0610325 -0.413777 -0.155889 -0.611494 0.33543 -0.554435 -0.0509321 -0.404877 -0.158623 -0.608631
0.317198 0.809028 0.335282 0.0181756 0.139391 0.37095 0.310722 0.813066 0.328294 0.0224594 0.138764 0.37193
-0.139065 0.0673236 -0.029749 -0.150295 0.68413 0.0344268 -0.140152 0.0687636 -0.0238856 -0.146819 0.686797 0.033711
-0.0177171 0.920356 0.169878 0.206238 -0.221088 -0.777369 -0.0155567 0.912102 0.170977 0.19887 -0.223113 -0.773986
-0.352857 -1.41693 -0.313532 -0.445886 0.390094 -0.267958 -0.354354 -1.42792 -0.299088 -0.437408 0.396638 -0.264704
1.21656 1.51952 0.536049 0.402694 0.145416 -0.648712 1.22319 1.5206 0.535515 0.398218 0.139464 -0.643371
0.344109 0.848356 0.293672 0.0688435 0.258869 -0.359802 0.340461 0.843855 0.291241 0.0643081 0.258635 -0.355188
-0.316163 1.57176 0.4525 0.0908069 0.970125 0.0704544 -0.334199 1.58467 0.450457 0.0911249 0.98106 0.0700274
0.339324 3.02054 0.87711 0.348555 1.63292 0.293159 0.316975 3.00892 0.873594 0.342262 1.6353 0.284124
0.298824 -0.387258 0.0786875 -0.522369 0.303368 -0.564533 0.301863 -0.371425 0.0983853 -0.510796 0.299599 -0.557953
-0.0312995 -0.456297 -0.216104 0.246395 -0.11707 0.513208 -0.0356387 -0.454574 -0.21464 0.244623 -0.117483 0.513064
-0.0894465 0.505155 0.132146 0.959796 -0.877868 -0.477414 -0.0829547 0.485061 0.136303 0.967447 -0.881829 -0.482502
-0.34436 1.76228 0.485259 -0.105774 0.980455 0.182653 -0.358758 1.77962 0.485917 -0.0985239 0.990948 0.174407
-0.00947658 1.78162 0.460989 -0.00580563 0.65115 -0.624477 -0.0264786 1.78473 0.460279 -0.0174362 0.652372 -0.610362
0.514337 0.633442 0.362418 0.0745104 -0.625734 -0.655056 0.507101 0.633521 0.360215 0.0768406 -0.625658 -0.656985
1.33744 2.33136 0.76873 0.571328 -0.227417 -0.279604 1.32804 2.32533 0.770982 0.56092 -0.228694 -0.273567
0.284952 1.1426 0.213531 0.732703 -0.132973 0.224384 0.288326 1.14472 0.201628 0.732503 -0.1345 0.224846
0.868339 0.718153 0.252898 -0.307081 -0.0867937 -0.0738234 0.869201 0.718571 0.246138 -0.313864 -0.0854835 -0.075708
0.895541 2.90787 0.80995 0.423608 1.08876 0.219013 0.884086 2.89133 0.821058 0.412634 1.0857 0.214304
-0.590835 -0.164801 -0.0823463 -0.22636 0.338336 0.283961 -0.592099 -0.165793 -0.0738374 -0.219824 0.339537 0.282438
0.329426 0.125501 -0.0299863 0.0540871 -0.659634 0.182928 0.320554 0.121608 -0.0323117 0.0521319 -0.655719 0.183261
-0.876861 -1.60196 -0.406941 -0.349245 0.147425 -0.0868604 -0.863311 -1.59193 -0.38698 -0.351794 0.151591 -0.084985
1.44197 0.705302 0.416113 0.225786 -0.661541 -0.112586 1.4349 0.711357 0.41148 0.230313 -0.65364 -0.112908
-0.165541 0.203525 0.111675 0.659118 0.447151 0.480808 -0.163226 0.211195 0.122512 0.645698 0.444964 0.477781
0.821958 -1.25046 -0.20454 -0.142786 0.28082 0.424323 0.817294 -1.26226 -0.1992 -0.154644 0.288669 0.427742
-0.524409 -0.547619 -0.202769 -0.541619 -0.287463 -0.38849 -0.530655 -0.541988 -0.195085 -0.540262 -0.29201 -0.388222
0.198091 1.63722 0.337522 0.339814 0.250668 -0.197401 0.191534 1.64677 0.332732 0.335071 0.248641 -0.19013
0.118401 -0.805672 -0.118362 -0.0816361 0.157396 0.264714 0.117255 -0.799037 -0.113928 -0.0813884 0.156926 0.266829
1.36122 2.75708 0.870895 0.493516 0.688031 0.283094 1.35557 2.7157 0.869095 0.481526 0.679525 0.279656
0.905708 0.140369 0.3584 -0.561019 0.0391474 0.703948 0.909254 0.127048 0.352401 -0.565775 0.034443 0.703592
0.301909 -0.761439 -0.197391 -0.113505 -0.313418 0.375326 0.298765 -0.754832 -0.196205 -0.119077 -0.311765 0.380353
1.28742 0.624411 0.476268 -0.0968455 -0.421782 0.697261 1.28869 0.629139 0.476296 -0.0951238 -0.419597 0.704178
0.951524 0.696635 0.360207 -0.329968 -0.699355 -0.35686 0.941678 0.696719 0.359353 -0.334519 -0.69258 -0.356167
0.411018 -0.430341 0.10347 -0.22007 0.371217 0.668328 0.406384 -0.443598 0.103515 -0.220455 0.370577 0.671358
-0.167428 -0.267959 -0.155003 0.156038 0.873446 0.253435 -0.176243 -0.27278 -0.153811 0.154399 0.8831 0.252628
-0.614605 -0.547718 -0.163309 0.245637 0.3754 0.560827 -0.616438 -0.544407 -0.151579 0.246641 0.376751 0.566647
0.140353 0.105754 0.0457225 -0.000769246 0.0269343 0.0109776 0.134122 0.0974673 0.0382605 8.05e-05 0.0285089 0.0112968
0.0863736 0.0664434 -0.0806794 0.00160042 0.0880828 0.00767675 0.0803611 0.0606316 -0.0879835 -0.00035025 0.0890275 0.00784275
0.0651695 0.0974164 -0.118379 0.0116576 0.145839 -0.0215679 0.0601231 0.0959181 -0.12065 0.0103301 0.144042 -0.0229399
0.114382 0.190524 0.16131 0.00719742 0.13202 -0.0259852 0.107769 0.182628 0.154045 0.00693988 0.132418 -0.0261229
0.0841442 0.0930345 -0.0705161 0.00266082 0.128425 -0.0147225 0.0809779 0.0899849 -0.0803977 0.00184637 0.128149 -0.0147635
0.125828 0.106565 -0.0232458 -0.000109809 0.118391 0.0112674 0.122447 0.106876 -0.0295761 -0.002797 0.118993 0.0103414
0.103078 0.160328 0.112071 0.000162906 0.106885 0.0454942 0.0952514 0.156214 0.105077 0.00131325 0.105429 0.0463859
0.0360735 0.0901008 -0.09393 0.00207837 0.0672117 0.0330498 0.0316796 0.0877285 -0.0997011 0.00366275 0.0648355 0.0332219
0.122647 0.110249 -0.046543 -0.0085288 0.0111214 0.0173925 0.11783 0.105766 -0.053205 -0.00874525 0.0105874 0.0187321
0.139963 0.117546 0.0390474 0.0080193 0.035726 0.0177837 0.136897 0.116941 0.0363925 0.00795262 0.036022 0.0174639
0.105051 0.0979722 0.0223555 -0.0117967 0.0369158 0.0524408 0.097149 0.0924519 0.018056 -0.0112587 0.0350875 0.0523056
0.125937 0.0767341 -0.130386 -0.0132169 0.00955059 0.0568424 0.124925 0.0735528 -0.13839 -0.014214 0.0102081 0.0575106
0.126007 0.143052 0.0929008 -0.00202961 -0.0087912 0.0429737 0.124412 0.137686 0.0839019 0.000533875 -0.00825812 0.0419789
0.109217 0.166145 0.0785328 0.018977 0.016536 0.0246934 0.101949 0.160526 0.0712611 0.0197184 0.0168246 0.0242209
0.0415022 0.0291342 -0.254069 -0.0152524 -0.0642049 0.0362929 0.0361975 0.0268087 -0.259844 -0.0174531 -0.0647256 0.0356385
0.155339 0.0998462 0.0732713 -0.014566 -0.0580493 0.00758608 0.152617 0.0961984 0.065634 -0.0151274 -0.0577549 0.007495
0.140004 0.105189 0.105887 0.00506334 -0.0743833 -0.036061 0.135834 0.102522 0.0984796 0.00627512 -0.0740208 -0.0371265
0.0354255 0.103572 -0.20079 -0.0138252 -0.0872929 -0.013578 0.0322081 0.100705 -0.205434 -0.0139414 -0.0875604 -0.0112435
0.0892787 0.101596 -0.00222266 -0.00377197 -0.0890283 -0.00509011 0.0830485 0.10021 -0.00698162 -0.000707 -0.0890345 -0.004038
0.150936 0.158703 0.184583 -0.0299013 -0.0350939 0.0347053 0.145186 0.156009 0.179847 -0.0304136 -0.0357888 0.0348739
0.107376 0.0451207 -0.122276 -0.000809279 -0.0645543 0.0619325 0.104935 0.0436236 -0.127116 0.0010555 -0.0641062 0.0612577
0.0780441 0.0700509 -0.114589 0.0176459 -0.0436756 -0.0100065 0.078 0.0687539 -0.121444 0.0172669 -0.0438816 -0.00990525
0.173074 0.15627 0.219366 -0.00707645 -0.0295685 -0.0254477 0.162587 0.151321 0.210944 -0.00725537 -0.0313943 -0.025164
0.121824 0.0756758 -0.102969 0.00827617 0.0151225 -0.0163163 0.119399 0.0724725 -0.107435 0.0058755 0.0175369 -0.0167315
0.0136973 0.0504449 -0.182911 0.0132629 0.0490179 0.0372752 0.00773625 0.0458881 -0.190293 0.0124301 0.0501256 0.0392939
0.156274 0.166712 0.192707 0.0402573 0.0309753 0.0155663 0.147672 0.158467 0.184998 0.040072 0.0312707 0.015118
0.0842041 0.0379669 -0.115897 -0.00958888 -0.0258581 0.0305833 0.0807751 0.0305866 -0.123627 -0.0107181 -0.025365 0.029958
0.0877107 0.0564496 -0.0733787 -0.00966594 -0.0508917 0.00437262 0.0798859 0.0528849 -0.0782424 -0.0112166 -0.0506499 0.0029285
0.148346 0.1381 0.0810976 -0.0121969 -0.034602 0.0468199 0.14079 0.132515 0.0750363 -0.0117475 -0.0331819 0.0461905
0.0692948 0.129788 -0.0432597 -0.0327092 0.00993742 0.0207262 0.0644625 0.126286 -0.0520447 -0.0335214 0.00929912 0.0200273
0.0753587 0.0626546 -0.114005 -0.0107624 -0.000526323 -0.0216906 0.070886 0.0589037 -0.121762 -0.0106286 -0.00110312 -0.0217346
0.109921 0.114505 -0.00523284 0.0013675 0.0332944 -0.036707 0.106193 0.111024 -0.0123813 -0.00033625 0.0345389 -0.036887
0.0974475 0.129259 0.051704 0.0211097 0.0470041 -0.0223144 0.0926023 0.122567 0.044278 0.0221016 0.0478729 -0.0229977
0.0697348 0.0475271 -0.186315 -0.00564234 0.0132816 0.0325072 0.0661748 0.046875 -0.193461 -0.00550588 0.0125544 0.0320855
0.107027 0.101897 0.0421306 0.0115636 -0.00315667 -0.0183249 0.101636 0.0949211 0.0365691 0.0126079 -0.00506613 -0.019723
0.0980764 0.0992194 0.0137773 -0.00734364 0.0182752 -0.014071 0.093062 0.0904134 0.00659175 -0.008168 0.0179505 -0.0147591
0.058633 0.0851079 -0.154835 0.0116027 0.0338814 0.0110609 0.0560451 0.078831 -0.162705 0.0144136 0.0351608 0.0112126
0.138323 0.132777 0.0699923 -0.0280251 0.0279763 0.0567663 0.132004 0.125871 0.0603441 -0.0272512 0.0286102 0.0586312
0.104729 0.08421 -0.00399261 -0.00610046 0.0307818 0.04501 0.097894 0.0816567 -0.009193 -0.00504512 0.0297256 0.0457514
0.090763 0.065352 -0.122941 -0.0149434 0.0396009 0.0734047 0.0860525 0.0615891 -0.129494 -0.0142477 0.0407714 0.0739209
0.10183 0.169487 0.11187 -0.0245505 0.0511205 0.138225 0.0952856 0.163681 0.105106 -0.0228326 0.0497671 0.139656
0.144016 0.147414 0.111353 -0.00541773 -0.0320172 0.106614 0.135123 0.13769 0.10418 -0.00314125 -0.0323552 0.107524
0.0717399 0.050208 -0.0950128 -0.018849 -0.0418016 0.114085 0.0660772 0.0463835 -0.103769 -0.0196441 -0.0446748 0.113728
0.0776069 0.112129 -0.0404629 -0.00280959 -0.024153 0.0707924 0.0734182 0.111878 -0.0468299 -0.00398475 -0.0228246 0.0707269
0.101382 0.12008 0.0786201 0.0140166 -0.0535117 0.060739 0.0937966 0.115567 0.0722293 0.0155353 -0.0544208 0.0599579
0.0617611 0.0781291 -0.0945936 0.0135347 -0.02609 0.0249 0.0543994 0.0731635 -0.10359 0.0142913 -0.026605 0.025406
0.0771502 0.0559876 -0.147571 0.0141705 -0.0222449 0.0390406 0.0761202 0.0503245 -0.155775 0.0135506 -0.0214997 0.0385665
0.185959 0.113736 0.163915 0.0133085 -0.0265759 0.000646764 0.182734 0.104963 0.158303 0.0141879 -0.0263813 0.00200875
0.117072 0.0613515 -0.0711558 -0.0066471 -0.0266519 -0.00143542 0.112398 0.054651 -0.0770121 -0.00764712 -0.0258972 -0.0017825
0.111766 0.0493022 -0.116549 -0.00923329 -0.0275874 -0.0355249 0.110714 0.0448999 -0.126592 -0.00964025 -0.0270659 -0.0365404
0.0723255 0.0594 -0.0483969 0.00663008 -0.0424121 -0.0646277 0.0675426 0.0511199 -0.0582147 0.0073825 -0.0416534 -0.065294
1.02651 -0.016063 0.226448 0.764912 -0.269154 -0.830355 1.02953 -0.0290336 0.221433 0.774559 -0.275145 -0.834556
-0.0112193 -1.28633 -0.269182 -0.430305 0.317363 -0.390196 -0.00886125 -1.28233 -0.254934 -0.419643 0.32055 -0.383835
0.617528 1.64216 0.608836 0.152231 0.369319 -0.572624 0.613009 1.65001 0.60027 0.146716 0.364407 -0.566456
0.196858 -0.406388 -0.152091 -0.219132 -0.428688 -0.25429 0.187183 -0.402236 -0.15723 -0.215037 -0.429399 -0.251373
-0.568236 -0.679737 -0.0735671 0.201879 1.07112 0.453685 -0.572701 -0.701318 -0.080912 0.201693 1.10312 0.462384
1.22373 2.98875 1.10993 0.178801 1.36371 0.596974 1.22135 2.96625 1.11285 0.178574 1.36511 0.579841
-0.856747 -0.837352 -0.515512 0.0471067 -0.17401 -0.491784 -0.847749 -0.832258 -0.506776 0.049719 -0.179819 -0.500943
0.757306 0.51808 0.365129 0.0838667 -0.16758 0.722884 0.758028 0.51655 0.363303 0.08788 -0.168309 0.723888
-0.0841159 0.991328 0.111925 0.622627 -0.0971617 0.451054 -0.0808892 0.991945 0.109591 0.624982 -0.0988518 0.449749
-0.762272 0.017683 -0.224792 -0.0397136 -0.516409 -0.0360067 -0.7518 0.0104662 -0.21088 -0.0409325 -0.511182 -0.0360994
0.729241 -0.791289 0.116319 0.0182416 0.221121 0.268841 0.72583 -0.786688 0.120336 0.0149834 0.22337 0.269888
1.04592 0.577233 0.192219 0.614608 -0.206741 -0.685943 1.05547 0.573676 0.186354 0.621848 -0.21269 -0.684702
0.344724 0.75694 0.130092 0.612686 0.173549 0.438482 0.349028 0.768732 0.135366 0.61243 0.172384 0.435727
0.803899 0.653896 0.408567 -0.740804 0.139814 0.287387 0.817381 0.654468 0.404262 -0.746378 0.134905 0.283859
0.996328 0.254431 0.30492 -0.0665971 1.07474 0.609832 0.983716 0.242162 0.293813 -0.0713326 1.08004 0.602818
0.850281 0.490214 0.348779 -0.0977738 -0.381674 0.621834 0.851085 0.490273 0.34076 -0.0996649 -0.382859 0.627805
-0.660746 -0.48924 -0.269209 0.213497 0.436165 -0.168297 -0.653586 -0.482844 -0.265608 0.204744 0.440255 -0.168496
-0.542333 0.0110455 -0.243276 0.581486 0.281067 0.243041 -0.53941 0.00953087 -0.237122 0.571721 0.282465 0.238822
-1.04207 -1.52531 -0.474265 -0.275209 0.373256 -0.0734574 -1.02394 -1.52015 -0.458649 -0.275379 0.382646 -0.0706515
1.06084 -0.208506 0.175616 0.162843 0.329624 0.107269 1.05676 -0.197671 0.17892 0.163399 0.324517 0.10303
0.848172 1.40832 0.311743 0.150836 -0.542735 -0.034638 0.847624 1.41347 0.320028 0.149392 -0.5351 -0.0350688
1.80869 0.80163 0.791096 1.19904 -0.874911 -0.850572 1.79958 0.79112 0.781713 1.21007 -0.86759 -0.860598
0.114705 0.550895 0.208654 0.551563 1.07105 0.60168 0.101693 0.553467 0.231134 0.526975 1.07015 0.594465
0.675114 -0.179666 0.101005 0.156346 -0.430801 0.312028 0.66743 -0.176857 0.0948911 0.158325 -0.425471 0.313641
1.16721 1.18216 0.570802 0.0671333 -0.306675 -0.383915 1.17181 1.19449 0.568567 0.0632816 -0.308613 -0.385012
-0.547638 0.0211077 -0.160187 -0.0604581 -0.233683 -0.246981 -0.544631 0.0177574 -0.154101 -0.0606907 -0.23389 -0.245169
0.267335 -0.0402482 -0.0374931 0.240139 -0.0475683 0.149525 0.266942 -0.044929 -0.0463517 0.243471 -0.0476605 0.148244
0.999947 0.0205814 0.212379 -0.669998 -0.46118 0.815225 1.0049 0.0172263 0.21307 -0.68316 -0.467638 0.824338
1.27615 0.777554 0.471044 0.641742 -0.614881 -0.319703 1.2777 0.778347 0.468756 0.651523 -0.609859 -0.323799
1.74854 1.62283 0.670234 0.703845 -0.593283 -0.238365 1.74327 1.62102 0.666545 0.702445 -0.585145 -0.23604
-0.412608 -0.670852 -0.159483 0.0525643 -0.452214 0.414752 -0.417148 -0.667969 -0.154138 0.0504426 -0.4567 0.421352
1.01093 1.51328 0.54942 0.63712 -0.922817 -0.788664 1.01915 1.51003 0.560023 0.632775 -0.915198 -0.789958
1.65312 1.02405 0.668702 -0.35088 -0.705517 0.211502 1.65058 1.03385 0.665213 -0.353839 -0.700427 0.212963
-0.0636644 -0.673119 -0.197924 -0.277451 -0.510893 0.128872 -0.0702166 -0.662046 -0.193561 -0.284578 -0.507301 0.134403
1.28648 0.929844 0.693411 -0.0127615 1.26084 0.588371 1.27793 0.92485 0.683148 -0.0116065 1.2606 0.574891
-0.834145 -0.558094 -0.406283 -0.639364 -0.406883 0.0469789 -0.828286 -0.548785 -0.401478 -0.644635 -0.412761 0.0501726
-0.0962779 1.06097 0.273073 -0.15009 0.769839 0.439321 -0.106009 1.0627 0.268084 -0.140099 0.772327 0.42736
0.967518 1.20145 0.375972 0.730422 0.492417 -0.0185805 0.97728 1.20444 0.381099 0.731544 0.481772 -0.0180227
-0.367606 1.25141 0.360036 -0.34752 0.221431 0.125155 -0.365644 1.26518 0.353631 -0.344802 0.225358 0.117156
-0.0543083 0.370173 -0.113427 -0.266979 0.485136 -0.154914 -0.0604123 0.373679 -0.118209 -0.265738 0.487884 -0.155649
-0.626255 -0.0736641 -0.00327229 0.0358398 -0.584229 0.0800697 -0.624707 -0.0755524 0.00674238 0.0347777 -0.58929 0.0793409
-0.446316 -0.738887 -0.330571 0.0627472 0.106217 -0.0716185 -0.443988 -0.74026 -0.330428 0.0654981 0.105775 -0.0734684
-0.602534 -1.0237 -0.232449 -0.450493 0.569585 -0.166985 -0.593186 -1.02406 -0.22116 -0.43838 0.575638 -0.164598
0.964249 1.34917 0.419556 0.289671 0.331577 0.00689199 0.973554 1.34872 0.411775 0.291265 0.333341 0.0114711
0.165967 0.234497 0.18385 0.0263541 0.0887899 -0.0595534 0.157852 0.232405 0.176728 0.0266118 0.0914364 -0.0633445
0.0786524 0.0886326 -0.0988464 0.0076536 0.112753 -0.0144195 0.0742818 0.0842096 -0.103956 0.0087625 0.112174 -0.0141842
0.0922304 0.111975 -0.0957664 -0.00380963 0.0968481 -0.0043133 0.0913763 0.111175 -0.10062 -0.005864 0.0962626 -0.00681138
0.196077 0.20278 0.167588 -0.0330824 0.0886871 -0.0131193 0.191978 0.201529 0.163789 -0.0319161 0.0901855 -0.0138837
0.0618458 0.103595 -0.118148 -0.043025 0.122033 -0.0431185 0.0587291 0.102898 -0.123089 -0.04536 0.121555 -0.0432491
0.108544 0.0902446 -0.040764 0.00836323 0.0850563 -0.0182565 0.100759 0.0868181 -0.0470104 0.00798638 0.085917 -0.0171495
0.0929553 0.170041 0.0488635 0.0493498 0.100346 0.0258319 0.0919775 0.169693 0.0472116 0.0499679 0.101098 0.0278406
0.103517 0.0951718 -0.102473 0.0330014 0.0395959 -0.0154736 0.101936 0.0927068 -0.107495 0.0366811 0.0382541 -0.0166328
0.085395 0.111405 -0.104615 -0.0132632 0.0263914 -0.0112727 0.0877226 0.112779 -0.110731 -0.0170438 0.0259546 -0.0142463
0.136351 0.123823 0.0811417 -0.024879 -0.051005 -0.0610737 0.131634 0.119148 0.0791812 -0.0242472 -0.0502121 -0.0594182
0.11649 0.138715 -0.0398904 -0.00315998 -0.0785302 -0.0790727 0.118651 0.134383 -0.0431888 -0.00494412 -0.0776867 -0.0792267
0.0899736 0.0936572 -0.118789 0.0229041 -0.0684992 -0.0663401 0.0915679 0.0902902 -0.126424 0.0224641 -0.0714449 -0.0659053
0.132364 0.147024 0.0219406 -0.00881681 -0.0756877 -0.00789964 0.127955 0.145511 0.0153372 -0.00734525 -0.0776254 -0.00725425
0.0943074 0.131542 0.00529231 -0.00924489 -0.0435298 -0.0495212 0.0916554 0.129815 -0.00220925 -0.00721825 -0.0428286 -0.0499874
0.051073 0.0636308 -0.227355 -0.0119913 -0.0658925 -0.036694 0.051436 0.0645093 -0.234905 -0.010104 -0.0636316 -0.0361663
0.170942 0.14114 0.0322334 0.0153447 -0.0173169 -0.00686519 0.171589 0.141408 0.023725 0.0162037 -0.0194474 -0.00761875
0.133497 0.102278 0.0245801 -0.0211662 -0.0555334 -0.0167426 0.131873 0.0959064 0.0173375 -0.0191849 -0.0564273 -0.0140016
0.173935 0.104493 -0.0586885 -0.0189355 -0.113856 -0.00392526 0.173723 0.0984075 -0.0636358 -0.0194027 -0.113372 -0.00364413
0.0998805 0.11349 0.0363226 0.0141662 -0.0842076 0.00800947 0.0999485 0.110074 0.02988 0.0125296 -0.0852541 0.00825738
0.150195 0.139928 -0.0103411 -0.0101356 -0.074955 0.0173172 0.147323 0.138789 -0.0136191 -0.0101459 -0.073468 0.0168839
0.100619 0.0644511 -0.0932305 0.00314543 -0.0442913 0.00614743 0.101014 0.063548 -0.0972372 0.000984 -0.043202 0.003882
0.161656 0.163007 0.0345142 0.0282479 -0.0467793 0.024566 0.161914 0.155871 0.0288624 0.0304228 -0.0482425 0.0237292
0.0617072 0.09993 -0.111164 0.0125263 -0.00614471 -0.041511 0.0593803 0.0971823 -0.120722 0.012863 -0.00727737 -0.0424351
0.113268 0.122633 -0.0449452 -0.00877002 -0.0367568 -0.0129634 0.117613 0.117858 -0.053067 -0.00635025 -0.0359654 -0.0120006
0.182713 0.131626 0.106931 -0.0175905 -0.0644342 -0.000239962 0.177487 0.127719 0.100588 -0.0193535 -0.066382 -0.00068175
0.114121 0.0948427 -0.0865691 -0.00808659 -0.0736873 0.0670792 0.109039 0.0906952 -0.094601 -0.00826075 -0.0756374 0.0655797
0.107642 0.0930805 -0.0656663 0.0226011 -0.0676828 0.0573146 0.103173 0.0881322 -0.0703925 0.0204386 -0.0686903 0.0572084
0.143488 0.0984539 0.0141794 0.0326098 -0.0736063 0.145385 0.13909 0.0939573 0.0118787 0.0342121 -0.0732034 0.146101
0.151398 0.183047 0.0883913 -0.00813131 -0.0765759 0.097767 0.147685 0.175084 0.0853845 -0.009384 -0.0752966 0.0989466
0.1633 0.148382 -0.0125868 -0.0120253 -0.0352258 0.102877 0.165135 0.146046 -0.0167107 -0.0105964 -0.0371558 0.102745
0.0948821 0.13911 -0.0335561 0.00672831 -0.0249114 0.0744532 0.0941861 0.138156 -0.0400814 0.008084 -0.0242148 0.074047
0.0881692 0.101733 -0.198968 0.0330416 -0.0466223 0.0399232 0.0866761 0.102135 -0.201003 0.0300955 -0.045577 0.04159
0.164172 0.156933 0.0827277 -0.0265252 -0.0422615 0.0116083 0.158976 0.151275 0.0753237 -0.0245833 -0.04444 0.0121673
0.129135 0.0869002 -0.0299972 -0.00415156 0.0119658 0.000901032 0.128463 0.0876435 -0.0279316 -0.0028385 0.0115237 0.0013815
0.0975162 0.109332 -0.129532 -0.0110581 0.0145284 -0.0173485 0.0941139 0.104989 -0.130555 -0.00820163 0.0137773 -0.017976
0.187326 0.134651 0.042004 -0.00614658 0.0180163 -0.0186755 0.19037 0.133793 0.0393355 -0.0056775 0.0177704 -0.0185861
0.139168 0.101004 0.0224777 0.00568071 0.0284696 0.00776956 0.140875 0.0963929 0.018804 0.0047665 0.0282271 0.0065875
0.0764151 0.0915898 -0.147379 0.0186493 0.021137 0.0654383 0.0750097 0.0882054 -0.155215 0.0190213 0.0193135 0.0672246
0.137961 0.116115 -0.00840933 -0.0307848 0.00249894 0.113819 0.133417 0.112906 -0.0154598 -0.0319588 0.003251 0.112341
0.138969 0.156316 0.0905414 0.00101026 -0.000407571 0.0965007 0.139497 0.152016 0.0854764 -0.00019275 -0.00172512 0.0980268
0.0917859 0.0823077 -0.142196 0.00217389 -0.0506597 0.0482652 0.0854064 0.0821563 -0.146513 0.003165 -0.0519111 0.0483328
0.133191 0.117207 -0.0190117 -5.70863e-05 -0.0676935 0.0465816 0.133411 0.111374 -0.0200599 -0.000495 -0.0684941 0.0472019
0.101727 0.123887 -0.0127525 -0.0164824 -0.072218 0.0154662 0.0981349 0.122254 -0.0189223 -0.0194617 -0.0707999 0.0163823
0.131885 0.0794504 -0.0620366 0.0110105 -0.109074 0.0508447 0.134424 0.0776045 -0.0642521 0.0109321 -0.108219 0.0488246
0.107916 0.154386 0.0136396 0.00912556 -0.0800489 0.103242 0.106955 0.149423 0.007876 0.00857812 -0.0791012 0.101475
0.0646455 0.138314 -0.0934202 -0.00873955 -0.0717586 0.0695402 0.0624655 0.138478 -0.0981831 -0.00896513 -0.0722554 0.0710496
0.124615 0.153139 0.0366134 0.0132555 -0.0824917 0.0329808 0.122879 0.150608 0.0332711 0.0112921 -0.0832582 0.0319485
0.141902 0.111525 -0.072575 -0.0174147 -0.0313839 0.0934716 0.139319 0.114067 -0.0771179 -0.0196068 -0.0288881 0.0942329
0.125817 0.0813343 -0.00922083 0.026795 -0.0334279 0.0910887 0.126251 0.0774074 -0.0138989 0.0294675 -0.0340729 0.0913137
0.0875853 0.123356 -0.0904644 0.0199671 -0.0492959 0.0895325 0.0862239 0.122531 -0.102775 0.0185817 -0.0466911 0.0892738
0.0753469 0.132793 -0.0605867 -0.0287568 0.0116839 0.0475773 0.0765724 0.12916 -0.068098 -0.0290435 0.0112055 0.0490761
0.010845 -0.633169 -0.245451 -0.178102 0.711811 0.120462 0.0148556 -0.635532 -0.245677 -0.178898 0.720857 0.122062
0.778947 1.37416 0.401715 0.34617 1.10381 0.355843 0.779808 1.38098 0.407688 0.341298 1.10127 0.347187
-0.281018 -0.636599 -0.184915 -0.483904 0.334944 0.267655 -0.27599 -0.643196 -0.183262 -0.480449 0.338226 0.274306
-0.674331 -0.682218 -0.27952 -0.579445 0.135003 0.162399 -0.661762 -0.68668 -0.275457 -0.572436 0.130497 0.161033
-0.562138 0.218979 -0.105625 -0.789876 0.525357 -0.433894 -0.569757 0.219328 -0.0971566 -0.770077 0.521738 -0.430268
0.137669 -0.0852331 -0.0253731 0.472441 -0.365103 -0.25627 0.141149 -0.0871895 -0.0298214 0.478937 -0.368341 -0.261665
0.413538 0.332648 -0.000567345 -0.0982213 -0.588243 -0.20598 0.407797 0.334794 -0.00700563 -0.102579 -0.58511 -0.203139
0.62485 0.428595 0.36412 0.559066 -0.646499 -0.417144 0.620701 0.418776 0.356247 0.567757 -0.646082 -0.423287
1.10632 2.12127 0.704262 0.0283251 0.769131 0.379657 1.11088 2.12133 0.696948 0.0360119 0.765 0.366314
1.07822 1.65926 0.527703 0.89298 0.161634 -0.372357 1.08929 1.63806 0.527056 0.885095 0.155415 -0.363862
1.75948 2.72934 1.06507 0.360761 0.470792 0.356209 1.75184 2.70056 1.06324 0.354699 0.465728 0.351587
-0.114744 0.485961 0.0550402 -0.733412 -0.21869 -0.422938 -0.111911 0.48266 0.0627405 -0.723578 -0.219887 -0.416435
1.32794 0.851544 0.405816 0.299944 -0.643859 -0.0396796 1.32791 0.859918 0.403855 0.29891 -0.63858 -0.038317
0.857305 -0.554816 0.0953584 0.193528 0.375669 -0.326903 0.857404 -0.553998 0.0877946 0.196295 0.371633 -0.326462
1.24071 0.339557 0.49489 1.00653 -0.527461 -0.929033 1.24743 0.328298 0.487597 1.02187 -0.532897 -0.93497
-0.107145 0.0329213 -0.0127314 -0.490339 -0.454503 -0.298594 -0.107423 0.0267955 -0.00893112 -0.493057 -0.455415 -0.297198
-0.277973 -0.61311 -0.366254 0.124225 -0.261463 0.00423058 -0.272494 -0.604202 -0.371711 0.125187 -0.263885 0.00499362
-0.14246 0.616068 0.16494 0.123667 -0.625553 -0.197287 -0.13012 0.614387 0.175297 0.123118 -0.622237 -0.198413
0.449897 0.133991 0.109558 0.269818 0.0753913 -0.597512 0.451424 0.127768 0.11118 0.273571 0.0694482 -0.598703
-0.323901 0.829702 0.0119017 0.346699 0.0290524 -0.224037 -0.323473 0.833578 0.00779387 0.339444 0.029989 -0.217936
0.975081 1.02222 0.537253 0.418795 -0.659178 -0.232824 0.980743 1.02486 0.538496 0.424854 -0.657146 -0.236877
-0.320374 0.950994 0.155103 0.313377 -0.137585 -0.397503 -0.309367 0.949129 0.159816 0.304256 -0.136991 -0.394585
-0.427178 1.03492 0.131642 0.420809 0.262731 -0.226593 -0.426763 1.03476 0.125904 0.412039 0.262621 -0.21754
0.123848 0.611707 0.192076 0.162934 0.238627 -0.589299 0.115793 0.602417 0.19661 0.153639 0.238253 -0.588803
0.849487 -0.265717 0.176341 -0.356903 0.604146 0.676745 0.849412 -0.289331 0.164704 -0.358096 0.607206 0.679888
-0.0509074 0.600392 0.149809 -0.185203 0.274256 -0.494712 -0.0552442 0.589676 0.148412 -0.180922 0.271963 -0.492392
-0.0309301 0.175321 0.128642 -0.59818 0.495598 0.508147 -0.0254674 0.153793 0.121008 -0.584107 0.491844 0.499233
1.33349 0.30256 0.242316 -0.0771273 -0.464141 0.0160778 1.32911 0.302976 0.232603 -0.0750557 -0.457776 0.0144429
0.172618 0.453168 0.101486 -0.869466 -0.221006 0.0673265 0.179049 0.458114 0.0952531 -0.873083 -0.226596 0.0678014
0.727881 0.0704637 0.0524778 -0.0520865 0.0718099 0.283059 0.730853 0.0652122 0.0443494 -0.0532121 0.0749689 0.286461
0.306129 1.27081 0.390776 0.711764 0.473405 0.542598 0.311061 1.27498 0.394097 0.697198 0.468496 0.533961
-0.448999 0.377265 -0.120949 0.268379 -0.0535869 -0.254604 -0.439582 0.376576 -0.125867 0.265633 -0.0541044 -0.252807
-0.140216 -1.21236 -0.296881 -0.397726 0.731886 0.0467029 -0.141796 -1.23792 -0.292785 -0.387489 0.749883 0.0530599
-0.291263 -0.587048 -0.226825 -0.554472 0.256362 -0.476753 -0.289163 -0.582832 -0.217449 -0.53871 0.249871 -0.471171
1.61727 0.811606 0.656251 1.06847 -0.847851 -0.595597 1.61111 0.812615 0.654765 1.08085 -0.84541 -0.609544
-0.698792 0.376043 -0.265546 -0.84572 0.0567221 -0.288126 -0.692133 0.365936 -0.259512 -0.830477 0.0521434 -0.286507
-0.297701 0.402223 -0.176607 -0.344697 -0.0500903 -0.434733 -0.306982 0.40117 -0.172247 -0.344418 -0.047999 -0.431568
0.913793 -1.36707 -0.0391385 -0.143852 0.755985 0.271692 0.896488 -1.40573 -0.0464126 -0.145495 0.775837 0.27504
0.615971 0.813998 0.154796 -0.169103 0.475911 -0.141878 0.614358 0.820236 0.153061 -0.169164 0.474891 -0.141936
1.99143 1.59564 1.0931 1.74852 -1.38602 -1.20967 1.97998 1.54734 1.08119 1.75417 -1.37749 -1.22738
-0.21886 -0.44429 -0.0731075 -0.0363212 -0.79252 -0.600145 -0.255114 -0.434544 -0.0792584 -0.0423265 -0.807442 -0.623668
-0.740439 -0.362659 -0.22268 -0.37487 0.476466 -0.490716 -0.754099 -0.361111 -0.2196 -0.372494 0.481354 -0.49823
0.437155 -1.14139 -0.207492 -0.368197 0.439536 -0.343946 0.428088 -1.13925 -0.202166 -0.35537 0.445422 -0.333514
-0.78578 -0.805649 -0.380147 -0.560915 0.196344 0.205616 -0.779936 -0.815288 -0.378376 -0.558975 0.193752 0.207039
0.0465756 0.123147 -0.240763 -0.0296957 0.053427 0.0473747 0.0442956 0.117019 -0.248783 -0.0366634 0.051682 0.0475428
0.115201 0.156428 -0.0448207 0.0204508 0.0708266 0.0360805 0.113709 0.154691 -0.0504535 0.0215512 0.0690653 0.0354347
0.199135 0.170518 0.0849903 0.0472263 0.0481651 0.00269729 0.196267 0.169157 0.0800919 0.0471616 0.0472158 0.00315388
0.0922123 0.0659283 -0.222855 0.0095624 -0.00572279 -0.0868886 0.0933845 0.0662943 -0.226034 0.01062 -0.004848 -0.0849636
0.194843 0.166635 0.0425944 0.0298954 0.0203051 -0.131516 0.191169 0.168702 0.0405649 0.0250941 0.0209108 -0.132339
0.166092 0.195787 0.050135 0.0123937 0.0839256 -0.0916174 0.164242 0.198261 0.050966 0.010113 0.0836245 -0.0932081
0.177929 0.114367 -0.0327157 0.0180638 0.0515602 -0.140307 0.178858 0.110937 -0.0378902 0.0150619 0.0518873 -0.142128
0.1548 0.132617 -0.0525094 -0.0224762 -0.00215938 -0.00552648 0.158712 0.128805 -0.0601253 -0.0247383 0.00285537 -0.00500525
0.138816 0.137827 0.0194216 -0.0192477 -0.0450455 -0.0611642 0.132573 0.133423 0.0149606 -0.0197263 -0.0480855 -0.0607358
0.0816157 0.0227047 -0.243172 0.00905897 -0.0147878 -0.0640865 0.0847141 0.0217411 -0.251231 0.00690525 -0.0133736 -0.0628192
0.151511 0.128482 -0.0649071 -0.00733478 -0.0415606 -0.0432019 0.153111 0.132013 -0.0740893 -0.00436825 -0.0404334 -0.039035
0.152589 0.224151 0.0681375 0.0417889 0.00705233 -0.0431082 0.148823 0.225197 0.0645287 0.040648 0.00634513 -0.0460529
0.119494 0.147701 -0.103085 -0.00673883 0.0331325 -0.0323002 0.124304 0.147109 -0.102702 -0.00689125 0.033624 -0.0323641
0.151394 0.0740656 -0.0691593 -0.00969068 0.00491353 -0.0525445 0.150819 0.071798 -0.0727676 -0.00829287 0.00376925 -0.0526249
0.0764005 0.124408 -0.14825 0.0203335 -0.0455207 -0.0362386 0.0818806 0.121344 -0.155844 0.0244434 -0.0444759 -0.0347705
0.181976 0.123356 -0.077475 -0.0180701 -0.000713492 0.0211908 0.17701 0.1236 -0.0783895 -0.0191211 -0.00206588 0.0202648
0.129721 0.120598 -0.0439625 0.0432039 0.0602129 0.012447 0.129139 0.125221 -0.0470923 0.0448168 0.0605441 0.0114505
0.154649 0.136159 -0.042168 0.0597321 0.0222273 0.0188098 0.15229 0.137736 -0.0502414 0.0570609 0.0214282 0.0201134
0.13827 0.142126 -0.0451926 -0.00738053 0.0381108 0.0357057 0.140283 0.142759 -0.0485826 -0.0104786 0.0385379 0.0325136
0.168822 0.164914 0.0183987 -0.0529876 0.052423 0.0138185 0.164868 0.164604 0.0116987 -0.050909 0.0523923 0.0144519
0.0849091 0.0863515 -0.215506 0.0147025 0.0343171 0.0211929 0.0863621 0.0867294 -0.219338 0.009969 0.0354444 0.0216607
0.110987 0.130238 -0.085444 0.0427074 0.028044 -0.0317047 0.112126 0.130503 -0.0896483 0.0417439 0.0274349 -0.0320045
0.114839 0.0856775 -0.0394787 0.0132026 -0.0171426 0.053343 0.11636 0.0882395 -0.046744 0.0111742 -0.0178983 0.0540923
0.162289 0.180855 -0.00229698 -0.0683483 -0.0296444 0.0761783 0.168096 0.17691 -0.00510987 -0.0717546 -0.0286496 0.0775487
0.106086 0.213009 -0.0575925 -0.030838 0.0364052 0.0127401 0.103653 0.209413 -0.067022 -0.0293441 0.0393146 0.0154009
0.203385 0.194689 0.0969635 0.0152947 0.00488952 0.0215591 0.198378 0.196828 0.086771 0.0181919 0.001594 0.0219104
0.13731 0.105188 -0.0197631 0.0514553 0.0204373 0.00237714 0.142392 0.106824 -0.0198709 0.0504679 0.0208496 0.000280125
0.0833068 0.0863625 -0.273626 0.00437438 -0.0608151 0.119354 0.0864123 0.0897199 -0.286023 0.00341712 -0.0581714 0.122052
0.14318 0.14712 0.061239 -0.0603941 -0.0600962 0.0845939 0.142759 0.14306 0.0606138 -0.0636109 -0.0584879 0.0867904
0.133493 0.134324 -0.0546033 -0.00887767 -0.0896136 0.0216268 0.129008 0.127233 -0.0604845 -0.00853675 -0.0892066 0.0227311
0.102024 0.0515567 -0.248498 0.0298607 -0.0871666 0.00262951 0.107199 0.0524042 -0.252047 0.0272236 -0.0871676 0.00241438
0.142324 0.186351 0.125896 -0.014426 -0.0323162 0.00707829 0.141191 0.185395 0.118222 -0.0112993 -0.0304559 0.00759412
0.142563 0.152643 -0.0222882 -0.015152 -0.1019 0.0281036 0.138771 0.153977 -0.0267238 -0.0164305 -0.100203 0.0293439
0.0897935 0.126177 -0.156746 -0.0192797 -0.0669263 0.0802474 0.0945352 0.125017 -0.163735 -0.0200923 -0.0685705 0.081186
0.201363 0.212741 0.15373 -0.00830295 -0.128503 0.0187965 0.199099 0.210892 0.142904 -0.0109241 -0.127155 0.020784
0.117276 0.096367 -0.0655459 0.00882448 -0.068763 0.038252 0.113793 0.0943581 -0.0777013 0.013655 -0.0684036 0.0380965
0.0859741 0.0542247 -0.319256 0.00377004 -0.0719683 0.00657233 0.0846573 0.0466859 -0.330632 0.006494 -0.0678539 0.00739762
0.138057 0.176619 0.0801228 -0.0187995 -0.10184 0.0523396 0.130307 0.172379 0.0716714 -0.0197427 -0.101339 0.0522716
0.139985 0.155873 -0.0282181 -0.0265086 -0.0872765 0.0495381 0.136653 0.158153 -0.0322471 -0.0280611 -0.0849364 0.0474127
0.0997901 0.135525 -0.13237 0.00459679 -0.0771878 0.0329869 0.0947289 0.141222 -0.136889 0.00866275 -0.0777925 0.0338236
0.149669 0.18614 0.0488899 0.0085975 -0.0476644 0.0322221 0.149833 0.183422 0.0480371 0.0142576 -0.0481181 0.0310466
0.127245 0.118467 -0.0946835 0.013623 -0.0513849 0.00193131 0.129402 0.114471 -0.101392 0.0122574 -0.0518884 0.00266262
0.133159 0.116917 -0.0740809 -0.0338365 -0.0620303 0.040913 0.134347 0.11426 -0.0731864 -0.0339461 -0.0598217 0.0402504
0.164753 0.167667 0.0647371 -0.00718456 -0.0737692 0.0918031 0.166122 0.164679 0.0614741 -0.00694538 -0.0739321 0.0882481
0.187235 0.164601 -0.0917002 -0.0111533 -0.111914 0.0719768 0.188656 0.164522 -0.0975595 -0.0150601 -0.114263 0.0710566
0.13179 0.156574 -0.0628845 0.029539 -0.044904 -0.0292033 0.137488 0.159514 -0.0680029 0.028482 -0.0430571 -0.0330299
0.133626 0.138392 -0.00444956 -0.00731129 -0.0799043 0.0080881 0.134592 0.134364 -0.0125938 -0.00710613 -0.0794816 0.00695587
0.10858 0.0952728 -0.169082 -0.0298524 -0.062781 -0.00861562 0.110667 0.0939635 -0.177119 -0.0294724 -0.0621742 -0.00909637
0.112222 0.114073 -0.0722462 0.00518305 -0.0426468 -0.0566313 0.105953 0.116115 -0.0748826 0.00919987 -0.0428584 -0.0604065
0.240547 0.178202 0.0899554 0.0326121 -0.0483445 -0.0745718 0.238596 0.182867 0.078028 0.0346512 -0.0521296 -0.0715778
0.127166 0.138517 -0.0991992 0.0161825 -0.102378 -0.0526047 0.127538 0.138493 -0.104665 0.0132138 -0.101112 -0.0507576
-0.171125 -0.101427 0.0466199 0.105599 -0.579162 -0.264805 -0.179075 -0.107118 0.0467974 0.10905 -0.582013 -0.272036
-0.887885 -1.08248 -0.458001 -0.56831 -0.238081 -0.211664 -0.889524 -1.07568 -0.449502 -0.575383 -0.253419 -0.212496
-0.591496 -0.165091 -0.301657 -0.336254 0.41338 -0.296726 -0.590756 -0.15731 -0.296428 -0.335161 0.416892 -0.297334
-0.442861 0.440902 0.0618576 -0.213367 0.251671 0.415785 -0.447001 0.442959 0.0618336 -0.204634 0.250817 0.41303
0.967543 1.77999 0.621392 0.662033 1.04568 0.0340935 0.978617 1.77242 0.622638 0.646717 1.0398 0.0311314
0.148187 0.792865 0.0271414 0.0342199 0.260617 0.203647 0.145491 0.797231 0.0201507 0.0334475 0.267811 0.200953
0.193919 0.197964 0.0163396 0.0969295 -0.655716 -0.188257 0.186434 0.191014 0.0135875 0.0966931 -0.655448 -0.192259
0.61753 -0.345897 0.0436083 -0.195759 0.483259 -0.26676 0.614047 -0.344312 0.045611 -0.190516 0.483121 -0.263174
0.949545 1.45937 0.426699 0.12868 0.525044 0.0169956 0.955201 1.46238 0.419756 0.127721 0.527248 0.0151014
-0.210743 0.11217 -0.100952 -0.339196 0.609553 0.163096 -0.210664 0.11643 -0.102588 -0.331308 0.614763 0.162438
0.676788 1.58818 0.631177 -0.259339 -0.2883 0.886309 0.693683 1.59003 0.622332 -0.248637 -0.293436 0.880981
0.966009 1.32291 0.43163 0.106566 -0.336062 0.482938 0.973698 1.33791 0.436416 0.104616 -0.3369 0.483209
1.38524 1.69126 0.631901 0.244971 -0.356425 0.79513 1.40098 1.69248 0.631693 0.239047 -0.361094 0.79751
-0.713517 -0.0315215 -0.108495 -0.806126 0.334471 -0.22368 -0.716331 -0.0216943 -0.0955571 -0.788803 0.328051 -0.219802
1.03302 -1.0301 -0.208883 -0.306394 0.225642 0.51213 1.03673 -1.03969 -0.217942 -0.32177 0.224086 0.517104
-0.386475 0.841937 0.105149 0.0918094 0.123057 -0.310483 -0.381433 0.858249 0.104485 0.0907253 0.124906 -0.305703
1.49888 1.82191 0.857463 -0.097665 0.733144 -0.104747 1.50908 1.82311 0.85519 -0.095447 0.73625 -0.104627
0.461698 -0.160382 -0.13416 -0.366657 -0.49024 0.306942 0.461135 -0.157561 -0.13398 -0.371306 -0.491765 0.315711
0.743668 -0.480803 0.169716 -0.154476 -0.34702 0.746261 0.739003 -0.472692 0.16562 -0.162899 -0.34348 0.74847
1.41498 1.0129 0.719989 0.375989 -1.06504 -0.223023 1.41298 1.02135 0.728157 0.376774 -1.05609 -0.226014
0.0967739 -1.25997 -0.29651 -0.096419 0.832469 0.297132 0.0937111 -1.29994 -0.305934 -0.0958081 0.860585 0.309105
0.388868 0.242946 0.0208325 -0.33464 -0.559858 -0.402656 0.387037 0.240908 0.00881725 -0.33536 -0.555663 -0.401495
0.145494 0.892241 0.277451 -0.534028 0.127633 -0.375824 0.145951 0.88673 0.278172 -0.53079 0.129881 -0.374245
0.120269 1.96164 0.366801 0.0991388 0.318682 0.542068 0.122849 1.96231 0.367335 0.100417 0.322473 0.528073
0.287046 2.11534 0.473849 0.0332812 1.09002 -0.123341 0.273091 2.10929 0.464367 0.0329296 1.09893 -0.117267
0.979429 1.63141 0.327432 0.578082 -0.164391 0.202132 0.971047 1.63018 0.330501 0.569206 -0.165206 0.202975
-0.481787 -0.00365443 -0.182636 -0.00852733 -0.238094 -0.540781 -0.477047 -0.00538287 -0.180653 -0.0100791 -0.241466 -0.543294
1.27565 0.0974216 0.25988 0.413753 -0.206862 -0.76778 1.28451 0.0924164 0.252237 0.420533 -0.207402 -0.77123
0.816543 -0.186747 -0.055854 0.105471 0.524735 -0.237071 0.817153 -0.180504 -0.0555867 0.101162 0.520428 -0.238331
1.02718 1.76757 0.554498 0.702512 -0.554593 -0.667947 1.04068 1.76252 0.561173 0.691046 -0.55111 -0.665698
0.120726 -0.209151 -0.104863 -0.269164 0.119332 0.0577938 0.117705 -0.207031 -0.101007 -0.268442 0.117045 0.0572041
0.983508 1.04947 0.421069 0.1594 0.0500962 0.0994605 0.997098 1.05759 0.424016 0.157261 0.0529867 0.100369
0.457694 0.678854 0.229136 0.292018 -0.0690073 0.258408 0.464334 0.682391 0.221656 0.288969 -0.0705407 0.255274
-0.0380171 -0.0341644 0.0796346 0.395785 -0.975474 -0.530622 -0.0330681 -0.0456329 0.070133 0.40256 -0.98362 -0.542529
0.562881 1.38234 0.563723 0.802656 -0.847781 -0.50738 0.577881 1.36554 0.564191 0.801743 -0.835662 -0.508971
0.533327 0.943321 0.181697 -0.489848 0.122109 0.509804 0.542067 0.933239 0.173568 -0.484607 0.120487 0.505679
-0.615467 -1.56757 -0.3577 -0.506129 0.472658 -0.465824 -0.622104 -1.58208 -0.34389 -0.497426 0.482052 -0.464778
0.954668 1.48373 0.325944 -0.223851 0.606141 -0.357729 0.959067 1.485 0.329422 -0.222042 0.604013 -0.352502
1.42623 3.35611 1.40872 0.691777 1.37844 -0.0623186 1.43437 3.31483 1.41289 0.662426 1.37667 -0.0624189
0.73448 0.0128564 0.0340826 -0.0795336 -0.359257 -0.197579 0.729347 0.0208651 0.0277305 -0.0767184 -0.358189 -0.195547
-0.857646 -0.473566 -0.386497 -0.279246 -0.177273 -0.357729 -0.855306 -0.468878 -0.38056 -0.281374 -0.178173 -0.363904
0.510586 0.877644 0.343025 -0.484691 0.0851233 0.491983 0.510975 0.877585 0.334736 -0.483519 0.0804923 0.491473
-0.721633 -0.764011 -0.456916 -0.680174 0.10567 -0.168858 -0.713545 -0.758076 -0.449245 -0.669399 0.0996565 -0.166039
1.48527 -0.0410967 0.3608 0.328384 -0.544787 -0.77939 1.47513 -0.0310299 0.349113 0.336697 -0.535855 -0.788024
0.151027 0.120453 -0.168653 0.00737459 -0.0951584 0.0543329 0.151687 0.110885 -0.179751 0.0072855 -0.0896247 0.0552716
0.248151 0.240272 0.110678 -0.0101365 -0.0738735 0.0080941 0.246332 0.239919 0.106938 -0.0125276 -0.0735959 0.00814938
0.171499 0.115128 -0.0449777 -0.00687763 -0.134856 -0.053743 0.169759 0.11261 -0.0486505 -0.00657425 -0.135105 -0.0562422
0.164685 0.175568 -0.0953671 -0.00286495 -0.0744603 0.0411542 0.169863 0.180524 -0.101723 0.00067325 -0.0701141 0.0430694
0.176671 0.222845 0.0536634 0.0276031 -0.143129 -0.00799752 0.179148 0.229827 0.0557574 0.0286038 -0.13959 -0.00734375
0.173545 0.136806 -0.065039 -0.00534755 -0.106043 -0.0492503 0.17415 0.142749 -0.0731959 -0.0059035 -0.101912 -0.0511199
0.104768 0.14271 -0.111491 -0.0517484 -0.12606 0.033624 0.105829 0.144383 -0.116629 -0.0548324 -0.122984 0.0335366
0.101594 0.172272 -0.134196 0.0134939 -0.00326475 0.0467458 0.103115 0.176105 -0.135761 0.0115369 -0.00331312 0.0442495
0.168003 0.13363 -0.0859222 0.0101989 -0.0560863 0.0674657 0.16405 0.13483 -0.0897299 0.0096325 -0.0580302 0.0700131
0.210973 0.137083 0.0141204 -0.0455596 -0.115606 0.133401 0.211641 0.137105 0.00604188 -0.0472879 -0.114383 0.133363
0.173709 0.1972 -0.0279537 -0.00999926 -0.0817262 0.154962 0.178532 0.199908 -0.0264481 -0.00512175 -0.0800358 0.157184
0.212175 0.188399 0.000302541 0.0460735 -0.0547784 0.0685862 0.214334 0.187087 -0.0110855 0.0488805 -0.0525253 0.0675843
0.260973 0.134256 0.0871781 -0.0486853 -0.112684 0.034778 0.261668 0.137572 0.0830588 -0.0464801 -0.112418 0.031362
0.105033 0.113106 -0.273438 0.00838056 -0.0970222 -0.0897253 0.101951 0.116532 -0.281348 0.010671 -0.0997775 -0.0900253
0.1832 0.141238 0.0724464 0.0254343 -0.107027 -0.0266726 0.18357 0.14626 0.0680831 0.0285513 -0.105902 -0.027394
0.214117 0.220557 0.0502937 0.0444206 -0.0179559 0.0286449 0.211763 0.217495 0.0452177 0.0422455 -0.0192491 0.0270915
0.0638621 0.0690389 -0.290149 -0.0180465 0.0539197 0.0387298 0.0637423 0.0682056 -0.29597 -0.019802 0.0559566 0.0370736
0.216574 0.186407 0.0470341 -0.0526742 -0.0390769 0.0379224 0.21638 0.184031 0.0418384 -0.0527216 -0.0413695 0.0383158
0.179312 0.170254 -0.0419184 0.0250294 -0.0102954 -0.00860825 0.174409 0.170545 -0.0426354 0.0259678 -0.0118785 -0.00653087
0.13713 0.0776168 -0.197579 0.00200546 0.0266067 0.00740575 0.143515 0.0797174 -0.207769 0.00335037 0.0239577 0.00584175
0.226688 0.233777 0.0730144 0.0077585 -0.0106452 -0.0622581 0.232285 0.238418 0.0631989 0.0076195 -0.00918937 -0.061466
0.141619 0.149615 -0.0571529 0.0192597 -0.0158515 -0.0309516 0.131303 0.152021 -0.0708368 0.0221335 -0.0156249 -0.0338605
0.123391 0.20188 -0.131575 0.0195034 -0.00750953 -0.0377712 0.121343 0.208531 -0.142894 0.022912 -0.00835775 -0.0387554
0.140391 0.0671858 -0.0631246 -0.0351506 0.00945451 -0.00588443 0.144365 0.0693601 -0.0688581 -0.0339221 0.0105964 -0.00687075
0.155713 0.108843 -0.20111 -0.0500974 -0.00260438 0.0208849 0.15964 0.113233 -0.208708 -0.0497156 -0.00268087 0.0209245
0.0448537 0.0822961 -0.251756 -0.009592 0.01938 0.0356449 0.0506897 0.082448 -0.258887 -0.0105436 0.0188391 0.0364693
0.144811 0.204001 -0.0348918 0.0483653 0.0263258 0.0286332 0.143374 0.208339 -0.0433955 0.0497911 0.0318395 0.0282748
0.177026 0.152506 -0.0924781 0.0029937 0.0392232 0.0533993 0.174261 0.156885 -0.0990656 0.0033245 0.0407025 0.0546637
0.166193 0.112475 -0.0580526 -0.0023378 0.039149 0.0115388 0.171166 0.115002 -0.0594414 -6e-06 0.037027 0.0113371
0.143043 0.116919 -0.0989747 0.010366 0.0696181 0.0317561 0.144356 0.118349 -0.100898 0.00819025 0.0670066 0.0298767
0.165901 0.162266 -0.115049 -0.00836582 0.0302235 -0.034318 0.164269 0.164435 -0.119474 -0.0115888 0.0342907 -0.0327382
0.17266 0.184657 -0.0183169 -0.00917203 0.0123829 -0.0236043 0.171826 0.180105 -0.0270469 -0.00947762 0.0113197 -0.0205244
0.162729 0.16077 -0.0688098 -0.00819075 0.0150028 -0.0147897 0.164237 0.16377 -0.0744392 -0.0101278 0.0170334 -0.0146431
0.0853117 0.145127 -0.129417 0.00595924 0.0671836 -0.000320709 0.0824984 0.148359 -0.130988 0.00858838 0.0635171 -0.00016425
0.153939 0.185581 0.026672 0.00266533 -0.0112562 0.0283983 0.146031 0.180415 0.0179957 0.00365063 -0.0108495 0.0271988
0.115345 0.126037 -0.125371 0.00392691 -0.00501768 -0.0821911 0.113229 0.124127 -0.130165 0.00108525 -0.00689 -0.082472
0.230718 0.180954 -0.0852018 0.0165874 0.0268344 -0.0503039 0.232408 0.184938 -0.0889469 0.0132583 0.0272345 -0.0526394
0.172323 0.180446 0.034124 -0.0132064 0.0429745 -0.0341435 0.172996 0.182211 0.0205666 -0.0123668 0.040073 -0.0323561
0.187743 0.161423 -0.0586411 -0.0157755 0.00848746 0.031077 0.185993 0.15559 -0.0661376 -0.0101609 0.00891825 0.0336534
0.173186 0.103766 -0.206463 -0.0232754 0.0145214 0.0341465 0.173095 0.110326 -0.204902 -0.017188 0.0147479 0.0362957
0.123253 0.181871 0.0658385 -0.00684956 0.0333698 -0.0843937 0.123575 0.185051 0.0593709 -0.0074875 0.0321813 -0.0843212
0.10571 0.127355 -0.223725 -0.00309089 -0.10308 -0.0496746 0.104826 0.131378 -0.228908 -0.0047455 -0.106482 -0.0535913
0.15892 0.122508 -0.0812622 -0.00641142 -0.013208 -0.0693519 0.167402 0.126079 -0.0862151 -0.00946988 -0.0102755 -0.0661817
0.153484 0.1223 -0.0723934 0.0143069 0.023146 -0.0826013 0.150652 0.1214 -0.0775229 0.0130132 0.0222859 -0.0794737
0.0843906 0.100593 -0.129661 -0.032297 0.0358918 -0.0775223 0.0825001 0.10941 -0.132666 -0.0341187 0.0343673 -0.078508
0.193264 0.251911 0.0582059 -0.00610122 0.0747072 -0.0155893 0.19892 0.251461 0.0540371 -0.00566312 0.0773327 -0.0183177
0.108188 0.141255 -0.0649791 0.0192323 0.104155 0.0370012 0.110585 0.143088 -0.0704119 0.0223474 0.105113 0.0379024
0.161435 0.183503 -0.101982 0.00167345 0.112268 0.0447307 0.166934 0.182269 -0.101141 0.00431975 0.112492 0.0476241
0.137504 0.146404 -0.0126153 -4.45706e-05 0.0841417 0.0859224 0.133991 0.147651 -0.023041 -0.00108288 0.0820574 0.0855096
0.136742 0.165564 -0.0761928 0.00673741 0.0980273 0.125566 0.129625 0.157084 -0.0816612 0.0104758 0.101232 0.123844
0.185155 0.201264 0.0364576 0.0187468 0.0608894 0.100466 0.187096 0.211519 0.0321254 0.020167 0.0622026 0.0947253
0.153659 1.21519 0.272151 0.210704 -0.812182 -0.577047 0.177146 1.1863 0.271362 0.20573 -0.797635 -0.58189
-0.555611 0.509514 -0.0459942 0.601637 -0.0434313 0.0308075 -0.557401 0.512994 -0.0452916 0.59991 -0.040818 0.032713
0.523417 0.639561 0.0288347 -0.752055 -0.415046 0.185928 0.527972 0.628478 0.0252266 -0.749967 -0.420816 0.194155
0.764077 -0.681544 0.10583 -0.199423 -0.497192 0.563355 0.743998 -0.682393 0.109377 -0.200115 -0.493025 0.571443
0.962484 0.471857 0.214227 0.758922 -0.0690047 -0.615043 0.978833 0.466433 0.213289 0.770869 -0.0827035 -0.619199
0.503747 -1.11775 -0.0441653 -0.232273 0.324175 -0.0311777 0.488593 -1.12236 -0.0545668 -0.226239 0.333162 -0.0258086
-0.633395 -0.487224 -0.295318 -0.138793 0.331605 -0.3876 -0.635303 -0.478897 -0.288909 -0.136558 0.335256 -0.392711
-0.055131 1.42528 -0.0157502 0.491007 -0.142013 -0.259473 -0.0358799 1.41648 -0.0102041 0.478968 -0.134988 -0.253493
-0.0655229 -1.34511 -0.349067 -0.36588 0.357516 -0.191045 -0.0771009 -1.35274 -0.341454 -0.352496 0.359662 -0.181436
0.485031 1.84823 0.557551 0.0233191 -0.0551704 0.229621 0.500596 1.85433 0.549452 0.0227846 -0.0523072 0.227834
-0.13599 1.05147 -0.0127538 0.549869 0.250876 -0.397639 -0.132977 1.04692 -0.0210779 0.535287 0.252536 -0.389617
-0.306081 -0.922105 -0.326749 -0.370918 -0.210024 -0.241958 -0.306441 -0.912838 -0.326738 -0.369946 -0.212801 -0.234011
-0.689581 -0.359355 -0.0870346 0.343064 -0.468774 0.0282342 -0.68176 -0.353545 -0.0773885 0.347217 -0.471937 0.026827
1.23432 2.00961 0.699888 0.540279 -0.279661 0.825102 1.23286 1.96987 0.701365 0.514764 -0.279899 0.81411
0.984735 0.748021 0.384552 0.779409 0.694447 0.166867 1.0065 0.768742 0.410186 0.752201 0.676569 0.153502
-0.0318561 0.088323 0.123227 -0.010652 0.802996 0.510369 -0.0459608 0.0749798 0.119344 -0.00380962 0.811158 0.512412
0.697346 0.516398 0.274305 -0.269585 -0.0509278 -0.0692282 0.704696 0.517691 0.26878 -0.267224 -0.0509648 -0.0690445
-0.642163 -0.276302 -0.401016 0.382395 -0.453102 -0.0113873 -0.631474 -0.292959 -0.403831 0.383717 -0.45996 -0.014317
-0.477976 -1.01735 -0.205421 0.0171614 0.878216 0.411005 -0.47476 -1.07004 -0.228507 0.0138167 0.924846 0.42144
-0.801262 -1.1248 -0.359078 -0.432641 0.613311 0.129652 -0.793425 -1.16437 -0.359143 -0.428998 0.633957 0.135048
-0.761543 -1.01293 -0.589329 -0.562046 -0.125222 -0.0852513 -0.776548 -1.02063 -0.59683 -0.570174 -0.137518 -0.0837625
1.03174 0.201823 0.239991 0.215269 -0.494781 0.095953 1.03966 0.22 0.235886 0.214259 -0.490993 0.0959241
0.0335051 -0.121222 -0.128577 -0.325088 0.257045 0.505206 0.0357228 -0.128804 -0.133671 -0.32203 0.256603 0.506048
-0.481233 0.191835 -0.0592066 0.226867 0.57162 0.545352 -0.494292 0.198743 -0.0661461 0.234487 0.575022 0.548712
0.44164 -0.499494 0.0491343 -0.170409 0.840572 0.545364 0.42431 -0.526362 0.0287223 -0.174961 0.854525 0.552849
0.907259 0.0761994 0.197797 0.377334 -0.0403373 0.0852051 0.906942 0.0861836 0.193263 0.385227 -0.0376798 0.085606
0.900137 -0.204301 0.0288481 0.311693 -0.105014 -0.0105035 0.904815 -0.194855 0.0236951 0.31259 -0.100918 -0.0167673
-0.062974 -0.146087 -0.168213 0.00971517 0.407195 -0.391834 -0.069129 -0.145436 -0.162726 0.0123829 0.410768 -0.395417
-0.349513 -0.601203 -0.215626 -0.229036 0.461905 -0.0963009 -0.359308 -0.599918 -0.209874 -0.227725 0.465614 -0.0962555
0.636867 -0.956648 -0.300369 0.0853056 0.671171 0.0273805 0.635014 -0.973071 -0.312132 0.0795659 0.68385 0.0231161
0.498504 -1.02722 -0.086911 -0.0870226 -0.160743 -0.202857 0.485426 -1.01218 -0.0854355 -0.0837074 -0.153726 -0.20381
-0.79785 -1.3743 -0.543083 -0.281793 0.279085 -0.0738586 -0.786433 -1.37599 -0.531004 -0.286406 0.287123 -0.0760999
0.396011 0.23561 -0.0199636 -0.636761 -0.00266033 0.562207 0.406311 0.227361 -0.0250696 -0.635365 -0.0133574 0.563021
-0.519768 -0.0941535 -0.137883 0.227681 -0.678101 -0.633367 -0.512106 -0.111249 -0.141001 0.228258 -0.681902 -0.647231
1.12487 0.419304 0.148261 0.512934 -0.546574 0.100607 1.12741 0.425465 0.147643 0.517027 -0.538279 0.0922909
0.0145604 0.627681 0.149204 -0.514408 -0.81151 -0.71319 -0.00503438 0.609133 0.126262 -0.512946 -0.821388 -0.730474
-0.377723 0.256722 -0.0512763 -0.0424792 0.576142 0.392966 -0.381665 0.255463 -0.052384 -0.03676 0.582661 0.39039
1.86965 1.62954 0.651891 0.271959 -0.678899 -0.0973709 1.86482 1.62481 0.663236 0.266456 -0.673551 -0.0974614
1.14419 0.657255 0.554263 -0.44516 0.251707 -0.233726 1.15525 0.663042 0.560708 -0.442205 0.250186 -0.23335
0.624789 0.491624 0.0827583 -0.264086 -0.784775 -0.199661 0.624525 0.480542 0.0806871 -0.261877 -0.779245 -0.199601
1.32026 2.21445 0.693971 0.620667 0.194405 -0.670002 1.32264 2.17754 0.697393 0.597463 0.191419 -0.660412
0.220997 1.25215 0.240967 0.520595 0.397633 -0.279671 0.224974 1.25474 0.243096 0.515442 0.393996 -0.271521
0.993421 -0.962299 -0.12868 -0.154252 0.272602 0.387404 0.991149 -0.968718 -0.127441 -0.160499 0.270772 0.396189
1.90281 2.30196 0.92349 1.12338 -0.614722 -0.630916 1.91083 2.26114 0.941329 1.1002 -0.60905 -0.629965
