    2.0185308930e+03    1.6907330615e+03   -4.7092714047e+04    1.1341679504e+02    1.1309265788e+02    1.1342525917e+02   -8.3030921430e-03    2.6511330215e-02    1.4749279933e-01    5.9453667539e+01    2.9726833769e+01    2.9726833769e+01
    2.0118755551e+03    1.6851585123e+03   -4.7074552920e+04    1.1355155154e+02    1.1334193043e+02    1.1332769262e+02    7.3061968532e-02   -4.3865770936e-02    1.8953465149e-01    5.9453667539e+01    2.9726833769e+01    2.9726833769e+01
    1.9901147329e+03    1.6669315227e+03   -4.7057322596e+04    1.1384550902e+02    1.1355728704e+02    1.1344599238e+02    8.9012586899e-02    1.2964346145e-01   -4.9039383689e-02    5.9453667539e+01    2.9726833769e+01    2.9726833769e+01
    2.0063638481e+03    1.6805418749e+03   -4.7072253030e+04    1.1353683041e+02    1.1343656544e+02    1.1324555388e+02   -8.4705523232e-02   -2.0568400272e-02   -6.1793652678e-02    5.9453667539e+01    2.9726833769e+01    2.9726833769e+01
    1.9939806092e+03    1.6701696029e+03   -4.7059181770e+04    1.1383057782e+02    1.1328718953e+02    1.1340038829e+02   -1.2880055551e-01    6.9730148158e-02   -2.8124300829e-02    5.9453667539e+01    2.9726833769e+01    2.9726833769e+01
    2.0059758032e+03    1.6802168463e+03   -4.7069974995e+04    1.1373719484e+02    1.1344229081e+02    1.1353342820e+02    7.2850267026e-02   -6.4328618513e-02   -3.1673143206e-02    5.9453667539e+01    2.9726833769e+01    2.9726833769e+01
    1.9923778364e+03    1.6688271112e+03   -4.7058097068e+04    1.1424349268e+02    1.1328514481e+02    1.1305194491e+02   -4.7857501764e-02   -1.5283490976e-01    1.3165554107e-02    5.9453667539e+01    2.9726833769e+01    2.9726833769e+01
    2.0254144974e+03    1.6964988081e+03   -4.7086720862e+04    1.1366802490e+02    1.1312499884e+02    1.1359284138e+02    6.0775980150e-02   -6.6350694572e-02   -6.6371546250e-02    5.9453667539e+01    2.9726833769e+01    2.9726833769e+01
    1.9920236837e+03    1.6685304709e+03   -4.7058518802e+04    1.1349219673e+02    1.1368311026e+02    1.1343490992e+02   -7.3040418557e-03    2.0869979434e-02    2.2899471677e-04    5.9453667539e+01    2.9726833769e+01    2.9726833769e+01
    2.0002181731e+03    1.6753942222e+03   -4.7065601937e+04    1.1330019868e+02    1.1325715901e+02    1.1369671679e+02    7.7841538425e-02   -1.8442006966e-02    9.6699165004e-02    5.9453667539e+01    2.9726833769e+01    2.9726833769e+01
    1.9875322997e+03    1.6647684619e+03   -4.7056421605e+04    1.1400116405e+02    1.1325939244e+02    1.1333497143e+02    1.0216349185e-01    2.6775132405e-01    4.8801187211e-02    5.9453667539e+01    2.9726833769e+01    2.9726833769e+01
    1.9971041131e+03    1.6727858677e+03   -4.7061239927e+04    1.1355628018e+02    1.1377803049e+02    1.1326706736e+02    1.3920995393e-01    1.6239247520e-01   -9.6404568694e-02    5.9453667539e+01    2.9726833769e+01    2.9726833769e+01
    2.0069810002e+03    1.6810588050e+03   -4.7072940530e+04    1.1363657218e+02    1.1342692348e+02    1.1360146141e+02    1.6042654050e-02   -1.1365014920e-01    2.2703934011e-02    5.9453667539e+01    2.9726833769e+01    2.9726833769e+01
    2.0036913397e+03    1.6783033665e+03   -4.7066916833e+04    1.1384944836e+02    1.1307331386e+02    1.1330720490e+02    2.2569020870e-01    6.3322046790e-02    8.0978478351e-02    5.9453667539e+01    2.9726833769e+01    2.9726833769e+01
    1.9972189285e+03    1.6728820377e+03   -4.7062463196e+04    1.1378567101e+02    1.1348650403e+02    1.1363101542e+02   -2.5245716077e-01   -1.1460710541e-01    3.5466852045e-02    5.9453667539e+01    2.9726833769e+01    2.9726833769e+01
    1.9947441112e+03    1.6708091166e+03   -4.7060662179e+04    1.1361310258e+02    1.1371989053e+02    1.1326393654e+02   -2.5245603940e-02    9.0212647714e-02   -7.0368863215e-02    5.9453667539e+01    2.9726833769e+01    2.9726833769e+01
    2.0139146808e+03    1.6868664957e+03   -4.7077085446e+04    1.1347185314e+02    1.1330678960e+02    1.1364375829e+02    8.7580042516e-02    5.9092530550e-02    1.6950301635e-01    5.9453667539e+01    2.9726833769e+01    2.9726833769e+01
    1.9855628113e+03    1.6631188071e+03   -4.7053950042e+04    1.1377332700e+02    1.1361265314e+02    1.1315227684e+02   -1.3944549520e-01    2.1667607536e-02   -1.5229885058e-01    5.9453667539e+01    2.9726833769e+01    2.9726833769e+01
    1.9923817710e+03    1.6688304068e+03   -4.7058205939e+04    1.1376765320e+02    1.1328234750e+02    1.1362015116e+02    3.0078738928e-02   -2.9196475042e-02   -9.8412569984e-02    5.9453667539e+01    2.9726833769e+01    2.9726833769e+01
    2.0029087504e+03    1.6776478652e+03   -4.7069967114e+04    1.1383673604e+02    1.1355191239e+02    1.1291375201e+02    9.9699530411e-03   -4.6847270589e-02    2.3722952447e-02    5.9453667539e+01    2.9726833769e+01    2.9726833769e+01
    2.0061267568e+03    1.6803432859e+03   -4.7070425795e+04    1.1399618704e+02    1.1310025309e+02    1.1333329277e+02   -1.0225416711e-02   -1.7729158888e-01    1.2195007728e-02    5.9453667539e+01    2.9726833769e+01    2.9726833769e+01
    2.0073878539e+03    1.6813995880e+03   -4.7072409193e+04    1.1345538289e+02    1.1339534932e+02    1.1365057692e+02    1.0055999714e-02    8.3041392358e-02    2.1029714131e-02    5.9453667539e+01    2.9726833769e+01    2.9726833769e+01
    1.9996339472e+03    1.6749048712e+03   -4.7065943462e+04    1.1363932592e+02    1.1335427976e+02    1.1328164571e+02    1.2768296393e-01   -7.1518321024e-02    3.4451909158e-02    5.9453667539e+01    2.9726833769e+01    2.9726833769e+01
    1.9877848892e+03    1.6649800323e+03   -4.7056204462e+04    1.1377789753e+02    1.1333162464e+02    1.1368511815e+02    9.5311022269e-02    2.2535799278e-01    3.1110731270e-02    5.9453667539e+01    2.9726833769e+01    2.9726833769e+01
    2.0151004915e+03    1.6878597375e+03   -4.7078553017e+04    1.1380745415e+02    1.1319051019e+02    1.1321438719e+02   -1.1769602606e-01   -5.4296997180e-02   -4.5358467940e-02    5.9453667539e+01    2.9726833769e+01    2.9726833769e+01
    1.9914556545e+03    1.6680546864e+03   -4.7057470523e+04    1.1378115083e+02    1.1350059484e+02    1.1332014315e+02    6.4426298284e-02   -1.4715969026e-01   -5.4889876316e-03    5.9453667539e+01    2.9726833769e+01    2.9726833769e+01
    1.9772583565e+03    1.6561629481e+03   -4.7044953494e+04    1.1380824816e+02    1.1339370504e+02    1.1346167522e+02    4.1268347600e-03    2.6616685558e-02   -1.3832421910e-02    5.9453667539e+01    2.9726833769e+01    2.9726833769e+01
    2.0129114481e+03    1.6860261822e+03   -4.7076188233e+04    1.1381646613e+02    1.1329296383e+02    1.1318014419e+02    1.4574469847e-02   -1.2813533468e-01    2.1419614451e-01    5.9453667539e+01    2.9726833769e+01    2.9726833769e+01
    1.9836076616e+03    1.6614811624e+03   -4.7051475387e+04    1.1336831838e+02    1.1375634897e+02    1.1370080978e+02    3.5266639604e-02    2.2323249203e-01   -6.0868623439e-02    5.9453667539e+01    2.9726833769e+01    2.9726833769e+01
    2.0022442603e+03    1.6770912845e+03   -4.7065479020e+04    1.1354176288e+02    1.1340597140e+02    1.1359112426e+02    1.2352896077e-01    9.0739642692e-03   -3.3558498353e-03    5.9453667539e+01    2.9726833769e+01    2.9726833769e+01
    1.9853959858e+03    1.6629790731e+03   -4.7052618401e+04    1.1398878196e+02    1.1350967495e+02    1.1326419808e+02   -1.6803151996e-01    1.1621759153e-01    1.1484202316e-01    5.9453667539e+01    2.9726833769e+01    2.9726833769e+01
    2.0060704707e+03    1.6802961403e+03   -4.7069808294e+04    1.1366916258e+02    1.1336248672e+02    1.1342190962e+02    1.1009715898e-01   -9.2279862254e-02    1.4403734494e-02    5.9453667539e+01    2.9726833769e+01    2.9726833769e+01
    1.9987880969e+03    1.6741963822e+03   -4.7064364595e+04    1.1356378761e+02    1.1325955095e+02    1.1369499945e+02    9.9169250791e-02    1.4824390336e-01   -2.9876663942e-01    5.9453667539e+01    2.9726833769e+01    2.9726833769e+01
    2.0092589739e+03    1.6829668489e+03   -4.7072626923e+04    1.1370351122e+02    1.1349893983e+02    1.1314190064e+02    8.3164444526e-02   -6.3100582953e-02    4.1101305288e-02    5.9453667539e+01    2.9726833769e+01    2.9726833769e+01
    1.9904148353e+03    1.6671828903e+03   -4.7058291109e+04    1.1369606299e+02    1.1345108349e+02    1.1343006891e+02   -5.4103665201e-02   -6.1531152264e-02    4.7423481231e-02    5.9453667539e+01    2.9726833769e+01    2.9726833769e+01
    1.9725696591e+03    1.6522356682e+03   -4.7045420098e+04    1.1352635497e+02    1.1367495495e+02    1.1369471146e+02    1.4453181970e-01   -2.2376427787e-02   -1.2908508107e-01    5.9453667539e+01    2.9726833769e+01    2.9726833769e+01
    1.9924974037e+03    1.6689272615e+03   -4.7059795437e+04    1.1366632758e+02    1.1316878496e+02    1.1355119675e+02    1.0783731838e-01   -4.8183432878e-02    7.9072906628e-04    5.9453667539e+01    2.9726833769e+01    2.9726833769e+01
    2.0157191187e+03    1.6883779032e+03   -4.7079068709e+04    1.1349375243e+02    1.1345216795e+02    1.1352823059e+02   -1.7832905757e-01   -1.0570743467e-01    1.3741410435e-01    5.9453667539e+01    2.9726833769e+01    2.9726833769e+01
    2.0063707906e+03    1.6805476900e+03   -4.7071244194e+04    1.1346673083e+02    1.1337776198e+02    1.1337862512e+02    5.8887141108e-02   -1.4553768768e-02    3.3610950458e-02    5.9453667539e+01    2.9726833769e+01    2.9726833769e+01
    2.0236199110e+03    1.6949956522e+03   -4.7085182337e+04    1.1373914993e+02    1.1307606393e+02    1.1342652946e+02    1.2304504561e-01    5.7604081752e-02    1.4566863630e-01    5.9453667539e+01    2.9726833769e+01    2.9726833769e+01
    1.9969055118e+03    1.6726195181e+03   -4.7062767195e+04    1.1346414264e+02    1.1353177469e+02    1.1322354747e+02   -1.6525506290e-02    6.8885463043e-02    3.0743487351e-02    5.9453667539e+01    2.9726833769e+01    2.9726833769e+01
    2.0149220526e+03    1.6877102761e+03   -4.7079805856e+04    1.1336016521e+02    1.1341760196e+02    1.1360319297e+02    2.3559598794e-01   -2.0543148474e-02    7.3266584573e-02    5.9453667539e+01    2.9726833769e+01    2.9726833769e+01
    1.9967110602e+03    1.6724566443e+03   -4.7061782797e+04    1.1383354659e+02    1.1335531308e+02    1.1322320352e+02   -2.9470085814e-02   -2.5794010976e-02   -8.1680655296e-02    5.9453667539e+01    2.9726833769e+01    2.9726833769e+01
    2.0030965940e+03    1.6778052041e+03   -4.7068127160e+04    1.1363037846e+02    1.1321219340e+02    1.1337868231e+02    1.1017128214e-01   -1.3378162677e-01    6.0580556030e-02    5.9453667539e+01    2.9726833769e+01    2.9726833769e+01
    2.0148295713e+03    1.6876328132e+03   -4.7079088972e+04    1.1359442053e+02    1.1339056510e+02    1.1308860333e+02    6.5875453914e-02   -4.4629053904e-02   -9.9747626032e-02    5.9453667539e+01    2.9726833769e+01    2.9726833769e+01
    2.0005206801e+03    1.6756476039e+03   -4.7065876340e+04    1.1372134131e+02    1.1330973488e+02    1.1358352142e+02   -9.2749129713e-02   -8.5060807233e-04   -4.7303872352e-02    5.9453667539e+01    2.9726833769e+01    2.9726833769e+01
    1.9827915868e+03    1.6607976135e+03   -4.7052468347e+04    1.1384230761e+02    1.1349650916e+02    1.1355145984e+02   -3.4011678284e-02    5.1631435324e-02    2.4183009899e-01    5.9453667539e+01    2.9726833769e+01    2.9726833769e+01
    2.0070973681e+03    1.6811562755e+03   -4.7069821702e+04    1.1381556154e+02    1.1328153053e+02    1.1336482902e+02    1.1195950081e-01    1.4916563530e-01    1.1988185145e-01    5.9453667539e+01    2.9726833769e+01    2.9726833769e+01
    2.0188341395e+03    1.6909870625e+03   -4.7081924773e+04    1.1373888034e+02    1.1344753421e+02    1.1308496250e+02    4.7216047065e-02    1.4175015543e-01   -1.3777262438e-01    5.9453667539e+01    2.9726833769e+01    2.9726833769e+01
    1.9997493383e+03    1.6750015235e+03   -4.7063617635e+04    1.1364212392e+02    1.1329033444e+02    1.1348725999e+02   -1.3628202809e-02    1.7828580868e-01    6.7580803778e-02    5.9453667539e+01    2.9726833769e+01    2.9726833769e+01
    2.0000173883e+03    1.6752260437e+03   -4.7065187888e+04    1.1368486413e+02    1.1339211557e+02    1.1356074886e+02   -8.3411315407e-02    1.3115095811e-02   -3.5833141351e-02    5.9453667539e+01    2.9726833769e+01    2.9726833769e+01
    1.9957530815e+03    1.6716542359e+03   -4.7060069104e+04    1.1378052055e+02    1.1363376401e+02    1.1314936760e+02    1.5378747896e-01   -4.0005289234e-02   -1.2026062842e-01    5.9453667539e+01    2.9726833769e+01    2.9726833769e+01
    2.0040870971e+03    1.6786348552e+03   -4.7069853449e+04    1.1323513755e+02    1.1349884949e+02    1.1340980384e+02   -1.2604548110e-01    6.9909655004e-02    7.6554849551e-03    5.9453667539e+01    2.9726833769e+01    2.9726833769e+01
    2.0080194964e+03    1.6819286554e+03   -4.7073076124e+04    1.1340639965e+02    1.1336935701e+02    1.1378026973e+02    2.0221523390e-01    1.7836750939e-02    6.5919234135e-02    5.9453667539e+01    2.9726833769e+01    2.9726833769e+01
    1.9967125061e+03    1.6724578555e+03   -4.7061453115e+04    1.1357493974e+02    1.1352285057e+02    1.1364209350e+02   -1.4893230577e-01   -1.2018089971e-01   -1.1794363501e-01    5.9453667539e+01    2.9726833769e+01    2.9726833769e+01
    1.9941388028e+03    1.6703021067e+03   -4.7061318853e+04    1.1376623018e+02    1.1335879594e+02    1.1357509275e+02    3.1845781242e-02   -2.1333758765e-02   -1.9229026434e-01    5.9453667539e+01    2.9726833769e+01    2.9726833769e+01
    2.0076891513e+03    1.6816519565e+03   -4.7071679490e+04    1.1347752762e+02    1.1357160183e+02    1.1300446868e+02   -9.1506734665e-02    6.5690958611e-02    2.5895515454e-02    5.9453667539e+01    2.9726833769e+01    2.9726833769e+01
    2.0001558718e+03    1.6753420383e+03   -4.7065765464e+04    1.1379148128e+02    1.1311502891e+02    1.1338864789e+02   -2.3469256641e-01    3.8043021561e-02    2.6555194314e-02    5.9453667539e+01    2.9726833769e+01    2.9726833769e+01
    2.0181189503e+03    1.6903880160e+03   -4.7080820399e+04    1.1370739947e+02    1.1307060062e+02    1.1324350699e+02    1.0002424419e-01    7.4135443539e-02   -8.6283257982e-02    5.9453667539e+01    2.9726833769e+01    2.9726833769e+01
    1.9976327427e+03    1.6732286509e+03   -4.7062946982e+04    1.1382502044e+02    1.1373035179e+02    1.1299532187e+02    1.6041943612e-01    6.6185519101e-02    4.7393680655e-02    5.9453667539e+01    2.9726833769e+01    2.9726833769e+01
    1.9966710786e+03    1.6724231555e+03   -4.7062625484e+04    1.1359189784e+02    1.1326953836e+02    1.1370185623e+02    1.3696035412e-01    7.1107828711e-02    6.2641803982e-02    5.9453667539e+01    2.9726833769e+01    2.9726833769e+01
    2.0081952978e+03    1.6820759077e+03   -4.7072231124e+04    1.1397908549e+02    1.1326386745e+02    1.1322217408e+02   -9.6243664523e-03    6.5380637662e-04   -1.8761761353e-02    5.9453667539e+01    2.9726833769e+01    2.9726833769e+01
    1.9977989923e+03    1.6733679025e+03   -4.7063903926e+04    1.1365313660e+02    1.1331143151e+02    1.1336212105e+02   -1.9481398300e-01   -5.5843739689e-02    3.5807420342e-02    5.9453667539e+01    2.9726833769e+01    2.9726833769e+01
    2.0214560835e+03    1.6931832179e+03   -4.7082704634e+04    1.1346053641e+02    1.1329884019e+02    1.1322933540e+02    4.1472513348e-02    1.3230686715e-02    8.9736069849e-02    5.9453667539e+01    2.9726833769e+01    2.9726833769e+01
    2.0119275727e+03    1.6852020825e+03   -4.7074749788e+04    1.1339630630e+02    1.1298163105e+02    1.1374628269e+02   -1.6518131133e-01    1.6948590443e-01   -1.4074312328e-01    5.9453667539e+01    2.9726833769e+01    2.9726833769e+01
    2.0093537890e+03    1.6830462666e+03   -4.7072463533e+04    1.1360039395e+02    1.1323686969e+02    1.1374067311e+02    6.9598484913e-02   -2.2758770905e-01    9.5082190842e-02    5.9453667539e+01    2.9726833769e+01    2.9726833769e+01
    2.0000838422e+03    1.6752817059e+03   -4.7065815825e+04    1.1363257927e+02    1.1348570164e+02    1.1332942920e+02   -1.0951219886e-01    7.2792682539e-02    8.2043139924e-02    5.9453667539e+01    2.9726833769e+01    2.9726833769e+01
    2.0138672185e+03    1.6868267410e+03   -4.7079582934e+04    1.1367807570e+02    1.1317970310e+02    1.1329429115e+02    3.5487368527e-02   -3.3832192274e-02   -5.2353779919e-02    5.9453667539e+01    2.9726833769e+01    2.9726833769e+01
    1.9988904911e+03    1.6742821482e+03   -4.7064274457e+04    1.1366142833e+02    1.1366255980e+02    1.1340237931e+02    3.1092793369e-02   -5.1479668931e-02   -3.3833296174e-02    5.9453667539e+01    2.9726833769e+01    2.9726833769e+01
    2.0042569507e+03    1.6787771255e+03   -4.7069451045e+04    1.1365953409e+02    1.1350577188e+02    1.1348379849e+02   -1.2906187474e-01   -5.5149035800e-02    1.1529913844e-01    5.9453667539e+01    2.9726833769e+01    2.9726833769e+01
    2.0054477694e+03    1.6797745621e+03   -4.7071419567e+04    1.1383383550e+02    1.1359057674e+02    1.1323677416e+02    1.1420416160e-01   -1.8301699511e-01    6.7782324734e-03    5.9453667539e+01    2.9726833769e+01    2.9726833769e+01
    1.9906099307e+03    1.6673463033e+03   -4.7058028464e+04    1.1382203879e+02    1.1334638853e+02    1.1363030738e+02   -1.1896671206e-01    1.3231357276e-02   -5.1188468572e-02    5.9453667539e+01    2.9726833769e+01    2.9726833769e+01
    1.9828249276e+03    1.6608255400e+03   -4.7051677833e+04    1.1318101004e+02    1.1371300575e+02    1.1368929979e+02   -2.0486872183e-02   -1.3639439035e-03    8.4185070822e-02    5.9453667539e+01    2.9726833769e+01    2.9726833769e+01
    2.0044074408e+03    1.6789031769e+03   -4.7068070610e+04    1.1362088611e+02    1.1351543244e+02    1.1332601444e+02   -1.1390413772e-01    4.9402381079e-02    2.9414803026e-02    5.9453667539e+01    2.9726833769e+01    2.9726833769e+01
    1.9999099358e+03    1.6751360409e+03   -4.7064882687e+04    1.1388090715e+02    1.1340315812e+02    1.1321818896e+02   -9.1596687171e-02    8.7099058216e-02   -6.4261801396e-02    5.9453667539e+01    2.9726833769e+01    2.9726833769e+01
    2.0055197181e+03    1.6798348268e+03   -4.7070766705e+04    1.1388278184e+02    1.1310230143e+02    1.1352663120e+02    1.0896888215e-01   -9.1578769086e-02   -1.0828038425e-02    5.9453667539e+01    2.9726833769e+01    2.9726833769e+01
    1.9890622512e+03    1.6660499580e+03   -4.7056512891e+04    1.1362369053e+02    1.1349046628e+02    1.1329288200e+02    4.2348820510e-03    4.6116454235e-02   -1.0892627842e-01    5.9453667539e+01    2.9726833769e+01    2.9726833769e+01
    2.0053935155e+03    1.6797291188e+03   -4.7068149104e+04    1.1378099952e+02    1.1311946527e+02    1.1348729496e+02    5.5918781221e-02   -1.9224023740e-01   -1.2527177392e-02    5.9453667539e+01    2.9726833769e+01    2.9726833769e+01
    1.9646369963e+03    1.6455912243e+03   -4.7035512945e+04    1.1389451458e+02    1.1346074604e+02    1.1346931082e+02   -9.1951002981e-02   -2.6180212837e-02   -1.6963774275e-01    5.9453667539e+01    2.9726833769e+01    2.9726833769e+01
    1.9970092896e+03    1.6727064430e+03   -4.7063053725e+04    1.1414211481e+02    1.1328308524e+02    1.1327411047e+02   -9.8179271238e-02    5.0745469276e-02    7.6221607189e-02    5.9453667539e+01    2.9726833769e+01    2.9726833769e+01
    1.9792830220e+03    1.6578588195e+03   -4.7048764277e+04    1.1378411282e+02    1.1342987516e+02    1.1352831682e+02    1.5726695586e-02   -9.2343101340e-03    7.5226085262e-02    5.9453667539e+01    2.9726833769e+01    2.9726833769e+01
    2.0096577932e+03    1.6833009022e+03   -4.7073647053e+04    1.1340678022e+02    1.1321749830e+02    1.1367992909e+02   -3.8045539442e-02   -8.7094082672e-02   -3.6859085281e-02    5.9453667539e+01    2.9726833769e+01    2.9726833769e+01
    1.9840342061e+03    1.6618384386e+03   -4.7053861587e+04    1.1383454035e+02    1.1342538172e+02    1.1335834145e+02    1.1245085954e-01   -2.1942764651e-01   -1.0365801009e-01    5.9453667539e+01    2.9726833769e+01    2.9726833769e+01
    2.0142193187e+03    1.6871216621e+03   -4.7076012018e+04    1.1340895026e+02    1.1336565081e+02    1.1346956792e+02    9.9643506837e-02   -6.0198523999e-02    1.0503842776e-02    5.9453667539e+01    2.9726833769e+01    2.9726833769e+01
    2.0030675453e+03    1.6777808727e+03   -4.7069276281e+04    1.1351795359e+02    1.1360007592e+02    1.1327015988e+02    1.9245043541e-02    1.3844865909e-01   -9.4236022273e-02    5.9453667539e+01    2.9726833769e+01    2.9726833769e+01
    1.9869320840e+03    1.6642657177e+03   -4.7054098494e+04    1.1365503140e+02    1.1353485091e+02    1.1348464516e+02   -6.4263134883e-02   -1.2071444299e-02   -1.1047941605e-01    5.9453667539e+01    2.9726833769e+01    2.9726833769e+01
    1.9919497219e+03    1.6684685201e+03   -4.7058204449e+04    1.1362646851e+02    1.1343250720e+02    1.1325522248e+02    1.6153567398e-01   -1.2551073419e-01    1.1289684410e-01    5.9453667539e+01    2.9726833769e+01    2.9726833769e+01
    2.0105737852e+03    1.6840681424e+03   -4.7072608860e+04    1.1376024509e+02    1.1313086748e+02    1.1344449908e+02    2.6513679412e-02   -3.1549344143e-03    9.7666727611e-02    5.9453667539e+01    2.9726833769e+01    2.9726833769e+01
    2.0022332179e+03    1.6770820354e+03   -4.7066385824e+04    1.1400122296e+02    1.1329054509e+02    1.1327466926e+02   -2.5369587286e-02   -3.0636936517e-02    3.8226196037e-02    5.9453667539e+01    2.9726833769e+01    2.9726833769e+01
    1.9917660551e+03    1.6683146797e+03   -4.7058302512e+04    1.1389540765e+02    1.1360812273e+02    1.1319581289e+02    8.6768589972e-02    1.1184801681e-01    1.0509565114e-01    5.9453667539e+01    2.9726833769e+01    2.9726833769e+01
    1.9833536145e+03    1.6612683711e+03   -4.7052000750e+04    1.1356465017e+02    1.1354526056e+02    1.1351560497e+02    5.3296743432e-03   -1.5879333560e-01   -1.3054950066e-01    5.9453667539e+01    2.9726833769e+01    2.9726833769e+01
    2.0024771688e+03    1.6772863700e+03   -4.7069152328e+04    1.1353915995e+02    1.1340459494e+02    1.1353479242e+02   -1.2518694332e-01   -1.2565824125e-01    5.6348332596e-02    5.9453667539e+01    2.9726833769e+01    2.9726833769e+01
    1.9949076353e+03    1.6709460853e+03   -4.7061124385e+04    1.1400626133e+02    1.1312932684e+02    1.1338754490e+02   -6.9429320536e-02    6.9335119505e-02    2.1734781729e-01    5.9453667539e+01    2.9726833769e+01    2.9726833769e+01
    1.9839722146e+03    1.6617865142e+03   -4.7053058379e+04    1.1400052975e+02    1.1330251496e+02    1.1318003684e+02    2.7257361677e-02   -1.5447387565e-01   -1.3562206759e-01    5.9453667539e+01    2.9726833769e+01    2.9726833769e+01
    2.0047274445e+03    1.6791712138e+03   -4.7069042945e+04    1.1367967185e+02    1.1338299448e+02    1.1357834802e+02   -5.3637821811e-02   -3.2679961782e-03   -2.5199150136e-02    5.9453667539e+01    2.9726833769e+01    2.9726833769e+01
    1.9961895209e+03    1.6720198000e+03   -4.7062412255e+04    1.1324983932e+02    1.1358437933e+02    1.1348211247e+02   -6.6961203869e-02    1.4938705391e-01    1.0022338956e-01    5.9453667539e+01    2.9726833769e+01    2.9726833769e+01
    2.0052756543e+03    1.6796303975e+03   -4.7069639920e+04    1.1352714320e+02    1.1354696132e+02    1.1334975022e+02   -1.1200937022e-01   -1.9520735088e-01    1.6589465026e-02    5.9453667539e+01    2.9726833769e+01    2.9726833769e+01
    2.0047132310e+03    1.6791593085e+03   -4.7068027108e+04    1.1343895276e+02    1.1356591606e+02    1.1358427191e+02    2.2517728492e-01   -4.0182809407e-02    1.2438579041e-02    5.9453667539e+01    2.9726833769e+01    2.9726833769e+01
    1.9724051761e+03    1.6520978963e+03   -4.7039587255e+04    1.1388445317e+02    1.1343969410e+02    1.1375588023e+02    1.4651361201e-01    4.6735593641e-02    8.0301820258e-02    5.9453667539e+01    2.9726833769e+01    2.9726833769e+01
    1.9909436125e+03    1.6676257970e+03   -4.7058903193e+04    1.1365010395e+02    1.1385825394e+02    1.1308726478e+02   -7.9555448655e-02   -1.2392670800e-01    1.3856167591e-02    5.9453667539e+01    2.9726833769e+01    2.9726833769e+01
    1.9909436125e+03    1.6676257970e+03   -4.7058903193e+04    1.1365010395e+02    1.1385825394e+02    1.1308726478e+02   -7.9555448655e-02   -1.2392670800e-01    1.3856167591e-02    5.9453667539e+01    2.9726833769e+01    2.9726833769e+01
    1.9909436125e+03    1.6676257970e+03   -4.7058903193e+04    1.1365010395e+02    1.1385825394e+02    1.1308726478e+02   -7.9555448655e-02   -1.2392670800e-01    1.3856167591e-02    5.9453667539e+01    2.9726833769e+01    2.9726833769e+01
    1.9909436125e+03    1.6676257970e+03   -4.7058903193e+04    1.1365010395e+02    1.1385825394e+02    1.1308726478e+02   -7.9555448655e-02   -1.2392670800e-01    1.3856167591e-02    5.9453667539e+01    2.9726833769e+01    2.9726833769e+01
    1.9909436125e+03    1.6676257970e+03   -4.7058903193e+04    1.1365010395e+02    1.1385825394e+02    1.1308726478e+02   -7.9555448655e-02   -1.2392670800e-01    1.3856167591e-02    5.9453667539e+01    2.9726833769e+01    2.9726833769e+01
    1.9909436125e+03    1.6676257970e+03   -4.7058903193e+04    1.1365010395e+02    1.1385825394e+02    1.1308726478e+02   -7.9555448655e-02   -1.2392670800e-01    1.3856167591e-02    5.9453667539e+01    2.9726833769e+01    2.9726833769e+01
    1.9909436125e+03    1.6676257970e+03   -4.7058903193e+04    1.1365010395e+02    1.1385825394e+02    1.1308726478e+02   -7.9555448655e-02   -1.2392670800e-01    1.3856167591e-02    5.9453667539e+01    2.9726833769e+01    2.9726833769e+01
    1.9909436125e+03    1.6676257970e+03   -4.7058903193e+04    1.1365010395e+02    1.1385825394e+02    1.1308726478e+02   -7.9555448655e-02   -1.2392670800e-01    1.3856167591e-02    5.9453667539e+01    2.9726833769e+01    2.9726833769e+01
    1.9909436125e+03    1.6676257970e+03   -4.7058903193e+04    1.1365010395e+02    1.1385825394e+02    1.1308726478e+02   -7.9555448655e-02   -1.2392670800e-01    1.3856167591e-02    5.9453667539e+01    2.9726833769e+01    2.9726833769e+01
    1.9909436125e+03    1.6676257970e+03   -4.7058903193e+04    1.1365010395e+02    1.1385825394e+02    1.1308726478e+02   -7.9555448655e-02   -1.2392670800e-01    1.3856167591e-02    5.9453667539e+01    2.9726833769e+01    2.9726833769e+01
    1.9909436125e+03    1.6676257970e+03   -4.7058903193e+04    1.1365010395e+02    1.1385825394e+02    1.1308726478e+02   -7.9555448655e-02   -1.2392670800e-01    1.3856167591e-02    5.9453667539e+01    2.9726833769e+01    2.9726833769e+01
    1.9909436125e+03    1.6676257970e+03   -4.7058903193e+04    1.1365010395e+02    1.1385825394e+02    1.1308726478e+02   -7.9555448655e-02   -1.2392670800e-01    1.3856167591e-02    5.9453667539e+01    2.9726833769e+01    2.9726833769e+01
    1.9909436125e+03    1.6676257970e+03   -4.7058903193e+04    1.1365010395e+02    1.1385825394e+02    1.1308726478e+02   -7.9555448655e-02   -1.2392670800e-01    1.3856167591e-02    5.9453667539e+01    2.9726833769e+01    2.9726833769e+01
    1.9909436125e+03    1.6676257970e+03   -4.7058903193e+04    1.1365010395e+02    1.1385825394e+02    1.1308726478e+02   -7.9555448655e-02   -1.2392670800e-01    1.3856167591e-02    5.9453667539e+01    2.9726833769e+01    2.9726833769e+01
    1.9909436125e+03    1.6676257970e+03   -4.7058903193e+04    1.1365010395e+02    1.1385825394e+02    1.1308726478e+02   -7.9555448655e-02   -1.2392670800e-01    1.3856167591e-02    5.9453667539e+01    2.9726833769e+01    2.9726833769e+01
    1.9909436125e+03    1.6676257970e+03   -4.7058903193e+04    1.1365010395e+02    1.1385825394e+02    1.1308726478e+02   -7.9555448655e-02   -1.2392670800e-01    1.3856167591e-02    5.9453667539e+01    2.9726833769e+01    2.9726833769e+01
    1.9909436125e+03    1.6676257970e+03   -4.7058903193e+04    1.1365010395e+02    1.1385825394e+02    1.1308726478e+02   -7.9555448655e-02   -1.2392670800e-01    1.3856167591e-02    5.9453667539e+01    2.9726833769e+01    2.9726833769e+01
    1.9909436125e+03    1.6676257970e+03   -4.7058903193e+04    1.1365010395e+02    1.1385825394e+02    1.1308726478e+02   -7.9555448655e-02   -1.2392670800e-01    1.3856167591e-02    5.9453667539e+01    2.9726833769e+01    2.9726833769e+01
    1.9909436125e+03    1.6676257970e+03   -4.7058903193e+04    1.1365010395e+02    1.1385825394e+02    1.1308726478e+02   -7.9555448655e-02   -1.2392670800e-01    1.3856167591e-02    5.9453667539e+01    2.9726833769e+01    2.9726833769e+01
    1.9909436125e+03    1.6676257970e+03   -4.7058903193e+04    1.1365010395e+02    1.1385825394e+02    1.1308726478e+02   -7.9555448655e-02   -1.2392670800e-01    1.3856167591e-02    5.9453667539e+01    2.9726833769e+01    2.9726833769e+01
    1.9909436125e+03    1.6676257970e+03   -4.7058903193e+04    1.1365010395e+02    1.1385825394e+02    1.1308726478e+02   -7.9555448655e-02   -1.2392670800e-01    1.3856167591e-02    5.9453667539e+01    2.9726833769e+01    2.9726833769e+01
    1.9909436125e+03    1.6676257970e+03   -4.7058903193e+04    1.1365010395e+02    1.1385825394e+02    1.1308726478e+02   -7.9555448655e-02   -1.2392670800e-01    1.3856167591e-02    5.9453667539e+01    2.9726833769e+01    2.9726833769e+01
    1.9909436125e+03    1.6676257970e+03   -4.7058903193e+04    1.1365010395e+02    1.1385825394e+02    1.1308726478e+02   -7.9555448655e-02   -1.2392670800e-01    1.3856167591e-02    5.9453667539e+01    2.9726833769e+01    2.9726833769e+01
    1.9909436125e+03    1.6676257970e+03   -4.7058903193e+04    1.1365010395e+02    1.1385825394e+02    1.1308726478e+02   -7.9555448655e-02   -1.2392670800e-01    1.3856167591e-02    5.9453667539e+01    2.9726833769e+01    2.9726833769e+01
    1.9909436125e+03    1.6676257970e+03   -4.7058903193e+04    1.1365010395e+02    1.1385825394e+02    1.1308726478e+02   -7.9555448655e-02   -1.2392670800e-01    1.3856167591e-02    5.9453667539e+01    2.9726833769e+01    2.9726833769e+01
    1.9909436125e+03    1.6676257970e+03   -4.7058903193e+04    1.1365010395e+02    1.1385825394e+02    1.1308726478e+02   -7.9555448655e-02   -1.2392670800e-01    1.3856167591e-02    5.9453667539e+01    2.9726833769e+01    2.9726833769e+01
    1.9909436125e+03    1.6676257970e+03   -4.7058903193e+04    1.1365010395e+02    1.1385825394e+02    1.1308726478e+02   -7.9555448655e-02   -1.2392670800e-01    1.3856167591e-02    5.9453667539e+01    2.9726833769e+01    2.9726833769e+01
    1.9909436125e+03    1.6676257970e+03   -4.7058903193e+04    1.1365010395e+02    1.1385825394e+02    1.1308726478e+02   -7.9555448655e-02   -1.2392670800e-01    1.3856167591e-02    5.9453667539e+01    2.9726833769e+01    2.9726833769e+01
    1.9909436125e+03    1.6676257970e+03   -4.7058903193e+04    1.1365010395e+02    1.1385825394e+02    1.1308726478e+02   -7.9555448655e-02   -1.2392670800e-01    1.3856167591e-02    5.9453667539e+01    2.9726833769e+01    2.9726833769e+01
    1.9909436125e+03    1.6676257970e+03   -4.7058903193e+04    1.1365010395e+02    1.1385825394e+02    1.1308726478e+02   -7.9555448655e-02   -1.2392670800e-01    1.3856167591e-02    5.9453667539e+01    2.9726833769e+01    2.9726833769e+01
    1.9909436125e+03    1.6676257970e+03   -4.7058903193e+04    1.1365010395e+02    1.1385825394e+02    1.1308726478e+02   -7.9555448655e-02   -1.2392670800e-01    1.3856167591e-02    5.9453667539e+01    2.9726833769e+01    2.9726833769e+01
