    1.9528996525e+03    1.3699489646e+03   -4.2273052246e+04    3.4234049817e+01    3.4054067483e+01    3.3822115231e+01    9.1436496069e-02    1.0342612488e-01   -1.2065101813e-01    5.2708379703e+01    3.1625027822e+01    3.1625027822e+01
    2.0169596027e+03    1.4148866871e+03   -4.2308609237e+04    3.3732155107e+01    3.3635810913e+01    3.3424019147e+01    1.3615251939e-02   -1.5580431797e-02    1.1321082680e-01    5.2708379703e+01    3.1625027822e+01    3.1625027822e+01
    1.9846425218e+03    1.3922164226e+03   -4.2287318558e+04    3.4126255233e+01    3.3749472724e+01    3.4183351479e+01    1.0034998518e-01   -1.4884458297e-01   -7.6071911480e-04    5.2708379703e+01    3.1625027822e+01    3.1625027822e+01
    1.9958909654e+03    1.4001071474e+03   -4.2293876751e+04    3.4072636648e+01    3.3585505429e+01    3.3852787218e+01    1.5280788315e-02    8.3937219278e-02    3.1752917500e-02    5.2708379703e+01    3.1625027822e+01    3.1625027822e+01
    2.0313103670e+03    1.4249536737e+03   -4.2318839444e+04    3.3571864194e+01    3.3593120916e+01    3.3579307944e+01    4.2765351157e-02    7.3535840726e-02    6.2278991256e-02    5.2708379703e+01    3.1625027822e+01    3.1625027822e+01
    2.0034146299e+03    1.4053849590e+03   -4.2298660443e+04    3.3925438170e+01    3.3683162308e+01    3.3392589357e+01    1.7787086925e-01    9.8322140734e-02    1.3199308479e-01    5.2708379703e+01    3.1625027822e+01    3.1625027822e+01
    1.9858882118e+03    1.3930902677e+03   -4.2286455276e+04    3.4149199420e+01    3.3614822593e+01    3.4026057060e+01   -8.7832604892e-03   -1.8513119339e-01    6.1723672950e-02    5.2708379703e+01    3.1625027822e+01    3.1625027822e+01
    1.9935168767e+03    1.3984417365e+03   -4.2290892304e+04    3.3932863297e+01    3.3457328851e+01    3.3820490947e+01   -1.6386157406e-03   -1.1297654690e-02    1.7813746524e-02    5.2708379703e+01    3.1625027822e+01    3.1625027822e+01
    1.9881822113e+03    1.3946994964e+03   -4.2289439909e+04    3.4346045448e+01    3.3757571306e+01    3.3844910817e+01    8.7349947799e-02    1.2086265346e-02   -6.4522226592e-03    5.2708379703e+01    3.1625027822e+01    3.1625027822e+01
    2.0024176282e+03    1.4046855675e+03   -4.2298070601e+04    3.3918996936e+01    3.3478492441e+01    3.3730319517e+01    1.0353095946e-01   -1.1305908922e-02   -1.2270778848e-01    5.2708379703e+01    3.1625027822e+01    3.1625027822e+01
    2.0148917598e+03    1.4134361060e+03   -4.2307466036e+04    3.3572907776e+01    3.3690842118e+01    3.3806864828e+01   -5.4775487868e-02   -9.7573303325e-02   -4.1197346153e-02    5.2708379703e+01    3.1625027822e+01    3.1625027822e+01
    2.0071057647e+03    1.4079742708e+03   -4.2301843064e+04    3.4066094817e+01    3.3819822002e+01    3.3313985699e+01   -1.1452338414e-01    8.3737732769e-02    5.1070732979e-02    5.2708379703e+01    3.1625027822e+01    3.1625027822e+01
    1.9963325100e+03    1.4004168886e+03   -4.2296660599e+04    3.3869397969e+01    3.3648932307e+01    3.3901312978e+01    1.3476136653e-02    4.0655325726e-02    8.4272951237e-03    5.2708379703e+01    3.1625027822e+01    3.1625027822e+01
    2.0094723751e+03    1.4096344357e+03   -4.2302221927e+04    3.3844609001e+01    3.3954844022e+01    3.3681225233e+01   -1.2085899201e-02    6.0117532443e-02   -6.4577800116e-02    5.2708379703e+01    3.1625027822e+01    3.1625027822e+01
    2.0059696250e+03    1.4071772748e+03   -4.2300331795e+04    3.4221193770e+01    3.3719372697e+01    3.3268878531e+01    1.2969195420e-01   -1.3284201480e-02    8.0831012879e-02    5.2708379703e+01    3.1625027822e+01    3.1625027822e+01
    2.0121183369e+03    1.4114905643e+03   -4.2306970816e+04    3.3688301887e+01    3.3746055680e+01    3.3497112214e+01    9.3960552432e-02   -1.0453614817e-01    1.5831626830e-01    5.2708379703e+01    3.1625027822e+01    3.1625027822e+01
    2.0056834293e+03    1.4069765100e+03   -4.2300376817e+04    3.4119237453e+01    3.3629941384e+01    3.3768669678e+01    5.2832559958e-02   -1.6885233331e-01   -4.9251217408e-03    5.2708379703e+01    3.1625027822e+01    3.1625027822e+01
    1.9740971654e+03    1.3848189099e+03   -4.2278718372e+04    3.4005495192e+01    3.3791082671e+01    3.3679727287e+01    4.0400504492e-02   -6.3112929605e-02   -8.4903718795e-02    5.2708379703e+01    3.1625027822e+01    3.1625027822e+01
    1.9974741130e+03    1.4012177172e+03   -4.2295732688e+04    3.3972682202e+01    3.3706070927e+01    3.3698931337e+01    7.5781825227e-02    8.7793586875e-03    4.7775877369e-02    5.2708379703e+01    3.1625027822e+01    3.1625027822e+01
    2.0242917200e+03    1.4200301292e+03   -4.2314549342e+04    3.3908560978e+01    3.3493564679e+01    3.3452285046e+01   -6.6406410208e-02   -4.6773068900e-02   -7.9001360175e-03    5.2708379703e+01    3.1625027822e+01    3.1625027822e+01
    2.0100839586e+03    1.4100634584e+03   -4.2304510838e+04    3.3833397781e+01    3.3719512004e+01    3.3581490536e+01    1.4571622178e-01   -5.2181218208e-03   -1.2514795388e-01    5.2708379703e+01    3.1625027822e+01    3.1625027822e+01
    2.0216691625e+03    1.4181904188e+03   -4.2311357367e+04    3.3678170956e+01    3.3592584186e+01    3.3620776480e+01    1.8523126094e-01   -5.1797898264e-02    9.0406085839e-02    5.2708379703e+01    3.1625027822e+01    3.1625027822e+01
    1.9956625458e+03    1.3999469122e+03   -4.2296052609e+04    3.4191595854e+01    3.3749609964e+01    3.3600627324e+01   -1.1625708811e-02    1.3654949436e-01    1.7602194774e-01    5.2708379703e+01    3.1625027822e+01    3.1625027822e+01
    2.0005935172e+03    1.4034059630e+03   -4.2297980263e+04    3.3772901193e+01    3.3570852143e+01    3.3719444214e+01    7.8983931205e-02    3.3385080223e-02    1.5186080896e-01    5.2708379703e+01    3.1625027822e+01    3.1625027822e+01
    1.9976095425e+03    1.4013127203e+03   -4.2295201850e+04    3.3807811602e+01    3.3772684581e+01    3.3653441504e+01    5.4159367194e-03    2.0927819548e-02    2.9491418035e-02    5.2708379703e+01    3.1625027822e+01    3.1625027822e+01
    1.9997970706e+03    1.4028472599e+03   -4.2295893147e+04    3.3972779337e+01    3.4151995976e+01    3.3538931291e+01   -4.2897537267e-02    4.1101914297e-02    3.9360693994e-02    5.2708379703e+01    3.1625027822e+01    3.1625027822e+01
    1.9891533228e+03    1.3953807261e+03   -4.2287080857e+04    3.3896967121e+01    3.3672969102e+01    3.3550756830e+01    4.7167763043e-02    1.8595859944e-02   -3.9562203213e-02    5.2708379703e+01    3.1625027822e+01    3.1625027822e+01
    2.0134275303e+03    1.4124089566e+03   -4.2306410068e+04    3.3741219141e+01    3.3706967397e+01    3.3840455832e+01   -4.0091352476e-02   -8.2763034608e-02   -1.0694598447e-01    5.2708379703e+01    3.1625027822e+01    3.1625027822e+01
    2.0043113123e+03    1.4060139770e+03   -4.2299981206e+04    3.3896775665e+01    3.3338317672e+01    3.3885341506e+01    6.3886706764e-04    1.6087334800e-01   -6.1746818971e-02    5.2708379703e+01    3.1625027822e+01    3.1625027822e+01
    1.9944583496e+03    1.3991021748e+03   -4.2295560887e+04    3.4155494930e+01    3.4000768362e+01    3.3415282476e+01   -4.5796353280e-02   -3.3130487866e-02   -8.0378563077e-03    5.2708379703e+01    3.1625027822e+01    3.1625027822e+01
    2.0081646862e+03    1.4087170988e+03   -4.2302346711e+04    3.3894269807e+01    3.3509750759e+01    3.3399322228e+01    9.8634184561e-03    7.8440616509e-02    1.0481520371e-01    5.2708379703e+01    3.1625027822e+01    3.1625027822e+01
    2.0286624741e+03    1.4230961906e+03   -4.2318571809e+04    3.3850901219e+01    3.3540705460e+01    3.3378549384e+01   -2.3658410293e-02   -7.2240354150e-02    1.1392677856e-01    5.2708379703e+01    3.1625027822e+01    3.1625027822e+01
    1.9742066006e+03    1.3848956781e+03   -4.2278152083e+04    3.4018858681e+01    3.3797902693e+01    3.4061821162e+01   -7.7996323512e-02    1.1752989082e-01   -1.7430295290e-01    5.2708379703e+01    3.1625027822e+01    3.1625027822e+01
    2.0119130864e+03    1.4113465821e+03   -4.2304231280e+04    3.4032325901e+01    3.3665540356e+01    3.3591926868e+01    7.5069795704e-02    3.2349718695e-02   -5.2894456780e-02    5.2708379703e+01    3.1625027822e+01    3.1625027822e+01
    1.9922779570e+03    1.3975726408e+03   -4.2293539363e+04    3.3904830192e+01    3.3715007916e+01    3.3927703967e+01   -2.0027844692e-02    4.7547616798e-02    5.1133425688e-02    5.2708379703e+01    3.1625027822e+01    3.1625027822e+01
    1.9938723945e+03    1.3986911304e+03   -4.2293625409e+04    3.3724419106e+01    3.3677000301e+01    3.3710715088e+01    1.0095106543e-01    4.7806198263e-02   -4.0059095191e-02    5.2708379703e+01    3.1625027822e+01    3.1625027822e+01
    1.9936530065e+03    1.3985372309e+03   -4.2291554516e+04    3.4087298895e+01    3.3817187697e+01    3.3476657260e+01   -2.5793886370e-02   -3.6241321904e-02   -8.0976763567e-02    5.2708379703e+01    3.1625027822e+01    3.1625027822e+01
    1.9988347779e+03    1.4021722166e+03   -4.2297288619e+04    3.3864666014e+01    3.3991012477e+01    3.3673858169e+01   -4.7239420884e-02   -3.8450467212e-02    4.1211415609e-02    5.2708379703e+01    3.1625027822e+01    3.1625027822e+01
    2.0175511150e+03    1.4153016298e+03   -4.2308971484e+04    3.3680260977e+01    3.3858725619e+01    3.3676454414e+01    3.9855175031e-03    2.7721108639e-03    5.1006927757e-02    5.2708379703e+01    3.1625027822e+01    3.1625027822e+01
    1.9885692253e+03    1.3949709847e+03   -4.2288471965e+04    3.3978773934e+01    3.3774148064e+01    3.3760159248e+01    1.5514253509e-01    1.1580429891e-01    7.8769532230e-02    5.2708379703e+01    3.1625027822e+01    3.1625027822e+01
    1.9932098352e+03    1.3982263485e+03   -4.2292380785e+04    3.4158703184e+01    3.3678457621e+01    3.3378541333e+01   -2.1031789952e-02   -4.7820312250e-02   -1.1731000050e-02    5.2708379703e+01    3.1625027822e+01    3.1625027822e+01
    2.0164573845e+03    1.4145343836e+03   -4.2309282815e+04    3.3812739453e+01    3.3584703437e+01    3.3860846922e+01   -1.0619734328e-01   -1.3372171993e-01   -5.8736128838e-02    5.2708379703e+01    3.1625027822e+01    3.1625027822e+01
    1.9809534369e+03    1.3896285488e+03   -4.2281502478e+04    3.4244753000e+01    3.4029608689e+01    3.3535069576e+01    5.6497809500e-02    2.0158717904e-03    1.6959014608e-01    5.2708379703e+01    3.1625027822e+01    3.1625027822e+01
    1.9978847512e+03    1.4015057778e+03   -4.2294496777e+04    3.3978307192e+01    3.3699617906e+01    3.3648633644e+01   -1.0056481689e-01    1.0217037212e-02   -8.5911448555e-02    5.2708379703e+01    3.1625027822e+01    3.1625027822e+01
    1.9765936122e+03    1.3865701543e+03   -4.2281087301e+04    3.4027713544e+01    3.3623356615e+01    3.3812335552e+01   -7.9348522076e-02   -1.2762405210e-01    9.3981604751e-02    5.2708379703e+01    3.1625027822e+01    3.1625027822e+01
    1.9913215900e+03    1.3969017543e+03   -4.2290097714e+04    3.3777413991e+01    3.3915530287e+01    3.3988656419e+01    1.2915043025e-02   -6.4078888329e-03   -2.9349217391e-03    5.2708379703e+01    3.1625027822e+01    3.1625027822e+01
    2.0051273354e+03    1.4065864130e+03   -4.2301569196e+04    3.4018930981e+01    3.3487642963e+01    3.3964088768e+01   -2.3826448112e-02   -1.8088225341e-02   -1.4253675438e-02    5.2708379703e+01    3.1625027822e+01    3.1625027822e+01
    2.0018482155e+03    1.4042861274e+03   -4.2297971579e+04    3.3865383962e+01    3.3576064432e+01    3.3749913523e+01    1.7949348532e-01    2.5581183809e-02   -7.0603870062e-02    5.2708379703e+01    3.1625027822e+01    3.1625027822e+01
    1.9805005535e+03    1.3893108533e+03   -4.2284065223e+04    3.4319380792e+01    3.3724846278e+01    3.3770515512e+01    1.5862093905e-02   -1.4764463796e-01   -2.2080671980e-01    5.2708379703e+01    3.1625027822e+01    3.1625027822e+01
    1.9921580411e+03    1.3974885204e+03   -4.2291543901e+04    3.4092504322e+01    3.3742529791e+01    3.3903117531e+01    5.1981004525e-02   -8.3121131300e-02   -1.4410713839e-02    5.2708379703e+01    3.1625027822e+01    3.1625027822e+01
    2.0202854937e+03    1.4172197823e+03   -4.2311373122e+04    3.3846911018e+01    3.3703383766e+01    3.3446385708e+01   -1.0093965016e-01    1.8654736535e-01    1.0532002840e-02    5.2708379703e+01    3.1625027822e+01    3.1625027822e+01
    1.9863046578e+03    1.3933824024e+03   -4.2286406648e+04    3.4268845026e+01    3.3942966392e+01    3.3923588548e+01   -9.3240620185e-02   -7.9941671265e-02    5.0939481369e-02    5.2708379703e+01    3.1625027822e+01    3.1625027822e+01
    1.9915092488e+03    1.3970333960e+03   -4.2290091124e+04    3.3804594273e+01    3.4034632511e+01    3.3851893088e+01    1.6280540510e-01   -3.9668851846e-02    2.5782240011e-02    5.2708379703e+01    3.1625027822e+01    3.1625027822e+01
    1.9715872951e+03    1.3830582489e+03   -4.2276163888e+04    3.4269042434e+01    3.3586267874e+01    3.3578029248e+01    4.4679059656e-02    8.8049920122e-02   -4.2322747762e-03    5.2708379703e+01    3.1625027822e+01    3.1625027822e+01
    2.0058792911e+03    1.4071139060e+03   -4.2300253640e+04    3.3949012277e+01    3.3622427077e+01    3.3487388836e+01   -1.4296912867e-01    1.1391751167e-01   -6.3988433682e-02    5.2708379703e+01    3.1625027822e+01    3.1625027822e+01
    2.0044340678e+03    1.4061000894e+03   -4.2300673577e+04    3.3725733297e+01    3.4002297925e+01    3.3597153369e+01    1.6738690967e-01   -1.7640846059e-01    2.6358698212e-02    5.2708379703e+01    3.1625027822e+01    3.1625027822e+01
    2.0058361118e+03    1.4070836159e+03   -4.2300872333e+04    3.3949545447e+01    3.3486617022e+01    3.3829827732e+01   -1.2658239896e-01   -4.2482564793e-02    7.7236053694e-02    5.2708379703e+01    3.1625027822e+01    3.1625027822e+01
    2.0130532164e+03    1.4121463774e+03   -4.2307166441e+04    3.3953058607e+01    3.3412932589e+01    3.3557462629e+01    6.7823732257e-02    5.7422428098e-02   -1.7718285687e-02    5.2708379703e+01    3.1625027822e+01    3.1625027822e+01
    1.9936914271e+03    1.3985641827e+03   -4.2292580889e+04    3.4202474076e+01    3.3594445188e+01    3.3734940355e+01    2.8148910030e-01    7.8242702368e-03   -8.6253629185e-02    5.2708379703e+01    3.1625027822e+01    3.1625027822e+01
    1.9987279183e+03    1.4020972551e+03   -4.2294888857e+04    3.3865660074e+01    3.3551052093e+01    3.3686201400e+01   -3.1663425681e-02   -1.1902651974e-01   -3.4153615271e-02    5.2708379703e+01    3.1625027822e+01    3.1625027822e+01
    1.9970482276e+03    1.4009189609e+03   -4.2295176380e+04    3.4074865659e+01    3.3713759592e+01    3.3884819751e+01    1.1271488268e-01    7.5082959256e-02   -6.0626284572e-02    5.2708379703e+01    3.1625027822e+01    3.1625027822e+01
    2.0023690226e+03    1.4046514709e+03   -4.2298546112e+04    3.3999475438e+01    3.3534734437e+01    3.3643193054e+01    1.2098352779e-01   -8.9152588496e-02    3.9462506565e-02    5.2708379703e+01    3.1625027822e+01    3.1625027822e+01
    2.0087535593e+03    1.4091301902e+03   -4.2303526520e+04    3.4035191795e+01    3.3909866029e+01    3.3425086697e+01   -1.5905187165e-02   -3.3335517811e-03   -2.3048737750e-02    5.2708379703e+01    3.1625027822e+01    3.1625027822e+01
    2.0210222649e+03    1.4177366235e+03   -4.2313512578e+04    3.3707512813e+01    3.3769681882e+01    3.3557615742e+01    9.3101731606e-02   -1.9782004740e-01   -4.4353564669e-02    5.2708379703e+01    3.1625027822e+01    3.1625027822e+01
    1.9737506991e+03    1.3845758656e+03   -4.2280001335e+04    3.4171827102e+01    3.3711652512e+01    3.3762652807e+01    1.6040927087e-01   -1.1309336915e-01   -6.0395438310e-02    5.2708379703e+01    3.1625027822e+01    3.1625027822e+01
    2.0037942531e+03    1.4056512626e+03   -4.2299844987e+04    3.4060130514e+01    3.3531917623e+01    3.3815056761e+01    6.1674004711e-02   -8.6328741845e-02    6.0225878716e-03    5.2708379703e+01    3.1625027822e+01    3.1625027822e+01
    1.9948730414e+03    1.3993930790e+03   -4.2294553514e+04    3.4119033337e+01    3.3675847751e+01    3.3647773652e+01    1.1428499011e-01   -8.5462848324e-03    6.3853333394e-02    5.2708379703e+01    3.1625027822e+01    3.1625027822e+01
    1.9971231594e+03    1.4009715251e+03   -4.2295806769e+04    3.3863598641e+01    3.3712223896e+01    3.4095167336e+01   -4.7840695613e-02   -1.5320742719e-02    1.0499979522e-01    5.2708379703e+01    3.1625027822e+01    3.1625027822e+01
    1.9963153273e+03    1.4004048351e+03   -4.2293096982e+04    3.3673887295e+01    3.3767937203e+01    3.3806319370e+01   -1.9390097815e-01   -1.2771179049e-02   -1.0834129207e-02    5.2708379703e+01    3.1625027822e+01    3.1625027822e+01
    1.9988399971e+03    1.4021758778e+03   -4.2294278273e+04    3.4148877340e+01    3.3990623072e+01    3.3522331543e+01   -6.7873150800e-03   -9.6114587514e-02    3.7497122114e-02    5.2708379703e+01    3.1625027822e+01    3.1625027822e+01
    1.9837617771e+03    1.3915985848e+03   -4.2285876945e+04    3.3947481340e+01    3.3617545808e+01    3.3945488124e+01   -5.5154085604e-02   -1.1226340431e-01    3.5110750784e-02    5.2708379703e+01    3.1625027822e+01    3.1625027822e+01
    2.0106620965e+03    1.4104690191e+03   -4.2305967638e+04    3.3942651407e+01    3.3589481949e+01    3.3671289521e+01    7.7434634891e-03   -3.3130470878e-02    3.1245365992e-02    5.2708379703e+01    3.1625027822e+01    3.1625027822e+01
    2.0166894932e+03    1.4146972067e+03   -4.2306823785e+04    3.3714968561e+01    3.3698518042e+01    3.3499205199e+01   -5.1244460154e-02    3.3568377240e-02   -1.2620848617e-01    5.2708379703e+01    3.1625027822e+01    3.1625027822e+01
    2.0360149733e+03    1.4282539306e+03   -4.2322769456e+04    3.3629261388e+01    3.3480123589e+01    3.3557869880e+01    2.0219250098e-03    6.4836475781e-02    7.5938277351e-02    5.2708379703e+01    3.1625027822e+01    3.1625027822e+01
    1.9620447199e+03    1.3763641819e+03   -4.2267554861e+04    3.4370867159e+01    3.4091675329e+01    3.3769289367e+01   -1.6752489075e-01   -3.8868779544e-02   -1.0215253030e-01    5.2708379703e+01    3.1625027822e+01    3.1625027822e+01
    2.0078702422e+03    1.4085105478e+03   -4.2301854468e+04    3.3670438510e+01    3.3649264495e+01    3.3708704918e+01   -5.3270657356e-02   -4.7020442600e-02    1.1427913643e-01    5.2708379703e+01    3.1625027822e+01    3.1625027822e+01
    1.9948773733e+03    1.3993961178e+03   -4.2292336618e+04    3.4173675092e+01    3.3859276421e+01    3.3686744099e+01    1.1911798898e-02   -1.0326241464e-03   -3.9801525301e-02    5.2708379703e+01    3.1625027822e+01    3.1625027822e+01
    1.9940146461e+03    1.3987909191e+03   -4.2290508928e+04    3.4016893611e+01    3.3744405028e+01    3.3707516483e+01   -8.3138639802e-03    2.3293592956e-02    6.4788704453e-02    5.2708379703e+01    3.1625027822e+01    3.1625027822e+01
    2.0288888724e+03    1.4232550078e+03   -4.2314609770e+04    3.3899058030e+01    3.3563634266e+01    3.3522824858e+01    6.4875048624e-02    1.3754895900e-02    5.9774011261e-02    5.2708379703e+01    3.1625027822e+01    3.1625027822e+01
    2.0077881478e+03    1.4084529591e+03   -4.2302665104e+04    3.3816576310e+01    3.3325810880e+01    3.3652539867e+01    7.2644248931e-03    8.3666637469e-03    5.8103288850e-02    5.2708379703e+01    3.1625027822e+01    3.1625027822e+01
    1.9989320850e+03    1.4022404770e+03   -4.2297856574e+04    3.3995432020e+01    3.3792247398e+01    3.3535384705e+01    2.8116471154e-02   -5.3628870248e-02   -4.4286927044e-02    5.2708379703e+01    3.1625027822e+01    3.1625027822e+01
    2.0084443870e+03    1.4089133075e+03   -4.2302812594e+04    3.3939776360e+01    3.3619517326e+01    3.3813986766e+01    6.5896721945e-03   -8.7383677212e-02    7.0599980929e-02    5.2708379703e+01    3.1625027822e+01    3.1625027822e+01
    1.9514467075e+03    1.3689297313e+03   -4.2263655732e+04    3.4335578916e+01    3.3882167121e+01    3.3772908735e+01    6.4263252357e-02   -5.5476626283e-03   -6.8143700305e-02    5.2708379703e+01    3.1625027822e+01    3.1625027822e+01
    2.0031639626e+03    1.4052091172e+03   -4.2299958505e+04    3.4125785810e+01    3.3918709858e+01    3.3615616631e+01   -9.5072850779e-02   -5.3593117008e-02   -1.1326276308e-01    5.2708379703e+01    3.1625027822e+01    3.1625027822e+01
    1.9930559301e+03    1.3981183848e+03   -4.2292905901e+04    3.4003708162e+01    3.3812358880e+01    3.3738346942e+01   -2.9521744017e-02   -1.4285762874e-01   -3.2887922207e-02    5.2708379703e+01    3.1625027822e+01    3.1625027822e+01
    1.9888339327e+03    1.3951566756e+03   -4.2290598320e+04    3.4162391027e+01    3.3562579041e+01    3.3617994422e+01    1.7404301343e-01    7.3550521395e-02    2.8504204586e-02    5.2708379703e+01    3.1625027822e+01    3.1625027822e+01
    2.0101602801e+03    1.4101169976e+03   -4.2304344593e+04    3.3757676263e+01    3.3631322010e+01    3.3590974422e+01   -7.5943685117e-02   -1.4437736571e-01   -2.6718082237e-01    5.2708379703e+01    3.1625027822e+01    3.1625027822e+01
    2.0020730419e+03    1.4044438419e+03   -4.2298108337e+04    3.3783885511e+01    3.3920118676e+01    3.3610858040e+01    5.5848061694e-02    7.8907492563e-02    3.9845387724e-02    5.2708379703e+01    3.1625027822e+01    3.1625027822e+01
    1.9801270867e+03    1.3890488684e+03   -4.2281814284e+04    3.3889743260e+01    3.3894642744e+01    3.4068352589e+01    8.9309686026e-02    2.6327797258e-03   -2.7305551267e-02    5.2708379703e+01    3.1625027822e+01    3.1625027822e+01
    2.0050841625e+03    1.4065561274e+03   -4.2299658678e+04    3.4217104868e+01    3.3520352375e+01    3.3636307569e+01    1.0273562356e-01   -2.0807621503e-01    3.6632668459e-02    5.2708379703e+01    3.1625027822e+01    3.1625027822e+01
    1.9992143369e+03    1.4024384752e+03   -4.2299059287e+04    3.4047869995e+01    3.3473738198e+01    3.3673465327e+01   -1.2017292640e-01   -6.1376618955e-02   -5.0981860492e-02    5.2708379703e+01    3.1625027822e+01    3.1625027822e+01
    2.0399062798e+03    1.4309836619e+03   -4.2326141754e+04    3.3847350262e+01    3.3358334126e+01    3.3564951884e+01   -1.4222522061e-01   -1.1906999735e-02   -9.5990053130e-02    5.2708379703e+01    3.1625027822e+01    3.1625027822e+01
    2.0161238926e+03    1.4143004408e+03   -4.2307585237e+04    3.3995812559e+01    3.3597098949e+01    3.3559997013e+01   -1.9075337331e-02   -1.5401488070e-01    7.9460400533e-02    5.2708379703e+01    3.1625027822e+01    3.1625027822e+01
    1.9935400848e+03    1.3984580169e+03   -4.2291160173e+04    3.4333655400e+01    3.3576275188e+01    3.3708021392e+01   -7.4145771215e-03    9.4304222349e-02   -1.3019248133e-01    5.2708379703e+01    3.1625027822e+01    3.1625027822e+01
    1.9866957121e+03    1.3936567249e+03   -4.2285742239e+04    3.3849030428e+01    3.3644778996e+01    3.3854841261e+01   -3.2011023746e-02   -9.9571199695e-02   -2.1402622300e-03    5.2708379703e+01    3.1625027822e+01    3.1625027822e+01
    2.0419442531e+03    1.4324132896e+03   -4.2325994401e+04    3.3766242517e+01    3.3574000434e+01    3.3406812978e+01   -8.1920447100e-02    2.6628047186e-02    4.0729068014e-02    5.2708379703e+01    3.1625027822e+01    3.1625027822e+01
    1.9680041193e+03    1.3805446697e+03   -4.2275172219e+04    3.3965895533e+01    3.3673964125e+01    3.3677512575e+01   -2.2793749492e-01    8.5800614325e-03    4.2222584308e-02    5.2708379703e+01    3.1625027822e+01    3.1625027822e+01
    1.9815311060e+03    1.3900337806e+03   -4.2285882766e+04    3.4136415400e+01    3.3900751599e+01    3.3804699478e+01    8.3426754799e-02   -6.8125310831e-02   -4.4251051572e-02    5.2708379703e+01    3.1625027822e+01    3.1625027822e+01
    2.0149453681e+03    1.4134737119e+03   -4.2308216578e+04    3.3741694391e+01    3.3763837647e+01    3.3471168389e+01    5.1589470701e-02   -3.3250359123e-02    9.5057789690e-03    5.2708379703e+01    3.1625027822e+01    3.1625027822e+01
    1.9947865935e+03    1.3993324363e+03   -4.2295077731e+04    3.4018616927e+01    3.3760613772e+01    3.3692730148e+01   -1.1382754780e-01   -9.8497737615e-02    5.8139298020e-02    5.2708379703e+01    3.1625027822e+01    3.1625027822e+01
    1.9947865935e+03    1.3993324363e+03   -4.2295077731e+04    3.4018616927e+01    3.3760613772e+01    3.3692730148e+01   -1.1382754780e-01   -9.8497737615e-02    5.8139298020e-02    5.2708379703e+01    3.1625027822e+01    3.1625027822e+01
    1.9947865935e+03    1.3993324363e+03   -4.2295077731e+04    3.4018616927e+01    3.3760613772e+01    3.3692730148e+01   -1.1382754780e-01   -9.8497737615e-02    5.8139298020e-02    5.2708379703e+01    3.1625027822e+01    3.1625027822e+01
    1.9947865935e+03    1.3993324363e+03   -4.2295077731e+04    3.4018616927e+01    3.3760613772e+01    3.3692730148e+01   -1.1382754780e-01   -9.8497737615e-02    5.8139298020e-02    5.2708379703e+01    3.1625027822e+01    3.1625027822e+01
    1.9947865935e+03    1.3993324363e+03   -4.2295077731e+04    3.4018616927e+01    3.3760613772e+01    3.3692730148e+01   -1.1382754780e-01   -9.8497737615e-02    5.8139298020e-02    5.2708379703e+01    3.1625027822e+01    3.1625027822e+01
    1.9947865935e+03    1.3993324363e+03   -4.2295077731e+04    3.4018616927e+01    3.3760613772e+01    3.3692730148e+01   -1.1382754780e-01   -9.8497737615e-02    5.8139298020e-02    5.2708379703e+01    3.1625027822e+01    3.1625027822e+01
    1.9947865935e+03    1.3993324363e+03   -4.2295077731e+04    3.4018616927e+01    3.3760613772e+01    3.3692730148e+01   -1.1382754780e-01   -9.8497737615e-02    5.8139298020e-02    5.2708379703e+01    3.1625027822e+01    3.1625027822e+01
    1.9947865935e+03    1.3993324363e+03   -4.2295077731e+04    3.4018616927e+01    3.3760613772e+01    3.3692730148e+01   -1.1382754780e-01   -9.8497737615e-02    5.8139298020e-02    5.2708379703e+01    3.1625027822e+01    3.1625027822e+01
    1.9947865935e+03    1.3993324363e+03   -4.2295077731e+04    3.4018616927e+01    3.3760613772e+01    3.3692730148e+01   -1.1382754780e-01   -9.8497737615e-02    5.8139298020e-02    5.2708379703e+01    3.1625027822e+01    3.1625027822e+01
    1.9947865935e+03    1.3993324363e+03   -4.2295077731e+04    3.4018616927e+01    3.3760613772e+01    3.3692730148e+01   -1.1382754780e-01   -9.8497737615e-02    5.8139298020e-02    5.2708379703e+01    3.1625027822e+01    3.1625027822e+01
    1.9947865935e+03    1.3993324363e+03   -4.2295077731e+04    3.4018616927e+01    3.3760613772e+01    3.3692730148e+01   -1.1382754780e-01   -9.8497737615e-02    5.8139298020e-02    5.2708379703e+01    3.1625027822e+01    3.1625027822e+01
    1.9947865935e+03    1.3993324363e+03   -4.2295077731e+04    3.4018616927e+01    3.3760613772e+01    3.3692730148e+01   -1.1382754780e-01   -9.8497737615e-02    5.8139298020e-02    5.2708379703e+01    3.1625027822e+01    3.1625027822e+01
    1.9947865935e+03    1.3993324363e+03   -4.2295077731e+04    3.4018616927e+01    3.3760613772e+01    3.3692730148e+01   -1.1382754780e-01   -9.8497737615e-02    5.8139298020e-02    5.2708379703e+01    3.1625027822e+01    3.1625027822e+01
    1.9947865935e+03    1.3993324363e+03   -4.2295077731e+04    3.4018616927e+01    3.3760613772e+01    3.3692730148e+01   -1.1382754780e-01   -9.8497737615e-02    5.8139298020e-02    5.2708379703e+01    3.1625027822e+01    3.1625027822e+01
    1.9947865935e+03    1.3993324363e+03   -4.2295077731e+04    3.4018616927e+01    3.3760613772e+01    3.3692730148e+01   -1.1382754780e-01   -9.8497737615e-02    5.8139298020e-02    5.2708379703e+01    3.1625027822e+01    3.1625027822e+01
    1.9947865935e+03    1.3993324363e+03   -4.2295077731e+04    3.4018616927e+01    3.3760613772e+01    3.3692730148e+01   -1.1382754780e-01   -9.8497737615e-02    5.8139298020e-02    5.2708379703e+01    3.1625027822e+01    3.1625027822e+01
    1.9947865935e+03    1.3993324363e+03   -4.2295077731e+04    3.4018616927e+01    3.3760613772e+01    3.3692730148e+01   -1.1382754780e-01   -9.8497737615e-02    5.8139298020e-02    5.2708379703e+01    3.1625027822e+01    3.1625027822e+01
    1.9947865935e+03    1.3993324363e+03   -4.2295077731e+04    3.4018616927e+01    3.3760613772e+01    3.3692730148e+01   -1.1382754780e-01   -9.8497737615e-02    5.8139298020e-02    5.2708379703e+01    3.1625027822e+01    3.1625027822e+01
    1.9947865935e+03    1.3993324363e+03   -4.2295077731e+04    3.4018616927e+01    3.3760613772e+01    3.3692730148e+01   -1.1382754780e-01   -9.8497737615e-02    5.8139298020e-02    5.2708379703e+01    3.1625027822e+01    3.1625027822e+01
    1.9947865935e+03    1.3993324363e+03   -4.2295077731e+04    3.4018616927e+01    3.3760613772e+01    3.3692730148e+01   -1.1382754780e-01   -9.8497737615e-02    5.8139298020e-02    5.2708379703e+01    3.1625027822e+01    3.1625027822e+01
    1.9947865935e+03    1.3993324363e+03   -4.2295077731e+04    3.4018616927e+01    3.3760613772e+01    3.3692730148e+01   -1.1382754780e-01   -9.8497737615e-02    5.8139298020e-02    5.2708379703e+01    3.1625027822e+01    3.1625027822e+01
    1.9947865935e+03    1.3993324363e+03   -4.2295077731e+04    3.4018616927e+01    3.3760613772e+01    3.3692730148e+01   -1.1382754780e-01   -9.8497737615e-02    5.8139298020e-02    5.2708379703e+01    3.1625027822e+01    3.1625027822e+01
    1.9947865935e+03    1.3993324363e+03   -4.2295077731e+04    3.4018616927e+01    3.3760613772e+01    3.3692730148e+01   -1.1382754780e-01   -9.8497737615e-02    5.8139298020e-02    5.2708379703e+01    3.1625027822e+01    3.1625027822e+01
    1.9947865935e+03    1.3993324363e+03   -4.2295077731e+04    3.4018616927e+01    3.3760613772e+01    3.3692730148e+01   -1.1382754780e-01   -9.8497737615e-02    5.8139298020e-02    5.2708379703e+01    3.1625027822e+01    3.1625027822e+01
    1.9947865935e+03    1.3993324363e+03   -4.2295077731e+04    3.4018616927e+01    3.3760613772e+01    3.3692730148e+01   -1.1382754780e-01   -9.8497737615e-02    5.8139298020e-02    5.2708379703e+01    3.1625027822e+01    3.1625027822e+01
    1.9947865935e+03    1.3993324363e+03   -4.2295077731e+04    3.4018616927e+01    3.3760613772e+01    3.3692730148e+01   -1.1382754780e-01   -9.8497737615e-02    5.8139298020e-02    5.2708379703e+01    3.1625027822e+01    3.1625027822e+01
    1.9947865935e+03    1.3993324363e+03   -4.2295077731e+04    3.4018616927e+01    3.3760613772e+01    3.3692730148e+01   -1.1382754780e-01   -9.8497737615e-02    5.8139298020e-02    5.2708379703e+01    3.1625027822e+01    3.1625027822e+01
    1.9947865935e+03    1.3993324363e+03   -4.2295077731e+04    3.4018616927e+01    3.3760613772e+01    3.3692730148e+01   -1.1382754780e-01   -9.8497737615e-02    5.8139298020e-02    5.2708379703e+01    3.1625027822e+01    3.1625027822e+01
    1.9947865935e+03    1.3993324363e+03   -4.2295077731e+04    3.4018616927e+01    3.3760613772e+01    3.3692730148e+01   -1.1382754780e-01   -9.8497737615e-02    5.8139298020e-02    5.2708379703e+01    3.1625027822e+01    3.1625027822e+01
    1.9947865935e+03    1.3993324363e+03   -4.2295077731e+04    3.4018616927e+01    3.3760613772e+01    3.3692730148e+01   -1.1382754780e-01   -9.8497737615e-02    5.8139298020e-02    5.2708379703e+01    3.1625027822e+01    3.1625027822e+01
    1.9947865935e+03    1.3993324363e+03   -4.2295077731e+04    3.4018616927e+01    3.3760613772e+01    3.3692730148e+01   -1.1382754780e-01   -9.8497737615e-02    5.8139298020e-02    5.2708379703e+01    3.1625027822e+01    3.1625027822e+01
