    3.0035081595e+03    3.7736335100e+03   -6.9392202354e+04    1.1983429954e+02    1.1981279651e+02    1.1972759347e+02    6.6720456189e-02    5.9772062351e-03   -3.2903909389e-02    8.9180501308e+01    2.9726833769e+01    2.9726833769e+01
    2.9992188738e+03    3.7682444146e+03   -6.9353264347e+04    1.1965336373e+02    1.1965401718e+02    1.2060990840e+02    9.9111960655e-02    1.4564709638e-01   -1.1352787772e-01    8.9180501308e+01    2.9726833769e+01    2.9726833769e+01
    2.9796709395e+03    3.7436842216e+03   -6.9334159100e+04    1.1983630166e+02    1.2008985856e+02    1.1954743351e+02   -1.4629659330e-01   -2.3124639079e-01   -1.5796893876e-01    8.9180501308e+01    2.9726833769e+01    2.9726833769e+01
    2.9802865104e+03    3.7444576301e+03   -6.9335596766e+04    1.1959038897e+02    1.2008972529e+02    1.2002888892e+02   -3.7272910745e-02    1.7932684563e-01    5.3045722178e-02    8.9180501308e+01    2.9726833769e+01    2.9726833769e+01
    2.9963610841e+03    3.7646538629e+03   -6.9356999749e+04    1.2002261604e+02    1.1967013572e+02    1.2007668209e+02    5.8683122642e-02   -1.0148118156e-01   -2.5601068864e-01    8.9180501308e+01    2.9726833769e+01    2.9726833769e+01
    3.0010156912e+03    3.7705019514e+03   -6.9366856779e+04    1.1967295397e+02    1.1994177854e+02    1.1989541300e+02   -3.5785082838e-02   -9.3834722205e-02   -3.2051370268e-02    8.9180501308e+01    2.9726833769e+01    2.9726833769e+01
    3.0264541955e+03    3.8024631072e+03   -6.9388310252e+04    1.1977637423e+02    1.1978537746e+02    1.1975837881e+02    1.6060262147e-02    3.1782586882e-03    8.2842428801e-02    8.9180501308e+01    2.9726833769e+01    2.9726833769e+01
    2.9964518072e+03    3.7647678482e+03   -6.9353474322e+04    1.2052681127e+02    1.1960665905e+02    1.1944851032e+02    9.8843790001e-02   -1.7835316000e-01    8.0577404716e-03    8.9180501308e+01    2.9726833769e+01    2.9726833769e+01
    3.0003717869e+03    3.7696929444e+03   -6.9364281745e+04    1.1996353661e+02    1.1987397708e+02    1.1956438043e+02    1.3186578559e-01    1.8336415169e-01    1.5859413063e-01    8.9180501308e+01    2.9726833769e+01    2.9726833769e+01
    3.0035612023e+03    3.7737001534e+03   -6.9363072575e+04    1.1984869976e+02    1.1986197961e+02    1.1963833052e+02   -5.0956375651e-02    1.4383065552e-01    1.2121857842e-01    8.9180501308e+01    2.9726833769e+01    2.9726833769e+01
    3.0070201813e+03    3.7780460444e+03   -6.9368656285e+04    1.2043578628e+02    1.1943406727e+02    1.1968966053e+02   -1.3231031172e-01    2.5623653979e-02   -5.4610084634e-02    8.9180501308e+01    2.9726833769e+01    2.9726833769e+01
    3.0136667328e+03    3.7863968290e+03   -6.9376454371e+04    1.2011071900e+02    1.1922413801e+02    1.1997265054e+02   -1.3703855502e-01    1.2247223388e-01    2.4222474483e-02    8.9180501308e+01    2.9726833769e+01    2.9726833769e+01
    3.0137280597e+03    3.7864738806e+03   -6.9380186393e+04    1.1989654001e+02    1.1996118575e+02    1.1942898263e+02    1.7518962853e-02   -2.6901319307e-02   -7.7295914999e-03    8.9180501308e+01    2.9726833769e+01    2.9726833769e+01
    3.0058739297e+03    3.7766058841e+03   -6.9367411481e+04    1.1988142108e+02    1.1980173905e+02    1.1968721752e+02    9.3583446484e-02    3.5621778714e-02    1.7452044079e-01    8.9180501308e+01    2.9726833769e+01    2.9726833769e+01
    3.0244200539e+03    3.7999073942e+03   -6.9392924944e+04    1.1934591335e+02    1.1998141643e+02    1.1974541032e+02   -4.9094047760e-02   -1.7210490588e-01   -3.2581355920e-02    8.9180501308e+01    2.9726833769e+01    2.9726833769e+01
    2.9915366314e+03    3.7585923791e+03   -6.9350524369e+04    1.2010957816e+02    1.1982891859e+02    1.1979297261e+02   -5.6890409815e-02   -8.6611806688e-02   -1.2715326874e-01    8.9180501308e+01    2.9726833769e+01    2.9726833769e+01
    3.0344205342e+03    3.8124720838e+03   -6.9404661973e+04    1.1979203951e+02    1.1932434627e+02    1.2009948400e+02    1.8684957077e-01    2.2896325918e-03   -1.7176932346e-02    8.9180501308e+01    2.9726833769e+01    2.9726833769e+01
    2.9878801102e+03    3.7539982943e+03   -6.9343784625e+04    1.1995640068e+02    1.2020565989e+02    1.1992199471e+02    6.4949219695e-02    1.2486920823e-01    1.3338955529e-03    8.9180501308e+01    2.9726833769e+01    2.9726833769e+01
    2.9882071505e+03    3.7544091906e+03   -6.9345465084e+04    1.2022282928e+02    1.1991521068e+02    1.1978373360e+02    4.8375464806e-03   -6.6996747340e-02   -1.6882848247e-01    8.9180501308e+01    2.9726833769e+01    2.9726833769e+01
    3.0286655846e+03    3.8052415155e+03   -6.9395532368e+04    1.1991724778e+02    1.1978870866e+02    1.1959798313e+02    1.8422299096e-01    1.8193462818e-02   -4.1672542444e-02    8.9180501308e+01    2.9726833769e+01    2.9726833769e+01
    2.9909216166e+03    3.7578196692e+03   -6.9351005800e+04    1.2007703461e+02    1.1961226893e+02    1.1976931660e+02    4.6742212604e-02   -1.0093952420e-01   -2.7589147316e-02    8.9180501308e+01    2.9726833769e+01    2.9726833769e+01
    2.9967860201e+03    3.7651877562e+03   -6.9356616315e+04    1.1989492686e+02    1.1947860747e+02    1.2031207211e+02   -1.4621242208e-02   -7.3801451795e-02    7.6599259440e-02    8.9180501308e+01    2.9726833769e+01    2.9726833769e+01
    2.9914536783e+03    3.7584881560e+03   -6.9351277289e+04    1.1993795054e+02    1.1990522985e+02    1.1976135119e+02    1.8435640178e-01   -1.2061351639e-01   -1.4332664419e-02    8.9180501308e+01    2.9726833769e+01    2.9726833769e+01
    2.9850239394e+03    3.7504097767e+03   -6.9339425685e+04    1.2007512503e+02    1.1950394647e+02    1.2009133740e+02    3.3787387963e-02    1.5414603174e-01    8.6273790134e-02    8.9180501308e+01    2.9726833769e+01    2.9726833769e+01
    2.9759040417e+03    3.7389514587e+03   -6.9329882688e+04    1.2004001743e+02    1.2016376623e+02    1.1991093531e+02   -3.6512855823e-02    3.9565329391e-02    1.5672891342e-01    8.9180501308e+01    2.9726833769e+01    2.9726833769e+01
    2.9996007067e+03    3.7687241527e+03   -6.9360484395e+04    1.2005146053e+02    1.1962870273e+02    1.1968284021e+02    1.5202640313e-01    1.5506034975e-01    1.5031952186e-01    8.9180501308e+01    2.9726833769e+01    2.9726833769e+01
    2.9869081347e+03    3.7527770960e+03   -6.9342819640e+04    1.2008412303e+02    1.1989901318e+02    1.1985294007e+02    2.4935518453e-01    1.0008857128e-01    5.7815899117e-02    8.9180501308e+01    2.9726833769e+01    2.9726833769e+01
    3.0241925207e+03    3.7996215195e+03   -6.9389602438e+04    1.1982645400e+02    1.1952119545e+02    1.1961044153e+02   -1.6371313785e-01   -1.3365578932e-01   -1.7387959072e-01    8.9180501308e+01    2.9726833769e+01    2.9726833769e+01
    3.0068199188e+03    3.7777944328e+03   -6.9369247370e+04    1.1997543187e+02    1.1956386629e+02    1.1982732009e+02    8.2965626253e-03    1.2160655388e-01    6.6078526263e-02    8.9180501308e+01    2.9726833769e+01    2.9726833769e+01
    2.9612894586e+03    3.7205895707e+03   -6.9313462920e+04    1.2031414575e+02    1.1937392613e+02    1.2028094990e+02    9.3478956287e-02    1.2113316297e-01   -1.2455891454e-01    8.9180501308e+01    2.9726833769e+01    2.9726833769e+01
    2.9875527898e+03    3.7535870461e+03   -6.9344716749e+04    1.2043038165e+02    1.1938761798e+02    1.1994175716e+02   -2.8956700018e-02    7.2835893982e-02   -2.1667841644e-01    8.9180501308e+01    2.9726833769e+01    2.9726833769e+01
    3.0003015558e+03    3.7696047055e+03   -6.9363201473e+04    1.2026097079e+02    1.1978346123e+02    1.1942367169e+02   -2.6033760522e-01   -1.7627945900e-01   -2.2914199767e-01    8.9180501308e+01    2.9726833769e+01    2.9726833769e+01
    3.0032971275e+03    3.7733683676e+03   -6.9366956200e+04    1.1985724594e+02    1.1977143084e+02    1.1971404884e+02    1.3560221782e-01    1.9167249879e-01   -5.9955877798e-02    8.9180501308e+01    2.9726833769e+01    2.9726833769e+01
    3.0191749465e+03    3.7933173961e+03   -6.9386881598e+04    1.1990776389e+02    1.1983080593e+02    1.1941628471e+02    4.5460736780e-02   -1.4758545334e-01   -1.5600700892e-01    8.9180501308e+01    2.9726833769e+01    2.9726833769e+01
    3.0008998966e+03    3.7703564661e+03   -6.9364050841e+04    1.1974883088e+02    1.1982083015e+02    1.1988525717e+02   -2.2449380632e-02   -1.4488395106e-01   -2.7584209683e-02    8.9180501308e+01    2.9726833769e+01    2.9726833769e+01
    3.0024949172e+03    3.7723604636e+03   -6.9360306857e+04    1.2013036876e+02    1.1992556657e+02    1.1955810894e+02   -2.6982992866e-01   -6.1176017342e-02   -3.1161862340e-01    8.9180501308e+01    2.9726833769e+01    2.9726833769e+01
    3.0100077356e+03    3.7817996334e+03   -6.9372920598e+04    1.2017928452e+02    1.1983821848e+02    1.1952064211e+02    1.7787157219e-01   -1.3404070001e-02   -3.4206285148e-01    8.9180501308e+01    2.9726833769e+01    2.9726833769e+01
    2.9989709823e+03    3.7679329615e+03   -6.9359990203e+04    1.2009378202e+02    1.1982660908e+02    1.1962888524e+02    4.3372486497e-02   -1.2687347452e-01    1.0422634489e-01    8.9180501308e+01    2.9726833769e+01    2.9726833769e+01
    3.0088929053e+03    3.7803989510e+03   -6.9369458065e+04    1.1987621190e+02    1.1996765672e+02    1.1975665245e+02   -5.2757205664e-02    2.5092171903e-01    1.4425236770e-01    8.9180501308e+01    2.9726833769e+01    2.9726833769e+01
    2.9783054358e+03    3.7419685909e+03   -6.9335544696e+04    1.1997764827e+02    1.2009500464e+02    1.1977948247e+02    1.1997061504e-01   -7.9509845257e-02   -6.6288520790e-02    8.9180501308e+01    2.9726833769e+01    2.9726833769e+01
    3.0210225397e+03    3.7956387280e+03   -6.9385181611e+04    1.1996082432e+02    1.1964719872e+02    1.1977950562e+02   -5.2281600482e-02   -6.7431217727e-02    5.2095262665e-02    8.9180501308e+01    2.9726833769e+01    2.9726833769e+01
    2.9932925889e+03    3.7607985791e+03   -6.9353716671e+04    1.2029568116e+02    1.1973879574e+02    1.1940872717e+02   -4.9021180722e-02    2.0958922292e-02   -1.0033080823e-01    8.9180501308e+01    2.9726833769e+01    2.9726833769e+01
    3.0007294818e+03    3.7701423554e+03   -6.9363142865e+04    1.1988247499e+02    1.1962881320e+02    1.1980779524e+02   -1.0167058618e-01    1.3255446790e-01    5.5826860156e-02    8.9180501308e+01    2.9726833769e+01    2.9726833769e+01
    3.0002893718e+03    3.7695893974e+03   -6.9357483384e+04    1.2014774544e+02    1.1979718679e+02    1.1955523468e+02   -2.4035960954e-02    1.2830828554e-02   -5.7049641146e-02    8.9180501308e+01    2.9726833769e+01    2.9726833769e+01
    3.0035535124e+03    3.7736904917e+03   -6.9361475983e+04    1.1990948710e+02    1.1976038749e+02    1.1996685423e+02    7.0712014092e-02   -4.1108621209e-02    6.7124832474e-02    8.9180501308e+01    2.9726833769e+01    2.9726833769e+01
    3.0040922441e+03    3.7743673589e+03   -6.9364680687e+04    1.2002055814e+02    1.1980262323e+02    1.1960561646e+02   -8.0447005596e-02   -1.2207212356e-01   -3.6394625542e-02    8.9180501308e+01    2.9726833769e+01    2.9726833769e+01
    3.0052332529e+03    3.7758009322e+03   -6.9364002702e+04    1.1970120390e+02    1.2010147523e+02    1.1960187165e+02   -2.3101006231e-02   -1.3271714426e-02   -2.7346161288e-01    8.9180501308e+01    2.9726833769e+01    2.9726833769e+01
    3.0263432676e+03    3.8023237364e+03   -6.9395849305e+04    1.1971017003e+02    1.1992969640e+02    1.1997238113e+02   -9.5747461644e-02    2.2772916196e-01   -1.0121608494e-01    8.9180501308e+01    2.9726833769e+01    2.9726833769e+01
    3.0066195152e+03    3.7775426441e+03   -6.9366587719e+04    1.2004291461e+02    1.1966078376e+02    1.1959204058e+02    4.5252931110e-02    3.1421063668e-01    1.6599243561e-01    8.9180501308e+01    2.9726833769e+01    2.9726833769e+01
    3.0029837107e+03    3.7729745880e+03   -6.9362762449e+04    1.2009611556e+02    1.1971543673e+02    1.1969812822e+02   -1.8570715317e-01    2.4990279578e-01    1.4256708855e-01    8.9180501308e+01    2.9726833769e+01    2.9726833769e+01
    3.0069899487e+03    3.7780080599e+03   -6.9371835102e+04    1.2017134026e+02    1.1938818385e+02    1.1963968475e+02   -2.1256324416e-02   -2.0854327338e-01   -6.2652014709e-02    8.9180501308e+01    2.9726833769e+01    2.9726833769e+01
    3.0000185637e+03    3.7692491518e+03   -6.9359625247e+04    1.1970632163e+02    1.1994793451e+02    1.1995811013e+02   -3.8131806301e-02    9.4497537992e-02   -1.4367918732e-02    8.9180501308e+01    2.9726833769e+01    2.9726833769e+01
    3.0143810522e+03    3.7872943060e+03   -6.9375912155e+04    1.1994594131e+02    1.1955037208e+02    1.2002261883e+02    7.4654045532e-02    5.1288203012e-02    5.2050296276e-02    8.9180501308e+01    2.9726833769e+01    2.9726833769e+01
    2.9597100183e+03    3.7186051483e+03   -6.9308692469e+04    1.1996490217e+02    1.2000602568e+02    1.1985956484e+02   -6.8430271593e-03   -1.5386999848e-01    1.5477683296e-01    8.9180501308e+01    2.9726833769e+01    2.9726833769e+01
    2.9962020367e+03    3.7644540344e+03   -6.9351117690e+04    1.2000939604e+02    1.2004033248e+02    1.1970990260e+02    1.9039708878e-01   -5.8697888611e-02   -6.5095684708e-02    8.9180501308e+01    2.9726833769e+01    2.9726833769e+01
    3.0488620580e+03    3.8306165385e+03   -6.9419488320e+04    1.1946838192e+02    1.1976207509e+02    1.1944689760e+02   -1.0027067604e-01    7.8639784923e-02    2.2453267755e-01    8.9180501308e+01    2.9726833769e+01    2.9726833769e+01
    3.0031512759e+03    3.7731851184e+03   -6.9362682639e+04    1.1979959441e+02    1.2012854535e+02    1.1974859231e+02    4.7184302427e-02   -9.6356030629e-02    1.4494823797e-01    8.9180501308e+01    2.9726833769e+01    2.9726833769e+01
    3.0098855319e+03    3.7816460955e+03   -6.9374292879e+04    1.2027512003e+02    1.1968237905e+02    1.1964879023e+02    1.4159051792e-01   -1.2105140062e-01   -5.3154901508e-02    8.9180501308e+01    2.9726833769e+01    2.9726833769e+01
    2.9795697258e+03    3.7435570558e+03   -6.9336020355e+04    1.1994612424e+02    1.1997367921e+02    1.1996083198e+02    7.7668609728e-02    4.7631811913e-02    1.9249184535e-02    8.9180501308e+01    2.9726833769e+01    2.9726833769e+01
    2.9814209466e+03    3.7458829456e+03   -6.9338646544e+04    1.1994558998e+02    1.1950765797e+02    1.2035131945e+02   -1.4582129972e-02   -1.5533495899e-01    1.5737659702e-02    8.9180501308e+01    2.9726833769e+01    2.9726833769e+01
    2.9892192286e+03    3.7556807742e+03   -6.9346559684e+04    1.1982948754e+02    1.1986497844e+02    1.1983652450e+02   -2.9267651089e-01    8.8621229208e-02    5.3231927775e-02    8.9180501308e+01    2.9726833769e+01    2.9726833769e+01
    2.9942399947e+03    3.7619889080e+03   -6.9352594920e+04    1.2003069772e+02    1.2006104553e+02    1.1976378919e+02   -8.8686173453e-02    1.9099276745e-01   -5.5746156719e-03    8.9180501308e+01    2.9726833769e+01    2.9726833769e+01
    2.9584180175e+03    3.7169818674e+03   -6.9305287737e+04    1.1998975248e+02    1.1963829596e+02    1.2029302751e+02    1.0474320126e-01   -2.1176134686e-01    3.5203519760e-02    8.9180501308e+01    2.9726833769e+01    2.9726833769e+01
    3.0003854811e+03    3.7697101499e+03   -6.9361707773e+04    1.2009874831e+02    1.1968776765e+02    1.1993608494e+02    4.3968056362e-02   -2.3691437023e-01   -1.8036436048e-01    8.9180501308e+01    2.9726833769e+01    2.9726833769e+01
    2.9568878406e+03    3.7150593400e+03   -6.9306776272e+04    1.2015083237e+02    1.1994644304e+02    1.2004531293e+02    3.2754698796e-02    2.5343958871e-01   -7.2776541663e-02    8.9180501308e+01    2.9726833769e+01    2.9726833769e+01
    3.0185107334e+03    3.7924828729e+03   -6.9385770695e+04    1.1999676226e+02    1.1980182199e+02    1.1955525694e+02    4.4304658280e-02   -2.4601783472e-02   -1.8608407318e-01    8.9180501308e+01    2.9726833769e+01    2.9726833769e+01
    3.0173007424e+03    3.7909626299e+03   -6.9381543817e+04    1.2003287687e+02    1.1964196692e+02    1.1946534815e+02    2.7016365973e-02   -1.1625658704e-01   -9.9029072164e-02    8.9180501308e+01    2.9726833769e+01    2.9726833769e+01
    3.0096120358e+03    3.7813024727e+03   -6.9373571328e+04    1.1984060461e+02    1.1980072824e+02    1.1957985384e+02   -1.0019038065e-01   -1.1241125135e-01    1.3753542888e-02    8.9180501308e+01    2.9726833769e+01    2.9726833769e+01
    3.0208061756e+03    3.7953668864e+03   -6.9386145160e+04    1.2022939263e+02    1.1925100051e+02    1.1953580452e+02    1.3719368873e-02    3.6012533982e-01    1.5390131735e-01    8.9180501308e+01    2.9726833769e+01    2.9726833769e+01
    3.0030995222e+03    3.7731200946e+03   -6.9365882810e+04    1.1982611067e+02    1.1983013186e+02    1.1984865618e+02    1.2155470689e-02    4.8260005027e-02    9.4402313610e-02    8.9180501308e+01    2.9726833769e+01    2.9726833769e+01
    3.0099404393e+03    3.7817150817e+03   -6.9374243244e+04    1.1997487087e+02    1.1947791030e+02    1.1978543142e+02   -2.7579577550e-02    8.4920893648e-03   -9.4847160417e-02    8.9180501308e+01    2.9726833769e+01    2.9726833769e+01
    2.9712090933e+03    3.7330526852e+03   -6.9322236558e+04    1.2014472534e+02    1.1984426041e+02    1.1985651481e+02    2.1335029843e-01    5.7274977773e-02    1.1206920466e-01    8.9180501308e+01    2.9726833769e+01    2.9726833769e+01
    2.9957073710e+03    3.7638325322e+03   -6.9355315551e+04    1.1987949828e+02    1.2004166937e+02    1.1993624149e+02   -2.0291273369e-02    1.8465012742e-01   -7.3762323271e-02    8.9180501308e+01    2.9726833769e+01    2.9726833769e+01
    3.0171831010e+03    3.7908148242e+03   -6.9380555612e+04    1.1979974967e+02    1.1954254758e+02    1.2010107864e+02    5.2812479312e-02   -7.7608192188e-02   -7.0784242044e-02    8.9180501308e+01    2.9726833769e+01    2.9726833769e+01
    3.0324048749e+03    3.8099395920e+03   -6.9399293471e+04    1.1983306541e+02    1.1967292350e+02    1.1956497416e+02    1.5594202703e-01    7.5367023311e-02    1.0535192111e-01    8.9180501308e+01    2.9726833769e+01    2.9726833769e+01
    2.9999902086e+03    3.7692135262e+03   -6.9362100671e+04    1.1990276463e+02    1.2003164380e+02    1.1950169995e+02    4.0139179328e-03    1.4267469015e-02    2.1040783770e-02    8.9180501308e+01    2.9726833769e+01    2.9726833769e+01
    2.9760065709e+03    3.7390802774e+03   -6.9330778430e+04    1.1987583964e+02    1.2022609700e+02    1.1980374581e+02    1.1459369867e-01    9.0914031206e-02    2.1109344438e-01    8.9180501308e+01    2.9726833769e+01    2.9726833769e+01
    2.9860881481e+03    3.7517468577e+03   -6.9346237483e+04    1.2004960442e+02    1.1989316248e+02    1.1961206086e+02    3.3961771805e-02   -3.1659781668e-02    9.9586712975e-02    8.9180501308e+01    2.9726833769e+01    2.9726833769e+01
    2.9814792311e+03    3.7459561747e+03   -6.9337591261e+04    1.2009242761e+02    1.1988201054e+02    1.1986370503e+02   -4.6777983051e-02   -3.3846292272e-02   -1.6058923078e-02    8.9180501308e+01    2.9726833769e+01    2.9726833769e+01
    2.9931002279e+03    3.7605568951e+03   -6.9350784891e+04    1.2012184548e+02    1.1987170617e+02    1.1956238642e+02   -3.1131332950e-01   -1.0374114516e-01    1.3042049921e-01    8.9180501308e+01    2.9726833769e+01    2.9726833769e+01
    2.9899890978e+03    3.7566480445e+03   -6.9348241838e+04    1.2007389718e+02    1.1951151400e+02    1.1985647908e+02   -6.8049462156e-02   -3.4348306020e-02    2.1799791711e-01    8.9180501308e+01    2.9726833769e+01    2.9726833769e+01
    3.0034310540e+03    3.7735366340e+03   -6.9365293110e+04    1.2019677144e+02    1.1943911041e+02    1.1976247526e+02    2.7819935447e-02    4.5162711504e-02   -1.0739426087e-01    8.9180501308e+01    2.9726833769e+01    2.9726833769e+01
    3.0298616265e+03    3.8067442329e+03   -6.9394373351e+04    1.2009800948e+02    1.1940061772e+02    1.1960830462e+02   -1.1904262120e-02   -3.0432193309e-02   -1.5163992497e-01    8.9180501308e+01    2.9726833769e+01    2.9726833769e+01
    3.0089774948e+03    3.7805052300e+03   -6.9369776421e+04    1.1985327911e+02    1.1997119263e+02    1.1965555464e+02    4.0804707159e-02    1.1337279527e-01   -3.6905143250e-02    8.9180501308e+01    2.9726833769e+01    2.9726833769e+01
    3.0359876080e+03    3.8144409687e+03   -6.9405964935e+04    1.1977662360e+02    1.1960048556e+02    1.1970026043e+02    1.0803790415e-01    2.7020915977e-02   -3.6669074693e-02    8.9180501308e+01    2.9726833769e+01    2.9726833769e+01
    2.9881586325e+03    3.7543482321e+03   -6.9343640238e+04    1.2014934569e+02    1.1993448953e+02    1.1964054227e+02   -1.5825454359e-01   -6.1590997215e-02   -1.7618685048e-01    8.9180501308e+01    2.9726833769e+01    2.9726833769e+01
    3.0231014312e+03    3.7982506652e+03   -6.9391451858e+04    1.1964112029e+02    1.1983705320e+02    1.1993791233e+02   -2.5494836010e-02    1.9902513580e-01    4.4035120798e-02    8.9180501308e+01    2.9726833769e+01    2.9726833769e+01
    3.0129994664e+03    3.7855584697e+03   -6.9376842517e+04    1.2003546271e+02    1.1965545221e+02    1.1948555553e+02    2.2216354378e-02    6.7533170290e-02    2.1909308115e-02    8.9180501308e+01    2.9726833769e+01    2.9726833769e+01
    3.0010175110e+03    3.7705042378e+03   -6.9362538443e+04    1.2008318153e+02    1.1966022680e+02    1.1972669880e+02   -1.3342621196e-02   -6.3917849137e-02   -1.4404880473e-02    8.9180501308e+01    2.9726833769e+01    2.9726833769e+01
    3.0232454614e+03    3.7984316260e+03   -6.9389872145e+04    1.1988865711e+02    1.1991206358e+02    1.1960448081e+02    1.3323935127e-01   -4.8678903508e-02    1.3878368570e-01    8.9180501308e+01    2.9726833769e+01    2.9726833769e+01
    3.0196320843e+03    3.7938917480e+03   -6.9385558729e+04    1.1972189260e+02    1.1978730104e+02    1.1971666050e+02    1.5194177650e-01   -9.6299019841e-03    2.7009645390e-02    8.9180501308e+01    2.9726833769e+01    2.9726833769e+01
    2.9916058667e+03    3.7586793668e+03   -6.9349999731e+04    1.1996191078e+02    1.1965295903e+02    1.2011569893e+02   -1.4006472418e-01   -1.9488650663e-01    4.1706623508e-02    8.9180501308e+01    2.9726833769e+01    2.9726833769e+01
    2.9979980858e+03    3.7667106060e+03   -6.9359330963e+04    1.2011728944e+02    1.2004368883e+02    1.1948430614e+02   -1.9758019489e-02   -1.5351752520e-01   -1.4992527716e-01    8.9180501308e+01    2.9726833769e+01    2.9726833769e+01
    3.0031629542e+03    3.7731997911e+03   -6.9359252792e+04    1.1971376156e+02    1.2008266122e+02    1.1968878298e+02   -1.1384273463e-01   -6.1119339991e-02    2.0994337918e-01    8.9180501308e+01    2.9726833769e+01    2.9726833769e+01
    2.9791294924e+03    3.7430039427e+03   -6.9331137094e+04    1.2004368491e+02    1.2004878754e+02    1.2003244851e+02    5.5998302106e-02    9.5410850853e-02   -1.8315403550e-02    8.9180501308e+01    2.9726833769e+01    2.9726833769e+01
    2.9955909199e+03    3.7636862220e+03   -6.9353418793e+04    1.1991495820e+02    1.1925232792e+02    1.2019160343e+02    7.5093534874e-02    5.5913788778e-02   -5.5838866112e-02    8.9180501308e+01    2.9726833769e+01    2.9726833769e+01
    3.0183075302e+03    3.7922275668e+03   -6.9384895272e+04    1.1979830356e+02    1.1978872403e+02    1.1949910627e+02    2.7220886293e-02    1.8632302970e-01   -3.3738417883e-02    8.9180501308e+01    2.9726833769e+01    2.9726833769e+01
    2.9909987133e+03    3.7579165340e+03   -6.9349398036e+04    1.2016379964e+02    1.1969906575e+02    1.1985562405e+02   -1.4286449688e-01   -1.8696353281e-01    4.4932888769e-02    8.9180501308e+01    2.9726833769e+01    2.9726833769e+01
    3.0023202718e+03    3.7721410377e+03   -6.9358972834e+04    1.2019416453e+02    1.1971158399e+02    1.1943855410e+02   -6.4235094867e-02   -7.2082847783e-02    7.2380365117e-03    8.9180501308e+01    2.9726833769e+01    2.9726833769e+01
    3.0121319370e+03    3.7844684983e+03   -6.9375527184e+04    1.2017613168e+02    1.1998984702e+02    1.1966792120e+02    2.8918537864e-02    9.4621415316e-02    1.1914936380e-01    8.9180501308e+01    2.9726833769e+01    2.9726833769e+01
    3.0121319370e+03    3.7844684983e+03   -6.9375527184e+04    1.2017613168e+02    1.1998984702e+02    1.1966792120e+02    2.8918537864e-02    9.4621415316e-02    1.1914936380e-01    8.9180501308e+01    2.9726833769e+01    2.9726833769e+01
    3.0121319370e+03    3.7844684983e+03   -6.9375527184e+04    1.2017613168e+02    1.1998984702e+02    1.1966792120e+02    2.8918537864e-02    9.4621415316e-02    1.1914936380e-01    8.9180501308e+01    2.9726833769e+01    2.9726833769e+01
    3.0121319370e+03    3.7844684983e+03   -6.9375527184e+04    1.2017613168e+02    1.1998984702e+02    1.1966792120e+02    2.8918537864e-02    9.4621415316e-02    1.1914936380e-01    8.9180501308e+01    2.9726833769e+01    2.9726833769e+01
    3.0121319370e+03    3.7844684983e+03   -6.9375527184e+04    1.2017613168e+02    1.1998984702e+02    1.1966792120e+02    2.8918537864e-02    9.4621415316e-02    1.1914936380e-01    8.9180501308e+01    2.9726833769e+01    2.9726833769e+01
    3.0121319370e+03    3.7844684983e+03   -6.9375527184e+04    1.2017613168e+02    1.1998984702e+02    1.1966792120e+02    2.8918537864e-02    9.4621415316e-02    1.1914936380e-01    8.9180501308e+01    2.9726833769e+01    2.9726833769e+01
    3.0121319370e+03    3.7844684983e+03   -6.9375527184e+04    1.2017613168e+02    1.1998984702e+02    1.1966792120e+02    2.8918537864e-02    9.4621415316e-02    1.1914936380e-01    8.9180501308e+01    2.9726833769e+01    2.9726833769e+01
    3.0121319370e+03    3.7844684983e+03   -6.9375527184e+04    1.2017613168e+02    1.1998984702e+02    1.1966792120e+02    2.8918537864e-02    9.4621415316e-02    1.1914936380e-01    8.9180501308e+01    2.9726833769e+01    2.9726833769e+01
    3.0121319370e+03    3.7844684983e+03   -6.9375527184e+04    1.2017613168e+02    1.1998984702e+02    1.1966792120e+02    2.8918537864e-02    9.4621415316e-02    1.1914936380e-01    8.9180501308e+01    2.9726833769e+01    2.9726833769e+01
    3.0121319370e+03    3.7844684983e+03   -6.9375527184e+04    1.2017613168e+02    1.1998984702e+02    1.1966792120e+02    2.8918537864e-02    9.4621415316e-02    1.1914936380e-01    8.9180501308e+01    2.9726833769e+01    2.9726833769e+01
    3.0121319370e+03    3.7844684983e+03   -6.9375527184e+04    1.2017613168e+02    1.1998984702e+02    1.1966792120e+02    2.8918537864e-02    9.4621415316e-02    1.1914936380e-01    8.9180501308e+01    2.9726833769e+01    2.9726833769e+01
    3.0121319370e+03    3.7844684983e+03   -6.9375527184e+04    1.2017613168e+02    1.1998984702e+02    1.1966792120e+02    2.8918537864e-02    9.4621415316e-02    1.1914936380e-01    8.9180501308e+01    2.9726833769e+01    2.9726833769e+01
    3.0121319370e+03    3.7844684983e+03   -6.9375527184e+04    1.2017613168e+02    1.1998984702e+02    1.1966792120e+02    2.8918537864e-02    9.4621415316e-02    1.1914936380e-01    8.9180501308e+01    2.9726833769e+01    2.9726833769e+01
    3.0121319370e+03    3.7844684983e+03   -6.9375527184e+04    1.2017613168e+02    1.1998984702e+02    1.1966792120e+02    2.8918537864e-02    9.4621415316e-02    1.1914936380e-01    8.9180501308e+01    2.9726833769e+01    2.9726833769e+01
    3.0121319370e+03    3.7844684983e+03   -6.9375527184e+04    1.2017613168e+02    1.1998984702e+02    1.1966792120e+02    2.8918537864e-02    9.4621415316e-02    1.1914936380e-01    8.9180501308e+01    2.9726833769e+01    2.9726833769e+01
    3.0121319370e+03    3.7844684983e+03   -6.9375527184e+04    1.2017613168e+02    1.1998984702e+02    1.1966792120e+02    2.8918537864e-02    9.4621415316e-02    1.1914936380e-01    8.9180501308e+01    2.9726833769e+01    2.9726833769e+01
    3.0121319370e+03    3.7844684983e+03   -6.9375527184e+04    1.2017613168e+02    1.1998984702e+02    1.1966792120e+02    2.8918537864e-02    9.4621415316e-02    1.1914936380e-01    8.9180501308e+01    2.9726833769e+01    2.9726833769e+01
    3.0121319370e+03    3.7844684983e+03   -6.9375527184e+04    1.2017613168e+02    1.1998984702e+02    1.1966792120e+02    2.8918537864e-02    9.4621415316e-02    1.1914936380e-01    8.9180501308e+01    2.9726833769e+01    2.9726833769e+01
    3.0121319370e+03    3.7844684983e+03   -6.9375527184e+04    1.2017613168e+02    1.1998984702e+02    1.1966792120e+02    2.8918537864e-02    9.4621415316e-02    1.1914936380e-01    8.9180501308e+01    2.9726833769e+01    2.9726833769e+01
    3.0121319370e+03    3.7844684983e+03   -6.9375527184e+04    1.2017613168e+02    1.1998984702e+02    1.1966792120e+02    2.8918537864e-02    9.4621415316e-02    1.1914936380e-01    8.9180501308e+01    2.9726833769e+01    2.9726833769e+01
    3.0121319370e+03    3.7844684983e+03   -6.9375527184e+04    1.2017613168e+02    1.1998984702e+02    1.1966792120e+02    2.8918537864e-02    9.4621415316e-02    1.1914936380e-01    8.9180501308e+01    2.9726833769e+01    2.9726833769e+01
    3.0121319370e+03    3.7844684983e+03   -6.9375527184e+04    1.2017613168e+02    1.1998984702e+02    1.1966792120e+02    2.8918537864e-02    9.4621415316e-02    1.1914936380e-01    8.9180501308e+01    2.9726833769e+01    2.9726833769e+01
    3.0121319370e+03    3.7844684983e+03   -6.9375527184e+04    1.2017613168e+02    1.1998984702e+02    1.1966792120e+02    2.8918537864e-02    9.4621415316e-02    1.1914936380e-01    8.9180501308e+01    2.9726833769e+01    2.9726833769e+01
    3.0121319370e+03    3.7844684983e+03   -6.9375527184e+04    1.2017613168e+02    1.1998984702e+02    1.1966792120e+02    2.8918537864e-02    9.4621415316e-02    1.1914936380e-01    8.9180501308e+01    2.9726833769e+01    2.9726833769e+01
    3.0121319370e+03    3.7844684983e+03   -6.9375527184e+04    1.2017613168e+02    1.1998984702e+02    1.1966792120e+02    2.8918537864e-02    9.4621415316e-02    1.1914936380e-01    8.9180501308e+01    2.9726833769e+01    2.9726833769e+01
    3.0121319370e+03    3.7844684983e+03   -6.9375527184e+04    1.2017613168e+02    1.1998984702e+02    1.1966792120e+02    2.8918537864e-02    9.4621415316e-02    1.1914936380e-01    8.9180501308e+01    2.9726833769e+01    2.9726833769e+01
    3.0121319370e+03    3.7844684983e+03   -6.9375527184e+04    1.2017613168e+02    1.1998984702e+02    1.1966792120e+02    2.8918537864e-02    9.4621415316e-02    1.1914936380e-01    8.9180501308e+01    2.9726833769e+01    2.9726833769e+01
    3.0121319370e+03    3.7844684983e+03   -6.9375527184e+04    1.2017613168e+02    1.1998984702e+02    1.1966792120e+02    2.8918537864e-02    9.4621415316e-02    1.1914936380e-01    8.9180501308e+01    2.9726833769e+01    2.9726833769e+01
    3.0121319370e+03    3.7844684983e+03   -6.9375527184e+04    1.2017613168e+02    1.1998984702e+02    1.1966792120e+02    2.8918537864e-02    9.4621415316e-02    1.1914936380e-01    8.9180501308e+01    2.9726833769e+01    2.9726833769e+01
    3.0121319370e+03    3.7844684983e+03   -6.9375527184e+04    1.2017613168e+02    1.1998984702e+02    1.1966792120e+02    2.8918537864e-02    9.4621415316e-02    1.1914936380e-01    8.9180501308e+01    2.9726833769e+01    2.9726833769e+01
    3.0121319370e+03    3.7844684983e+03   -6.9375527184e+04    1.2017613168e+02    1.1998984702e+02    1.1966792120e+02    2.8918537864e-02    9.4621415316e-02    1.1914936380e-01    8.9180501308e+01    2.9726833769e+01    2.9726833769e+01
