    2.0104342408e+03    2.5259268888e+03   -7.3777626341e+04    7.3765570852e+01    7.3655680606e+01    7.3329681840e+01    1.2294317455e-01    6.7552391900e-04    9.5409170611e-02    9.1508946803e+01    3.0502982268e+01    3.0502982268e+01
    2.0138682356e+03    2.5302413895e+03   -7.3767764820e+04    7.3791311045e+01    7.3643761495e+01    7.3627948111e+01    5.0097112959e-03    4.7990645236e-03    6.1625318400e-02    9.1508946803e+01    3.0502982268e+01    3.0502982268e+01
    1.9965052526e+03    2.5084263880e+03   -7.3746760994e+04    7.3597097872e+01    7.3732878146e+01    7.4012285280e+01    9.9039053823e-02   -5.7793446547e-02   -8.2354597466e-02    9.1508946803e+01    3.0502982268e+01    3.0502982268e+01
    1.9956142661e+03    2.5073069450e+03   -7.3744108224e+04    7.4066021024e+01    7.3640005183e+01    7.3632518809e+01   -4.5514544655e-02   -5.4984350676e-02   -3.1299600745e-02    9.1508946803e+01    3.0502982268e+01    3.0502982268e+01
    1.9951250223e+03    2.5066922549e+03   -7.3746367205e+04    7.3820368087e+01    7.3761071294e+01    7.3622714328e+01    5.0826682563e-02    7.6871770918e-02   -1.2695360975e-01    9.1508946803e+01    3.0502982268e+01    3.0502982268e+01
    2.0207718502e+03    2.5389151502e+03   -7.3778662594e+04    7.3873751085e+01    7.3493747006e+01    7.3489214640e+01   -4.8850295616e-02   -3.3901286919e-03    1.4292111848e-01    9.1508946803e+01    3.0502982268e+01    3.0502982268e+01
    2.0107520549e+03    2.5263261931e+03   -7.3763357897e+04    7.3922948092e+01    7.3437189730e+01    7.3832756557e+01   -2.1523008026e-03    9.7916579346e-02    1.8527915087e-02    9.1508946803e+01    3.0502982268e+01    3.0502982268e+01
    2.0178137287e+03    2.5351985409e+03   -7.3771427567e+04    7.3799051161e+01    7.3675014262e+01    7.3588571334e+01   -3.4671095750e-02    1.9401866705e-01    6.2206772230e-02    9.1508946803e+01    3.0502982268e+01    3.0502982268e+01
    1.9994919429e+03    2.5121788915e+03   -7.3752254932e+04    7.3909787133e+01    7.3812474934e+01    7.3651874981e+01   -7.8497831088e-02   -2.9729176224e-02   -1.2167675376e-01    9.1508946803e+01    3.0502982268e+01    3.0502982268e+01
    2.0115130682e+03    2.5272823368e+03   -7.3762851112e+04    7.3857586852e+01    7.3643118749e+01    7.3646470192e+01   -8.1639484658e-02   -3.6591174398e-02   -1.0642269711e-01    9.1508946803e+01    3.0502982268e+01    3.0502982268e+01
    1.9880852343e+03    2.4978474046e+03   -7.3733679319e+04    7.3741590265e+01    7.3927029681e+01    7.3852763389e+01   -4.6191002989e-02   -3.4586470179e-02   -4.7061277775e-02    9.1508946803e+01    3.0502982268e+01    3.0502982268e+01
    2.0098605119e+03    2.5252060508e+03   -7.3763545767e+04    7.3608288677e+01    7.3698276453e+01    7.3744179099e+01   -1.4447537113e-01   -3.8738898276e-02   -5.9916667083e-02    9.1508946803e+01    3.0502982268e+01    3.0502982268e+01
    1.9991187848e+03    2.5117100525e+03   -7.3749214152e+04    7.3876751879e+01    7.3698367920e+01    7.3655150673e+01   -3.9307590177e-02    3.3529256620e-02   -6.0116865553e-02    9.1508946803e+01    3.0502982268e+01    3.0502982268e+01
    1.9892725803e+03    2.4993391964e+03   -7.3737177904e+04    7.3934304584e+01    7.3931866008e+01    7.3594411991e+01    2.4271842244e-02   -1.7806041793e-01    1.4801000103e-01    9.1508946803e+01    3.0502982268e+01    3.0502982268e+01
    1.9930896812e+03    2.5041350348e+03   -7.3741595142e+04    7.3847909555e+01    7.3971672850e+01    7.3834210086e+01   -5.5102777052e-02    5.7014445494e-02    7.9244572195e-02    9.1508946803e+01    3.0502982268e+01    3.0502982268e+01
    1.9786010471e+03    2.4859313901e+03   -7.3723584655e+04    7.3926879761e+01    7.3895024769e+01    7.3879717189e+01    3.4167257436e-03    1.5007853960e-02   -6.6331367997e-02    9.1508946803e+01    3.0502982268e+01    3.0502982268e+01
    1.9939270056e+03    2.5051870564e+03   -7.3743739301e+04    7.3667764598e+01    7.3634958108e+01    7.4016467177e+01    5.7356560335e-04    2.4783601254e-02   -1.4768803689e-02    9.1508946803e+01    3.0502982268e+01    3.0502982268e+01
    1.9975470084e+03    2.5097352591e+03   -7.3748722698e+04    7.3959740243e+01    7.3704123724e+01    7.3529232409e+01    3.8424881561e-02   -2.1213233055e-02   -3.0074047443e-03    9.1508946803e+01    3.0502982268e+01    3.0502982268e+01
    1.9966759936e+03    2.5086409085e+03   -7.3745000671e+04    7.3883943300e+01    7.3758057757e+01    7.3937089504e+01    6.7843279368e-02    1.1463132107e-01   -5.3380136588e-02    9.1508946803e+01    3.0502982268e+01    3.0502982268e+01
    1.9865384125e+03    2.4959039643e+03   -7.3733626402e+04    7.3937751389e+01    7.3754550340e+01    7.3816467863e+01   -8.4758516938e-02   -1.8855036685e-01   -3.6392473782e-02    9.1508946803e+01    3.0502982268e+01    3.0502982268e+01
    2.0025645412e+03    2.5160393304e+03   -7.3754118858e+04    7.3948513189e+01    7.3889632752e+01    7.3709717552e+01    1.1201910649e-01   -4.8442118369e-02   -8.2176609397e-02    9.1508946803e+01    3.0502982268e+01    3.0502982268e+01
    1.9913640965e+03    2.5019669952e+03   -7.3740830234e+04    7.4100147446e+01    7.3715997293e+01    7.3578311142e+01    3.5031348563e-02    1.5829804324e-01    3.8301989697e-02    9.1508946803e+01    3.0502982268e+01    3.0502982268e+01
    1.9852802562e+03    2.4943232059e+03   -7.3732584779e+04    7.3918848245e+01    7.3537789456e+01    7.3914080222e+01   -5.0175574561e-02    6.4583640362e-02   -1.4092973664e-02    9.1508946803e+01    3.0502982268e+01    3.0502982268e+01
    2.0024624907e+03    2.5159111133e+03   -7.3753555652e+04    7.3908682012e+01    7.3754658835e+01    7.3585538071e+01    7.4043883423e-02   -9.7966409998e-02    8.2878342253e-02    9.1508946803e+01    3.0502982268e+01    3.0502982268e+01
    2.0112747794e+03    2.5269829487e+03   -7.3764669347e+04    7.3884233165e+01    7.3800521076e+01    7.3419435280e+01   -8.2319758350e-02    1.9159504534e-01   -7.5926478524e-02    9.1508946803e+01    3.0502982268e+01    3.0502982268e+01
    2.0202862968e+03    2.5383050968e+03   -7.3777601614e+04    7.3771282179e+01    7.3641204398e+01    7.3559333985e+01   -4.9174404590e-02   -1.9434099207e-02   -8.8174455224e-02    9.1508946803e+01    3.0502982268e+01    3.0502982268e+01
    1.9959094037e+03    2.5076777583e+03   -7.3745845425e+04    7.3717439529e+01    7.3718952961e+01    7.3828891212e+01    6.6570537613e-02   -3.7570216787e-02    4.2727064237e-02    9.1508946803e+01    3.0502982268e+01    3.0502982268e+01
    1.9996189872e+03    2.5123385110e+03   -7.3750703057e+04    7.3879502080e+01    7.3578427530e+01    7.3595393663e+01   -1.4048009187e-02    8.3149508215e-02    1.9569808574e-01    9.1508946803e+01    3.0502982268e+01    3.0502982268e+01
    1.9948549777e+03    2.5063529684e+03   -7.3741936481e+04    7.3713671435e+01    7.3764912793e+01    7.3824924580e+01   -1.3893162215e-01    7.5839794966e-02    6.3338630603e-03    9.1508946803e+01    3.0502982268e+01    3.0502982268e+01
    2.0035295613e+03    2.5172517900e+03   -7.3755681463e+04    7.3917787933e+01    7.3558657252e+01    7.3820900273e+01    5.1382422631e-02    1.7102865823e-02    5.2055851014e-02    9.1508946803e+01    3.0502982268e+01    3.0502982268e+01
    1.9904801748e+03    2.5008564284e+03   -7.3738720501e+04    7.3860153479e+01    7.3948163594e+01    7.3641876386e+01   -5.2669872506e-02    9.4477583457e-02   -1.1387206004e-01    9.1508946803e+01    3.0502982268e+01    3.0502982268e+01
    2.0110316966e+03    2.5266775374e+03   -7.3763564315e+04    7.3915991552e+01    7.3770617147e+01    7.3475307982e+01   -1.9688331566e-02   -2.5641175014e-02   -3.1257204789e-02    9.1508946803e+01    3.0502982268e+01    3.0502982268e+01
    1.9815318984e+03    2.4896137370e+03   -7.3725805135e+04    7.3973480711e+01    7.3556820200e+01    7.3787413754e+01   -3.1214661545e-02    1.2846812948e-02    1.1950700692e-02    9.1508946803e+01    3.0502982268e+01    3.0502982268e+01
    2.0018828011e+03    2.5151827863e+03   -7.3752011551e+04    7.3998205596e+01    7.3863405540e+01    7.3617108709e+01   -2.0270102969e-02   -8.0826041437e-03    3.5394257703e-02    9.1508946803e+01    3.0502982268e+01    3.0502982268e+01
    2.0123928144e+03    2.5283876576e+03   -7.3767473740e+04    7.3623955242e+01    7.3622471689e+01    7.3848479791e+01   -4.7728369962e-02    6.5204308389e-02   -2.1288374599e-02    9.1508946803e+01    3.0502982268e+01    3.0502982268e+01
    1.9826775448e+03    2.4910531370e+03   -7.3725378501e+04    7.4035285178e+01    7.3691063408e+01    7.3802307174e+01   -2.1151507867e-02    1.0298981117e-01   -6.1679597848e-02    9.1508946803e+01    3.0502982268e+01    3.0502982268e+01
    1.9934353826e+03    2.5045693769e+03   -7.3739567168e+04    7.3958857279e+01    7.3788762304e+01    7.3702198576e+01    2.3995727586e-02    5.4495156939e-02    6.3183974831e-02    9.1508946803e+01    3.0502982268e+01    3.0502982268e+01
    2.0049333544e+03    2.5190155277e+03   -7.3756624361e+04    7.3751052841e+01    7.3771318200e+01    7.3824998102e+01   -4.0769010054e-02   -1.4767027423e-02    3.2166917116e-02    9.1508946803e+01    3.0502982268e+01    3.0502982268e+01
    1.9924377453e+03    2.5033159369e+03   -7.3742079313e+04    7.3822612256e+01    7.3682702513e+01    7.3700575998e+01   -9.6984393485e-03   -1.5022283150e-01    9.5980917715e-02    9.1508946803e+01    3.0502982268e+01    3.0502982268e+01
    1.9969783606e+03    2.5090208051e+03   -7.3749092708e+04    7.3948637371e+01    7.3640054494e+01    7.3718611315e+01   -1.3595442868e-01    3.6314922566e-02    7.4448183062e-02    9.1508946803e+01    3.0502982268e+01    3.0502982268e+01
    1.9937225660e+03    2.5049301967e+03   -7.3743390950e+04    7.3558333459e+01    7.3976594648e+01    7.4001348029e+01    2.3913774830e-02   -1.0660215041e-01   -7.0718593197e-02    9.1508946803e+01    3.0502982268e+01    3.0502982268e+01
    1.9986793694e+03    2.5111579672e+03   -7.3748367583e+04    7.3805946471e+01    7.3753852030e+01    7.3612594244e+01   -9.0090587200e-04    1.0826244384e-02    1.1450523946e-01    9.1508946803e+01    3.0502982268e+01    3.0502982268e+01
    2.0180742134e+03    2.5355258161e+03   -7.3772451470e+04    7.3520499621e+01    7.3725246600e+01    7.3842325534e+01   -4.0746468203e-02   -6.6071600685e-02    2.3352327245e-02    9.1508946803e+01    3.0502982268e+01    3.0502982268e+01
    2.0101966366e+03    2.5256283608e+03   -7.3764077969e+04    7.3944024228e+01    7.3758002365e+01    7.3465428322e+01   -3.9289220282e-03    1.4475953492e-01    3.1451625266e-02    9.1508946803e+01    3.0502982268e+01    3.0502982268e+01
    2.0051191466e+03    2.5192489587e+03   -7.3756488186e+04    7.3911976298e+01    7.3780202807e+01    7.3491375242e+01    1.1131216188e-01   -1.5791798307e-02    1.4637666021e-01    9.1508946803e+01    3.0502982268e+01    3.0502982268e+01
    1.9985874799e+03    2.5110425164e+03   -7.3750673055e+04    7.3902922424e+01    7.3710655418e+01    7.3708051862e+01    1.8724089752e-02    3.8561589156e-02    5.0116016050e-02    9.1508946803e+01    3.0502982268e+01    3.0502982268e+01
    1.9948860339e+03    2.5063919878e+03   -7.3742475062e+04    7.3828246527e+01    7.3698018706e+01    7.3836657004e+01    2.3238688513e-02   -1.1693889565e-02    8.4369817591e-03    9.1508946803e+01    3.0502982268e+01    3.0502982268e+01
    2.0015690031e+03    2.5147885277e+03   -7.3750967038e+04    7.4172835074e+01    7.3673747092e+01    7.3468812367e+01   -2.5870229554e-02   -3.2453810288e-02    2.0530320461e-02    9.1508946803e+01    3.0502982268e+01    3.0502982268e+01
    2.0093125474e+03    2.5245175835e+03   -7.3763777893e+04    7.3791374900e+01    7.3866394895e+01    7.3584703373e+01   -5.2678220380e-02    7.6747856721e-02   -2.8863525857e-03    9.1508946803e+01    3.0502982268e+01    3.0502982268e+01
    1.9999218538e+03    2.5127190352e+03   -7.3749689017e+04    7.4010998211e+01    7.3621549717e+01    7.3674647602e+01   -2.5961956571e-02    5.1094334552e-02    3.8813398756e-02    9.1508946803e+01    3.0502982268e+01    3.0502982268e+01
    1.9880053694e+03    2.4977470616e+03   -7.3735327150e+04    7.3842644504e+01    7.3650763868e+01    7.3817768856e+01    7.5383160113e-02    1.5608696766e-02    1.1491755566e-01    9.1508946803e+01    3.0502982268e+01    3.0502982268e+01
    1.9912881641e+03    2.5018715932e+03   -7.3740972709e+04    7.3855176472e+01    7.3701001558e+01    7.3856994302e+01   -4.1513886178e-02   -1.0963379345e-01    3.2852394936e-02    9.1508946803e+01    3.0502982268e+01    3.0502982268e+01
    2.0149541485e+03    2.5316057397e+03   -7.3766639474e+04    7.3740849091e+01    7.3749960094e+01    7.3813226076e+01   -6.0805593878e-02    5.7030712627e-03    7.7121883713e-02    9.1508946803e+01    3.0502982268e+01    3.0502982268e+01
    1.9977223125e+03    2.5099555126e+03   -7.3745537738e+04    7.4042749258e+01    7.3728403549e+01    7.3482171991e+01   -1.0755438359e-01    1.1656883285e-02    6.2612755308e-02    9.1508946803e+01    3.0502982268e+01    3.0502982268e+01
    1.9837355524e+03    2.4923824268e+03   -7.3729032584e+04    7.3776802294e+01    7.3981943120e+01    7.3805770253e+01   -5.6187175961e-02   -3.9479028095e-02   -5.4050222244e-02    9.1508946803e+01    3.0502982268e+01    3.0502982268e+01
    2.0075036418e+03    2.5222448590e+03   -7.3761029465e+04    7.3708189108e+01    7.3610090729e+01    7.3709827181e+01   -1.7080090961e-01   -1.6771003562e-01    4.1046906898e-02    9.1508946803e+01    3.0502982268e+01    3.0502982268e+01
    1.9895902447e+03    2.4997383127e+03   -7.3734623268e+04    7.3970361221e+01    7.3542214485e+01    7.3991188359e+01   -4.4736406063e-02   -9.9925504348e-03   -9.1214441337e-02    9.1508946803e+01    3.0502982268e+01    3.0502982268e+01
    1.9834738931e+03    2.4920536759e+03   -7.3730543449e+04    7.3856483732e+01    7.3966343406e+01    7.3536738360e+01   -7.3330624739e-02    2.9599250965e-02    1.2879698540e-02    9.1508946803e+01    3.0502982268e+01    3.0502982268e+01
    1.9974623509e+03    2.5096288946e+03   -7.3745763050e+04    7.3652549614e+01    7.3799832253e+01    7.3964770469e+01   -2.0445588472e-02    1.5906420917e-01   -1.1781110505e-02    9.1508946803e+01    3.0502982268e+01    3.0502982268e+01
    1.9925238062e+03    2.5034240646e+03   -7.3740091374e+04    7.3996921512e+01    7.3829605240e+01    7.3746999967e+01    5.9216066370e-03   -9.7627719878e-02    1.8908723825e-02    9.1508946803e+01    3.0502982268e+01    3.0502982268e+01
    1.9821098755e+03    2.4903399124e+03   -7.3729288872e+04    7.3863323699e+01    7.3954609712e+01    7.3810936591e+01    6.8175486384e-02    2.4433851273e-03   -1.4144204463e-01    9.1508946803e+01    3.0502982268e+01    3.0502982268e+01
    1.9917090851e+03    2.5024004419e+03   -7.3740417730e+04    7.3926961816e+01    7.3742320464e+01    7.3582608160e+01   -4.9311939475e-02    1.8948225858e-02   -5.1456538127e-02    9.1508946803e+01    3.0502982268e+01    3.0502982268e+01
    2.0043510336e+03    2.5182838948e+03   -7.3755452923e+04    7.3688387758e+01    7.3763684603e+01    7.3821788324e+01    9.7012174101e-03    8.7714950348e-02   -1.0071084147e-02    9.1508946803e+01    3.0502982268e+01    3.0502982268e+01
    2.0059823260e+03    2.5203334647e+03   -7.3757462066e+04    7.3905380335e+01    7.3703884781e+01    7.3568596107e+01   -7.1689788259e-03    3.0820798001e-02    4.3403481082e-02    9.1508946803e+01    3.0502982268e+01    3.0502982268e+01
    1.9826054823e+03    2.4909625971e+03   -7.3727569240e+04    7.3680784403e+01    7.3695567192e+01    7.4013679407e+01    2.0101777708e-02   -7.8904853132e-02    4.2925027635e-02    9.1508946803e+01    3.0502982268e+01    3.0502982268e+01
    1.9997592804e+03    2.5125147766e+03   -7.3749455646e+04    7.3631064199e+01    7.3820154858e+01    7.3600830149e+01    7.8958255992e-02   -8.2378230458e-03    1.9098558379e-01    9.1508946803e+01    3.0502982268e+01    3.0502982268e+01
    2.0082582801e+03    2.5231929930e+03   -7.3762306919e+04    7.3905266124e+01    7.3710372564e+01    7.3558499889e+01   -8.9458362017e-02   -3.5932263595e-03   -3.2018552192e-02    9.1508946803e+01    3.0502982268e+01    3.0502982268e+01
    2.0125831224e+03    2.5286267621e+03   -7.3765525147e+04    7.3989060185e+01    7.3677121905e+01    7.3583313126e+01    2.3892221709e-02   -3.3045092118e-02    6.4076506426e-02    9.1508946803e+01    3.0502982268e+01    3.0502982268e+01
    1.9939157021e+03    2.5051728546e+03   -7.3742518782e+04    7.4009229007e+01    7.3740401989e+01    7.3632765756e+01   -3.1924981022e-02   -1.2482965799e-01    7.1531624768e-02    9.1508946803e+01    3.0502982268e+01    3.0502982268e+01
    1.9840371105e+03    2.4927613070e+03   -7.3730491860e+04    7.3877185129e+01    7.3837062760e+01    7.3607572464e+01    1.0313850445e-02    7.8119602404e-02   -7.1021636532e-02    9.1508946803e+01    3.0502982268e+01    3.0502982268e+01
    2.0082898287e+03    2.5232326310e+03   -7.3759589480e+04    7.3905421448e+01    7.3735266075e+01    7.3425227968e+01    5.0013780301e-02    1.1610357435e-02   -3.9958725051e-02    9.1508946803e+01    3.0502982268e+01    3.0502982268e+01
    1.9968656226e+03    2.5088791601e+03   -7.3748260462e+04    7.3840274892e+01    7.3759885708e+01    7.3930134871e+01   -2.3319863346e-03    7.1835442599e-02    1.0044194725e-01    9.1508946803e+01    3.0502982268e+01    3.0502982268e+01
    1.9929033940e+03    2.5039009819e+03   -7.3742208022e+04    7.3690313063e+01    7.3930194958e+01    7.3850147009e+01    8.1366575897e-02   -7.8675085227e-02   -4.0774697411e-02    9.1508946803e+01    3.0502982268e+01    3.0502982268e+01
    1.9772664605e+03    2.4842546040e+03   -7.3720252306e+04    7.4069579310e+01    7.3828690095e+01    7.3848535856e+01   -2.0877211089e-02    1.5788577755e-02   -1.0672268637e-01    9.1508946803e+01    3.0502982268e+01    3.0502982268e+01
    1.9768694548e+03    2.4837558027e+03   -7.3720364149e+04    7.3723638212e+01    7.4026883254e+01    7.3993507645e+01   -2.0891199182e-02    5.0171303584e-02    7.5920052330e-02    9.1508946803e+01    3.0502982268e+01    3.0502982268e+01
    1.9996255041e+03    2.5123466990e+03   -7.3748702874e+04    7.3978756708e+01    7.3829700430e+01    7.3721374402e+01    5.3372971981e-02   -8.2150592197e-02   -1.2238458659e-03    9.1508946803e+01    3.0502982268e+01    3.0502982268e+01
    2.0037257755e+03    2.5174983152e+03   -7.3754152084e+04    7.3941917221e+01    7.3420796021e+01    7.3857468074e+01    9.2050181300e-02    1.6658556549e-02    1.1765249672e-01    9.1508946803e+01    3.0502982268e+01    3.0502982268e+01
    2.0019558265e+03    2.5152745361e+03   -7.3750513826e+04    7.3808849067e+01    7.3781808138e+01    7.3835154008e+01   -1.1888676155e-01   -1.1088093875e-01   -2.8820431109e-02    9.1508946803e+01    3.0502982268e+01    3.0502982268e+01
    1.9951239163e+03    2.5066908652e+03   -7.3744748762e+04    7.3650121155e+01    7.3691132465e+01    7.3864410966e+01    1.8636672886e-01    1.8197690510e-02    3.3957551442e-02    9.1508946803e+01    3.0502982268e+01    3.0502982268e+01
    2.0065568344e+03    2.5210552820e+03   -7.3757085511e+04    7.3713262154e+01    7.3650312754e+01    7.3751544697e+01    4.2850908096e-02   -2.2848723397e-01    2.0800030853e-02    9.1508946803e+01    3.0502982268e+01    3.0502982268e+01
    1.9824440094e+03    2.4907597210e+03   -7.3725704310e+04    7.3854968661e+01    7.3683791729e+01    7.3991145555e+01   -8.9552448725e-02    1.0176974954e-01    1.9449804326e-02    9.1508946803e+01    3.0502982268e+01    3.0502982268e+01
    1.9908979843e+03    2.5013813679e+03   -7.3739017881e+04    7.4038941482e+01    7.3867335905e+01    7.3801832578e+01   -3.4702518243e-03    1.4948010539e-02   -1.4850833081e-02    9.1508946803e+01    3.0502982268e+01    3.0502982268e+01
    2.0225112568e+03    2.5411005557e+03   -7.3780976371e+04    7.3898458104e+01    7.3506179266e+01    7.3639759611e+01   -8.0385071216e-02   -8.6640429615e-02    1.1739357515e-01    9.1508946803e+01    3.0502982268e+01    3.0502982268e+01
    2.0017150530e+03    2.5149720261e+03   -7.3750839457e+04    7.3878912543e+01    7.3604156799e+01    7.3681458112e+01    3.9073708655e-02    1.2398752279e-01   -3.7581495210e-02    9.1508946803e+01    3.0502982268e+01    3.0502982268e+01
    1.9829310964e+03    2.4913717013e+03   -7.3726008906e+04    7.3678909371e+01    7.3930941733e+01    7.3857043071e+01   -5.8962660022e-02    3.8781348418e-02    1.3656181886e-01    9.1508946803e+01    3.0502982268e+01    3.0502982268e+01
    2.0091797411e+03    2.5243507246e+03   -7.3759858783e+04    7.3684973737e+01    7.3578347665e+01    7.3846624948e+01   -1.0246810867e-01   -3.7080375692e-02    8.3215490339e-02    9.1508946803e+01    3.0502982268e+01    3.0502982268e+01
    1.9977075215e+03    2.5099369291e+03   -7.3746038055e+04    7.4109391900e+01    7.3529031700e+01    7.3709738896e+01   -3.5067470932e-02   -7.0983569444e-02   -2.0201750365e-02    9.1508946803e+01    3.0502982268e+01    3.0502982268e+01
    1.9990319497e+03    2.5116009521e+03   -7.3751345610e+04    7.3846089442e+01    7.3688241037e+01    7.3778592109e+01   -6.2731198353e-02    4.4336927097e-02    7.0981073048e-02    9.1508946803e+01    3.0502982268e+01    3.0502982268e+01
    2.0232637482e+03    2.5420459923e+03   -7.3776290076e+04    7.3771589560e+01    7.3677099951e+01    7.3636581857e+01    6.2798699725e-02   -6.1986662032e-03   -2.2109529824e-02    9.1508946803e+01    3.0502982268e+01    3.0502982268e+01
    2.0084310015e+03    2.5234100017e+03   -7.3762921654e+04    7.3646418456e+01    7.3750585412e+01    7.3710060327e+01   -1.0249121244e-02    2.0717507498e-03    4.5372891517e-03    9.1508946803e+01    3.0502982268e+01    3.0502982268e+01
    2.0059261474e+03    2.5202628814e+03   -7.3754860341e+04    7.3888057348e+01    7.3587874827e+01    7.3645540159e+01    5.0507261496e-02   -4.6183378973e-02   -2.9846795936e-02    9.1508946803e+01    3.0502982268e+01    3.0502982268e+01
    1.9983038549e+03    2.5106861675e+03   -7.3747530653e+04    7.3763614382e+01    7.3742119871e+01    7.3851101886e+01   -2.2658854908e-02   -2.2225186588e-02    2.8533266048e-02    9.1508946803e+01    3.0502982268e+01    3.0502982268e+01
    1.9957994319e+03    2.5075395889e+03   -7.3745552262e+04    7.3996937262e+01    7.3361938841e+01    7.3873594637e+01    9.4671813452e-02    3.2266902595e-02   -1.0193801052e-01    9.1508946803e+01    3.0502982268e+01    3.0502982268e+01
    1.9885892772e+03    2.4984806885e+03   -7.3735307353e+04    7.3876157400e+01    7.3826122505e+01    7.3728558628e+01   -2.3731826841e-02   -6.9917453665e-02   -3.6303195687e-02    9.1508946803e+01    3.0502982268e+01    3.0502982268e+01
    2.0045231395e+03    2.5185001301e+03   -7.3755394408e+04    7.3993723652e+01    7.3931101156e+01    7.3529725300e+01   -1.0117247826e-01    1.4027524696e-02   -1.4279241882e-02    9.1508946803e+01    3.0502982268e+01    3.0502982268e+01
    2.0024876566e+03    2.5159427319e+03   -7.3751114301e+04    7.3751681406e+01    7.3713389755e+01    7.3780096612e+01    2.2060400179e-03   -1.0094548919e-01   -2.5924950511e-02    9.1508946803e+01    3.0502982268e+01    3.0502982268e+01
    2.0081845127e+03    2.5231003110e+03   -7.3762775420e+04    7.3711819171e+01    7.3601642161e+01    7.3621092869e+01    1.4317985583e-02   -2.1585061123e-03   -9.2237843405e-02    9.1508946803e+01    3.0502982268e+01    3.0502982268e+01
    1.9925994195e+03    2.5035190657e+03   -7.3741486992e+04    7.3951621683e+01    7.3842459425e+01    7.3648367983e+01    3.6168837038e-03    5.0850075628e-02   -9.5934193474e-03    9.1508946803e+01    3.0502982268e+01    3.0502982268e+01
    2.0051282644e+03    2.5192604143e+03   -7.3756444143e+04    7.3621242253e+01    7.3637345600e+01    7.4008975882e+01   -4.6138865341e-02   -1.4636324622e-02   -1.7469182113e-01    9.1508946803e+01    3.0502982268e+01    3.0502982268e+01
    1.9845362617e+03    2.4933884448e+03   -7.3729070141e+04    7.3793439371e+01    7.3827425811e+01    7.3817620232e+01    6.8089855003e-02   -3.7424691888e-02    2.9283300278e-02    9.1508946803e+01    3.0502982268e+01    3.0502982268e+01
    1.9845362617e+03    2.4933884448e+03   -7.3729070141e+04    7.3793439371e+01    7.3827425811e+01    7.3817620232e+01    6.8089855003e-02   -3.7424691888e-02    2.9283300278e-02    9.1508946803e+01    3.0502982268e+01    3.0502982268e+01
    1.9845362617e+03    2.4933884448e+03   -7.3729070141e+04    7.3793439371e+01    7.3827425811e+01    7.3817620232e+01    6.8089855003e-02   -3.7424691888e-02    2.9283300278e-02    9.1508946803e+01    3.0502982268e+01    3.0502982268e+01
    1.9845362617e+03    2.4933884448e+03   -7.3729070141e+04    7.3793439371e+01    7.3827425811e+01    7.3817620232e+01    6.8089855003e-02   -3.7424691888e-02    2.9283300278e-02    9.1508946803e+01    3.0502982268e+01    3.0502982268e+01
    1.9845362617e+03    2.4933884448e+03   -7.3729070141e+04    7.3793439371e+01    7.3827425811e+01    7.3817620232e+01    6.8089855003e-02   -3.7424691888e-02    2.9283300278e-02    9.1508946803e+01    3.0502982268e+01    3.0502982268e+01
    1.9845362617e+03    2.4933884448e+03   -7.3729070141e+04    7.3793439371e+01    7.3827425811e+01    7.3817620232e+01    6.8089855003e-02   -3.7424691888e-02    2.9283300278e-02    9.1508946803e+01    3.0502982268e+01    3.0502982268e+01
    1.9845362617e+03    2.4933884448e+03   -7.3729070141e+04    7.3793439371e+01    7.3827425811e+01    7.3817620232e+01    6.8089855003e-02   -3.7424691888e-02    2.9283300278e-02    9.1508946803e+01    3.0502982268e+01    3.0502982268e+01
    1.9845362617e+03    2.4933884448e+03   -7.3729070141e+04    7.3793439371e+01    7.3827425811e+01    7.3817620232e+01    6.8089855003e-02   -3.7424691888e-02    2.9283300278e-02    9.1508946803e+01    3.0502982268e+01    3.0502982268e+01
    1.9845362617e+03    2.4933884448e+03   -7.3729070141e+04    7.3793439371e+01    7.3827425811e+01    7.3817620232e+01    6.8089855003e-02   -3.7424691888e-02    2.9283300278e-02    9.1508946803e+01    3.0502982268e+01    3.0502982268e+01
    1.9845362617e+03    2.4933884448e+03   -7.3729070141e+04    7.3793439371e+01    7.3827425811e+01    7.3817620232e+01    6.8089855003e-02   -3.7424691888e-02    2.9283300278e-02    9.1508946803e+01    3.0502982268e+01    3.0502982268e+01
    1.9845362617e+03    2.4933884448e+03   -7.3729070141e+04    7.3793439371e+01    7.3827425811e+01    7.3817620232e+01    6.8089855003e-02   -3.7424691888e-02    2.9283300278e-02    9.1508946803e+01    3.0502982268e+01    3.0502982268e+01
    1.9845362617e+03    2.4933884448e+03   -7.3729070141e+04    7.3793439371e+01    7.3827425811e+01    7.3817620232e+01    6.8089855003e-02   -3.7424691888e-02    2.9283300278e-02    9.1508946803e+01    3.0502982268e+01    3.0502982268e+01
    1.9845362617e+03    2.4933884448e+03   -7.3729070141e+04    7.3793439371e+01    7.3827425811e+01    7.3817620232e+01    6.8089855003e-02   -3.7424691888e-02    2.9283300278e-02    9.1508946803e+01    3.0502982268e+01    3.0502982268e+01
    1.9845362617e+03    2.4933884448e+03   -7.3729070141e+04    7.3793439371e+01    7.3827425811e+01    7.3817620232e+01    6.8089855003e-02   -3.7424691888e-02    2.9283300278e-02    9.1508946803e+01    3.0502982268e+01    3.0502982268e+01
    1.9845362617e+03    2.4933884448e+03   -7.3729070141e+04    7.3793439371e+01    7.3827425811e+01    7.3817620232e+01    6.8089855003e-02   -3.7424691888e-02    2.9283300278e-02    9.1508946803e+01    3.0502982268e+01    3.0502982268e+01
    1.9845362617e+03    2.4933884448e+03   -7.3729070141e+04    7.3793439371e+01    7.3827425811e+01    7.3817620232e+01    6.8089855003e-02   -3.7424691888e-02    2.9283300278e-02    9.1508946803e+01    3.0502982268e+01    3.0502982268e+01
    1.9845362617e+03    2.4933884448e+03   -7.3729070141e+04    7.3793439371e+01    7.3827425811e+01    7.3817620232e+01    6.8089855003e-02   -3.7424691888e-02    2.9283300278e-02    9.1508946803e+01    3.0502982268e+01    3.0502982268e+01
    1.9845362617e+03    2.4933884448e+03   -7.3729070141e+04    7.3793439371e+01    7.3827425811e+01    7.3817620232e+01    6.8089855003e-02   -3.7424691888e-02    2.9283300278e-02    9.1508946803e+01    3.0502982268e+01    3.0502982268e+01
    1.9845362617e+03    2.4933884448e+03   -7.3729070141e+04    7.3793439371e+01    7.3827425811e+01    7.3817620232e+01    6.8089855003e-02   -3.7424691888e-02    2.9283300278e-02    9.1508946803e+01    3.0502982268e+01    3.0502982268e+01
    1.9845362617e+03    2.4933884448e+03   -7.3729070141e+04    7.3793439371e+01    7.3827425811e+01    7.3817620232e+01    6.8089855003e-02   -3.7424691888e-02    2.9283300278e-02    9.1508946803e+01    3.0502982268e+01    3.0502982268e+01
    1.9845362617e+03    2.4933884448e+03   -7.3729070141e+04    7.3793439371e+01    7.3827425811e+01    7.3817620232e+01    6.8089855003e-02   -3.7424691888e-02    2.9283300278e-02    9.1508946803e+01    3.0502982268e+01    3.0502982268e+01
    1.9845362617e+03    2.4933884448e+03   -7.3729070141e+04    7.3793439371e+01    7.3827425811e+01    7.3817620232e+01    6.8089855003e-02   -3.7424691888e-02    2.9283300278e-02    9.1508946803e+01    3.0502982268e+01    3.0502982268e+01
    1.9845362617e+03    2.4933884448e+03   -7.3729070141e+04    7.3793439371e+01    7.3827425811e+01    7.3817620232e+01    6.8089855003e-02   -3.7424691888e-02    2.9283300278e-02    9.1508946803e+01    3.0502982268e+01    3.0502982268e+01
    1.9845362617e+03    2.4933884448e+03   -7.3729070141e+04    7.3793439371e+01    7.3827425811e+01    7.3817620232e+01    6.8089855003e-02   -3.7424691888e-02    2.9283300278e-02    9.1508946803e+01    3.0502982268e+01    3.0502982268e+01
    1.9845362617e+03    2.4933884448e+03   -7.3729070141e+04    7.3793439371e+01    7.3827425811e+01    7.3817620232e+01    6.8089855003e-02   -3.7424691888e-02    2.9283300278e-02    9.1508946803e+01    3.0502982268e+01    3.0502982268e+01
    1.9845362617e+03    2.4933884448e+03   -7.3729070141e+04    7.3793439371e+01    7.3827425811e+01    7.3817620232e+01    6.8089855003e-02   -3.7424691888e-02    2.9283300278e-02    9.1508946803e+01    3.0502982268e+01    3.0502982268e+01
    1.9845362617e+03    2.4933884448e+03   -7.3729070141e+04    7.3793439371e+01    7.3827425811e+01    7.3817620232e+01    6.8089855003e-02   -3.7424691888e-02    2.9283300278e-02    9.1508946803e+01    3.0502982268e+01    3.0502982268e+01
    1.9845362617e+03    2.4933884448e+03   -7.3729070141e+04    7.3793439371e+01    7.3827425811e+01    7.3817620232e+01    6.8089855003e-02   -3.7424691888e-02    2.9283300278e-02    9.1508946803e+01    3.0502982268e+01    3.0502982268e+01
    1.9845362617e+03    2.4933884448e+03   -7.3729070141e+04    7.3793439371e+01    7.3827425811e+01    7.3817620232e+01    6.8089855003e-02   -3.7424691888e-02    2.9283300278e-02    9.1508946803e+01    3.0502982268e+01    3.0502982268e+01
    1.9845362617e+03    2.4933884448e+03   -7.3729070141e+04    7.3793439371e+01    7.3827425811e+01    7.3817620232e+01    6.8089855003e-02   -3.7424691888e-02    2.9283300278e-02    9.1508946803e+01    3.0502982268e+01    3.0502982268e+01
    1.9845362617e+03    2.4933884448e+03   -7.3729070141e+04    7.3793439371e+01    7.3827425811e+01    7.3817620232e+01    6.8089855003e-02   -3.7424691888e-02    2.9283300278e-02    9.1508946803e+01    3.0502982268e+01    3.0502982268e+01
