    3.9993955242e+03    3.3499166460e+03   -4.4273156948e+04    1.4601078841e+02    1.4557509180e+02    1.4603597617e+02    2.4735658124e-01   -8.7488109563e-02    1.0250934542e-01    5.8822935548e+01    2.9411467774e+01    2.9411467774e+01
    3.9688016458e+03    3.3242910379e+03   -4.4231157155e+04    1.4647663501e+02    1.4566045529e+02    1.4542111129e+02   -6.2113213001e-01    1.5986741258e-01    9.7424356143e-02    5.8822935548e+01    2.9411467774e+01    2.9411467774e+01
    3.9884599516e+03    3.3407569477e+03   -4.4246521732e+04    1.4624915292e+02    1.4570468549e+02    1.4612840919e+02    3.5714686124e-02   -1.5534545337e-02   -7.5070265282e-02    5.8822935548e+01    2.9411467774e+01    2.9411467774e+01
    4.0185508729e+03    3.3659612760e+03   -4.4272632473e+04    1.4572397967e+02    1.4617061742e+02    1.4547715757e+02    1.6535521666e-02    2.2405909134e-01    5.6178970880e-02    5.8822935548e+01    2.9411467774e+01    2.9411467774e+01
    3.9639625542e+03    3.3202377869e+03   -4.4225851333e+04    1.4672500164e+02    1.4555236720e+02    1.4547985763e+02   -7.7086242023e-03   -2.9922607428e-01    6.1393690039e-02    5.8822935548e+01    2.9411467774e+01    2.9411467774e+01
    3.9943752337e+03    3.3457116219e+03   -4.4250602595e+04    1.4652368425e+02    1.4545053401e+02    1.4609697210e+02   -3.0132774405e-01    6.3926665305e-02   -3.6607192883e-01    5.8822935548e+01    2.9411467774e+01    2.9411467774e+01
    3.9989901639e+03    3.3495771139e+03   -4.4253746775e+04    1.4634482886e+02    1.4606244377e+02    1.4536439415e+02    1.0381052297e-01    7.7782038306e-02    2.3531161735e-01    5.8822935548e+01    2.9411467774e+01    2.9411467774e+01
    4.0684288877e+03    3.4077393875e+03   -4.4313718078e+04    1.4518606411e+02    1.4623375173e+02    1.4529533825e+02    2.2426647094e-01   -3.1475827054e-02    3.7782391298e-01    5.8822935548e+01    2.9411467774e+01    2.9411467774e+01
    4.0178070073e+03    3.3653382099e+03   -4.4271230768e+04    1.4651300649e+02    1.4480945575e+02    1.4611454387e+02    3.1599959155e-02    1.8253180281e-01   -2.5370222847e-01    5.8822935548e+01    2.9411467774e+01    2.9411467774e+01
    3.9727295987e+03    3.3275811138e+03   -4.4236146523e+04    1.4627700104e+02    1.4589618818e+02    1.4574051883e+02    2.0036798181e-01   -1.8601787974e-02   -1.3227255308e-03    5.8822935548e+01    2.9411467774e+01    2.9411467774e+01
    4.0444131694e+03    3.3876236840e+03   -4.4286768318e+04    1.4599435934e+02    1.4518521534e+02    1.4589200148e+02   -3.0697373327e-02   -3.7611190463e-02    7.9771651477e-03    5.8822935548e+01    2.9411467774e+01    2.9411467774e+01
    4.0067350737e+03    3.3560642948e+03   -4.4267742432e+04    1.4613125088e+02    1.4504728915e+02    1.4653714798e+02    1.5699179230e-01   -1.6741213572e-01    1.9608613645e-02    5.8822935548e+01    2.9411467774e+01    2.9411467774e+01
    4.0208473545e+03    3.3678848222e+03   -4.4275565184e+04    1.4612379346e+02    1.4556045513e+02    1.4560289702e+02    1.1202666931e-01    9.4413095940e-02   -5.0103322676e-02    5.8822935548e+01    2.9411467774e+01    2.9411467774e+01
    3.9985051618e+03    3.3491708733e+03   -4.4248666080e+04    1.4644754492e+02    1.4509201007e+02    1.4609591499e+02   -3.5094880725e-02    1.4992658748e-01   -3.8326066587e-01    5.8822935548e+01    2.9411467774e+01    2.9411467774e+01
    4.0088928787e+03    3.3578716847e+03   -4.4265054427e+04    1.4614287689e+02    1.4570198625e+02    1.4571545812e+02   -2.1474226380e-01   -5.3074420339e-02   -2.4159037232e-02    5.8822935548e+01    2.9411467774e+01    2.9411467774e+01
    4.0446400118e+03    3.3878136885e+03   -4.4293174395e+04    1.4559567432e+02    1.4622383605e+02    1.4557213925e+02   -4.9852213437e-01   -9.8263387237e-02   -2.4120249189e-01    5.8822935548e+01    2.9411467774e+01    2.9411467774e+01
    4.0310957800e+03    3.3764689622e+03   -4.4279488322e+04    1.4617250521e+02    1.4510636919e+02    1.4569258099e+02    2.8395686452e-01   -7.4308132174e-02    3.3112541780e-01    5.8822935548e+01    2.9411467774e+01    2.9411467774e+01
    3.9781302252e+03    3.3321047095e+03   -4.4239601794e+04    1.4570872819e+02    1.4567563569e+02    1.4652006599e+02    3.8036783276e-02   -9.8779136812e-02    4.2858629794e-01    5.8822935548e+01    2.9411467774e+01    2.9411467774e+01
    3.9345981072e+03    3.2956419576e+03   -4.4202681978e+04    1.4629691953e+02    1.4597031197e+02    1.4609489182e+02   -4.5355217538e-02    1.9809533452e-01    1.7693384428e-01    5.8822935548e+01    2.9411467774e+01    2.9411467774e+01
    4.0002397402e+03    3.3506237662e+03   -4.4256142296e+04    1.4536946293e+02    1.4634853097e+02    1.4566982018e+02    2.1284154238e-01    1.7704769151e-01   -3.8690672467e-02    5.8822935548e+01    2.9411467774e+01    2.9411467774e+01
    4.0321192707e+03    3.3773262439e+03   -4.4280817089e+04    1.4610154406e+02    1.4576165122e+02    1.4538633320e+02   -3.8502202887e-01   -1.3328051821e-02   -5.5969684819e-02    5.8822935548e+01    2.9411467774e+01    2.9411467774e+01
    4.0329207012e+03    3.3779975267e+03   -4.4284261331e+04    1.4637825213e+02    1.4572175413e+02    1.4516901496e+02   -1.5256542065e-01    4.2101505920e-01    8.0174114133e-02    5.8822935548e+01    2.9411467774e+01    2.9411467774e+01
    4.0033211852e+03    3.3532048022e+03   -4.4262387717e+04    1.4654540805e+02    1.4588863745e+02    1.4528011790e+02   -1.7898312785e-02   -3.2892951200e-01   -7.6119863250e-02    5.8822935548e+01    2.9411467774e+01    2.9411467774e+01
    4.0018130920e+03    3.3519416147e+03   -4.4260758254e+04    1.4646131380e+02    1.4595156882e+02    1.4501008212e+02   -7.2205177945e-02    2.7927416507e-01    7.8959662893e-02    5.8822935548e+01    2.9411467774e+01    2.9411467774e+01
    4.0010232595e+03    3.3512800464e+03   -4.4260486652e+04    1.4659558535e+02    1.4555875815e+02    1.4532674355e+02    1.7835175433e-02    2.7933604281e-01    4.0052680893e-02    5.8822935548e+01    2.9411467774e+01    2.9411467774e+01
    3.9950180691e+03    3.3462500645e+03   -4.4252118124e+04    1.4608803569e+02    1.4589305228e+02    1.4559671777e+02    1.1453307030e-02    3.0361893855e-01    9.8858826137e-02    5.8822935548e+01    2.9411467774e+01    2.9411467774e+01
    4.0366758583e+03    3.3811428678e+03   -4.4283915365e+04    1.4611458054e+02    1.4533074586e+02    1.4539167879e+02    2.9257501274e-01   -8.7047385071e-02   -1.6329687894e-01    5.8822935548e+01    2.9411467774e+01    2.9411467774e+01
    4.0115623450e+03    3.3601076449e+03   -4.4267684689e+04    1.4569730923e+02    1.4525973422e+02    1.4601758081e+02    8.8891378031e-02   -9.3453458917e-02   -2.5498329432e-02    5.8822935548e+01    2.9411467774e+01    2.9411467774e+01
    3.9885177270e+03    3.3408053406e+03   -4.4246193740e+04    1.4600684222e+02    1.4576294018e+02    1.4586378986e+02    3.0593365550e-01    8.2118063239e-02   -8.6634373641e-02    5.8822935548e+01    2.9411467774e+01    2.9411467774e+01
    3.9995870805e+03    3.3500770947e+03   -4.4252722154e+04    1.4557535995e+02    1.4591965694e+02    1.4594733237e+02   -1.6221119068e-01   -9.5200991989e-02    3.9596924739e-03    5.8822935548e+01    2.9411467774e+01    2.9411467774e+01
    4.0204463069e+03    3.3675489024e+03   -4.4273338088e+04    1.4590251450e+02    1.4618685531e+02    1.4512328026e+02    1.9074515209e-01   -2.6934039460e-02    1.2590008541e-01    5.8822935548e+01    2.9411467774e+01    2.9411467774e+01
    3.9532895275e+03    3.3112979985e+03   -4.4216865103e+04    1.4607804984e+02    1.4589880793e+02    1.4609157053e+02    3.2712006800e-01    1.1618843507e-01   -2.7517053670e-02    5.8822935548e+01    2.9411467774e+01    2.9411467774e+01
    4.0353315306e+03    3.3800168512e+03   -4.4285786216e+04    1.4662455228e+02    1.4555762500e+02    1.4541581193e+02   -1.3439183446e-01    9.3607239564e-02    1.4617923512e-01    5.8822935548e+01    2.9411467774e+01    2.9411467774e+01
    4.0040748568e+03    3.3538360819e+03   -4.4257862145e+04    1.4597178319e+02    1.4560942957e+02    1.4624357864e+02    5.5826865863e-02   -4.8453047976e-01    2.1519256977e-01    5.8822935548e+01    2.9411467774e+01    2.9411467774e+01
    3.9914093752e+03    3.3432274017e+03   -4.4251071368e+04    1.4592864141e+02    1.4608624600e+02    1.4587569752e+02   -5.1950597143e-01    2.1961341310e-03    2.8019414078e-01    5.8822935548e+01    2.9411467774e+01    2.9411467774e+01
    4.0305621384e+03    3.3760219809e+03   -4.4279665355e+04    1.4610866922e+02    1.4547972546e+02    1.4550206631e+02    1.0878146151e-01   -1.5422228547e-01    1.3017844650e-01    5.8822935548e+01    2.9411467774e+01    2.9411467774e+01
    4.0923357012e+03    3.4277638717e+03   -4.4335780697e+04    1.4556269208e+02    1.4523605051e+02    1.4562164593e+02    1.1752824916e-01    5.6679145763e-02    1.3385932218e-01    5.8822935548e+01    2.9411467774e+01    2.9411467774e+01
    4.0330619281e+03    3.3781158192e+03   -4.4285302580e+04    1.4631547351e+02    1.4537739815e+02    1.4527676689e+02   -2.8085261427e-01    3.5348513709e-01    1.5883938249e-01    5.8822935548e+01    2.9411467774e+01    2.9411467774e+01
    4.0057016145e+03    3.3551986634e+03   -4.4259287350e+04    1.4641000035e+02    1.4556643503e+02    1.4574821160e+02    1.7049676165e-01   -2.1287127626e-01    1.1613753133e-01    5.8822935548e+01    2.9411467774e+01    2.9411467774e+01
    4.0013044034e+03    3.3515155342e+03   -4.4247414380e+04    1.4602987075e+02    1.4597565916e+02    1.4540102495e+02    2.7421157671e-01    1.4721190449e-01   -4.1733718293e-01    5.8822935548e+01    2.9411467774e+01    2.9411467774e+01
    4.0316388767e+03    3.3769238631e+03   -4.4276071990e+04    1.4596560808e+02    1.4566097275e+02    1.4530267217e+02    3.5016676038e-02   -1.9681132358e-01   -3.4029026580e-02    5.8822935548e+01    2.9411467774e+01    2.9411467774e+01
    4.0071351731e+03    3.3563994203e+03   -4.4254951458e+04    1.4655649651e+02    1.4544288074e+02    1.4561617066e+02    1.8362067935e-01    2.3981701421e-01   -1.9534407955e-01    5.8822935548e+01    2.9411467774e+01    2.9411467774e+01
    4.0272618002e+03    3.3732575987e+03   -4.4276217619e+04    1.4617304764e+02    1.4645909353e+02    1.4478768357e+02    1.2999686539e-01    1.9177229127e-03    3.0964271859e-01    5.8822935548e+01    2.9411467774e+01    2.9411467774e+01
    3.9879590707e+03    3.3403374069e+03   -4.4241601643e+04    1.4606598205e+02    1.4536388116e+02    1.4614808866e+02    1.3764402043e-01    9.1816909327e-02    1.4063544842e-01    5.8822935548e+01    2.9411467774e+01    2.9411467774e+01
    4.0116560826e+03    3.3601861601e+03   -4.4263987350e+04    1.4555541404e+02    1.4633212431e+02    1.4541341565e+02   -1.4839946541e-01   -1.9299450886e-01   -2.5025726092e-02    5.8822935548e+01    2.9411467774e+01    2.9411467774e+01
    4.0534933703e+03    3.3952293124e+03   -4.4294713921e+04    1.4605741104e+02    1.4495583857e+02    1.4569727346e+02    8.9596568741e-02    3.0083768380e-01   -7.3142908095e-02    5.8822935548e+01    2.9411467774e+01    2.9411467774e+01
    4.0110133234e+03    3.3596477813e+03   -4.4267832787e+04    1.4674800229e+02    1.4551426358e+02    1.4580453411e+02    3.4329512939e-02   -7.3203870039e-02   -2.8930853798e-02    5.8822935548e+01    2.9411467774e+01    2.9411467774e+01
    3.9931318935e+03    3.3446701929e+03   -4.4255708396e+04    1.4594464492e+02    1.4563826876e+02    1.4589207219e+02    9.1979634274e-03    1.1172792973e-01   -1.6710442276e-01    5.8822935548e+01    2.9411467774e+01    2.9411467774e+01
    3.9899502846e+03    3.3420052591e+03   -4.4246824569e+04    1.4551893276e+02    1.4630786075e+02    1.4580718407e+02   -2.3670779885e-06   -1.8362775510e-01   -1.3577445945e-02    5.8822935548e+01    2.9411467774e+01    2.9411467774e+01
    3.9731278942e+03    3.3279147283e+03   -4.4231088061e+04    1.4594407838e+02    1.4609471190e+02    1.4599889507e+02   -3.1816255727e-01   -1.2858833966e-01   -7.3714667024e-02    5.8822935548e+01    2.9411467774e+01    2.9411467774e+01
    3.9741387835e+03    3.3287614551e+03   -4.4236585328e+04    1.4617735533e+02    1.4537681078e+02    1.4615400729e+02   -1.4187615221e-01   -1.2018466819e-01   -1.1586476480e-01    5.8822935548e+01    2.9411467774e+01    2.9411467774e+01
    3.9827020183e+03    3.3359340696e+03   -4.4243554499e+04    1.4617007694e+02    1.4605818697e+02    1.4582289887e+02   -1.7138852262e-01   -3.9205650616e-03    5.6212525681e-02    5.8822935548e+01    2.9411467774e+01    2.9411467774e+01
    3.9693409859e+03    3.3247427922e+03   -4.4235559093e+04    1.4612963903e+02    1.4544535661e+02    1.4602541798e+02    1.5806531839e-01    3.4757234657e-01    2.3600387724e-01    5.8822935548e+01    2.9411467774e+01    2.9411467774e+01
    3.9673488041e+03    3.3230741293e+03   -4.4230803284e+04    1.4649054730e+02    1.4619619304e+02    1.4595520772e+02   -5.2261589797e-02    3.7632233684e-02   -3.1435910110e-01    5.8822935548e+01    2.9411467774e+01    2.9411467774e+01
    4.0102626675e+03    3.3590190276e+03   -4.4266371360e+04    1.4630902080e+02    1.4611726633e+02    1.4507456995e+02    1.7489272906e-01   -2.6429312229e-02    1.9726994069e-01    5.8822935548e+01    2.9411467774e+01    2.9411467774e+01
    4.0141669266e+03    3.3622892574e+03   -4.4263686511e+04    1.4656002402e+02    1.4559448026e+02    1.4550773497e+02   -1.7205944492e-01    1.2533235088e-01    7.0199488096e-02    5.8822935548e+01    2.9411467774e+01    2.9411467774e+01
    4.0294675495e+03    3.3751051470e+03   -4.4283355742e+04    1.4545632477e+02    1.4572281821e+02    1.4562486599e+02   -6.4356906755e-02   -2.3930029259e-01   -3.1055124056e-01    5.8822935548e+01    2.9411467774e+01    2.9411467774e+01
    3.9686319674e+03    3.3241489143e+03   -4.4233817335e+04    1.4597515703e+02    1.4588707472e+02    1.4604627974e+02   -8.2600385203e-02   -1.3255255575e-02    1.1476214475e-01    5.8822935548e+01    2.9411467774e+01    2.9411467774e+01
    3.9915425666e+03    3.3433389636e+03   -4.4251039122e+04    1.4619493313e+02    1.4599435800e+02    1.4563751276e+02    2.3188008553e-01    1.0082103287e-01   -4.2924246833e-02    5.8822935548e+01    2.9411467774e+01    2.9411467774e+01
    4.0217784880e+03    3.3686647450e+03   -4.4276196114e+04    1.4593285320e+02    1.4545567450e+02    1.4626830824e+02   -1.5201733753e-01   -4.2695203080e-02    1.4418841554e-02    5.8822935548e+01    2.9411467774e+01    2.9411467774e+01
    4.0227829366e+03    3.3695060768e+03   -4.4277272197e+04    1.4610173344e+02    1.4552151979e+02    1.4584987633e+02   -8.9185834876e-02   -1.0934729936e-02   -1.3674012970e-01    5.8822935548e+01    2.9411467774e+01    2.9411467774e+01
    4.0194019171e+03    3.3666741156e+03   -4.4273982045e+04    1.4616129701e+02    1.4574444750e+02    1.4535411405e+02    3.2359816403e-01    7.4925048049e-02    2.3885791021e-01    5.8822935548e+01    2.9411467774e+01    2.9411467774e+01
    3.9993836241e+03    3.3499066784e+03   -4.4254859266e+04    1.4602396648e+02    1.4527090373e+02    1.4619718961e+02    7.8935785665e-02   -2.5205781555e-01   -3.7404044590e-01    5.8822935548e+01    2.9411467774e+01    2.9411467774e+01
    4.0067159722e+03    3.3560482952e+03   -4.4261700880e+04    1.4541928556e+02    1.4667213688e+02    1.4614629227e+02   -2.3949532239e-01    3.1234934215e-01   -1.0339914266e-01    5.8822935548e+01    2.9411467774e+01    2.9411467774e+01
    4.0188503741e+03    3.3662121400e+03   -4.4274009893e+04    1.4594286806e+02    1.4572073344e+02    1.4595914914e+02   -2.8014102171e-01   -1.6480260480e-01   -1.1960339198e-01    5.8822935548e+01    2.9411467774e+01    2.9411467774e+01
    3.9997038229e+03    3.3501748787e+03   -4.4252721925e+04    1.4660064148e+02    1.4537710280e+02    1.4518680020e+02    1.4462917560e-01   -1.6179883021e-01    3.3414631610e-02    5.8822935548e+01    2.9411467774e+01    2.9411467774e+01
    4.0361680200e+03    3.3807174996e+03   -4.4286609593e+04    1.4636311318e+02    1.4557239689e+02    1.4567248655e+02    7.9909418933e-02    3.2849471415e-01   -1.6081594087e-01    5.8822935548e+01    2.9411467774e+01    2.9411467774e+01
    3.9257796719e+03    3.2882555856e+03   -4.4195557046e+04    1.4687556592e+02    1.4576429162e+02    1.4631087741e+02   -1.4352087882e-01    1.1252653763e-02    1.7401436872e-01    5.8822935548e+01    2.9411467774e+01    2.9411467774e+01
    4.0406139524e+03    3.3844414380e+03   -4.4286438586e+04    1.4610633452e+02    1.4577906329e+02    1.4576186253e+02   -4.2554081734e-02    6.9809440887e-02    7.2071311736e-02    5.8822935548e+01    2.9411467774e+01    2.9411467774e+01
    4.0223302223e+03    3.3691268807e+03   -4.4272835344e+04    1.4637247636e+02    1.4562449513e+02    1.4555239417e+02    5.7658275511e-03   -9.6805083241e-02    3.9243214132e-01    5.8822935548e+01    2.9411467774e+01    2.9411467774e+01
    4.0144784455e+03    3.3625501874e+03   -4.4264227582e+04    1.4601221121e+02    1.4557939993e+02    1.4594349296e+02   -2.1287553693e-01    1.9974352765e-01    2.0708167266e-01    5.8822935548e+01    2.9411467774e+01    2.9411467774e+01
    3.9827100606e+03    3.3359408060e+03   -4.4241746701e+04    1.4647738729e+02    1.4558594889e+02    1.4622313299e+02    5.0576552158e-02    8.7935362988e-02    2.4673609726e-01    5.8822935548e+01    2.9411467774e+01    2.9411467774e+01
    4.0247736103e+03    3.3711734765e+03   -4.4279405185e+04    1.4536873668e+02    1.4575697303e+02    1.4600879051e+02   -1.0800698511e-02    3.6438384918e-01    7.9855048091e-02    5.8822935548e+01    2.9411467774e+01    2.9411467774e+01
    3.9803440918e+03    3.3339590569e+03   -4.4238989167e+04    1.4584675514e+02    1.4620866505e+02    1.4597166618e+02    1.6971640580e-01    1.5949732269e-01   -9.8799612872e-02    5.8822935548e+01    2.9411467774e+01    2.9411467774e+01
    3.9436160919e+03    3.3031954734e+03   -4.4208782952e+04    1.4667056168e+02    1.4617883791e+02    1.4565774368e+02   -1.2094114868e-01    1.1786411112e-01   -1.1993124326e-01    5.8822935548e+01    2.9411467774e+01    2.9411467774e+01
    3.9911849861e+03    3.3430394521e+03   -4.4247303130e+04    1.4613075827e+02    1.4550282638e+02    1.4579406200e+02   -3.7851527831e-02    8.0406111584e-02   -1.3732250186e-01    5.8822935548e+01    2.9411467774e+01    2.9411467774e+01
    4.0163307107e+03    3.3641016554e+03   -4.4271222354e+04    1.4600695297e+02    1.4624276296e+02    1.4563548385e+02   -4.6547811126e-02   -2.2328347273e-01   -1.3901558553e-01    5.8822935548e+01    2.9411467774e+01    2.9411467774e+01
    3.9907446329e+03    3.3426706098e+03   -4.4245640058e+04    1.4622900168e+02    1.4615612906e+02    1.4547896161e+02   -6.0986101667e-01   -8.5441696950e-02    1.8223939352e-01    5.8822935548e+01    2.9411467774e+01    2.9411467774e+01
    4.0033353622e+03    3.3532166770e+03   -4.4258401525e+04    1.4632992150e+02    1.4558665482e+02    1.4578189761e+02   -8.9804499725e-03   -3.4551541349e-01   -8.6694688993e-02    5.8822935548e+01    2.9411467774e+01    2.9411467774e+01
    4.0073068064e+03    3.3565431814e+03   -4.4260597687e+04    1.4580435881e+02    1.4653463899e+02    1.4536687150e+02   -1.6004623590e-01   -3.3654893055e-02   -7.0857816094e-03    5.8822935548e+01    2.9411467774e+01    2.9411467774e+01
    3.9993814453e+03    3.3499048534e+03   -4.4257024520e+04    1.4619539819e+02    1.4605599327e+02    1.4551681528e+02    2.4398843556e-02    3.8995202534e-01    3.0258427426e-01    5.8822935548e+01    2.9411467774e+01    2.9411467774e+01
    3.9855597707e+03    3.3383277394e+03   -4.4241097991e+04    1.4635381117e+02    1.4525460118e+02    1.4639281496e+02   -3.6403966981e-01    4.6102760914e-02    3.0710403887e-01    5.8822935548e+01    2.9411467774e+01    2.9411467774e+01
    3.9968998524e+03    3.3478262570e+03   -4.4252030389e+04    1.4636097294e+02    1.4603409703e+02    1.4567305286e+02    6.0167795743e-02    4.0745483830e-02   -1.9168623218e-01    5.8822935548e+01    2.9411467774e+01    2.9411467774e+01
    3.9799506058e+03    3.3336294707e+03   -4.4238620783e+04    1.4644720387e+02    1.4546732953e+02    1.4540694563e+02   -1.8325750838e-01   -9.2493162500e-02    1.5624037170e-01    5.8822935548e+01    2.9411467774e+01    2.9411467774e+01
    4.0106704754e+03    3.3593606099e+03   -4.4264584858e+04    1.4583604484e+02    1.4568218564e+02    1.4553058238e+02    1.9194655106e-01    6.1267330541e-02   -4.4595868320e-02    5.8822935548e+01    2.9411467774e+01    2.9411467774e+01
    3.9854783847e+03    3.3382595700e+03   -4.4241817977e+04    1.4597801261e+02    1.4660479507e+02    1.4537569278e+02    6.7430372948e-02   -1.1552490605e-01    9.4665793504e-02    5.8822935548e+01    2.9411467774e+01    2.9411467774e+01
    4.0008272912e+03    3.3511159023e+03   -4.4254308185e+04    1.4594879641e+02    1.4595606475e+02    1.4592905689e+02    1.5958887609e-02    2.4954862002e-01   -1.6205951657e-01    5.8822935548e+01    2.9411467774e+01    2.9411467774e+01
    3.9953930073e+03    3.3465641149e+03   -4.4251602333e+04    1.4608598366e+02    1.4606027307e+02    1.4566751942e+02   -3.7932854476e-01   -8.8888362520e-02    2.5661551992e-01    5.8822935548e+01    2.9411467774e+01    2.9411467774e+01
    3.9979861748e+03    3.3487361668e+03   -4.4254398974e+04    1.4618508853e+02    1.4589437176e+02    1.4561180425e+02   -1.8662381213e-01    1.5833835564e-02   -2.5150215707e-01    5.8822935548e+01    2.9411467774e+01    2.9411467774e+01
    3.9723715111e+03    3.3272811775e+03   -4.4231753341e+04    1.4603183896e+02    1.4572487977e+02    1.4614947578e+02    2.1329434990e-03    1.9840221823e-01    9.3482417372e-03    5.8822935548e+01    2.9411467774e+01    2.9411467774e+01
    3.9521788076e+03    3.3103676532e+03   -4.4217121045e+04    1.4660912367e+02    1.4561407283e+02    1.4620573281e+02   -2.3797628010e-01   -4.3993407912e-01    9.9934534907e-02    5.8822935548e+01    2.9411467774e+01    2.9411467774e+01
    3.9865616797e+03    3.3391669442e+03   -4.4245460322e+04    1.4617054139e+02    1.4600576112e+02    1.4631900174e+02    1.5577235761e-01    2.8589190927e-01   -2.4240186326e-01    5.8822935548e+01    2.9411467774e+01    2.9411467774e+01
    3.9723684979e+03    3.3272786536e+03   -4.4231037310e+04    1.4596473266e+02    1.4572326390e+02    1.4642497683e+02   -6.3715715216e-02    5.3756065839e-02   -3.0267276376e-02    5.8822935548e+01    2.9411467774e+01    2.9411467774e+01
    3.9806598791e+03    3.3342235621e+03   -4.4244633642e+04    1.4593664088e+02    1.4580253488e+02    1.4584417647e+02   -2.8441228874e-01    2.6976389702e-02   -5.2171083191e-02    5.8822935548e+01    2.9411467774e+01    2.9411467774e+01
    3.9641076102e+03    3.3203592867e+03   -4.4227188823e+04    1.4648986287e+02    1.4557279071e+02    1.4558865330e+02   -2.0769681927e-01   -9.5261804222e-02    2.8508763493e-01    5.8822935548e+01    2.9411467774e+01    2.9411467774e+01
    4.0030513612e+03    3.3529787960e+03   -4.4262726399e+04    1.4583658704e+02    1.4592895231e+02    1.4591166402e+02   -1.9077603632e-01   -3.6030170129e-01   -1.0039413289e-01    5.8822935548e+01    2.9411467774e+01    2.9411467774e+01
    4.0545632591e+03    3.3961254574e+03   -4.4305335636e+04    1.4636886276e+02    1.4518988216e+02    1.4555151669e+02    3.1278717514e-01    4.1640706544e-02    5.5673618768e-02    5.8822935548e+01    2.9411467774e+01    2.9411467774e+01
    4.0227869040e+03    3.3695094000e+03   -4.4277625227e+04    1.4566555918e+02    1.4594182257e+02    1.4583520341e+02   -5.0088766921e-03   -3.1427485452e-02   -2.7884139547e-02    5.8822935548e+01    2.9411467774e+01    2.9411467774e+01
    4.0013466376e+03    3.3515509098e+03   -4.4258054024e+04    1.4576586171e+02    1.4582427146e+02    1.4615970485e+02    2.4808096507e-01   -1.4880877680e-02    2.8623468641e-01    5.8822935548e+01    2.9411467774e+01    2.9411467774e+01
    3.9948126027e+03    3.3460779646e+03   -4.4250534080e+04    1.4677588994e+02    1.4559090972e+02    1.4514528761e+02   -7.8352097424e-02   -1.7146062591e-01    8.3783091788e-02    5.8822935548e+01    2.9411467774e+01    2.9411467774e+01
    3.9948126027e+03    3.3460779646e+03   -4.4250534080e+04    1.4677588994e+02    1.4559090972e+02    1.4514528761e+02   -7.8352097424e-02   -1.7146062591e-01    8.3783091788e-02    5.8822935548e+01    2.9411467774e+01    2.9411467774e+01
    3.9948126027e+03    3.3460779646e+03   -4.4250534080e+04    1.4677588994e+02    1.4559090972e+02    1.4514528761e+02   -7.8352097424e-02   -1.7146062591e-01    8.3783091788e-02    5.8822935548e+01    2.9411467774e+01    2.9411467774e+01
    3.9948126027e+03    3.3460779646e+03   -4.4250534080e+04    1.4677588994e+02    1.4559090972e+02    1.4514528761e+02   -7.8352097424e-02   -1.7146062591e-01    8.3783091788e-02    5.8822935548e+01    2.9411467774e+01    2.9411467774e+01
    3.9948126027e+03    3.3460779646e+03   -4.4250534080e+04    1.4677588994e+02    1.4559090972e+02    1.4514528761e+02   -7.8352097424e-02   -1.7146062591e-01    8.3783091788e-02    5.8822935548e+01    2.9411467774e+01    2.9411467774e+01
    3.9948126027e+03    3.3460779646e+03   -4.4250534080e+04    1.4677588994e+02    1.4559090972e+02    1.4514528761e+02   -7.8352097424e-02   -1.7146062591e-01    8.3783091788e-02    5.8822935548e+01    2.9411467774e+01    2.9411467774e+01
    3.9948126027e+03    3.3460779646e+03   -4.4250534080e+04    1.4677588994e+02    1.4559090972e+02    1.4514528761e+02   -7.8352097424e-02   -1.7146062591e-01    8.3783091788e-02    5.8822935548e+01    2.9411467774e+01    2.9411467774e+01
    3.9948126027e+03    3.3460779646e+03   -4.4250534080e+04    1.4677588994e+02    1.4559090972e+02    1.4514528761e+02   -7.8352097424e-02   -1.7146062591e-01    8.3783091788e-02    5.8822935548e+01    2.9411467774e+01    2.9411467774e+01
    3.9948126027e+03    3.3460779646e+03   -4.4250534080e+04    1.4677588994e+02    1.4559090972e+02    1.4514528761e+02   -7.8352097424e-02   -1.7146062591e-01    8.3783091788e-02    5.8822935548e+01    2.9411467774e+01    2.9411467774e+01
    3.9948126027e+03    3.3460779646e+03   -4.4250534080e+04    1.4677588994e+02    1.4559090972e+02    1.4514528761e+02   -7.8352097424e-02   -1.7146062591e-01    8.3783091788e-02    5.8822935548e+01    2.9411467774e+01    2.9411467774e+01
    3.9948126027e+03    3.3460779646e+03   -4.4250534080e+04    1.4677588994e+02    1.4559090972e+02    1.4514528761e+02   -7.8352097424e-02   -1.7146062591e-01    8.3783091788e-02    5.8822935548e+01    2.9411467774e+01    2.9411467774e+01
    3.9948126027e+03    3.3460779646e+03   -4.4250534080e+04    1.4677588994e+02    1.4559090972e+02    1.4514528761e+02   -7.8352097424e-02   -1.7146062591e-01    8.3783091788e-02    5.8822935548e+01    2.9411467774e+01    2.9411467774e+01
    3.9948126027e+03    3.3460779646e+03   -4.4250534080e+04    1.4677588994e+02    1.4559090972e+02    1.4514528761e+02   -7.8352097424e-02   -1.7146062591e-01    8.3783091788e-02    5.8822935548e+01    2.9411467774e+01    2.9411467774e+01
    3.9948126027e+03    3.3460779646e+03   -4.4250534080e+04    1.4677588994e+02    1.4559090972e+02    1.4514528761e+02   -7.8352097424e-02   -1.7146062591e-01    8.3783091788e-02    5.8822935548e+01    2.9411467774e+01    2.9411467774e+01
    3.9948126027e+03    3.3460779646e+03   -4.4250534080e+04    1.4677588994e+02    1.4559090972e+02    1.4514528761e+02   -7.8352097424e-02   -1.7146062591e-01    8.3783091788e-02    5.8822935548e+01    2.9411467774e+01    2.9411467774e+01
    3.9948126027e+03    3.3460779646e+03   -4.4250534080e+04    1.4677588994e+02    1.4559090972e+02    1.4514528761e+02   -7.8352097424e-02   -1.7146062591e-01    8.3783091788e-02    5.8822935548e+01    2.9411467774e+01    2.9411467774e+01
    3.9948126027e+03    3.3460779646e+03   -4.4250534080e+04    1.4677588994e+02    1.4559090972e+02    1.4514528761e+02   -7.8352097424e-02   -1.7146062591e-01    8.3783091788e-02    5.8822935548e+01    2.9411467774e+01    2.9411467774e+01
    3.9948126027e+03    3.3460779646e+03   -4.4250534080e+04    1.4677588994e+02    1.4559090972e+02    1.4514528761e+02   -7.8352097424e-02   -1.7146062591e-01    8.3783091788e-02    5.8822935548e+01    2.9411467774e+01    2.9411467774e+01
    3.9948126027e+03    3.3460779646e+03   -4.4250534080e+04    1.4677588994e+02    1.4559090972e+02    1.4514528761e+02   -7.8352097424e-02   -1.7146062591e-01    8.3783091788e-02    5.8822935548e+01    2.9411467774e+01    2.9411467774e+01
    3.9948126027e+03    3.3460779646e+03   -4.4250534080e+04    1.4677588994e+02    1.4559090972e+02    1.4514528761e+02   -7.8352097424e-02   -1.7146062591e-01    8.3783091788e-02    5.8822935548e+01    2.9411467774e+01    2.9411467774e+01
    3.9948126027e+03    3.3460779646e+03   -4.4250534080e+04    1.4677588994e+02    1.4559090972e+02    1.4514528761e+02   -7.8352097424e-02   -1.7146062591e-01    8.3783091788e-02    5.8822935548e+01    2.9411467774e+01    2.9411467774e+01
    3.9948126027e+03    3.3460779646e+03   -4.4250534080e+04    1.4677588994e+02    1.4559090972e+02    1.4514528761e+02   -7.8352097424e-02   -1.7146062591e-01    8.3783091788e-02    5.8822935548e+01    2.9411467774e+01    2.9411467774e+01
    3.9948126027e+03    3.3460779646e+03   -4.4250534080e+04    1.4677588994e+02    1.4559090972e+02    1.4514528761e+02   -7.8352097424e-02   -1.7146062591e-01    8.3783091788e-02    5.8822935548e+01    2.9411467774e+01    2.9411467774e+01
    3.9948126027e+03    3.3460779646e+03   -4.4250534080e+04    1.4677588994e+02    1.4559090972e+02    1.4514528761e+02   -7.8352097424e-02   -1.7146062591e-01    8.3783091788e-02    5.8822935548e+01    2.9411467774e+01    2.9411467774e+01
    3.9948126027e+03    3.3460779646e+03   -4.4250534080e+04    1.4677588994e+02    1.4559090972e+02    1.4514528761e+02   -7.8352097424e-02   -1.7146062591e-01    8.3783091788e-02    5.8822935548e+01    2.9411467774e+01    2.9411467774e+01
    3.9948126027e+03    3.3460779646e+03   -4.4250534080e+04    1.4677588994e+02    1.4559090972e+02    1.4514528761e+02   -7.8352097424e-02   -1.7146062591e-01    8.3783091788e-02    5.8822935548e+01    2.9411467774e+01    2.9411467774e+01
    3.9948126027e+03    3.3460779646e+03   -4.4250534080e+04    1.4677588994e+02    1.4559090972e+02    1.4514528761e+02   -7.8352097424e-02   -1.7146062591e-01    8.3783091788e-02    5.8822935548e+01    2.9411467774e+01    2.9411467774e+01
    3.9948126027e+03    3.3460779646e+03   -4.4250534080e+04    1.4677588994e+02    1.4559090972e+02    1.4514528761e+02   -7.8352097424e-02   -1.7146062591e-01    8.3783091788e-02    5.8822935548e+01    2.9411467774e+01    2.9411467774e+01
    3.9948126027e+03    3.3460779646e+03   -4.4250534080e+04    1.4677588994e+02    1.4559090972e+02    1.4514528761e+02   -7.8352097424e-02   -1.7146062591e-01    8.3783091788e-02    5.8822935548e+01    2.9411467774e+01    2.9411467774e+01
    3.9948126027e+03    3.3460779646e+03   -4.4250534080e+04    1.4677588994e+02    1.4559090972e+02    1.4514528761e+02   -7.8352097424e-02   -1.7146062591e-01    8.3783091788e-02    5.8822935548e+01    2.9411467774e+01    2.9411467774e+01
    3.9948126027e+03    3.3460779646e+03   -4.4250534080e+04    1.4677588994e+02    1.4559090972e+02    1.4514528761e+02   -7.8352097424e-02   -1.7146062591e-01    8.3783091788e-02    5.8822935548e+01    2.9411467774e+01    2.9411467774e+01
