    4.0497635320e+03    2.8408880870e+03   -3.6919092604e+04    1.4650046097e+02    1.4532485536e+02    1.4539181464e+02    9.3045290854e-02   -5.6924582513e-02    2.0216379076e-01    4.9019112957e+01    2.9411467774e+01    2.9411467774e+01
    3.9994957835e+03    2.8056255224e+03   -3.6863454291e+04    1.4664400617e+02    1.4557866660e+02    1.4626862894e+02   -1.9951789379e-01   -1.3706783107e-02   -9.6895444575e-02    4.9019112957e+01    2.9411467774e+01    2.9411467774e+01
    4.0022893193e+03    2.8075851732e+03   -3.6870676163e+04    1.4674383537e+02    1.4587011510e+02    1.4579325817e+02   -1.6638218398e-01   -6.6696401070e-02   -1.4733782311e-01    4.9019112957e+01    2.9411467774e+01    2.9411467774e+01
    3.9613727551e+03    2.7788824159e+03   -3.6839126792e+04    1.4624776256e+02    1.4575211956e+02    1.4563342375e+02   -2.5411579625e-01    2.2615860304e-01    2.3634559228e-01    4.9019112957e+01    2.9411467774e+01    2.9411467774e+01
    3.9973171386e+03    2.8040972143e+03   -3.6864028063e+04    1.4574456599e+02    1.4612975014e+02    1.4619172780e+02   -3.1929304846e-01   -2.9208248230e-01   -1.2291413686e-01    4.9019112957e+01    2.9411467774e+01    2.9411467774e+01
    3.9967551074e+03    2.8037029523e+03   -3.6865056876e+04    1.4649518960e+02    1.4588477877e+02    1.4621789486e+02    2.9511099072e-01    1.8984426806e-02   -8.2678971787e-02    4.9019112957e+01    2.9411467774e+01    2.9411467774e+01
    4.0036680856e+03    2.8085523707e+03   -3.6872503917e+04    1.4629196669e+02    1.4585794193e+02    1.4583804343e+02    1.6148959963e-01   -1.0306587759e-01   -1.1986347548e-01    4.9019112957e+01    2.9411467774e+01    2.9411467774e+01
    4.0055342731e+03    2.8098614915e+03   -3.6871992761e+04    1.4595742059e+02    1.4588287072e+02    1.4567556902e+02   -1.6670109556e-01    3.9560702355e-02    4.9330914856e-01    4.9019112957e+01    2.9411467774e+01    2.9411467774e+01
    4.0160166102e+03    2.8172147966e+03   -3.6879901249e+04    1.4620042872e+02    1.4498706992e+02    1.4604701307e+02   -2.6995551960e-01   -1.8115652291e-01    5.3839103305e-01    4.9019112957e+01    2.9411467774e+01    2.9411467774e+01
    4.0260096309e+03    2.8242248487e+03   -3.6882819662e+04    1.4661053738e+02    1.4546415358e+02    1.4637435760e+02    2.4880829177e-02   -3.9081317203e-01   -3.6703205195e-02    4.9019112957e+01    2.9411467774e+01    2.9411467774e+01
    3.9403924964e+03    2.7641648734e+03   -3.6824820691e+04    1.4642538795e+02    1.4658904599e+02    1.4611406242e+02    6.8187351900e-02    7.6555812352e-02    5.1538108678e-01    4.9019112957e+01    2.9411467774e+01    2.9411467774e+01
    4.0180131050e+03    2.8186153273e+03   -3.6879114295e+04    1.4640314946e+02    1.4623279044e+02    1.4581020543e+02   -5.0990330984e-02    3.4287006732e-01   -2.6352875591e-01    4.9019112957e+01    2.9411467774e+01    2.9411467774e+01
    4.0163043993e+03    2.8174166791e+03   -3.6881417435e+04    1.4640788822e+02    1.4629741644e+02    1.4554843760e+02   -4.3860648248e-02    1.1431698927e-01   -3.8815654639e-01    4.9019112957e+01    2.9411467774e+01    2.9411467774e+01
    3.9746255871e+03    2.7881792088e+03   -3.6850835982e+04    1.4628498843e+02    1.4580548724e+02    1.4614136304e+02   -9.2884263571e-02   -6.1083459634e-02   -1.5353268389e-01    4.9019112957e+01    2.9411467774e+01    2.9411467774e+01
    3.9979135073e+03    2.8045155639e+03   -3.6866459201e+04    1.4636807617e+02    1.4570582245e+02    1.4595105947e+02   -4.3867801919e-01   -6.0911808037e-02   -6.8121894412e-01    4.9019112957e+01    2.9411467774e+01    2.9411467774e+01
    4.0345782063e+03    2.8302356598e+03   -3.6895376637e+04    1.4628895527e+02    1.4546949793e+02    1.4595059480e+02   -1.0417728664e-01    4.4619026152e-01   -1.8101465829e-01    4.9019112957e+01    2.9411467774e+01    2.9411467774e+01
    3.9928159663e+03    2.8009396653e+03   -3.6866265421e+04    1.4595147329e+02    1.4580249128e+02    1.4545286947e+02   -9.2803536641e-02   -4.6721922350e-01   -3.0214145557e-01    4.9019112957e+01    2.9411467774e+01    2.9411467774e+01
    4.0298210900e+03    2.8268985675e+03   -3.6885162652e+04    1.4608171484e+02    1.4568855252e+02    1.4567756941e+02   -2.8786020780e-01   -9.6258772654e-02   -5.4622762783e-01    4.9019112957e+01    2.9411467774e+01    2.9411467774e+01
    4.0482217335e+03    2.8398065233e+03   -3.6901394489e+04    1.4607502903e+02    1.4605311527e+02    1.4564158510e+02    3.0497797350e-02   -1.6777744890e-01    3.6312726083e-02    4.9019112957e+01    2.9411467774e+01    2.9411467774e+01
    3.9894706222e+03    2.7985929238e+03   -3.6861006480e+04    1.4613226277e+02    1.4596150313e+02    1.4609832850e+02    3.2252313150e-01    1.6716058597e-01    1.5867724169e-01    4.9019112957e+01    2.9411467774e+01    2.9411467774e+01
    4.0005735337e+03    2.8063815586e+03   -3.6868349873e+04    1.4625642112e+02    1.4605795693e+02    1.4600032128e+02    6.0078934204e-02    1.6343417567e-01   -1.0551028001e-01    4.9019112957e+01    2.9411467774e+01    2.9411467774e+01
    3.9860663976e+03    2.7962048779e+03   -3.6858007995e+04    1.4636126732e+02    1.4587816244e+02    1.4589362087e+02   -1.6611378823e-01   -1.0908980031e-01    2.1666021152e-01    4.9019112957e+01    2.9411467774e+01    2.9411467774e+01
    4.0075973034e+03    2.8113086965e+03   -3.6870996084e+04    1.4569566564e+02    1.4592211613e+02    1.4595223190e+02   -2.9544555647e-02    9.8655382188e-02    8.6588753606e-02    4.9019112957e+01    2.9411467774e+01    2.9411467774e+01
    3.9943058642e+03    2.8019848210e+03   -3.6862872663e+04    1.4602123823e+02    1.4548010510e+02    1.4690823268e+02    1.7004426425e-01    1.8384541509e-01    4.2215779789e-01    4.9019112957e+01    2.9411467774e+01    2.9411467774e+01
    4.0191751869e+03    2.8194305217e+03   -3.6878040383e+04    1.4691143545e+02    1.4489754490e+02    1.4610369476e+02    3.3519643146e-01   -2.0326247948e-01   -1.1072382876e-01    4.9019112957e+01    2.9411467774e+01    2.9411467774e+01
    3.9928088483e+03    2.8009346721e+03   -3.6861526070e+04    1.4606013511e+02    1.4597374051e+02    1.4604611409e+02   -2.3414143003e-01    1.8572513625e-02   -1.3756747381e-01    4.9019112957e+01    2.9411467774e+01    2.9411467774e+01
    4.0225573985e+03    2.8218031256e+03   -3.6880964828e+04    1.4646139583e+02    1.4562535390e+02    1.4548476074e+02   -8.5445675491e-02   -2.7642004313e-01    1.7767764941e-01    4.9019112957e+01    2.9411467774e+01    2.9411467774e+01
    4.0213033192e+03    2.8209233955e+03   -3.6882523925e+04    1.4655762928e+02    1.4543194505e+02    1.4564936272e+02    4.4810829174e-01   -3.1743460515e-01   -2.6423930955e-01    4.9019112957e+01    2.9411467774e+01    2.9411467774e+01
    4.0114195650e+03    2.8139899932e+03   -3.6878335126e+04    1.4648219846e+02    1.4580405241e+02    1.4497903834e+02    2.5273394002e-01    3.4256657889e-02   -1.8942163448e-01    4.9019112957e+01    2.9411467774e+01    2.9411467774e+01
    3.9825017927e+03    2.7937043261e+03   -3.6856301247e+04    1.4626350080e+02    1.4560993702e+02    1.4644704964e+02   -1.9828302117e-01   -2.4058327624e-01    7.4521174836e-02    4.9019112957e+01    2.9411467774e+01    2.9411467774e+01
    4.0084056667e+03    2.8118757592e+03   -3.6873533428e+04    1.4674831438e+02    1.4541427430e+02    1.4591497865e+02   -1.8663166068e-01   -8.9366613340e-02    6.3237161265e-02    4.9019112957e+01    2.9411467774e+01    2.9411467774e+01
    3.9830238938e+03    2.7940705774e+03   -3.6857743501e+04    1.4655901485e+02    1.4582845477e+02    1.4627424372e+02    2.8729519502e-02    1.2724633941e-01    3.4705124103e-02    4.9019112957e+01    2.9411467774e+01    2.9411467774e+01
    3.9767126236e+03    2.7896432541e+03   -3.6856829284e+04    1.4658004729e+02    1.4563959458e+02    1.4631954854e+02    1.3474956127e-01   -1.3832510612e-01    3.5209446456e-01    4.9019112957e+01    2.9411467774e+01    2.9411467774e+01
    4.0001646119e+03    2.8060947020e+03   -3.6865545041e+04    1.4626553955e+02    1.4552868441e+02    1.4672658018e+02    3.8326847659e-01    6.2453725451e-02    5.4809108804e-02    4.9019112957e+01    2.9411467774e+01    2.9411467774e+01
    3.9576371055e+03    2.7762618772e+03   -3.6841753745e+04    1.4623744938e+02    1.4589684778e+02    1.4614748118e+02   -1.1917017854e-01   -3.5147221332e-01   -3.7006619029e-01    4.9019112957e+01    2.9411467774e+01    2.9411467774e+01
    3.9821429151e+03    2.7934525753e+03   -3.6851630386e+04    1.4689111318e+02    1.4580870614e+02    1.4588520218e+02    1.9825450470e-01   -2.9221087601e-03   -3.4776072921e-02    4.9019112957e+01    2.9411467774e+01    2.9411467774e+01
    3.9867700857e+03    2.7966985115e+03   -3.6855589955e+04    1.4624434377e+02    1.4625156294e+02    1.4587008864e+02   -2.6810320093e-02   -1.3178420864e-01   -6.1259645528e-02    4.9019112957e+01    2.9411467774e+01    2.9411467774e+01
    3.9987286446e+03    2.8050873785e+03   -3.6866088644e+04    1.4637789630e+02    1.4639317308e+02    1.4592272891e+02   -2.5085214448e-01    3.5790623815e-01   -3.1992865781e-01    4.9019112957e+01    2.9411467774e+01    2.9411467774e+01
    3.9859988793e+03    2.7961575142e+03   -3.6854401160e+04    1.4631148019e+02    1.4605194351e+02    1.4563768220e+02    1.9232003323e-01    2.7518580319e-01    3.1584301902e-02    4.9019112957e+01    2.9411467774e+01    2.9411467774e+01
    4.0167138363e+03    2.8177038970e+03   -3.6883246415e+04    1.4622014984e+02    1.4578823232e+02    1.4596049048e+02    3.1804225405e-01    1.5645813608e-01    7.3603046396e-02    4.9019112957e+01    2.9411467774e+01    2.9411467774e+01
    3.9894823559e+03    2.7986011549e+03   -3.6857049045e+04    1.4637850144e+02    1.4618186470e+02    1.4572029569e+02    1.8173589805e-01    3.9035995206e-02    3.1685988332e-02    4.9019112957e+01    2.9411467774e+01    2.9411467774e+01
    3.9708204864e+03    2.7855099504e+03   -3.6845404409e+04    1.4668645024e+02    1.4601804088e+02    1.4597366679e+02   -3.9129249458e-01   -2.0471087098e-01    4.4961247454e-02    4.9019112957e+01    2.9411467774e+01    2.9411467774e+01
    3.9742676726e+03    2.7879281337e+03   -3.6848886808e+04    1.4664430782e+02    1.4633887111e+02    1.4600187506e+02    2.8251910276e-01   -3.6510142171e-03    1.0429697696e-01    4.9019112957e+01    2.9411467774e+01    2.9411467774e+01
    4.0344574686e+03    2.8301509630e+03   -3.6891653529e+04    1.4564682547e+02    1.4607279417e+02    1.4564702096e+02   -1.9374240216e-01   -7.5070270161e-03   -7.7183431337e-02    4.9019112957e+01    2.9411467774e+01    2.9411467774e+01
    4.0164063191e+03    2.8174881753e+03   -3.6877408753e+04    1.4567680587e+02    1.4595627516e+02    1.4608845060e+02   -2.7235622546e-01    1.3061184110e-01   -2.5893281141e-01    4.9019112957e+01    2.9411467774e+01    2.9411467774e+01
    4.0608644084e+03    2.8486752940e+03   -3.6907786695e+04    1.4605291011e+02    1.4554197401e+02    1.4595275063e+02   -3.8738504926e-01    1.2933622185e-02   -1.2845124199e-01    4.9019112957e+01    2.9411467774e+01    2.9411467774e+01
    3.9457393266e+03    2.7679156471e+03   -3.6826028923e+04    1.4668949036e+02    1.4636386622e+02    1.4593207847e+02   -1.6897815763e-01   -2.9749645405e-02    1.7745766932e-01    4.9019112957e+01    2.9411467774e+01    2.9411467774e+01
    3.9612832345e+03    2.7788196177e+03   -3.6841493947e+04    1.4596254554e+02    1.4617149326e+02    1.4621556922e+02   -1.1721892117e-01   -7.7625010176e-02   -6.7516088086e-02    4.9019112957e+01    2.9411467774e+01    2.9411467774e+01
    3.9596154861e+03    2.7776497009e+03   -3.6841747553e+04    1.4624624214e+02    1.4640791061e+02    1.4601062679e+02    1.5717343561e-01   -3.5560683892e-01   -6.0202535300e-02    4.9019112957e+01    2.9411467774e+01    2.9411467774e+01
    3.9895717288e+03    2.7986638496e+03   -3.6859898264e+04    1.4639076676e+02    1.4602682907e+02    1.4548455882e+02   -1.1729108342e-01   -1.2220614183e-01    1.0899652703e-01    4.9019112957e+01    2.9411467774e+01    2.9411467774e+01
    4.0270918931e+03    2.8249840500e+03   -3.6886866193e+04    1.4683789037e+02    1.4539247784e+02    1.4550005598e+02   -2.7800258696e-01   -3.1091723737e-01   -1.8481928114e-01    4.9019112957e+01    2.9411467774e+01    2.9411467774e+01
    4.0016352229e+03    2.8071263280e+03   -3.6865105390e+04    1.4673659062e+02    1.4576661469e+02    1.4584807017e+02    2.0399277438e-01   -8.2627164036e-02   -1.1267639357e-01    4.9019112957e+01    2.9411467774e+01    2.9411467774e+01
    4.0307070106e+03    2.8275200362e+03   -3.6891347991e+04    1.4586070931e+02    1.4580336002e+02    1.4575908162e+02   -5.2279410574e-02    1.2177192080e-01   -3.8770285757e-01    4.9019112957e+01    2.9411467774e+01    2.9411467774e+01
    3.9942254230e+03    2.8019283919e+03   -3.6860930204e+04    1.4623761184e+02    1.4597132445e+02    1.4580127415e+02    3.6770302037e-02   -1.4670766976e-01   -1.7764078884e-01    4.9019112957e+01    2.9411467774e+01    2.9411467774e+01
    3.9861868154e+03    2.7962893504e+03   -3.6854963089e+04    1.4643586401e+02    1.4586658509e+02    1.4630257551e+02   -1.8738564624e-01    1.1631939788e-03   -9.2905237529e-03    4.9019112957e+01    2.9411467774e+01    2.9411467774e+01
    4.0117734224e+03    2.8142382223e+03   -3.6876464778e+04    1.4646359265e+02    1.4609113167e+02    1.4537046677e+02   -4.4765411239e-01    4.8215769665e-01   -1.9089483356e-01    4.9019112957e+01    2.9411467774e+01    2.9411467774e+01
    4.0259055734e+03    2.8241518529e+03   -3.6883357993e+04    1.4583541875e+02    1.4612826565e+02    1.4547251982e+02   -7.6364249752e-02   -1.8071865009e-01    1.0070690281e-01    4.9019112957e+01    2.9411467774e+01    2.9411467774e+01
    4.0042057452e+03    2.8089295361e+03   -3.6871509233e+04    1.4576843441e+02    1.4560303637e+02    1.4583327880e+02   -5.6098158819e-02   -1.4703982750e-01   -1.2044688193e-01    4.9019112957e+01    2.9411467774e+01    2.9411467774e+01
    4.0176033262e+03    2.8183278696e+03   -3.6878043834e+04    1.4589663593e+02    1.4573556774e+02    1.4589551314e+02    2.6919487598e-01    2.9951829183e-01    3.1423330365e-01    4.9019112957e+01    2.9411467774e+01    2.9411467774e+01
    3.9574872144e+03    2.7761567293e+03   -3.6837242757e+04    1.4640901125e+02    1.4609949885e+02    1.4560632176e+02   -4.3472760507e-01   -1.0981106887e-01    1.0696801792e-01    4.9019112957e+01    2.9411467774e+01    2.9411467774e+01
    4.0150649748e+03    2.8165472293e+03   -3.6877732340e+04    1.4572194029e+02    1.4652224846e+02    1.4526543955e+02    2.9789795765e-01    1.0177462099e-01    7.2613443819e-02    4.9019112957e+01    2.9411467774e+01    2.9411467774e+01
    4.0197464966e+03    2.8198312925e+03   -3.6884663310e+04    1.4628787743e+02    1.4606291700e+02    1.4603357814e+02   -1.1526708648e-02    1.2992702858e-01    9.5700844967e-03    4.9019112957e+01    2.9411467774e+01    2.9411467774e+01
    4.0032169634e+03    2.8082359108e+03   -3.6868014272e+04    1.4628911899e+02    1.4564260820e+02    1.4630451297e+02   -2.6264315528e-01   -1.3591603170e-01    4.3487814590e-02    4.9019112957e+01    2.9411467774e+01    2.9411467774e+01
    3.9487519805e+03    2.7700290081e+03   -3.6831396829e+04    1.4676313795e+02    1.4563396905e+02    1.4619418453e+02    3.5670080952e-01    8.2056980145e-02    4.1275533237e-01    4.9019112957e+01    2.9411467774e+01    2.9411467774e+01
    4.0401143891e+03    2.8341192633e+03   -3.6895985573e+04    1.4556483819e+02    1.4715341576e+02    1.4511704840e+02   -3.3236072201e-02   -6.2066229978e-03   -1.7367426936e-02    4.9019112957e+01    2.9411467774e+01    2.9411467774e+01
    3.9821499300e+03    2.7934574962e+03   -3.6853590039e+04    1.4594947064e+02    1.4642181451e+02    1.4585003632e+02    6.2350261956e-01   -2.7637939531e-01    2.7469490414e-01    4.9019112957e+01    2.9411467774e+01    2.9411467774e+01
    4.0180470785e+03    2.8186391595e+03   -3.6879422391e+04    1.4666250008e+02    1.4551274451e+02    1.4581534167e+02    1.0662295452e-01    1.2776350718e-01    1.6653623148e-01    4.9019112957e+01    2.9411467774e+01    2.9411467774e+01
    3.9871244155e+03    2.7969470720e+03   -3.6857748463e+04    1.4648005559e+02    1.4650357703e+02    1.4561643169e+02    3.7312319525e-01   -1.1724009315e-01   -3.4845524800e-02    4.9019112957e+01    2.9411467774e+01    2.9411467774e+01
    4.0026752732e+03    2.8078559179e+03   -3.6868702433e+04    1.4592058960e+02    1.4567947335e+02    1.4615233095e+02   -2.5593294343e-01   -6.2923110058e-02    2.1678886145e-01    4.9019112957e+01    2.9411467774e+01    2.9411467774e+01
    3.9942068582e+03    2.8019153688e+03   -3.6862041142e+04    1.4620777986e+02    1.4605948056e+02    1.4622938046e+02   -4.6549589250e-02   -2.9129474795e-01   -2.9474697475e-01    4.9019112957e+01    2.9411467774e+01    2.9411467774e+01
    4.0138481059e+03    2.8156936020e+03   -3.6878334658e+04    1.4608531242e+02    1.4605335532e+02    1.4557569012e+02    1.0107950678e-01   -3.4037877027e-02    4.3888831681e-02    4.9019112957e+01    2.9411467774e+01    2.9411467774e+01
    4.0328922690e+03    2.8290529835e+03   -3.6893432975e+04    1.4594467986e+02    1.4594436310e+02    1.4569500528e+02    5.4337926593e-02   -1.4782110619e-01   -9.5294356959e-02    4.9019112957e+01    2.9411467774e+01    2.9411467774e+01
    4.0267632898e+03    2.8247535365e+03   -3.6883040483e+04    1.4658085933e+02    1.4603388681e+02    1.4551406974e+02    3.3208466782e-01   -2.8203203354e-01   -3.0018949235e-01    4.9019112957e+01    2.9411467774e+01    2.9411467774e+01
    3.9491392739e+03    2.7703006924e+03   -3.6832416033e+04    1.4687799745e+02    1.4535721343e+02    1.4633592659e+02   -1.3400985006e-01    1.5106870222e-01    2.5560360884e-01    4.9019112957e+01    2.9411467774e+01    2.9411467774e+01
    4.0258299870e+03    2.8240988294e+03   -3.6886867318e+04    1.4601735169e+02    1.4580203839e+02    1.4608639066e+02    4.1776619353e-01   -1.2852443899e-01   -3.1695743313e-01    4.9019112957e+01    2.9411467774e+01    2.9411467774e+01
    4.0095785572e+03    2.8126985358e+03   -3.6870711533e+04    1.4593619328e+02    1.4620660264e+02    1.4580324943e+02    1.2746854045e-01    1.2898104035e-01    4.8683350206e-01    4.9019112957e+01    2.9411467774e+01    2.9411467774e+01
    4.0004017133e+03    2.8062610274e+03   -3.6865974366e+04    1.4626721223e+02    1.4638751143e+02    1.4582741505e+02    4.4468985884e-02   -2.0064904542e-01   -1.3068822877e-01    4.9019112957e+01    2.9411467774e+01    2.9411467774e+01
    3.9875516690e+03    2.7972467881e+03   -3.6860669233e+04    1.4605406305e+02    1.4550881614e+02    1.4620405649e+02   -1.0400644476e-01    8.3846483853e-02    3.9146563396e-02    4.9019112957e+01    2.9411467774e+01    2.9411467774e+01
    4.0198733333e+03    2.8199202677e+03   -3.6878580640e+04    1.4640924237e+02    1.4528832629e+02    1.4598529378e+02   -2.8133766103e-01    4.2392321224e-02    3.4937368225e-01    4.9019112957e+01    2.9411467774e+01    2.9411467774e+01
    3.9818609623e+03    2.7932547869e+03   -3.6854482573e+04    1.4608402513e+02    1.4597779643e+02    1.4618083876e+02    3.5101174055e-02   -1.5257126485e-01    4.8321170508e-02    4.9019112957e+01    2.9411467774e+01    2.9411467774e+01
    4.0251545153e+03    2.8236249895e+03   -3.6884551596e+04    1.4566533211e+02    1.4572998281e+02    1.4596240560e+02   -1.7997632087e-01    1.1986981320e-01    1.2280140105e-01    4.9019112957e+01    2.9411467774e+01    2.9411467774e+01
    3.9946856797e+03    2.8022512596e+03   -3.6862324798e+04    1.4576149983e+02    1.4593558614e+02    1.4659342939e+02    6.7487879747e-02   -1.5685943249e-01    9.6975848363e-03    4.9019112957e+01    2.9411467774e+01    2.9411467774e+01
    3.9903827070e+03    2.7992327465e+03   -3.6861870472e+04    1.4664168664e+02    1.4553961653e+02    1.4591341513e+02    2.9981487278e-02    1.9637666472e-01    8.0770995607e-02    4.9019112957e+01    2.9411467774e+01    2.9411467774e+01
    3.9571198032e+03    2.7758989923e+03   -3.6838695660e+04    1.4636414273e+02    1.4583173024e+02    1.4637386879e+02    3.4384965177e-01   -5.3984645603e-02   -1.1675757038e-01    4.9019112957e+01    2.9411467774e+01    2.9411467774e+01
    4.0576045253e+03    2.8463885030e+03   -3.6907031401e+04    1.4644844660e+02    1.4575385329e+02    1.4524961660e+02    1.3237994239e-01    2.1449646532e-01    1.1124492676e-01    4.9019112957e+01    2.9411467774e+01    2.9411467774e+01
    4.0061803490e+03    2.8103147104e+03   -3.6872516960e+04    1.4554618836e+02    1.4556775200e+02    1.4618930856e+02   -6.1226569086e-02    4.1526125398e-01    4.5983360785e-02    4.9019112957e+01    2.9411467774e+01    2.9411467774e+01
    3.9374794146e+03    2.7621213617e+03   -3.6827163380e+04    1.4680677904e+02    1.4609788958e+02    1.4634063776e+02   -8.5484793564e-02    1.3431660371e-01    6.9742451858e-02    4.9019112957e+01    2.9411467774e+01    2.9411467774e+01
    4.0121559634e+03    2.8145065729e+03   -3.6877299375e+04    1.4553801715e+02    1.4627823616e+02    1.4604607255e+02   -2.6740871157e-01    4.7547684271e-02    1.2972569881e-01    4.9019112957e+01    2.9411467774e+01    2.9411467774e+01
    4.0408288796e+03    2.8346204747e+03   -3.6895534206e+04    1.4638404904e+02    1.4538552870e+02    1.4493356058e+02   -9.9031816188e-02   -1.9686961166e-01    4.3839284790e-01    4.9019112957e+01    2.9411467774e+01    2.9411467774e+01
    3.9795450486e+03    2.7916301855e+03   -3.6849296542e+04    1.4655300711e+02    1.4633121285e+02    1.4568841215e+02   -5.5515549262e-02   -1.8491321939e-01    6.8733510999e-02    4.9019112957e+01    2.9411467774e+01    2.9411467774e+01
    4.0691290423e+03    2.8544728919e+03   -3.6914721597e+04    1.4608118653e+02    1.4572931339e+02    1.4575872466e+02    9.3630778043e-02   -5.9876105132e-02    1.1846688627e-01    4.9019112957e+01    2.9411467774e+01    2.9411467774e+01
    3.9252286938e+03    2.7535275446e+03   -3.6818230901e+04    1.4653994614e+02    1.4632997451e+02    1.4599560536e+02    4.3158623375e-01    1.1491669118e-01    2.1983892120e-01    4.9019112957e+01    2.9411467774e+01    2.9411467774e+01
    3.9668870593e+03    2.7827506717e+03   -3.6843602092e+04    1.4589060331e+02    1.4620178244e+02    1.4643293489e+02    2.4443287210e-01   -2.7037390297e-02    7.9048774927e-02    4.9019112957e+01    2.9411467774e+01    2.9411467774e+01
    4.0053966300e+03    2.8097649356e+03   -3.6872083646e+04    1.4691531689e+02    1.4521840183e+02    1.4617538674e+02   -2.0791289555e-01    1.8223719048e-01    1.4201798593e-01    4.9019112957e+01    2.9411467774e+01    2.9411467774e+01
    3.9603210180e+03    2.7781446279e+03   -3.6840127089e+04    1.4658239342e+02    1.4598142796e+02    1.4577795487e+02    8.1072108343e-02   -2.4858151463e-01    4.0838722646e-02    4.9019112957e+01    2.9411467774e+01    2.9411467774e+01
    3.9855482713e+03    2.7958414150e+03   -3.6854686584e+04    1.4594956395e+02    1.4631322100e+02    1.4573985357e+02    1.3087523168e-01    2.2544771608e-01   -8.6700803617e-02    4.9019112957e+01    2.9411467774e+01    2.9411467774e+01
    3.9662261123e+03    2.7822870208e+03   -3.6841405775e+04    1.4610916782e+02    1.4616577109e+02    1.4602705643e+02   -5.8386661342e-02    4.6670263258e-02   -2.4837147015e-01    4.9019112957e+01    2.9411467774e+01    2.9411467774e+01
    4.0371667179e+03    2.8320514872e+03   -3.6893716610e+04    1.4596533454e+02    1.4573871543e+02    1.4568772368e+02   -4.0685970388e-01    1.7261277853e-01    1.1478063585e-01    4.9019112957e+01    2.9411467774e+01    2.9411467774e+01
    4.0061899913e+03    2.8103214744e+03   -3.6872882226e+04    1.4653049036e+02    1.4609822775e+02    1.4566942329e+02   -6.5696014947e-02    2.5671323138e-01   -9.3318340113e-02    4.9019112957e+01    2.9411467774e+01    2.9411467774e+01
    4.0252280730e+03    2.8236765898e+03   -3.6883794640e+04    1.4610187462e+02    1.4541880230e+02    1.4576852541e+02   -2.0415102749e-01    1.8925180819e-02   -2.0034407600e-01    4.9019112957e+01    2.9411467774e+01    2.9411467774e+01
    4.0252280730e+03    2.8236765898e+03   -3.6883794640e+04    1.4610187462e+02    1.4541880230e+02    1.4576852541e+02   -2.0415102749e-01    1.8925180819e-02   -2.0034407600e-01    4.9019112957e+01    2.9411467774e+01    2.9411467774e+01
    4.0252280730e+03    2.8236765898e+03   -3.6883794640e+04    1.4610187462e+02    1.4541880230e+02    1.4576852541e+02   -2.0415102749e-01    1.8925180819e-02   -2.0034407600e-01    4.9019112957e+01    2.9411467774e+01    2.9411467774e+01
    4.0252280730e+03    2.8236765898e+03   -3.6883794640e+04    1.4610187462e+02    1.4541880230e+02    1.4576852541e+02   -2.0415102749e-01    1.8925180819e-02   -2.0034407600e-01    4.9019112957e+01    2.9411467774e+01    2.9411467774e+01
    4.0252280730e+03    2.8236765898e+03   -3.6883794640e+04    1.4610187462e+02    1.4541880230e+02    1.4576852541e+02   -2.0415102749e-01    1.8925180819e-02   -2.0034407600e-01    4.9019112957e+01    2.9411467774e+01    2.9411467774e+01
    4.0252280730e+03    2.8236765898e+03   -3.6883794640e+04    1.4610187462e+02    1.4541880230e+02    1.4576852541e+02   -2.0415102749e-01    1.8925180819e-02   -2.0034407600e-01    4.9019112957e+01    2.9411467774e+01    2.9411467774e+01
    4.0252280730e+03    2.8236765898e+03   -3.6883794640e+04    1.4610187462e+02    1.4541880230e+02    1.4576852541e+02   -2.0415102749e-01    1.8925180819e-02   -2.0034407600e-01    4.9019112957e+01    2.9411467774e+01    2.9411467774e+01
    4.0252280730e+03    2.8236765898e+03   -3.6883794640e+04    1.4610187462e+02    1.4541880230e+02    1.4576852541e+02   -2.0415102749e-01    1.8925180819e-02   -2.0034407600e-01    4.9019112957e+01    2.9411467774e+01    2.9411467774e+01
    4.0252280730e+03    2.8236765898e+03   -3.6883794640e+04    1.4610187462e+02    1.4541880230e+02    1.4576852541e+02   -2.0415102749e-01    1.8925180819e-02   -2.0034407600e-01    4.9019112957e+01    2.9411467774e+01    2.9411467774e+01
    4.0252280730e+03    2.8236765898e+03   -3.6883794640e+04    1.4610187462e+02    1.4541880230e+02    1.4576852541e+02   -2.0415102749e-01    1.8925180819e-02   -2.0034407600e-01    4.9019112957e+01    2.9411467774e+01    2.9411467774e+01
    4.0252280730e+03    2.8236765898e+03   -3.6883794640e+04    1.4610187462e+02    1.4541880230e+02    1.4576852541e+02   -2.0415102749e-01    1.8925180819e-02   -2.0034407600e-01    4.9019112957e+01    2.9411467774e+01    2.9411467774e+01
    4.0252280730e+03    2.8236765898e+03   -3.6883794640e+04    1.4610187462e+02    1.4541880230e+02    1.4576852541e+02   -2.0415102749e-01    1.8925180819e-02   -2.0034407600e-01    4.9019112957e+01    2.9411467774e+01    2.9411467774e+01
    4.0252280730e+03    2.8236765898e+03   -3.6883794640e+04    1.4610187462e+02    1.4541880230e+02    1.4576852541e+02   -2.0415102749e-01    1.8925180819e-02   -2.0034407600e-01    4.9019112957e+01    2.9411467774e+01    2.9411467774e+01
    4.0252280730e+03    2.8236765898e+03   -3.6883794640e+04    1.4610187462e+02    1.4541880230e+02    1.4576852541e+02   -2.0415102749e-01    1.8925180819e-02   -2.0034407600e-01    4.9019112957e+01    2.9411467774e+01    2.9411467774e+01
    4.0252280730e+03    2.8236765898e+03   -3.6883794640e+04    1.4610187462e+02    1.4541880230e+02    1.4576852541e+02   -2.0415102749e-01    1.8925180819e-02   -2.0034407600e-01    4.9019112957e+01    2.9411467774e+01    2.9411467774e+01
    4.0252280730e+03    2.8236765898e+03   -3.6883794640e+04    1.4610187462e+02    1.4541880230e+02    1.4576852541e+02   -2.0415102749e-01    1.8925180819e-02   -2.0034407600e-01    4.9019112957e+01    2.9411467774e+01    2.9411467774e+01
    4.0252280730e+03    2.8236765898e+03   -3.6883794640e+04    1.4610187462e+02    1.4541880230e+02    1.4576852541e+02   -2.0415102749e-01    1.8925180819e-02   -2.0034407600e-01    4.9019112957e+01    2.9411467774e+01    2.9411467774e+01
    4.0252280730e+03    2.8236765898e+03   -3.6883794640e+04    1.4610187462e+02    1.4541880230e+02    1.4576852541e+02   -2.0415102749e-01    1.8925180819e-02   -2.0034407600e-01    4.9019112957e+01    2.9411467774e+01    2.9411467774e+01
    4.0252280730e+03    2.8236765898e+03   -3.6883794640e+04    1.4610187462e+02    1.4541880230e+02    1.4576852541e+02   -2.0415102749e-01    1.8925180819e-02   -2.0034407600e-01    4.9019112957e+01    2.9411467774e+01    2.9411467774e+01
    4.0252280730e+03    2.8236765898e+03   -3.6883794640e+04    1.4610187462e+02    1.4541880230e+02    1.4576852541e+02   -2.0415102749e-01    1.8925180819e-02   -2.0034407600e-01    4.9019112957e+01    2.9411467774e+01    2.9411467774e+01
    4.0252280730e+03    2.8236765898e+03   -3.6883794640e+04    1.4610187462e+02    1.4541880230e+02    1.4576852541e+02   -2.0415102749e-01    1.8925180819e-02   -2.0034407600e-01    4.9019112957e+01    2.9411467774e+01    2.9411467774e+01
    4.0252280730e+03    2.8236765898e+03   -3.6883794640e+04    1.4610187462e+02    1.4541880230e+02    1.4576852541e+02   -2.0415102749e-01    1.8925180819e-02   -2.0034407600e-01    4.9019112957e+01    2.9411467774e+01    2.9411467774e+01
    4.0252280730e+03    2.8236765898e+03   -3.6883794640e+04    1.4610187462e+02    1.4541880230e+02    1.4576852541e+02   -2.0415102749e-01    1.8925180819e-02   -2.0034407600e-01    4.9019112957e+01    2.9411467774e+01    2.9411467774e+01
    4.0252280730e+03    2.8236765898e+03   -3.6883794640e+04    1.4610187462e+02    1.4541880230e+02    1.4576852541e+02   -2.0415102749e-01    1.8925180819e-02   -2.0034407600e-01    4.9019112957e+01    2.9411467774e+01    2.9411467774e+01
    4.0252280730e+03    2.8236765898e+03   -3.6883794640e+04    1.4610187462e+02    1.4541880230e+02    1.4576852541e+02   -2.0415102749e-01    1.8925180819e-02   -2.0034407600e-01    4.9019112957e+01    2.9411467774e+01    2.9411467774e+01
    4.0252280730e+03    2.8236765898e+03   -3.6883794640e+04    1.4610187462e+02    1.4541880230e+02    1.4576852541e+02   -2.0415102749e-01    1.8925180819e-02   -2.0034407600e-01    4.9019112957e+01    2.9411467774e+01    2.9411467774e+01
    4.0252280730e+03    2.8236765898e+03   -3.6883794640e+04    1.4610187462e+02    1.4541880230e+02    1.4576852541e+02   -2.0415102749e-01    1.8925180819e-02   -2.0034407600e-01    4.9019112957e+01    2.9411467774e+01    2.9411467774e+01
    4.0252280730e+03    2.8236765898e+03   -3.6883794640e+04    1.4610187462e+02    1.4541880230e+02    1.4576852541e+02   -2.0415102749e-01    1.8925180819e-02   -2.0034407600e-01    4.9019112957e+01    2.9411467774e+01    2.9411467774e+01
    4.0252280730e+03    2.8236765898e+03   -3.6883794640e+04    1.4610187462e+02    1.4541880230e+02    1.4576852541e+02   -2.0415102749e-01    1.8925180819e-02   -2.0034407600e-01    4.9019112957e+01    2.9411467774e+01    2.9411467774e+01
    4.0252280730e+03    2.8236765898e+03   -3.6883794640e+04    1.4610187462e+02    1.4541880230e+02    1.4576852541e+02   -2.0415102749e-01    1.8925180819e-02   -2.0034407600e-01    4.9019112957e+01    2.9411467774e+01    2.9411467774e+01
    4.0252280730e+03    2.8236765898e+03   -3.6883794640e+04    1.4610187462e+02    1.4541880230e+02    1.4576852541e+02   -2.0415102749e-01    1.8925180819e-02   -2.0034407600e-01    4.9019112957e+01    2.9411467774e+01    2.9411467774e+01
