-6.98231 -6.9839
-5.97563 -5.97501
-6.66381 -6.6652
-6.61413 -6.61364
-6.51563 -6.5166
-6.60018 -6.59887
-6.203 -6.2011
-6.32754 -6.32806
-6.78196 -6.78295
-6.85049 -6.85092
-6.74085 -6.74347
-6.69877 -6.70458
-6.16619 -6.16661
-6.20147 -6.2002
-6.64132 -6.63851
-6.42442 -6.42347
-6.96199 -6.96278
-6.62519 -6.62719
-6.61134 -6.61147
-6.52038 -6.52066
-6.35756 -6.35707
-6.82174 -6.82288
-6.70473 -6.7052
-6.16484 -6.16495
-6.84966 -6.84989
-6.76331 -6.76402
-6.61445 -6.61567
-6.69103 -6.69284
-6.36644 -6.36604
-6.01146 -6.01189
-6.34765 -6.34612
-6.90001 -6.89882
-6.74258 -6.74265
-6.63969 -6.63733
-6.02726 -6.02445
-6.63529 -6.63717
-6.7168 -6.71705
-6.87411 -6.87493
-6.74028 -6.74099
-6.04225 -6.0406
-6.22863 -6.22675
-6.49329 -6.49264
-6.09269 -6.09136
-6.57944 -6.58027
-6.37469 -6.37295
-6.20099 -6.19963
-6.64614 -6.64609
-6.26059 -6.25898
-6.74691 -6.74766
-6.83984 -6.83877
-6.74364 -6.74543
-6.1191 -6.11707
-6.5232 -6.52425
-6.41027 -6.41112
-6.42575 -6.42615
-6.31611 -6.31543
-6.51207 -6.51259
-6.88866 -6.88957
-6.77797 -6.78025
-6.46697 -6.46644
-6.68092 -6.67948
-6.79213 -6.79263
-6.76061 -6.76179
-6.8124 -6.81364
-6.79224 -6.79257
-6.07661 -6.07579
-6.5251 -6.52465
-6.66984 -6.66987
-6.15467 -6.1533
-6.63756 -6.63761
-6.4941 -6.4947
-6.27388 -6.27345
-6.69642 -6.69661
-6.31106 -6.31051
-6.09339 -6.0919
-6.7484 -6.74945
-6.70862 -6.70991
-6.0366 -6.03328
-6.51082 -6.51152
-6.66326 -6.66255
-6.88418 -6.88455
-6.74729 -6.74792
-6.15893 -6.15711
-6.12743 -6.12633
-6.42872 -6.42873
-6.70075 -6.70056
-6.59972 -6.599
-6.26687 -6.26647
-6.61716 -6.61754
-6.84826 -6.84883
-6.40916 -6.40811
-6.5388 -6.53997
-6.73776 -6.73722
-6.45783 -6.45741
-6.73532 -6.73648
-6.83467 -6.83784
-6.66331 -6.6667
-6.91112 -6.91207
-6.54655 -6.54624
-6.1915 -6.18932
-6.67034 -6.67111
-6.83975 -6.8407
-6.38504 -6.38504
-6.58284 -6.58462
-6.27291 -6.27194
-6.30724 -6.30556
-6.34345 -6.34292
-6.67896 -6.68036
-6.72478 -6.72679
-6.94501 -6.94533
-6.71824 -6.71718
-6.69458 -6.69746
-6.98745 -6.98874
-6.44498 -6.44665
-6.79087 -6.79157
-6.75559 -6.75729
-6.65909 -6.66121
-6.67662 -6.67464
-6.66501 -6.66351
-6.2095 -6.20829
-6.15168 -6.15044
-6.39205 -6.39187
-6.33532 -6.33363
-6.68449 -6.68645
-6.78883 -6.78926
-6.24824 -6.24897
-6.26113 -6.26153
-6.10909 -6.10738
-6.70119 -6.70199
-6.76182 -6.76383
-6.65698 -6.65591
-6.64782 -6.64814
-7.01162 -7.01212
-6.17873 -6.17874
-6.69995 -6.7017
-6.40289 -6.40257
-6.66501 -6.66544
-6.35529 -6.35451
-5.98126 -5.97912
-6.47208 -6.47225
-6.33259 -6.333
-6.55974 -6.5601
-6.5827 -6.58284
-6.59983 -6.60012
-6.73672 -6.7368
-6.9109 -6.91145
-6.10941 -6.10892
-6.63365 -6.63431
-6.86161 -6.86214
-6.79046 -6.79164
-6.88888 -6.89032
-6.86624 -6.86902
-6.57102 -6.57264
-6.77883 -6.78031
-6.71123 -6.71257
-6.1451 -6.14345
-6.69437 -6.69383
-6.23614 -6.23488
-6.2899 -6.29022
-6.65752 -6.65694
-6.41426 -6.41356
-6.46152 -6.46282
-6.52795 -6.53048
-6.5589 -6.55724
-6.73086 -6.73108
-6.20317 -6.20299
-6.53941 -6.53876
-6.83938 -6.83965
-6.18294 -6.1814
-6.13729 -6.13587
-6.72432 -6.72509
-6.86795 -6.86959
-6.46099 -6.46015
-6.47125 -6.47019
-6.69379 -6.6944
-6.72508 -6.72746
-6.48861 -6.48814
-6.90008 -6.90151
-6.66976 -6.67112
-6.90031 -6.90155
-6.14712 -6.14359
-6.68186 -6.68538
-6.69103 -6.69034
-6.66989 -6.6704
-6.93554 -6.93732
-6.22273 -6.22305
-6.59508 -6.59497
-6.71574 -6.71656
-6.38341 -6.38416
-6.73523 -6.73685
-6.69042 -6.69204
-6.83913 -6.83724
-6.27323 -6.27147
-6.051 -6.04931
-6.29937 -6.29925
-6.73846 -6.73924
-6.18884 -6.18634
-6.68743 -6.69125
-6.0535 -6.05203
-6.48324 -6.48407
-6.35919 -6.35932
-6.62267 -6.62389
-6.43376 -6.43221
-6.77196 -6.77206
-6.29815 -6.29576
-6.6995 -6.70041
-6.43914 -6.43972
-6.74026 -6.74353
-6.68598 -6.68529
-6.59323 -6.59461
-6.68214 -6.68259
-6.23411 -6.23279
-6.39389 -6.39227
-6.209 -6.20961
-6.28639 -6.28654
-6.7041 -6.70531
-6.33776 -6.3379
-6.14422 -6.1431
-6.54202 -6.5424
-6.73876 -6.73932
-6.2735 -6.27262
-6.7606 -6.76007
-6.76166 -6.76338
-6.69409 -6.69887
-6.72105 -6.72114
-6.26726 -6.26582
-6.01857 -6.01715
-6.67016 -6.67044
-6.76458 -6.76445
-6.46809 -6.46757
-6.8015 -6.80327
-6.09171 -6.09021
-6.17015 -6.16868
-6.66335 -6.66485
-6.55617 -6.55721
-6.54016 -6.53878
-6.65462 -6.65448
-6.83006 -6.83047
-6.71857 -6.72167
-6.40696 -6.40612
-6.73697 -6.73723
-6.25141 -6.25103
-6.87829 -6.88166
-6.86345 -6.8658
-6.70594 -6.70616
-6.61643 -6.61436
-6.4382 -6.43812
-6.22958 -6.22786
-6.30503 -6.3054
-6.61456 -6.61548
-6.73606 -6.73408
-6.33793 -6.33709
-6.07514 -6.07338
-6.17185 -6.16957
-6.52717 -6.52738
-5.98197 -5.98058
-6.09559 -6.09535
-6.63548 -6.63616
-6.39004 -6.38943
-6.72757 -6.73012
-6.59631 -6.59599
-6.69579 -6.69591
-6.69113 -6.69649
-6.67271 -6.67297
-6.33903 -6.33914
-6.55788 -6.55655
-6.90802 -6.90932
-6.84157 -6.84335
-6.94398 -6.94532
-6.94956 -6.95028
-6.99016 -6.99111
-6.96512 -6.96566
-6.52389 -6.52182
-6.4286 -6.42803
-6.36396 -6.36359
-6.38765 -6.38758
-6.00971 -6.0107
-6.6395 -6.63948
-6.14785 -6.14807
-6.77065 -6.7746
-6.17905 -6.17793
-6.24147 -6.2408
-6.75808 -6.75897
-6.73231 -6.73099
-6.72398 -6.72284
-6.70381 -6.70563
-6.83333 -6.83473
-6.62037 -6.62283
-6.2315 -6.23039
-6.53163 -6.53185
-6.87232 -6.87261
-6.75701 -6.75541
-6.8425 -6.84297
-6.80768 -6.809
-6.69504 -6.69534
-6.47215 -6.47148
-6.74517 -6.74532
-6.66504 -6.66695
-6.58058 -6.58095
-6.39858 -6.39794
-6.39795 -6.39661
-6.70861 -6.70943
-6.76248 -6.76677
-6.38197 -6.38181
-6.69589 -6.69649
-6.77841 -6.77885
-6.42582 -6.42641
-6.62698 -6.62473
-6.69515 -6.69574
-6.1255 -6.12609
-6.54705 -6.54675
-6.43154 -6.43213
-6.7682 -6.76971
-6.39193 -6.39041
-6.68706 -6.68781
-6.18009 -6.17824
-6.46808 -6.46804
-6.70085 -6.70121
-6.70339 -6.70123
-6.31843 -6.31843
-6.27007 -6.26959
-6.69387 -6.69572
-6.49352 -6.49303
-6.28235 -6.2823
-6.31736 -6.31678
-6.04555 -6.0445
-6.68873 -6.68899
-6.40962 -6.4113
-6.56547 -6.56581
-6.35359 -6.35285
-6.28822 -6.29003
-6.35699 -6.35657
-6.06027 -6.05813
-6.727 -6.72519
-6.74327 -6.74338
-6.39714 -6.39563
-6.40224 -6.40197
-6.70288 -6.70375
-6.75685 -6.75432
-6.23328 -6.23294
-6.1884 -6.18669
-6.84351 -6.84342
-6.13936 -6.13891
-6.67109 -6.67209
-6.27327 -6.27185
-6.78825 -6.78678
-6.16439 -6.16213
-6.15508 -6.15377
-6.68789 -6.68626
-6.67031 -6.67054
-6.48716 -6.48668
-6.77359 -6.7742
-6.16402 -6.16229
-6.63837 -6.64245
-6.73709 -6.73722
-6.86267 -6.86482
-6.3434 -6.34249
-6.66183 -6.66216
-6.92478 -6.92601
-6.62129 -6.62209
-6.49982 -6.5005
-6.45176 -6.45136
-6.89935 -6.8998
-6.64999 -6.64836
-6.1974 -6.19613
-6.75193 -6.75413
-6.85122 -6.85211
-6.23487 -6.23338
-6.30341 -6.3029
-6.12554 -6.12429
-6.24666 -6.24538
-6.82677 -6.82741
-6.86718 -6.87068
-6.59304 -6.59318
-6.41695 -6.41662
-6.55946 -6.55897
-6.23387 -6.23326
-6.7228 -6.72066
-6.67959 -6.6819
-6.74429 -6.75037
-6.68582 -6.68537
-6.3094 -6.31027
-6.68035 -6.68066
-6.91243 -6.91264
-6.58241 -6.58381
-6.79786 -6.79896
-6.62493 -6.62526
-6.99027 -6.9925
-6.36659 -6.36759
-6.69925 -6.69854
-6.41258 -6.41199
-6.55029 -6.55004
-6.98088 -6.98124
-6.58971 -6.58939
-6.71524 -6.71656
-6.66992 -6.6713
-6.65413 -6.65514
-6.69671 -6.69682
-6.7977 -6.79769
-6.71137 -6.71226
-6.32748 -6.32617
-6.19726 -6.1949
-6.20951 -6.20779
-6.16274 -6.16246
-6.15235 -6.15093
-6.18125 -6.17905
-6.28621 -6.28446
-6.20674 -6.20571
-6.19435 -6.19335
-6.19931 -6.19831
-6.17626 -6.17423
-6.22179 -6.2203
-6.18053 -6.1798
-6.1909 -6.1894
-6.16314 -6.16182
-6.18852 -6.18712
-6.18669 -6.18514
-6.18294 -6.18107
-6.36732 -6.36577
-6.18694 -6.18444
-6.22866 -6.22674
-6.19944 -6.19822
-6.1785 -6.17675
-6.32404 -6.32252
-6.17234 -6.17133
-6.17669 -6.17623
-6.17243 -6.17058
-6.16625 -6.16376
-6.13772 -6.13692
-6.19678 -6.19609
-6.20295 -6.20171
-6.13979 -6.13772
-6.07156 -6.07145
-6.11458 -6.11316
-6.13441 -6.13312
-6.06269 -6.06099
-6.14733 -6.14564
-6.13818 -6.13616
-6.10612 -6.10509
-6.07218 -6.07016
-6.12204 -6.12182
-6.07247 -6.07224
-6.12608 -6.12498
-6.07866 -6.0779
-6.11232 -6.11017
-6.15206 -6.15059
-6.07848 -6.07719
-6.11705 -6.11544
-6.30365 -6.30189
-6.12371 -6.12257
-6.12831 -6.12578
-6.09116 -6.091
-6.0928 -6.0908
-6.19558 -6.19406
-6.11448 -6.11357
-6.12251 -6.12221
-6.07447 -6.07345
-6.09631 -6.0942
-6.08498 -6.08305
-6.10437 -6.10405
-6.04965 -6.04829
-6.26164 -6.25982
-6.24906 -6.24736
-6.26566 -6.2637
-6.25352 -6.25201
-6.26824 -6.26681
-6.29124 -6.28973
-6.24192 -6.24024
-6.23846 -6.23656
-6.25286 -6.25116
-6.25222 -6.25035
-6.26391 -6.2623
-6.2415 -6.23988
-6.2504 -6.24871
-6.24932 -6.24799
-6.26237 -6.26065
-6.23598 -6.23458
-6.25458 -6.25348
-6.36144 -6.35968
-6.24552 -6.24382
-6.24577 -6.24384
-6.25292 -6.25128
-6.2628 -6.26083
-6.34266 -6.34102
-6.26449 -6.26285
-6.24609 -6.24485
-6.24116 -6.23948
-6.2655 -6.26379
-6.2545 -6.25291
-6.26685 -6.26539
-6.25288 -6.25152
-6.72034 -6.72063
-6.70248 -6.70266
-6.72148 -6.72185
-6.68743 -6.68771
-6.73836 -6.73908
-6.74562 -6.74668
-6.74782 -6.74877
-6.73514 -6.7364
-6.70546 -6.70514
-6.7313 -6.73214
-6.74805 -6.74822
-6.71684 -6.71741
-6.69826 -6.69919
-6.72013 -6.72012
-6.72802 -6.72836
-6.70629 -6.70664
-6.72787 -6.72801
-6.87206 -6.87257
-6.73632 -6.73725
-6.71078 -6.71101
-6.73152 -6.7312
-6.72658 -6.72702
-6.81715 -6.81721
-6.69512 -6.69551
-6.71047 -6.71176
-6.70782 -6.70813
-6.73614 -6.73591
-6.74909 -6.74982
-6.76437 -6.76593
-6.71783 -6.71893
-6.60344 -6.60228
-6.63985 -6.63816
-6.67813 -6.67829
-6.65038 -6.64987
-6.62193 -6.62081
-6.72186 -6.72296
-6.6584 -6.65823
-6.61864 -6.61855
-6.66455 -6.66514
-6.63369 -6.63517
-6.64799 -6.64838
-6.62467 -6.62575
-6.631 -6.63133
-6.63309 -6.63291
-6.62643 -6.6265
-6.63137 -6.63199
-6.60262 -6.60109
-6.87659 -6.87681
-6.62566 -6.62771
-6.65192 -6.65143
-6.6662 -6.66637
-6.58165 -6.5811
-6.82268 -6.82252
-6.60864 -6.6068
-6.61395 -6.61687
-6.6404 -6.64157
-6.6091 -6.60861
-6.62375 -6.62561
-6.62925 -6.62858
-6.62169 -6.62138
-6.78722 -6.78758
-6.82062 -6.82101
-6.80662 -6.80674
-6.82311 -6.82335
-6.82036 -6.82128
-6.81519 -6.81577
-6.80445 -6.80454
-6.80422 -6.80499
-6.81945 -6.82017
-6.80784 -6.80809
-6.82126 -6.82201
-6.81355 -6.81446
-6.80467 -6.80525
-6.81231 -6.81284
-6.78924 -6.78959
-6.82822 -6.82897
-6.80424 -6.80444
-6.9213 -6.92156
-6.81337 -6.81393
-6.82695 -6.82703
-6.81447 -6.81521
-6.80646 -6.80648
-6.89127 -6.89155
-6.79537 -6.79621
-6.83024 -6.83076
-6.78365 -6.7845
-6.81242 -6.81318
-6.81401 -6.81486
-6.82882 -6.82958
-6.7973 -6.79749
-6.81697 -6.81717
-6.80696 -6.80608
-6.81574 -6.81673
-6.85064 -6.85133
-6.84238 -6.84181
-6.82306 -6.82282
-6.8349 -6.83533
-6.8049 -6.80555
-6.79959 -6.80002
-6.81884 -6.81968
-6.79331 -6.79183
-6.82796 -6.82819
-6.80891 -6.80842
-6.8673 -6.86811
-6.81158 -6.81245
-6.83964 -6.84003
-6.8008 -6.80032
-6.95118 -6.95179
-6.78795 -6.78783
-6.81131 -6.81076
-6.83712 -6.8381
-6.84143 -6.84227
-6.88236 -6.8834
-6.81228 -6.81284
-6.80993 -6.81143
-6.82094 -6.82096
-6.82109 -6.82137
-6.82141 -6.82259
-6.8029 -6.80259
-6.82289 -6.82254
-6.77047 -6.77112
-6.72456 -6.72588
-6.69417 -6.69404
-6.68867 -6.68888
-6.71422 -6.71674
-6.85578 -6.85627
-6.71259 -6.71379
-6.72178 -6.72304
-6.72414 -6.72441
-6.72563 -6.72596
-6.74079 -6.73838
-6.71276 -6.71223
-6.72737 -6.72663
-6.69803 -6.69722
-6.72383 -6.72402
-6.71849 -6.71944
-6.72448 -6.72349
-7.00142 -7.00252
-6.75018 -6.75053
-6.73919 -6.73979
-6.7267 -6.72619
-6.73897 -6.73854
-6.94185 -6.94299
-6.71965 -6.72043
-6.68909 -6.68676
-6.73548 -6.73606
-6.72951 -6.72966
-6.75233 -6.7516
-6.76194 -6.76261
-6.73461 -6.73415
-6.9102 -6.91023
-6.8924 -6.89357
-6.92597 -6.92636
-6.90225 -6.90276
-6.89708 -6.89799
-6.91694 -6.91854
-6.91814 -6.91904
-6.91089 -6.91181
-6.9123 -6.9129
-6.92571 -6.92693
-6.93259 -6.933
-6.91265 -6.91354
-6.91099 -6.91183
-6.9341 -6.93433
-6.90146 -6.90187
-6.90701 -6.90736
-6.89681 -6.8976
-7.02529 -7.02578
-6.91383 -6.91475
-6.90715 -6.90783
-6.9244 -6.92575
-6.91304 -6.91333
-6.96913 -6.96936
-6.90357 -6.90511
-6.91182 -6.91237
-6.91293 -6.91408
-6.91261 -6.9129
-6.93483 -6.93529
-6.91676 -6.9177
-6.91372 -6.91422
-6.58452 -6.58487
-6.62401 -6.62475
-6.6193 -6.61982
-6.61713 -6.61766
-6.58446 -6.58533
-6.61662 -6.6167
-6.63972 -6.63983
-6.61334 -6.61342
-6.6036 -6.60307
-6.57874 -6.57861
-6.62529 -6.62675
-6.56165 -6.56133
-6.62321 -6.62286
-6.58086 -6.58182
-6.58378 -6.58541
-6.60961 -6.60964
-6.58676 -6.58747
-6.75763 -6.75742
-6.61827 -6.61786
-6.59404 -6.59554
-6.60256 -6.60294
-6.60739 -6.60788
-6.69299 -6.69329
-6.59748 -6.59758
-6.62371 -6.62421
-6.60015 -6.60017
-6.56067 -6.56093
-6.59991 -6.60041
-6.63706 -6.63748
-6.59043 -6.59197
-6.52655 -6.52673
-6.48237 -6.48124
-6.52809 -6.5284
-6.54658 -6.54608
-6.52601 -6.52651
-6.58239 -6.58173
-6.54014 -6.5401
-6.51724 -6.51726
-6.52719 -6.52854
-6.51471 -6.51402
-6.45646 -6.45523
-6.52042 -6.51961
-6.52536 -6.52482
-6.54584 -6.54535
-6.53499 -6.53575
-6.45406 -6.45558
-6.51532 -6.51555
-6.72169 -6.72125
-6.51312 -6.51386
-6.4935 -6.49326
-6.49604 -6.49644
-6.55142 -6.55199
-6.65925 -6.65865
-6.49042 -6.49085
-6.54478 -6.54449
-6.48683 -6.48796
-6.48821 -6.48824
-6.52627 -6.52658
-6.47955 -6.48104
-6.5401 -6.53994
-6.66981 -6.67023
-6.65899 -6.65903
-6.68521 -6.68511
-6.67835 -6.67919
-6.69998 -6.70016
-6.72658 -6.72679
-6.68343 -6.68407
-6.69022 -6.69027
-6.65456 -6.65513
-6.68944 -6.68953
-6.67829 -6.6787
-6.66729 -6.66776
-6.68122 -6.68162
-6.68153 -6.68221
-6.68403 -6.68421
-6.66672 -6.66701
-6.6715 -6.67156
-6.77903 -6.77895
-6.68511 -6.68563
-6.68481 -6.68472
-6.69498 -6.69488
-6.68344 -6.6835
-6.74958 -6.74971
-6.70209 -6.70214
-6.66265 -6.66272
-6.66891 -6.66968
-6.6949 -6.69542
-6.68107 -6.68119
-6.69442 -6.6947
-6.66687 -6.66683
-6.2841 -6.28287
-6.3108 -6.31068
-6.32204 -6.32053
-6.28704 -6.28615
-6.27826 -6.27798
-6.3257 -6.32524
-6.30162 -6.30058
-6.31522 -6.31378
-6.26177 -6.26128
-6.31941 -6.31795
-6.29386 -6.29298
-6.29831 -6.29845
-6.30423 -6.30311
-6.32891 -6.32879
-6.30566 -6.30456
-6.28298 -6.28258
-6.2937 -6.29277
-6.45375 -6.45283
-6.3053 -6.3034
-6.32756 -6.32682
-6.33165 -6.32954
-6.32377 -6.32328
-6.41356 -6.41256
-6.31551 -6.31532
-6.28202 -6.28077
-6.2794 -6.27788
-6.2958 -6.29439
-6.29824 -6.29768
-6.31067 -6.31048
-6.30165 -6.30173
-6.26483 -6.2638
-6.21276 -6.20812
-6.24548 -6.24546
-6.26869 -6.26828
-6.22687 -6.22597
-6.33007 -6.32914
-6.20025 -6.20003
-6.22061 -6.22057
-6.3134 -6.31312
-6.25947 -6.25937
-6.209 -6.20856
-6.19003 -6.18861
-6.2591 -6.25992
-6.27033 -6.27073
-6.21504 -6.21434
-6.23253 -6.2325
-6.23675 -6.23645
-6.45802 -6.45748
-6.27192 -6.26995
-6.30352 -6.30354
-6.25109 -6.25091
-6.21615 -6.21489
-6.41452 -6.41409
-6.26572 -6.26518
-6.23442 -6.23349
-6.23663 -6.23563
-6.17432 -6.17427
-6.21598 -6.21564
-6.28119 -6.28125
-6.21197 -6.21154
-6.38427 -6.38347
-6.39004 -6.3899
-6.39329 -6.3922
-6.3759 -6.37525
-6.35673 -6.35555
-6.41267 -6.41157
-6.38904 -6.38903
-6.39148 -6.39095
-6.36335 -6.36266
-6.37252 -6.372
-6.40599 -6.40487
-6.36426 -6.36403
-6.38318 -6.38282
-6.38558 -6.38467
-6.38506 -6.3841
-6.37704 -6.37563
-6.389 -6.38802
-6.4638 -6.46282
-6.37884 -6.37788
-6.39711 -6.39662
-6.36856 -6.36793
-6.3543 -6.35414
-6.432 -6.43092
-6.36968 -6.36884
-6.40165 -6.40078
-6.38922 -6.38843
-6.39488 -6.39386
-6.39747 -6.39687
-6.38226 -6.38143
-6.39804 -6.3973
-6.44479 -6.44432
-6.44333 -6.44292
-6.47657 -6.47552
-6.47025 -6.47009
-6.42448 -6.4244
-6.47305 -6.47355
-6.44267 -6.44313
-6.46967 -6.47008
-6.46776 -6.46763
-6.46682 -6.46649
-6.46091 -6.46104
-6.45005 -6.44969
-6.46517 -6.46487
-6.46933 -6.46974
-6.44975 -6.44908
-6.46716 -6.46682
-6.45924 -6.45968
-6.62414 -6.62412
-6.45985 -6.45981
-6.47735 -6.47696
-6.45349 -6.45328
-6.46682 -6.46722
-6.58447 -6.58384
-6.48061 -6.48032
-6.47531 -6.47449
-6.44831 -6.44833
-6.52273 -6.52191
-6.47165 -6.47074
-6.44596 -6.44568
-6.42188 -6.42146
-6.35291 -6.35275
-6.31482 -6.31441
-6.38942 -6.3889
-6.391 -6.39019
-6.36218 -6.36216
-6.4698 -6.47027
-6.37516 -6.37442
-6.35974 -6.35992
-6.36041 -6.3602
-6.38983 -6.38965
-6.3584 -6.35979
-6.32813 -6.32802
-6.39488 -6.39374
-6.34785 -6.34738
-6.42185 -6.42211
-6.38949 -6.38982
-6.38495 -6.38616
-6.63135 -6.63119
-6.38635 -6.38593
-6.41069 -6.41137
-6.37051 -6.36988
-6.38211 -6.38269
-6.59288 -6.59275
-6.35664 -6.35698
-6.33856 -6.33744
-6.37061 -6.37017
-6.41674 -6.41871
-6.34893 -6.348
-6.40378 -6.40417
-6.34712 -6.34871
-6.54537 -6.54538
-6.53945 -6.54001
-6.53069 -6.53071
-6.5319 -6.53199
-6.53003 -6.52992
-6.59055 -6.59006
-6.51971 -6.51929
-6.54126 -6.54062
-6.5384 -6.53848
-6.55153 -6.55099
-6.52053 -6.52047
-6.53116 -6.53174
-6.52412 -6.52399
-6.5167 -6.51678
-6.53022 -6.52964
-6.54499 -6.54525
-6.56023 -6.56008
-6.63695 -6.6369
-6.55216 -6.55226
-6.54892 -6.54856
-6.51585 -6.51575
-6.53354 -6.5329
-6.61347 -6.61318
-6.53402 -6.53297
-6.54563 -6.54604
-6.5265 -6.52587
-6.54522 -6.54482
-6.55957 -6.55902
-6.54028 -6.54077
-6.52383 -6.52438
-6.85331 -6.85365
-6.84285 -6.84237
-6.88065 -6.88026
-6.8382 -6.83862
-6.85788 -6.85905
-6.88164 -6.88323
-6.88209 -6.88233
-6.85505 -6.85627
-6.89336 -6.89317
-6.90555 -6.90828
-6.90541 -6.90797
-6.84998 -6.85237
-6.84139 -6.84181
-6.86405 -6.8651
-6.87702 -6.87711
-6.84293 -6.84607
-6.83496 -6.83545
-7.03486 -7.03653
-6.85769 -6.85868
-6.89138 -6.89282
-6.87091 -6.87338
-6.81056 -6.81186
-6.9283 -6.92886
-6.85002 -6.85016
-6.85175 -6.85227
-6.87295 -6.87294
-6.88045 -6.881
-6.85733 -6.85976
-6.83931 -6.84065
-6.87642 -6.8765
-6.74321 -6.74401
-6.71566 -6.71854
-6.75597 -6.75094
-6.73368 -6.73306
-6.70979 -6.71277
-6.87681 -6.87776
-6.72323 -6.72661
-6.76285 -6.76084
-6.73685 -6.73702
-6.73061 -6.73169
-6.77514 -6.77428
-6.71762 -6.71495
-6.7505 -6.75363
-6.79782 -6.79594
-6.73895 -6.73929
-6.71215 -6.70837
-6.7545 -6.75364
-7.04038 -7.04173
-6.71965 -6.71691
-6.7683 -6.77138
-6.75184 -6.75093
-6.66955 -6.67037
-6.96405 -6.966
-6.75704 -6.75704
-6.696 -6.69599
-6.70308 -6.70013
-6.71589 -6.71992
-6.73294 -6.73167
-6.75127 -6.75304
-6.73051 -6.73022
-6.95328 -6.95331
-6.96547 -6.96594
-6.98631 -6.98752
-6.96168 -6.96219
-6.97214 -6.97293
-6.98311 -6.98359
-6.97933 -6.97995
-6.97047 -6.97211
-6.98177 -6.9825
-6.97865 -6.97976
-6.98087 -6.9824
-6.96103 -6.96246
-6.95027 -6.95143
-6.98124 -6.98323
-6.97348 -6.9749
-6.98636 -6.98823
-6.97041 -6.97086
-7.07114 -7.07312
-6.96854 -6.96957
-6.97968 -6.98035
-6.97276 -6.97391
-6.97209 -6.97419
-7.01982 -7.02166
-6.98834 -6.98931
-6.98273 -6.98403
-6.97213 -6.97295
-6.94307 -6.94512
-6.97668 -6.97703
-6.98047 -6.98217
-6.97701 -6.9787
-6.25294 -6.25135
-6.26699 -6.2655
-6.26003 -6.25834
-6.31474 -6.31382
-6.21858 -6.21834
-6.26044 -6.25894
-6.27093 -6.26982
-6.25562 -6.25462
-6.16173 -6.16083
-6.25437 -6.25339
-6.78732 -6.78727
-6.77362 -6.77365
-6.81702 -6.81732
-6.80856 -6.80883
-6.8466 -6.84726
-6.79553 -6.79664
-6.80296 -6.80343
-6.85782 -6.8586
-6.78801 -6.78857
-6.80447 -6.80485
-6.64976 -6.65062
-6.6795 -6.67982
-6.58714 -6.58714
-6.69278 -6.69308
-6.65543 -6.6561
-6.69751 -6.69782
-6.68394 -6.68435
-6.65664 -6.65654
-6.70655 -6.70728
-6.62397 -6.62493
-6.54038 -6.54061
-6.54937 -6.5487
-6.59741 -6.59786
-6.50629 -6.50623
-6.58153 -6.58137
-6.52858 -6.52822
-6.58178 -6.58205
-6.52216 -6.52193
-6.59869 -6.59906
-6.51778 -6.5176
-6.91332 -6.91386
-6.91337 -6.9133
-6.92974 -6.93042
-6.90132 -6.90181
-6.92552 -6.92636
-6.9077 -6.90856
-6.85171 -6.85268
-6.95147 -6.9516
-6.96112 -6.96216
-6.87095 -6.87145
-6.3461 -6.34463
-6.33573 -6.33476
-6.40302 -6.40229
-6.36926 -6.36807
-6.31568 -6.31498
-6.43072 -6.43016
-6.41776 -6.41776
-6.41439 -6.4138
-6.4008 -6.4003
-6.33476 -6.33368
-6.96184 -6.96301
-6.9795 -6.98115
-6.9844 -6.98633
-6.94923 -6.95064
-6.97498 -6.97609
-6.99261 -6.9943
-6.99131 -6.99165
-6.95461 -6.95576
-6.9496 -6.95116
-6.95574 -6.95653
-6.29349 -6.29227
-6.2951 -6.29344
-6.28358 -6.28396
-6.4023 -6.40172
-6.33679 -6.33631
-6.26336 -6.26299
-6.33076 -6.32993
-6.26279 -6.26205
-6.29997 -6.29894
-6.36423 -6.36314
-6.1753 -6.1734
-6.24182 -6.24053
-6.19063 -6.18829
-6.19472 -6.19327
-6.24881 -6.24818
-6.28221 -6.28107
-6.19685 -6.19454
-6.16401 -6.16316
-6.19783 -6.19668
-6.254 -6.25355
-6.50943 -6.5094
-6.47608 -6.47562
-6.48369 -6.48377
-6.53461 -6.53466
-6.38376 -6.38406
-6.41777 -6.41722
-6.38916 -6.38928
-6.54481 -6.5454
-6.44563 -6.44582
-6.43028 -6.43022
-6.88084 -6.88275
-6.84628 -6.84705
-6.87344 -6.87465
-6.85728 -6.85774
-6.89155 -6.8932
-6.88503 -6.88547
-6.88678 -6.88818
-6.90239 -6.90441
-6.87592 -6.87699
-6.86209 -6.86334
-6.79741 -6.79807
-6.86236 -6.86279
-6.82447 -6.82407
-6.81591 -6.81754
-6.78133 -6.78117
-6.80149 -6.80155
-6.83164 -6.83287
-6.83553 -6.8362
-6.819 -6.81881
-6.84876 -6.84968
-6.77623 -6.77724
-6.72332 -6.72364
-6.77968 -6.78016
-6.74223 -6.7421
-6.73297 -6.73287
-6.73064 -6.73098
-6.6933 -6.69431
-6.68437 -6.68473
-6.72151 -6.72167
-6.66122 -6.6612
-6.57536 -6.57588
-6.52577 -6.52526
-6.61084 -6.61031
-6.59838 -6.59929
-6.63747 -6.63866
-6.60941 -6.6095
-6.55086 -6.5515
-6.61057 -6.61168
-6.5496 -6.55067
-6.56846 -6.56852
-6.74059 -6.73957
-6.71523 -6.71223
-6.69094 -6.69206
-6.71031 -6.71056
-6.77315 -6.77378
-6.68165 -6.68179
-6.62599 -6.62443
-6.73635 -6.73743
-6.74068 -6.74164
-6.75189 -6.75045
-6.0629 -6.06186
-6.19204 -6.1925
-6.18686 -6.18515
-6.17101 -6.16932
-6.07678 -6.07403
-6.07359 -6.07344
-6.08218 -6.08103
-6.1427 -6.14081
-6.11011 -6.10771
-6.07662 -6.07453
-6.62502 -6.62517
-6.6694 -6.66946
-6.55917 -6.55945
-6.63963 -6.63894
-6.61041 -6.61215
-6.6552 -6.6557
-6.55004 -6.55112
-6.69855 -6.69867
-6.62213 -6.6227
-6.65192 -6.65205
-6.69657 -6.69789
-6.73614 -6.73702
-6.78198 -6.78033
-6.68388 -6.68544
-6.72989 -6.72996
-6.66055 -6.65772
-6.71762 -6.7177
-6.6369 -6.64005
-6.56956 -6.57071
-6.49616 -6.49483
-6.54803 -6.54845
-6.56237 -6.56135
-6.49751 -6.49789
-6.54296 -6.54292
-6.51132 -6.51118
-6.49075 -6.49137
-6.45048 -6.45093
-6.54686 -6.54737
-6.27588 -6.27454
-6.22461 -6.22378
-6.24388 -6.24286
-6.27612 -6.27502
-6.20062 -6.20043
-6.21665 -6.21817
-6.22588 -6.22602
-6.24675 -6.2459
-6.28499 -6.28581
-6.20707 -6.2068
-6.32723 -6.3264
-6.35385 -6.35399
-6.36557 -6.36535
-6.34183 -6.3429
-6.33712 -6.33587
-6.42781 -6.4273
-6.3786 -6.37852
-6.32293 -6.32234
-6.24751 -6.24804
-6.37126 -6.37138
