    1.9920192153e+03    1.6685267281e+03   -4.5929102358e+04    1.3326030243e+02    1.3321546487e+02    1.3359679242e+02    1.1930094486e-01    6.0061247834e-02    1.6570465220e-01    5.8822935548e+01    2.9411467774e+01    2.9411467774e+01
    2.0264762008e+03    1.6973880970e+03   -4.5947387558e+04    1.3335517430e+02    1.3357481937e+02    1.3324117715e+02   -1.0926759624e-01    1.2156608426e-03   -9.1176010836e-02    5.8822935548e+01    2.9411467774e+01    2.9411467774e+01
    1.9905941991e+03    1.6673331264e+03   -4.5918526841e+04    1.3380214470e+02    1.3342225636e+02    1.3320816883e+02    2.9763724607e-02    6.4421167625e-02   -2.6137333052e-02    5.8822935548e+01    2.9411467774e+01    2.9411467774e+01
    1.9903551490e+03    1.6671328966e+03   -4.5916470010e+04    1.3352399352e+02    1.3340453061e+02    1.3337542136e+02    1.0950605544e-01    2.8495836163e-01    1.7781315531e-01    5.8822935548e+01    2.9411467774e+01    2.9411467774e+01
    1.9970602300e+03    1.6727491110e+03   -4.5923837177e+04    1.3352626130e+02    1.3360612044e+02    1.3316389955e+02   -2.5858260270e-03    5.9212807611e-02    1.1235940165e-02    5.8822935548e+01    2.9411467774e+01    2.9411467774e+01
    1.9872982606e+03    1.6645724294e+03   -4.5915103564e+04    1.3391858944e+02    1.3330832725e+02    1.3334019349e+02   -3.1196968095e-02   -1.0924983726e-01    8.7091912885e-02    5.8822935548e+01    2.9411467774e+01    2.9411467774e+01
    2.0021425096e+03    1.6770060576e+03   -4.5927857965e+04    1.3352070454e+02    1.3345372471e+02    1.3324413083e+02   -7.1789028003e-02    1.3897784525e-01   -1.2727482116e-01    5.8822935548e+01    2.9411467774e+01    2.9411467774e+01
    1.9955652371e+03    1.6714968964e+03   -4.5921471062e+04    1.3376209515e+02    1.3350961864e+02    1.3333663372e+02   -7.9706766247e-02    9.2344808147e-02   -1.7162722079e-02    5.8822935548e+01    2.9411467774e+01    2.9411467774e+01
    2.0090637694e+03    1.6828033445e+03   -4.5932656925e+04    1.3355603481e+02    1.3311560526e+02    1.3348596995e+02   -1.5945281205e-02    3.6662914617e-02   -5.8426278545e-02    5.8822935548e+01    2.9411467774e+01    2.9411467774e+01
    1.9911271917e+03    1.6677795641e+03   -4.5918370471e+04    1.3383910696e+02    1.3337622502e+02    1.3326165880e+02    2.3308507072e-02    1.8641351900e-01   -2.8922830923e-02    5.8822935548e+01    2.9411467774e+01    2.9411467774e+01
    1.9812406455e+03    1.6594985362e+03   -4.5908246729e+04    1.3356308952e+02    1.3342497146e+02    1.3350710171e+02    2.0317318151e-01   -1.9557499421e-02    4.9156440694e-02    5.8822935548e+01    2.9411467774e+01    2.9411467774e+01
    1.9976181147e+03    1.6732163984e+03   -4.5922812728e+04    1.3362562084e+02    1.3325799861e+02    1.3345635826e+02    1.1083498842e-01   -1.9753519976e-01   -1.7378633057e-02    5.8822935548e+01    2.9411467774e+01    2.9411467774e+01
    2.0132038831e+03    1.6862711275e+03   -4.5937032686e+04    1.3309932715e+02    1.3342358220e+02    1.3356794598e+02   -2.8244933071e-01   -9.7661298328e-03    4.0179166846e-02    5.8822935548e+01    2.9411467774e+01    2.9411467774e+01
    1.9886902382e+03    1.6657383578e+03   -4.5914961729e+04    1.3350561969e+02    1.3353203467e+02    1.3323376284e+02   -1.8849404545e-01    3.6506193657e-02    9.3803046576e-02    5.8822935548e+01    2.9411467774e+01    2.9411467774e+01
    1.9641233101e+03    1.6451609578e+03   -4.5894946184e+04    1.3415048216e+02    1.3369752400e+02    1.3302688259e+02   -6.0006697477e-02   -5.0976414676e-02   -3.3078001180e-02    5.8822935548e+01    2.9411467774e+01    2.9411467774e+01
    1.9942229666e+03    1.6703726028e+03   -4.5921555881e+04    1.3379492335e+02    1.3352329166e+02    1.3338620213e+02   -4.1677430518e-02    2.8947869524e-02    1.8565155253e-01    5.8822935548e+01    2.9411467774e+01    2.9411467774e+01
    1.9965689646e+03    1.6723376242e+03   -4.5923284708e+04    1.3347006377e+02    1.3327538271e+02    1.3353465631e+02    2.0356521190e-01   -1.3770544008e-01    3.5608619359e-03    5.8822935548e+01    2.9411467774e+01    2.9411467774e+01
    1.9949584964e+03    1.6709886869e+03   -4.5922648235e+04    1.3359033238e+02    1.3369325472e+02    1.3329452781e+02    1.7485597059e-01   -3.9160118289e-03   -3.4094138398e-03    5.8822935548e+01    2.9411467774e+01    2.9411467774e+01
    2.0023620977e+03    1.6771899858e+03   -4.5926616840e+04    1.3362945649e+02    1.3311273840e+02    1.3365550471e+02   -6.5898138437e-02   -5.8036322396e-02    1.8912812264e-01    5.8822935548e+01    2.9411467774e+01    2.9411467774e+01
    2.0259044068e+03    1.6969091590e+03   -4.5946533525e+04    1.3360591491e+02    1.3326878278e+02    1.3304758335e+02   -2.5660895864e-01   -9.5290493463e-02   -8.1750804499e-03    5.8822935548e+01    2.9411467774e+01    2.9411467774e+01
    2.0017989388e+03    1.6767182807e+03   -4.5928431330e+04    1.3374673154e+02    1.3328753267e+02    1.3323563958e+02    3.9138553423e-03    6.0829619167e-02   -3.5365870806e-01    5.8822935548e+01    2.9411467774e+01    2.9411467774e+01
    1.9897129306e+03    1.6665949709e+03   -4.5916635719e+04    1.3374460606e+02    1.3321447643e+02    1.3341959896e+02    9.9353214988e-02   -2.0346779448e-02   -1.5467211866e-02    5.8822935548e+01    2.9411467774e+01    2.9411467774e+01
    1.9972379400e+03    1.6728979619e+03   -4.5924310252e+04    1.3354941159e+02    1.3352588272e+02    1.3320632649e+02   -1.2691044479e-01    1.6662115104e-01    1.6628582373e-02    5.8822935548e+01    2.9411467774e+01    2.9411467774e+01
    1.9810398057e+03    1.6593303116e+03   -4.5909177637e+04    1.3351459902e+02    1.3399696192e+02    1.3303017281e+02    5.3769500090e-03    1.3910173749e-02   -6.0891389438e-03    5.8822935548e+01    2.9411467774e+01    2.9411467774e+01
    2.0057274343e+03    1.6800088110e+03   -4.5931266625e+04    1.3321952682e+02    1.3328853329e+02    1.3384437370e+02    1.0484186327e-02   -6.2071780501e-03   -1.0922566752e-01    5.8822935548e+01    2.9411467774e+01    2.9411467774e+01
    2.0037739418e+03    1.6783725546e+03   -4.5928713539e+04    1.3345083473e+02    1.3360680045e+02    1.3319056321e+02    7.4235433686e-03    9.8324505642e-02    1.1284126291e-02    5.8822935548e+01    2.9411467774e+01    2.9411467774e+01
    2.0107380349e+03    1.6842057188e+03   -4.5933444734e+04    1.3363830391e+02    1.3343421378e+02    1.3307438754e+02    9.3069447322e-02   -7.5714623193e-02   -1.2707992320e-02    5.8822935548e+01    2.9411467774e+01    2.9411467774e+01
    1.9811440931e+03    1.6594176634e+03   -4.5909105387e+04    1.3346400508e+02    1.3346994857e+02    1.3365540053e+02    1.3970470666e-01   -1.7743242661e-02   -2.8249773924e-02    5.8822935548e+01    2.9411467774e+01    2.9411467774e+01
    1.9689205771e+03    1.6491791762e+03   -4.5899288916e+04    1.3391905091e+02    1.3326246172e+02    1.3354138199e+02    1.3258563940e-01    3.6606476592e-02   -2.9111515383e-01    5.8822935548e+01    2.9411467774e+01    2.9411467774e+01
    2.0165291903e+03    1.6890564239e+03   -4.5938756707e+04    1.3393532957e+02    1.3314024124e+02    1.3310957735e+02   -9.0336108081e-02    1.0180722088e-01   -1.3866080780e-01    5.8822935548e+01    2.9411467774e+01    2.9411467774e+01
    1.9998982429e+03    1.6751262469e+03   -4.5923333372e+04    1.3336817936e+02    1.3343263136e+02    1.3352073595e+02    9.3496810553e-02    4.3912002935e-02   -8.4711955758e-02    5.8822935548e+01    2.9411467774e+01    2.9411467774e+01
    1.9824621969e+03    1.6605217146e+03   -4.5907901076e+04    1.3367116476e+02    1.3307983265e+02    1.3363216972e+02    3.7416936636e-01   -1.7908369260e-02    3.0653436502e-02    5.8822935548e+01    2.9411467774e+01    2.9411467774e+01
    1.9996775584e+03    1.6749414002e+03   -4.5924098823e+04    1.3336612993e+02    1.3339498353e+02    1.3328166014e+02    1.3801398833e-01   -6.9251244847e-02   -8.4166791475e-02    5.8822935548e+01    2.9411467774e+01    2.9411467774e+01
    1.9823529372e+03    1.6604301981e+03   -4.5911856636e+04    1.3365395934e+02    1.3361065509e+02    1.3337657272e+02   -4.8470805704e-02   -2.1911444262e-02    2.4418835699e-01    5.8822935548e+01    2.9411467774e+01    2.9411467774e+01
    2.0065584536e+03    1.6807048776e+03   -4.5931426661e+04    1.3345834646e+02    1.3317561750e+02    1.3342805915e+02    1.1316297425e-02    6.7924243061e-02   -1.0891292768e-02    5.8822935548e+01    2.9411467774e+01    2.9411467774e+01
    2.0327320264e+03    1.7026280124e+03   -4.5952910537e+04    1.3337819587e+02    1.3313635376e+02    1.3323596671e+02    2.2982776676e-01    1.0796335319e-01   -4.4212173784e-02    5.8822935548e+01    2.9411467774e+01    2.9411467774e+01
    1.9949979170e+03    1.6710217058e+03   -4.5919164427e+04    1.3356701787e+02    1.3340898214e+02    1.3330038661e+02    1.4565630308e-01   -7.2815255414e-03    3.6008676305e-02    5.8822935548e+01    2.9411467774e+01    2.9411467774e+01
    2.0041925023e+03    1.6787231432e+03   -4.5928075507e+04    1.3360691237e+02    1.3317394649e+02    1.3340229344e+02    5.3673693069e-02   -1.7996980133e-01   -8.6943952378e-02    5.8822935548e+01    2.9411467774e+01    2.9411467774e+01
    2.0230431611e+03    1.6945125632e+03   -4.5944479470e+04    1.3338281297e+02    1.3325661731e+02    1.3326283569e+02    3.5159796324e-03   -3.4571811775e-02   -2.2253592212e-01    5.8822935548e+01    2.9411467774e+01    2.9411467774e+01
    2.0180496199e+03    1.6903299444e+03   -4.5941229730e+04    1.3357968138e+02    1.3317435515e+02    1.3331037738e+02   -2.4436898556e-01    7.8300578087e-02    2.1172491809e-02    5.8822935548e+01    2.9411467774e+01    2.9411467774e+01
    1.9858757303e+03    1.6633809099e+03   -4.5912738964e+04    1.3351703061e+02    1.3357757158e+02    1.3360993527e+02    1.1641322923e-01    5.5202111449e-03   -1.4221830264e-01    5.8822935548e+01    2.9411467774e+01    2.9411467774e+01
    2.0304294022e+03    1.7006993211e+03   -4.5950387582e+04    1.3358478495e+02    1.3330943834e+02    1.3300871615e+02    9.7850881293e-02    1.6553968855e-01   -7.9463775309e-02    5.8822935548e+01    2.9411467774e+01    2.9411467774e+01
    1.9991899548e+03    1.6745329807e+03   -4.5924782175e+04    1.3381982057e+02    1.3334773919e+02    1.3338781170e+02   -1.5193504775e-01    6.0603013402e-02    1.4464506892e-01    5.8822935548e+01    2.9411467774e+01    2.9411467774e+01
    1.9936689334e+03    1.6699085415e+03   -4.5921009868e+04    1.3341772826e+02    1.3300300931e+02    1.3362653352e+02   -7.1574989131e-02   -1.4085876875e-03   -6.0850806046e-02    5.8822935548e+01    2.9411467774e+01    2.9411467774e+01
    2.0099655511e+03    1.6835586820e+03   -4.5934132529e+04    1.3387515089e+02    1.3281763970e+02    1.3354369626e+02   -6.7211137348e-02    9.4603013550e-02   -1.0714614753e-01    5.8822935548e+01    2.9411467774e+01    2.9411467774e+01
    1.9803960256e+03    1.6587910778e+03   -4.5908922988e+04    1.3373703460e+02    1.3337259158e+02    1.3340527998e+02   -1.2627305423e-01    3.6264134661e-03    4.3137947361e-02    5.8822935548e+01    2.9411467774e+01    2.9411467774e+01
    1.9810360571e+03    1.6593271718e+03   -4.5908543819e+04    1.3377298887e+02    1.3355603515e+02    1.3342491108e+02    1.6942573434e-01   -1.7018902638e-01    2.7182785255e-01    5.8822935548e+01    2.9411467774e+01    2.9411467774e+01
    1.9806406765e+03    1.6589959987e+03   -4.5906722832e+04    1.3363269220e+02    1.3357221437e+02    1.3336011625e+02   -2.0744729667e-01   -5.2827832340e-02   -1.2334525226e-02    5.8822935548e+01    2.9411467774e+01    2.9411467774e+01
    1.9946333234e+03    1.6707163201e+03   -4.5919818575e+04    1.3344798458e+02    1.3337027418e+02    1.3373158722e+02    1.0933898200e-01    8.2281345946e-02   -1.1134918890e-01    5.8822935548e+01    2.9411467774e+01    2.9411467774e+01
    2.0116835943e+03    1.6849977248e+03   -4.5935462689e+04    1.3363965923e+02    1.3343000290e+02    1.3304095044e+02    1.3961489852e-01    2.1479607117e-04   -4.6073577188e-03    5.8822935548e+01    2.9411467774e+01    2.9411467774e+01
    2.0143803026e+03    1.6872565032e+03   -4.5938314346e+04    1.3382290557e+02    1.3329392971e+02    1.3296643822e+02    1.3548465978e-01   -2.9029052992e-02    2.2715456918e-01    5.8822935548e+01    2.9411467774e+01    2.9411467774e+01
    2.0041121397e+03    1.6786558311e+03   -4.5928969775e+04    1.3350010142e+02    1.3374679320e+02    1.3293461736e+02   -7.4835001092e-02    8.7145915869e-03    1.5419668387e-02    5.8822935548e+01    2.9411467774e+01    2.9411467774e+01
    2.0091273436e+03    1.6828565946e+03   -4.5931136104e+04    1.3364189559e+02    1.3300675162e+02    1.3335831728e+02    4.0733186904e-02    1.5271961611e-01   -2.8793647443e-02    5.8822935548e+01    2.9411467774e+01    2.9411467774e+01
    1.9879740150e+03    1.6651384452e+03   -4.5913973732e+04    1.3366381028e+02    1.3312247923e+02    1.3373629223e+02   -8.3568515391e-02    1.9786963774e-02   -1.3759088795e-01    5.8822935548e+01    2.9411467774e+01    2.9411467774e+01
    1.9918377404e+03    1.6683747237e+03   -4.5917998813e+04    1.3314673963e+02    1.3326188628e+02    1.3390772824e+02    5.5301537302e-02    3.8155720179e-02   -2.1977802270e-01    5.8822935548e+01    2.9411467774e+01    2.9411467774e+01
    1.9835914266e+03    1.6614675639e+03   -4.5907155334e+04    1.3402916652e+02    1.3339055217e+02    1.3307888821e+02   -8.9599286896e-02    4.1289972581e-02    2.1031860172e-02    5.8822935548e+01    2.9411467774e+01    2.9411467774e+01
    1.9958685213e+03    1.6717509290e+03   -4.5924407341e+04    1.3347125053e+02    1.3334777810e+02    1.3332600178e+02    9.7014810798e-04    1.1237111754e-01    9.9972228327e-02    5.8822935548e+01    2.9411467774e+01    2.9411467774e+01
    2.0000318090e+03    1.6752381226e+03   -4.5924620614e+04    1.3380433252e+02    1.3356893489e+02    1.3315597000e+02    2.3089806225e-01   -6.4404427801e-02   -1.9813334136e-02    5.8822935548e+01    2.9411467774e+01    2.9411467774e+01
    1.9897817889e+03    1.6666526469e+03   -4.5917027181e+04    1.3395504156e+02    1.3351033833e+02    1.3301544607e+02   -2.5732460199e-01    8.4736491797e-02    9.9938591281e-02    5.8822935548e+01    2.9411467774e+01    2.9411467774e+01
    1.9922578187e+03    1.6687265837e+03   -4.5917784770e+04    1.3386419511e+02    1.3309877541e+02    1.3332036729e+02    1.0230757390e-01    1.0635302348e-01    5.6697987127e-02    5.8822935548e+01    2.9411467774e+01    2.9411467774e+01
    2.0186244639e+03    1.6908114371e+03   -4.5940987564e+04    1.3353338041e+02    1.3325654171e+02    1.3327839414e+02    1.9666662236e-01   -2.3922217631e-01    1.2446617709e-01    5.8822935548e+01    2.9411467774e+01    2.9411467774e+01
    2.0120799915e+03    1.6853297494e+03   -4.5936231128e+04    1.3351486367e+02    1.3324868072e+02    1.3340816550e+02    1.5220579386e-01    1.9165628860e-01   -9.0812014842e-02    5.8822935548e+01    2.9411467774e+01    2.9411467774e+01
    1.9760396587e+03    1.6551421598e+03   -4.5904377846e+04    1.3348771136e+02    1.3355424132e+02    1.3362946557e+02    1.4386967227e-01    6.7391472667e-02    3.3860390053e-02    5.8822935548e+01    2.9411467774e+01    2.9411467774e+01
    1.9953804436e+03    1.6713421122e+03   -4.5922753088e+04    1.3367261186e+02    1.3313573250e+02    1.3343354577e+02    2.4495767891e-01    2.2211339753e-01   -1.3400596924e-01    5.8822935548e+01    2.9411467774e+01    2.9411467774e+01
    2.0000806669e+03    1.6752790463e+03   -4.5925780998e+04    1.3366205769e+02    1.3353943957e+02    1.3338086016e+02    2.6210596417e-02   -1.6756858613e-01   -1.3800951941e-01    5.8822935548e+01    2.9411467774e+01    2.9411467774e+01
    1.9966865004e+03    1.6724360729e+03   -4.5923279854e+04    1.3391882919e+02    1.3315652615e+02    1.3308743778e+02   -7.3038450807e-03   -5.8783764543e-02    2.4301980280e-02    5.8822935548e+01    2.9411467774e+01    2.9411467774e+01
    1.9877741291e+03    1.6649710195e+03   -4.5917367485e+04    1.3365056305e+02    1.3298768645e+02    1.3358447548e+02   -2.8768570802e-01   -2.4737224815e-02    6.7832202094e-03    5.8822935548e+01    2.9411467774e+01    2.9411467774e+01
    1.9980599578e+03    1.6735864887e+03   -4.5924239921e+04    1.3348946817e+02    1.3342598285e+02    1.3354518020e+02    2.1996211362e-02   -1.7960536553e-01   -1.3558786123e-01    5.8822935548e+01    2.9411467774e+01    2.9411467774e+01
    1.9941273356e+03    1.6702925018e+03   -4.5920469751e+04    1.3334626814e+02    1.3327152534e+02    1.3362588702e+02    5.5685205217e-02   -5.9541882737e-02    3.1742195807e-02    5.8822935548e+01    2.9411467774e+01    2.9411467774e+01
    1.9959893067e+03    1.6718520995e+03   -4.5922396938e+04    1.3380699007e+02    1.3310026446e+02    1.3366514488e+02    1.0712588546e-01    2.5817918118e-01   -1.0775267579e-02    5.8822935548e+01    2.9411467774e+01    2.9411467774e+01
    1.9995832535e+03    1.6748624100e+03   -4.5924331266e+04    1.3340518803e+02    1.3347166160e+02    1.3338497135e+02    1.9280739864e-01    1.8885439679e-01    2.0423172048e-01    5.8822935548e+01    2.9411467774e+01    2.9411467774e+01
    2.0113258308e+03    1.6846980601e+03   -4.5936539158e+04    1.3369652996e+02    1.3319006294e+02    1.3320174844e+02    5.6999248625e-02   -2.7379664356e-01   -2.3257969532e-01    5.8822935548e+01    2.9411467774e+01    2.9411467774e+01
    2.0010875426e+03    1.6761224111e+03   -4.5925521975e+04    1.3394548629e+02    1.3340816129e+02    1.3309719902e+02    9.3973461469e-02   -4.7567326825e-02   -2.3814071323e-01    5.8822935548e+01    2.9411467774e+01    2.9411467774e+01
    2.0040668288e+03    1.6786178784e+03   -4.5928163702e+04    1.3359367737e+02    1.3342678696e+02    1.3333389392e+02   -1.2225247529e-02   -2.6971037214e-02    3.0663992405e-02    5.8822935548e+01    2.9411467774e+01    2.9411467774e+01
    2.0176719375e+03    1.6900135955e+03   -4.5940344671e+04    1.3353975653e+02    1.3321986408e+02    1.3318527082e+02   -3.0282675682e-02    8.0960216783e-02    2.7455709414e-02    5.8822935548e+01    2.9411467774e+01    2.9411467774e+01
    2.0024576399e+03    1.6772700125e+03   -4.5928501167e+04    1.3339375539e+02    1.3335461176e+02    1.3325894891e+02   -7.1197735640e-02   -1.9727759614e-01    1.6602877036e-01    5.8822935548e+01    2.9411467774e+01    2.9411467774e+01
    1.9959434612e+03    1.6718136990e+03   -4.5922476068e+04    1.3332585100e+02    1.3356840989e+02    1.3326947886e+02   -9.8128251601e-02   -3.4694277667e-02   -8.2972158959e-02    5.8822935548e+01    2.9411467774e+01    2.9411467774e+01
    1.9892063914e+03    1.6661706907e+03   -4.5915208259e+04    1.3356920542e+02    1.3326970322e+02    1.3334468956e+02    1.5646628204e-01   -2.0599252024e-02   -5.3976545445e-02    5.8822935548e+01    2.9411467774e+01    2.9411467774e+01
    2.0073104348e+03    1.6813347413e+03   -4.5931367914e+04    1.3347848541e+02    1.3345179608e+02    1.3343294762e+02    1.5402533552e-03   -1.7223464003e-01    2.4568469494e-02    5.8822935548e+01    2.9411467774e+01    2.9411467774e+01
    1.9813611778e+03    1.6595994947e+03   -4.5909068366e+04    1.3362097264e+02    1.3354987257e+02    1.3322629049e+02   -3.6251549057e-02    2.2561906854e-01   -9.7757112760e-02    5.8822935548e+01    2.9411467774e+01    2.9411467774e+01
    1.9864094430e+03    1.6638279506e+03   -4.5914539281e+04    1.3373686080e+02    1.3316145647e+02    1.3347410605e+02   -5.7963721814e-02   -4.3483592544e-03   -3.7360532154e-02    5.8822935548e+01    2.9411467774e+01    2.9411467774e+01
    1.9749531162e+03    1.6542320656e+03   -4.5904995757e+04    1.3354456408e+02    1.3338585279e+02    1.3381603566e+02   -5.1167623503e-02    5.4444256706e-02    1.2587406530e-01    5.8822935548e+01    2.9411467774e+01    2.9411467774e+01
    2.0119680840e+03    1.6852360150e+03   -4.5935415306e+04    1.3355373175e+02    1.3324109772e+02    1.3326221964e+02   -6.7995327072e-02    1.0013244644e-01   -1.9450084359e-02    5.8822935548e+01    2.9411467774e+01    2.9411467774e+01
    1.9822394548e+03    1.6603351446e+03   -4.5911511787e+04    1.3374089062e+02    1.3292295303e+02    1.3355745457e+02    6.6200426785e-03    2.4295484274e-01    1.7521130181e-01    5.8822935548e+01    2.9411467774e+01    2.9411467774e+01
    2.0075843429e+03    1.6815641683e+03   -4.5931398550e+04    1.3342488849e+02    1.3344115631e+02    1.3337418228e+02   -1.4226937553e-01    2.2030088748e-01   -1.9195792082e-02    5.8822935548e+01    2.9411467774e+01    2.9411467774e+01
    1.9761355430e+03    1.6552224731e+03   -4.5906789264e+04    1.3354030156e+02    1.3331088620e+02    1.3370170672e+02    7.5279950802e-02   -4.3579624461e-02    2.1119185062e-01    5.8822935548e+01    2.9411467774e+01    2.9411467774e+01
    1.9966569651e+03    1.6724113340e+03   -4.5920626772e+04    1.3367750051e+02    1.3316376242e+02    1.3348478320e+02   -1.4464642984e-02    1.2433685146e-02    2.8659895278e-02    5.8822935548e+01    2.9411467774e+01    2.9411467774e+01
    2.0103722205e+03    1.6838993106e+03   -4.5935544882e+04    1.3345540579e+02    1.3352311693e+02    1.3319064464e+02    1.1648859719e-01   -1.8580664755e-01   -3.1913349131e-02    5.8822935548e+01    2.9411467774e+01    2.9411467774e+01
    1.9808345197e+03    1.6591583629e+03   -4.5910389822e+04    1.3326368101e+02    1.3361051112e+02    1.3350117543e+02   -2.5923514286e-02    3.9757307584e-02   -2.0848031853e-02    5.8822935548e+01    2.9411467774e+01    2.9411467774e+01
    2.0021957735e+03    1.6770506717e+03   -4.5928239858e+04    1.3365233584e+02    1.3309435362e+02    1.3343900567e+02   -3.9895601147e-02   -1.3016479888e-01   -8.7447908020e-02    5.8822935548e+01    2.9411467774e+01    2.9411467774e+01
    2.0026476720e+03    1.6774291844e+03   -4.5928920802e+04    1.3407741939e+02    1.3311819155e+02    1.3318660633e+02    5.2607326482e-02   -1.1173841717e-01    1.0516938599e-01    5.8822935548e+01    2.9411467774e+01    2.9411467774e+01
    2.0205510289e+03    1.6924251389e+03   -4.5942213015e+04    1.3361275288e+02    1.3314178552e+02    1.3329018592e+02    2.4818114723e-01   -1.6607843786e-01   -1.3475551690e-01    5.8822935548e+01    2.9411467774e+01    2.9411467774e+01
    2.0060347063e+03    1.6802661838e+03   -4.5930059177e+04    1.3374124708e+02    1.3332914559e+02    1.3296980525e+02   -3.9510817235e-02    7.4343070422e-02   -1.5399392076e-01    5.8822935548e+01    2.9411467774e+01    2.9411467774e+01
    1.9714482843e+03    1.6512963983e+03   -4.5900495673e+04    1.3362874923e+02    1.3347791958e+02    1.3349979343e+02   -1.2664484683e-01    8.5548347225e-02    1.0332114849e-01    5.8822935548e+01    2.9411467774e+01    2.9411467774e+01
    1.9800249767e+03    1.6584802851e+03   -4.5908725221e+04    1.3347606183e+02    1.3352985285e+02    1.3351659870e+02   -1.3234812307e-01    1.0518870488e-01   -1.5760267789e-01    5.8822935548e+01    2.9411467774e+01    2.9411467774e+01
    1.9813415511e+03    1.6595830553e+03   -4.5908813996e+04    1.3402822445e+02    1.3310029968e+02    1.3336792818e+02    1.0361819003e-01   -1.4857723696e-01   -2.0219464896e-01    5.8822935548e+01    2.9411467774e+01    2.9411467774e+01
    1.9997673233e+03    1.6750165879e+03   -4.5923845282e+04    1.3373158768e+02    1.3358940048e+02    1.3312330335e+02   -1.2668538071e-01   -1.1820418111e-01   -9.5791379532e-02    5.8822935548e+01    2.9411467774e+01    2.9411467774e+01
    1.9845125360e+03    1.6622390905e+03   -4.5912467178e+04    1.3364764834e+02    1.3364142409e+02    1.3315358474e+02    1.2773071901e-02   -1.7783196939e-02    1.2826289387e-02    5.8822935548e+01    2.9411467774e+01    2.9411467774e+01
    2.0197004791e+03    1.6917127136e+03   -4.5942405221e+04    1.3374630331e+02    1.3308542646e+02    1.3324600849e+02    2.4074215001e-01   -8.3497103093e-02   -7.9330750652e-02    5.8822935548e+01    2.9411467774e+01    2.9411467774e+01
    2.0078056694e+03    1.6817495527e+03   -4.5932673331e+04    1.3371176523e+02    1.3346900426e+02    1.3313747715e+02   -1.3990908769e-01   -5.7352959753e-02   -1.2817603131e-01    5.8822935548e+01    2.9411467774e+01    2.9411467774e+01
    2.0078056694e+03    1.6817495527e+03   -4.5932673331e+04    1.3371176523e+02    1.3346900426e+02    1.3313747715e+02   -1.3990908769e-01   -5.7352959753e-02   -1.2817603131e-01    5.8822935548e+01    2.9411467774e+01    2.9411467774e+01
    2.0078056694e+03    1.6817495527e+03   -4.5932673331e+04    1.3371176523e+02    1.3346900426e+02    1.3313747715e+02   -1.3990908769e-01   -5.7352959753e-02   -1.2817603131e-01    5.8822935548e+01    2.9411467774e+01    2.9411467774e+01
    2.0078056694e+03    1.6817495527e+03   -4.5932673331e+04    1.3371176523e+02    1.3346900426e+02    1.3313747715e+02   -1.3990908769e-01   -5.7352959753e-02   -1.2817603131e-01    5.8822935548e+01    2.9411467774e+01    2.9411467774e+01
    2.0078056694e+03    1.6817495527e+03   -4.5932673331e+04    1.3371176523e+02    1.3346900426e+02    1.3313747715e+02   -1.3990908769e-01   -5.7352959753e-02   -1.2817603131e-01    5.8822935548e+01    2.9411467774e+01    2.9411467774e+01
    2.0078056694e+03    1.6817495527e+03   -4.5932673331e+04    1.3371176523e+02    1.3346900426e+02    1.3313747715e+02   -1.3990908769e-01   -5.7352959753e-02   -1.2817603131e-01    5.8822935548e+01    2.9411467774e+01    2.9411467774e+01
    2.0078056694e+03    1.6817495527e+03   -4.5932673331e+04    1.3371176523e+02    1.3346900426e+02    1.3313747715e+02   -1.3990908769e-01   -5.7352959753e-02   -1.2817603131e-01    5.8822935548e+01    2.9411467774e+01    2.9411467774e+01
    2.0078056694e+03    1.6817495527e+03   -4.5932673331e+04    1.3371176523e+02    1.3346900426e+02    1.3313747715e+02   -1.3990908769e-01   -5.7352959753e-02   -1.2817603131e-01    5.8822935548e+01    2.9411467774e+01    2.9411467774e+01
    2.0078056694e+03    1.6817495527e+03   -4.5932673331e+04    1.3371176523e+02    1.3346900426e+02    1.3313747715e+02   -1.3990908769e-01   -5.7352959753e-02   -1.2817603131e-01    5.8822935548e+01    2.9411467774e+01    2.9411467774e+01
    2.0078056694e+03    1.6817495527e+03   -4.5932673331e+04    1.3371176523e+02    1.3346900426e+02    1.3313747715e+02   -1.3990908769e-01   -5.7352959753e-02   -1.2817603131e-01    5.8822935548e+01    2.9411467774e+01    2.9411467774e+01
    2.0078056694e+03    1.6817495527e+03   -4.5932673331e+04    1.3371176523e+02    1.3346900426e+02    1.3313747715e+02   -1.3990908769e-01   -5.7352959753e-02   -1.2817603131e-01    5.8822935548e+01    2.9411467774e+01    2.9411467774e+01
    2.0078056694e+03    1.6817495527e+03   -4.5932673331e+04    1.3371176523e+02    1.3346900426e+02    1.3313747715e+02   -1.3990908769e-01   -5.7352959753e-02   -1.2817603131e-01    5.8822935548e+01    2.9411467774e+01    2.9411467774e+01
    2.0078056694e+03    1.6817495527e+03   -4.5932673331e+04    1.3371176523e+02    1.3346900426e+02    1.3313747715e+02   -1.3990908769e-01   -5.7352959753e-02   -1.2817603131e-01    5.8822935548e+01    2.9411467774e+01    2.9411467774e+01
    2.0078056694e+03    1.6817495527e+03   -4.5932673331e+04    1.3371176523e+02    1.3346900426e+02    1.3313747715e+02   -1.3990908769e-01   -5.7352959753e-02   -1.2817603131e-01    5.8822935548e+01    2.9411467774e+01    2.9411467774e+01
    2.0078056694e+03    1.6817495527e+03   -4.5932673331e+04    1.3371176523e+02    1.3346900426e+02    1.3313747715e+02   -1.3990908769e-01   -5.7352959753e-02   -1.2817603131e-01    5.8822935548e+01    2.9411467774e+01    2.9411467774e+01
    2.0078056694e+03    1.6817495527e+03   -4.5932673331e+04    1.3371176523e+02    1.3346900426e+02    1.3313747715e+02   -1.3990908769e-01   -5.7352959753e-02   -1.2817603131e-01    5.8822935548e+01    2.9411467774e+01    2.9411467774e+01
    2.0078056694e+03    1.6817495527e+03   -4.5932673331e+04    1.3371176523e+02    1.3346900426e+02    1.3313747715e+02   -1.3990908769e-01   -5.7352959753e-02   -1.2817603131e-01    5.8822935548e+01    2.9411467774e+01    2.9411467774e+01
    2.0078056694e+03    1.6817495527e+03   -4.5932673331e+04    1.3371176523e+02    1.3346900426e+02    1.3313747715e+02   -1.3990908769e-01   -5.7352959753e-02   -1.2817603131e-01    5.8822935548e+01    2.9411467774e+01    2.9411467774e+01
    2.0078056694e+03    1.6817495527e+03   -4.5932673331e+04    1.3371176523e+02    1.3346900426e+02    1.3313747715e+02   -1.3990908769e-01   -5.7352959753e-02   -1.2817603131e-01    5.8822935548e+01    2.9411467774e+01    2.9411467774e+01
    2.0078056694e+03    1.6817495527e+03   -4.5932673331e+04    1.3371176523e+02    1.3346900426e+02    1.3313747715e+02   -1.3990908769e-01   -5.7352959753e-02   -1.2817603131e-01    5.8822935548e+01    2.9411467774e+01    2.9411467774e+01
    2.0078056694e+03    1.6817495527e+03   -4.5932673331e+04    1.3371176523e+02    1.3346900426e+02    1.3313747715e+02   -1.3990908769e-01   -5.7352959753e-02   -1.2817603131e-01    5.8822935548e+01    2.9411467774e+01    2.9411467774e+01
    2.0078056694e+03    1.6817495527e+03   -4.5932673331e+04    1.3371176523e+02    1.3346900426e+02    1.3313747715e+02   -1.3990908769e-01   -5.7352959753e-02   -1.2817603131e-01    5.8822935548e+01    2.9411467774e+01    2.9411467774e+01
    2.0078056694e+03    1.6817495527e+03   -4.5932673331e+04    1.3371176523e+02    1.3346900426e+02    1.3313747715e+02   -1.3990908769e-01   -5.7352959753e-02   -1.2817603131e-01    5.8822935548e+01    2.9411467774e+01    2.9411467774e+01
    2.0078056694e+03    1.6817495527e+03   -4.5932673331e+04    1.3371176523e+02    1.3346900426e+02    1.3313747715e+02   -1.3990908769e-01   -5.7352959753e-02   -1.2817603131e-01    5.8822935548e+01    2.9411467774e+01    2.9411467774e+01
    2.0078056694e+03    1.6817495527e+03   -4.5932673331e+04    1.3371176523e+02    1.3346900426e+02    1.3313747715e+02   -1.3990908769e-01   -5.7352959753e-02   -1.2817603131e-01    5.8822935548e+01    2.9411467774e+01    2.9411467774e+01
    2.0078056694e+03    1.6817495527e+03   -4.5932673331e+04    1.3371176523e+02    1.3346900426e+02    1.3313747715e+02   -1.3990908769e-01   -5.7352959753e-02   -1.2817603131e-01    5.8822935548e+01    2.9411467774e+01    2.9411467774e+01
    2.0078056694e+03    1.6817495527e+03   -4.5932673331e+04    1.3371176523e+02    1.3346900426e+02    1.3313747715e+02   -1.3990908769e-01   -5.7352959753e-02   -1.2817603131e-01    5.8822935548e+01    2.9411467774e+01    2.9411467774e+01
    2.0078056694e+03    1.6817495527e+03   -4.5932673331e+04    1.3371176523e+02    1.3346900426e+02    1.3313747715e+02   -1.3990908769e-01   -5.7352959753e-02   -1.2817603131e-01    5.8822935548e+01    2.9411467774e+01    2.9411467774e+01
    2.0078056694e+03    1.6817495527e+03   -4.5932673331e+04    1.3371176523e+02    1.3346900426e+02    1.3313747715e+02   -1.3990908769e-01   -5.7352959753e-02   -1.2817603131e-01    5.8822935548e+01    2.9411467774e+01    2.9411467774e+01
    2.0078056694e+03    1.6817495527e+03   -4.5932673331e+04    1.3371176523e+02    1.3346900426e+02    1.3313747715e+02   -1.3990908769e-01   -5.7352959753e-02   -1.2817603131e-01    5.8822935548e+01    2.9411467774e+01    2.9411467774e+01
    2.0078056694e+03    1.6817495527e+03   -4.5932673331e+04    1.3371176523e+02    1.3346900426e+02    1.3313747715e+02   -1.3990908769e-01   -5.7352959753e-02   -1.2817603131e-01    5.8822935548e+01    2.9411467774e+01    2.9411467774e+01
