    2.9943482846e+03    3.7621249643e+03   -6.7660963479e+04    1.3988566381e+02    1.3985066963e+02    1.3994397592e+02   -1.1319062075e-01    1.9212796265e-01   -5.2827060898e-02    8.8234403322e+01    2.9411467774e+01    2.9411467774e+01
    2.9861529126e+03    3.7518282284e+03   -6.7626938623e+04    1.4021086629e+02    1.3973231761e+02    1.3927784383e+02   -3.3643355295e-02   -3.3288136693e-02    7.1086442018e-02    8.8234403322e+01    2.9411467774e+01    2.9411467774e+01
    2.9885693105e+03    3.7548642115e+03   -6.7628013944e+04    1.3969204713e+02    1.3944899863e+02    1.4017013494e+02   -1.4742515080e-02    8.6566178172e-04    3.0236993846e-01    8.8234403322e+01    2.9411467774e+01    2.9411467774e+01
    3.0279213925e+03    3.8043065061e+03   -6.7675394195e+04    1.3970382766e+02    1.4014235854e+02    1.3930273727e+02    2.2853016032e-01   -2.7795131679e-03   -1.4800789679e-01    8.8234403322e+01    2.9411467774e+01    2.9411467774e+01
    3.0045433188e+03    3.7749340931e+03   -6.7650097277e+04    1.3983512770e+02    1.3971415711e+02    1.3948029939e+02   -1.8287198474e-02   -8.2907010695e-02   -1.2536482655e-02    8.8234403322e+01    2.9411467774e+01    2.9411467774e+01
    3.0118720056e+03    3.7841419182e+03   -6.7658275177e+04    1.3991744804e+02    1.3940959552e+02    1.3969003975e+02   -5.0384499829e-02   -4.0887665979e-02   -1.6420719964e-03    8.8234403322e+01    2.9411467774e+01    2.9411467774e+01
    2.9543720042e+03    3.7118984214e+03   -6.7584325436e+04    1.4016744943e+02    1.4001727935e+02    1.3990287962e+02    1.1668438785e-01   -2.0170961620e-03   -1.0342434077e-02    8.8234403322e+01    2.9411467774e+01    2.9411467774e+01
    2.9815702260e+03    3.7460705014e+03   -6.7619701944e+04    1.4001058618e+02    1.3970865455e+02    1.3968562662e+02   -4.2116759595e-02   -1.0677778079e-02    1.0120919799e-01    8.8234403322e+01    2.9411467774e+01    2.9411467774e+01
    2.9876870470e+03    3.7537557281e+03   -6.7628088896e+04    1.3977716477e+02    1.3996602803e+02    1.3968131161e+02   -2.0558643322e-01   -1.5053297069e-01   -1.1063645197e-02    8.8234403322e+01    2.9411467774e+01    2.9411467774e+01
    2.9914438600e+03    3.7584758203e+03   -6.7630630335e+04    1.3988938405e+02    1.3955610576e+02    1.3991896687e+02    5.3436626564e-02    1.5846451073e-01   -1.3696355791e-02    8.8234403322e+01    2.9411467774e+01    2.9411467774e+01
    3.0142435224e+03    3.7871215123e+03   -6.7659382936e+04    1.3957836044e+02    1.3948505432e+02    1.3990199688e+02   -2.7737100329e-02    2.3189336296e-01   -1.7331701068e-01    8.8234403322e+01    2.9411467774e+01    2.9411467774e+01
    3.0037924877e+03    3.7739907423e+03   -6.7649063897e+04    1.4015841823e+02    1.3996041475e+02    1.3917590492e+02   -9.9139470627e-02   -1.7101083363e-01   -1.2780910838e-01    8.8234403322e+01    2.9411467774e+01    2.9411467774e+01
    2.9955491145e+03    3.7636336973e+03   -6.7637615448e+04    1.3964576713e+02    1.4005651987e+02    1.3970762901e+02   -5.8613057062e-02    3.4103564066e-01    1.7376560019e-02    8.8234403322e+01    2.9411467774e+01    2.9411467774e+01
    2.9944291727e+03    3.7622265928e+03   -6.7635363539e+04    1.3964693358e+02    1.3986468896e+02    1.3960507105e+02    5.1750100425e-02   -2.0037048365e-01    9.0973804244e-02    8.8234403322e+01    2.9411467774e+01    2.9411467774e+01
    3.0007418394e+03    3.7701578816e+03   -6.7644709083e+04    1.3966134053e+02    1.3966539690e+02    1.3985452477e+02   -2.1201479309e-01    9.1853127137e-02    3.7411091451e-02    8.8234403322e+01    2.9411467774e+01    2.9411467774e+01
    2.9952486674e+03    3.7632562130e+03   -6.7641472022e+04    1.3987211943e+02    1.3976499474e+02    1.3977779758e+02    4.7578618249e-03    9.2449589353e-03   -2.4012955802e-03    8.8234403322e+01    2.9411467774e+01    2.9411467774e+01
    2.9926229856e+03    3.7599572838e+03   -6.7635892476e+04    1.4021653861e+02    1.3961406061e+02    1.3948727978e+02   -4.0104631195e-02   -8.1549421405e-02   -3.9490803363e-02    8.8234403322e+01    2.9411467774e+01    2.9411467774e+01
    2.9906378047e+03    3.7574630855e+03   -6.7630864089e+04    1.4008131567e+02    1.3949089623e+02    1.3983941893e+02    1.0167222577e-01   -2.1151904721e-01   -5.3826866585e-02    8.8234403322e+01    2.9411467774e+01    2.9411467774e+01
    3.0091118167e+03    3.7806739931e+03   -6.7657272635e+04    1.3969647796e+02    1.3984563802e+02    1.3965441469e+02   -1.4202659323e-01   -1.3662458078e-01   -8.8927187812e-02    8.8234403322e+01    2.9411467774e+01    2.9411467774e+01
    3.0013064613e+03    3.7708672775e+03   -6.7643521721e+04    1.3965239529e+02    1.3978753772e+02    1.3972727021e+02    3.9473246537e-02   -4.1374901222e-02    1.2099694144e-01    8.8234403322e+01    2.9411467774e+01    2.9411467774e+01
    2.9699128727e+03    3.7314241024e+03   -6.7603718920e+04    1.3970773445e+02    1.3980184715e+02    1.3989956721e+02    2.1463044783e-02   -9.9253109804e-02   -8.5273024722e-02    8.8234403322e+01    2.9411467774e+01    2.9411467774e+01
    2.9911004604e+03    3.7580443701e+03   -6.7631699567e+04    1.3995727499e+02    1.4000187470e+02    1.3961351299e+02    5.6322934228e-02   -2.1491359473e-02    1.5937489420e-01    8.8234403322e+01    2.9411467774e+01    2.9411467774e+01
    3.0111033176e+03    3.7831761320e+03   -6.7659162875e+04    1.4010185429e+02    1.3960109484e+02    1.3950294521e+02   -6.4299721991e-02    9.2207671023e-02    6.2934605567e-02    8.8234403322e+01    2.9411467774e+01    2.9411467774e+01
    2.9884546922e+03    3.7547202041e+03   -6.7628790869e+04    1.3970233931e+02    1.3967181849e+02    1.3968772753e+02   -4.9512296569e-02    2.7345901667e-02    3.9347260716e-02    8.8234403322e+01    2.9411467774e+01    2.9411467774e+01
    2.9909917243e+03    3.7579077531e+03   -6.7628668484e+04    1.4001072943e+02    1.3973954079e+02    1.3977651076e+02   -1.7552271977e-02   -1.2798745140e-01    7.9210614103e-02    8.8234403322e+01    2.9411467774e+01    2.9411467774e+01
    2.9948461638e+03    3.7627505041e+03   -6.7638285243e+04    1.4019721079e+02    1.3932052941e+02    1.3972474165e+02   -1.2101310716e-01   -3.7972244107e-02   -2.8731763735e-04    8.8234403322e+01    2.9411467774e+01    2.9411467774e+01
    3.0185731548e+03    3.7925612998e+03   -6.7665625314e+04    1.3983324814e+02    1.3949881268e+02    1.3968743791e+02    6.4075204383e-02    1.2605093722e-01    2.3373191476e-02    8.8234403322e+01    2.9411467774e+01    2.9411467774e+01
    3.0111289717e+03    3.7832083640e+03   -6.7655183465e+04    1.4000751153e+02    1.3971038887e+02    1.3927706879e+02    9.6796165927e-02    1.4825046775e-01   -4.4548326817e-02    8.8234403322e+01    2.9411467774e+01    2.9411467774e+01
    2.9854463769e+03    3.7509405309e+03   -6.7625240207e+04    1.3971281208e+02    1.3980985769e+02    1.4022927987e+02    2.6508391737e-01   -9.1350740808e-02   -1.5649514954e-02    8.8234403322e+01    2.9411467774e+01    2.9411467774e+01
    3.0222635972e+03    3.7971980034e+03   -6.7669872921e+04    1.4011504960e+02    1.3945377436e+02    1.3932821250e+02    1.6436330247e-01   -1.4331423725e-01   -1.2009179943e-02    8.8234403322e+01    2.9411467774e+01    2.9411467774e+01
    2.9948508954e+03    3.7627564489e+03   -6.7635198077e+04    1.4034656770e+02    1.3956284623e+02    1.3971236853e+02    1.3565996669e-01    6.6042571698e-03    1.3717225436e-02    8.8234403322e+01    2.9411467774e+01    2.9411467774e+01
    3.0339293158e+03    3.8118549127e+03   -6.7684772115e+04    1.3942838723e+02    1.3976044005e+02    1.3955013255e+02   -3.5373804020e-02   -8.1437830269e-02    2.0569763465e-01    8.8234403322e+01    2.9411467774e+01    2.9411467774e+01
    3.0110776023e+03    3.7831438231e+03   -6.7660522714e+04    1.3965082629e+02    1.3951269246e+02    1.4014803828e+02   -3.1148402855e-01   -7.7200134128e-02    8.0070727107e-02    8.8234403322e+01    2.9411467774e+01    2.9411467774e+01
    2.9754909593e+03    3.7384324584e+03   -6.7609503594e+04    1.3958459189e+02    1.3966616942e+02    1.4006814262e+02    1.7386903615e-01   -1.1110691868e-03   -5.0050065581e-02    8.8234403322e+01    2.9411467774e+01    2.9411467774e+01
    2.9923181702e+03    3.7595743112e+03   -6.7632744484e+04    1.3968635782e+02    1.3972424075e+02    1.3980051832e+02   -8.5109588058e-02    6.1287947551e-02    1.6643674914e-01    8.8234403322e+01    2.9411467774e+01    2.9411467774e+01
    2.9692779867e+03    3.7306264262e+03   -6.7601523363e+04    1.4021827254e+02    1.3965868478e+02    1.3987979227e+02    5.8630491345e-02   -4.5893949748e-02   -4.1949806820e-02    8.8234403322e+01    2.9411467774e+01    2.9411467774e+01
    2.9682207291e+03    3.7292980786e+03   -6.7601591310e+04    1.3981640321e+02    1.3930829299e+02    1.4032300865e+02   -8.0403281121e-03    6.1040591670e-02    6.7178963883e-02    8.8234403322e+01    2.9411467774e+01    2.9411467774e+01
    2.9955232388e+03    3.7636011869e+03   -6.7638272880e+04    1.4020666036e+02    1.3960100373e+02    1.3936887006e+02    3.9774253746e-02   -4.8727493790e-02    1.0200367790e-01    8.8234403322e+01    2.9411467774e+01    2.9411467774e+01
    2.9853655138e+03    3.7508389338e+03   -6.7624381936e+04    1.3983129802e+02    1.4013056028e+02    1.3952248297e+02   -9.3670867082e-02   -1.2270142581e-01    9.2162421108e-02    8.8234403322e+01    2.9411467774e+01    2.9411467774e+01
    3.0032583915e+03    3.7733196994e+03   -6.7649542211e+04    1.4002483419e+02    1.3944459519e+02    1.3957641791e+02    1.0302470198e-01    2.1105462571e-01   -1.2505583052e-01    8.8234403322e+01    2.9411467774e+01    2.9411467774e+01
    3.0237413675e+03    3.7990546867e+03   -6.7672334649e+04    1.3976379409e+02    1.3936770098e+02    1.3989945222e+02    1.9149561306e-01    5.4914400325e-02    1.4182960754e-01    8.8234403322e+01    2.9411467774e+01    2.9411467774e+01
    3.0097251366e+03    3.7814445735e+03   -6.7652567525e+04    1.3998078167e+02    1.3979215923e+02    1.3968199746e+02    1.0924434264e-01    1.5403590604e-02    2.2161385628e-02    8.8234403322e+01    2.9411467774e+01    2.9411467774e+01
    2.9910381931e+03    3.7579661369e+03   -6.7631698047e+04    1.3951700628e+02    1.3998611271e+02    1.3986451028e+02   -2.2625109275e-02   -2.5988851484e-01    8.5256999671e-02    8.8234403322e+01    2.9411467774e+01    2.9411467774e+01
    3.0136835795e+03    3.7864179953e+03   -6.7661743927e+04    1.3999008662e+02    1.3982753375e+02    1.3942814071e+02    1.2411620909e-02   -1.5774172476e-01    3.5878593306e-02    8.8234403322e+01    2.9411467774e+01    2.9411467774e+01
    3.0074574496e+03    3.7785954321e+03   -6.7653594742e+04    1.3974296020e+02    1.3972035032e+02    1.3968350762e+02   -3.1804313595e-02    1.4987171873e-01    4.5214280597e-04    8.8234403322e+01    2.9411467774e+01    2.9411467774e+01
    3.0036487975e+03    3.7738102087e+03   -6.7650865644e+04    1.3968350488e+02    1.3983100478e+02    1.3971590296e+02    1.3952756805e-01    3.1020423261e-02   -3.9042674100e-02    8.8234403322e+01    2.9411467774e+01    2.9411467774e+01
    2.9704364589e+03    3.7320819406e+03   -6.7605606806e+04    1.3980850614e+02    1.3966099204e+02    1.3986041481e+02   -9.8694643955e-02    1.8197799923e-01   -1.3034021831e-01    8.8234403322e+01    2.9411467774e+01    2.9411467774e+01
    3.0304477693e+03    3.8074806677e+03   -6.7684491617e+04    1.4002806265e+02    1.3949435554e+02    1.3905772477e+02   -3.1870126584e-02   -1.6381546323e-01    6.8324497495e-03    8.8234403322e+01    2.9411467774e+01    2.9411467774e+01
    3.0038293374e+03    3.7740370407e+03   -6.7646394145e+04    1.4020045183e+02    1.3916678755e+02    1.3970984875e+02   -4.2068103906e-03   -4.3118732369e-02    3.0111440431e-02    8.8234403322e+01    2.9411467774e+01    2.9411467774e+01
    2.9844797300e+03    3.7497260273e+03   -6.7622864165e+04    1.3992047173e+02    1.4004423389e+02    1.3962486865e+02   -1.9301774052e-02    8.6501482024e-02    5.1242592439e-02    8.8234403322e+01    2.9411467774e+01    2.9411467774e+01
    2.9823859068e+03    3.7470953298e+03   -6.7621914388e+04    1.3957243101e+02    1.3971208652e+02    1.4015023832e+02    7.5597623027e-02   -1.1830066457e-01    2.2208859890e-02    8.8234403322e+01    2.9411467774e+01    2.9411467774e+01
    3.0258857483e+03    3.8017489052e+03   -6.7674638516e+04    1.3999718375e+02    1.3943424897e+02    1.3958760864e+02    1.1062810847e-01    5.7249051443e-02   -9.4636833939e-02    8.8234403322e+01    2.9411467774e+01    2.9411467774e+01
    2.9960551636e+03    3.7642695018e+03   -6.7636939720e+04    1.4051453363e+02    1.3940652290e+02    1.3931318494e+02   -6.1235315038e-02    1.3834024354e-01    1.1113933665e-01    8.8234403322e+01    2.9411467774e+01    2.9411467774e+01
    2.9993574409e+03    3.7684185114e+03   -6.7641801993e+04    1.3979100994e+02    1.3977446849e+02    1.3956228040e+02    9.9591248179e-03    1.2252188210e-01    7.0036331969e-02    8.8234403322e+01    2.9411467774e+01    2.9411467774e+01
    3.0346883533e+03    3.8128085740e+03   -6.7688250618e+04    1.4000930721e+02    1.3945145786e+02    1.3943973508e+02    2.0494584465e-01   -4.9353004858e-02   -1.4358269692e-01    8.8234403322e+01    2.9411467774e+01    2.9411467774e+01
    3.0070437591e+03    3.7780756678e+03   -6.7651606275e+04    1.3988727415e+02    1.3939418140e+02    1.3957573013e+02   -1.2932567177e-01   -1.6073754469e-02    7.0262970275e-02    8.8234403322e+01    2.9411467774e+01    2.9411467774e+01
    2.9956168304e+03    3.7637187761e+03   -6.7635183187e+04    1.3983427817e+02    1.3935628963e+02    1.3987392835e+02   -1.0179848064e-01   -9.3546808612e-02   -9.9483279593e-02    8.8234403322e+01    2.9411467774e+01    2.9411467774e+01
    2.9967317358e+03    3.7651195530e+03   -6.7635862720e+04    1.3998848018e+02    1.3930063622e+02    1.3951778559e+02    2.2120304767e-01   -3.2984295964e-02   -9.6587216510e-02    8.8234403322e+01    2.9411467774e+01    2.9411467774e+01
    2.9895875653e+03    3.7561435556e+03   -6.7627658557e+04    1.4006828438e+02    1.3949253835e+02    1.3987996211e+02    2.5694312545e-02   -1.1047214041e-01   -6.8747693038e-02    8.8234403322e+01    2.9411467774e+01    2.9411467774e+01
    3.0191243380e+03    3.7932538111e+03   -6.7665505188e+04    1.3977801584e+02    1.3971207045e+02    1.3959184723e+02    5.8103347371e-02   -1.6703749756e-01    6.8847968631e-02    8.8234403322e+01    2.9411467774e+01    2.9411467774e+01
    2.9945746418e+03    3.7624093614e+03   -6.7635262731e+04    1.3965764440e+02    1.3980453883e+02    1.3978431213e+02   -4.8135568293e-02    4.8240839848e-02    1.1024134014e-01    8.8234403322e+01    2.9411467774e+01    2.9411467774e+01
    3.0134605098e+03    3.7861377286e+03   -6.7657239820e+04    1.3978108011e+02    1.3952941384e+02    1.3956905584e+02   -3.7312632802e-02    1.7530149130e-01   -2.6429162914e-02    8.8234403322e+01    2.9411467774e+01    2.9411467774e+01
    3.0115992189e+03    3.7837991867e+03   -6.7662210940e+04    1.3994521737e+02    1.3960927468e+02    1.3955179830e+02   -1.2163048468e-01    2.1807079345e-02   -3.2856759011e-01    8.8234403322e+01    2.9411467774e+01    2.9411467774e+01
    2.9990249198e+03    3.7680007290e+03   -6.7639800497e+04    1.4017233749e+02    1.3974427158e+02    1.3908653913e+02   -3.8331176606e-02   -1.3343225378e-01   -8.7718456234e-02    8.8234403322e+01    2.9411467774e+01    2.9411467774e+01
    2.9876213584e+03    3.7536731963e+03   -6.7627022220e+04    1.4001610614e+02    1.3949191182e+02    1.3983710715e+02    1.2767342575e-01   -1.8280015558e-01    2.1390287622e-02    8.8234403322e+01    2.9411467774e+01    2.9411467774e+01
    3.0243145364e+03    3.7997748210e+03   -6.7674493574e+04    1.3965963445e+02    1.3994863750e+02    1.3932428530e+02   -2.1998026992e-01    1.2876591733e-01    1.5189098022e-02    8.8234403322e+01    2.9411467774e+01    2.9411467774e+01
    2.9800264040e+03    3.7441308303e+03   -6.7616916013e+04    1.4013241437e+02    1.3931974989e+02    1.4007787225e+02   -3.1088985745e-02    1.2606522552e-01   -6.9680500100e-02    8.8234403322e+01    2.9411467774e+01    2.9411467774e+01
    2.9922395591e+03    3.7594755435e+03   -6.7631587827e+04    1.3970757810e+02    1.4000477728e+02    1.3935002556e+02   -4.9756598937e-02   -1.9707193383e-01    1.7803561457e-01    8.8234403322e+01    2.9411467774e+01    2.9411467774e+01
    3.0202908547e+03    3.7947194327e+03   -6.7669376170e+04    1.3967149918e+02    1.4006425512e+02    1.3917522423e+02    1.6777797115e-02   -1.8316135730e-02   -6.8861990687e-02    8.8234403322e+01    2.9411467774e+01    2.9411467774e+01
    2.9980131894e+03    3.7667295822e+03   -6.7639936372e+04    1.4015038327e+02    1.3902529449e+02    1.3980323167e+02    1.7435065034e-01   -6.8228218422e-02    8.3997974939e-02    8.8234403322e+01    2.9411467774e+01    2.9411467774e+01
    2.9945047511e+03    3.7623215501e+03   -6.7637828327e+04    1.4021900212e+02    1.3951538202e+02    1.3971772121e+02    2.6234016425e-01   -3.4725095136e-01    9.6446124365e-02    8.8234403322e+01    2.9411467774e+01    2.9411467774e+01
    3.0165837842e+03    3.7900618375e+03   -6.7661980672e+04    1.3971206051e+02    1.3989605366e+02    1.3932011839e+02   -1.6793076829e-02   -6.6102452526e-02    1.3894423721e-01    8.8234403322e+01    2.9411467774e+01    2.9411467774e+01
    3.0248882394e+03    3.8004956264e+03   -6.7674519509e+04    1.4001144274e+02    1.3961170732e+02    1.3933495464e+02   -1.8303992047e-01    6.8253042356e-02   -9.9324504432e-02    8.8234403322e+01    2.9411467774e+01    2.9411467774e+01
    3.0032270374e+03    3.7732803058e+03   -6.7646510337e+04    1.3994352962e+02    1.3970687203e+02    1.3961363385e+02    6.7890269539e-02    8.4898852667e-02    1.5094271043e-01    8.8234403322e+01    2.9411467774e+01    2.9411467774e+01
    3.0009274491e+03    3.7703910832e+03   -6.7645244182e+04    1.4020136673e+02    1.3953276870e+02    1.3944994462e+02   -3.1080328910e-02   -9.9868436533e-02    1.6012333965e-02    8.8234403322e+01    2.9411467774e+01    2.9411467774e+01
    2.9851831771e+03    3.7506098444e+03   -6.7626075974e+04    1.4000252015e+02    1.3960143084e+02    1.3964859256e+02   -1.6020453772e-01   -6.6547251949e-02    2.3301501674e-03    8.8234403322e+01    2.9411467774e+01    2.9411467774e+01
    3.0164500549e+03    3.7898938188e+03   -6.7663959032e+04    1.4009290608e+02    1.3921718341e+02    1.3943082598e+02    8.6710607340e-02   -1.2903466667e-01    8.7086522022e-02    8.8234403322e+01    2.9411467774e+01    2.9411467774e+01
    3.0357634578e+03    3.8141593444e+03   -6.7689850013e+04    1.3974950906e+02    1.3958016936e+02    1.3934589035e+02    1.8092566866e-02    3.6968681029e-02    1.0917645922e-01    8.8234403322e+01    2.9411467774e+01    2.9411467774e+01
    3.0129182743e+03    3.7854564592e+03   -6.7658513600e+04    1.4028387197e+02    1.3943579912e+02    1.3985316714e+02    8.4169115795e-02   -1.4937633161e-01    5.7342230817e-02    8.8234403322e+01    2.9411467774e+01    2.9411467774e+01
    2.9878036589e+03    3.7539022403e+03   -6.7624933483e+04    1.3992013952e+02    1.3995212404e+02    1.3956944189e+02   -5.2907647367e-02    1.3884902303e-01   -7.3046924610e-02    8.8234403322e+01    2.9411467774e+01    2.9411467774e+01
    2.9913638883e+03    3.7583753431e+03   -6.7632320222e+04    1.3962110459e+02    1.3982921993e+02    1.3979300718e+02    4.9462006007e-02   -8.8125520150e-02    2.5319785788e-02    8.8234403322e+01    2.9411467774e+01    2.9411467774e+01
    3.0048660652e+03    3.7753395944e+03   -6.7648458154e+04    1.4011196864e+02    1.3931922109e+02    1.3972845065e+02   -1.0442227740e-01   -7.5121525353e-02   -1.6831700441e-02    8.8234403322e+01    2.9411467774e+01    2.9411467774e+01
    3.0063024703e+03    3.7771443061e+03   -6.7654001604e+04    1.3989356873e+02    1.3977178664e+02    1.3955647559e+02    1.7337228028e-03    1.3396305463e-01   -1.4851375784e-01    8.8234403322e+01    2.9411467774e+01    2.9411467774e+01
    3.0037662703e+03    3.7739578026e+03   -6.7645645312e+04    1.3952903181e+02    1.3969184591e+02    1.3969649911e+02   -4.1506723008e-02    5.8577732337e-02    1.8852069336e-01    8.8234403322e+01    2.9411467774e+01    2.9411467774e+01
    3.0156398554e+03    3.7888758772e+03   -6.7663418513e+04    1.4001416704e+02    1.3973797905e+02    1.3959426864e+02   -5.9602700227e-03   -3.6355165691e-02   -9.4482987706e-02    8.8234403322e+01    2.9411467774e+01    2.9411467774e+01
    3.0049686867e+03    3.7754685290e+03   -6.7649154942e+04    1.3985647752e+02    1.3956940885e+02    1.3975373567e+02    3.0770977332e-01    3.0255513020e-02    2.6792997536e-01    8.8234403322e+01    2.9411467774e+01    2.9411467774e+01
    2.9968627761e+03    3.7652841931e+03   -6.7642065898e+04    1.3971461255e+02    1.4002443590e+02    1.3953190220e+02   -3.7144255259e-07   -4.3187117798e-02    6.0385113685e-02    8.8234403322e+01    2.9411467774e+01    2.9411467774e+01
    3.0264993022e+03    3.8025197796e+03   -6.7675633597e+04    1.3973990058e+02    1.3963911456e+02    1.3987245710e+02   -1.9852907075e-01   -4.6929237043e-02   -1.4788568334e-02    8.8234403322e+01    2.9411467774e+01    2.9411467774e+01
    3.0080779545e+03    3.7793750398e+03   -6.7655298920e+04    1.4004261333e+02    1.3965069873e+02    1.3929208875e+02    2.9272709171e-02    6.1235183156e-02   -3.2975110759e-02    8.8234403322e+01    2.9411467774e+01    2.9411467774e+01
    2.9972074227e+03    3.7657172100e+03   -6.7637104116e+04    1.3939273764e+02    1.3995373231e+02    1.3988802057e+02   -1.7999271302e-02   -2.9065153720e-01   -8.3126371963e-02    8.8234403322e+01    2.9411467774e+01    2.9411467774e+01
    3.0020333389e+03    3.7717805327e+03   -6.7643460173e+04    1.3966835945e+02    1.3971193821e+02    1.3974274847e+02   -2.0600878734e-01    3.0661069368e-01   -1.8409177959e-02    8.8234403322e+01    2.9411467774e+01    2.9411467774e+01
    2.9798963649e+03    3.7439674480e+03   -6.7618511525e+04    1.3995432937e+02    1.3989003868e+02    1.3950618002e+02   -6.4244594359e-02    2.3983706613e-02    2.1364568178e-01    8.8234403322e+01    2.9411467774e+01    2.9411467774e+01
    2.9982503353e+03    3.7670275345e+03   -6.7640174820e+04    1.3988915912e+02    1.3949226669e+02    1.3981284872e+02    1.2783000391e-01    8.7755017928e-03   -8.5268833750e-02    8.8234403322e+01    2.9411467774e+01    2.9411467774e+01
    3.0200004085e+03    3.7943545137e+03   -6.7666663507e+04    1.3993465980e+02    1.3941288217e+02    1.3958688271e+02   -2.6091619015e-02   -2.7082421527e-02    1.0925036042e-01    8.8234403322e+01    2.9411467774e+01    2.9411467774e+01
    3.0169802056e+03    3.7905599048e+03   -6.7662329450e+04    1.3982687524e+02    1.3970412235e+02    1.3943658272e+02   -2.0793195150e-01    5.0961864251e-02   -1.2672062151e-01    8.8234403322e+01    2.9411467774e+01    2.9411467774e+01
    3.0108203905e+03    3.7828206600e+03   -6.7654900877e+04    1.3995247269e+02    1.3941933534e+02    1.3976201183e+02    1.0178262906e-01    1.2289479016e-01    9.4093381806e-02    8.8234403322e+01    2.9411467774e+01    2.9411467774e+01
    2.9842726072e+03    3.7494657965e+03   -6.7622038312e+04    1.3969810858e+02    1.3995702468e+02    1.3994650764e+02    4.5756911559e-02    2.4104674718e-02    4.0937476974e-02    8.8234403322e+01    2.9411467774e+01    2.9411467774e+01
    3.0089521024e+03    3.7804733268e+03   -6.7656416569e+04    1.3970445324e+02    1.3993175167e+02    1.3974355228e+02    1.9801167911e-01    1.8576670690e-01    4.1647422583e-02    8.8234403322e+01    2.9411467774e+01    2.9411467774e+01
    2.9939735421e+03    3.7616541346e+03   -6.7629912516e+04    1.4020488470e+02    1.3964905946e+02    1.3941664575e+02   -8.7738978991e-02    2.0716203106e-01    7.8469815642e-02    8.8234403322e+01    2.9411467774e+01    2.9411467774e+01
    3.0130881630e+03    3.7856699089e+03   -6.7660688332e+04    1.3952774248e+02    1.3983987972e+02    1.3950224029e+02    1.1194106265e-01   -9.6183383674e-02    1.3130094290e-01    8.8234403322e+01    2.9411467774e+01    2.9411467774e+01
    3.0130881630e+03    3.7856699089e+03   -6.7660688332e+04    1.3952774248e+02    1.3983987972e+02    1.3950224029e+02    1.1194106265e-01   -9.6183383674e-02    1.3130094290e-01    8.8234403322e+01    2.9411467774e+01    2.9411467774e+01
    3.0130881630e+03    3.7856699089e+03   -6.7660688332e+04    1.3952774248e+02    1.3983987972e+02    1.3950224029e+02    1.1194106265e-01   -9.6183383674e-02    1.3130094290e-01    8.8234403322e+01    2.9411467774e+01    2.9411467774e+01
    3.0130881630e+03    3.7856699089e+03   -6.7660688332e+04    1.3952774248e+02    1.3983987972e+02    1.3950224029e+02    1.1194106265e-01   -9.6183383674e-02    1.3130094290e-01    8.8234403322e+01    2.9411467774e+01    2.9411467774e+01
    3.0130881630e+03    3.7856699089e+03   -6.7660688332e+04    1.3952774248e+02    1.3983987972e+02    1.3950224029e+02    1.1194106265e-01   -9.6183383674e-02    1.3130094290e-01    8.8234403322e+01    2.9411467774e+01    2.9411467774e+01
    3.0130881630e+03    3.7856699089e+03   -6.7660688332e+04    1.3952774248e+02    1.3983987972e+02    1.3950224029e+02    1.1194106265e-01   -9.6183383674e-02    1.3130094290e-01    8.8234403322e+01    2.9411467774e+01    2.9411467774e+01
    3.0130881630e+03    3.7856699089e+03   -6.7660688332e+04    1.3952774248e+02    1.3983987972e+02    1.3950224029e+02    1.1194106265e-01   -9.6183383674e-02    1.3130094290e-01    8.8234403322e+01    2.9411467774e+01    2.9411467774e+01
    3.0130881630e+03    3.7856699089e+03   -6.7660688332e+04    1.3952774248e+02    1.3983987972e+02    1.3950224029e+02    1.1194106265e-01   -9.6183383674e-02    1.3130094290e-01    8.8234403322e+01    2.9411467774e+01    2.9411467774e+01
    3.0130881630e+03    3.7856699089e+03   -6.7660688332e+04    1.3952774248e+02    1.3983987972e+02    1.3950224029e+02    1.1194106265e-01   -9.6183383674e-02    1.3130094290e-01    8.8234403322e+01    2.9411467774e+01    2.9411467774e+01
    3.0130881630e+03    3.7856699089e+03   -6.7660688332e+04    1.3952774248e+02    1.3983987972e+02    1.3950224029e+02    1.1194106265e-01   -9.6183383674e-02    1.3130094290e-01    8.8234403322e+01    2.9411467774e+01    2.9411467774e+01
    3.0130881630e+03    3.7856699089e+03   -6.7660688332e+04    1.3952774248e+02    1.3983987972e+02    1.3950224029e+02    1.1194106265e-01   -9.6183383674e-02    1.3130094290e-01    8.8234403322e+01    2.9411467774e+01    2.9411467774e+01
    3.0130881630e+03    3.7856699089e+03   -6.7660688332e+04    1.3952774248e+02    1.3983987972e+02    1.3950224029e+02    1.1194106265e-01   -9.6183383674e-02    1.3130094290e-01    8.8234403322e+01    2.9411467774e+01    2.9411467774e+01
    3.0130881630e+03    3.7856699089e+03   -6.7660688332e+04    1.3952774248e+02    1.3983987972e+02    1.3950224029e+02    1.1194106265e-01   -9.6183383674e-02    1.3130094290e-01    8.8234403322e+01    2.9411467774e+01    2.9411467774e+01
    3.0130881630e+03    3.7856699089e+03   -6.7660688332e+04    1.3952774248e+02    1.3983987972e+02    1.3950224029e+02    1.1194106265e-01   -9.6183383674e-02    1.3130094290e-01    8.8234403322e+01    2.9411467774e+01    2.9411467774e+01
    3.0130881630e+03    3.7856699089e+03   -6.7660688332e+04    1.3952774248e+02    1.3983987972e+02    1.3950224029e+02    1.1194106265e-01   -9.6183383674e-02    1.3130094290e-01    8.8234403322e+01    2.9411467774e+01    2.9411467774e+01
    3.0130881630e+03    3.7856699089e+03   -6.7660688332e+04    1.3952774248e+02    1.3983987972e+02    1.3950224029e+02    1.1194106265e-01   -9.6183383674e-02    1.3130094290e-01    8.8234403322e+01    2.9411467774e+01    2.9411467774e+01
    3.0130881630e+03    3.7856699089e+03   -6.7660688332e+04    1.3952774248e+02    1.3983987972e+02    1.3950224029e+02    1.1194106265e-01   -9.6183383674e-02    1.3130094290e-01    8.8234403322e+01    2.9411467774e+01    2.9411467774e+01
    3.0130881630e+03    3.7856699089e+03   -6.7660688332e+04    1.3952774248e+02    1.3983987972e+02    1.3950224029e+02    1.1194106265e-01   -9.6183383674e-02    1.3130094290e-01    8.8234403322e+01    2.9411467774e+01    2.9411467774e+01
    3.0130881630e+03    3.7856699089e+03   -6.7660688332e+04    1.3952774248e+02    1.3983987972e+02    1.3950224029e+02    1.1194106265e-01   -9.6183383674e-02    1.3130094290e-01    8.8234403322e+01    2.9411467774e+01    2.9411467774e+01
    3.0130881630e+03    3.7856699089e+03   -6.7660688332e+04    1.3952774248e+02    1.3983987972e+02    1.3950224029e+02    1.1194106265e-01   -9.6183383674e-02    1.3130094290e-01    8.8234403322e+01    2.9411467774e+01    2.9411467774e+01
    3.0130881630e+03    3.7856699089e+03   -6.7660688332e+04    1.3952774248e+02    1.3983987972e+02    1.3950224029e+02    1.1194106265e-01   -9.6183383674e-02    1.3130094290e-01    8.8234403322e+01    2.9411467774e+01    2.9411467774e+01
    3.0130881630e+03    3.7856699089e+03   -6.7660688332e+04    1.3952774248e+02    1.3983987972e+02    1.3950224029e+02    1.1194106265e-01   -9.6183383674e-02    1.3130094290e-01    8.8234403322e+01    2.9411467774e+01    2.9411467774e+01
    3.0130881630e+03    3.7856699089e+03   -6.7660688332e+04    1.3952774248e+02    1.3983987972e+02    1.3950224029e+02    1.1194106265e-01   -9.6183383674e-02    1.3130094290e-01    8.8234403322e+01    2.9411467774e+01    2.9411467774e+01
    3.0130881630e+03    3.7856699089e+03   -6.7660688332e+04    1.3952774248e+02    1.3983987972e+02    1.3950224029e+02    1.1194106265e-01   -9.6183383674e-02    1.3130094290e-01    8.8234403322e+01    2.9411467774e+01    2.9411467774e+01
    3.0130881630e+03    3.7856699089e+03   -6.7660688332e+04    1.3952774248e+02    1.3983987972e+02    1.3950224029e+02    1.1194106265e-01   -9.6183383674e-02    1.3130094290e-01    8.8234403322e+01    2.9411467774e+01    2.9411467774e+01
    3.0130881630e+03    3.7856699089e+03   -6.7660688332e+04    1.3952774248e+02    1.3983987972e+02    1.3950224029e+02    1.1194106265e-01   -9.6183383674e-02    1.3130094290e-01    8.8234403322e+01    2.9411467774e+01    2.9411467774e+01
    3.0130881630e+03    3.7856699089e+03   -6.7660688332e+04    1.3952774248e+02    1.3983987972e+02    1.3950224029e+02    1.1194106265e-01   -9.6183383674e-02    1.3130094290e-01    8.8234403322e+01    2.9411467774e+01    2.9411467774e+01
    3.0130881630e+03    3.7856699089e+03   -6.7660688332e+04    1.3952774248e+02    1.3983987972e+02    1.3950224029e+02    1.1194106265e-01   -9.6183383674e-02    1.3130094290e-01    8.8234403322e+01    2.9411467774e+01    2.9411467774e+01
    3.0130881630e+03    3.7856699089e+03   -6.7660688332e+04    1.3952774248e+02    1.3983987972e+02    1.3950224029e+02    1.1194106265e-01   -9.6183383674e-02    1.3130094290e-01    8.8234403322e+01    2.9411467774e+01    2.9411467774e+01
    3.0130881630e+03    3.7856699089e+03   -6.7660688332e+04    1.3952774248e+02    1.3983987972e+02    1.3950224029e+02    1.1194106265e-01   -9.6183383674e-02    1.3130094290e-01    8.8234403322e+01    2.9411467774e+01    2.9411467774e+01
    3.0130881630e+03    3.7856699089e+03   -6.7660688332e+04    1.3952774248e+02    1.3983987972e+02    1.3950224029e+02    1.1194106265e-01   -9.6183383674e-02    1.3130094290e-01    8.8234403322e+01    2.9411467774e+01    2.9411467774e+01
