    2.9897471703e+03    2.0972921139e+03   -3.8531547673e+04    1.2020512111e+02    1.1999576178e+02    1.1988437095e+02   -1.9350033165e-01   -2.5279394339e-02   -8.0216737473e-02    4.9544722949e+01    2.9726833769e+01    2.9726833769e+01
    3.0012458499e+03    2.1053583780e+03   -3.8523911281e+04    1.2079681056e+02    1.1971973103e+02    1.1940611479e+02    6.3719682817e-02    1.7735951039e-01    1.0514614775e-01    4.9544722949e+01    2.9726833769e+01    2.9726833769e+01
    3.0418864835e+03    2.1338675714e+03   -3.8548934325e+04    1.2028891757e+02    1.1923260854e+02    1.1984102983e+02    1.6807178642e-02   -2.6135930552e-02    7.8030078416e-02    4.9544722949e+01    2.9726833769e+01    2.9726833769e+01
    3.0160030082e+03    2.1157104479e+03   -3.8535612504e+04    1.2027452321e+02    1.1969302148e+02    1.1972030407e+02   -3.4467377512e-02    2.6461593502e-01    1.1614754264e-01    4.9544722949e+01    2.9726833769e+01    2.9726833769e+01
    2.9779722950e+03    2.0890321001e+03   -3.8506167434e+04    1.2017696634e+02    1.2018559473e+02    1.1993651412e+02    9.7023237065e-02   -1.5773716406e-01   -2.2341260825e-01    4.9544722949e+01    2.9726833769e+01    2.9726833769e+01
    3.0241052894e+03    2.1213941561e+03   -3.8540266263e+04    1.2016311326e+02    1.1985756841e+02    1.1932018994e+02    4.2177624311e-02   -3.6080134427e-03   -1.4683369746e-02    4.9544722949e+01    2.9726833769e+01    2.9726833769e+01
    3.0267028984e+03    2.1232163653e+03   -3.8541709894e+04    1.2025606882e+02    1.1956439123e+02    1.1964108872e+02    3.7260265707e-02   -1.6434511691e-03   -9.9559240568e-02    4.9544722949e+01    2.9726833769e+01    2.9726833769e+01
    3.0395634594e+03    2.1322379820e+03   -3.8550383546e+04    1.1943011593e+02    1.1963631012e+02    1.2032072536e+02    2.6497876716e-01    5.7959563849e-02    5.0789753203e-02    4.9544722949e+01    2.9726833769e+01    2.9726833769e+01
    3.0164559565e+03    2.1160281888e+03   -3.8535958258e+04    1.1988999394e+02    1.2001325760e+02    1.1987924138e+02    7.6155436600e-02   -4.0218535211e-01   -2.5388041343e-02    4.9544722949e+01    2.9726833769e+01    2.9726833769e+01
    3.0317160579e+03    2.1267330707e+03   -3.8544529827e+04    1.2063328847e+02    1.1937132310e+02    1.1952442893e+02   -3.4598999620e-02   -9.9364372207e-02    1.5998363970e-01    4.9544722949e+01    2.9726833769e+01    2.9726833769e+01
    2.9810751593e+03    2.0912087433e+03   -3.8511490465e+04    1.2065363621e+02    1.1970709868e+02    1.1979125404e+02    1.8988172101e-01    7.0794747910e-02   -1.3905873692e-01    4.9544722949e+01    2.9726833769e+01    2.9726833769e+01
    3.0061024216e+03    2.1087652378e+03   -3.8527204928e+04    1.2086032893e+02    1.1967677133e+02    1.1955396139e+02    3.9972029533e-01   -1.0930179529e-01    2.0425976289e-02    4.9544722949e+01    2.9726833769e+01    2.9726833769e+01
    3.0342704478e+03    2.1285249619e+03   -3.8548296840e+04    1.2006892351e+02    1.1980309464e+02    1.1965184615e+02    7.0385614921e-02   -1.4975303940e-01   -2.8552617616e-01    4.9544722949e+01    2.9726833769e+01    2.9726833769e+01
    2.9745881522e+03    2.0866581415e+03   -3.8503650889e+04    1.2032216230e+02    1.1997136686e+02    1.1990131197e+02   -2.3101649485e-01   -1.1505953825e-01   -4.3434131123e-02    4.9544722949e+01    2.9726833769e+01    2.9726833769e+01
    2.9571630101e+03    2.0744344948e+03   -3.8494736347e+04    1.2037805497e+02    1.1968916378e+02    1.2060532363e+02    2.9456086977e-01   -4.5177320759e-02    5.3005538712e-02    4.9544722949e+01    2.9726833769e+01    2.9726833769e+01
    3.0110399730e+03    2.1122289045e+03   -3.8531573446e+04    1.1985628090e+02    1.1965110163e+02    1.1993295336e+02    5.1692294297e-02    1.0521390494e-01    2.3732166160e-01    4.9544722949e+01    2.9726833769e+01    2.9726833769e+01
    3.0154932280e+03    2.1153528397e+03   -3.8534586428e+04    1.1992776014e+02    1.1979811003e+02    1.1969604110e+02    1.0666471144e-01    4.3863365813e-01   -1.0955492826e-02    4.9544722949e+01    2.9726833769e+01    2.9726833769e+01
    3.0136186536e+03    2.1140378355e+03   -3.8531111053e+04    1.2068091824e+02    1.1953133710e+02    1.1973037378e+02   -2.2695532675e-01   -2.2269461190e-01   -1.0864085403e-01    4.9544722949e+01    2.9726833769e+01    2.9726833769e+01
    3.0357556722e+03    2.1295668391e+03   -3.8545504587e+04    1.2006004650e+02    1.1945290325e+02    1.1981219004e+02   -8.4712179957e-02   -8.5188921406e-02    2.9269692245e-01    4.9544722949e+01    2.9726833769e+01    2.9726833769e+01
    3.0206433166e+03    2.1189656002e+03   -3.8537252817e+04    1.2038063769e+02    1.1996809318e+02    1.1960804930e+02    1.3683886495e-01   -3.0294942837e-01   -1.3865144678e-01    4.9544722949e+01    2.9726833769e+01    2.9726833769e+01
    3.0008524692e+03    2.1050824234e+03   -3.8523642764e+04    1.2062638231e+02    1.1954697680e+02    1.2008493789e+02   -1.1556293112e-01   -9.3453987259e-02    1.6914345331e-01    4.9544722949e+01    2.9726833769e+01    2.9726833769e+01
    2.9829484957e+03    2.0925228791e+03   -3.8506937853e+04    1.2026786916e+02    1.2006627503e+02    1.1998293570e+02   -8.8181823517e-02    4.0424649514e-02   -7.9346611189e-02    4.9544722949e+01    2.9726833769e+01    2.9726833769e+01
    3.0187317959e+03    2.1176246783e+03   -3.8536720808e+04    1.2014367351e+02    1.1985902970e+02    1.2002650846e+02   -1.2772711450e-01    2.1202007873e-01    6.4900416151e-02    4.9544722949e+01    2.9726833769e+01    2.9726833769e+01
    2.9990388315e+03    2.1038101661e+03   -3.8522530514e+04    1.2002485798e+02    1.1986643851e+02    1.2008434713e+02   -2.3177139776e-02    4.6748742187e-02    1.3264154143e-01    4.9544722949e+01    2.9726833769e+01    2.9726833769e+01
    2.9786698244e+03    2.0895214133e+03   -3.8509283987e+04    1.2006334094e+02    1.2025002451e+02    1.2021285177e+02    2.6467466604e-01    1.6587872424e-01   -7.8918167195e-02    4.9544722949e+01    2.9726833769e+01    2.9726833769e+01
    2.9769212703e+03    2.0882948117e+03   -3.8505987391e+04    1.1980990623e+02    1.2009888192e+02    1.2036684087e+02    2.2462027578e-02   -8.9777808654e-02    9.2597406738e-02    4.9544722949e+01    2.9726833769e+01    2.9726833769e+01
    2.9944487044e+03    2.1005902157e+03   -3.8520571208e+04    1.2021845038e+02    1.1977708797e+02    1.1988466861e+02   -7.2472388036e-02   -2.3197242763e-01   -1.3421674244e-01    4.9544722949e+01    2.9726833769e+01    2.9726833769e+01
    2.9897285598e+03    2.0972790588e+03   -3.8516314910e+04    1.2028523277e+02    1.1955230569e+02    1.2005231131e+02   -1.8808893739e-01   -8.0471826141e-02   -4.0655238080e-02    4.9544722949e+01    2.9726833769e+01    2.9726833769e+01
    3.0337936029e+03    2.1281904577e+03   -3.8546302249e+04    1.2029075605e+02    1.1953440498e+02    1.1960741128e+02   -1.9374515277e-01   -2.0174908317e-01    7.6759970011e-02    4.9544722949e+01    2.9726833769e+01    2.9726833769e+01
    3.0083775747e+03    2.1103612459e+03   -3.8527195982e+04    1.2044762272e+02    1.1991841253e+02    1.1928055142e+02    8.0980025179e-02    1.5433173953e-01   -7.7772963292e-02    4.9544722949e+01    2.9726833769e+01    2.9726833769e+01
    2.9828288753e+03    2.0924389659e+03   -3.8512118930e+04    1.2053660939e+02    1.1954843355e+02    1.2025838302e+02   -1.1099870894e-01    8.2966123999e-02    1.2209447083e-01    4.9544722949e+01    2.9726833769e+01    2.9726833769e+01
    2.9625810789e+03    2.0782352419e+03   -3.8496039888e+04    1.2036645490e+02    1.1948379889e+02    1.2047257956e+02   -7.2531088478e-02   -1.1177597415e-01   -7.0678257098e-02    4.9544722949e+01    2.9726833769e+01    2.9726833769e+01
    3.0030565183e+03    2.1066285525e+03   -3.8524846226e+04    1.2066067512e+02    1.1996319812e+02    1.1930540134e+02    4.0955505501e-02   -1.3032428764e-01    2.8432799749e-01    4.9544722949e+01    2.9726833769e+01    2.9726833769e+01
    3.0045155182e+03    2.1076520333e+03   -3.8527023418e+04    1.2023774929e+02    1.1972547067e+02    1.1952895586e+02    2.4741348393e-02   -2.0281220180e-02    6.1882892787e-02    4.9544722949e+01    2.9726833769e+01    2.9726833769e+01
    3.0052404597e+03    2.1081605760e+03   -3.8528163531e+04    1.2058254221e+02    1.1969431260e+02    1.1929564117e+02    1.7644289102e-03    4.5755907178e-02    1.6859625980e-01    4.9544722949e+01    2.9726833769e+01    2.9726833769e+01
    3.0063393569e+03    2.1089314467e+03   -3.8527442616e+04    1.2010116744e+02    1.1947659338e+02    1.2018607167e+02   -1.8912572801e-01    3.4766832339e-02    2.2913513904e-01    4.9544722949e+01    2.9726833769e+01    2.9726833769e+01
    2.9835221061e+03    2.0929252637e+03   -3.8512955120e+04    1.2030299304e+02    1.1998064435e+02    1.1978301449e+02    1.7429504727e-01    3.5178083307e-01   -1.4199859095e-01    4.9544722949e+01    2.9726833769e+01    2.9726833769e+01
    3.0161382730e+03    2.1158053354e+03   -3.8536744790e+04    1.1976339673e+02    1.2010929622e+02    1.1994464101e+02   -1.0791960739e-01    2.9956577460e-02    1.2399968533e-01    4.9544722949e+01    2.9726833769e+01    2.9726833769e+01
    3.0398749613e+03    2.1324564990e+03   -3.8551854496e+04    1.2031035548e+02    1.1961139583e+02    1.1958755136e+02    1.0837746873e-01   -4.4136710839e-02   -6.9470048935e-02    4.9544722949e+01    2.9726833769e+01    2.9726833769e+01
    2.9800042484e+03    2.0904575049e+03   -3.8508208606e+04    1.2025234247e+02    1.2020506505e+02    1.1998430763e+02    9.1778262484e-02   -5.7635917643e-02   -1.3055028723e-01    4.9544722949e+01    2.9726833769e+01    2.9726833769e+01
    2.9588925596e+03    2.0756477648e+03   -3.8495788389e+04    1.2025201430e+02    1.1982798004e+02    1.2037609556e+02   -1.5225133483e-01   -1.4348848054e-01   -2.2370402002e-02    4.9544722949e+01    2.9726833769e+01    2.9726833769e+01
    3.0061959133e+03    2.1088308218e+03   -3.8528089417e+04    1.2023424690e+02    1.1935808054e+02    1.1997495978e+02    1.5784689083e-01    6.5654320899e-02    1.3901602759e-01    4.9544722949e+01    2.9726833769e+01    2.9726833769e+01
    2.9641231352e+03    2.0793169864e+03   -3.8495920902e+04    1.2052782806e+02    1.1995061743e+02    1.1946258450e+02   -2.9784034211e-02    1.9595383319e-01    6.7681230808e-03    4.9544722949e+01    2.9726833769e+01    2.9726833769e+01
    3.0338312456e+03    2.1282168639e+03   -3.8545685368e+04    1.2010713899e+02    1.2003134596e+02    1.1962512092e+02    9.9995394579e-02    2.2368369919e-02   -1.7032285497e-01    4.9544722949e+01    2.9726833769e+01    2.9726833769e+01
    3.0127988798e+03    2.1134627685e+03   -3.8532034369e+04    1.2026124896e+02    1.1964977505e+02    1.1997404268e+02    9.6154940064e-02   -3.9411448597e-02    1.0847192727e-01    4.9544722949e+01    2.9726833769e+01    2.9726833769e+01
    2.9988689640e+03    2.1036910049e+03   -3.8523261073e+04    1.2020697592e+02    1.1984367679e+02    1.1988014743e+02   -5.5208218102e-02   -1.3660003074e-01   -3.0738546051e-02    4.9544722949e+01    2.9726833769e+01    2.9726833769e+01
    2.9949169450e+03    2.1009186841e+03   -3.8516807859e+04    1.2021950691e+02    1.1982425968e+02    1.2003844901e+02    3.9219466056e-02    9.5101167519e-02   -1.6893218073e-01    4.9544722949e+01    2.9726833769e+01    2.9726833769e+01
    3.0266353454e+03    2.1231689772e+03   -3.8541456415e+04    1.1984042322e+02    1.2034260888e+02    1.1943198421e+02   -3.9625142910e-02    1.0006108917e-01   -3.2807154572e-01    4.9544722949e+01    2.9726833769e+01    2.9726833769e+01
    2.9935102375e+03    2.0999318861e+03   -3.8516878398e+04    1.2044397848e+02    1.2005556982e+02    1.1957084432e+02   -2.4382833016e-01    3.0037690924e-01   -1.6235860452e-01    4.9544722949e+01    2.9726833769e+01    2.9726833769e+01
    3.0050656769e+03    2.1080379668e+03   -3.8527360103e+04    1.2077197642e+02    1.1967651324e+02    1.1954091077e+02    2.5615242758e-01    7.6227376627e-02   -1.5900633570e-01    4.9544722949e+01    2.9726833769e+01    2.9726833769e+01
    2.9866126699e+03    2.0950932782e+03   -3.8516949539e+04    1.2042288403e+02    1.2026772786e+02    1.1977267731e+02    2.0187300480e-01   -2.9126461319e-01   -1.6212438711e-01    4.9544722949e+01    2.9726833769e+01    2.9726833769e+01
    2.9920122875e+03    2.0988810819e+03   -3.8516895017e+04    1.2044620203e+02    1.1988814499e+02    1.1976790991e+02   -6.7606995987e-02    5.2649453524e-02   -1.1649215560e-01    4.9544722949e+01    2.9726833769e+01    2.9726833769e+01
    3.0143564561e+03    2.1145554001e+03   -3.8534263180e+04    1.2026280253e+02    1.1986665002e+02    1.1960065953e+02   -4.0122843123e-02   -8.0470934419e-02   -1.0977854175e-01    4.9544722949e+01    2.9726833769e+01    2.9726833769e+01
    2.9962623025e+03    2.1018624454e+03   -3.8520740310e+04    1.1965366306e+02    1.1994226342e+02    1.1986482291e+02    4.2968158470e-02   -1.9943395378e-01    2.6685812890e-01    4.9544722949e+01    2.9726833769e+01    2.9726833769e+01
    3.0294219658e+03    2.1251237770e+03   -3.8547824024e+04    1.2030517850e+02    1.1966189367e+02    1.1958266644e+02    1.4163077920e-02    1.1790359372e-03    3.0253382772e-02    4.9544722949e+01    2.9726833769e+01    2.9726833769e+01
    3.0180715376e+03    2.1171615105e+03   -3.8538826470e+04    1.2019558992e+02    1.1997242936e+02    1.1994001426e+02   -2.6256389523e-02   -1.1737778887e-01    6.3192240689e-02    4.9544722949e+01    2.9726833769e+01    2.9726833769e+01
    3.0155574222e+03    2.1153978716e+03   -3.8534436045e+04    1.1968672592e+02    1.2004096483e+02    1.1984316892e+02    1.4891750917e-01   -1.8711082186e-01   -1.2397883251e-01    4.9544722949e+01    2.9726833769e+01    2.9726833769e+01
    3.0348601006e+03    2.1289386003e+03   -3.8550997821e+04    1.2035410380e+02    1.1939793739e+02    1.1939295232e+02    2.6786586114e-01    3.1302868386e-02    2.7843285197e-02    4.9544722949e+01    2.9726833769e+01    2.9726833769e+01
    3.0173310080e+03    2.1166420329e+03   -3.8535184319e+04    1.2019279238e+02    1.1929884913e+02    1.2010712406e+02    1.6295074976e-02    3.4585303998e-02    1.8308068227e-01    4.9544722949e+01    2.9726833769e+01    2.9726833769e+01
    3.0179310278e+03    2.1170629436e+03   -3.8534640612e+04    1.2035189296e+02    1.2014841315e+02    1.1975741160e+02    6.3065216421e-03    1.9376347619e-01   -8.8657583357e-02    4.9544722949e+01    2.9726833769e+01    2.9726833769e+01
    2.9698135294e+03    2.0833087684e+03   -3.8501810964e+04    1.2047431030e+02    1.1985902832e+02    1.1997135099e+02    2.1873100462e-01   -3.7406851302e-02   -5.0583663705e-03    4.9544722949e+01    2.9726833769e+01    2.9726833769e+01
    2.9939966584e+03    2.1002731078e+03   -3.8518261590e+04    1.2029540825e+02    1.1937425335e+02    1.2018430329e+02   -1.2308676233e-01    5.2222397753e-02   -2.3724161641e-01    4.9544722949e+01    2.9726833769e+01    2.9726833769e+01
    2.9936399313e+03    2.1000228656e+03   -3.8518993729e+04    1.1995911516e+02    1.1991480931e+02    1.2005653305e+02   -9.6419880031e-02    1.3233996871e-01   -9.5904463624e-03    4.9544722949e+01    2.9726833769e+01    2.9726833769e+01
    2.9750909201e+03    2.0870108305e+03   -3.8505366855e+04    1.2023013541e+02    1.1999072222e+02    1.2002192528e+02   -1.1447451716e-01   -3.6134647518e-01    4.4020463102e-02    4.9544722949e+01    2.9726833769e+01    2.9726833769e+01
    2.9877430153e+03    2.0958862096e+03   -3.8516100361e+04    1.2022631649e+02    1.1973916557e+02    1.2013885567e+02   -7.6835930313e-02   -5.3488144755e-04   -4.0877234664e-01    4.9544722949e+01    2.9726833769e+01    2.9726833769e+01
    3.0014595274e+03    2.1055082716e+03   -3.8523370435e+04    1.2008611093e+02    1.2040245679e+02    1.1961864101e+02   -1.2659125887e-02    9.0012789497e-02    1.3943559790e-02    4.9544722949e+01    2.9726833769e+01    2.9726833769e+01
    2.9902744785e+03    2.0976620179e+03   -3.8515583204e+04    1.2047711882e+02    1.1979981660e+02    1.1979335014e+02    2.9120998712e-01   -8.4132932570e-03    1.5719444600e-02    4.9544722949e+01    2.9726833769e+01    2.9726833769e+01
    3.0065983730e+03    2.1091131451e+03   -3.8528123400e+04    1.2012411764e+02    1.1980636450e+02    1.1946387998e+02    8.1318636050e-03   -3.4476043212e-01   -5.6776918437e-02    4.9544722949e+01    2.9726833769e+01    2.9726833769e+01
    3.0240124607e+03    2.1213290372e+03   -3.8540529511e+04    1.1965949655e+02    1.1968057451e+02    1.2003497731e+02   -2.6952764366e-01    1.8134285571e-01    4.9588306873e-03    4.9544722949e+01    2.9726833769e+01    2.9726833769e+01
    3.0137405788e+03    2.1141233654e+03   -3.8532294980e+04    1.2025393927e+02    1.1936671089e+02    1.1990739574e+02   -2.0141147754e-02    1.4153601501e-01   -1.2552746697e-01    4.9544722949e+01    2.9726833769e+01    2.9726833769e+01
    3.0197873676e+03    2.1183651563e+03   -3.8538418162e+04    1.2002973598e+02    1.1944842912e+02    1.1978264444e+02   -9.0893642333e-02   -2.0060802533e-01   -4.9831088867e-02    4.9544722949e+01    2.9726833769e+01    2.9726833769e+01
    2.9567162914e+03    2.0741211239e+03   -3.8494862868e+04    1.2009461568e+02    1.2005852757e+02    1.1994632830e+02   -4.1987048008e-03    4.5910574320e-02    3.6799477442e-02    4.9544722949e+01    2.9726833769e+01    2.9726833769e+01
    3.0140508750e+03    2.1143410366e+03   -3.8532790678e+04    1.2035760954e+02    1.1963009588e+02    1.1979633677e+02    6.2056477375e-02    9.6890252902e-02    1.7299333070e-01    4.9544722949e+01    2.9726833769e+01    2.9726833769e+01
    3.0175071165e+03    2.1167655721e+03   -3.8533517314e+04    1.2030533727e+02    1.1986205560e+02    1.1995489039e+02    4.8635615048e-02    2.7620824447e-01    2.2135116850e-01    4.9544722949e+01    2.9726833769e+01    2.9726833769e+01
    2.9977340511e+03    2.1028948694e+03   -3.8522685456e+04    1.2004078799e+02    1.2010144671e+02    1.1954589418e+02   -8.8574910941e-02    1.4238080891e-02   -1.7343943095e-01    4.9544722949e+01    2.9726833769e+01    2.9726833769e+01
    3.0046788523e+03    2.1077666113e+03   -3.8523129426e+04    1.2011683301e+02    1.1992670338e+02    1.1944074538e+02    6.4641462906e-03   -7.5578592503e-02    1.7132297259e-01    4.9544722949e+01    2.9726833769e+01    2.9726833769e+01
    3.0050575940e+03    2.1080322966e+03   -3.8527654060e+04    1.1996433610e+02    1.1992240090e+02    1.1966283447e+02   -2.6576402947e-03   -6.0514479206e-02   -2.9989468993e-02    4.9544722949e+01    2.9726833769e+01    2.9726833769e+01
    2.9860259742e+03    2.0946817142e+03   -3.8513587579e+04    1.2010966568e+02    1.1960231375e+02    1.1999816565e+02   -1.6606858501e-02   -9.1591016683e-02   -2.9939777959e-02    4.9544722949e+01    2.9726833769e+01    2.9726833769e+01
    3.0244870596e+03    2.1216619659e+03   -3.8540214197e+04    1.2008871642e+02    1.1990945323e+02    1.1959629116e+02   -2.7932886034e-01   -6.3991310410e-02    1.2342998650e-01    4.9544722949e+01    2.9726833769e+01    2.9726833769e+01
    3.0038237285e+03    2.1071667464e+03   -3.8527009183e+04    1.1973333606e+02    1.2026563662e+02    1.1983598443e+02   -2.2567593403e-01    1.7434422848e-02    9.4846253574e-02    4.9544722949e+01    2.9726833769e+01    2.9726833769e+01
    3.0184409283e+03    2.1174206362e+03   -3.8534987070e+04    1.2051302086e+02    1.1944325838e+02    1.1988512472e+02   -3.4546318875e-01    1.3844990246e-01    7.5692129647e-02    4.9544722949e+01    2.9726833769e+01    2.9726833769e+01
    3.0221166842e+03    2.1199991598e+03   -3.8537636395e+04    1.2022080503e+02    1.2002691986e+02    1.1978386317e+02    1.9369138553e-01   -7.0833342139e-02   -5.3631013804e-02    4.9544722949e+01    2.9726833769e+01    2.9726833769e+01
    2.9898101176e+03    2.0973362711e+03   -3.8517870553e+04    1.2027167489e+02    1.1994668272e+02    1.1967622128e+02    2.6593400389e-01   -7.7675515066e-02    4.0472817380e-02    4.9544722949e+01    2.9726833769e+01    2.9726833769e+01
    2.9894456749e+03    2.0970806165e+03   -3.8515654118e+04    1.2037327826e+02    1.1999655284e+02    1.1978581143e+02   -7.1843531970e-02   -1.9299591994e-01   -1.4235840222e-01    4.9544722949e+01    2.9726833769e+01    2.9726833769e+01
    3.0412061139e+03    2.1333902957e+03   -3.8553595441e+04    1.2021038589e+02    1.1953972355e+02    1.1990656556e+02   -4.4888869766e-02   -6.2874268277e-02   -6.0063263257e-02    4.9544722949e+01    2.9726833769e+01    2.9726833769e+01
    2.9983058866e+03    2.1032960090e+03   -3.8519196686e+04    1.1996721778e+02    1.1963947937e+02    1.2022429400e+02    1.1417723950e-01    2.8574342691e-01    6.5419122055e-02    4.9544722949e+01    2.9726833769e+01    2.9726833769e+01
    3.0174566422e+03    2.1167301646e+03   -3.8535389294e+04    1.2029453753e+02    1.1931323200e+02    1.2010541033e+02   -2.3695944099e-01   -1.9480435204e-01   -1.6038228219e-01    4.9544722949e+01    2.9726833769e+01    2.9726833769e+01
    2.9843040553e+03    2.0934737971e+03   -3.8511322030e+04    1.2026693985e+02    1.1991944552e+02    1.1997367511e+02   -2.3417369830e-01    2.0436399045e-01   -1.8331241408e-01    4.9544722949e+01    2.9726833769e+01    2.9726833769e+01
    3.0146866801e+03    2.1147870506e+03   -3.8535447681e+04    1.1984801173e+02    1.1969840254e+02    1.1972877358e+02    1.4128873767e-01   -2.0627898152e-03    5.1735535235e-02    4.9544722949e+01    2.9726833769e+01    2.9726833769e+01
    3.0384823887e+03    2.1314796166e+03   -3.8547920364e+04    1.2016645626e+02    1.1970055517e+02    1.1960338679e+02   -7.0081391408e-02   -1.5775045682e-01    3.1324414575e-02    4.9544722949e+01    2.9726833769e+01    2.9726833769e+01
    2.9948950245e+03    2.1009033070e+03   -3.8520910952e+04    1.1978857821e+02    1.1996892966e+02    1.2004433608e+02    1.1245370640e-01   -2.6671186518e-01    3.0731026106e-01    4.9544722949e+01    2.9726833769e+01    2.9726833769e+01
    3.0043735072e+03    2.1075524133e+03   -3.8525263915e+04    1.1994302936e+02    1.1958200850e+02    1.2020806629e+02   -1.8466480999e-01   -8.4292166397e-03    1.2705766065e-01    4.9544722949e+01    2.9726833769e+01    2.9726833769e+01
    3.0059750507e+03    2.1086758878e+03   -3.8523523693e+04    1.2002643012e+02    1.1994445517e+02    1.1952809429e+02   -1.5021160441e-01    6.8759588832e-04   -2.0133472251e-01    4.9544722949e+01    2.9726833769e+01    2.9726833769e+01
    2.9849672878e+03    2.0939390512e+03   -3.8512488875e+04    1.2005045575e+02    1.2000929173e+02    1.1988428033e+02   -1.0463251809e-01   -1.0146748514e-01    5.2896963308e-02    4.9544722949e+01    2.9726833769e+01    2.9726833769e+01
    2.9563017150e+03    2.0738303007e+03   -3.8493130182e+04    1.2016602126e+02    1.1976026585e+02    1.2044057941e+02   -1.7608355159e-01    5.2923227296e-02   -8.4317859010e-02    4.9544722949e+01    2.9726833769e+01    2.9726833769e+01
    3.0073838529e+03    2.1096641552e+03   -3.8527336405e+04    1.2058310601e+02    1.1986109895e+02    1.1979321504e+02   -2.3181667917e-01    1.5846235378e-01   -8.2019089717e-03    4.9544722949e+01    2.9726833769e+01    2.9726833769e+01
    2.9907436468e+03    2.0979911371e+03   -3.8516883552e+04    1.1986311896e+02    1.2008069810e+02    1.2010246349e+02    1.6429445573e-01    2.5462995555e-01   -2.1509292092e-02    4.9544722949e+01    2.9726833769e+01    2.9726833769e+01
    2.9849114433e+03    2.0938998766e+03   -3.8512649171e+04    1.2023499592e+02    1.2001068730e+02    1.1955412707e+02   -7.9306427830e-02    1.0293222000e-03    2.1113561288e-02    4.9544722949e+01    2.9726833769e+01    2.9726833769e+01
    3.0180701309e+03    2.1171605237e+03   -3.8536054805e+04    1.2004839559e+02    1.2005140743e+02    1.1942692229e+02    6.6266235433e-02    2.3319414700e-01    7.1288728417e-02    4.9544722949e+01    2.9726833769e+01    2.9726833769e+01
    2.9727275834e+03    2.0853529621e+03   -3.8506462472e+04    1.2082282469e+02    1.1953156028e+02    1.1987594929e+02    4.2007070693e-02    4.3769130840e-02   -2.5927218281e-02    4.9544722949e+01    2.9726833769e+01    2.9726833769e+01
    2.9727275834e+03    2.0853529621e+03   -3.8506462472e+04    1.2082282469e+02    1.1953156028e+02    1.1987594929e+02    4.2007070693e-02    4.3769130840e-02   -2.5927218281e-02    4.9544722949e+01    2.9726833769e+01    2.9726833769e+01
    2.9727275834e+03    2.0853529621e+03   -3.8506462472e+04    1.2082282469e+02    1.1953156028e+02    1.1987594929e+02    4.2007070693e-02    4.3769130840e-02   -2.5927218281e-02    4.9544722949e+01    2.9726833769e+01    2.9726833769e+01
    2.9727275834e+03    2.0853529621e+03   -3.8506462472e+04    1.2082282469e+02    1.1953156028e+02    1.1987594929e+02    4.2007070693e-02    4.3769130840e-02   -2.5927218281e-02    4.9544722949e+01    2.9726833769e+01    2.9726833769e+01
    2.9727275834e+03    2.0853529621e+03   -3.8506462472e+04    1.2082282469e+02    1.1953156028e+02    1.1987594929e+02    4.2007070693e-02    4.3769130840e-02   -2.5927218281e-02    4.9544722949e+01    2.9726833769e+01    2.9726833769e+01
    2.9727275834e+03    2.0853529621e+03   -3.8506462472e+04    1.2082282469e+02    1.1953156028e+02    1.1987594929e+02    4.2007070693e-02    4.3769130840e-02   -2.5927218281e-02    4.9544722949e+01    2.9726833769e+01    2.9726833769e+01
    2.9727275834e+03    2.0853529621e+03   -3.8506462472e+04    1.2082282469e+02    1.1953156028e+02    1.1987594929e+02    4.2007070693e-02    4.3769130840e-02   -2.5927218281e-02    4.9544722949e+01    2.9726833769e+01    2.9726833769e+01
    2.9727275834e+03    2.0853529621e+03   -3.8506462472e+04    1.2082282469e+02    1.1953156028e+02    1.1987594929e+02    4.2007070693e-02    4.3769130840e-02   -2.5927218281e-02    4.9544722949e+01    2.9726833769e+01    2.9726833769e+01
    2.9727275834e+03    2.0853529621e+03   -3.8506462472e+04    1.2082282469e+02    1.1953156028e+02    1.1987594929e+02    4.2007070693e-02    4.3769130840e-02   -2.5927218281e-02    4.9544722949e+01    2.9726833769e+01    2.9726833769e+01
    2.9727275834e+03    2.0853529621e+03   -3.8506462472e+04    1.2082282469e+02    1.1953156028e+02    1.1987594929e+02    4.2007070693e-02    4.3769130840e-02   -2.5927218281e-02    4.9544722949e+01    2.9726833769e+01    2.9726833769e+01
    2.9727275834e+03    2.0853529621e+03   -3.8506462472e+04    1.2082282469e+02    1.1953156028e+02    1.1987594929e+02    4.2007070693e-02    4.3769130840e-02   -2.5927218281e-02    4.9544722949e+01    2.9726833769e+01    2.9726833769e+01
    2.9727275834e+03    2.0853529621e+03   -3.8506462472e+04    1.2082282469e+02    1.1953156028e+02    1.1987594929e+02    4.2007070693e-02    4.3769130840e-02   -2.5927218281e-02    4.9544722949e+01    2.9726833769e+01    2.9726833769e+01
    2.9727275834e+03    2.0853529621e+03   -3.8506462472e+04    1.2082282469e+02    1.1953156028e+02    1.1987594929e+02    4.2007070693e-02    4.3769130840e-02   -2.5927218281e-02    4.9544722949e+01    2.9726833769e+01    2.9726833769e+01
    2.9727275834e+03    2.0853529621e+03   -3.8506462472e+04    1.2082282469e+02    1.1953156028e+02    1.1987594929e+02    4.2007070693e-02    4.3769130840e-02   -2.5927218281e-02    4.9544722949e+01    2.9726833769e+01    2.9726833769e+01
    2.9727275834e+03    2.0853529621e+03   -3.8506462472e+04    1.2082282469e+02    1.1953156028e+02    1.1987594929e+02    4.2007070693e-02    4.3769130840e-02   -2.5927218281e-02    4.9544722949e+01    2.9726833769e+01    2.9726833769e+01
    2.9727275834e+03    2.0853529621e+03   -3.8506462472e+04    1.2082282469e+02    1.1953156028e+02    1.1987594929e+02    4.2007070693e-02    4.3769130840e-02   -2.5927218281e-02    4.9544722949e+01    2.9726833769e+01    2.9726833769e+01
    2.9727275834e+03    2.0853529621e+03   -3.8506462472e+04    1.2082282469e+02    1.1953156028e+02    1.1987594929e+02    4.2007070693e-02    4.3769130840e-02   -2.5927218281e-02    4.9544722949e+01    2.9726833769e+01    2.9726833769e+01
    2.9727275834e+03    2.0853529621e+03   -3.8506462472e+04    1.2082282469e+02    1.1953156028e+02    1.1987594929e+02    4.2007070693e-02    4.3769130840e-02   -2.5927218281e-02    4.9544722949e+01    2.9726833769e+01    2.9726833769e+01
    2.9727275834e+03    2.0853529621e+03   -3.8506462472e+04    1.2082282469e+02    1.1953156028e+02    1.1987594929e+02    4.2007070693e-02    4.3769130840e-02   -2.5927218281e-02    4.9544722949e+01    2.9726833769e+01    2.9726833769e+01
    2.9727275834e+03    2.0853529621e+03   -3.8506462472e+04    1.2082282469e+02    1.1953156028e+02    1.1987594929e+02    4.2007070693e-02    4.3769130840e-02   -2.5927218281e-02    4.9544722949e+01    2.9726833769e+01    2.9726833769e+01
    2.9727275834e+03    2.0853529621e+03   -3.8506462472e+04    1.2082282469e+02    1.1953156028e+02    1.1987594929e+02    4.2007070693e-02    4.3769130840e-02   -2.5927218281e-02    4.9544722949e+01    2.9726833769e+01    2.9726833769e+01
    2.9727275834e+03    2.0853529621e+03   -3.8506462472e+04    1.2082282469e+02    1.1953156028e+02    1.1987594929e+02    4.2007070693e-02    4.3769130840e-02   -2.5927218281e-02    4.9544722949e+01    2.9726833769e+01    2.9726833769e+01
    2.9727275834e+03    2.0853529621e+03   -3.8506462472e+04    1.2082282469e+02    1.1953156028e+02    1.1987594929e+02    4.2007070693e-02    4.3769130840e-02   -2.5927218281e-02    4.9544722949e+01    2.9726833769e+01    2.9726833769e+01
    2.9727275834e+03    2.0853529621e+03   -3.8506462472e+04    1.2082282469e+02    1.1953156028e+02    1.1987594929e+02    4.2007070693e-02    4.3769130840e-02   -2.5927218281e-02    4.9544722949e+01    2.9726833769e+01    2.9726833769e+01
    2.9727275834e+03    2.0853529621e+03   -3.8506462472e+04    1.2082282469e+02    1.1953156028e+02    1.1987594929e+02    4.2007070693e-02    4.3769130840e-02   -2.5927218281e-02    4.9544722949e+01    2.9726833769e+01    2.9726833769e+01
    2.9727275834e+03    2.0853529621e+03   -3.8506462472e+04    1.2082282469e+02    1.1953156028e+02    1.1987594929e+02    4.2007070693e-02    4.3769130840e-02   -2.5927218281e-02    4.9544722949e+01    2.9726833769e+01    2.9726833769e+01
    2.9727275834e+03    2.0853529621e+03   -3.8506462472e+04    1.2082282469e+02    1.1953156028e+02    1.1987594929e+02    4.2007070693e-02    4.3769130840e-02   -2.5927218281e-02    4.9544722949e+01    2.9726833769e+01    2.9726833769e+01
    2.9727275834e+03    2.0853529621e+03   -3.8506462472e+04    1.2082282469e+02    1.1953156028e+02    1.1987594929e+02    4.2007070693e-02    4.3769130840e-02   -2.5927218281e-02    4.9544722949e+01    2.9726833769e+01    2.9726833769e+01
    2.9727275834e+03    2.0853529621e+03   -3.8506462472e+04    1.2082282469e+02    1.1953156028e+02    1.1987594929e+02    4.2007070693e-02    4.3769130840e-02   -2.5927218281e-02    4.9544722949e+01    2.9726833769e+01    2.9726833769e+01
    2.9727275834e+03    2.0853529621e+03   -3.8506462472e+04    1.2082282469e+02    1.1953156028e+02    1.1987594929e+02    4.2007070693e-02    4.3769130840e-02   -2.5927218281e-02    4.9544722949e+01    2.9726833769e+01    2.9726833769e+01
    2.9727275834e+03    2.0853529621e+03   -3.8506462472e+04    1.2082282469e+02    1.1953156028e+02    1.1987594929e+02    4.2007070693e-02    4.3769130840e-02   -2.5927218281e-02    4.9544722949e+01    2.9726833769e+01    2.9726833769e+01
