    3.9680142650e+03    4.4453571623e+03   -6.5517888737e+04    4.6507989526e+01    4.6227295861e+01    4.6356529982e+01   -8.9661526307e-02    1.9105870539e-01   -1.7783791220e-01    8.4333407524e+01    3.1625027822e+01    3.1625027822e+01
    3.9937342179e+03    4.4741711657e+03   -6.5517418173e+04    4.6493454487e+01    4.6150797950e+01    4.6212852152e+01    7.9616744836e-02   -1.8721413028e-01   -1.5953097120e-01    8.4333407524e+01    3.1625027822e+01    3.1625027822e+01
    3.9777794489e+03    4.4562970751e+03   -6.5503706739e+04    4.6798249898e+01    4.5698277830e+01    4.6229962845e+01    2.2800587229e-02    1.0019601206e-01    2.2998406510e-01    8.4333407524e+01    3.1625027822e+01    3.1625027822e+01
    3.9906567891e+03    4.4707235294e+03   -6.5516453535e+04    4.6601087935e+01    4.6262122374e+01    4.5678258507e+01   -3.8572847952e-02   -3.3297147086e-02   -1.6825796192e-01    8.4333407524e+01    3.1625027822e+01    3.1625027822e+01
    4.0177351004e+03    4.5010592986e+03   -6.5540727105e+04    4.6394928044e+01    4.6104262058e+01    4.5900911573e+01    9.6351372160e-02   -3.0588746272e-01    7.3887810269e-02    8.4333407524e+01    3.1625027822e+01    3.1625027822e+01
    3.9912663356e+03    4.4714064030e+03   -6.5514871572e+04    4.6679478811e+01    4.6207203179e+01    4.5989130109e+01    5.0985777546e-02    6.0166718614e-02   -1.6519436844e-01    8.4333407524e+01    3.1625027822e+01    3.1625027822e+01
    3.9927373048e+03    4.4730543263e+03   -6.5518285513e+04    4.6411893879e+01    4.5961438191e+01    4.6103321405e+01   -4.3872543911e-02   -1.8142056234e-01   -1.2083120979e-01    8.4333407524e+01    3.1625027822e+01    3.1625027822e+01
    3.9864892889e+03    4.4660546886e+03   -6.5512442042e+04    4.6178498086e+01    4.6472672619e+01    4.6338426518e+01   -6.1461565459e-02   -1.4394604437e-01    2.3682840373e-01    8.4333407524e+01    3.1625027822e+01    3.1625027822e+01
    4.0145425295e+03    4.4974826688e+03   -6.5543488934e+04    4.6554012176e+01    4.5864065842e+01    4.5539918584e+01    2.8647613100e-02    1.0428393640e-01   -2.1528228501e-02    8.4333407524e+01    3.1625027822e+01    3.1625027822e+01
    3.9789411659e+03    4.4575985440e+03   -6.5497423307e+04    4.6472447619e+01    4.6660529867e+01    4.6290038526e+01   -3.2466430382e-02   -5.2808781485e-02   -1.7444779307e-01    8.4333407524e+01    3.1625027822e+01    3.1625027822e+01
    4.0112160272e+03    4.4937559961e+03   -6.5538875019e+04    4.5899818754e+01    4.6102498164e+01    4.6375717744e+01    1.5242740252e-02   -2.8831166529e-02   -8.6807091826e-02    8.4333407524e+01    3.1625027822e+01    3.1625027822e+01
    4.0008849680e+03    4.4821821345e+03   -6.5522472804e+04    4.6642287710e+01    4.5977019766e+01    4.6192149828e+01    5.0262668770e-03   -6.9605366584e-02   -6.5957078443e-02    8.4333407524e+01    3.1625027822e+01    3.1625027822e+01
    4.0136312177e+03    4.4964617284e+03   -6.5546030866e+04    4.6274000989e+01    4.5900817005e+01    4.6205752074e+01    7.8582572346e-02    1.0614054540e-01   -2.0942044269e-01    8.4333407524e+01    3.1625027822e+01    3.1625027822e+01
    4.0238853506e+03    4.5079494097e+03   -6.5551407369e+04    4.6896758462e+01    4.5937431063e+01    4.5701925139e+01    1.2369809676e-01   -6.8455485441e-02   -1.1849651623e-01    8.4333407524e+01    3.1625027822e+01    3.1625027822e+01
    4.0208823362e+03    4.5045851396e+03   -6.5547286734e+04    4.5882471075e+01    4.6224891224e+01    4.6573400992e+01    1.6582544028e-01    1.5005426954e-02   -1.5344234623e-01    8.4333407524e+01    3.1625027822e+01    3.1625027822e+01
    3.9851225070e+03    4.4645234861e+03   -6.5514126648e+04    4.6868178490e+01    4.6234622029e+01    4.6100396751e+01   -1.2597253240e-01   -2.2933625761e-02    6.3529498292e-03    8.4333407524e+01    3.1625027822e+01    3.1625027822e+01
    3.9975852034e+03    4.4784854158e+03   -6.5521356623e+04    4.6179758735e+01    4.6244993176e+01    4.6297909316e+01   -7.2633287588e-02    1.0915407733e-01   -2.1092624871e-01    8.4333407524e+01    3.1625027822e+01    3.1625027822e+01
    3.9738804685e+03    4.4519290564e+03   -6.5497606194e+04    4.6741719306e+01    4.6376451123e+01    4.5982053175e+01   -1.2409407871e-01   -2.9291454548e-01    1.5750972205e-01    8.4333407524e+01    3.1625027822e+01    3.1625027822e+01
    3.9602747305e+03    4.4366865797e+03   -6.5479493248e+04    4.7030416537e+01    4.5976223270e+01    4.6135340983e+01    4.0078021478e-02    1.4172466078e-01    5.3188530547e-02    8.4333407524e+01    3.1625027822e+01    3.1625027822e+01
    3.9700608195e+03    4.4476499125e+03   -6.5488907313e+04    4.6621297863e+01    4.6440288034e+01    4.6156090554e+01    4.7920400004e-02   -1.1744077030e-02    7.0800570277e-02    8.4333407524e+01    3.1625027822e+01    3.1625027822e+01
    3.9570026715e+03    4.4330208996e+03   -6.5481629292e+04    4.6650254664e+01    4.6573660780e+01    4.6507547124e+01    1.1053163555e-01    1.9071925832e-01   -6.2731307849e-02    8.4333407524e+01    3.1625027822e+01    3.1625027822e+01
    3.9988229602e+03    4.4798720719e+03   -6.5523592086e+04    4.6370515714e+01    4.6006936499e+01    4.6275881582e+01    1.8066588772e-02   -3.9218360084e-02   -6.2363712072e-02    8.4333407524e+01    3.1625027822e+01    3.1625027822e+01
    4.0174580773e+03    4.5007489503e+03   -6.5546659741e+04    4.6114574897e+01    4.6521430315e+01    4.5877772461e+01   -2.9908595937e-02   -6.8639849931e-02    1.2349700563e-01    8.4333407524e+01    3.1625027822e+01    3.1625027822e+01
    3.9902033577e+03    4.4702155513e+03   -6.5514974082e+04    4.6802183813e+01    4.5512111678e+01    4.5946321826e+01   -2.3023944871e-01    2.6999898005e-02    1.1628552761e-01    8.4333407524e+01    3.1625027822e+01    3.1625027822e+01
    4.0059360423e+03    4.4878408413e+03   -6.5520569174e+04    4.6594016025e+01    4.6135002599e+01    4.6309990845e+01   -5.3608760634e-02    7.7623553751e-02   -2.3722839734e-03    8.4333407524e+01    3.1625027822e+01    3.1625027822e+01
    3.9990809680e+03    4.4801611175e+03   -6.5527617866e+04    4.6421742020e+01    4.6234816232e+01    4.5802156482e+01    7.6729632771e-02    1.2619355178e-01    1.6213603034e-01    8.4333407524e+01    3.1625027822e+01    3.1625027822e+01
    3.9770515457e+03    4.4554816069e+03   -6.5505965075e+04    4.6608592664e+01    4.6462583753e+01    4.5818393472e+01   -7.8494175422e-02    4.1405951993e-02    5.4364778615e-02    8.4333407524e+01    3.1625027822e+01    3.1625027822e+01
    3.9667020369e+03    4.4438870761e+03   -6.5485695999e+04    4.6687583725e+01    4.6343655753e+01    4.6327503924e+01   -8.6278102821e-02    9.6323467478e-02   -1.0532990797e-01    8.4333407524e+01    3.1625027822e+01    3.1625027822e+01
    3.9796456453e+03    4.4583877706e+03   -6.5505682576e+04    4.6126770477e+01    4.6271287814e+01    4.6150447393e+01    1.5793824752e-01    1.5230382515e-01    1.3156144480e-02    8.4333407524e+01    3.1625027822e+01    3.1625027822e+01
    3.9830831626e+03    4.4622388133e+03   -6.5502038886e+04    4.6702549108e+01    4.6097405075e+01    4.5842912467e+01   -1.2398392910e-01   -1.0294305942e-01    2.2659974877e-01    8.4333407524e+01    3.1625027822e+01    3.1625027822e+01
    4.0207092542e+03    4.5043912363e+03   -6.5542037919e+04    4.6011090923e+01    4.6010824838e+01    4.6250323692e+01   -1.4950573412e-01   -9.5428720171e-02   -3.6390396463e-02    8.4333407524e+01    3.1625027822e+01    3.1625027822e+01
    4.0221424521e+03    4.5059968445e+03   -6.5547992211e+04    4.6180298108e+01    4.6147130875e+01    4.5941126140e+01    2.8702027262e-02    1.9927250526e-01   -7.9634817120e-02    8.4333407524e+01    3.1625027822e+01    3.1625027822e+01
    3.9945826497e+03    4.4751216619e+03   -6.5524600595e+04    4.6432909640e+01    4.6446175681e+01    4.6092627720e+01    6.5461433464e-02    1.3322126427e-01   -6.7316087132e-02    8.4333407524e+01    3.1625027822e+01    3.1625027822e+01
    4.0041027289e+03    4.4857869845e+03   -6.5530431913e+04    4.6600136332e+01    4.5681384050e+01    4.6286008758e+01    6.2850560582e-02   -1.7366176380e-01    7.1464441518e-02    8.4333407524e+01    3.1625027822e+01    3.1625027822e+01
    3.9703673120e+03    4.4479932753e+03   -6.5491170601e+04    4.6584500501e+01    4.6268937371e+01    4.6158218695e+01    1.0203821967e-01    6.0872893774e-02   -1.5293332474e-01    8.4333407524e+01    3.1625027822e+01    3.1625027822e+01
    4.0170917924e+03    4.5003386022e+03   -6.5548791582e+04    4.6220585507e+01    4.6218573460e+01    4.6109044335e+01    7.7674416106e-02   -1.2156561073e-01    1.0559608612e-01    8.4333407524e+01    3.1625027822e+01    3.1625027822e+01
    3.9990754167e+03    4.4801548983e+03   -6.5523770002e+04    4.6327356556e+01    4.5839781066e+01    4.6337078128e+01    2.2363888629e-01    1.6501817066e-01    7.3015132340e-02    8.4333407524e+01    3.1625027822e+01    3.1625027822e+01
    4.0377990591e+03    4.5235369050e+03   -6.5572480060e+04    4.6284698503e+01    4.6443016200e+01    4.5791365402e+01   -1.0584999742e-01    2.8370242363e-01   -1.3379562119e-01    8.4333407524e+01    3.1625027822e+01    3.1625027822e+01
    3.9760422626e+03    4.4543509094e+03   -6.5496220210e+04    4.6928193675e+01    4.5994665872e+01    4.6164145389e+01    1.1969412479e-01   -8.4561129429e-02    4.3325301244e-02    8.4333407524e+01    3.1625027822e+01    3.1625027822e+01
    4.0024850028e+03    4.4839746497e+03   -6.5531351795e+04    4.6546430331e+01    4.5914948814e+01    4.5966937363e+01    2.4917726369e-02    8.0704971687e-02   -7.7886459958e-02    8.4333407524e+01    3.1625027822e+01    3.1625027822e+01
    4.0306910683e+03    4.5155738393e+03   -6.5555868397e+04    4.6223807978e+01    4.6130091821e+01    4.5944144610e+01    6.4635334966e-03    2.0802710727e-02    2.0157066447e-02    8.4333407524e+01    3.1625027822e+01    3.1625027822e+01
    4.0181167763e+03    4.5014868893e+03   -6.5542276094e+04    4.6334276318e+01    4.5973185056e+01    4.6232169534e+01   -1.2010457828e-01    1.0734545560e-01    1.5404775038e-01    8.4333407524e+01    3.1625027822e+01    3.1625027822e+01
    4.0302941031e+03    4.5151291202e+03   -6.5564067467e+04    4.6237548478e+01    4.5899361339e+01    4.6423390307e+01   -9.2103130401e-02    2.0423375937e-02   -1.4453442086e-01    8.4333407524e+01    3.1625027822e+01    3.1625027822e+01
    3.9512062437e+03    4.4265271750e+03   -6.5468270499e+04    4.6340683861e+01    4.6107669174e+01    4.6217357182e+01   -7.6678350318e-02    9.4050941639e-02   -9.0503835346e-02    8.4333407524e+01    3.1625027822e+01    3.1625027822e+01
    4.0012389520e+03    4.4825787019e+03   -6.5519583724e+04    4.6791184112e+01    4.6341872593e+01    4.6333982539e+01    2.8020705268e-01   -4.6187277523e-03    6.0693652727e-02    8.4333407524e+01    3.1625027822e+01    3.1625027822e+01
    4.0110194212e+03    4.4935357388e+03   -6.5536090921e+04    4.6135694555e+01    4.6156140617e+01    4.6164513597e+01    1.1218819362e-01    4.8684885483e-02   -4.3317528782e-02    8.4333407524e+01    3.1625027822e+01    3.1625027822e+01
    4.0352191997e+03    4.5206466944e+03   -6.5564262611e+04    4.6505488879e+01    4.6115148927e+01    4.6104544536e+01    7.9559670192e-02   -2.5730254576e-02    4.0723599358e-03    8.4333407524e+01    3.1625027822e+01    3.1625027822e+01
    3.9863149694e+03    4.4658593989e+03   -6.5512251995e+04    4.6559093109e+01    4.6088629117e+01    4.5976579158e+01    2.1992624257e-01    1.6334612517e-01   -3.5038239139e-02    8.4333407524e+01    3.1625027822e+01    3.1625027822e+01
    3.9775024869e+03    4.4559867953e+03   -6.5503894949e+04    4.6425702017e+01    4.6627125827e+01    4.6341636637e+01    1.3116921219e-02    2.3202985344e-01    4.2797845361e-02    8.4333407524e+01    3.1625027822e+01    3.1625027822e+01
    3.9729104513e+03    4.4508423484e+03   -6.5490079072e+04    4.6504637357e+01    4.6798056114e+01    4.6220234281e+01    1.2289070241e-01    3.0047639762e-02    1.0524250615e-01    8.4333407524e+01    3.1625027822e+01    3.1625027822e+01
    4.0032339102e+03    4.4848136489e+03   -6.5528690857e+04    4.6703310261e+01    4.6422323624e+01    4.6150547459e+01   -3.9941106943e-02   -6.5922371152e-02   -5.9843739782e-02    8.4333407524e+01    3.1625027822e+01    3.1625027822e+01
    4.0058666755e+03    4.4877631298e+03   -6.5531558218e+04    4.6440591217e+01    4.5939321864e+01    4.6310838295e+01    7.5565147913e-02   -7.1111965234e-02    1.0135924753e-01    8.4333407524e+01    3.1625027822e+01    3.1625027822e+01
    4.0518826151e+03    4.5393146800e+03   -6.5587059594e+04    4.6197357150e+01    4.5908776334e+01    4.5995775944e+01    1.8027965865e-01   -1.8193809837e-01    1.0056631537e-01    8.4333407524e+01    3.1625027822e+01    3.1625027822e+01
    4.0087709533e+03    4.4910167854e+03   -6.5531321867e+04    4.6567545369e+01    4.5788260580e+01    4.6518342455e+01   -8.9116375352e-02   -3.3522183491e-02   -5.4693374168e-02    8.4333407524e+01    3.1625027822e+01    3.1625027822e+01
    3.9989840984e+03    4.4800525946e+03   -6.5520768946e+04    4.6636919841e+01    4.5597126672e+01    4.5996432049e+01   -2.6440554164e-02   -1.9107783565e-02   -1.3741770923e-01    8.4333407524e+01    3.1625027822e+01    3.1625027822e+01
    4.0105780699e+03    4.4930412940e+03   -6.5539673759e+04    4.6369978616e+01    4.5600485369e+01    4.6028299218e+01    6.0277394518e-02   -3.9014903323e-02    1.5784991464e-01    8.4333407524e+01    3.1625027822e+01    3.1625027822e+01
    3.9923904283e+03    4.4726657214e+03   -6.5522297998e+04    4.6577012209e+01    4.6232120591e+01    4.6151922508e+01   -7.6917089132e-02    9.7633558511e-02    4.1835107745e-02    8.4333407524e+01    3.1625027822e+01    3.1625027822e+01
    3.9930822010e+03    4.4734407127e+03   -6.5511275599e+04    4.6507891951e+01    4.5945185727e+01    4.5988150852e+01   -2.2932039001e-02    8.3496611737e-02   -5.7400200949e-02    8.4333407524e+01    3.1625027822e+01    3.1625027822e+01
    4.0227559423e+03    4.5066841361e+03   -6.5550349223e+04    4.6093711943e+01    4.6017890056e+01    4.5808666642e+01    2.4366591631e-02   -7.3480184638e-04   -9.4393891146e-02    8.4333407524e+01    3.1625027822e+01    3.1625027822e+01
    3.9739977983e+03    4.4520605007e+03   -6.5495242997e+04    4.6573871342e+01    4.6002045866e+01    4.6102652443e+01    1.2429220065e-01   -1.6261051176e-02    1.8507100293e-01    8.4333407524e+01    3.1625027822e+01    3.1625027822e+01
    3.9798303532e+03    4.4585946984e+03   -6.5498791703e+04    4.6462158229e+01    4.6469388820e+01    4.6296251834e+01   -1.1447660001e-02    2.5376869213e-02   -6.7987612458e-02    8.4333407524e+01    3.1625027822e+01    3.1625027822e+01
    3.9935979127e+03    4.4740184633e+03   -6.5517984457e+04    4.6646589486e+01    4.5783674266e+01    4.6152089676e+01    6.0469770093e-02    1.5977024620e-01    4.0016993047e-02    8.4333407524e+01    3.1625027822e+01    3.1625027822e+01
    3.9956645322e+03    4.4763336924e+03   -6.5519087963e+04    4.6854821289e+01    4.6019616000e+01    4.5655213233e+01   -4.8108039011e-02   -6.1113734409e-02   -1.8222721204e-01    8.4333407524e+01    3.1625027822e+01    3.1625027822e+01
    4.0055961449e+03    4.4874600550e+03   -6.5529597570e+04    4.6626589164e+01    4.6402210365e+01    4.6299994864e+01   -6.0841899127e-02   -1.1948861644e-01   -6.9680769802e-02    8.4333407524e+01    3.1625027822e+01    3.1625027822e+01
    4.0130001514e+03    4.4957547463e+03   -6.5540787617e+04    4.6277392822e+01    4.5824613929e+01    4.6108389516e+01   -1.1569579932e-01   -1.9641517885e-02   -2.2858735563e-01    8.4333407524e+01    3.1625027822e+01    3.1625027822e+01
    4.0112486164e+03    4.4937925057e+03   -6.5540853952e+04    4.6357675587e+01    4.6238509992e+01    4.5795839483e+01   -1.0352774438e-01   -2.6236678169e-02   -2.2278073887e-01    8.4333407524e+01    3.1625027822e+01    3.1625027822e+01
    3.9500689596e+03    4.4252530783e+03   -6.5466204542e+04    4.6473255853e+01    4.6245379384e+01    4.6625844289e+01   -1.3901638389e-01   -1.6069277075e-01    2.4248576990e-01    8.4333407524e+01    3.1625027822e+01    3.1625027822e+01
    3.9572568299e+03    4.4333056327e+03   -6.5483463753e+04    4.7067252910e+01    4.6073431377e+01    4.6228357176e+01   -2.5267751310e-02   -6.0441415242e-02    6.7830688937e-02    8.4333407524e+01    3.1625027822e+01    3.1625027822e+01
    3.9782418750e+03    4.4568151300e+03   -6.5504003681e+04    4.6466630918e+01    4.6110838333e+01    4.6451831250e+01    7.9670206975e-02   -6.8784674115e-02   -1.2525431619e-01    8.4333407524e+01    3.1625027822e+01    3.1625027822e+01
    4.0181049203e+03    4.5014736070e+03   -6.5549623164e+04    4.6487048311e+01    4.6160102472e+01    4.6068397806e+01    6.5917872740e-02    7.9559105514e-02   -3.0215695005e-02    8.4333407524e+01    3.1625027822e+01    3.1625027822e+01
    3.9722344149e+03    4.4500849864e+03   -6.5498047904e+04    4.6665766519e+01    4.6042993786e+01    4.6450098314e+01   -6.6520889998e-02    1.4126860316e-01    8.4368037216e-02    8.4333407524e+01    3.1625027822e+01    3.1625027822e+01
    3.9912253518e+03    4.4713604888e+03   -6.5512874744e+04    4.6693218347e+01    4.5975109692e+01    4.6407534433e+01    5.9675848399e-02    2.3564012512e-02   -2.3443740502e-02    8.4333407524e+01    3.1625027822e+01    3.1625027822e+01
    4.0424115524e+03    4.5287042705e+03   -6.5574302100e+04    4.6016269253e+01    4.5948394731e+01    4.5749963553e+01   -7.0269819232e-02   -1.7825409492e-02   -5.9929268194e-02    8.4333407524e+01    3.1625027822e+01    3.1625027822e+01
    3.9838140530e+03    4.4630576281e+03   -6.5506396206e+04    4.6762067289e+01    4.6251069406e+01    4.6150668289e+01    3.3577554993e-01    6.5727557492e-02   -4.4890963231e-03    8.4333407524e+01    3.1625027822e+01    3.1625027822e+01
    3.9892780029e+03    4.4691788784e+03   -6.5507896216e+04    4.6666228958e+01    4.6046490888e+01    4.5878102697e+01   -1.9909471745e-01   -5.2436490695e-02    2.4333100324e-01    8.4333407524e+01    3.1625027822e+01    3.1625027822e+01
    3.9843655319e+03    4.4636754486e+03   -6.5507346594e+04    4.7037470991e+01    4.5883266113e+01    4.5806051276e+01   -2.2168390156e-01    6.4672035160e-02   -7.5529879733e-02    8.4333407524e+01    3.1625027822e+01    3.1625027822e+01
    3.9920969640e+03    4.4723369540e+03   -6.5515027781e+04    4.6156567353e+01    4.6196499014e+01    4.6113602880e+01    6.9109877055e-03   -4.4507336897e-02   -8.2849593623e-02    8.4333407524e+01    3.1625027822e+01    3.1625027822e+01
    4.0106039306e+03    4.4930702656e+03   -6.5538578359e+04    4.6373881199e+01    4.5440935767e+01    4.6208271111e+01   -5.3780090310e-02    1.1491155080e-01    6.9910779742e-02    8.4333407524e+01    3.1625027822e+01    3.1625027822e+01
    3.9924111910e+03    4.4726889818e+03   -6.5518090152e+04    4.6708198052e+01    4.6242114349e+01    4.5774932540e+01   -8.9797131858e-02    2.3455047956e-01    6.1824883090e-02    8.4333407524e+01    3.1625027822e+01    3.1625027822e+01
    4.0172836654e+03    4.5005535570e+03   -6.5540266222e+04    4.6294585749e+01    4.6299294006e+01    4.6338982949e+01   -6.6761613730e-02   -2.9116610271e-03   -3.9377396756e-02    8.4333407524e+01    3.1625027822e+01    3.1625027822e+01
    3.9866763634e+03    4.4662642678e+03   -6.5509866985e+04    4.6288455379e+01    4.6082414230e+01    4.6440746327e+01    5.4651101144e-02   -1.2897254829e-01   -1.8346233555e-01    8.4333407524e+01    3.1625027822e+01    3.1625027822e+01
    4.0252445521e+03    4.5094721200e+03   -6.5556779649e+04    4.6163374599e+01    4.5891192486e+01    4.5754808546e+01    2.7420261100e-03   -3.7058665177e-02   -6.5662804525e-02    8.4333407524e+01    3.1625027822e+01    3.1625027822e+01
    4.0062702530e+03    4.4882152568e+03   -6.5526402153e+04    4.6435293723e+01    4.6251419869e+01    4.5892834223e+01   -7.8909277098e-02    9.0348892085e-02   -1.5376973829e-01    8.4333407524e+01    3.1625027822e+01    3.1625027822e+01
    4.0246742508e+03    4.5088332127e+03   -6.5554897825e+04    4.5979565097e+01    4.5816446075e+01    4.6136357100e+01    2.9800862018e-02    1.7220025496e-03    7.7110163199e-02    8.4333407524e+01    3.1625027822e+01    3.1625027822e+01
    3.9644856140e+03    4.4414040228e+03   -6.5480225295e+04    4.6670140078e+01    4.6217547067e+01    4.6311573680e+01    5.7368590315e-02    4.2943771734e-03    2.0189561115e-01    8.4333407524e+01    3.1625027822e+01    3.1625027822e+01
    4.0156002999e+03    4.4986676865e+03   -6.5541425043e+04    4.6908050147e+01    4.6048425420e+01    4.6132280624e+01   -1.3215379001e-01   -1.0751777593e-01    1.6438214738e-01    8.4333407524e+01    3.1625027822e+01    3.1625027822e+01
    3.9778312665e+03    4.4563551262e+03   -6.5494988058e+04    4.6586617056e+01    4.5869366420e+01    4.6621367390e+01    6.8763127114e-02    4.9003540386e-02   -7.3609158483e-02    8.4333407524e+01    3.1625027822e+01    3.1625027822e+01
    3.9900694332e+03    4.4700655160e+03   -6.5512533754e+04    4.6704749424e+01    4.6302660453e+01    4.5957851440e+01    1.1621502772e-01   -1.3571799346e-01    7.4877677819e-02    8.4333407524e+01    3.1625027822e+01    3.1625027822e+01
    4.0047773457e+03    4.4865427562e+03   -6.5533771731e+04    4.6526884148e+01    4.5982325829e+01    4.5877438465e+01   -1.1297786559e-01    9.5122839965e-02   -1.2845897303e-01    8.4333407524e+01    3.1625027822e+01    3.1625027822e+01
    4.0385286461e+03    4.5243542596e+03   -6.5562528136e+04    4.6584201129e+01    4.6129449476e+01    4.5788532402e+01   -1.7252782642e-01   -1.1359957799e-01    2.2198488193e-01    8.4333407524e+01    3.1625027822e+01    3.1625027822e+01
    3.9997127977e+03    4.4808689548e+03   -6.5523254875e+04    4.6755190318e+01    4.5968640914e+01    4.6167514742e+01    1.9234648713e-02   -1.7302325358e-01   -9.3141691466e-02    8.4333407524e+01    3.1625027822e+01    3.1625027822e+01
    4.0010180727e+03    4.4823312514e+03   -6.5529007448e+04    4.6425008237e+01    4.6064519816e+01    4.6121831897e+01    1.2121619184e-01    4.1062272160e-02   -1.4869864755e-01    8.4333407524e+01    3.1625027822e+01    3.1625027822e+01
    3.9417212431e+03    4.4159011509e+03   -6.5457304347e+04    4.6565324015e+01    4.6039021045e+01    4.6683772558e+01    2.4595126378e-01   -2.2563922278e-02    3.4433970281e-03    8.4333407524e+01    3.1625027822e+01    3.1625027822e+01
    3.9961017562e+03    4.4768235134e+03   -6.5520755082e+04    4.6258313143e+01    4.6375404975e+01    4.5972574294e+01    1.7668215291e-01    1.2490888165e-01    7.1442440087e-02    8.4333407524e+01    3.1625027822e+01    3.1625027822e+01
    4.0099719690e+03    4.4923622806e+03   -6.5534069440e+04    4.6449977739e+01    4.6406206055e+01    4.6149643600e+01    1.9892157670e-01   -2.1323742276e-01    1.4117487701e-01    8.4333407524e+01    3.1625027822e+01    3.1625027822e+01
    3.9483409051e+03    4.4233171428e+03   -6.5462333268e+04    4.7110567566e+01    4.5987479415e+01    4.5932754921e+01   -6.1927904977e-02    5.4390392434e-02    8.4067023798e-02    8.4333407524e+01    3.1625027822e+01    3.1625027822e+01
    4.0074392459e+03    4.4895248768e+03   -6.5534796875e+04    4.6533568237e+01    4.6022067035e+01    4.5792460023e+01   -1.4979607498e-01    4.4998901953e-02   -1.2672165344e-01    8.4333407524e+01    3.1625027822e+01    3.1625027822e+01
    3.9897156925e+03    4.4696692211e+03   -6.5516560481e+04    4.6663859719e+01    4.6529974818e+01    4.5757581205e+01    5.0115961615e-02    9.8898442661e-02   -1.6138176007e-01    8.4333407524e+01    3.1625027822e+01    3.1625027822e+01
    3.9778749371e+03    4.4564040503e+03   -6.5499680768e+04    4.6975148594e+01    4.6144126900e+01    4.6207293142e+01    6.3608554013e-02   -1.0383966060e-01   -5.7959445064e-02    8.4333407524e+01    3.1625027822e+01    3.1625027822e+01
    3.9956889241e+03    4.4763610185e+03   -6.5518553019e+04    4.6542062538e+01    4.6041926037e+01    4.6092597415e+01   -5.0515672720e-02   -4.6469939897e-02    5.4247866069e-02    8.4333407524e+01    3.1625027822e+01    3.1625027822e+01
    3.9956889241e+03    4.4763610185e+03   -6.5518553019e+04    4.6542062538e+01    4.6041926037e+01    4.6092597415e+01   -5.0515672720e-02   -4.6469939897e-02    5.4247866069e-02    8.4333407524e+01    3.1625027822e+01    3.1625027822e+01
    3.9956889241e+03    4.4763610185e+03   -6.5518553019e+04    4.6542062538e+01    4.6041926037e+01    4.6092597415e+01   -5.0515672720e-02   -4.6469939897e-02    5.4247866069e-02    8.4333407524e+01    3.1625027822e+01    3.1625027822e+01
    3.9956889241e+03    4.4763610185e+03   -6.5518553019e+04    4.6542062538e+01    4.6041926037e+01    4.6092597415e+01   -5.0515672720e-02   -4.6469939897e-02    5.4247866069e-02    8.4333407524e+01    3.1625027822e+01    3.1625027822e+01
    3.9956889241e+03    4.4763610185e+03   -6.5518553019e+04    4.6542062538e+01    4.6041926037e+01    4.6092597415e+01   -5.0515672720e-02   -4.6469939897e-02    5.4247866069e-02    8.4333407524e+01    3.1625027822e+01    3.1625027822e+01
    3.9956889241e+03    4.4763610185e+03   -6.5518553019e+04    4.6542062538e+01    4.6041926037e+01    4.6092597415e+01   -5.0515672720e-02   -4.6469939897e-02    5.4247866069e-02    8.4333407524e+01    3.1625027822e+01    3.1625027822e+01
    3.9956889241e+03    4.4763610185e+03   -6.5518553019e+04    4.6542062538e+01    4.6041926037e+01    4.6092597415e+01   -5.0515672720e-02   -4.6469939897e-02    5.4247866069e-02    8.4333407524e+01    3.1625027822e+01    3.1625027822e+01
    3.9956889241e+03    4.4763610185e+03   -6.5518553019e+04    4.6542062538e+01    4.6041926037e+01    4.6092597415e+01   -5.0515672720e-02   -4.6469939897e-02    5.4247866069e-02    8.4333407524e+01    3.1625027822e+01    3.1625027822e+01
    3.9956889241e+03    4.4763610185e+03   -6.5518553019e+04    4.6542062538e+01    4.6041926037e+01    4.6092597415e+01   -5.0515672720e-02   -4.6469939897e-02    5.4247866069e-02    8.4333407524e+01    3.1625027822e+01    3.1625027822e+01
    3.9956889241e+03    4.4763610185e+03   -6.5518553019e+04    4.6542062538e+01    4.6041926037e+01    4.6092597415e+01   -5.0515672720e-02   -4.6469939897e-02    5.4247866069e-02    8.4333407524e+01    3.1625027822e+01    3.1625027822e+01
    3.9956889241e+03    4.4763610185e+03   -6.5518553019e+04    4.6542062538e+01    4.6041926037e+01    4.6092597415e+01   -5.0515672720e-02   -4.6469939897e-02    5.4247866069e-02    8.4333407524e+01    3.1625027822e+01    3.1625027822e+01
    3.9956889241e+03    4.4763610185e+03   -6.5518553019e+04    4.6542062538e+01    4.6041926037e+01    4.6092597415e+01   -5.0515672720e-02   -4.6469939897e-02    5.4247866069e-02    8.4333407524e+01    3.1625027822e+01    3.1625027822e+01
    3.9956889241e+03    4.4763610185e+03   -6.5518553019e+04    4.6542062538e+01    4.6041926037e+01    4.6092597415e+01   -5.0515672720e-02   -4.6469939897e-02    5.4247866069e-02    8.4333407524e+01    3.1625027822e+01    3.1625027822e+01
    3.9956889241e+03    4.4763610185e+03   -6.5518553019e+04    4.6542062538e+01    4.6041926037e+01    4.6092597415e+01   -5.0515672720e-02   -4.6469939897e-02    5.4247866069e-02    8.4333407524e+01    3.1625027822e+01    3.1625027822e+01
    3.9956889241e+03    4.4763610185e+03   -6.5518553019e+04    4.6542062538e+01    4.6041926037e+01    4.6092597415e+01   -5.0515672720e-02   -4.6469939897e-02    5.4247866069e-02    8.4333407524e+01    3.1625027822e+01    3.1625027822e+01
    3.9956889241e+03    4.4763610185e+03   -6.5518553019e+04    4.6542062538e+01    4.6041926037e+01    4.6092597415e+01   -5.0515672720e-02   -4.6469939897e-02    5.4247866069e-02    8.4333407524e+01    3.1625027822e+01    3.1625027822e+01
    3.9956889241e+03    4.4763610185e+03   -6.5518553019e+04    4.6542062538e+01    4.6041926037e+01    4.6092597415e+01   -5.0515672720e-02   -4.6469939897e-02    5.4247866069e-02    8.4333407524e+01    3.1625027822e+01    3.1625027822e+01
    3.9956889241e+03    4.4763610185e+03   -6.5518553019e+04    4.6542062538e+01    4.6041926037e+01    4.6092597415e+01   -5.0515672720e-02   -4.6469939897e-02    5.4247866069e-02    8.4333407524e+01    3.1625027822e+01    3.1625027822e+01
    3.9956889241e+03    4.4763610185e+03   -6.5518553019e+04    4.6542062538e+01    4.6041926037e+01    4.6092597415e+01   -5.0515672720e-02   -4.6469939897e-02    5.4247866069e-02    8.4333407524e+01    3.1625027822e+01    3.1625027822e+01
    3.9956889241e+03    4.4763610185e+03   -6.5518553019e+04    4.6542062538e+01    4.6041926037e+01    4.6092597415e+01   -5.0515672720e-02   -4.6469939897e-02    5.4247866069e-02    8.4333407524e+01    3.1625027822e+01    3.1625027822e+01
    3.9956889241e+03    4.4763610185e+03   -6.5518553019e+04    4.6542062538e+01    4.6041926037e+01    4.6092597415e+01   -5.0515672720e-02   -4.6469939897e-02    5.4247866069e-02    8.4333407524e+01    3.1625027822e+01    3.1625027822e+01
    3.9956889241e+03    4.4763610185e+03   -6.5518553019e+04    4.6542062538e+01    4.6041926037e+01    4.6092597415e+01   -5.0515672720e-02   -4.6469939897e-02    5.4247866069e-02    8.4333407524e+01    3.1625027822e+01    3.1625027822e+01
    3.9956889241e+03    4.4763610185e+03   -6.5518553019e+04    4.6542062538e+01    4.6041926037e+01    4.6092597415e+01   -5.0515672720e-02   -4.6469939897e-02    5.4247866069e-02    8.4333407524e+01    3.1625027822e+01    3.1625027822e+01
    3.9956889241e+03    4.4763610185e+03   -6.5518553019e+04    4.6542062538e+01    4.6041926037e+01    4.6092597415e+01   -5.0515672720e-02   -4.6469939897e-02    5.4247866069e-02    8.4333407524e+01    3.1625027822e+01    3.1625027822e+01
    3.9956889241e+03    4.4763610185e+03   -6.5518553019e+04    4.6542062538e+01    4.6041926037e+01    4.6092597415e+01   -5.0515672720e-02   -4.6469939897e-02    5.4247866069e-02    8.4333407524e+01    3.1625027822e+01    3.1625027822e+01
    3.9956889241e+03    4.4763610185e+03   -6.5518553019e+04    4.6542062538e+01    4.6041926037e+01    4.6092597415e+01   -5.0515672720e-02   -4.6469939897e-02    5.4247866069e-02    8.4333407524e+01    3.1625027822e+01    3.1625027822e+01
    3.9956889241e+03    4.4763610185e+03   -6.5518553019e+04    4.6542062538e+01    4.6041926037e+01    4.6092597415e+01   -5.0515672720e-02   -4.6469939897e-02    5.4247866069e-02    8.4333407524e+01    3.1625027822e+01    3.1625027822e+01
    3.9956889241e+03    4.4763610185e+03   -6.5518553019e+04    4.6542062538e+01    4.6041926037e+01    4.6092597415e+01   -5.0515672720e-02   -4.6469939897e-02    5.4247866069e-02    8.4333407524e+01    3.1625027822e+01    3.1625027822e+01
    3.9956889241e+03    4.4763610185e+03   -6.5518553019e+04    4.6542062538e+01    4.6041926037e+01    4.6092597415e+01   -5.0515672720e-02   -4.6469939897e-02    5.4247866069e-02    8.4333407524e+01    3.1625027822e+01    3.1625027822e+01
    3.9956889241e+03    4.4763610185e+03   -6.5518553019e+04    4.6542062538e+01    4.6041926037e+01    4.6092597415e+01   -5.0515672720e-02   -4.6469939897e-02    5.4247866069e-02    8.4333407524e+01    3.1625027822e+01    3.1625027822e+01
    3.9956889241e+03    4.4763610185e+03   -6.5518553019e+04    4.6542062538e+01    4.6041926037e+01    4.6092597415e+01   -5.0515672720e-02   -4.6469939897e-02    5.4247866069e-02    8.4333407524e+01    3.1625027822e+01    3.1625027822e+01
