mkdir: cannot create directory ‘99’: File exists
srun: Job 2722552 step creation temporarily disabled, retrying (Socket timed out on send/recv operation)
srun: Job 2722552 step creation still disabled, retrying (Requested nodes are busy)
srun: Job 2722552 step creation still disabled, retrying (Requested nodes are busy)
srun: Job 2722552 step creation still disabled, retrying (Requested nodes are busy)
srun: Job 2722552 step creation still disabled, retrying (Requested nodes are busy)
srun: Job 2722552 step creation still disabled, retrying (Requested nodes are busy)
srun: Job 2722552 step creation still disabled, retrying (Requested nodes are busy)
srun: Job 2722552 step creation still disabled, retrying (Requested nodes are busy)
srun: Job 2722552 step creation still disabled, retrying (Requested nodes are busy)
srun: Job 2722552 step creation still disabled, retrying (Requested nodes are busy)
srun: Job 2722552 step creation still disabled, retrying (Requested nodes are busy)
srun: Job 2722552 step creation still disabled, retrying (Requested nodes are busy)
srun: Job 2722552 step creation still disabled, retrying (Requested nodes are busy)
srun: Job 2722552 step creation still disabled, retrying (Requested nodes are busy)
srun: Job 2722552 step creation still disabled, retrying (Requested nodes are busy)
srun: Job 2722552 step creation still disabled, retrying (Requested nodes are busy)
srun: Job 2722552 step creation still disabled, retrying (Requested nodes are busy)
srun: Job 2722552 step creation still disabled, retrying (Requested nodes are busy)
srun: Job 2722552 step creation still disabled, retrying (Requested nodes are busy)
srun: Job 2722552 step creation still disabled, retrying (Requested nodes are busy)
srun: Job 2722552 step creation still disabled, retrying (Requested nodes are busy)
srun: Job 2722552 step creation still disabled, retrying (Requested nodes are busy)
srun: Job 2722552 step creation still disabled, retrying (Requested nodes are busy)
srun: Job 2722552 step creation still disabled, retrying (Requested nodes are busy)
srun: Job 2722552 step creation still disabled, retrying (Requested nodes are busy)
srun: Job 2722552 step creation still disabled, retrying (Requested nodes are busy)
srun: Job 2722552 step creation still disabled, retrying (Requested nodes are busy)
srun: Job 2722552 step creation still disabled, retrying (Requested nodes are busy)
srun: Job 2722552 step creation still disabled, retrying (Requested nodes are busy)
srun: Job 2722552 step creation still disabled, retrying (Requested nodes are busy)
srun: Job 2722552 step creation still disabled, retrying (Requested nodes are busy)
srun: Job 2722552 step creation still disabled, retrying (Requested nodes are busy)
srun: Job 2722552 step creation still disabled, retrying (Requested nodes are busy)
srun: Job 2722552 step creation still disabled, retrying (Requested nodes are busy)
srun: Job 2722552 step creation still disabled, retrying (Requested nodes are busy)
srun: Job 2722552 step creation still disabled, retrying (Requested nodes are busy)
srun: Job 2722552 step creation still disabled, retrying (Requested nodes are busy)
srun: Job 2722552 step creation still disabled, retrying (Requested nodes are busy)
srun: Job 2722552 step creation still disabled, retrying (Requested nodes are busy)
srun: Job 2722552 step creation still disabled, retrying (Requested nodes are busy)
srun: Job 2722552 step creation still disabled, retrying (Requested nodes are busy)
srun: Job 2722552 step creation still disabled, retrying (Requested nodes are busy)
srun: Job 2722552 step creation still disabled, retrying (Requested nodes are busy)
srun: Job 2722552 step creation still disabled, retrying (Requested nodes are busy)
srun: Job 2722552 step creation still disabled, retrying (Requested nodes are busy)
srun: Job 2722552 step creation still disabled, retrying (Requested nodes are busy)
srun: Job 2722552 step creation still disabled, retrying (Requested nodes are busy)
srun: Job 2722552 step creation still disabled, retrying (Requested nodes are busy)
srun: Job 2722552 step creation still disabled, retrying (Requested nodes are busy)
srun: Job 2722552 step creation still disabled, retrying (Requested nodes are busy)
srun: Job 2722552 step creation still disabled, retrying (Requested nodes are busy)
srun: Job 2722552 step creation still disabled, retrying (Requested nodes are busy)
srun: Job 2722552 step creation still disabled, retrying (Requested nodes are busy)
srun: Job 2722552 step creation still disabled, retrying (Requested nodes are busy)
srun: Job 2722552 step creation still disabled, retrying (Requested nodes are busy)
srun: Job 2722552 step creation still disabled, retrying (Requested nodes are busy)
srun: Job 2722552 step creation still disabled, retrying (Requested nodes are busy)
srun: Job 2722552 step creation still disabled, retrying (Requested nodes are busy)
srun: Job 2722552 step creation still disabled, retrying (Requested nodes are busy)
srun: Job 2722552 step creation still disabled, retrying (Requested nodes are busy)
srun: Job 2722552 step creation still disabled, retrying (Requested nodes are busy)
srun: Job 2722552 step creation still disabled, retrying (Requested nodes are busy)
srun: Job 2722552 step creation still disabled, retrying (Requested nodes are busy)
srun: Job 2722552 step creation still disabled, retrying (Requested nodes are busy)
srun: Job 2722552 step creation still disabled, retrying (Requested nodes are busy)
srun: Job 2722552 step creation still disabled, retrying (Requested nodes are busy)
srun: Job 2722552 step creation still disabled, retrying (Requested nodes are busy)
srun: Job 2722552 step creation still disabled, retrying (Requested nodes are busy)
srun: Job 2722552 step creation still disabled, retrying (Requested nodes are busy)
srun: Job 2722552 step creation still disabled, retrying (Requested nodes are busy)
srun: Job 2722552 step creation still disabled, retrying (Requested nodes are busy)
srun: Job 2722552 step creation still disabled, retrying (Requested nodes are busy)
srun: Job 2722552 step creation still disabled, retrying (Requested nodes are busy)
srun: Job 2722552 step creation still disabled, retrying (Requested nodes are busy)
srun: Job 2722552 step creation still disabled, retrying (Requested nodes are busy)
srun: Job 2722552 step creation still disabled, retrying (Requested nodes are busy)
srun: Job 2722552 step creation still disabled, retrying (Requested nodes are busy)
srun: Job 2722552 step creation still disabled, retrying (Requested nodes are busy)
srun: Job 2722552 step creation still disabled, retrying (Requested nodes are busy)
srun: Job 2722552 step creation still disabled, retrying (Requested nodes are busy)
srun: Job 2722552 step creation still disabled, retrying (Requested nodes are busy)
srun: Job 2722552 step creation still disabled, retrying (Requested nodes are busy)
srun: Job 2722552 step creation still disabled, retrying (Requested nodes are busy)
srun: Job 2722552 step creation still disabled, retrying (Requested nodes are busy)
srun: Job 2722552 step creation still disabled, retrying (Requested nodes are busy)
srun: Job 2722552 step creation still disabled, retrying (Requested nodes are busy)
srun: Job 2722552 step creation still disabled, retrying (Requested nodes are busy)
srun: Job 2722552 step creation still disabled, retrying (Requested nodes are busy)
srun: Job 2722552 step creation still disabled, retrying (Requested nodes are busy)
srun: Job 2722552 step creation still disabled, retrying (Requested nodes are busy)
srun: Job 2722552 step creation still disabled, retrying (Requested nodes are busy)
srun: Job 2722552 step creation still disabled, retrying (Requested nodes are busy)
srun: Job 2722552 step creation still disabled, retrying (Requested nodes are busy)
srun: Job 2722552 step creation still disabled, retrying (Requested nodes are busy)
srun: Job 2722552 step creation still disabled, retrying (Requested nodes are busy)
srun: Job 2722552 step creation still disabled, retrying (Requested nodes are busy)
srun: Job 2722552 step creation still disabled, retrying (Requested nodes are busy)
srun: Job 2722552 step creation still disabled, retrying (Requested nodes are busy)
srun: Job 2722552 step creation still disabled, retrying (Requested nodes are busy)
srun: Job 2722552 step creation still disabled, retrying (Requested nodes are busy)
srun: Job 2722552 step creation still disabled, retrying (Requested nodes are busy)
srun: Job 2722552 step creation still disabled, retrying (Requested nodes are busy)
srun: Job 2722552 step creation still disabled, retrying (Requested nodes are busy)
srun: Job 2722552 step creation still disabled, retrying (Requested nodes are busy)
srun: Job 2722552 step creation still disabled, retrying (Requested nodes are busy)
srun: Job 2722552 step creation still disabled, retrying (Requested nodes are busy)
srun: Job 2722552 step creation still disabled, retrying (Requested nodes are busy)
srun: Job 2722552 step creation still disabled, retrying (Requested nodes are busy)
srun: Job 2722552 step creation still disabled, retrying (Requested nodes are busy)
srun: Job 2722552 step creation still disabled, retrying (Requested nodes are busy)
srun: Job 2722552 step creation still disabled, retrying (Requested nodes are busy)
srun: Job 2722552 step creation still disabled, retrying (Requested nodes are busy)
srun: Job 2722552 step creation still disabled, retrying (Requested nodes are busy)
srun: Job 2722552 step creation still disabled, retrying (Requested nodes are busy)
srun: Job 2722552 step creation still disabled, retrying (Requested nodes are busy)
srun: Job 2722552 step creation still disabled, retrying (Requested nodes are busy)
srun: Job 2722552 step creation still disabled, retrying (Requested nodes are busy)
srun: Job 2722552 step creation still disabled, retrying (Requested nodes are busy)
srun: Job 2722552 step creation still disabled, retrying (Requested nodes are busy)
srun: Job 2722552 step creation still disabled, retrying (Requested nodes are busy)
srun: Job 2722552 step creation still disabled, retrying (Requested nodes are busy)
srun: Job 2722552 step creation still disabled, retrying (Requested nodes are busy)
srun: Job 2722552 step creation still disabled, retrying (Requested nodes are busy)
srun: Job 2722552 step creation still disabled, retrying (Requested nodes are busy)
srun: Job 2722552 step creation still disabled, retrying (Requested nodes are busy)
srun: Job 2722552 step creation still disabled, retrying (Requested nodes are busy)
srun: Job 2722552 step creation still disabled, retrying (Requested nodes are busy)
srun: Job 2722552 step creation still disabled, retrying (Requested nodes are busy)
srun: Job 2722552 step creation still disabled, retrying (Requested nodes are busy)
srun: Job 2722552 step creation still disabled, retrying (Socket timed out on send/recv operation)
srun: Job 2722552 step creation still disabled, retrying (Requested nodes are busy)
srun: Job 2722552 step creation still disabled, retrying (Requested nodes are busy)
srun: Job 2722552 step creation still disabled, retrying (Requested nodes are busy)
srun: Job 2722552 step creation still disabled, retrying (Requested nodes are busy)
srun: Job 2722552 step creation still disabled, retrying (Requested nodes are busy)
srun: Job 2722552 step creation still disabled, retrying (Requested nodes are busy)
srun: Job 2722552 step creation still disabled, retrying (Requested nodes are busy)
srun: Job 2722552 step creation still disabled, retrying (Requested nodes are busy)
srun: Job 2722552 step creation still disabled, retrying (Requested nodes are busy)
srun: Job 2722552 step creation still disabled, retrying (Requested nodes are busy)
srun: Job 2722552 step creation still disabled, retrying (Requested nodes are busy)
srun: Job 2722552 step creation still disabled, retrying (Requested nodes are busy)
srun: Job 2722552 step creation still disabled, retrying (Requested nodes are busy)
srun: Job 2722552 step creation still disabled, retrying (Requested nodes are busy)
srun: Job 2722552 step creation still disabled, retrying (Requested nodes are busy)
srun: Job 2722552 step creation still disabled, retrying (Requested nodes are busy)
srun: Job 2722552 step creation still disabled, retrying (Requested nodes are busy)
srun: Job 2722552 step creation still disabled, retrying (Requested nodes are busy)
srun: Job 2722552 step creation still disabled, retrying (Requested nodes are busy)
srun: Job 2722552 step creation still disabled, retrying (Requested nodes are busy)
srun: Job 2722552 step creation still disabled, retrying (Requested nodes are busy)
srun: Job 2722552 step creation still disabled, retrying (Requested nodes are busy)
srun: Job 2722552 step creation still disabled, retrying (Requested nodes are busy)
srun: Job 2722552 step creation still disabled, retrying (Requested nodes are busy)
srun: Job 2722552 step creation still disabled, retrying (Requested nodes are busy)
srun: Job 2722552 step creation still disabled, retrying (Requested nodes are busy)
srun: Job 2722552 step creation still disabled, retrying (Requested nodes are busy)
srun: Job 2722552 step creation still disabled, retrying (Requested nodes are busy)
srun: Job 2722552 step creation still disabled, retrying (Requested nodes are busy)
srun: Job 2722552 step creation still disabled, retrying (Requested nodes are busy)
srun: Job 2722552 step creation still disabled, retrying (Requested nodes are busy)
srun: Job 2722552 step creation still disabled, retrying (Requested nodes are busy)
srun: Job 2722552 step creation still disabled, retrying (Requested nodes are busy)
srun: Job 2722552 step creation still disabled, retrying (Requested nodes are busy)
srun: Job 2722552 step creation still disabled, retrying (Requested nodes are busy)
srun: Job 2722552 step creation still disabled, retrying (Requested nodes are busy)
srun: Job 2722552 step creation still disabled, retrying (Requested nodes are busy)
srun: Job 2722552 step creation still disabled, retrying (Requested nodes are busy)
srun: Job 2722552 step creation still disabled, retrying (Requested nodes are busy)
srun: Job 2722552 step creation still disabled, retrying (Requested nodes are busy)
srun: Job 2722552 step creation still disabled, retrying (Requested nodes are busy)
srun: Job 2722552 step creation still disabled, retrying (Requested nodes are busy)
srun: Job 2722552 step creation still disabled, retrying (Requested nodes are busy)
srun: Job 2722552 step creation still disabled, retrying (Requested nodes are busy)
srun: Job 2722552 step creation still disabled, retrying (Requested nodes are busy)
srun: Job 2722552 step creation still disabled, retrying (Requested nodes are busy)
srun: Job 2722552 step creation still disabled, retrying (Requested nodes are busy)
srun: Job 2722552 step creation still disabled, retrying (Requested nodes are busy)
srun: Job 2722552 step creation still disabled, retrying (Requested nodes are busy)
srun: Job 2722552 step creation still disabled, retrying (Requested nodes are busy)
srun: Job 2722552 step creation still disabled, retrying (Requested nodes are busy)
srun: Job 2722552 step creation still disabled, retrying (Requested nodes are busy)
srun: Job 2722552 step creation still disabled, retrying (Requested nodes are busy)
srun: Job 2722552 step creation still disabled, retrying (Requested nodes are busy)
srun: Job 2722552 step creation still disabled, retrying (Requested nodes are busy)
srun: Job 2722552 step creation still disabled, retrying (Requested nodes are busy)
srun: Job 2722552 step creation still disabled, retrying (Requested nodes are busy)
srun: Job 2722552 step creation still disabled, retrying (Requested nodes are busy)
srun: Job 2722552 step creation still disabled, retrying (Requested nodes are busy)
srun: Job 2722552 step creation still disabled, retrying (Requested nodes are busy)
srun: Job 2722552 step creation still disabled, retrying (Requested nodes are busy)
srun: Job 2722552 step creation still disabled, retrying (Requested nodes are busy)
srun: Job 2722552 step creation still disabled, retrying (Requested nodes are busy)
srun: Job 2722552 step creation still disabled, retrying (Requested nodes are busy)
srun: Job 2722552 step creation still disabled, retrying (Requested nodes are busy)
srun: Job 2722552 step creation still disabled, retrying (Requested nodes are busy)
srun: Job 2722552 step creation still disabled, retrying (Requested nodes are busy)
srun: Job 2722552 step creation still disabled, retrying (Requested nodes are busy)
srun: Job 2722552 step creation still disabled, retrying (Requested nodes are busy)
srun: Job 2722552 step creation still disabled, retrying (Requested nodes are busy)
srun: Job 2722552 step creation still disabled, retrying (Requested nodes are busy)
srun: Job 2722552 step creation still disabled, retrying (Requested nodes are busy)
srun: Job 2722552 step creation still disabled, retrying (Requested nodes are busy)
srun: Job 2722552 step creation still disabled, retrying (Requested nodes are busy)
srun: Job 2722552 step creation still disabled, retrying (Requested nodes are busy)
srun: Job 2722552 step creation still disabled, retrying (Requested nodes are busy)
srun: Job 2722552 step creation still disabled, retrying (Requested nodes are busy)
srun: Job 2722552 step creation still disabled, retrying (Requested nodes are busy)
srun: Job 2722552 step creation still disabled, retrying (Requested nodes are busy)
srun: Job 2722552 step creation still disabled, retrying (Requested nodes are busy)
srun: Job 2722552 step creation still disabled, retrying (Requested nodes are busy)
srun: Job 2722552 step creation still disabled, retrying (Requested nodes are busy)
srun: Job 2722552 step creation still disabled, retrying (Requested nodes are busy)
srun: Job 2722552 step creation still disabled, retrying (Requested nodes are busy)
srun: Job 2722552 step creation still disabled, retrying (Requested nodes are busy)
srun: Job 2722552 step creation still disabled, retrying (Requested nodes are busy)
srun: Job 2722552 step creation still disabled, retrying (Requested nodes are busy)
srun: Job 2722552 step creation still disabled, retrying (Requested nodes are busy)
srun: Job 2722552 step creation still disabled, retrying (Requested nodes are busy)
srun: Job 2722552 step creation still disabled, retrying (Requested nodes are busy)
srun: Job 2722552 step creation still disabled, retrying (Requested nodes are busy)
srun: Job 2722552 step creation still disabled, retrying (Requested nodes are busy)
srun: Job 2722552 step creation still disabled, retrying (Requested nodes are busy)
srun: Job 2722552 step creation still disabled, retrying (Requested nodes are busy)
srun: Job 2722552 step creation still disabled, retrying (Requested nodes are busy)
srun: Job 2722552 step creation still disabled, retrying (Requested nodes are busy)
srun: Job 2722552 step creation still disabled, retrying (Requested nodes are busy)
srun: Job 2722552 step creation still disabled, retrying (Requested nodes are busy)
srun: Job 2722552 step creation still disabled, retrying (Requested nodes are busy)
srun: Job 2722552 step creation still disabled, retrying (Requested nodes are busy)
srun: Job 2722552 step creation still disabled, retrying (Requested nodes are busy)
srun: Job 2722552 step creation still disabled, retrying (Requested nodes are busy)
srun: Job 2722552 step creation still disabled, retrying (Requested nodes are busy)
srun: Job 2722552 step creation still disabled, retrying (Requested nodes are busy)
srun: Job 2722552 step creation still disabled, retrying (Requested nodes are busy)
srun: Job 2722552 step creation still disabled, retrying (Requested nodes are busy)
srun: Job 2722552 step creation still disabled, retrying (Requested nodes are busy)
srun: Job 2722552 step creation still disabled, retrying (Requested nodes are busy)
srun: Job 2722552 step creation still disabled, retrying (Requested nodes are busy)
srun: Job 2722552 step creation still disabled, retrying (Requested nodes are busy)
srun: Job 2722552 step creation still disabled, retrying (Requested nodes are busy)
srun: Job 2722552 step creation still disabled, retrying (Requested nodes are busy)
srun: Job 2722552 step creation still disabled, retrying (Requested nodes are busy)
srun: Job 2722552 step creation still disabled, retrying (Requested nodes are busy)
srun: Job 2722552 step creation still disabled, retrying (Requested nodes are busy)
srun: Job 2722552 step creation still disabled, retrying (Requested nodes are busy)
srun: Job 2722552 step creation still disabled, retrying (Requested nodes are busy)
srun: Job 2722552 step creation still disabled, retrying (Requested nodes are busy)
srun: Job 2722552 step creation still disabled, retrying (Requested nodes are busy)
srun: Job 2722552 step creation still disabled, retrying (Requested nodes are busy)
srun: Job 2722552 step creation still disabled, retrying (Requested nodes are busy)
srun: Job 2722552 step creation still disabled, retrying (Requested nodes are busy)
srun: Job 2722552 step creation still disabled, retrying (Requested nodes are busy)
srun: Job 2722552 step creation still disabled, retrying (Requested nodes are busy)
srun: Job 2722552 step creation still disabled, retrying (Requested nodes are busy)
srun: Job 2722552 step creation still disabled, retrying (Requested nodes are busy)
srun: Job 2722552 step creation still disabled, retrying (Requested nodes are busy)
srun: Job 2722552 step creation still disabled, retrying (Requested nodes are busy)
srun: Job 2722552 step creation still disabled, retrying (Socket timed out on send/recv operation)
srun: Job 2722552 step creation still disabled, retrying (Requested nodes are busy)
srun: Job 2722552 step creation still disabled, retrying (Requested nodes are busy)
srun: Job 2722552 step creation still disabled, retrying (Requested nodes are busy)
srun: Job 2722552 step creation still disabled, retrying (Requested nodes are busy)
srun: Job 2722552 step creation still disabled, retrying (Requested nodes are busy)
srun: Job 2722552 step creation still disabled, retrying (Requested nodes are busy)
srun: Job 2722552 step creation still disabled, retrying (Requested nodes are busy)
srun: Job 2722552 step creation still disabled, retrying (Requested nodes are busy)
srun: Job 2722552 step creation still disabled, retrying (Requested nodes are busy)
srun: Job 2722552 step creation still disabled, retrying (Requested nodes are busy)
srun: Job 2722552 step creation still disabled, retrying (Requested nodes are busy)
srun: Job 2722552 step creation still disabled, retrying (Requested nodes are busy)
srun: Job 2722552 step creation still disabled, retrying (Requested nodes are busy)
srun: Job 2722552 step creation still disabled, retrying (Requested nodes are busy)
srun: Job 2722552 step creation still disabled, retrying (Requested nodes are busy)
srun: Job 2722552 step creation still disabled, retrying (Requested nodes are busy)
srun: Job 2722552 step creation still disabled, retrying (Requested nodes are busy)
srun: Job 2722552 step creation still disabled, retrying (Requested nodes are busy)
srun: Job 2722552 step creation still disabled, retrying (Requested nodes are busy)
srun: Job 2722552 step creation still disabled, retrying (Requested nodes are busy)
srun: Job 2722552 step creation still disabled, retrying (Requested nodes are busy)
srun: Job 2722552 step creation still disabled, retrying (Requested nodes are busy)
srun: Job 2722552 step creation still disabled, retrying (Requested nodes are busy)
srun: Job 2722552 step creation still disabled, retrying (Requested nodes are busy)
srun: Job 2722552 step creation still disabled, retrying (Requested nodes are busy)
srun: Job 2722552 step creation still disabled, retrying (Requested nodes are busy)
srun: Job 2722552 step creation still disabled, retrying (Requested nodes are busy)
srun: Job 2722552 step creation still disabled, retrying (Requested nodes are busy)
srun: Job 2722552 step creation still disabled, retrying (Requested nodes are busy)
srun: Job 2722552 step creation still disabled, retrying (Requested nodes are busy)
srun: Job 2722552 step creation still disabled, retrying (Requested nodes are busy)
srun: Job 2722552 step creation still disabled, retrying (Requested nodes are busy)
srun: Job 2722552 step creation still disabled, retrying (Requested nodes are busy)
srun: Job 2722552 step creation still disabled, retrying (Requested nodes are busy)
srun: Job 2722552 step creation still disabled, retrying (Requested nodes are busy)
srun: Job 2722552 step creation still disabled, retrying (Requested nodes are busy)
srun: Job 2722552 step creation still disabled, retrying (Requested nodes are busy)
srun: Job 2722552 step creation still disabled, retrying (Requested nodes are busy)
srun: Job 2722552 step creation still disabled, retrying (Requested nodes are busy)
srun: Job 2722552 step creation still disabled, retrying (Requested nodes are busy)
srun: Job 2722552 step creation still disabled, retrying (Requested nodes are busy)
srun: Job 2722552 step creation still disabled, retrying (Requested nodes are busy)
srun: Job 2722552 step creation still disabled, retrying (Requested nodes are busy)
srun: Job 2722552 step creation still disabled, retrying (Requested nodes are busy)
srun: Job 2722552 step creation still disabled, retrying (Requested nodes are busy)
srun: Job 2722552 step creation still disabled, retrying (Requested nodes are busy)
srun: Job 2722552 step creation still disabled, retrying (Requested nodes are busy)
srun: Job 2722552 step creation still disabled, retrying (Requested nodes are busy)
srun: Job 2722552 step creation still disabled, retrying (Requested nodes are busy)
srun: Job 2722552 step creation still disabled, retrying (Requested nodes are busy)
srun: Job 2722552 step creation still disabled, retrying (Requested nodes are busy)
srun: Job 2722552 step creation still disabled, retrying (Requested nodes are busy)
srun: Job 2722552 step creation still disabled, retrying (Requested nodes are busy)
srun: Job 2722552 step creation still disabled, retrying (Requested nodes are busy)
srun: Job 2722552 step creation still disabled, retrying (Requested nodes are busy)
srun: Job 2722552 step creation still disabled, retrying (Requested nodes are busy)
srun: Job 2722552 step creation still disabled, retrying (Requested nodes are busy)
srun: Job 2722552 step creation still disabled, retrying (Requested nodes are busy)
srun: Job 2722552 step creation still disabled, retrying (Requested nodes are busy)
srun: Job 2722552 step creation still disabled, retrying (Requested nodes are busy)
srun: Job 2722552 step creation still disabled, retrying (Requested nodes are busy)
srun: Job 2722552 step creation still disabled, retrying (Requested nodes are busy)
srun: Job 2722552 step creation still disabled, retrying (Requested nodes are busy)
srun: Job 2722552 step creation still disabled, retrying (Requested nodes are busy)
srun: Job 2722552 step creation still disabled, retrying (Requested nodes are busy)
srun: Job 2722552 step creation still disabled, retrying (Requested nodes are busy)
srun: Job 2722552 step creation still disabled, retrying (Requested nodes are busy)
srun: Job 2722552 step creation still disabled, retrying (Requested nodes are busy)
srun: Job 2722552 step creation still disabled, retrying (Requested nodes are busy)
srun: Job 2722552 step creation still disabled, retrying (Requested nodes are busy)
srun: Job 2722552 step creation still disabled, retrying (Requested nodes are busy)
srun: Job 2722552 step creation still disabled, retrying (Requested nodes are busy)
srun: Job 2722552 step creation still disabled, retrying (Requested nodes are busy)
srun: Job 2722552 step creation still disabled, retrying (Requested nodes are busy)
srun: Job 2722552 step creation still disabled, retrying (Requested nodes are busy)
srun: Job 2722552 step creation still disabled, retrying (Requested nodes are busy)
srun: Job 2722552 step creation still disabled, retrying (Requested nodes are busy)
srun: Job 2722552 step creation still disabled, retrying (Requested nodes are busy)
srun: Job 2722552 step creation still disabled, retrying (Requested nodes are busy)
srun: Job 2722552 step creation still disabled, retrying (Requested nodes are busy)
srun: Job 2722552 step creation still disabled, retrying (Requested nodes are busy)
srun: Job 2722552 step creation still disabled, retrying (Requested nodes are busy)
srun: Job 2722552 step creation still disabled, retrying (Requested nodes are busy)
srun: Job 2722552 step creation still disabled, retrying (Requested nodes are busy)
srun: Job 2722552 step creation still disabled, retrying (Requested nodes are busy)
srun: Job 2722552 step creation still disabled, retrying (Requested nodes are busy)
srun: Job 2722552 step creation still disabled, retrying (Requested nodes are busy)
srun: Job 2722552 step creation still disabled, retrying (Requested nodes are busy)
srun: Job 2722552 step creation still disabled, retrying (Requested nodes are busy)
srun: Job 2722552 step creation still disabled, retrying (Requested nodes are busy)
srun: Job 2722552 step creation still disabled, retrying (Requested nodes are busy)
srun: Job 2722552 step creation still disabled, retrying (Requested nodes are busy)
srun: Job 2722552 step creation still disabled, retrying (Requested nodes are busy)
srun: Job 2722552 step creation still disabled, retrying (Requested nodes are busy)
srun: Job 2722552 step creation still disabled, retrying (Requested nodes are busy)
srun: Job 2722552 step creation still disabled, retrying (Requested nodes are busy)
srun: Job 2722552 step creation still disabled, retrying (Requested nodes are busy)
srun: Job 2722552 step creation still disabled, retrying (Requested nodes are busy)
srun: Job 2722552 step creation still disabled, retrying (Requested nodes are busy)
srun: Job 2722552 step creation still disabled, retrying (Requested nodes are busy)
srun: Job 2722552 step creation still disabled, retrying (Requested nodes are busy)
srun: Job 2722552 step creation still disabled, retrying (Requested nodes are busy)
srun: Job 2722552 step creation still disabled, retrying (Requested nodes are busy)
srun: Job 2722552 step creation still disabled, retrying (Requested nodes are busy)
srun: Job 2722552 step creation still disabled, retrying (Requested nodes are busy)
srun: Job 2722552 step creation still disabled, retrying (Requested nodes are busy)
srun: Job 2722552 step creation still disabled, retrying (Requested nodes are busy)
srun: Job 2722552 step creation still disabled, retrying (Requested nodes are busy)
srun: Job 2722552 step creation still disabled, retrying (Requested nodes are busy)
srun: Job 2722552 step creation still disabled, retrying (Requested nodes are busy)
srun: Job 2722552 step creation still disabled, retrying (Requested nodes are busy)
srun: Job 2722552 step creation still disabled, retrying (Requested nodes are busy)
srun: Job 2722552 step creation still disabled, retrying (Requested nodes are busy)
srun: Job 2722552 step creation still disabled, retrying (Requested nodes are busy)
srun: Job 2722552 step creation still disabled, retrying (Requested nodes are busy)
srun: Job 2722552 step creation still disabled, retrying (Requested nodes are busy)
srun: Job 2722552 step creation still disabled, retrying (Requested nodes are busy)
srun: Job 2722552 step creation still disabled, retrying (Requested nodes are busy)
srun: Job 2722552 step creation still disabled, retrying (Requested nodes are busy)
srun: Job 2722552 step creation still disabled, retrying (Requested nodes are busy)
srun: Job 2722552 step creation still disabled, retrying (Requested nodes are busy)
srun: Job 2722552 step creation still disabled, retrying (Requested nodes are busy)
srun: Job 2722552 step creation still disabled, retrying (Requested nodes are busy)
srun: Job 2722552 step creation still disabled, retrying (Requested nodes are busy)
srun: Job 2722552 step creation still disabled, retrying (Requested nodes are busy)
srun: Job 2722552 step creation still disabled, retrying (Requested nodes are busy)
srun: Job 2722552 step creation still disabled, retrying (Requested nodes are busy)
srun: Job 2722552 step creation still disabled, retrying (Requested nodes are busy)
srun: Job 2722552 step creation still disabled, retrying (Requested nodes are busy)
srun: Job 2722552 step creation still disabled, retrying (Requested nodes are busy)
srun: Job 2722552 step creation still disabled, retrying (Socket timed out on send/recv operation)
srun: Job 2722552 step creation still disabled, retrying (Requested nodes are busy)
srun: Job 2722552 step creation still disabled, retrying (Requested nodes are busy)
srun: Job 2722552 step creation still disabled, retrying (Requested nodes are busy)
srun: Job 2722552 step creation still disabled, retrying (Requested nodes are busy)
srun: Job 2722552 step creation still disabled, retrying (Requested nodes are busy)
srun: Job 2722552 step creation still disabled, retrying (Requested nodes are busy)
srun: Job 2722552 step creation still disabled, retrying (Requested nodes are busy)
srun: Job 2722552 step creation still disabled, retrying (Requested nodes are busy)
srun: Job 2722552 step creation still disabled, retrying (Requested nodes are busy)
srun: Job 2722552 step creation still disabled, retrying (Requested nodes are busy)
srun: Job 2722552 step creation still disabled, retrying (Requested nodes are busy)
srun: error: Unable to create step for job 2722552: Job/step already completing or completed
rm: cannot remove ‘CHG*’: No such file or directory
rm: cannot remove ‘IBZKPT’: No such file or directory
rm: cannot remove ‘CONTCAR’: No such file or directory
rm: cannot remove ‘DOSCAR’: No such file or directory
rm: cannot remove ‘EIGENVAL’: No such file or directory
rm: cannot remove ‘OSZICAR’: No such file or directory
rm: cannot remove ‘PCDAT’: No such file or directory
rm: cannot remove ‘REPORT’: No such file or directory
rm: cannot remove ‘WAVECAR’: No such file or directory
rm: cannot remove ‘XDATCAR’: No such file or directory
slurmstepd: error: *** JOB 2722552 ON ic0304 CANCELLED AT 2024-05-01T22:01:07 ***
srun: error: Slurm job 2722552 has expired
srun: Check SLURM_JOB_ID environment variable. Expired or invalid job 2722552
