    2.9976459150e+03    2.5108454237e+03   -4.8362044386e+04    8.0520068709e+01    7.9455740506e+01    7.9923614184e+01    9.4951673929e-02    1.1107681725e-01   -3.0195741276e-02    6.1005964536e+01    3.0502982268e+01    3.0502982268e+01
    2.9758909704e+03    2.4926233572e+03   -4.8331213679e+04    8.0020587936e+01    8.0258616811e+01    8.0128084177e+01   -1.0354671179e-01   -8.6775145650e-02   -1.6174603886e-01    6.1005964536e+01    3.0502982268e+01    3.0502982268e+01
    3.0049669633e+03    2.5169775758e+03   -4.8354311644e+04    7.9836589547e+01    7.9914715928e+01    7.9642449316e+01    2.2491721406e-01    5.9609577517e-02    2.5675617467e-01    6.1005964536e+01    3.0502982268e+01    3.0502982268e+01
    2.9810565325e+03    2.4969500617e+03   -4.8335407074e+04    8.0313720861e+01    8.0089916240e+01    7.9798147746e+01    1.6263654899e-01    4.4585087341e-02    1.1431577702e-01    6.1005964536e+01    3.0502982268e+01    3.0502982268e+01
    2.9864888247e+03    2.5015001808e+03   -4.8339129832e+04    8.0657170912e+01    7.9746053442e+01    7.9889730538e+01    7.6794669990e-02    1.1334755850e-01    1.2814329088e-01    6.1005964536e+01    3.0502982268e+01    3.0502982268e+01
    3.0124957388e+03    2.5232837213e+03   -4.8359480221e+04    8.0160198389e+01    7.9630583568e+01    8.0183215181e+01   -5.2881811886e-02    9.9908423065e-02   -1.8057111528e-01    6.1005964536e+01    3.0502982268e+01    3.0502982268e+01
    3.0131716410e+03    2.5238498609e+03   -4.8361222745e+04    7.9963841438e+01    8.0125616109e+01    8.0106568284e+01    4.8372474464e-03    1.6515549092e-02   -2.6697651547e-01    6.1005964536e+01    3.0502982268e+01    3.0502982268e+01
    2.9897463974e+03    2.5042287424e+03   -4.8340504462e+04    8.0407092522e+01    7.9804250710e+01    7.9852264447e+01   -1.1590902088e-01    1.2722659105e-02    4.3094704973e-02    6.1005964536e+01    3.0502982268e+01    3.0502982268e+01
    2.9758619939e+03    2.4925990864e+03   -4.8329295968e+04    7.9960260254e+01    8.0257205935e+01    7.9891731368e+01   -7.2640235756e-04   -1.6395999481e-01   -6.8660586308e-02    6.1005964536e+01    3.0502982268e+01    3.0502982268e+01
    2.9640178369e+03    2.4826783525e+03   -4.8321155873e+04    8.0213238384e+01    7.9730796577e+01    8.0392036131e+01    4.3733751205e-02   -3.5306051593e-02    8.2020467786e-02    6.1005964536e+01    3.0502982268e+01    3.0502982268e+01
    3.0303274617e+03    2.5382196748e+03   -4.8375785754e+04    8.0094138530e+01    7.9670686323e+01    7.9777489617e+01    8.2677791212e-02   -1.6205089658e-02    1.5846625254e-01    6.1005964536e+01    3.0502982268e+01    3.0502982268e+01
    2.9820384542e+03    2.4977725250e+03   -4.8335744680e+04    8.0219367497e+01    8.0017696602e+01    8.0050612352e+01   -9.0085827129e-02   -7.1460941305e-02   -1.4200030044e-01    6.1005964536e+01    3.0502982268e+01    3.0502982268e+01
    2.9999251270e+03    2.5127545047e+03   -4.8349735750e+04    8.0123361483e+01    7.9699793989e+01    8.0181598966e+01   -1.9347099668e-01    5.1692289015e-02   -9.1866706211e-02    6.1005964536e+01    3.0502982268e+01    3.0502982268e+01
    2.9891092650e+03    2.5036950767e+03   -4.8341343558e+04    8.0270766721e+01    7.9837758813e+01    8.0055777003e+01   -1.4771067315e-01    1.1144316543e-01    1.4636753448e-01    6.1005964536e+01    3.0502982268e+01    3.0502982268e+01
    2.9950658624e+03    2.5086843568e+03   -4.8346250939e+04    8.0155549953e+01    7.9936431510e+01    7.9943193676e+01    3.5528994137e-02   -7.0043682329e-03   -9.9323757603e-02    6.1005964536e+01    3.0502982268e+01    3.0502982268e+01
    3.0211068851e+03    2.5304964669e+03   -4.8369354589e+04    7.9851607097e+01    8.0145494417e+01    7.9822732922e+01   -4.0123591022e-02    6.3867519910e-02    1.2790976076e-02    6.1005964536e+01    3.0502982268e+01    3.0502982268e+01
    3.0009411858e+03    2.5136055614e+03   -4.8350961663e+04    8.0435467281e+01    7.9600935031e+01    7.9783036911e+01    4.2670912414e-02    3.3428504387e-02   -1.8990627503e-01    6.1005964536e+01    3.0502982268e+01    3.0502982268e+01
    2.9955351789e+03    2.5090774590e+03   -4.8350167803e+04    8.0127981543e+01    7.9625495315e+01    7.9873078044e+01   -1.1117109326e-01   -2.1464256926e-02   -2.0658194561e-02    6.1005964536e+01    3.0502982268e+01    3.0502982268e+01
    3.0129821722e+03    2.5236911608e+03   -4.8360258391e+04    8.0480654014e+01    8.0113903830e+01    7.9569818235e+01   -6.6796940035e-02    4.8494446738e-02   -2.9628260303e-02    6.1005964536e+01    3.0502982268e+01    3.0502982268e+01
    2.9743251122e+03    2.4913117854e+03   -4.8328933238e+04    8.0033010799e+01    8.0062501727e+01    8.0362036831e+01    2.2817257643e-02    1.9555137234e-02    2.8615734703e-01    6.1005964536e+01    3.0502982268e+01    3.0502982268e+01
    2.9772513242e+03    2.4937627973e+03   -4.8330734765e+04    8.0284662329e+01    7.9800162921e+01    8.0112145583e+01   -8.3861086133e-02   -7.5590261468e-02    1.2997282884e-02    6.1005964536e+01    3.0502982268e+01    3.0502982268e+01
    3.0001194845e+03    2.5129172997e+03   -4.8349201684e+04    8.0083183596e+01    8.0200855707e+01    8.0026664488e+01   -2.0948804151e-01    1.6930778983e-01    8.1173992357e-02    6.1005964536e+01    3.0502982268e+01    3.0502982268e+01
    3.0583016636e+03    2.5616510269e+03   -4.8396051691e+04    7.9706275452e+01    7.9605961430e+01    7.9936075982e+01    1.0226788833e-01    1.9650442137e-01   -6.1784954043e-02    6.1005964536e+01    3.0502982268e+01    3.0502982268e+01
    3.0339296007e+03    2.5412368471e+03   -4.8378177119e+04    7.9929151780e+01    7.9506652251e+01    8.0002894628e+01    3.4498327259e-01   -1.5285248204e-01    2.5333525366e-02    6.1005964536e+01    3.0502982268e+01    3.0502982268e+01
    2.9794814816e+03    2.4956307900e+03   -4.8332911294e+04    7.9867456089e+01    8.0540935205e+01    8.0152777958e+01    4.9585972096e-02    7.8270262432e-02   -2.0016898194e-01    6.1005964536e+01    3.0502982268e+01    3.0502982268e+01
    2.9791396486e+03    2.4953444688e+03   -4.8333981514e+04    8.0392591575e+01    7.9906526398e+01    7.9981884261e+01    1.3095641954e-01   -1.1423390966e-01    5.3802461604e-02    6.1005964536e+01    3.0502982268e+01    3.0502982268e+01
    2.9913277017e+03    2.5055532520e+03   -4.8344175254e+04    8.0028686282e+01    8.0059464606e+01    8.0125832247e+01    5.8366446840e-02    5.1533109416e-02    8.2930421863e-02    6.1005964536e+01    3.0502982268e+01    3.0502982268e+01
    3.0122973383e+03    2.5231175400e+03   -4.8360712376e+04    8.0085353590e+01    8.0175029168e+01    7.9911135382e+01   -1.0416004694e-01   -1.1045352450e-01   -5.2180685986e-02    6.1005964536e+01    3.0502982268e+01    3.0502982268e+01
    3.0095574758e+03    2.5208226154e+03   -4.8357558352e+04    8.0328293332e+01    7.9697539447e+01    7.9650627322e+01   -1.1203952156e-01   -2.8591034610e-01   -2.6739772314e-01    6.1005964536e+01    3.0502982268e+01    3.0502982268e+01
    2.9909524517e+03    2.5052389404e+03   -4.8342034179e+04    8.0172760193e+01    8.0035153214e+01    8.0320964406e+01    4.5948555782e-02   -2.0741979094e-01    1.0585744759e-02    6.1005964536e+01    3.0502982268e+01    3.0502982268e+01
    3.0112896082e+03    2.5222734594e+03   -4.8362643670e+04    7.9940662838e+01    8.0253441154e+01    7.9448899260e+01    1.2665942517e-01    1.8492116606e-01    1.3494302634e-01    6.1005964536e+01    3.0502982268e+01    3.0502982268e+01
    2.9880186151e+03    2.5027815420e+03   -4.8341872192e+04    7.9890895893e+01    8.0219763119e+01    7.9918992270e+01   -5.7252434877e-02   -7.3044441161e-02   -3.9649912284e-02    6.1005964536e+01    3.0502982268e+01    3.0502982268e+01
    3.0051088409e+03    2.5170964133e+03   -4.8354149474e+04    8.0175030408e+01    7.9669586157e+01    8.0110067221e+01    2.6792207804e-01    2.0856672023e-02   -2.8236649540e-01    6.1005964536e+01    3.0502982268e+01    3.0502982268e+01
    3.0020393933e+03    2.5145254264e+03   -4.8352717522e+04    8.0444894613e+01    7.9849390777e+01    7.9762834300e+01   -9.5226148186e-02    1.0182638056e-01    1.0749405840e-01    6.1005964536e+01    3.0502982268e+01    3.0502982268e+01
    3.0231746682e+03    2.5322284539e+03   -4.8369043032e+04    7.9863434050e+01    7.9752545175e+01    8.0018323012e+01   -8.6208501621e-02   -5.0674041829e-02    1.1990224131e-01    6.1005964536e+01    3.0502982268e+01    3.0502982268e+01
    2.9973737981e+03    2.5106174970e+03   -4.8350162580e+04    8.0369946740e+01    7.9395591180e+01    8.0158208190e+01    3.1015374778e-01   -2.9940054501e-02    1.9445060512e-01    6.1005964536e+01    3.0502982268e+01    3.0502982268e+01
    3.0215151146e+03    2.5308384023e+03   -4.8368511226e+04    8.0381325549e+01    7.9316987399e+01    7.9749657843e+01    1.3398112302e-01   -8.7827624921e-02    5.4185537394e-02    6.1005964536e+01    3.0502982268e+01    3.0502982268e+01
    3.0260200028e+03    2.5346117225e+03   -4.8372543028e+04    8.0256008827e+01    7.9936390388e+01    7.9695387943e+01   -4.1807431903e-02   -5.0655626071e-02    1.3417611702e-02    6.1005964536e+01    3.0502982268e+01    3.0502982268e+01
    2.9728381937e+03    2.4900663340e+03   -4.8327394499e+04    8.0389259386e+01    8.0153185001e+01    8.0473683564e+01   -1.2575435706e-01   -2.9639709523e-02   -4.9329777565e-02    6.1005964536e+01    3.0502982268e+01    3.0502982268e+01
    3.0088441214e+03    2.5202251057e+03   -4.8357638469e+04    8.0102779515e+01    7.9928612398e+01    8.0331925618e+01    6.9322239053e-02    2.0066379957e-02   -5.9486187154e-02    6.1005964536e+01    3.0502982268e+01    3.0502982268e+01
    3.0214731473e+03    2.5308032502e+03   -4.8368220800e+04    7.9960577983e+01    8.0146690303e+01    7.9582544814e+01    5.7816026747e-02   -5.6750879147e-02   -7.5342978629e-02    6.1005964536e+01    3.0502982268e+01    3.0502982268e+01
    3.0152512365e+03    2.5255917420e+03   -4.8362949893e+04    8.0275091018e+01    8.0152330380e+01    7.9685367834e+01   -5.7023762975e-02    3.6323720440e-02    1.8400196403e-02    6.1005964536e+01    3.0502982268e+01    3.0502982268e+01
    3.0338930824e+03    2.5412062591e+03   -4.8375595156e+04    7.9715287853e+01    7.9814905207e+01    7.9865158468e+01   -3.6132766516e-03   -2.8499699598e-01   -1.9022689113e-01    6.1005964536e+01    3.0502982268e+01    3.0502982268e+01
    2.9731808780e+03    2.4903533683e+03   -4.8325589914e+04    8.0111363629e+01    8.0377960211e+01    8.0037506566e+01    1.9362622285e-01   -2.1728366141e-01    7.1435831245e-02    6.1005964536e+01    3.0502982268e+01    3.0502982268e+01
    2.9801683847e+03    2.4962061440e+03   -4.8331882089e+04    8.0110029002e+01    8.0185761392e+01    7.9955290590e+01    1.4687946173e-02    1.4615370864e-01   -3.8318344048e-02    6.1005964536e+01    3.0502982268e+01    3.0502982268e+01
    3.0198499170e+03    2.5294436232e+03   -4.8370902709e+04    7.9932378055e+01    7.9717909323e+01    7.9945270420e+01   -6.2780916852e-02   -1.4326219109e-01   -1.5456563813e-02    6.1005964536e+01    3.0502982268e+01    3.0502982268e+01
    2.9711993588e+03    2.4886936365e+03   -4.8322643508e+04    8.0541606050e+01    8.0062835677e+01    7.9979610954e+01    1.1417957705e-02   -1.8217504335e-01    1.2154388446e-01    6.1005964536e+01    3.0502982268e+01    3.0502982268e+01
    3.0009181474e+03    2.5135862643e+03   -4.8353585405e+04    8.0444135091e+01    7.9875625814e+01    7.9934729616e+01    1.1550945428e-02    1.6936700467e-01   -7.2542475960e-02    6.1005964536e+01    3.0502982268e+01    3.0502982268e+01
    2.9775255970e+03    2.4939925299e+03   -4.8329433381e+04    8.0287079253e+01    7.9986614411e+01    8.0051436208e+01    1.9069973423e-01   -9.5589233894e-02   -1.8419280573e-01    6.1005964536e+01    3.0502982268e+01    3.0502982268e+01
    2.9872868462e+03    2.5021686082e+03   -4.8339395638e+04    8.0241574379e+01    7.9665971306e+01    7.9921889175e+01   -2.2879563779e-01   -1.4563499168e-01    1.7501829215e-01    6.1005964536e+01    3.0502982268e+01    3.0502982268e+01
    3.0264607882e+03    2.5349809269e+03   -4.8373373861e+04    7.9866898736e+01    8.0142253882e+01    7.9864776723e+01    1.4583977900e-01   -2.0045979500e-01    6.5279675153e-02    6.1005964536e+01    3.0502982268e+01    3.0502982268e+01
    2.9748685678e+03    2.4917669870e+03   -4.8330195016e+04    8.0248048957e+01    8.0170775154e+01    8.0013679338e+01   -2.7130173757e-02    2.8910880424e-01   -1.0444932585e-01    6.1005964536e+01    3.0502982268e+01    3.0502982268e+01
    2.9869294404e+03    2.5018692430e+03   -4.8340475255e+04    7.9832174058e+01    7.9775011734e+01    8.0327121169e+01   -1.3485278225e-01   -1.4620872796e-01   -2.2686787599e-01    6.1005964536e+01    3.0502982268e+01    3.0502982268e+01
    2.9771799884e+03    2.4937030461e+03   -4.8328551510e+04    8.0288745475e+01    7.9759449751e+01    8.0319314978e+01    3.0803750149e-02    1.0260769561e-01    1.8214035696e-01    6.1005964536e+01    3.0502982268e+01    3.0502982268e+01
    3.0009229252e+03    2.5135902663e+03   -4.8349514261e+04    8.0129674771e+01    8.0201358837e+01    7.9975943791e+01    2.0670562830e-01   -1.4237033446e-01    2.6439293815e-02    6.1005964536e+01    3.0502982268e+01    3.0502982268e+01
    3.0208528351e+03    2.5302836732e+03   -4.8368373508e+04    7.9877219920e+01    7.9777496599e+01    8.0044461672e+01    5.8655791451e-02    1.1088520712e-01    2.3784011291e-01    6.1005964536e+01    3.0502982268e+01    3.0502982268e+01
    2.9901682882e+03    2.5045821206e+03   -4.8346740655e+04    8.0236776164e+01    7.9714378762e+01    7.9994935934e+01    2.1447705302e-01    1.2490982536e-01   -1.1649422533e-02    6.1005964536e+01    3.0502982268e+01    3.0502982268e+01
    2.9713421969e+03    2.4888132784e+03   -4.8326807752e+04    8.0404561522e+01    8.0329109337e+01    7.9594224124e+01    7.1217840184e-02   -1.6419939780e-02    9.5586863317e-02    6.1005964536e+01    3.0502982268e+01    3.0502982268e+01
    3.0246296380e+03    2.5334471450e+03   -4.8368787487e+04    7.9877812019e+01    8.0425398479e+01    7.9764519269e+01    8.3372776265e-02   -5.9319296731e-02    3.7877595373e-02    6.1005964536e+01    3.0502982268e+01    3.0502982268e+01
    2.9987175686e+03    2.5117430469e+03   -4.8349448211e+04    8.0002071559e+01    7.9839267814e+01    7.9456039542e+01    1.3481304288e-01    2.7239255235e-01   -9.1604632792e-02    6.1005964536e+01    3.0502982268e+01    3.0502982268e+01
    3.0188762948e+03    2.5286281117e+03   -4.8366321639e+04    7.9679844117e+01    8.0071218339e+01    7.9876581270e+01   -5.7732685643e-02    1.3235545635e-01    5.0052782551e-02    6.1005964536e+01    3.0502982268e+01    3.0502982268e+01
    2.9557506150e+03    2.4757536799e+03   -4.8313552324e+04    8.0609293897e+01    7.9539693135e+01    8.0455498255e+01   -6.5478659212e-02   -3.3366899687e-02    5.0508307048e-02    6.1005964536e+01    3.0502982268e+01    3.0502982268e+01
    2.9956106635e+03    2.5091406854e+03   -4.8345753325e+04    8.0147755100e+01    8.0021452531e+01    8.0162123281e+01   -2.3494842451e-02   -1.7222123867e-02   -1.0424224526e-01    6.1005964536e+01    3.0502982268e+01    3.0502982268e+01
    3.0182924607e+03    2.5281390889e+03   -4.8365859419e+04    8.0249806887e+01    7.9889105723e+01    7.9859844207e+01   -1.1255374052e-02   -4.2904413695e-02   -2.6522865999e-01    6.1005964536e+01    3.0502982268e+01    3.0502982268e+01
    2.9838435997e+03    2.4992845252e+03   -4.8334888138e+04    8.0304698489e+01    8.0163996171e+01    8.0300806635e+01   -6.4421036143e-02   -9.5892894686e-02   -2.0275410735e-01    6.1005964536e+01    3.0502982268e+01    3.0502982268e+01
    2.9941258333e+03    2.5078969830e+03   -4.8344323634e+04    8.0421282473e+01    7.9853977409e+01    7.9871455941e+01    8.4367061004e-02    1.8426763489e-02   -2.4912053276e-01    6.1005964536e+01    3.0502982268e+01    3.0502982268e+01
    2.9678678341e+03    2.4859031322e+03   -4.8322067760e+04    8.0180206934e+01    8.0146978983e+01    7.9989822840e+01   -1.5861940399e-01   -5.3988835302e-02   -5.4150843961e-02    6.1005964536e+01    3.0502982268e+01    3.0502982268e+01
    3.0168971029e+03    2.5269703292e+03   -4.8366656590e+04    8.0215849205e+01    8.0121406699e+01    7.9700590165e+01   -1.3724953653e-01   -8.9679016157e-02    7.8018326252e-02    6.1005964536e+01    3.0502982268e+01    3.0502982268e+01
    3.0036566493e+03    2.5158800492e+03   -4.8354343733e+04    8.0108908540e+01    7.9919209147e+01    8.0044986255e+01   -5.4938179747e-02   -1.2346454260e-01   -1.4602076943e-01    6.1005964536e+01    3.0502982268e+01    3.0502982268e+01
    2.9778046924e+03    2.4942263018e+03   -4.8329084670e+04    8.0465243667e+01    8.0138713008e+01    8.0053415350e+01   -8.8766832399e-02   -2.5396250754e-03   -7.1006590988e-02    6.1005964536e+01    3.0502982268e+01    3.0502982268e+01
    3.0097115557e+03    2.5209516736e+03   -4.8358493792e+04    8.0127508264e+01    7.9914226700e+01    7.9761850190e+01   -9.6264665897e-03    2.6587682239e-02   -1.9053237076e-01    6.1005964536e+01    3.0502982268e+01    3.0502982268e+01
    2.9548253150e+03    2.4749786434e+03   -4.8307021267e+04    8.0576578604e+01    8.0135544429e+01    8.0333256037e+01    1.3962401094e-01   -2.4947074508e-02   -2.2600089824e-02    6.1005964536e+01    3.0502982268e+01    3.0502982268e+01
    3.0336689975e+03    2.5410185643e+03   -4.8379249003e+04    7.9984999033e+01    7.9825414160e+01    7.9770108741e+01    2.3892618266e-01   -1.3971921378e-01    1.3844591957e-03    6.1005964536e+01    3.0502982268e+01    3.0502982268e+01
    2.9926503244e+03    2.5066610883e+03   -4.8344450562e+04    8.0398091348e+01    7.9930428846e+01    7.9757849025e+01   -4.6964030607e-02    8.6148316966e-02   -5.8387016393e-02    6.1005964536e+01    3.0502982268e+01    3.0502982268e+01
    2.9798264737e+03    2.4959197574e+03   -4.8333404812e+04    8.0422849524e+01    8.0139863161e+01    7.9893103920e+01    9.2280606089e-02   -7.9689644846e-02   -1.8867531377e-01    6.1005964536e+01    3.0502982268e+01    3.0502982268e+01
    3.0130599816e+03    2.5237563344e+03   -4.8360615850e+04    7.9909398719e+01    7.9899808135e+01    8.0298686881e+01   -2.6865410178e-01    4.9170796316e-02    1.3484251519e-01    6.1005964536e+01    3.0502982268e+01    3.0502982268e+01
    2.9936570301e+03    2.5075043108e+03   -4.8344844758e+04    8.0257974916e+01    8.0089637375e+01    7.9869836566e+01    2.6545414313e-02    1.8967517552e-01   -3.2413779619e-02    6.1005964536e+01    3.0502982268e+01    3.0502982268e+01
    3.0138482731e+03    2.5244166119e+03   -4.8362440429e+04    8.0125577337e+01    7.9310880000e+01    8.0113360198e+01    6.0326641378e-02    5.5545614196e-02   -2.5890110070e-02    6.1005964536e+01    3.0502982268e+01    3.0502982268e+01
    3.0020288914e+03    2.5145166299e+03   -4.8353521655e+04    8.0645116385e+01    7.9679665899e+01    7.9556433249e+01   -2.3643512091e-02   -9.0264962666e-02    1.5215725316e-01    6.1005964536e+01    3.0502982268e+01    3.0502982268e+01
    3.0243894437e+03    2.5332459569e+03   -4.8370529531e+04    8.0390124137e+01    7.9788914463e+01    7.9656889950e+01    1.4891120434e-01   -6.6560683550e-02   -1.1632508932e-01    6.1005964536e+01    3.0502982268e+01    3.0502982268e+01
    2.9544426430e+03    2.4746581151e+03   -4.8312637193e+04    8.0331249494e+01    8.0505074627e+01    7.9804692540e+01   -4.8211671105e-02   -2.2966498146e-01    6.5081924707e-02    6.1005964536e+01    3.0502982268e+01    3.0502982268e+01
    2.9999329517e+03    2.5127610587e+03   -4.8350070588e+04    8.0197540335e+01    8.0116005603e+01    7.9464682258e+01    1.7417021859e-01   -8.4292165223e-02    2.1409784934e-01    6.1005964536e+01    3.0502982268e+01    3.0502982268e+01
    3.0104568528e+03    2.5215759387e+03   -4.8361095589e+04    7.9926339708e+01    7.9678269978e+01    8.0050986850e+01   -1.5936270109e-02   -6.8030118959e-02   -1.6908092234e-01    6.1005964536e+01    3.0502982268e+01    3.0502982268e+01
    3.0012886885e+03    2.5138966317e+03   -4.8356573751e+04    8.0298081444e+01    7.9777419619e+01    7.9790793887e+01   -2.1326024699e-01    2.6610821011e-03   -1.1486688525e-01    6.1005964536e+01    3.0502982268e+01    3.0502982268e+01
    2.9886132853e+03    2.5032796412e+03   -4.8337802561e+04    8.0380323775e+01    7.9974177701e+01    7.9866833629e+01   -1.1818802381e-01   -1.8250254333e-01    3.8684158792e-02    6.1005964536e+01    3.0502982268e+01    3.0502982268e+01
    2.9639917786e+03    2.4826565259e+03   -4.8319828256e+04    8.0390633257e+01    7.9867094552e+01    8.0167851621e+01    4.1783187239e-02    3.0422934669e-02   -1.3073413371e-02    6.1005964536e+01    3.0502982268e+01    3.0502982268e+01
    2.9810750686e+03    2.4969655876e+03   -4.8334137558e+04    8.0405122791e+01    7.9839653023e+01    7.9817688598e+01    1.1357565245e-02    3.7813310075e-02    8.1073316881e-02    6.1005964536e+01    3.0502982268e+01    3.0502982268e+01
    2.9766461441e+03    2.4932558950e+03   -4.8331854493e+04    8.0218426872e+01    8.0234449409e+01    8.0091800646e+01    6.4258577877e-02   -1.3168324039e-01   -1.2959918738e-01    6.1005964536e+01    3.0502982268e+01    3.0502982268e+01
    3.0096531425e+03    2.5209027463e+03   -4.8358709215e+04    8.0439171202e+01    7.9913433269e+01    7.9493859319e+01    1.2268339253e-01   -1.7273100749e-01    1.0712749025e-01    6.1005964536e+01    3.0502982268e+01    3.0502982268e+01
    3.0605154028e+03    2.5635052675e+03   -4.8399815121e+04    8.0096964458e+01    7.9328382770e+01    7.9803469830e+01    6.6495538094e-02    4.0798206399e-02    7.1502987097e-02    6.1005964536e+01    3.0502982268e+01    3.0502982268e+01
    3.0128456323e+03    2.5235767941e+03   -4.8361405328e+04    8.0151769069e+01    8.0093515349e+01    7.9575171642e+01   -1.9338926662e-01   -5.3703134754e-02   -7.5818110367e-02    6.1005964536e+01    3.0502982268e+01    3.0502982268e+01
    2.9865511431e+03    2.5015523791e+03   -4.8337810283e+04    8.0746097200e+01    7.9910579589e+01    7.9604434842e+01   -1.3086798474e-01   -2.7120306644e-02    8.1356715616e-02    6.1005964536e+01    3.0502982268e+01    3.0502982268e+01
    2.9739945067e+03    2.4910348684e+03   -4.8329490679e+04    8.0496693533e+01    7.9682205940e+01    7.9889995300e+01   -1.3471008518e-01   -1.1292629334e-03   -7.2301491073e-02    6.1005964536e+01    3.0502982268e+01    3.0502982268e+01
    2.9826873331e+03    2.4983160296e+03   -4.8332472728e+04    7.9837700093e+01    8.0057389529e+01    8.0283128525e+01   -8.0348080344e-02    1.2538108334e-01    8.1268521584e-02    6.1005964536e+01    3.0502982268e+01    3.0502982268e+01
    2.9731453397e+03    2.4903236012e+03   -4.8326605725e+04    7.9874473092e+01    8.0158004052e+01    7.9911011937e+01   -9.2032027725e-02    4.2318173787e-02    3.0623158255e-02    6.1005964536e+01    3.0502982268e+01    3.0502982268e+01
    2.9981045931e+03    2.5112296151e+03   -4.8348417277e+04    8.0222391718e+01    7.9719801540e+01    8.0154038847e+01    1.0414544298e-01    3.3683279576e-02   -3.2775934794e-02    6.1005964536e+01    3.0502982268e+01    3.0502982268e+01
    3.0336419365e+03    2.5409958979e+03   -4.8382066319e+04    8.0110816741e+01    7.9680808229e+01    7.9337343717e+01    9.8587719587e-02    1.3416960845e-01    9.1079554730e-02    6.1005964536e+01    3.0502982268e+01    3.0502982268e+01
    2.9997167676e+03    2.5125799817e+03   -4.8350901403e+04    7.9800648147e+01    8.0153360437e+01    7.9898963909e+01    3.0116380487e-02    8.5517210371e-02   -2.3899755045e-02    6.1005964536e+01    3.0502982268e+01    3.0502982268e+01
    3.0143806002e+03    2.5248624920e+03   -4.8361742685e+04    7.9843487680e+01    7.9587210612e+01    8.0128380528e+01   -3.6947708325e-02    1.5712786434e-01   -1.0632924828e-01    6.1005964536e+01    3.0502982268e+01    3.0502982268e+01
    3.0419343308e+03    2.5479416550e+03   -4.8386739741e+04    7.9748794450e+01    7.9709473781e+01    8.0007963668e+01    4.2119893974e-02    2.7620741179e-01    1.3301004974e-01    6.1005964536e+01    3.0502982268e+01    3.0502982268e+01
    3.0419343308e+03    2.5479416550e+03   -4.8386739741e+04    7.9748794450e+01    7.9709473781e+01    8.0007963668e+01    4.2119893974e-02    2.7620741179e-01    1.3301004974e-01    6.1005964536e+01    3.0502982268e+01    3.0502982268e+01
    3.0419343308e+03    2.5479416550e+03   -4.8386739741e+04    7.9748794450e+01    7.9709473781e+01    8.0007963668e+01    4.2119893974e-02    2.7620741179e-01    1.3301004974e-01    6.1005964536e+01    3.0502982268e+01    3.0502982268e+01
    3.0419343308e+03    2.5479416550e+03   -4.8386739741e+04    7.9748794450e+01    7.9709473781e+01    8.0007963668e+01    4.2119893974e-02    2.7620741179e-01    1.3301004974e-01    6.1005964536e+01    3.0502982268e+01    3.0502982268e+01
    3.0419343308e+03    2.5479416550e+03   -4.8386739741e+04    7.9748794450e+01    7.9709473781e+01    8.0007963668e+01    4.2119893974e-02    2.7620741179e-01    1.3301004974e-01    6.1005964536e+01    3.0502982268e+01    3.0502982268e+01
    3.0419343308e+03    2.5479416550e+03   -4.8386739741e+04    7.9748794450e+01    7.9709473781e+01    8.0007963668e+01    4.2119893974e-02    2.7620741179e-01    1.3301004974e-01    6.1005964536e+01    3.0502982268e+01    3.0502982268e+01
    3.0419343308e+03    2.5479416550e+03   -4.8386739741e+04    7.9748794450e+01    7.9709473781e+01    8.0007963668e+01    4.2119893974e-02    2.7620741179e-01    1.3301004974e-01    6.1005964536e+01    3.0502982268e+01    3.0502982268e+01
    3.0419343308e+03    2.5479416550e+03   -4.8386739741e+04    7.9748794450e+01    7.9709473781e+01    8.0007963668e+01    4.2119893974e-02    2.7620741179e-01    1.3301004974e-01    6.1005964536e+01    3.0502982268e+01    3.0502982268e+01
    3.0419343308e+03    2.5479416550e+03   -4.8386739741e+04    7.9748794450e+01    7.9709473781e+01    8.0007963668e+01    4.2119893974e-02    2.7620741179e-01    1.3301004974e-01    6.1005964536e+01    3.0502982268e+01    3.0502982268e+01
    3.0419343308e+03    2.5479416550e+03   -4.8386739741e+04    7.9748794450e+01    7.9709473781e+01    8.0007963668e+01    4.2119893974e-02    2.7620741179e-01    1.3301004974e-01    6.1005964536e+01    3.0502982268e+01    3.0502982268e+01
    3.0419343308e+03    2.5479416550e+03   -4.8386739741e+04    7.9748794450e+01    7.9709473781e+01    8.0007963668e+01    4.2119893974e-02    2.7620741179e-01    1.3301004974e-01    6.1005964536e+01    3.0502982268e+01    3.0502982268e+01
    3.0419343308e+03    2.5479416550e+03   -4.8386739741e+04    7.9748794450e+01    7.9709473781e+01    8.0007963668e+01    4.2119893974e-02    2.7620741179e-01    1.3301004974e-01    6.1005964536e+01    3.0502982268e+01    3.0502982268e+01
    3.0419343308e+03    2.5479416550e+03   -4.8386739741e+04    7.9748794450e+01    7.9709473781e+01    8.0007963668e+01    4.2119893974e-02    2.7620741179e-01    1.3301004974e-01    6.1005964536e+01    3.0502982268e+01    3.0502982268e+01
    3.0419343308e+03    2.5479416550e+03   -4.8386739741e+04    7.9748794450e+01    7.9709473781e+01    8.0007963668e+01    4.2119893974e-02    2.7620741179e-01    1.3301004974e-01    6.1005964536e+01    3.0502982268e+01    3.0502982268e+01
    3.0419343308e+03    2.5479416550e+03   -4.8386739741e+04    7.9748794450e+01    7.9709473781e+01    8.0007963668e+01    4.2119893974e-02    2.7620741179e-01    1.3301004974e-01    6.1005964536e+01    3.0502982268e+01    3.0502982268e+01
    3.0419343308e+03    2.5479416550e+03   -4.8386739741e+04    7.9748794450e+01    7.9709473781e+01    8.0007963668e+01    4.2119893974e-02    2.7620741179e-01    1.3301004974e-01    6.1005964536e+01    3.0502982268e+01    3.0502982268e+01
    3.0419343308e+03    2.5479416550e+03   -4.8386739741e+04    7.9748794450e+01    7.9709473781e+01    8.0007963668e+01    4.2119893974e-02    2.7620741179e-01    1.3301004974e-01    6.1005964536e+01    3.0502982268e+01    3.0502982268e+01
    3.0419343308e+03    2.5479416550e+03   -4.8386739741e+04    7.9748794450e+01    7.9709473781e+01    8.0007963668e+01    4.2119893974e-02    2.7620741179e-01    1.3301004974e-01    6.1005964536e+01    3.0502982268e+01    3.0502982268e+01
    3.0419343308e+03    2.5479416550e+03   -4.8386739741e+04    7.9748794450e+01    7.9709473781e+01    8.0007963668e+01    4.2119893974e-02    2.7620741179e-01    1.3301004974e-01    6.1005964536e+01    3.0502982268e+01    3.0502982268e+01
    3.0419343308e+03    2.5479416550e+03   -4.8386739741e+04    7.9748794450e+01    7.9709473781e+01    8.0007963668e+01    4.2119893974e-02    2.7620741179e-01    1.3301004974e-01    6.1005964536e+01    3.0502982268e+01    3.0502982268e+01
    3.0419343308e+03    2.5479416550e+03   -4.8386739741e+04    7.9748794450e+01    7.9709473781e+01    8.0007963668e+01    4.2119893974e-02    2.7620741179e-01    1.3301004974e-01    6.1005964536e+01    3.0502982268e+01    3.0502982268e+01
    3.0419343308e+03    2.5479416550e+03   -4.8386739741e+04    7.9748794450e+01    7.9709473781e+01    8.0007963668e+01    4.2119893974e-02    2.7620741179e-01    1.3301004974e-01    6.1005964536e+01    3.0502982268e+01    3.0502982268e+01
    3.0419343308e+03    2.5479416550e+03   -4.8386739741e+04    7.9748794450e+01    7.9709473781e+01    8.0007963668e+01    4.2119893974e-02    2.7620741179e-01    1.3301004974e-01    6.1005964536e+01    3.0502982268e+01    3.0502982268e+01
    3.0419343308e+03    2.5479416550e+03   -4.8386739741e+04    7.9748794450e+01    7.9709473781e+01    8.0007963668e+01    4.2119893974e-02    2.7620741179e-01    1.3301004974e-01    6.1005964536e+01    3.0502982268e+01    3.0502982268e+01
    3.0419343308e+03    2.5479416550e+03   -4.8386739741e+04    7.9748794450e+01    7.9709473781e+01    8.0007963668e+01    4.2119893974e-02    2.7620741179e-01    1.3301004974e-01    6.1005964536e+01    3.0502982268e+01    3.0502982268e+01
    3.0419343308e+03    2.5479416550e+03   -4.8386739741e+04    7.9748794450e+01    7.9709473781e+01    8.0007963668e+01    4.2119893974e-02    2.7620741179e-01    1.3301004974e-01    6.1005964536e+01    3.0502982268e+01    3.0502982268e+01
    3.0419343308e+03    2.5479416550e+03   -4.8386739741e+04    7.9748794450e+01    7.9709473781e+01    8.0007963668e+01    4.2119893974e-02    2.7620741179e-01    1.3301004974e-01    6.1005964536e+01    3.0502982268e+01    3.0502982268e+01
    3.0419343308e+03    2.5479416550e+03   -4.8386739741e+04    7.9748794450e+01    7.9709473781e+01    8.0007963668e+01    4.2119893974e-02    2.7620741179e-01    1.3301004974e-01    6.1005964536e+01    3.0502982268e+01    3.0502982268e+01
    3.0419343308e+03    2.5479416550e+03   -4.8386739741e+04    7.9748794450e+01    7.9709473781e+01    8.0007963668e+01    4.2119893974e-02    2.7620741179e-01    1.3301004974e-01    6.1005964536e+01    3.0502982268e+01    3.0502982268e+01
    3.0419343308e+03    2.5479416550e+03   -4.8386739741e+04    7.9748794450e+01    7.9709473781e+01    8.0007963668e+01    4.2119893974e-02    2.7620741179e-01    1.3301004974e-01    6.1005964536e+01    3.0502982268e+01    3.0502982268e+01
    3.0419343308e+03    2.5479416550e+03   -4.8386739741e+04    7.9748794450e+01    7.9709473781e+01    8.0007963668e+01    4.2119893974e-02    2.7620741179e-01    1.3301004974e-01    6.1005964536e+01    3.0502982268e+01    3.0502982268e+01
