    4.0131112631e+03    3.3614050276e+03   -4.7558271467e+04    8.6126289732e+01    8.5890299764e+01    8.5711807358e+01   -1.6639063480e-01    3.8675858411e-01   -7.1153059367e-02    6.1005964536e+01    3.0502982268e+01    3.0502982268e+01
    3.9929837268e+03    3.3445460877e+03   -4.7520268090e+04    8.6322853937e+01    8.6202911444e+01    8.6088755494e+01   -1.8723984917e-01   -1.4411117745e-01   -3.5309276642e-02    6.1005964536e+01    3.0502982268e+01    3.0502982268e+01
    4.0470945780e+03    3.3898696473e+03   -4.7566859443e+04    8.5788856856e+01    8.5703298475e+01    8.5692038846e+01   -2.1208574962e-02    5.3613992100e-02    3.0789000005e-02    6.1005964536e+01    3.0502982268e+01    3.0502982268e+01
    3.9799369019e+03    3.3336179923e+03   -4.7512813914e+04    8.6311746566e+01    8.6427680111e+01    8.6155493342e+01   -9.7953571032e-03   -6.6023607066e-02   -3.3721459864e-02    6.1005964536e+01    3.0502982268e+01    3.0502982268e+01
    4.0215830540e+03    3.3685010483e+03   -4.7548432756e+04    8.6288183929e+01    8.5546610055e+01    8.6135981367e+01   -6.4076922461e-02    4.4179360879e-02    2.5279450707e-01    6.1005964536e+01    3.0502982268e+01    3.0502982268e+01
    4.0471786619e+03    3.3899400764e+03   -4.7564791360e+04    8.6394944908e+01    8.6099302125e+01    8.5235910469e+01   -5.8910976294e-02    1.5715082680e-01    2.9557838463e-03    6.1005964536e+01    3.0502982268e+01    3.0502982268e+01
    4.0098441371e+03    3.3586684641e+03   -4.7541847787e+04    8.6065876122e+01    8.5911026989e+01    8.6193016684e+01   -6.4905805744e-02   -2.0151224750e-02   -4.8625358852e-02    6.1005964536e+01    3.0502982268e+01    3.0502982268e+01
    4.0011178649e+03    3.3513592884e+03   -4.7531506278e+04    8.6233949265e+01    8.6036171677e+01    8.5918938385e+01    7.6274333003e-03    1.7122867828e-02    1.5604044161e-01    6.1005964536e+01    3.0502982268e+01    3.0502982268e+01
    4.0034178178e+03    3.3532857422e+03   -4.7530447016e+04    8.6478085452e+01    8.5634209636e+01    8.5967476987e+01   -9.9257225183e-02   -1.4402751793e-01    5.3125646354e-03    6.1005964536e+01    3.0502982268e+01    3.0502982268e+01
    3.9975900169e+03    3.3484043427e+03   -4.7525702420e+04    8.6361425910e+01    8.6634034328e+01    8.5973272730e+01    9.2259467698e-02   -3.5542506014e-02    6.7415606294e-02    6.1005964536e+01    3.0502982268e+01    3.0502982268e+01
    3.9865308499e+03    3.3391411209e+03   -4.7519203199e+04    8.6478141894e+01    8.5642320573e+01    8.5891218659e+01   -1.7187378013e-01    1.5667449996e-01   -6.6413793873e-02    6.1005964536e+01    3.0502982268e+01    3.0502982268e+01
    3.9815994316e+03    3.3350105367e+03   -4.7514212456e+04    8.6316188302e+01    8.5454473413e+01    8.6572309855e+01   -3.5323895772e-01    1.7094838996e-01    7.0361326609e-03    6.1005964536e+01    3.0502982268e+01    3.0502982268e+01
    4.0150860172e+03    3.3630590930e+03   -4.7535167480e+04    8.6687364584e+01    8.5971828931e+01    8.6177960862e+01    1.7576362931e-01    6.2816266715e-02   -2.1537061122e-01    6.1005964536e+01    3.0502982268e+01    3.0502982268e+01
    3.9610023202e+03    3.3177582780e+03   -4.7491665903e+04    8.6879904338e+01    8.6405348528e+01    8.5985232458e+01   -6.6205771978e-02    9.1431596286e-02   -1.3587279036e-01    6.1005964536e+01    3.0502982268e+01    3.0502982268e+01
    4.0258136086e+03    3.3720445851e+03   -4.7542152359e+04    8.6004223221e+01    8.6052324473e+01    8.6029314479e+01    2.7067023874e-02    8.4703249890e-03   -1.9455541051e-01    6.1005964536e+01    3.0502982268e+01    3.0502982268e+01
    3.9923435435e+03    3.3440098665e+03   -4.7519222398e+04    8.6093237624e+01    8.6426410254e+01    8.6389198779e+01   -8.9487180923e-02   -4.9388036890e-02   -2.9488360451e-02    6.1005964536e+01    3.0502982268e+01    3.0502982268e+01
    3.9977179749e+03    3.3485115211e+03   -4.7529948795e+04    8.6323835494e+01    8.6452860605e+01    8.6070480737e+01    1.3262508687e-01   -2.8722576450e-01    3.1373836167e-02    6.1005964536e+01    3.0502982268e+01    3.0502982268e+01
    3.9767191690e+03    3.3309228007e+03   -4.7507295914e+04    8.6307728684e+01    8.5614621963e+01    8.6421355034e+01    1.3208316974e-01   -2.8264455159e-01   -9.7280537083e-02    6.1005964536e+01    3.0502982268e+01    3.0502982268e+01
    4.0025671122e+03    3.3525731863e+03   -4.7527156595e+04    8.6533919179e+01    8.6522474212e+01    8.5820698551e+01   -4.3153236448e-02   -9.7521518710e-02   -1.6081336962e-01    6.1005964536e+01    3.0502982268e+01    3.0502982268e+01
    3.9447980156e+03    3.3041854594e+03   -4.7483752524e+04    8.5866549348e+01    8.6314819833e+01    8.6826268585e+01    2.0299282604e-02    3.1207231181e-01    4.9220392447e-02    6.1005964536e+01    3.0502982268e+01    3.0502982268e+01
    4.0498517933e+03    3.3921791066e+03   -4.7571590170e+04    8.5936277758e+01    8.6085593604e+01    8.6168794039e+01    1.6185392638e-01    2.3863985650e-01   -1.6129965037e-02    6.1005964536e+01    3.0502982268e+01    3.0502982268e+01
    4.0427156623e+03    3.3862018423e+03   -4.7560076153e+04    8.6578718360e+01    8.6145336855e+01    8.5591447933e+01   -1.2461980701e-01    1.1605841706e-01    3.8848980315e-02    6.1005964536e+01    3.0502982268e+01    3.0502982268e+01
    3.9900549789e+03    3.3420929516e+03   -4.7519604418e+04    8.6536605524e+01    8.6362233160e+01    8.6115917771e+01    9.5257608383e-02   -1.5768083069e-01   -9.8930568410e-02    6.1005964536e+01    3.0502982268e+01    3.0502982268e+01
    3.9805374578e+03    3.3341210213e+03   -4.7517133739e+04    8.6267947364e+01    8.6294582534e+01    8.6231931946e+01    3.2112483820e-01    2.8632129468e-02   -5.0224826221e-03    6.1005964536e+01    3.0502982268e+01    3.0502982268e+01
    3.9820744175e+03    3.3354083876e+03   -4.7512599882e+04    8.6606674083e+01    8.6209820751e+01    8.6394551020e+01   -8.3027664176e-02    7.9720708750e-02    1.6716117548e-01    6.1005964536e+01    3.0502982268e+01    3.0502982268e+01
    3.9551396922e+03    3.3128477071e+03   -4.7494777430e+04    8.6471117921e+01    8.6128602176e+01    8.5987550664e+01    2.6556934077e-02    2.8735938379e-01    1.8868428872e-01    6.1005964536e+01    3.0502982268e+01    3.0502982268e+01
    4.0086621126e+03    3.3576783936e+03   -4.7532347537e+04    8.6332021089e+01    8.6121143782e+01    8.5654542263e+01   -3.5738163049e-02   -1.9692580974e-01   -4.9094488757e-02    6.1005964536e+01    3.0502982268e+01    3.0502982268e+01
    4.0470976791e+03    3.3898722447e+03   -4.7566878103e+04    8.5884227677e+01    8.6129305506e+01    8.5781796523e+01   -1.6114529896e-01   -2.1411520009e-01   -3.0559209112e-02    6.1005964536e+01    3.0502982268e+01    3.0502982268e+01
    3.9592271111e+03    3.3162713526e+03   -4.7493153499e+04    8.6372674838e+01    8.6820598925e+01    8.6188733343e+01   -9.8469145667e-02   -9.0273267712e-02   -4.6690255110e-02    6.1005964536e+01    3.0502982268e+01    3.0502982268e+01
    4.0019480019e+03    3.3520546160e+03   -4.7527477052e+04    8.5947026644e+01    8.6885051792e+01    8.6136302723e+01    6.7144096493e-02    6.8817661713e-02   -6.3937932782e-02    6.1005964536e+01    3.0502982268e+01    3.0502982268e+01
    3.9679254172e+03    3.3235571037e+03   -4.7499623065e+04    8.5956870386e+01    8.6265262161e+01    8.6476651723e+01   -1.0430687943e-01   -1.2367622218e-01   -1.9147851678e-01    6.1005964536e+01    3.0502982268e+01    3.0502982268e+01
    4.0376783493e+03    3.3819825600e+03   -4.7562601705e+04    8.5818808944e+01    8.6193417052e+01    8.5720017585e+01   -2.4148728015e-01   -2.6669977332e-01   -1.2153702469e-01    6.1005964536e+01    3.0502982268e+01    3.0502982268e+01
    3.9971398909e+03    3.3480273146e+03   -4.7526930756e+04    8.6118201538e+01    8.6058728493e+01    8.5914358101e+01   -2.4281409232e-01    2.3227335953e-01   -5.7909108360e-02    6.1005964536e+01    3.0502982268e+01    3.0502982268e+01
    4.0056641286e+03    3.3551672650e+03   -4.7532099748e+04    8.6133017368e+01    8.6205648529e+01    8.6080142966e+01    1.7189828813e-01    2.4224229463e-01    1.7597368724e-02    6.1005964536e+01    3.0502982268e+01    3.0502982268e+01
    3.9992886265e+03    3.3498271079e+03   -4.7524969673e+04    8.6516902773e+01    8.6026472289e+01    8.6029906416e+01   -2.5996867593e-01    1.4032835301e-01    3.0712861492e-02    6.1005964536e+01    3.0502982268e+01    3.0502982268e+01
    3.9934556672e+03    3.3449413877e+03   -4.7525261134e+04    8.6278104087e+01    8.5831599142e+01    8.6514636105e+01   -3.5455412243e-03   -6.9474776184e-02    5.9003638213e-02    6.1005964536e+01    3.0502982268e+01    3.0502982268e+01
    3.9765521370e+03    3.3307828938e+03   -4.7505297771e+04    8.6901195224e+01    8.5901730484e+01    8.6232150958e+01    2.9902320212e-02   -4.2504416403e-02    5.0431973541e-02    6.1005964536e+01    3.0502982268e+01    3.0502982268e+01
    4.0071941343e+03    3.3564488066e+03   -4.7534983925e+04    8.6342498504e+01    8.5473802060e+01    8.5915108739e+01   -1.4629122594e-01   -3.2380202943e-02   -2.4131064100e-01    6.1005964536e+01    3.0502982268e+01    3.0502982268e+01
    4.0108924680e+03    3.3595465521e+03   -4.7537746974e+04    8.6027255199e+01    8.6001334420e+01    8.5974516070e+01    1.9404563405e-01   -7.3012561161e-02    5.9088543651e-02    6.1005964536e+01    3.0502982268e+01    3.0502982268e+01
    3.9526146312e+03    3.3107327015e+03   -4.7485523911e+04    8.6863072768e+01    8.6401476377e+01    8.5946214168e+01   -2.4551190590e-01   -1.8233077766e-01   -5.8623568249e-02    6.1005964536e+01    3.0502982268e+01    3.0502982268e+01
    4.0236640069e+03    3.3702440664e+03   -4.7547895177e+04    8.6488401309e+01    8.5767815979e+01    8.5802065158e+01   -1.2622856593e-01    2.1760175386e-01    6.9948206505e-02    6.1005964536e+01    3.0502982268e+01    3.0502982268e+01
    4.0089571449e+03    3.3579255144e+03   -4.7535560260e+04    8.6673251477e+01    8.6245180860e+01    8.5789965256e+01   -1.3677106216e-01    2.7876276909e-01    4.5087683242e-02    6.1005964536e+01    3.0502982268e+01    3.0502982268e+01
    3.9645674612e+03    3.3207444605e+03   -4.7496967725e+04    8.6714314991e+01    8.6534586433e+01    8.6341767124e+01   -3.4594652643e-02    1.9592993115e-01   -1.3517572876e-01    6.1005964536e+01    3.0502982268e+01    3.0502982268e+01
    4.0230577825e+03    3.3697362893e+03   -4.7545649765e+04    8.6242131725e+01    8.6108133882e+01    8.5915847129e+01    2.1157340863e-02    2.8553004878e-01    2.9896489727e-01    6.1005964536e+01    3.0502982268e+01    3.0502982268e+01
    4.0263404568e+03    3.3724858762e+03   -4.7545800645e+04    8.6141935257e+01    8.6412401131e+01    8.5765394271e+01   -1.6324104577e-01   -1.4252208440e-01   -7.3136868368e-02    6.1005964536e+01    3.0502982268e+01    3.0502982268e+01
    3.9695330721e+03    3.3249036847e+03   -4.7504154470e+04    8.6074324600e+01    8.6588067694e+01    8.6620293705e+01   -1.9518154519e-01   -1.0902474959e-01   -1.5418250581e-02    6.1005964536e+01    3.0502982268e+01    3.0502982268e+01
    4.0026329177e+03    3.3526283054e+03   -4.7529308764e+04    8.6236485811e+01    8.6294520898e+01    8.6098846056e+01   -2.5854247689e-01   -1.8580849412e-01    1.0675986730e-01    6.1005964536e+01    3.0502982268e+01    3.0502982268e+01
    3.9570303479e+03    3.3144313312e+03   -4.7491005481e+04    8.6402438983e+01    8.6381272558e+01    8.6566081281e+01    1.6038566854e-01   -8.4738243570e-02   -1.5578497901e-01    6.1005964536e+01    3.0502982268e+01    3.0502982268e+01
    4.0170004728e+03    3.3646626520e+03   -4.7544862829e+04    8.6661028121e+01    8.6394575758e+01    8.5760007058e+01    3.8180944824e-02    2.6395757896e-01   -1.3937649431e-01    6.1005964536e+01    3.0502982268e+01    3.0502982268e+01
    3.9864989517e+03    3.3391144029e+03   -4.7516012791e+04    8.6042562070e+01    8.6232661080e+01    8.6398378021e+01    1.3969681876e-02   -5.3556306055e-02    3.3011691723e-02    6.1005964536e+01    3.0502982268e+01    3.0502982268e+01
    3.9654662638e+03    3.3214973028e+03   -4.7502982931e+04    8.6587277935e+01    8.6303024190e+01    8.6205215110e+01    1.3810267901e-01    1.1971958007e-01   -9.0821937339e-02    6.1005964536e+01    3.0502982268e+01    3.0502982268e+01
    3.9938283399e+03    3.3452535405e+03   -4.7521113537e+04    8.5851733519e+01    8.6375774123e+01    8.6140238052e+01   -1.7279517591e-01    2.9557787459e-01   -1.0740026541e-01    6.1005964536e+01    3.0502982268e+01    3.0502982268e+01
    4.0157766810e+03    3.3636375969e+03   -4.7540867286e+04    8.6575818804e+01    8.5845557370e+01    8.5766527727e+01    2.1787624347e-01    1.8192737382e-01    7.2377877156e-02    6.1005964536e+01    3.0502982268e+01    3.0502982268e+01
    3.9802013576e+03    3.3338395019e+03   -4.7504945737e+04    8.6710165938e+01    8.6702594557e+01    8.5515417291e+01    1.1266698415e-01    9.0096695202e-02   -7.4900874694e-02    6.1005964536e+01    3.0502982268e+01    3.0502982268e+01
    4.0773101148e+03    3.4151783543e+03   -4.7592470320e+04    8.6378713395e+01    8.5477083682e+01    8.5801022264e+01    3.1547319338e-02   -3.5812378547e-02    1.7403131371e-01    6.1005964536e+01    3.0502982268e+01    3.0502982268e+01
    4.0730091809e+03    3.4115758673e+03   -4.7586020254e+04    8.6317542104e+01    8.5587091593e+01    8.5464473020e+01    1.3678013104e-01    1.1025963955e-01   -2.4430039567e-01    6.1005964536e+01    3.0502982268e+01    3.0502982268e+01
    3.9791468225e+03    3.3329562172e+03   -4.7509063630e+04    8.6131080176e+01    8.6143744898e+01    8.6708585016e+01    1.4714513576e-01   -1.0955002118e-01   -1.2175117040e-01    6.1005964536e+01    3.0502982268e+01    3.0502982268e+01
    4.0163312114e+03    3.3641020748e+03   -4.7535780642e+04    8.6090633330e+01    8.6276380697e+01    8.6090130570e+01   -7.9904698669e-02    1.4199722406e-01   -9.6116469626e-02    6.1005964536e+01    3.0502982268e+01    3.0502982268e+01
    4.0015857625e+03    3.3517512022e+03   -4.7529197547e+04    8.6156286888e+01    8.5811180753e+01    8.6232467943e+01   -8.0481416498e-02   -1.3583246142e-02   -1.1001383643e-01    6.1005964536e+01    3.0502982268e+01    3.0502982268e+01
    3.9729430773e+03    3.3277599246e+03   -4.7501209876e+04    8.6362571337e+01    8.5946663840e+01    8.6626206273e+01    2.2423209630e-02    5.0212718819e-02    7.3342843503e-03    6.1005964536e+01    3.0502982268e+01    3.0502982268e+01
    4.0386339497e+03    3.3827829764e+03   -4.7562629789e+04    8.5971426813e+01    8.6051247963e+01    8.5730049790e+01    1.1463922629e-01   -1.7481021298e-01   -1.1236584750e-01    6.1005964536e+01    3.0502982268e+01    3.0502982268e+01
    4.0349478371e+03    3.3796954673e+03   -4.7552420926e+04    8.6060148323e+01    8.6136167172e+01    8.6140713015e+01    1.2150561213e-01    1.7785053259e-01    2.2181314109e-01    6.1005964536e+01    3.0502982268e+01    3.0502982268e+01
    3.9700848842e+03    3.3253658857e+03   -4.7503266869e+04    8.6448290938e+01    8.6314758284e+01    8.6085248593e+01   -3.5616071438e-02    1.2761053504e-01   -2.7000346123e-02    6.1005964536e+01    3.0502982268e+01    3.0502982268e+01
    3.9705480982e+03    3.3257538764e+03   -4.7506140988e+04    8.7120422470e+01    8.5745162271e+01    8.6381634578e+01   -3.1250483678e-02    4.1609225415e-02    3.6160980398e-01    6.1005964536e+01    3.0502982268e+01    3.0502982268e+01
    4.0043471958e+03    3.3540641946e+03   -4.7534122637e+04    8.6132150248e+01    8.5737683748e+01    8.6297105858e+01    1.2833439891e-01   -1.4211996547e-01   -1.8266489758e-01    6.1005964536e+01    3.0502982268e+01    3.0502982268e+01
    4.0230992522e+03    3.3697710246e+03   -4.7543527487e+04    8.6274273804e+01    8.6400290804e+01    8.5837789819e+01    7.6609767633e-02    9.9493495813e-02    8.4924725925e-02    6.1005964536e+01    3.0502982268e+01    3.0502982268e+01
    3.9819028076e+03    3.3352646462e+03   -4.7513381752e+04    8.6189050160e+01    8.5538682888e+01    8.6600271185e+01   -2.1040864659e-01    2.0343674195e-02   -1.2240376960e-01    6.1005964536e+01    3.0502982268e+01    3.0502982268e+01
    4.0272469935e+03    3.3732451965e+03   -4.7554006862e+04    8.6124505348e+01    8.6508221278e+01    8.5859364131e+01   -3.5725280370e-01   -7.9038854367e-02    2.3298269671e-01    6.1005964536e+01    3.0502982268e+01    3.0502982268e+01
    3.9952601064e+03    3.3464527963e+03   -4.7523589584e+04    8.6240909785e+01    8.6179538065e+01    8.6129944333e+01    1.9773415500e-01    8.4681478662e-02   -1.0268651664e-01    6.1005964536e+01    3.0502982268e+01    3.0502982268e+01
    4.0258059399e+03    3.3720381617e+03   -4.7550092214e+04    8.6318046949e+01    8.5755812483e+01    8.5692801933e+01    7.1556005732e-02   -2.2395676175e-01    1.2646495810e-02    6.1005964536e+01    3.0502982268e+01    3.0502982268e+01
    4.0436271587e+03    3.3869653169e+03   -4.7563064368e+04    8.5961498415e+01    8.6119693963e+01    8.5497884690e+01   -3.1470884137e-01    4.2683284184e-02   -1.1012993799e-02    6.1005964536e+01    3.0502982268e+01    3.0502982268e+01
    3.9802659200e+03    3.3338935797e+03   -4.7514454368e+04    8.6601904658e+01    8.5835416600e+01    8.6259602210e+01    3.7854214207e-01   -6.8381559668e-02    1.4266635748e-01    6.1005964536e+01    3.0502982268e+01    3.0502982268e+01
    3.9815582768e+03    3.3349760652e+03   -4.7510636717e+04    8.6709947957e+01    8.5998364150e+01    8.6552400783e+01   -5.6134652269e-02   -8.6011490059e-02   -1.3079895540e-01    6.1005964536e+01    3.0502982268e+01    3.0502982268e+01
    3.9995915898e+03    3.3500808717e+03   -4.7527812612e+04    8.6515556125e+01    8.5825333918e+01    8.6487302471e+01   -5.9805819477e-02    6.4786658353e-02   -1.7591066980e-01    6.1005964536e+01    3.0502982268e+01    3.0502982268e+01
    4.0087813142e+03    3.3577782376e+03   -4.7533164188e+04    8.6816882472e+01    8.6409423193e+01    8.5676742575e+01    1.3354017321e-01    3.9524006927e-02   -6.2835365632e-02    6.1005964536e+01    3.0502982268e+01    3.0502982268e+01
    4.0625108047e+03    3.4027823672e+03   -4.7582934448e+04    8.6067847348e+01    8.5832596359e+01    8.5653680601e+01    1.7127773005e-01    8.4374523110e-02   -2.5206897639e-01    6.1005964536e+01    3.0502982268e+01    3.0502982268e+01
    4.0025991731e+03    3.3526000407e+03   -4.7531034613e+04    8.6354506961e+01    8.6084194220e+01    8.6138727856e+01   -1.0920465136e-01    1.4798687031e-01    1.9421565612e-01    6.1005964536e+01    3.0502982268e+01    3.0502982268e+01
    4.0058528284e+03    3.3553253211e+03   -4.7535514988e+04    8.6042066235e+01    8.5706148407e+01    8.6813956858e+01   -1.6868307718e-01   -1.6725202484e-01    4.7077409616e-02    6.1005964536e+01    3.0502982268e+01    3.0502982268e+01
    3.9763286075e+03    3.3305956642e+03   -4.7512297849e+04    8.6620808977e+01    8.5964979199e+01    8.5799508485e+01    2.2408007755e-01    7.8885503753e-02   -4.5922315422e-02    6.1005964536e+01    3.0502982268e+01    3.0502982268e+01
    4.0305930536e+03    3.3760478757e+03   -4.7551515838e+04    8.6556332928e+01    8.5847477002e+01    8.5944546561e+01   -2.9080781993e-01    3.1873499212e-01    4.9848629940e-02    6.1005964536e+01    3.0502982268e+01    3.0502982268e+01
    3.9740401591e+03    3.3286788466e+03   -4.7507117165e+04    8.6428229191e+01    8.5733079870e+01    8.6428789768e+01    2.0789884692e-01    2.0323952921e-02    1.8942920825e-01    6.1005964536e+01    3.0502982268e+01    3.0502982268e+01
    4.0143341530e+03    3.3624293272e+03   -4.7540814578e+04    8.6101814002e+01    8.6104350377e+01    8.5974499992e+01   -6.5261901250e-03   -2.1049439141e-02    7.0417900471e-02    6.1005964536e+01    3.0502982268e+01    3.0502982268e+01
    3.9795731386e+03    3.3333133020e+03   -4.7509713835e+04    8.6381761571e+01    8.6436506525e+01    8.5743394179e+01    5.5015854471e-02    8.2259285936e-02    1.3927104476e-01    6.1005964536e+01    3.0502982268e+01    3.0502982268e+01
    3.9834605664e+03    3.3365694339e+03   -4.7510682905e+04    8.6693662979e+01    8.6191126764e+01    8.6164377761e+01    7.5900460643e-02   -2.4931922887e-01    5.3499425620e-02    6.1005964536e+01    3.0502982268e+01    3.0502982268e+01
    4.0119469122e+03    3.3604297606e+03   -4.7537443097e+04    8.6729603718e+01    8.6096752998e+01    8.5999760327e+01    1.2654951709e-01    1.5325129108e-01   -3.4153739854e-02    6.1005964536e+01    3.0502982268e+01    3.0502982268e+01
    4.0006262041e+03    3.3509474706e+03   -4.7526764848e+04    8.6294482228e+01    8.6632947265e+01    8.5749614503e+01   -3.8699460226e-01    1.7390409330e-01    1.8341709663e-01    6.1005964536e+01    3.0502982268e+01    3.0502982268e+01
    3.9763568624e+03    3.3306193307e+03   -4.7509622825e+04    8.6859342390e+01    8.6329903683e+01    8.6040158647e+01   -1.9800833128e-01    1.0423433331e-01    8.4140847018e-02    6.1005964536e+01    3.0502982268e+01    3.0502982268e+01
    4.0213499512e+03    3.3683058000e+03   -4.7545505376e+04    8.6274434265e+01    8.5796518632e+01    8.6302551448e+01   -2.8144673954e-02    1.7981113364e-01   -5.3257697376e-02    6.1005964536e+01    3.0502982268e+01    3.0502982268e+01
    4.0036908501e+03    3.3535144357e+03   -4.7531133247e+04    8.6413702226e+01    8.6127164480e+01    8.6113920481e+01   -7.6508368231e-02   -1.9315323650e-01   -2.9293136829e-01    6.1005964536e+01    3.0502982268e+01    3.0502982268e+01
    4.0446903014e+03    3.3878558113e+03   -4.7565528700e+04    8.6356870094e+01    8.6105733512e+01    8.5856440357e+01    1.7701509044e-02   -3.1323490725e-01   -2.8385796439e-01    6.1005964536e+01    3.0502982268e+01    3.0502982268e+01
    3.9981524056e+03    3.3488754027e+03   -4.7525450615e+04    8.7011676151e+01    8.6202172359e+01    8.5844277680e+01   -7.5827569207e-02   -7.2480607899e-02    1.1458046897e-01    6.1005964536e+01    3.0502982268e+01    3.0502982268e+01
    3.9819844215e+03    3.3353330065e+03   -4.7507324790e+04    8.7022677802e+01    8.6100503386e+01    8.6211312545e+01    1.9159022243e-01   -9.0841132519e-02   -8.2776805803e-02    6.1005964536e+01    3.0502982268e+01    3.0502982268e+01
    4.0476507474e+03    3.3903354980e+03   -4.7567657950e+04    8.6405448358e+01    8.5606341883e+01    8.5762824321e+01    2.6567645253e-01   -5.5559522212e-02   -1.1381970774e-01    6.1005964536e+01    3.0502982268e+01    3.0502982268e+01
    4.0179239009e+03    3.3654361207e+03   -4.7540020209e+04    8.6119830534e+01    8.6335092013e+01    8.5899175548e+01    2.8078050675e-01   -1.5416003853e-01    3.1113833240e-01    6.1005964536e+01    3.0502982268e+01    3.0502982268e+01
    4.0008892726e+03    3.3511678182e+03   -4.7528289363e+04    8.6242506758e+01    8.6220782787e+01    8.6561035781e+01   -5.1891150302e-02   -2.0959318906e-03   -1.4295212757e-02    6.1005964536e+01    3.0502982268e+01    3.0502982268e+01
    3.9781713161e+03    3.3321391275e+03   -4.7508293850e+04    8.6102083401e+01    8.6357094995e+01    8.6385001013e+01   -1.0835346943e-01   -1.2398413507e-01   -2.3491800674e-01    6.1005964536e+01    3.0502982268e+01    3.0502982268e+01
    3.9640613201e+03    3.3203205138e+03   -4.7496842368e+04    8.6684066972e+01    8.6100764066e+01    8.6401814844e+01   -3.6163383653e-02   -1.2651184086e-01    2.3710706222e-01    6.1005964536e+01    3.0502982268e+01    3.0502982268e+01
    3.9974574559e+03    3.3482933089e+03   -4.7525519353e+04    8.6879060195e+01    8.5956720908e+01    8.6178487793e+01   -6.6746334883e-02    2.9105269175e-01   -4.6465144688e-02    6.1005964536e+01    3.0502982268e+01    3.0502982268e+01
    4.0137456185e+03    3.3619363674e+03   -4.7534843523e+04    8.6407116480e+01    8.5990362624e+01    8.6326497232e+01   -6.8961027332e-03    4.6655886458e-01    2.3300754378e-01    6.1005964536e+01    3.0502982268e+01    3.0502982268e+01
    4.0099735624e+03    3.3587768715e+03   -4.7533029172e+04    8.6531576030e+01    8.5848848554e+01    8.5872277294e+01    2.0075746845e-01    6.5587953339e-02    3.1847346309e-01    6.1005964536e+01    3.0502982268e+01    3.0502982268e+01
    4.0099735624e+03    3.3587768715e+03   -4.7533029172e+04    8.6531576030e+01    8.5848848554e+01    8.5872277294e+01    2.0075746845e-01    6.5587953339e-02    3.1847346309e-01    6.1005964536e+01    3.0502982268e+01    3.0502982268e+01
    4.0099735624e+03    3.3587768715e+03   -4.7533029172e+04    8.6531576030e+01    8.5848848554e+01    8.5872277294e+01    2.0075746845e-01    6.5587953339e-02    3.1847346309e-01    6.1005964536e+01    3.0502982268e+01    3.0502982268e+01
    4.0099735624e+03    3.3587768715e+03   -4.7533029172e+04    8.6531576030e+01    8.5848848554e+01    8.5872277294e+01    2.0075746845e-01    6.5587953339e-02    3.1847346309e-01    6.1005964536e+01    3.0502982268e+01    3.0502982268e+01
    4.0099735624e+03    3.3587768715e+03   -4.7533029172e+04    8.6531576030e+01    8.5848848554e+01    8.5872277294e+01    2.0075746845e-01    6.5587953339e-02    3.1847346309e-01    6.1005964536e+01    3.0502982268e+01    3.0502982268e+01
    4.0099735624e+03    3.3587768715e+03   -4.7533029172e+04    8.6531576030e+01    8.5848848554e+01    8.5872277294e+01    2.0075746845e-01    6.5587953339e-02    3.1847346309e-01    6.1005964536e+01    3.0502982268e+01    3.0502982268e+01
    4.0099735624e+03    3.3587768715e+03   -4.7533029172e+04    8.6531576030e+01    8.5848848554e+01    8.5872277294e+01    2.0075746845e-01    6.5587953339e-02    3.1847346309e-01    6.1005964536e+01    3.0502982268e+01    3.0502982268e+01
    4.0099735624e+03    3.3587768715e+03   -4.7533029172e+04    8.6531576030e+01    8.5848848554e+01    8.5872277294e+01    2.0075746845e-01    6.5587953339e-02    3.1847346309e-01    6.1005964536e+01    3.0502982268e+01    3.0502982268e+01
    4.0099735624e+03    3.3587768715e+03   -4.7533029172e+04    8.6531576030e+01    8.5848848554e+01    8.5872277294e+01    2.0075746845e-01    6.5587953339e-02    3.1847346309e-01    6.1005964536e+01    3.0502982268e+01    3.0502982268e+01
    4.0099735624e+03    3.3587768715e+03   -4.7533029172e+04    8.6531576030e+01    8.5848848554e+01    8.5872277294e+01    2.0075746845e-01    6.5587953339e-02    3.1847346309e-01    6.1005964536e+01    3.0502982268e+01    3.0502982268e+01
    4.0099735624e+03    3.3587768715e+03   -4.7533029172e+04    8.6531576030e+01    8.5848848554e+01    8.5872277294e+01    2.0075746845e-01    6.5587953339e-02    3.1847346309e-01    6.1005964536e+01    3.0502982268e+01    3.0502982268e+01
    4.0099735624e+03    3.3587768715e+03   -4.7533029172e+04    8.6531576030e+01    8.5848848554e+01    8.5872277294e+01    2.0075746845e-01    6.5587953339e-02    3.1847346309e-01    6.1005964536e+01    3.0502982268e+01    3.0502982268e+01
    4.0099735624e+03    3.3587768715e+03   -4.7533029172e+04    8.6531576030e+01    8.5848848554e+01    8.5872277294e+01    2.0075746845e-01    6.5587953339e-02    3.1847346309e-01    6.1005964536e+01    3.0502982268e+01    3.0502982268e+01
    4.0099735624e+03    3.3587768715e+03   -4.7533029172e+04    8.6531576030e+01    8.5848848554e+01    8.5872277294e+01    2.0075746845e-01    6.5587953339e-02    3.1847346309e-01    6.1005964536e+01    3.0502982268e+01    3.0502982268e+01
    4.0099735624e+03    3.3587768715e+03   -4.7533029172e+04    8.6531576030e+01    8.5848848554e+01    8.5872277294e+01    2.0075746845e-01    6.5587953339e-02    3.1847346309e-01    6.1005964536e+01    3.0502982268e+01    3.0502982268e+01
    4.0099735624e+03    3.3587768715e+03   -4.7533029172e+04    8.6531576030e+01    8.5848848554e+01    8.5872277294e+01    2.0075746845e-01    6.5587953339e-02    3.1847346309e-01    6.1005964536e+01    3.0502982268e+01    3.0502982268e+01
    4.0099735624e+03    3.3587768715e+03   -4.7533029172e+04    8.6531576030e+01    8.5848848554e+01    8.5872277294e+01    2.0075746845e-01    6.5587953339e-02    3.1847346309e-01    6.1005964536e+01    3.0502982268e+01    3.0502982268e+01
    4.0099735624e+03    3.3587768715e+03   -4.7533029172e+04    8.6531576030e+01    8.5848848554e+01    8.5872277294e+01    2.0075746845e-01    6.5587953339e-02    3.1847346309e-01    6.1005964536e+01    3.0502982268e+01    3.0502982268e+01
    4.0099735624e+03    3.3587768715e+03   -4.7533029172e+04    8.6531576030e+01    8.5848848554e+01    8.5872277294e+01    2.0075746845e-01    6.5587953339e-02    3.1847346309e-01    6.1005964536e+01    3.0502982268e+01    3.0502982268e+01
    4.0099735624e+03    3.3587768715e+03   -4.7533029172e+04    8.6531576030e+01    8.5848848554e+01    8.5872277294e+01    2.0075746845e-01    6.5587953339e-02    3.1847346309e-01    6.1005964536e+01    3.0502982268e+01    3.0502982268e+01
    4.0099735624e+03    3.3587768715e+03   -4.7533029172e+04    8.6531576030e+01    8.5848848554e+01    8.5872277294e+01    2.0075746845e-01    6.5587953339e-02    3.1847346309e-01    6.1005964536e+01    3.0502982268e+01    3.0502982268e+01
    4.0099735624e+03    3.3587768715e+03   -4.7533029172e+04    8.6531576030e+01    8.5848848554e+01    8.5872277294e+01    2.0075746845e-01    6.5587953339e-02    3.1847346309e-01    6.1005964536e+01    3.0502982268e+01    3.0502982268e+01
    4.0099735624e+03    3.3587768715e+03   -4.7533029172e+04    8.6531576030e+01    8.5848848554e+01    8.5872277294e+01    2.0075746845e-01    6.5587953339e-02    3.1847346309e-01    6.1005964536e+01    3.0502982268e+01    3.0502982268e+01
    4.0099735624e+03    3.3587768715e+03   -4.7533029172e+04    8.6531576030e+01    8.5848848554e+01    8.5872277294e+01    2.0075746845e-01    6.5587953339e-02    3.1847346309e-01    6.1005964536e+01    3.0502982268e+01    3.0502982268e+01
    4.0099735624e+03    3.3587768715e+03   -4.7533029172e+04    8.6531576030e+01    8.5848848554e+01    8.5872277294e+01    2.0075746845e-01    6.5587953339e-02    3.1847346309e-01    6.1005964536e+01    3.0502982268e+01    3.0502982268e+01
    4.0099735624e+03    3.3587768715e+03   -4.7533029172e+04    8.6531576030e+01    8.5848848554e+01    8.5872277294e+01    2.0075746845e-01    6.5587953339e-02    3.1847346309e-01    6.1005964536e+01    3.0502982268e+01    3.0502982268e+01
    4.0099735624e+03    3.3587768715e+03   -4.7533029172e+04    8.6531576030e+01    8.5848848554e+01    8.5872277294e+01    2.0075746845e-01    6.5587953339e-02    3.1847346309e-01    6.1005964536e+01    3.0502982268e+01    3.0502982268e+01
    4.0099735624e+03    3.3587768715e+03   -4.7533029172e+04    8.6531576030e+01    8.5848848554e+01    8.5872277294e+01    2.0075746845e-01    6.5587953339e-02    3.1847346309e-01    6.1005964536e+01    3.0502982268e+01    3.0502982268e+01
    4.0099735624e+03    3.3587768715e+03   -4.7533029172e+04    8.6531576030e+01    8.5848848554e+01    8.5872277294e+01    2.0075746845e-01    6.5587953339e-02    3.1847346309e-01    6.1005964536e+01    3.0502982268e+01    3.0502982268e+01
    4.0099735624e+03    3.3587768715e+03   -4.7533029172e+04    8.6531576030e+01    8.5848848554e+01    8.5872277294e+01    2.0075746845e-01    6.5587953339e-02    3.1847346309e-01    6.1005964536e+01    3.0502982268e+01    3.0502982268e+01
    4.0099735624e+03    3.3587768715e+03   -4.7533029172e+04    8.6531576030e+01    8.5848848554e+01    8.5872277294e+01    2.0075746845e-01    6.5587953339e-02    3.1847346309e-01    6.1005964536e+01    3.0502982268e+01    3.0502982268e+01
