    2.9835746624e+03    3.7485888926e+03   -7.2523221739e+04    8.0126605647e+01    7.9706355006e+01    8.0115675889e+01   -1.8141976612e-01   -5.1553872763e-02    1.4423306554e-01    9.1508946803e+01    3.0502982268e+01    3.0502982268e+01
    2.9647911797e+03    3.7249891632e+03   -7.2479068927e+04    8.0361089570e+01    8.0334645032e+01    8.0103399517e+01   -1.1255213634e-01    6.9704382037e-02    2.0187465081e-01    9.1508946803e+01    3.0502982268e+01    3.0502982268e+01
    3.0124373445e+03    3.7848522150e+03   -7.2539465662e+04    8.0181944418e+01    7.9961431347e+01    7.9629001324e+01   -1.8144723096e-01   -3.7152756166e-02   -9.0747392035e-02    9.1508946803e+01    3.0502982268e+01    3.0502982268e+01
    3.0059232049e+03    3.7766677938e+03   -7.2536113488e+04    8.0032099929e+01    8.0221330639e+01    8.0035148495e+01   -1.3446700053e-01   -7.7656351186e-02    4.6230160931e-02    9.1508946803e+01    3.0502982268e+01    3.0502982268e+01
    3.0087353064e+03    3.7802009424e+03   -7.2534803241e+04    8.0486231073e+01    7.9838032154e+01    7.9633597180e+01    6.4303023861e-03    2.4162567335e-02    1.4493861415e-01    9.1508946803e+01    3.0502982268e+01    3.0502982268e+01
    2.9901958167e+03    3.7569077679e+03   -7.2513178249e+04    8.0168384707e+01    8.0193723360e+01    8.0100093886e+01    8.9239699966e-02   -1.0180695873e-01    7.6729041614e-02    9.1508946803e+01    3.0502982268e+01    3.0502982268e+01
    2.9764877460e+03    3.7396848298e+03   -7.2501186817e+04    8.0670140799e+01    8.0157552696e+01    7.9850121673e+01    1.2164208755e-01    1.0728396558e-01   -8.3509283245e-02    9.1508946803e+01    3.0502982268e+01    3.0502982268e+01
    2.9750384180e+03    3.7378638816e+03   -7.2494250766e+04    8.0366993070e+01    7.9946834302e+01    8.0228072151e+01   -4.4135302366e-02    3.2181908702e-02   -2.7042217100e-02    9.1508946803e+01    3.0502982268e+01    3.0502982268e+01
    3.0176482617e+03    3.7913992561e+03   -7.2547056473e+04    8.0274940266e+01    7.9877117307e+01    7.9662178633e+01    1.1916185868e-02    7.1073469602e-02    9.3614200708e-02    9.1508946803e+01    3.0502982268e+01    3.0502982268e+01
    2.9914403484e+03    3.7584714082e+03   -7.2516737092e+04    7.9884537945e+01    7.9896475318e+01    8.0461964907e+01   -1.6086144050e-01    1.7589673488e-02    4.2155404229e-02    9.1508946803e+01    3.0502982268e+01    3.0502982268e+01
    3.0078702865e+03    3.7791141240e+03   -7.2534109540e+04    8.0091261488e+01    8.0087122686e+01    7.9753997417e+01   -7.0351551448e-02    2.2178838888e-01    1.4336628522e-01    9.1508946803e+01    3.0502982268e+01    3.0502982268e+01
    3.0060077647e+03    3.7767740355e+03   -7.2532454272e+04    8.0139686470e+01    7.9500076801e+01    8.0068998654e+01    7.4396789176e-02    8.2390728989e-02   -1.2267760086e-02    9.1508946803e+01    3.0502982268e+01    3.0502982268e+01
    2.9712308731e+03    3.7330800495e+03   -7.2488516029e+04    8.0361877737e+01    8.0348183908e+01    7.9806081405e+01   -9.9819684948e-02   -1.5232508017e-01   -1.3001045973e-02    9.1508946803e+01    3.0502982268e+01    3.0502982268e+01
    3.0002898332e+03    3.7695899772e+03   -7.2524110577e+04    7.9887952910e+01    8.0229021539e+01    8.0174059971e+01    5.0206233970e-02    5.2495375111e-02   -5.9841537638e-02    9.1508946803e+01    3.0502982268e+01    3.0502982268e+01
    2.9750402954e+03    3.7378662405e+03   -7.2492234810e+04    8.0136353873e+01    8.0433390078e+01    8.0145859742e+01   -1.5639076804e-02    2.4420277166e-02   -1.2802418221e-01    9.1508946803e+01    3.0502982268e+01    3.0502982268e+01
    2.9843095508e+03    3.7495122128e+03   -7.2508150268e+04    8.0540702248e+01    7.9994262165e+01    7.9787743113e+01    1.4706190148e-01    1.2806121584e-02    1.6918267582e-02    9.1508946803e+01    3.0502982268e+01    3.0502982268e+01
    2.9930034079e+03    3.7604352496e+03   -7.2517430786e+04    7.9962259826e+01    7.9937275788e+01    8.0069271122e+01    6.6540910433e-02    7.9408099197e-02   -1.3225617254e-01    9.1508946803e+01    3.0502982268e+01    3.0502982268e+01
    3.0241390745e+03    3.7995543692e+03   -7.2556101688e+04    7.9630201504e+01    7.9857997153e+01    7.9762577772e+01   -7.6659915344e-02   -7.8617232451e-02    2.7906041830e-02    9.1508946803e+01    3.0502982268e+01    3.0502982268e+01
    2.9852210455e+03    3.7506574226e+03   -7.2509636664e+04    8.0211908314e+01    8.0330122671e+01    8.0029175042e+01    1.5756421185e-01   -2.2243148577e-02    1.2335505912e-01    9.1508946803e+01    3.0502982268e+01    3.0502982268e+01
    3.0063675070e+03    3.7772260188e+03   -7.2533002989e+04    8.0149637273e+01    8.0184366441e+01    8.0080402674e+01    5.5431770184e-02    1.0260965052e-01   -4.7917776026e-02    9.1508946803e+01    3.0502982268e+01    3.0502982268e+01
    3.0014731995e+03    3.7710767688e+03   -7.2525527265e+04    8.0234065748e+01    7.9872853754e+01    8.0023147314e+01   -1.6278824371e-02   -3.8906875287e-02    8.6822590306e-02    9.1508946803e+01    3.0502982268e+01    3.0502982268e+01
    3.0093765843e+03    3.7810066495e+03   -7.2539674427e+04    8.0055175567e+01    8.0196704513e+01    7.9858316025e+01   -7.9865868059e-02    2.9649198719e-02    3.6915845700e-02    9.1508946803e+01    3.0502982268e+01    3.0502982268e+01
    2.9861020014e+03    3.7517642631e+03   -7.2511631777e+04    8.0208822918e+01    8.0157650712e+01    7.9948209146e+01    1.0359500083e-01   -1.5185575073e-01   -1.5041139761e-02    9.1508946803e+01    3.0502982268e+01    3.0502982268e+01
    2.9878116438e+03    3.7539122726e+03   -7.2511450550e+04    8.0068811639e+01    7.9971928654e+01    8.0470389901e+01   -1.1531555578e-01    3.9316126051e-02    3.6641875431e-02    9.1508946803e+01    3.0502982268e+01    3.0502982268e+01
    3.0038289258e+03    3.7740365236e+03   -7.2531051519e+04    8.0484465299e+01    7.9729526384e+01    7.9712159945e+01   -3.7134882276e-02   -3.4265211068e-02    1.3775904671e-01    9.1508946803e+01    3.0502982268e+01    3.0502982268e+01
    2.9982842167e+03    3.7670701033e+03   -7.2524603187e+04    8.0024980704e+01    8.0095330798e+01    8.0043997384e+01    2.0535004327e-01    7.2599095385e-03   -7.7142753709e-02    9.1508946803e+01    3.0502982268e+01    3.0502982268e+01
    3.0076477801e+03    3.7788345650e+03   -7.2534183159e+04    7.9913404241e+01    8.0049826451e+01    7.9914931207e+01    8.0529081000e-02    1.4030506695e-01   -9.8322755610e-02    9.1508946803e+01    3.0502982268e+01    3.0502982268e+01
    2.9962015800e+03    3.7644534606e+03   -7.2523499874e+04    8.0244193290e+01    8.0021526742e+01    7.9763119030e+01    8.6891786750e-02    3.9132478818e-02   -9.1249314611e-02    9.1508946803e+01    3.0502982268e+01    3.0502982268e+01
    2.9748253219e+03    3.7375961459e+03   -7.2494634008e+04    8.0222252051e+01    8.0138367837e+01    8.0018270592e+01    2.1214455995e-01   -1.1506015052e-01    1.3185887640e-02    9.1508946803e+01    3.0502982268e+01    3.0502982268e+01
    3.0108362574e+03    3.7828405953e+03   -7.2543793094e+04    7.9846671778e+01    8.0074206977e+01    8.0153463921e+01   -5.6768193301e-02   -2.3215972716e-01   -6.0310011444e-02    9.1508946803e+01    3.0502982268e+01    3.0502982268e+01
    3.0038972077e+03    3.7741223135e+03   -7.2528428725e+04    8.0194457283e+01    7.9984148944e+01    8.0147314904e+01   -1.5058824079e-01   -4.8162793659e-02   -2.6717378974e-02    9.1508946803e+01    3.0502982268e+01    3.0502982268e+01
    3.0022381102e+03    3.7720378091e+03   -7.2527410706e+04    8.0051218236e+01    7.9939256496e+01    8.0029904459e+01   -4.0745180370e-02   -1.3766970775e-01    2.5303551749e-02    9.1508946803e+01    3.0502982268e+01    3.0502982268e+01
    3.0153665424e+03    3.7885324843e+03   -7.2544235590e+04    8.0534854343e+01    7.9620899954e+01    7.9867109852e+01    6.0103872037e-02    1.2847885960e-01    1.1954755962e-01    9.1508946803e+01    3.0502982268e+01    3.0502982268e+01
    2.9939035793e+03    3.7615662328e+03   -7.2519085115e+04    8.0255380669e+01    8.0022143894e+01    8.0049047842e+01   -8.8547597941e-03   -8.6704106966e-02   -1.7440710288e-01    9.1508946803e+01    3.0502982268e+01    3.0502982268e+01
    2.9910085035e+03    3.7579288345e+03   -7.2511653292e+04    8.0058932892e+01    7.9711752150e+01    8.0377546953e+01    8.7525371734e-02    2.7083926284e-02    3.0665610569e-02    9.1508946803e+01    3.0502982268e+01    3.0502982268e+01
    3.0156754233e+03    3.7889205650e+03   -7.2546963457e+04    7.9597794686e+01    7.9983020843e+01    7.9992815012e+01   -1.2043364627e-01   -1.6053013352e-01   -9.3195725574e-02    9.1508946803e+01    3.0502982268e+01    3.0502982268e+01
    2.9832439150e+03    3.7481733387e+03   -7.2507698415e+04    8.0152639999e+01    8.0135284744e+01    8.0080597504e+01   -1.4814181479e-01    1.5622726674e-01   -5.9463085202e-02    9.1508946803e+01    3.0502982268e+01    3.0502982268e+01
    2.9845228513e+03    3.7497802053e+03   -7.2506241696e+04    8.0336217557e+01    7.9844402018e+01    8.0195414475e+01   -2.0146474849e-02   -1.3873891812e-01   -9.4855406639e-03    9.1508946803e+01    3.0502982268e+01    3.0502982268e+01
    3.0112834907e+03    3.7834025031e+03   -7.2538517645e+04    7.9874718356e+01    7.9938204114e+01    7.9989980620e+01   -1.3075684497e-01   -6.9016385562e-02   -4.4604220754e-02    9.1508946803e+01    3.0502982268e+01    3.0502982268e+01
    2.9954948379e+03    3.7635655038e+03   -7.2517738168e+04    8.0204716065e+01    8.0091953271e+01    7.9955822260e+01   -3.6924753666e-02   -3.9481385446e-02   -1.1509985977e-02    9.1508946803e+01    3.0502982268e+01    3.0502982268e+01
    2.9859488744e+03    3.7515718730e+03   -7.2509700634e+04    8.0374461637e+01    8.0305382107e+01    7.9849701645e+01   -6.5578493077e-02   -5.9564058798e-02   -1.0773605040e-02    9.1508946803e+01    3.0502982268e+01    3.0502982268e+01
    2.9904229566e+03    3.7571931484e+03   -7.2514915075e+04    8.0172558328e+01    7.9970252885e+01    7.9796543826e+01    1.6528954439e-01   -7.7812427825e-02    9.3063488277e-03    9.1508946803e+01    3.0502982268e+01    3.0502982268e+01
    3.0069960004e+03    3.7780156634e+03   -7.2533909059e+04    8.0089397898e+01    8.0081850257e+01    8.0164306663e+01    1.5984923476e-01    3.3196737231e-02    3.0044930695e-02    9.1508946803e+01    3.0502982268e+01    3.0502982268e+01
    3.0020108064e+03    3.7717522226e+03   -7.2530197639e+04    8.0120066070e+01    7.9947367681e+01    7.9897058322e+01    1.8061255274e-02   -5.3011990071e-02    1.7523788089e-01    9.1508946803e+01    3.0502982268e+01    3.0502982268e+01
    2.9971231032e+03    3.7656112703e+03   -7.2522377305e+04    8.0476223101e+01    7.9505292055e+01    8.0042202930e+01   -1.5167655440e-01    5.0041730006e-02   -1.4864665869e-01    9.1508946803e+01    3.0502982268e+01    3.0502982268e+01
    3.0145434416e+03    3.7874983335e+03   -7.2546832504e+04    8.0002414184e+01    7.9726408575e+01    8.0253247798e+01    1.1983968073e-01    3.8331263383e-02    1.9983088970e-02    9.1508946803e+01    3.0502982268e+01    3.0502982268e+01
    2.9693701633e+03    3.7307422376e+03   -7.2487370385e+04    8.0208227627e+01    8.0013303052e+01    8.0303900751e+01   -1.1390835099e-01   -1.2101662486e-01   -7.9520320374e-02    9.1508946803e+01    3.0502982268e+01    3.0502982268e+01
    3.0320640213e+03    3.8095113407e+03   -7.2566472140e+04    7.9658880637e+01    7.9966021747e+01    8.0120822783e+01   -1.5742077675e-01   -4.4030335998e-02    3.0930914819e-01    9.1508946803e+01    3.0502982268e+01    3.0502982268e+01
    3.0294967976e+03    3.8062858587e+03   -7.2564958040e+04    7.9945857810e+01    7.9895952541e+01    8.0063349611e+01   -6.3345216161e-02   -1.3230704984e-01    2.2319527201e-02    9.1508946803e+01    3.0502982268e+01    3.0502982268e+01
    3.0183263420e+03    3.7922512021e+03   -7.2547057300e+04    8.0255905601e+01    7.9594526780e+01    7.9965713769e+01    2.1989591318e-02    1.1952153294e-01    1.9960482566e-01    9.1508946803e+01    3.0502982268e+01    3.0502982268e+01
    3.0316058056e+03    3.8089356344e+03   -7.2562958832e+04    8.0056805981e+01    7.9792232214e+01    7.9967929538e+01    6.2292631171e-02   -3.5871496389e-02   -1.7366943121e-03    9.1508946803e+01    3.0502982268e+01    3.0502982268e+01
    2.9870323421e+03    3.7529331511e+03   -7.2509787330e+04    8.0528341637e+01    7.9911928880e+01    7.9905348202e+01    6.5219542300e-02    1.6139014036e-01   -1.8116625145e-02    9.1508946803e+01    3.0502982268e+01    3.0502982268e+01
    2.9970101600e+03    3.7654693675e+03   -7.2522766186e+04    8.0231421829e+01    7.9735013201e+01    7.9889386818e+01    2.0308081823e-01    1.3120199564e-02   -4.3449681845e-02    9.1508946803e+01    3.0502982268e+01    3.0502982268e+01
    2.9973553607e+03    3.7659030806e+03   -7.2519449287e+04    8.0077096702e+01    7.9884343379e+01    8.0088949901e+01    1.1389090544e-01   -1.5593256426e-01    1.9763075329e-01    9.1508946803e+01    3.0502982268e+01    3.0502982268e+01
    3.0026222088e+03    3.7725203939e+03   -7.2532068608e+04    8.0047294315e+01    7.9642344355e+01    8.0093276141e+01    4.9810518496e-02   -1.2329043996e-01   -1.2055310502e-01    9.1508946803e+01    3.0502982268e+01    3.0502982268e+01
    3.0321201180e+03    3.8095818210e+03   -7.2570155065e+04    8.0290938157e+01    7.9606151526e+01    7.9604078189e+01   -6.1715696686e-02    3.4039581830e-02    9.3121053307e-02    9.1508946803e+01    3.0502982268e+01    3.0502982268e+01
    3.0241272663e+03    3.7995395333e+03   -7.2555537515e+04    8.0000841645e+01    7.9833518634e+01    7.9725733675e+01   -5.2386056351e-02    2.0985175234e-01   -3.3966387483e-02    9.1508946803e+01    3.0502982268e+01    3.0502982268e+01
    2.9921039539e+03    3.7593051679e+03   -7.2516472190e+04    8.0500766139e+01    7.9917538002e+01    8.0042553064e+01   -8.5208492174e-02   -1.9825654077e-01   -2.7008120988e-01    9.1508946803e+01    3.0502982268e+01    3.0502982268e+01
    3.0127088653e+03    3.7851933560e+03   -7.2548657963e+04    8.0169090294e+01    7.9802117510e+01    7.9717216534e+01   -1.5508378175e-01    8.0525582758e-02    6.8980075847e-02    9.1508946803e+01    3.0502982268e+01    3.0502982268e+01
    2.9834685579e+03    3.7484555820e+03   -7.2506696393e+04    8.0050292007e+01    8.0130155133e+01    8.0007118064e+01    1.0402326700e-03    8.3198277128e-02   -1.1834774411e-01    9.1508946803e+01    3.0502982268e+01    3.0502982268e+01
    3.0069444356e+03    3.7779508769e+03   -7.2534144832e+04    8.0245406485e+01    8.0040237721e+01    7.9873151322e+01    3.6528556387e-02   -8.9513017223e-02    2.4097837160e-01    9.1508946803e+01    3.0502982268e+01    3.0502982268e+01
    2.9984207855e+03    3.7672416895e+03   -7.2524791534e+04    8.0369973059e+01    7.9765217563e+01    7.9690257511e+01   -1.5951395640e-01    5.0982978633e-03   -6.8231837031e-02    9.1508946803e+01    3.0502982268e+01    3.0502982268e+01
    3.0178503164e+03    3.7916531194e+03   -7.2548225646e+04    7.9716336676e+01    8.0040520363e+01    8.0008453051e+01    5.5276080356e-02    3.8562863970e-02    3.2997224772e-02    9.1508946803e+01    3.0502982268e+01    3.0502982268e+01
    3.0337991160e+03    3.8116913285e+03   -7.2565271202e+04    8.0301289382e+01    7.9788069298e+01    7.9517011761e+01    6.5514185552e-02   -5.1156149834e-02   -1.1048846297e-01    9.1508946803e+01    3.0502982268e+01    3.0502982268e+01
    2.9909416152e+03    3.7578447955e+03   -7.2512417044e+04    8.0286244144e+01    7.9686926037e+01    7.9900223149e+01   -2.6934779243e-02    4.1810918834e-02    5.1272582242e-03    9.1508946803e+01    3.0502982268e+01    3.0502982268e+01
    2.9959176639e+03    3.7640967460e+03   -7.2519515456e+04    8.0195345507e+01    8.0023196933e+01    8.0155035784e+01    6.4082232668e-02   -1.4083704451e-01    4.9449943214e-02    9.1508946803e+01    3.0502982268e+01    3.0502982268e+01
    3.0076601423e+03    3.7788500969e+03   -7.2535002009e+04    8.0020948717e+01    7.9572886053e+01    8.0201852568e+01    4.6474455291e-02    5.1984761503e-02    3.6831914316e-02    9.1508946803e+01    3.0502982268e+01    3.0502982268e+01
    2.9841811503e+03    3.7493508893e+03   -7.2503816663e+04    7.9935780459e+01    8.0067040237e+01    8.0440859546e+01    1.6557343656e-02   -1.8356072328e-01    4.2367273119e-04    9.1508946803e+01    3.0502982268e+01    3.0502982268e+01
    3.0088181303e+03    3.7803050031e+03   -7.2538223640e+04    8.0147152319e+01    7.9831124970e+01    7.9798057918e+01    4.8621426725e-02    1.2033440616e-01   -1.3885330926e-01    9.1508946803e+01    3.0502982268e+01    3.0502982268e+01
    2.9995885144e+03    3.7687088341e+03   -7.2522481241e+04    8.0027982282e+01    8.0161672308e+01    8.0031503332e+01   -6.4931250227e-02   -1.7223055339e-02   -2.0803633502e-01    9.1508946803e+01    3.0502982268e+01    3.0502982268e+01
    2.9922831185e+03    3.7595302719e+03   -7.2511744975e+04    8.0053545725e+01    7.9915100686e+01    8.0358424908e+01   -5.0886939787e-02   -7.8718765538e-02    7.3738392154e-02    9.1508946803e+01    3.0502982268e+01    3.0502982268e+01
    3.0023073884e+03    3.7721248508e+03   -7.2531967900e+04    8.0037144070e+01    7.9670512445e+01    8.0253594826e+01   -2.7648282173e-03   -2.3434064296e-02   -6.4929333906e-02    9.1508946803e+01    3.0502982268e+01    3.0502982268e+01
    3.0143347742e+03    3.7872361619e+03   -7.2542942084e+04    7.9890275377e+01    8.0118855093e+01    8.0055525212e+01   -2.6328401057e-02   -1.9954035727e-01   -5.0119245275e-02    9.1508946803e+01    3.0502982268e+01    3.0502982268e+01
    2.9990009033e+03    3.7679705545e+03   -7.2525241069e+04    7.9892282273e+01    7.9884615646e+01    8.0212647056e+01   -8.7610918026e-02    9.5150912925e-02   -5.6321385496e-02    9.1508946803e+01    3.0502982268e+01    3.0502982268e+01
    3.0142523003e+03    3.7871325410e+03   -7.2545309080e+04    8.0264757616e+01    7.9964784008e+01    7.9706252708e+01   -1.4278740290e-01    1.1531516383e-02    1.3368173692e-01    9.1508946803e+01    3.0502982268e+01    3.0502982268e+01
    3.0015846511e+03    3.7712167974e+03   -7.2525256195e+04    8.0167888751e+01    7.9875318177e+01    7.9904118011e+01   -6.2438232256e-02   -9.8501724433e-02    1.7188732786e-01    9.1508946803e+01    3.0502982268e+01    3.0502982268e+01
    2.9709960315e+03    3.7327849924e+03   -7.2484138227e+04    8.0370598308e+01    8.0273779352e+01    7.9939811180e+01   -2.7267416547e-01    2.1323907447e-02   -7.7643079311e-02    9.1508946803e+01    3.0502982268e+01    3.0502982268e+01
    3.0133465075e+03    3.7859944952e+03   -7.2545249729e+04    7.9770932252e+01    7.9669386850e+01    8.0076304556e+01   -4.5899436825e-02   -1.9203700991e-01    1.2740642107e-01    9.1508946803e+01    3.0502982268e+01    3.0502982268e+01
    3.0019091011e+03    3.7716244393e+03   -7.2528520001e+04    8.0265396496e+01    7.9973683675e+01    7.9743961085e+01    9.4140471386e-02    1.7876097293e-01   -1.2333355072e-01    9.1508946803e+01    3.0502982268e+01    3.0502982268e+01
    2.9974530411e+03    3.7660258071e+03   -7.2524525411e+04    8.0028937615e+01    8.0283606673e+01    7.9624089199e+01    2.0246004195e-01    2.0604266946e-02    1.7448300394e-01    9.1508946803e+01    3.0502982268e+01    3.0502982268e+01
    2.9806203855e+03    3.7448771138e+03   -7.2502064712e+04    8.0225447102e+01    8.0094618083e+01    7.9843734724e+01    1.0560974111e-02   -1.5592941332e-01    1.1801041596e-01    9.1508946803e+01    3.0502982268e+01    3.0502982268e+01
    3.0103717902e+03    3.7822570347e+03   -7.2541250522e+04    8.0206213279e+01    7.9974582856e+01    7.9924101433e+01   -2.0681467265e-02   -5.7902019687e-02    1.6383813551e-02    9.1508946803e+01    3.0502982268e+01    3.0502982268e+01
    3.0126329448e+03    3.7850979688e+03   -7.2541122779e+04    8.0071688246e+01    8.0311280825e+01    7.9325976232e+01   -7.1094925018e-02   -8.9267478536e-02    8.9391154279e-03    9.1508946803e+01    3.0502982268e+01    3.0502982268e+01
    3.0063915331e+03    3.7772562054e+03   -7.2531066102e+04    8.0209418179e+01    8.0143644406e+01    8.0006879565e+01    1.1100841454e-01   -4.4075889625e-02    1.5980609739e-01    9.1508946803e+01    3.0502982268e+01    3.0502982268e+01
    2.9899949603e+03    3.7566554102e+03   -7.2514151993e+04    8.0363531676e+01    8.0229267854e+01    8.0168892776e+01    1.5553568603e-01   -1.6800674924e-02   -9.3879130946e-02    9.1508946803e+01    3.0502982268e+01    3.0502982268e+01
    3.0089896528e+03    3.7805205054e+03   -7.2539031427e+04    7.9950996656e+01    7.9862245016e+01    8.0020046790e+01    1.5227642907e-01    1.7161348748e-01   -1.1861483080e-01    9.1508946803e+01    3.0502982268e+01    3.0502982268e+01
    3.0012739658e+03    3.7708264498e+03   -7.2527926255e+04    8.0155353969e+01    7.9966782028e+01    7.9878358620e+01   -1.3915941269e-01   -4.3620283668e-02   -1.8533399803e-01    9.1508946803e+01    3.0502982268e+01    3.0502982268e+01
    2.9725103269e+03    3.7346875662e+03   -7.2492548385e+04    8.0398221322e+01    8.0118443605e+01    7.9971573862e+01   -8.7661124938e-02   -2.0573458640e-02    7.2889874002e-02    9.1508946803e+01    3.0502982268e+01    3.0502982268e+01
    2.9694442192e+03    3.7308352821e+03   -7.2489534677e+04    8.0154239148e+01    7.9987275424e+01    7.9824066435e+01   -2.8932385238e-02   -1.4972132736e-01    1.4962258917e-01    9.1508946803e+01    3.0502982268e+01    3.0502982268e+01
    3.0037833892e+03    3.7739793110e+03   -7.2529301162e+04    8.0201049777e+01    7.9897241830e+01    8.0018364516e+01    1.4945799467e-01    9.2904654946e-02    8.1499146170e-02    9.1508946803e+01    3.0502982268e+01    3.0502982268e+01
    3.0045861261e+03    3.7749878766e+03   -7.2535295792e+04    8.0010852680e+01    8.0160191175e+01    7.9989443234e+01   -9.2767851878e-02   -1.1003472860e-02   -1.2457039936e-01    9.1508946803e+01    3.0502982268e+01    3.0502982268e+01
    2.9767235921e+03    3.7399811489e+03   -7.2495350216e+04    8.0465512019e+01    8.0298004034e+01    7.9806687388e+01   -3.1583973363e-02   -4.3427616245e-02   -5.3921294243e-02    9.1508946803e+01    3.0502982268e+01    3.0502982268e+01
    3.0089087824e+03    3.7804188990e+03   -7.2535833312e+04    8.0093053774e+01    7.9875409559e+01    8.0038627820e+01   -1.1316414315e-03   -1.6654610818e-01   -7.1624768962e-02    9.1508946803e+01    3.0502982268e+01    3.0502982268e+01
    2.9705552225e+03    3.7322311563e+03   -7.2488613009e+04    8.0326857648e+01    7.9944961601e+01    8.0105236333e+01    1.6827142089e-02   -2.3092449568e-01   -1.5377561279e-02    9.1508946803e+01    3.0502982268e+01    3.0502982268e+01
    2.9854682575e+03    3.7509680219e+03   -7.2508124366e+04    8.0316229613e+01    7.9877675165e+01    8.0238281560e+01   -5.2004063840e-04   -1.2360392454e-01    7.7516485141e-02    9.1508946803e+01    3.0502982268e+01    3.0502982268e+01
    3.0141784645e+03    3.7870397730e+03   -7.2541908774e+04    8.0295373568e+01    7.9685950248e+01    8.0032239947e+01    1.5953911188e-02    1.2538909465e-01    4.2186944043e-02    9.1508946803e+01    3.0502982268e+01    3.0502982268e+01
    3.0085056309e+03    3.7799123761e+03   -7.2536143609e+04    8.0222112807e+01    7.9955106092e+01    7.9782233301e+01   -1.1625163920e-01   -8.1578075385e-02   -9.6935286543e-03    9.1508946803e+01    3.0502982268e+01    3.0502982268e+01
    3.0049290259e+03    3.7754186987e+03   -7.2536086237e+04    7.9852476621e+01    8.0348461259e+01    7.9707895463e+01   -8.5453707416e-02   -2.0913364121e-01   -1.2875995942e-01    9.1508946803e+01    3.0502982268e+01    3.0502982268e+01
    2.9966821538e+03    3.7650572576e+03   -7.2523829477e+04    8.0061694630e+01    8.0193780298e+01    7.9739006311e+01   -4.9894587794e-02    1.6577082442e-01   -1.6045089179e-01    9.1508946803e+01    3.0502982268e+01    3.0502982268e+01
    2.9927946489e+03    3.7601729630e+03   -7.2519234476e+04    7.9970373688e+01    7.9923246730e+01    8.0174323618e+01    1.1860764771e-01   -1.0585350290e-01    6.1274179861e-02    9.1508946803e+01    3.0502982268e+01    3.0502982268e+01
    2.9927946489e+03    3.7601729630e+03   -7.2519234476e+04    7.9970373688e+01    7.9923246730e+01    8.0174323618e+01    1.1860764771e-01   -1.0585350290e-01    6.1274179861e-02    9.1508946803e+01    3.0502982268e+01    3.0502982268e+01
    2.9927946489e+03    3.7601729630e+03   -7.2519234476e+04    7.9970373688e+01    7.9923246730e+01    8.0174323618e+01    1.1860764771e-01   -1.0585350290e-01    6.1274179861e-02    9.1508946803e+01    3.0502982268e+01    3.0502982268e+01
    2.9927946489e+03    3.7601729630e+03   -7.2519234476e+04    7.9970373688e+01    7.9923246730e+01    8.0174323618e+01    1.1860764771e-01   -1.0585350290e-01    6.1274179861e-02    9.1508946803e+01    3.0502982268e+01    3.0502982268e+01
    2.9927946489e+03    3.7601729630e+03   -7.2519234476e+04    7.9970373688e+01    7.9923246730e+01    8.0174323618e+01    1.1860764771e-01   -1.0585350290e-01    6.1274179861e-02    9.1508946803e+01    3.0502982268e+01    3.0502982268e+01
    2.9927946489e+03    3.7601729630e+03   -7.2519234476e+04    7.9970373688e+01    7.9923246730e+01    8.0174323618e+01    1.1860764771e-01   -1.0585350290e-01    6.1274179861e-02    9.1508946803e+01    3.0502982268e+01    3.0502982268e+01
    2.9927946489e+03    3.7601729630e+03   -7.2519234476e+04    7.9970373688e+01    7.9923246730e+01    8.0174323618e+01    1.1860764771e-01   -1.0585350290e-01    6.1274179861e-02    9.1508946803e+01    3.0502982268e+01    3.0502982268e+01
    2.9927946489e+03    3.7601729630e+03   -7.2519234476e+04    7.9970373688e+01    7.9923246730e+01    8.0174323618e+01    1.1860764771e-01   -1.0585350290e-01    6.1274179861e-02    9.1508946803e+01    3.0502982268e+01    3.0502982268e+01
    2.9927946489e+03    3.7601729630e+03   -7.2519234476e+04    7.9970373688e+01    7.9923246730e+01    8.0174323618e+01    1.1860764771e-01   -1.0585350290e-01    6.1274179861e-02    9.1508946803e+01    3.0502982268e+01    3.0502982268e+01
    2.9927946489e+03    3.7601729630e+03   -7.2519234476e+04    7.9970373688e+01    7.9923246730e+01    8.0174323618e+01    1.1860764771e-01   -1.0585350290e-01    6.1274179861e-02    9.1508946803e+01    3.0502982268e+01    3.0502982268e+01
    2.9927946489e+03    3.7601729630e+03   -7.2519234476e+04    7.9970373688e+01    7.9923246730e+01    8.0174323618e+01    1.1860764771e-01   -1.0585350290e-01    6.1274179861e-02    9.1508946803e+01    3.0502982268e+01    3.0502982268e+01
    2.9927946489e+03    3.7601729630e+03   -7.2519234476e+04    7.9970373688e+01    7.9923246730e+01    8.0174323618e+01    1.1860764771e-01   -1.0585350290e-01    6.1274179861e-02    9.1508946803e+01    3.0502982268e+01    3.0502982268e+01
    2.9927946489e+03    3.7601729630e+03   -7.2519234476e+04    7.9970373688e+01    7.9923246730e+01    8.0174323618e+01    1.1860764771e-01   -1.0585350290e-01    6.1274179861e-02    9.1508946803e+01    3.0502982268e+01    3.0502982268e+01
    2.9927946489e+03    3.7601729630e+03   -7.2519234476e+04    7.9970373688e+01    7.9923246730e+01    8.0174323618e+01    1.1860764771e-01   -1.0585350290e-01    6.1274179861e-02    9.1508946803e+01    3.0502982268e+01    3.0502982268e+01
    2.9927946489e+03    3.7601729630e+03   -7.2519234476e+04    7.9970373688e+01    7.9923246730e+01    8.0174323618e+01    1.1860764771e-01   -1.0585350290e-01    6.1274179861e-02    9.1508946803e+01    3.0502982268e+01    3.0502982268e+01
    2.9927946489e+03    3.7601729630e+03   -7.2519234476e+04    7.9970373688e+01    7.9923246730e+01    8.0174323618e+01    1.1860764771e-01   -1.0585350290e-01    6.1274179861e-02    9.1508946803e+01    3.0502982268e+01    3.0502982268e+01
    2.9927946489e+03    3.7601729630e+03   -7.2519234476e+04    7.9970373688e+01    7.9923246730e+01    8.0174323618e+01    1.1860764771e-01   -1.0585350290e-01    6.1274179861e-02    9.1508946803e+01    3.0502982268e+01    3.0502982268e+01
    2.9927946489e+03    3.7601729630e+03   -7.2519234476e+04    7.9970373688e+01    7.9923246730e+01    8.0174323618e+01    1.1860764771e-01   -1.0585350290e-01    6.1274179861e-02    9.1508946803e+01    3.0502982268e+01    3.0502982268e+01
    2.9927946489e+03    3.7601729630e+03   -7.2519234476e+04    7.9970373688e+01    7.9923246730e+01    8.0174323618e+01    1.1860764771e-01   -1.0585350290e-01    6.1274179861e-02    9.1508946803e+01    3.0502982268e+01    3.0502982268e+01
    2.9927946489e+03    3.7601729630e+03   -7.2519234476e+04    7.9970373688e+01    7.9923246730e+01    8.0174323618e+01    1.1860764771e-01   -1.0585350290e-01    6.1274179861e-02    9.1508946803e+01    3.0502982268e+01    3.0502982268e+01
    2.9927946489e+03    3.7601729630e+03   -7.2519234476e+04    7.9970373688e+01    7.9923246730e+01    8.0174323618e+01    1.1860764771e-01   -1.0585350290e-01    6.1274179861e-02    9.1508946803e+01    3.0502982268e+01    3.0502982268e+01
    2.9927946489e+03    3.7601729630e+03   -7.2519234476e+04    7.9970373688e+01    7.9923246730e+01    8.0174323618e+01    1.1860764771e-01   -1.0585350290e-01    6.1274179861e-02    9.1508946803e+01    3.0502982268e+01    3.0502982268e+01
    2.9927946489e+03    3.7601729630e+03   -7.2519234476e+04    7.9970373688e+01    7.9923246730e+01    8.0174323618e+01    1.1860764771e-01   -1.0585350290e-01    6.1274179861e-02    9.1508946803e+01    3.0502982268e+01    3.0502982268e+01
    2.9927946489e+03    3.7601729630e+03   -7.2519234476e+04    7.9970373688e+01    7.9923246730e+01    8.0174323618e+01    1.1860764771e-01   -1.0585350290e-01    6.1274179861e-02    9.1508946803e+01    3.0502982268e+01    3.0502982268e+01
    2.9927946489e+03    3.7601729630e+03   -7.2519234476e+04    7.9970373688e+01    7.9923246730e+01    8.0174323618e+01    1.1860764771e-01   -1.0585350290e-01    6.1274179861e-02    9.1508946803e+01    3.0502982268e+01    3.0502982268e+01
    2.9927946489e+03    3.7601729630e+03   -7.2519234476e+04    7.9970373688e+01    7.9923246730e+01    8.0174323618e+01    1.1860764771e-01   -1.0585350290e-01    6.1274179861e-02    9.1508946803e+01    3.0502982268e+01    3.0502982268e+01
    2.9927946489e+03    3.7601729630e+03   -7.2519234476e+04    7.9970373688e+01    7.9923246730e+01    8.0174323618e+01    1.1860764771e-01   -1.0585350290e-01    6.1274179861e-02    9.1508946803e+01    3.0502982268e+01    3.0502982268e+01
    2.9927946489e+03    3.7601729630e+03   -7.2519234476e+04    7.9970373688e+01    7.9923246730e+01    8.0174323618e+01    1.1860764771e-01   -1.0585350290e-01    6.1274179861e-02    9.1508946803e+01    3.0502982268e+01    3.0502982268e+01
    2.9927946489e+03    3.7601729630e+03   -7.2519234476e+04    7.9970373688e+01    7.9923246730e+01    8.0174323618e+01    1.1860764771e-01   -1.0585350290e-01    6.1274179861e-02    9.1508946803e+01    3.0502982268e+01    3.0502982268e+01
    2.9927946489e+03    3.7601729630e+03   -7.2519234476e+04    7.9970373688e+01    7.9923246730e+01    8.0174323618e+01    1.1860764771e-01   -1.0585350290e-01    6.1274179861e-02    9.1508946803e+01    3.0502982268e+01    3.0502982268e+01
    2.9927946489e+03    3.7601729630e+03   -7.2519234476e+04    7.9970373688e+01    7.9923246730e+01    8.0174323618e+01    1.1860764771e-01   -1.0585350290e-01    6.1274179861e-02    9.1508946803e+01    3.0502982268e+01    3.0502982268e+01
