    2.0202284419e+03    1.9459781790e+03   -5.4971556058e+04    1.1323943653e+02    1.1340709528e+02    1.1293549071e+02   -1.3240357015e-01   -4.6440328150e-02   -6.7448819747e-02    2.9726833769e+01    6.9362612128e+01    2.9726833769e+01
    2.0197396746e+03    1.9455073756e+03   -5.4956535041e+04    1.1336086644e+02    1.1329094371e+02    1.1316606521e+02   -4.9674135449e-02   -6.2103088329e-02   -2.0582390104e-02    2.9726833769e+01    6.9362612128e+01    2.9726833769e+01
    1.9790960420e+03    1.9063575346e+03   -5.4915564991e+04    1.1324518718e+02    1.1349234762e+02    1.1352820454e+02    8.4739041313e-02    1.4067027266e-01    6.9758341130e-02    2.9726833769e+01    6.9362612128e+01    2.9726833769e+01
    2.0055705837e+03    1.9318590469e+03   -5.4941453560e+04    1.1337894905e+02    1.1365564905e+02    1.1302151577e+02   -3.0011398124e-02   -7.2850927727e-02    2.8391641577e-02    2.9726833769e+01    6.9362612128e+01    2.9726833769e+01
    2.0282645018e+03    1.9537188863e+03   -5.4963924102e+04    1.1332086304e+02    1.1326858206e+02    1.1308398852e+02   -8.0915080907e-02    9.5429241080e-02   -6.0488358571e-02    2.9726833769e+01    6.9362612128e+01    2.9726833769e+01
    2.0138882396e+03    1.9398710007e+03   -5.4948847361e+04    1.1339635368e+02    1.1336482285e+02    1.1313592756e+02   -1.5266560087e-02   -1.3250663294e-01   -4.4667969207e-02    2.9726833769e+01    6.9362612128e+01    2.9726833769e+01
    1.9993457270e+03    1.9258629748e+03   -5.4937462301e+04    1.1341288081e+02    1.1341691028e+02    1.1315936737e+02    2.9971157778e-02   -1.0296166417e-01    4.9762967268e-02    2.9726833769e+01    6.9362612128e+01    2.9726833769e+01
    2.0120253389e+03    1.9380765679e+03   -5.4950898770e+04    1.1322766561e+02    1.1359130123e+02    1.1322888636e+02   -7.1822663575e-02    2.9949237295e-02    1.3533507471e-01    2.9726833769e+01    6.9362612128e+01    2.9726833769e+01
    2.0048580204e+03    1.9311726727e+03   -5.4941889739e+04    1.1320990742e+02    1.1336100171e+02    1.1327550549e+02    1.5100441897e-02   -6.9997702861e-02   -9.2615510408e-02    2.9726833769e+01    6.9362612128e+01    2.9726833769e+01
    1.9945733793e+03    1.9212660271e+03   -5.4931299106e+04    1.1334324751e+02    1.1364064729e+02    1.1348978617e+02    4.4368154467e-02   -1.8385944223e-02   -3.7157423675e-02    2.9726833769e+01    6.9362612128e+01    2.9726833769e+01
    1.9945004675e+03    1.9211957951e+03   -5.4932423616e+04    1.1329936499e+02    1.1376458825e+02    1.1306255177e+02   -1.4251513556e-01   -2.4929576962e-02    4.6190183806e-02    2.9726833769e+01    6.9362612128e+01    2.9726833769e+01
    2.0094339761e+03    1.9355804465e+03   -5.4947317344e+04    1.1325378203e+02    1.1369445022e+02    1.1309704582e+02    1.9045083068e-02   -7.2423932265e-02   -8.9975284050e-02    2.9726833769e+01    6.9362612128e+01    2.9726833769e+01
    1.9994524157e+03    1.9259657424e+03   -5.4938759905e+04    1.1335889735e+02    1.1341403714e+02    1.1321094559e+02    3.7175751125e-02    2.0793042245e-01    1.1667568567e-02    2.9726833769e+01    6.9362612128e+01    2.9726833769e+01
    1.9953589899e+03    1.9220227639e+03   -5.4934204848e+04    1.1320407704e+02    1.1352810338e+02    1.1325036468e+02   -2.4035267441e-02    2.1709747573e-02    1.1284009475e-01    2.9726833769e+01    6.9362612128e+01    2.9726833769e+01
    2.0097588997e+03    1.9358934280e+03   -5.4946462186e+04    1.1301619015e+02    1.1362533643e+02    1.1330973918e+02    2.8014061550e-03   -7.1047601343e-03   -3.5604584124e-02    2.9726833769e+01    6.9362612128e+01    2.9726833769e+01
    2.0025325223e+03    1.9289326446e+03   -5.4940223854e+04    1.1318040077e+02    1.1355098930e+02    1.1326679286e+02   -4.6297035866e-02    1.4305323902e-01   -1.2505648571e-02    2.9726833769e+01    6.9362612128e+01    2.9726833769e+01
    1.9858672665e+03    1.9128798935e+03   -5.4923541003e+04    1.1327560214e+02    1.1348409850e+02    1.1331128032e+02    1.9686860487e-01   -6.8022437793e-02   -1.9551145506e-02    2.9726833769e+01    6.9362612128e+01    2.9726833769e+01
    2.0057648467e+03    1.9320461701e+03   -5.4943622009e+04    1.1353261525e+02    1.1333627358e+02    1.1304754055e+02    1.5528539677e-02   -5.8676655127e-02   -3.3980351785e-02    2.9726833769e+01    6.9362612128e+01    2.9726833769e+01
    2.0031749096e+03    1.9295514219e+03   -5.4943054506e+04    1.1317196548e+02    1.1358388114e+02    1.1318907050e+02   -2.8802815231e-02    1.7954063371e-02    8.1132299009e-02    2.9726833769e+01    6.9362612128e+01    2.9726833769e+01
    1.9949960984e+03    1.9216732099e+03   -5.4931195516e+04    1.1320806137e+02    1.1363764252e+02    1.1330122685e+02   -3.5888063121e-02   -1.0730193718e-01    1.6413509815e-02    2.9726833769e+01    6.9362612128e+01    2.9726833769e+01
    1.9906085126e+03    1.9174468828e+03   -5.4926573804e+04    1.1341963621e+02    1.1352965719e+02    1.1333825461e+02   -3.9592081029e-02    3.7154990252e-02   -6.3732484183e-03    2.9726833769e+01    6.9362612128e+01    2.9726833769e+01
    2.0016313912e+03    1.9280646331e+03   -5.4937025928e+04    1.1338863937e+02    1.1352893148e+02    1.1323852344e+02    5.9957889617e-02    9.3873771737e-02    2.0925186597e-02    2.9726833769e+01    6.9362612128e+01    2.9726833769e+01
    1.9985275936e+03    1.9250749106e+03   -5.4935518316e+04    1.1341902336e+02    1.1332559535e+02    1.1346774726e+02   -4.7155836571e-02   -6.7215582056e-02   -5.7714258756e-02    2.9726833769e+01    6.9362612128e+01    2.9726833769e+01
    2.0235130042e+03    1.9491420224e+03   -5.4959940986e+04    1.1310165055e+02    1.1329608551e+02    1.1319829549e+02   -7.9286935033e-02   -7.0022682625e-03    1.2889248730e-01    2.9726833769e+01    6.9362612128e+01    2.9726833769e+01
    1.9940577076e+03    1.9207693082e+03   -5.4930252213e+04    1.1333798033e+02    1.1344468450e+02    1.1317611010e+02   -1.5404023332e-01   -2.4345974401e-01   -7.5969967237e-03    2.9726833769e+01    6.9362612128e+01    2.9726833769e+01
    1.9739591589e+03    1.9014094494e+03   -5.4913133210e+04    1.1330459961e+02    1.1345595740e+02    1.1360152379e+02   -3.9499539746e-02   -7.4958723040e-02   -5.9289546804e-02    2.9726833769e+01    6.9362612128e+01    2.9726833769e+01
    1.9674018273e+03    1.8950931221e+03   -5.4905216151e+04    1.1339291603e+02    1.1364858131e+02    1.1338842044e+02    7.6548370065e-02   -1.3526873863e-01    7.8251969233e-02    2.9726833769e+01    6.9362612128e+01    2.9726833769e+01
    2.0009401004e+03    1.9273987496e+03   -5.4938566470e+04    1.1323320641e+02    1.1354440082e+02    1.1330867373e+02    1.6367644436e-01   -5.4639859027e-02    2.0538707043e-02    2.9726833769e+01    6.9362612128e+01    2.9726833769e+01
    2.0009381389e+03    1.9273968602e+03   -5.4936035259e+04    1.1353673815e+02    1.1322286038e+02    1.1318639839e+02   -7.4181507570e-02    9.4943661317e-02    1.4280725704e-01    2.9726833769e+01    6.9362612128e+01    2.9726833769e+01
    1.9932999360e+03    1.9200393872e+03   -5.4930693496e+04    1.1311262876e+02    1.1391119202e+02    1.1310961618e+02   -9.1626582591e-02   -9.0226138159e-02   -6.2843245226e-02    2.9726833769e+01    6.9362612128e+01    2.9726833769e+01
    2.0261691998e+03    1.9517005939e+03   -5.4961683808e+04    1.1313153884e+02    1.1349594432e+02    1.1316153096e+02   -7.9074312337e-02    1.3716564199e-01   -1.1238490781e-01    2.9726833769e+01    6.9362612128e+01    2.9726833769e+01
    1.9995394149e+03    1.9260495441e+03   -5.4935341721e+04    1.1310007222e+02    1.1357800772e+02    1.1353345032e+02    9.1314097344e-02   -3.4314314852e-05    1.4595122487e-01    2.9726833769e+01    6.9362612128e+01    2.9726833769e+01
    2.0018275175e+03    1.9282535511e+03   -5.4939269306e+04    1.1308583783e+02    1.1338370752e+02    1.1342273050e+02   -5.7010867456e-03   -1.5477315253e-01   -2.2535255230e-02    2.9726833769e+01    6.9362612128e+01    2.9726833769e+01
    1.9826226048e+03    1.9097544842e+03   -5.4921457244e+04    1.1324346714e+02    1.1342282847e+02    1.1346184306e+02   -8.0692962216e-02   -1.7847726708e-02   -1.5454769777e-01    2.9726833769e+01    6.9362612128e+01    2.9726833769e+01
    2.0035947777e+03    1.9299558584e+03   -5.4939242776e+04    1.1344739546e+02    1.1343387590e+02    1.1321664918e+02   -8.0230449155e-02    5.8709475383e-02    3.9941646181e-02    2.9726833769e+01    6.9362612128e+01    2.9726833769e+01
    1.9916320312e+03    1.9184327835e+03   -5.4928971083e+04    1.1331850802e+02    1.1308537250e+02    1.1346571247e+02    3.8922370785e-02    3.9398915761e-02   -1.9182311848e-02    2.9726833769e+01    6.9362612128e+01    2.9726833769e+01
    2.0012420194e+03    1.9276895720e+03   -5.4939122327e+04    1.1325443126e+02    1.1369709149e+02    1.1318438237e+02    1.4414563490e-01    5.7020558260e-02    1.9355789021e-02    2.9726833769e+01    6.9362612128e+01    2.9726833769e+01
    2.0059426758e+03    1.9322174634e+03   -5.4944595634e+04    1.1317606027e+02    1.1322986784e+02    1.1353096181e+02    3.2463155200e-03   -2.7305359171e-02   -1.0606843528e-01    2.9726833769e+01    6.9362612128e+01    2.9726833769e+01
    1.9930968019e+03    1.9198437190e+03   -5.4931613342e+04    1.1340350665e+02    1.1354936110e+02    1.1317094482e+02    8.5008474096e-02   -9.7490031006e-02   -4.4899596986e-02    2.9726833769e+01    6.9362612128e+01    2.9726833769e+01
    1.9926404445e+03    1.9194041342e+03   -5.4929526152e+04    1.1325673351e+02    1.1360884949e+02    1.1319736044e+02   -1.3681887244e-01    6.8829222410e-03    5.9366786051e-03    2.9726833769e+01    6.9362612128e+01    2.9726833769e+01
    1.9882385685e+03    1.9151640422e+03   -5.4926909248e+04    1.1341125052e+02    1.1376277724e+02    1.1329746423e+02    1.5483956971e-02    1.1534953570e-02    5.2712240905e-02    2.9726833769e+01    6.9362612128e+01    2.9726833769e+01
    1.9922623511e+03    1.9190399371e+03   -5.4929127198e+04    1.1341086520e+02    1.1349813482e+02    1.1343413963e+02    2.3875414270e-01    1.0763584434e-02   -9.8604898172e-02    2.9726833769e+01    6.9362612128e+01    2.9726833769e+01
    1.9847023005e+03    1.9117577441e+03   -5.4922244634e+04    1.1327844182e+02    1.1340169065e+02    1.1340135213e+02    8.4570201167e-02    1.5484875922e-01    1.6524008231e-01    2.9726833769e+01    6.9362612128e+01    2.9726833769e+01
    2.0071727495e+03    1.9334023277e+03   -5.4943890155e+04    1.1306721921e+02    1.1348112855e+02    1.1354689161e+02    1.1333191049e-01    1.3037286836e-01    8.0519532463e-02    2.9726833769e+01    6.9362612128e+01    2.9726833769e+01
    1.9906675608e+03    1.9175037608e+03   -5.4928489347e+04    1.1315419649e+02    1.1380647053e+02    1.1327903152e+02   -8.6279386597e-02    2.0825968871e-02    1.1058642416e-01    2.9726833769e+01    6.9362612128e+01    2.9726833769e+01
    1.9986278443e+03    1.9251714768e+03   -5.4936257231e+04    1.1315938364e+02    1.1357776036e+02    1.1324104161e+02    4.3296785623e-02    6.1693786433e-02   -2.2238091660e-01    2.9726833769e+01    6.9362612128e+01    2.9726833769e+01
    1.9740054617e+03    1.9014540504e+03   -5.4912845745e+04    1.1362896733e+02    1.1340269657e+02    1.1327044792e+02    1.2015890109e-01    1.8012075600e-01    3.7252979176e-02    2.9726833769e+01    6.9362612128e+01    2.9726833769e+01
    1.9948977404e+03    1.9215784669e+03   -5.4932127798e+04    1.1334810909e+02    1.1349360582e+02    1.1340161205e+02   -2.8156086005e-02    3.7441121858e-02   -3.6196301669e-02    2.9726833769e+01    6.9362612128e+01    2.9726833769e+01
    2.0203081177e+03    1.9460549264e+03   -5.4955914930e+04    1.1321579421e+02    1.1337641223e+02    1.1338058356e+02    2.2637565019e-02   -3.5488161248e-02   -3.8899935018e-02    2.9726833769e+01    6.9362612128e+01    2.9726833769e+01
    2.0184130671e+03    1.9442295253e+03   -5.4955689652e+04    1.1312864355e+02    1.1298286309e+02    1.1367903333e+02    1.6900144822e-02    4.7341361921e-02   -1.5278285703e-01    2.9726833769e+01    6.9362612128e+01    2.9726833769e+01
    1.9936925459e+03    1.9204175673e+03   -5.4931334559e+04    1.1328748320e+02    1.1338116772e+02    1.1324576802e+02   -1.2918093382e-01    6.0664971013e-02   -1.7517358814e-01    2.9726833769e+01    6.9362612128e+01    2.9726833769e+01
    1.9922080181e+03    1.9189876010e+03   -5.4929127761e+04    1.1327203137e+02    1.1347690441e+02    1.1344503797e+02   -5.0616192481e-02   -3.6112471225e-02   -2.2992283719e-02    2.9726833769e+01    6.9362612128e+01    2.9726833769e+01
    2.0250690224e+03    1.9506408517e+03   -5.4963032285e+04    1.1350106838e+02    1.1330645381e+02    1.1286745900e+02   -1.6319663429e-01   -1.4562015605e-01    2.0949108302e-01    2.9726833769e+01    6.9362612128e+01    2.9726833769e+01
    1.9980161823e+03    1.9245822955e+03   -5.4934965109e+04    1.1326744607e+02    1.1359625166e+02    1.1359924906e+02   -2.7605701143e-02    4.4109583203e-02   -1.0008864632e-01    2.9726833769e+01    6.9362612128e+01    2.9726833769e+01
    1.9901406532e+03    1.9169962188e+03   -5.4929194237e+04    1.1339317242e+02    1.1356072012e+02    1.1329141283e+02   -2.5053254463e-02    1.1232100732e-01    5.5149663959e-02    2.9726833769e+01    6.9362612128e+01    2.9726833769e+01
    1.9739006797e+03    1.9013531195e+03   -5.4911675035e+04    1.1339596684e+02    1.1357105511e+02    1.1348224136e+02    8.6582592090e-03   -4.5113990779e-02   -1.5918739799e-01    2.9726833769e+01    6.9362612128e+01    2.9726833769e+01
    2.0195054232e+03    1.9452817337e+03   -5.4956283662e+04    1.1352777448e+02    1.1348769787e+02    1.1294257436e+02   -5.1470250815e-02    1.4585129765e-01    1.2675118783e-01    2.9726833769e+01    6.9362612128e+01    2.9726833769e+01
    2.0103867819e+03    1.9364982335e+03   -5.4947437644e+04    1.1325237625e+02    1.1327952664e+02    1.1348348467e+02   -3.7086405538e-02   -2.6406258028e-02   -4.2719209519e-03    2.9726833769e+01    6.9362612128e+01    2.9726833769e+01
    1.9828177828e+03    1.9099424887e+03   -5.4919336444e+04    1.1312126323e+02    1.1389966548e+02    1.1314575614e+02    1.1865392714e-01   -9.6712575691e-02   -6.8153364601e-03    2.9726833769e+01    6.9362612128e+01    2.9726833769e+01
    2.0102394664e+03    1.9363563323e+03   -5.4946169631e+04    1.1320977911e+02    1.1358689178e+02    1.1335555337e+02    5.3111982347e-02    3.4203125180e-02    1.7062436237e-02    2.9726833769e+01    6.9362612128e+01    2.9726833769e+01
    2.0064673479e+03    1.9327228520e+03   -5.4943486893e+04    1.1331476159e+02    1.1336511490e+02    1.1326395819e+02   -6.4144549733e-02   -1.0586154659e-01   -9.8210348676e-02    2.9726833769e+01    6.9362612128e+01    2.9726833769e+01
    1.9991648860e+03    1.9256887803e+03   -5.4935101783e+04    1.1346618591e+02    1.1341996099e+02    1.1332018869e+02   -1.6285280947e-01    3.0152673901e-02   -1.1934570598e-01    2.9726833769e+01    6.9362612128e+01    2.9726833769e+01
    2.0198139287e+03    1.9455789006e+03   -5.4955138982e+04    1.1317288792e+02    1.1348500269e+02    1.1310795213e+02    1.2720337512e-02    4.9693673036e-02   -1.3886867084e-01    2.9726833769e+01    6.9362612128e+01    2.9726833769e+01
    1.9994402486e+03    1.9259540225e+03   -5.4936914803e+04    1.1324032096e+02    1.1339613989e+02    1.1339425077e+02    5.0408810356e-02    5.5899748755e-02   -6.5918496720e-02    2.9726833769e+01    6.9362612128e+01    2.9726833769e+01
    2.0284607538e+03    1.9539079255e+03   -5.4962378419e+04    1.1332785252e+02    1.1338170572e+02    1.1318799830e+02   -9.9991120044e-03    1.5605277148e-01    6.3682286319e-02    2.9726833769e+01    6.9362612128e+01    2.9726833769e+01
    1.9854014217e+03    1.9124311702e+03   -5.4924593081e+04    1.1341423485e+02    1.1342619650e+02    1.1327195948e+02    1.1142044969e-01   -2.5712898509e-02   -4.8167059915e-02    2.9726833769e+01    6.9362612128e+01    2.9726833769e+01
    1.9958259807e+03    1.9224725912e+03   -5.4932524130e+04    1.1364445098e+02    1.1333724204e+02    1.1330121431e+02   -3.6039383735e-02   -9.2451568784e-04   -1.3979520893e-01    2.9726833769e+01    6.9362612128e+01    2.9726833769e+01
    2.0205290465e+03    1.9462677353e+03   -5.4958838865e+04    1.1307926882e+02    1.1354809687e+02    1.1329548048e+02   -5.5021857347e-02   -6.4323057238e-02   -8.6389136499e-02    2.9726833769e+01    6.9362612128e+01    2.9726833769e+01
    2.0370905729e+03    1.9622205693e+03   -5.4976336138e+04    1.1281635528e+02    1.1310831888e+02    1.1331884870e+02    7.6956874796e-02   -1.7177391694e-01    8.0177099390e-02    2.9726833769e+01    6.9362612128e+01    2.9726833769e+01
    2.0051668454e+03    1.9314701473e+03   -5.4942339953e+04    1.1344453771e+02    1.1336830481e+02    1.1334287661e+02   -2.0835457077e-02   -4.3422210870e-02   -9.3347530286e-03    2.9726833769e+01    6.9362612128e+01    2.9726833769e+01
    2.0189716561e+03    1.9447675843e+03   -5.4954862126e+04    1.1310051333e+02    1.1350727277e+02    1.1316575261e+02   -2.6148631981e-02    6.6196795001e-03   -8.6422996742e-05    2.9726833769e+01    6.9362612128e+01    2.9726833769e+01
    2.0048196701e+03    1.9311357319e+03   -5.4940783340e+04    1.1308612792e+02    1.1370318765e+02    1.1325108621e+02   -1.0213032416e-01   -1.1130967694e-01    2.7644859195e-02    2.9726833769e+01    6.9362612128e+01    2.9726833769e+01
    2.0004925840e+03    1.9269676809e+03   -5.4938359143e+04    1.1340356272e+02    1.1340565337e+02    1.1313545265e+02    7.7133171715e-02    1.1012395318e-01    1.0207614154e-01    2.9726833769e+01    6.9362612128e+01    2.9726833769e+01
    2.0005918583e+03    1.9270633065e+03   -5.4938696948e+04    1.1331526942e+02    1.1334188201e+02    1.1349208636e+02   -6.8709059361e-02   -1.4628998976e-01   -5.0466730247e-02    2.9726833769e+01    6.9362612128e+01    2.9726833769e+01
    1.9972377077e+03    1.9238324325e+03   -5.4934512029e+04    1.1323569125e+02    1.1336215615e+02    1.1349744928e+02   -1.0807129411e-02    1.1785024059e-01    4.7167850019e-02    2.9726833769e+01    6.9362612128e+01    2.9726833769e+01
    2.0083095034e+03    1.9344973020e+03   -5.4946423393e+04    1.1329672172e+02    1.1321630524e+02    1.1346309813e+02    6.0138785263e-02   -2.4583900155e-02   -2.6164960769e-02    2.9726833769e+01    6.9362612128e+01    2.9726833769e+01
    2.0241873020e+03    1.9497915376e+03   -5.4959655290e+04    1.1321325133e+02    1.1325984661e+02    1.1345866462e+02   -1.0497755957e-01    6.8979249299e-02    1.0315849554e-02    2.9726833769e+01    6.9362612128e+01    2.9726833769e+01
    1.9812256794e+03    1.9084089006e+03   -5.4918683152e+04    1.1337763335e+02    1.1378586150e+02    1.1342512709e+02   -1.4720331730e-01    4.2742829745e-02   -1.0589334754e-02    2.9726833769e+01    6.9362612128e+01    2.9726833769e+01
    1.9956169339e+03    1.9222712276e+03   -5.4933258804e+04    1.1317688336e+02    1.1351994339e+02    1.1346823752e+02   -4.8534346552e-02   -2.0893043543e-03   -4.5478353140e-03    2.9726833769e+01    6.9362612128e+01    2.9726833769e+01
    1.9965175912e+03    1.9231387827e+03   -5.4934991328e+04    1.1332933555e+02    1.1351849729e+02    1.1315079319e+02   -1.4247256399e-02   -3.0112442324e-03    1.2428386809e-01    2.9726833769e+01    6.9362612128e+01    2.9726833769e+01
    1.9950995766e+03    1.9217728849e+03   -5.4930113842e+04    1.1354272663e+02    1.1322012643e+02    1.1335570440e+02    6.0260456394e-02   -5.0786738477e-03    1.0763633651e-01    2.9726833769e+01    6.9362612128e+01    2.9726833769e+01
    2.0058794774e+03    1.9321565877e+03   -5.4944176913e+04    1.1343863809e+02    1.1348760891e+02    1.1315625343e+02    5.3618470406e-02   -6.3217198805e-03    9.6865242812e-02    2.9726833769e+01    6.9362612128e+01    2.9726833769e+01
    1.9983499234e+03    1.9249037704e+03   -5.4934652713e+04    1.1326924100e+02    1.1358927181e+02    1.1320889442e+02    6.5244287027e-02   -1.2080366937e-01    1.5881448226e-01    2.9726833769e+01    6.9362612128e+01    2.9726833769e+01
    2.0176366955e+03    1.9434816881e+03   -5.4955735548e+04    1.1309739828e+02    1.1328215433e+02    1.1331637430e+02    4.3592486244e-02   -1.1620970583e-02   -1.6830075238e-01    2.9726833769e+01    6.9362612128e+01    2.9726833769e+01
    1.9897205192e+03    1.9165915261e+03   -5.4926509096e+04    1.1356537258e+02    1.1367934414e+02    1.1307540974e+02    6.3689450058e-02   -2.6338449864e-01    3.5710047326e-02    2.9726833769e+01    6.9362612128e+01    2.9726833769e+01
    2.0002248451e+03    1.9267097824e+03   -5.4938173482e+04    1.1328932804e+02    1.1356180215e+02    1.1321636380e+02   -8.5887081585e-02   -9.4569186802e-02    1.1574749839e-02    2.9726833769e+01    6.9362612128e+01    2.9726833769e+01
    1.9848903759e+03    1.9119389070e+03   -5.4921786313e+04    1.1355448693e+02    1.1354944267e+02    1.1318340841e+02    1.8869689776e-02   -1.2042146571e-01    3.6281758368e-02    2.9726833769e+01    6.9362612128e+01    2.9726833769e+01
    2.0037600997e+03    1.9301151043e+03   -5.4940199904e+04    1.1341019782e+02    1.1326332444e+02    1.1337968700e+02    5.9626426699e-02    1.3109079063e-01    1.5329513122e-01    2.9726833769e+01    6.9362612128e+01    2.9726833769e+01
    1.9981337976e+03    1.9246955879e+03   -5.4932784270e+04    1.1339964072e+02    1.1337731507e+02    1.1337542814e+02   -2.6228989373e-02   -7.0530218560e-02   -1.4336890657e-01    2.9726833769e+01    6.9362612128e+01    2.9726833769e+01
    1.9994598840e+03    1.9259729362e+03   -5.4938977222e+04    1.1334638767e+02    1.1306376369e+02    1.1330540636e+02   -1.6657800469e-02    1.0838056759e-01   -1.9480446863e-01    2.9726833769e+01    6.9362612128e+01    2.9726833769e+01
    2.0155475982e+03    1.9414693722e+03   -5.4952808151e+04    1.1315699514e+02    1.1353479574e+02    1.1308210163e+02    9.7333682895e-02   -8.0838578694e-02   -9.8021170695e-02    2.9726833769e+01    6.9362612128e+01    2.9726833769e+01
    2.0226956698e+03    1.9483547278e+03   -5.4959201436e+04    1.1305764581e+02    1.1347160580e+02    1.1337288325e+02    7.2524081256e-02    8.9187978093e-02   -2.6004078799e-02    2.9726833769e+01    6.9362612128e+01    2.9726833769e+01
    2.0139253718e+03    1.9399067681e+03   -5.4952232158e+04    1.1333706013e+02    1.1304231695e+02    1.1322885982e+02    6.0726688544e-02   -6.7225066210e-02    3.8664750889e-02    2.9726833769e+01    6.9362612128e+01    2.9726833769e+01
    1.9942642853e+03    1.9209682934e+03   -5.4932886176e+04    1.1337303764e+02    1.1355735533e+02    1.1315460143e+02    3.7294770857e-02   -3.7003112280e-02    2.1071152364e-02    2.9726833769e+01    6.9362612128e+01    2.9726833769e+01
    2.0327589227e+03    1.9580481221e+03   -5.4967274725e+04    1.1299465489e+02    1.1356667761e+02    1.1322472256e+02   -1.1563429201e-02    1.1273199449e-01   -1.7230457628e-01    2.9726833769e+01    6.9362612128e+01    2.9726833769e+01
    2.0297408121e+03    1.9551409373e+03   -5.4965555926e+04    1.1315997810e+02    1.1339335666e+02    1.1322313498e+02    2.3647746622e-02    4.9018112135e-02   -6.3755477684e-03    2.9726833769e+01    6.9362612128e+01    2.9726833769e+01
    2.0125236206e+03    1.9385565360e+03   -5.4947006961e+04    1.1304348533e+02    1.1335060845e+02    1.1357295113e+02   -4.6624321974e-02   -5.8717923176e-02   -7.9722249823e-02    2.9726833769e+01    6.9362612128e+01    2.9726833769e+01
    2.0040456237e+03    1.9303901344e+03   -5.4940163827e+04    1.1314165457e+02    1.1365499160e+02    1.1318617086e+02    4.3965452566e-02   -1.0333153331e-01    1.5208860109e-01    2.9726833769e+01    6.9362612128e+01    2.9726833769e+01
    1.9854972936e+03    1.9125235185e+03   -5.4922457479e+04    1.1309385729e+02    1.1366450323e+02    1.1358853234e+02    1.4124090737e-01   -1.5477527103e-01    4.4743438030e-02    2.9726833769e+01    6.9362612128e+01    2.9726833769e+01
    2.0072162685e+03    1.9334442472e+03   -5.4945649473e+04    1.1304779007e+02    1.1351321911e+02    1.1340437017e+02   -2.2829211976e-03   -1.3006670680e-01   -7.7488667233e-03    2.9726833769e+01    6.9362612128e+01    2.9726833769e+01
    2.0072162685e+03    1.9334442472e+03   -5.4945649473e+04    1.1304779007e+02    1.1351321911e+02    1.1340437017e+02   -2.2829211976e-03   -1.3006670680e-01   -7.7488667233e-03    2.9726833769e+01    6.9362612128e+01    2.9726833769e+01
    2.0072162685e+03    1.9334442472e+03   -5.4945649473e+04    1.1304779007e+02    1.1351321911e+02    1.1340437017e+02   -2.2829211976e-03   -1.3006670680e-01   -7.7488667233e-03    2.9726833769e+01    6.9362612128e+01    2.9726833769e+01
    2.0072162685e+03    1.9334442472e+03   -5.4945649473e+04    1.1304779007e+02    1.1351321911e+02    1.1340437017e+02   -2.2829211976e-03   -1.3006670680e-01   -7.7488667233e-03    2.9726833769e+01    6.9362612128e+01    2.9726833769e+01
    2.0072162685e+03    1.9334442472e+03   -5.4945649473e+04    1.1304779007e+02    1.1351321911e+02    1.1340437017e+02   -2.2829211976e-03   -1.3006670680e-01   -7.7488667233e-03    2.9726833769e+01    6.9362612128e+01    2.9726833769e+01
    2.0072162685e+03    1.9334442472e+03   -5.4945649473e+04    1.1304779007e+02    1.1351321911e+02    1.1340437017e+02   -2.2829211976e-03   -1.3006670680e-01   -7.7488667233e-03    2.9726833769e+01    6.9362612128e+01    2.9726833769e+01
    2.0072162685e+03    1.9334442472e+03   -5.4945649473e+04    1.1304779007e+02    1.1351321911e+02    1.1340437017e+02   -2.2829211976e-03   -1.3006670680e-01   -7.7488667233e-03    2.9726833769e+01    6.9362612128e+01    2.9726833769e+01
    2.0072162685e+03    1.9334442472e+03   -5.4945649473e+04    1.1304779007e+02    1.1351321911e+02    1.1340437017e+02   -2.2829211976e-03   -1.3006670680e-01   -7.7488667233e-03    2.9726833769e+01    6.9362612128e+01    2.9726833769e+01
    2.0072162685e+03    1.9334442472e+03   -5.4945649473e+04    1.1304779007e+02    1.1351321911e+02    1.1340437017e+02   -2.2829211976e-03   -1.3006670680e-01   -7.7488667233e-03    2.9726833769e+01    6.9362612128e+01    2.9726833769e+01
    2.0072162685e+03    1.9334442472e+03   -5.4945649473e+04    1.1304779007e+02    1.1351321911e+02    1.1340437017e+02   -2.2829211976e-03   -1.3006670680e-01   -7.7488667233e-03    2.9726833769e+01    6.9362612128e+01    2.9726833769e+01
    2.0072162685e+03    1.9334442472e+03   -5.4945649473e+04    1.1304779007e+02    1.1351321911e+02    1.1340437017e+02   -2.2829211976e-03   -1.3006670680e-01   -7.7488667233e-03    2.9726833769e+01    6.9362612128e+01    2.9726833769e+01
    2.0072162685e+03    1.9334442472e+03   -5.4945649473e+04    1.1304779007e+02    1.1351321911e+02    1.1340437017e+02   -2.2829211976e-03   -1.3006670680e-01   -7.7488667233e-03    2.9726833769e+01    6.9362612128e+01    2.9726833769e+01
    2.0072162685e+03    1.9334442472e+03   -5.4945649473e+04    1.1304779007e+02    1.1351321911e+02    1.1340437017e+02   -2.2829211976e-03   -1.3006670680e-01   -7.7488667233e-03    2.9726833769e+01    6.9362612128e+01    2.9726833769e+01
    2.0072162685e+03    1.9334442472e+03   -5.4945649473e+04    1.1304779007e+02    1.1351321911e+02    1.1340437017e+02   -2.2829211976e-03   -1.3006670680e-01   -7.7488667233e-03    2.9726833769e+01    6.9362612128e+01    2.9726833769e+01
    2.0072162685e+03    1.9334442472e+03   -5.4945649473e+04    1.1304779007e+02    1.1351321911e+02    1.1340437017e+02   -2.2829211976e-03   -1.3006670680e-01   -7.7488667233e-03    2.9726833769e+01    6.9362612128e+01    2.9726833769e+01
    2.0072162685e+03    1.9334442472e+03   -5.4945649473e+04    1.1304779007e+02    1.1351321911e+02    1.1340437017e+02   -2.2829211976e-03   -1.3006670680e-01   -7.7488667233e-03    2.9726833769e+01    6.9362612128e+01    2.9726833769e+01
    2.0072162685e+03    1.9334442472e+03   -5.4945649473e+04    1.1304779007e+02    1.1351321911e+02    1.1340437017e+02   -2.2829211976e-03   -1.3006670680e-01   -7.7488667233e-03    2.9726833769e+01    6.9362612128e+01    2.9726833769e+01
    2.0072162685e+03    1.9334442472e+03   -5.4945649473e+04    1.1304779007e+02    1.1351321911e+02    1.1340437017e+02   -2.2829211976e-03   -1.3006670680e-01   -7.7488667233e-03    2.9726833769e+01    6.9362612128e+01    2.9726833769e+01
    2.0072162685e+03    1.9334442472e+03   -5.4945649473e+04    1.1304779007e+02    1.1351321911e+02    1.1340437017e+02   -2.2829211976e-03   -1.3006670680e-01   -7.7488667233e-03    2.9726833769e+01    6.9362612128e+01    2.9726833769e+01
    2.0072162685e+03    1.9334442472e+03   -5.4945649473e+04    1.1304779007e+02    1.1351321911e+02    1.1340437017e+02   -2.2829211976e-03   -1.3006670680e-01   -7.7488667233e-03    2.9726833769e+01    6.9362612128e+01    2.9726833769e+01
    2.0072162685e+03    1.9334442472e+03   -5.4945649473e+04    1.1304779007e+02    1.1351321911e+02    1.1340437017e+02   -2.2829211976e-03   -1.3006670680e-01   -7.7488667233e-03    2.9726833769e+01    6.9362612128e+01    2.9726833769e+01
    2.0072162685e+03    1.9334442472e+03   -5.4945649473e+04    1.1304779007e+02    1.1351321911e+02    1.1340437017e+02   -2.2829211976e-03   -1.3006670680e-01   -7.7488667233e-03    2.9726833769e+01    6.9362612128e+01    2.9726833769e+01
    2.0072162685e+03    1.9334442472e+03   -5.4945649473e+04    1.1304779007e+02    1.1351321911e+02    1.1340437017e+02   -2.2829211976e-03   -1.3006670680e-01   -7.7488667233e-03    2.9726833769e+01    6.9362612128e+01    2.9726833769e+01
    2.0072162685e+03    1.9334442472e+03   -5.4945649473e+04    1.1304779007e+02    1.1351321911e+02    1.1340437017e+02   -2.2829211976e-03   -1.3006670680e-01   -7.7488667233e-03    2.9726833769e+01    6.9362612128e+01    2.9726833769e+01
    2.0072162685e+03    1.9334442472e+03   -5.4945649473e+04    1.1304779007e+02    1.1351321911e+02    1.1340437017e+02   -2.2829211976e-03   -1.3006670680e-01   -7.7488667233e-03    2.9726833769e+01    6.9362612128e+01    2.9726833769e+01
    2.0072162685e+03    1.9334442472e+03   -5.4945649473e+04    1.1304779007e+02    1.1351321911e+02    1.1340437017e+02   -2.2829211976e-03   -1.3006670680e-01   -7.7488667233e-03    2.9726833769e+01    6.9362612128e+01    2.9726833769e+01
    2.0072162685e+03    1.9334442472e+03   -5.4945649473e+04    1.1304779007e+02    1.1351321911e+02    1.1340437017e+02   -2.2829211976e-03   -1.3006670680e-01   -7.7488667233e-03    2.9726833769e+01    6.9362612128e+01    2.9726833769e+01
    2.0072162685e+03    1.9334442472e+03   -5.4945649473e+04    1.1304779007e+02    1.1351321911e+02    1.1340437017e+02   -2.2829211976e-03   -1.3006670680e-01   -7.7488667233e-03    2.9726833769e+01    6.9362612128e+01    2.9726833769e+01
    2.0072162685e+03    1.9334442472e+03   -5.4945649473e+04    1.1304779007e+02    1.1351321911e+02    1.1340437017e+02   -2.2829211976e-03   -1.3006670680e-01   -7.7488667233e-03    2.9726833769e+01    6.9362612128e+01    2.9726833769e+01
    2.0072162685e+03    1.9334442472e+03   -5.4945649473e+04    1.1304779007e+02    1.1351321911e+02    1.1340437017e+02   -2.2829211976e-03   -1.3006670680e-01   -7.7488667233e-03    2.9726833769e+01    6.9362612128e+01    2.9726833769e+01
    2.0072162685e+03    1.9334442472e+03   -5.4945649473e+04    1.1304779007e+02    1.1351321911e+02    1.1340437017e+02   -2.2829211976e-03   -1.3006670680e-01   -7.7488667233e-03    2.9726833769e+01    6.9362612128e+01    2.9726833769e+01
