-6.58633 -6.58646
-6.58985 -6.58995
-6.59076 -6.59075
-6.59613 -6.59619
-6.5897 -6.58978
-6.58569 -6.58563
-6.59352 -6.59361
-6.58498 -6.58492
-6.59187 -6.59174
-6.59432 -6.59413
-6.59149 -6.59143
-6.58082 -6.58072
-6.5893 -6.5892
-6.5842 -6.58422
-6.59409 -6.59403
-6.58891 -6.5889
-6.58663 -6.58672
-6.59217 -6.59203
-6.58498 -6.58522
-6.59321 -6.59326
-6.57623 -6.5756
-6.57698 -6.577
-6.56908 -6.56902
-6.57501 -6.57477
-6.57782 -6.57767
-6.56503 -6.56507
-6.5811 -6.58116
-6.5733 -6.57315
-6.57777 -6.57765
-6.57994 -6.58007
-6.57167 -6.57167
-6.58042 -6.58027
-6.57278 -6.57303
-6.57162 -6.57135
-6.57484 -6.57477
-6.57282 -6.57267
-6.57782 -6.57785
-6.58116 -6.58105
-6.58234 -6.58224
-6.57799 -6.57808
-6.56757 -6.56743
-6.56233 -6.56181
-6.56401 -6.56398
-6.56275 -6.5628
-6.56882 -6.56895
-6.55836 -6.55813
-6.56275 -6.56284
-6.56096 -6.56097
-6.55819 -6.55851
-6.56277 -6.56295
-6.57009 -6.57014
-6.56019 -6.56054
-6.57165 -6.57152
-6.57339 -6.57345
-6.55626 -6.55609
-6.55715 -6.55656
-6.56626 -6.56618
-6.56119 -6.56061
-6.56527 -6.56505
-6.56372 -6.56369
-6.54268 -6.54288
-6.55342 -6.55314
-6.55055 -6.55024
-6.55068 -6.55055
-6.5457 -6.54579
-6.54737 -6.547
-6.55878 -6.55878
-6.5565 -6.55639
-6.54394 -6.54379
-6.55502 -6.55525
-6.55414 -6.55421
-6.53995 -6.53988
-6.55439 -6.55468
-6.53931 -6.5392
-6.56695 -6.56704
-6.54332 -6.5431
-6.54715 -6.54693
-6.55129 -6.55077
-6.54419 -6.54433
-6.54571 -6.54525
-6.5407 -6.54023
-6.53154 -6.53169
-6.54449 -6.54444
-6.54381 -6.54387
-6.54106 -6.54101
-6.54794 -6.54764
-6.53413 -6.53397
-6.55165 -6.55121
-6.53364 -6.53281
-6.54368 -6.54362
-6.52452 -6.52431
-6.53443 -6.53442
-6.53972 -6.54007
-6.52969 -6.5295
-6.55196 -6.55173
-6.537 -6.53675
-6.54017 -6.54039
-6.52951 -6.5287
-6.53907 -6.53964
-6.53205 -6.53263
