0.311864 0.403455 0.2665 0.00685782 0.283961 0.0544735 0.292242 0.388864 0.248486 0.00666969 0.287473 0.0573048
0.202909 0.224442 -0.0435354 0.0400982 -0.16553 0.108155 0.178952 0.207667 -0.0669228 0.0399657 -0.165005 0.109828
0.253626 0.221602 0.00329544 -0.0623539 -0.0481195 0.129093 0.233505 0.200879 -0.0221711 -0.0614691 -0.042855 0.128802
0.209065 0.207411 0.0630579 -0.0258673 -0.104755 0.0152751 0.180759 0.177856 0.0387025 -0.025968 -0.10371 0.0158738
0.297547 0.218442 0.0130904 0.0924712 0.237752 -0.0640543 0.265988 0.198421 -0.008415 0.0864697 0.233685 -0.0652663
0.285204 0.203796 -0.13887 0.0492845 -0.183596 0.0824772 0.259985 0.188745 -0.161712 0.0557538 -0.188361 0.0814928
0.193381 0.258986 0.0106088 0.0535019 -0.0865391 0.0763203 0.167631 0.231019 -0.0136575 0.0547043 -0.0868144 0.0781557
0.245491 0.0851096 -0.227863 -0.0231744 0.0429565 0.142206 0.234086 0.0667106 -0.245291 -0.0227354 0.0414243 0.147154
0.255451 0.329683 0.237309 -0.021392 -0.430097 0.187377 0.228962 0.306443 0.214143 -0.024766 -0.433236 0.191521
0.311054 0.234891 0.098448 0.00667704 0.0612084 -0.0117986 0.291311 0.212601 0.0819715 0.00306407 0.0601786 -0.0110578
0.322635 0.265671 0.365335 0.0387505 0.177004 -0.140227 0.294647 0.249035 0.347971 0.0353756 0.176247 -0.142558
0.323476 0.31823 0.125389 0.0217174 0.2151 0.00983053 0.311239 0.296286 0.115456 0.0241349 0.21467 0.00819194
0.0933388 0.13817 -0.531238 0.0429894 0.0863011 -0.0874378 0.0793539 0.117835 -0.566396 0.0399559 0.0857774 -0.0816914
0.362851 0.347405 0.168295 0.0497772 -0.23763 0.151224 0.341548 0.326382 0.137033 0.0475168 -0.236115 0.151401
0.290455 0.253818 0.151941 0.0580955 0.0462198 -0.141105 0.266004 0.224492 0.137711 0.0595273 0.0480259 -0.146342
0.167233 0.0662404 -0.338407 0.0283875 -0.0318293 -0.12701 0.149924 0.0465547 -0.356517 0.0274612 -0.0311186 -0.122343
0.341736 0.242124 0.141819 -0.0168228 0.253483 -0.0248611 0.32331 0.219601 0.110727 -0.0222295 0.25245 -0.0255296
0.240489 0.267573 0.0803644 0.00995026 -0.042472 0.0105981 0.217106 0.241358 0.0600049 0.00590018 -0.0391822 0.011772
0.32831 0.28545 0.279284 -0.00225108 -0.0833764 0.112808 0.310179 0.261444 0.267847 -0.0103827 -0.0813684 0.11051
0.15502 0.217579 -0.093524 0.0212968 0.0256863 -0.0620145 0.130525 0.196689 -0.111382 0.0173415 0.0258925 -0.0630675
0.275226 0.328017 -0.179606 0.0393761 0.1174 0.075823 0.268636 0.31559 -0.199122 0.036966 0.124213 0.0839531
0.20563 0.213628 -0.315335 -0.0151912 0.168997 0.138408 0.199387 0.202724 -0.335351 -0.016122 0.172707 0.134717
0.402511 0.343064 -0.0451318 -0.00568483 -0.0339252 0.194878 0.396055 0.331816 -0.0585788 -0.00456359 -0.0373645 0.192981
0.292545 0.266842 -0.222886 0.0893349 0.277092 -0.0904517 0.273084 0.243446 -0.24862 0.0880503 0.276165 -0.0855726
0.284459 0.353386 0.144639 -0.0354379 -0.211774 -0.0393046 0.267854 0.344164 0.121183 -0.0380166 -0.210286 -0.0356955
0.443911 0.217384 -0.301837 -0.0395422 0.0831507 0.220453 0.43312 0.20031 -0.335385 -0.044608 0.0765248 0.219937
0.30075 0.205811 -0.19794 0.071733 -0.00636462 -0.161646 0.275129 0.188873 -0.221926 0.0746969 -0.012687 -0.164644
0.344036 0.260463 -0.0561163 0.0382875 -0.207104 -0.0313916 0.339847 0.252374 -0.0711514 0.0391892 -0.204917 -0.0329391
0.420858 0.496932 0.514786 0.0179985 0.0496948 -0.280979 0.393184 0.4769 0.489787 0.0171884 0.0485034 -0.285319
0.318437 0.374345 0.12213 -0.0154996 0.175392 0.157405 0.305227 0.355472 0.105785 -0.0128408 0.179737 0.157969
0.355272 0.214614 -0.0381501 -0.0956899 -0.212412 0.0962263 0.335923 0.200581 -0.0469634 -0.100959 -0.210112 0.0959038
0.375971 0.380878 0.326516 0.0149781 0.166316 0.0476924 0.349723 0.35346 0.304861 0.0042748 0.168566 0.0462075
0.395734 0.384568 0.0717422 -0.00100414 0.0969815 0.0695409 0.383826 0.370193 0.0619173 0.00435381 0.094032 0.0708431
0.379417 0.458358 0.246256 -0.025146 -0.0702804 0.145413 0.357926 0.449891 0.226284 -0.029274 -0.0702026 0.150625
0.406262 0.21553 0.0705618 0.0838149 0.153031 0.0468163 0.390943 0.211179 0.0531663 0.079878 0.151712 0.0504106
0.0274638 0.172996 -0.605782 -0.0133011 0.0197927 -0.00937583 0.00881426 0.162514 -0.631781 -0.0178589 0.0191983 -0.0073983
0.204972 0.306247 -0.0869056 -0.101018 -0.00141404 0.205962 0.197546 0.28711 -0.10121 -0.105242 -0.00216519 0.201946
0.0354408 0.111627 -0.575821 0.0689317 0.268916 -0.0413118 0.0217477 0.101011 -0.591606 0.0636581 0.267842 -0.042268
0.37891 0.325483 0.153231 -0.0316844 -0.148435 0.39106 0.369803 0.317631 0.133508 -0.0348644 -0.148038 0.391823
0.278033 0.227604 -0.181259 0.00966269 0.2809 0.145422 0.268525 0.218508 -0.202309 0.0083608 0.282697 0.149065
0.186559 0.232028 -0.617405 0.0132522 -0.0442534 -0.184379 0.155879 0.230813 -0.644093 0.0203772 -0.043457 -0.186984
0.402066 0.439648 0.130239 0.0118 0.0135365 0.327114 0.388111 0.421529 0.114613 0.0132852 0.0161203 0.330129
0.33164 0.209697 -0.451405 -0.0445765 0.165433 0.301894 0.328415 0.197404 -0.461368 -0.0447251 0.167206 0.293739
0.388694 0.461206 0.178813 0.0130958 -0.163853 0.0699855 0.38444 0.448891 0.164225 0.0155532 -0.161257 0.0740963
0.157709 0.252562 -0.436872 0.0513704 0.0482681 -0.323586 0.141933 0.242316 -0.447403 0.0485055 0.0488317 -0.321974
0.317379 0.515183 0.148475 -0.0600434 0.108457 0.134096 0.315753 0.515261 0.13521 -0.0605499 0.118037 0.133844
0.191598 0.280199 -0.461032 -0.0370794 -0.0817145 -0.214561 0.170357 0.274184 -0.474488 -0.0404346 -0.0930216 -0.212389
0.411819 0.403292 0.188013 0.00483656 0.0395479 -0.393485 0.404024 0.401327 0.169357 0.00597535 0.0434367 -0.388377
0.381858 0.485435 0.0543602 -0.0422782 0.047181 0.0552986 0.346363 0.469091 0.0389127 -0.0423134 0.0535883 0.0631084
0.216309 0.237068 -0.352276 0.0882807 0.177958 -0.173688 0.22205 0.219314 -0.373745 0.0864739 0.177581 -0.176808
0.337091 0.325123 0.136609 0.0472825 0.0110262 0.308451 0.329005 0.309674 0.115056 0.0519986 0.0152305 0.31659
0.396923 0.266576 -0.162185 -0.105411 0.0091967 -0.237074 0.388454 0.26829 -0.170761 -0.115617 0.0076773 -0.239729
0.347754 0.350667 0.0628751 0.0135066 0.143435 -0.0486328 0.333446 0.348683 0.0406985 0.0153843 0.139855 -0.0508756
0.178788 0.233756 -0.345064 0.0634048 -0.218803 0.139211 0.165505 0.215813 -0.367264 0.0689394 -0.222553 0.134547
0.409774 0.391972 -0.215729 0.0146456 0.267044 0.147324 0.394233 0.380585 -0.241124 0.0057418 0.268441 0.141598
0.477367 0.327376 -0.0479681 -0.105057 -0.266057 0.180617 0.459087 0.311251 -0.0683356 -0.1124 -0.270775 0.170742
0.43014 0.381797 0.169986 -0.0255875 -0.125016 -0.157349 0.423734 0.369587 0.152395 -0.0202755 -0.124637 -0.157858
0.599686 0.390232 -0.0311746 0.116838 -0.17207 0.091216 0.602214 0.380978 -0.0562185 0.111881 -0.176469 0.0888911
0.457964 0.418282 0.228409 -0.0442163 -0.0804721 0.136545 0.443119 0.420383 0.223055 -0.036994 -0.0837426 0.142422
0.262075 0.457333 -0.13381 -0.0528882 0.0704114 0.355086 0.257018 0.446647 -0.146746 -0.0665697 0.074998 0.355141
0.144181 0.202383 -0.917369 -0.039232 0.0435255 -0.186912 0.145354 0.213422 -0.948963 -0.0378879 0.0446073 -0.183109
0.519531 0.519914 0.389813 -0.00759992 0.30694 0.294253 0.507585 0.529235 0.360788 -0.00647146 0.306041 0.292962
0.450658 0.316658 -0.263851 -0.107415 -0.17983 -0.0280329 0.476409 0.324517 -0.291274 -0.10878 -0.181916 -0.0269529
0.458729 0.355142 0.0912908 -0.00872752 0.0430164 0.283303 0.468118 0.352222 0.0880251 -0.0122293 0.0501166 0.27518
0.297558 0.473909 -0.145744 0.0358305 -0.0265581 -0.122051 0.293086 0.471814 -0.156937 0.0295743 -0.0215869 -0.116728
0.488617 0.527992 0.0915382 0.00977118 0.0686694 -0.244534 0.486768 0.503692 0.0630749 0.00806328 0.0680608 -0.232975
0.16203 0.374597 -0.190914 0.00289182 0.0930005 0.0181296 0.158661 0.387197 -0.197599 0.00141106 0.0908756 0.0140488
0.275992 0.237937 -0.316212 0.110945 0.143166 0.216351 0.278367 0.237011 -0.325424 0.110952 0.140261 0.214107
0.507591 0.5552 0.517494 -0.030948 0.180431 -0.0558304 0.515265 0.5365 0.489451 -0.0241828 0.18638 -0.0544155
0.351259 0.256197 -0.186654 -0.00381301 0.167258 0.0935709 0.36155 0.253103 -0.190269 -0.00542225 0.168194 0.0893457
0.327744 0.325058 -0.176372 -0.0158809 -0.0690118 -0.550218 0.321036 0.32134 -0.183989 -0.0188966 -0.0727527 -0.547725
0.582349 0.445973 0.163534 0.102581 -0.155347 -0.160928 0.565364 0.44281 0.161742 0.100025 -0.153729 -0.150444
0.365308 0.363467 -0.277484 0.0240483 -0.100841 -0.0188289 0.353296 0.346675 -0.29349 0.026405 -0.10563 -0.012486
0.242618 0.378032 -0.686612 0.00564205 0.0221705 0.105144 0.248992 0.365058 -0.707625 0.012472 0.0228851 0.106892
0.348462 0.313799 -0.0429318 0.0103495 -0.0644489 0.228604 0.3425 0.308346 -0.0671798 0.0135387 -0.0607782 0.22393
0.421484 0.364458 -0.101813 -0.0937517 0.149067 0.00684938 0.437287 0.379684 -0.122072 -0.0952623 0.148929 0.00497544
0.32566 0.435275 -0.00853294 0.0182506 0.226972 -0.117742 0.325055 0.436322 0.00452548 0.0259774 0.22778 -0.115543
0.546616 0.485747 0.102958 0.0597071 -0.0687352 -0.103268 0.531747 0.475622 0.0759996 0.0500977 -0.0706672 -0.102866
0.576481 0.449382 0.0849564 0.0136164 0.0108291 -0.131727 0.5818 0.429235 0.0650845 0.017753 0.0131576 -0.128171
0.360448 0.385386 -0.177117 -0.0134281 0.118037 0.119408 0.364443 0.383376 -0.194052 -0.0167741 0.131168 0.116889
0.497918 0.44631 -0.18413 0.00344666 0.00841139 0.0890639 0.494238 0.453675 -0.188073 -0.000876496 0.00398531 0.0984557
0.196506 0.38321 -0.713042 0.00685027 -0.108438 -0.0779192 0.214128 0.399535 -0.71818 0.0119248 -0.111057 -0.0849828
0.349191 0.442904 -0.3594 0.151625 0.392396 -0.408411 0.338697 0.441478 -0.38745 0.157445 0.39591 -0.413618
0.226298 0.314007 -0.628179 -0.0457588 -0.135739 0.00691568 0.231291 0.299811 -0.63793 -0.0361014 -0.137738 0.0123765
0.342661 0.297471 -0.533944 0.0392111 -0.0816896 -0.109607 0.366763 0.301558 -0.553043 0.027793 -0.0822837 -0.09598
0.608327 0.556019 0.317665 -0.0481207 -0.087983 -0.0973279 0.603273 0.557679 0.291885 -0.040773 -0.0822214 -0.0924748
0.512682 0.394626 -0.00551219 0.0836875 0.0299226 -0.147095 0.51748 0.404292 -0.0123426 0.0851394 0.0286017 -0.145439
0.474204 0.225592 -0.23705 0.101767 0.0152232 -0.0849157 0.473712 0.223528 -0.242367 0.0992249 0.0137684 -0.0873874
0.479442 0.344953 -0.431901 -0.101314 -0.197677 0.185694 0.48157 0.341071 -0.454394 -0.108285 -0.191313 0.17836
0.412109 0.400701 -0.189281 -0.0505514 -0.321314 0.322143 0.423883 0.402309 -0.214658 -0.0474158 -0.320179 0.323716
0.519736 0.434424 -0.225708 -0.0121522 0.0283955 0.133084 0.530708 0.432278 -0.254678 -0.0174341 0.0295991 0.136919
0.354531 0.398834 -0.175243 -0.105147 -0.232587 0.0864835 0.352017 0.392361 -0.201811 -0.10013 -0.230061 0.0873962
0.395899 0.536802 0.109337 0.0872535 -0.0771324 0.500611 0.397154 0.54442 0.102978 0.0888391 -0.0727499 0.490231
0.762395 0.502104 0.331389 0.135976 -0.22405 0.449792 0.771382 0.492855 0.311395 0.140641 -0.229499 0.458543
0.386663 0.45612 0.0188098 0.0843802 0.0434284 0.148118 0.386407 0.452267 -0.00978446 0.0976666 0.0380197 0.141648
0.341798 0.668782 0.0342247 0.128963 0.371675 -0.329722 0.344331 0.670478 0.0131681 0.147294 0.378027 -0.326535
0.573487 0.414399 0.0799965 0.0645678 -0.0441986 0.317218 0.57212 0.411778 0.0585714 0.0521101 -0.0538694 0.318312
0.129998 0.454941 -0.758848 0.0128013 -0.125602 -0.0936891 0.155068 0.476579 -0.783784 0.01761 -0.13387 -0.101978
0.230641 0.526795 -0.316164 0.0823834 -0.0254515 -0.117635 0.241372 0.527535 -0.325783 0.0864858 -0.0235525 -0.1091
0.289949 0.318102 -0.929325 -0.106574 -0.203395 0.131222 0.296163 0.32287 -0.96163 -0.102794 -0.206901 0.132353
