0.111501 0.144248 0.0952822 0.00245189 0.101525 0.019476 0.104486 0.139031 0.0888414 0.00238462 0.102781 0.0204883
0.0725464 0.0802451 -0.0155653 0.0143364 -0.0591823 0.0386688 0.0639811 0.0742476 -0.023927 0.014289 -0.0589945 0.0392671
0.0906794 0.0792298 0.00117822 -0.0222935 -0.0172042 0.0461549 0.0834855 0.0718206 -0.00792688 -0.0219771 -0.015322 0.0460509
0.0747471 0.0741558 0.0225452 -0.00924838 -0.0374531 0.00546134 0.064627 0.0635891 0.0138374 -0.00928438 -0.0370795 0.00567537
0.106382 0.0781 0.00468021 0.0330613 0.0850039 -0.0229014 0.095099 0.0709416 -0.00300863 0.0309156 0.0835496 -0.0233348
0.101969 0.0728635 -0.0496506 0.0176208 -0.0656414 0.0294882 0.0929529 0.0674821 -0.0578173 0.0199337 -0.067345 0.0291362
0.0691399 0.0925955 0.00379299 0.0191286 -0.0309404 0.0272869 0.0599333 0.0825966 -0.004883 0.0195585 -0.0310389 0.0279431
0.0877708 0.0304294 -0.0814681 -0.00828556 0.0153583 0.050843 0.0836931 0.0238511 -0.0876991 -0.00812863 0.0148105 0.0526121
0.0913318 0.117872 0.0848454 -0.00764832 -0.153773 0.0669933 0.0818611 0.109563 0.076563 -0.00885462 -0.154896 0.0684748
0.111212 0.083981 0.0351983 0.00238725 0.0218839 -0.00421836 0.104153 0.0760116 0.0293074 0.0010955 0.0215157 -0.0039535
0.115352 0.0949857 0.130619 0.0138545 0.0632843 -0.0501354 0.105346 0.0890379 0.124411 0.0126479 0.0630139 -0.0509691
0.115653 0.113777 0.0448307 0.00776466 0.0769051 0.00351472 0.111278 0.105931 0.0412792 0.008629 0.0767511 0.00292887
0.0333716 0.0494001 -0.189934 0.0153701 0.0308553 -0.0312618 0.0283715 0.0421299 -0.202504 0.0142855 0.0306681 -0.0292073
0.129731 0.124208 0.0601708 0.0177969 -0.0849603 0.0540673 0.122114 0.116692 0.0489935 0.0169888 -0.0844184 0.0541306
0.103847 0.0907479 0.0543237 0.020771 0.016525 -0.0504496 0.0951047 0.0802629 0.049236 0.0212829 0.0171707 -0.052322
0.0597909 0.023683 -0.120991 0.0101494 -0.01138 -0.0454102 0.0536025 0.0166447 -0.127466 0.00981825 -0.0111259 -0.0437415
0.122181 0.0865668 0.0507046 -0.00601466 0.090628 -0.00888862 0.115594 0.0785144 0.0395885 -0.00794775 0.0902587 -0.00912763
0.0859823 0.0956657 0.0287328 0.00355753 -0.0151851 0.00378914 0.0776221 0.0862931 0.0214536 0.0021095 -0.0140089 0.00420887
0.117381 0.102057 0.0998528 -0.000804831 -0.0298097 0.0403326 0.110899 0.0934745 0.0957638 -0.00371213 -0.0290917 0.0395106
0.0554245 0.0777915 -0.0334378 0.00761426 0.00918367 -0.0221721 0.0466667 0.0703226 -0.0398226 0.00620012 0.00925737 -0.0225486
0.0984019 0.117276 -0.0642148 0.0140782 0.041974 0.0271091 0.0960456 0.112833 -0.0711924 0.0132165 0.0444101 0.0300159
0.0735192 0.0763788 -0.112742 -0.00543132 0.0604218 0.0494852 0.0712873 0.0724801 -0.119898 -0.00576412 0.0617482 0.0481656
0.14391 0.122656 -0.016136 -0.00203251 -0.0121293 0.0696751 0.141602 0.118635 -0.0209437 -0.00163162 -0.013359 0.0689966
0.104594 0.0954043 -0.0796889 0.03194 0.0990691 -0.0323393 0.0976363 0.0870396 -0.0888894 0.0314808 0.0987378 -0.0305949
0.101703 0.126346 0.0517129 -0.0126702 -0.075716 -0.0140526 0.0957661 0.123049 0.0433266 -0.0135921 -0.075184 -0.0127623
0.158712 0.0777217 -0.107916 -0.0141376 0.029729 0.0788188 0.154854 0.0716173 -0.119911 -0.0159488 0.02736 0.0786344
0.107527 0.0735837 -0.0707699 0.0256468 -0.00227555 -0.0577934 0.0983674 0.0675281 -0.0793455 0.0267065 -0.004536 -0.0588655
0.123004 0.0931238 -0.0200633 0.013689 -0.074046 -0.0112235 0.121506 0.0902316 -0.0254389 0.0140114 -0.0732642 -0.0117767
0.15047 0.177669 0.184052 0.00643504 0.0177674 -0.100459 0.140576 0.170507 0.175114 0.00614537 0.0173415 -0.102011
0.113851 0.13384 0.0436652 -0.00554159 0.062708 0.0562774 0.109128 0.127092 0.0378214 -0.004591 0.0642617 0.0564789
0.127021 0.0767311 -0.0136399 -0.0342121 -0.075944 0.0344039 0.120103 0.0717141 -0.0167909 -0.0360959 -0.0751217 0.0342886
0.134421 0.136176 0.11674 0.00535515 0.0594631 0.0170515 0.125037 0.126373 0.108997 0.00152838 0.0602676 0.0165206
0.141487 0.137495 0.0256501 -0.000359013 0.0346739 0.024863 0.13723 0.132355 0.0221374 0.00155663 0.0336194 0.0253286
0.135653 0.163877 0.0880443 -0.00899048 -0.0251274 0.0519896 0.12797 0.16085 0.0809035 -0.0104664 -0.0250996 0.0538531
0.145251 0.0770588 0.0252281 0.0299664 0.0547135 0.0167383 0.139775 0.075503 0.0190086 0.0285589 0.0542416 0.0180234
0.00981917 0.0618514 -0.216586 -0.00475555 0.00707651 -0.00335215 0.00315138 0.0581038 -0.225882 -0.00638513 0.006864 -0.00264513
0.0732839 0.109493 -0.0310715 -0.0361173 -0.000505562 0.0736378 0.070629 0.102651 -0.0361859 -0.0376272 -0.000774125 0.0722019
0.0126712 0.0399103 -0.205874 0.0246453 0.0961457 -0.0147703 0.0077755 0.0361147 -0.211518 0.0227598 0.095762 -0.0151121
0.135472 0.11637 0.0547848 -0.0113282 -0.0530703 0.139816 0.132216 0.113563 0.0477333 -0.0124651 -0.0529284 0.140089
0.0994054 0.0813757 -0.0648059 0.00345472 0.100431 0.0519928 0.096006 0.0781234 -0.0723319 0.00298925 0.101073 0.0532952
0.0667005 0.0829575 -0.220742 0.00473808 -0.015822 -0.0659211 0.0557318 0.0825229 -0.230283 0.0072855 -0.0155372 -0.0668526
0.143751 0.157188 0.0465646 0.00421887 0.00483972 0.116954 0.138762 0.15071 0.0409779 0.00474988 0.0057635 0.118032
0.118572 0.0749733 -0.161391 -0.0159375 0.0591476 0.107937 0.117419 0.070578 -0.164953 -0.0159906 0.0597814 0.105021
0.13897 0.164896 0.0639314 0.00468216 -0.0585824 0.025022 0.13745 0.160493 0.0587155 0.00556075 -0.0576544 0.0264918
0.056386 0.090299 -0.156196 0.0183665 0.0172574 -0.115692 0.0507455 0.0866355 -0.159961 0.0173423 0.0174589 -0.115116
0.113473 0.184194 0.0530846 -0.0214674 0.0387769 0.0479435 0.112891 0.184222 0.0483418 -0.0216485 0.0422019 0.0478535
0.0685022 0.10018 -0.164833 -0.013257 -0.0292155 -0.0767125 0.0609081 0.0980295 -0.169644 -0.0144566 -0.0332581 -0.0759356
0.147238 0.144189 0.0672207 0.00172922 0.0141396 -0.140683 0.144451 0.143487 0.0605505 0.00213638 0.01553 -0.138857
0.136526 0.173558 0.0194355 -0.0151158 0.0168687 0.019771 0.123836 0.167715 0.0139125 -0.0151284 0.0191595 0.0225633
0.0773374 0.0847593 -0.12595 0.0315631 0.0636256 -0.062099 0.0793898 0.0784116 -0.133626 0.0309171 0.0634907 -0.0632145
0.120521 0.116242 0.0488421 0.016905 0.00394221 0.110281 0.11763 0.110718 0.041136 0.0185911 0.00544538 0.113191
0.141912 0.0953092 -0.0579861 -0.0376876 0.00328811 -0.0847614 0.138885 0.095922 -0.0610525 -0.0413366 0.00274487 -0.0857107
0.124333 0.125374 0.0224798 0.00482902 0.0512824 -0.0173878 0.119217 0.124665 0.014551 0.00550038 0.0500026 -0.0181896
0.0639222 0.0835753 -0.123371 0.0226692 -0.0782291 0.0497721 0.0591731 0.07716 -0.131308 0.024648 -0.0795696 0.0481048
0.146507 0.140142 -0.0771299 0.00523627 0.0954767 0.052673 0.140951 0.136071 -0.0862095 0.00205288 0.0959761 0.0506257
0.170674 0.117047 -0.0171501 -0.0375613 -0.0951236 0.0645762 0.164138 0.111282 -0.0244321 -0.0401866 -0.0968106 0.0610456
0.153789 0.136505 0.0607753 -0.00914833 -0.0446971 -0.0562572 0.151498 0.132139 0.054486 -0.00724913 -0.0445615 -0.0564393
0.214406 0.13952 -0.0111459 0.0417732 -0.0615204 0.0326126 0.21531 0.136212 -0.0200999 0.0400011 -0.0630934 0.0317814
0.163736 0.149549 0.0816633 -0.0158087 -0.0287713 0.0488193 0.158429 0.1503 0.0797492 -0.0132265 -0.0299406 0.0509204
0.0937 0.163511 -0.0478413 -0.0189092 0.0251743 0.126954 0.0918919 0.15969 -0.0524663 -0.0238007 0.0268141 0.126974
0.0515494 0.0723583 -0.327988 -0.0140267 0.0155617 -0.0668269 0.0519685 0.076305 -0.339284 -0.0135461 0.0159485 -0.0654673
0.185748 0.185886 0.13937 -0.00271721 0.109741 0.105205 0.181478 0.189218 0.128993 -0.00231375 0.109419 0.104743
0.161124 0.113215 -0.094335 -0.0384044 -0.0642948 -0.0100226 0.170331 0.116025 -0.10414 -0.0388924 -0.0650408 -0.0096365
0.16401 0.126975 0.0326393 -0.00312036 0.0153797 0.10129 0.167367 0.12593 0.0314718 -0.00437238 0.0179182 0.0983854
0.106386 0.169437 -0.052108 0.0128105 -0.00949536 -0.0436372 0.104788 0.168688 -0.0561099 0.0105738 -0.007718 -0.0417339
0.174696 0.188774 0.0327278 0.00349351 0.0245515 -0.0874287 0.174035 0.180086 0.0225512 0.00288288 0.0243339 -0.0832959
0.0579309 0.13393 -0.0682578 0.00103392 0.0332506 0.0064819 0.0567262 0.138435 -0.0706479 0.0005045 0.0324909 0.00502288
0.0986756 0.0850699 -0.113056 0.0396662 0.0511864 0.0773524 0.099525 0.084739 -0.116349 0.0396689 0.0501479 0.0765499
0.18148 0.198502 0.18502 -0.0110649 0.0645097 -0.0199611 0.184223 0.191816 0.174994 -0.00864612 0.0666367 -0.0194553
0.125586 0.0915984 -0.0667346 -0.00136327 0.0597999 0.0334545 0.129265 0.0904922 -0.0680273 -0.00193863 0.0601346 0.0319439
0.117179 0.116218 -0.0630587 -0.00567793 -0.0246739 -0.19672 0.11478 0.114889 -0.0657819 -0.00675612 -0.0260114 -0.195829
0.208208 0.159449 0.0584684 0.0366758 -0.0555413 -0.0575367 0.202135 0.158319 0.0578279 0.0357621 -0.054963 -0.0537884
0.130609 0.129951 -0.0992093 0.00859803 -0.0360538 -0.00673192 0.126314 0.123947 -0.104932 0.00944063 -0.0377659 -0.00446412
0.0867434 0.135158 -0.245485 0.00201721 0.00792667 0.0375922 0.0890226 0.13052 -0.252998 0.00445912 0.00818213 0.0382173
0.124586 0.112193 -0.0153495 0.00370029 -0.0230425 0.0817329 0.122455 0.110243 -0.0240189 0.0048405 -0.0217301 0.0800619
0.150694 0.130305 -0.0364012 -0.0335192 0.0532963 0.00244887 0.156344 0.135749 -0.0436447 -0.0340592 0.0532466 0.00177887
0.116434 0.155625 -0.00305079 0.00652518 0.0811498 -0.0420965 0.116217 0.155999 0.001618 0.00928775 0.0814386 -0.0413101
0.195432 0.17367 0.0368107 0.0213472 -0.024575 -0.0369215 0.190116 0.17005 0.0271722 0.0179115 -0.0252657 -0.0367777
0.20611 0.160668 0.0303746 0.0048683 0.00387175 -0.0470966 0.208012 0.153465 0.0232698 0.00634725 0.00470425 -0.0458253
0.128871 0.137788 -0.063325 -0.00480098 0.0422018 0.0426921 0.1303 0.137069 -0.0693796 -0.00599725 0.0468965 0.0417916
0.178021 0.15957 -0.0658324 0.00123229 0.00300734 0.0318432 0.176706 0.162203 -0.0672421 -0.000313375 0.00142487 0.035201
0.0702572 0.13701 -0.254935 0.00244918 -0.0387701 -0.0278586 0.0765576 0.142846 -0.256772 0.0042635 -0.0397064 -0.030384
0.124847 0.158352 -0.128497 0.0542108 0.140294 -0.14602 0.121095 0.157842 -0.138525 0.0562915 0.14155 -0.147881
0.0809087 0.112267 -0.224594 -0.0163602 -0.048531 0.00247257 0.0826939 0.107192 -0.22808 -0.0129074 -0.0492455 0.004425
0.122512 0.106355 -0.190902 0.0140192 -0.0292066 -0.0391881 0.131129 0.107817 -0.19773 0.00993687 -0.029419 -0.0343159
0.217496 0.198794 0.113575 -0.0172047 -0.0314567 -0.0347978 0.215689 0.199388 0.104358 -0.0145776 -0.0293967 -0.0330626
0.1833 0.141091 -0.00197078 0.0299209 0.0106983 -0.052591 0.185015 0.144547 -0.00441288 0.03044 0.010226 -0.051999
0.169543 0.0806561 -0.0847527 0.0363849 0.00544278 -0.03036 0.169367 0.0799183 -0.0866538 0.035476 0.00492263 -0.0312438
0.171416 0.123331 -0.154418 -0.036223 -0.0706757 0.0663914 0.172176 0.121944 -0.16246 -0.0387154 -0.0684005 0.0637694
0.147342 0.143263 -0.0676738 -0.0180737 -0.11488 0.115176 0.151552 0.143838 -0.076747 -0.0169526 -0.114474 0.115738
0.185822 0.15532 -0.0806976 -0.0043448 0.0101523 0.0475816 0.189745 0.154553 -0.0910553 -0.00623325 0.0105826 0.0489529
0.126756 0.142596 -0.0626549 -0.0375932 -0.0831571 0.0309206 0.125857 0.140281 -0.0721536 -0.0357997 -0.0822541 0.0312469
0.141546 0.191924 0.0390914 0.0311959 -0.0275772 0.178984 0.141995 0.194647 0.036818 0.0317627 -0.0260104 0.175273
0.27258 0.179518 0.118482 0.0486158 -0.0801048 0.160815 0.275793 0.176211 0.111333 0.0502836 -0.0820533 0.163944
0.138244 0.163077 0.00672509 0.0301686 0.015527 0.0529569 0.138153 0.1617 -0.00349825 0.0349189 0.0135933 0.0506435
0.122204 0.239111 0.0122364 0.0461085 0.132886 -0.117886 0.123109 0.239717 0.004708 0.0526621 0.135156 -0.116746
0.20504 0.148161 0.0286013 0.023085 -0.0158024 0.113415 0.204551 0.147224 0.0209411 0.018631 -0.01926 0.113806
0.0464783 0.162656 -0.271312 0.00457685 -0.0449067 -0.0334968 0.0554417 0.170392 -0.280227 0.00629613 -0.0478627 -0.0364604
0.0824616 0.188346 -0.113039 0.0294546 -0.00909972 -0.0420582 0.0862981 0.18861 -0.116478 0.0309214 -0.00842075 -0.0390066
0.103666 0.113731 -0.332263 -0.0381034 -0.0727203 0.046916 0.105888 0.115436 -0.343813 -0.036752 -0.0739736 0.0473203
