0.296756 0.247956 0.224402 0.0347395 -0.0043859 0.266513 0.268241 0.224245 0.20917 0.0398965 -0.00430067 0.273266
0.136538 0.262076 -0.183408 -0.0704274 -0.00342828 0.244505 0.119674 0.254362 -0.202186 -0.0689163 -0.00686548 0.248848
0.0867382 0.209198 -0.22549 -0.0245059 -0.00920087 0.213255 0.0618554 0.189598 -0.245163 -0.0215754 -0.011292 0.215619
0.294944 0.218209 0.117274 0.00556216 0.0117793 0.0914867 0.274223 0.194206 0.102809 0.00771261 0.0117353 0.091643
0.362423 0.162981 0.142857 -0.00708365 -0.0709751 0.0813641 0.351735 0.13562 0.119485 -0.0013289 -0.0657792 0.0826424
0.119211 -0.0263939 -0.65435 0.0280051 -0.304162 0.123857 0.103728 -0.0387473 -0.671834 0.0269438 -0.305729 0.125203
0.282433 0.34605 0.348915 -0.0681136 -0.150415 0.164995 0.250101 0.325393 0.327231 -0.071707 -0.149726 0.168289
0.21999 0.272241 0.0833354 -0.0697988 -0.204751 0.252102 0.197339 0.25872 0.0726765 -0.0684842 -0.20604 0.254951
0.168005 0.0540105 -0.417728 0.040421 -0.177346 0.0931898 0.144224 0.0351647 -0.434494 0.0402024 -0.176286 0.0877402
0.189197 0.137538 -0.178892 0.0473026 -0.115921 0.0569386 0.180101 0.121062 -0.193706 0.0499596 -0.112166 0.0547183
0.435034 0.37954 0.619648 -0.0305264 -0.0784192 0.00843967 0.413219 0.344251 0.603233 -0.0332957 -0.0771149 0.00903347
0.113688 0.153417 -0.440117 -0.0306796 -0.121284 0.0145185 0.0983655 0.13018 -0.456412 -0.0351434 -0.122774 0.0054649
0.155757 0.168251 -0.284978 0.0236326 -0.136522 -0.0694346 0.141784 0.151927 -0.303887 0.0226599 -0.139451 -0.0732394
0.350743 0.325592 0.42953 0.0178086 -0.0810815 -0.0400294 0.32758 0.294963 0.412118 0.0156353 -0.081053 -0.0428864
0.224136 0.129051 -0.316356 0.0528443 -0.0106699 -0.110459 0.206416 0.113433 -0.334446 0.056166 -0.0139124 -0.108829
0.0865285 0.16451 -0.235109 0.0144062 0.108858 -0.095453 0.058971 0.139326 -0.261544 0.012738 0.110006 -0.0940641
0.195473 0.45508 0.242418 -0.00382174 0.126064 -0.106602 0.17776 0.433358 0.214595 -0.00382624 0.121893 -0.108697
0.17079 0.246309 0.0346571 -0.0332648 0.0720736 -0.0897066 0.142896 0.220903 0.0140869 -0.0351763 0.0751854 -0.091721
0.112486 0.0944406 -0.474604 0.00458915 0.0607087 -0.158904 0.106412 0.083479 -0.501565 0.0060666 0.0571467 -0.15787
0.343315 0.259757 0.116029 0.0536056 0.043016 -0.111771 0.329038 0.237519 0.0999566 0.0560818 0.0474217 -0.112574
0.28819 0.240905 0.243593 0.069943 -0.0512032 -0.215389 0.266689 0.216291 0.225186 0.0692852 -0.0497984 -0.213187
0.0495099 0.187378 -0.436828 -0.0169993 -0.0052682 -0.101323 0.0290628 0.173173 -0.460075 -0.0130275 -0.00662599 -0.100167
0.156849 0.35711 -0.019618 -0.0212688 0.0402866 -0.0321805 0.131835 0.339845 -0.0401108 -0.0252286 0.0366625 -0.0323346
0.273956 0.283421 0.118902 -0.0368054 0.0448324 0.0398496 0.245644 0.261128 0.102546 -0.0390147 0.0494544 0.0400647
0.254461 0.175077 -0.126763 0.00300182 0.131815 0.125202 0.232676 0.146728 -0.149176 0.00408915 0.133501 0.12894
0.190416 0.0824835 -0.324741 -0.0211462 -0.00611034 0.0369735 0.168734 0.0662078 -0.352169 -0.0182145 -0.00715846 0.0382054
0.209414 0.338064 0.165163 -0.0333912 -0.0229084 0.0932627 0.189834 0.322458 0.140285 -0.0264529 -0.0278605 0.0902281
0.230523 0.313597 0.0901304 -0.0367802 -0.0105699 0.100892 0.203589 0.287444 0.0652159 -0.0376089 -0.0164674 0.10266
0.182447 0.201431 -0.293005 -0.0125708 0.0769357 0.142656 0.16117 0.186645 -0.312903 -0.0125566 0.0755517 0.140333
0.338189 0.227003 0.259586 0.0295847 0.116567 0.22367 0.304996 0.201442 0.241108 0.0313361 0.113391 0.222412
0.268272 0.21474 -0.104958 -9.33252e-05 0.169322 0.243553 0.250847 0.19486 -0.130215 0.00268088 0.169508 0.246935
0.0901523 0.151604 -0.27008 -0.0118642 0.121427 0.128453 0.0671266 0.133913 -0.301584 -0.0148169 0.119193 0.125874
0.307163 0.296682 0.187778 -0.0575331 0.0108968 -0.025242 0.297927 0.272778 0.164327 -0.0537365 0.0137432 -0.026569
0.188947 0.190953 -0.115874 -0.0445477 -0.0634747 -0.0678398 0.17289 0.167374 -0.130216 -0.0495404 -0.0601479 -0.071443
0.177818 0.121075 -0.186244 0.0387315 0.0665116 -0.0589344 0.154941 0.0997297 -0.210056 0.0386686 0.065331 -0.0588599
0.233801 0.233611 -0.0856234 -0.00555785 0.197269 0.000948123 0.21752 0.215212 -0.107918 -0.0108865 0.196566 -0.00181418
0.218802 0.333143 0.364783 0.00271865 0.10899 -0.0255773 0.188721 0.305224 0.352233 0.000602744 0.11086 -0.0240958
0.128261 0.242684 -0.306076 -0.0394415 0.0789891 -0.061255 0.114273 0.234073 -0.322167 -0.043564 0.0793913 -0.0641734
0.211451 0.154384 -0.101015 -0.0372189 0.102018 -0.199061 0.193429 0.12986 -0.125985 -0.0396997 0.101385 -0.195508
0.233997 0.243548 0.127999 -0.0234209 0.171854 -0.166338 0.202814 0.209014 0.106477 -0.0230266 0.172556 -0.162543
0.245926 0.142093 -0.131011 0.0561859 0.123285 -0.177905 0.230869 0.121054 -0.148018 0.0553448 0.122347 -0.173705
0.15316 0.211907 -0.145807 0.0847694 0.133506 -0.202662 0.123106 0.182452 -0.167152 0.0885754 0.129669 -0.202257
0.280527 0.224523 0.0363749 -0.0311195 0.141092 -0.133869 0.265181 0.203909 0.0129824 -0.0341529 0.139438 -0.128988
0.245377 0.210279 0.0663307 -0.0409189 0.186767 -0.063076 0.225117 0.190039 0.0516385 -0.040164 0.188557 -0.0604863
0.151663 0.229553 -0.285128 0.00753188 0.139704 -0.146178 0.124366 0.206312 -0.310048 0.0033962 0.138067 -0.148221
0.305808 0.347457 0.2817 0.00368024 -0.0345392 -0.0032091 0.27527 0.320383 0.262187 0.00048702 -0.0372834 -0.000111529
0.295854 0.320844 0.184882 0.0691056 -0.0506186 0.0778901 0.270216 0.302529 0.166308 0.0646534 -0.0509043 0.0813715
0.124261 0.139203 -0.392529 0.0226198 -0.071883 0.102669 0.109667 0.126867 -0.4216 0.025044 -0.0720091 0.102669
0.22191 0.302026 0.0699618 -0.0336067 0.0757327 0.100026 0.201154 0.277724 0.0454352 -0.032851 0.0749469 0.0992234
0.272151 0.223331 0.0443929 -0.0374976 -0.0494461 -0.00685855 0.258634 0.198586 0.0275469 -0.0330328 -0.0463113 -0.00595227
0.124447 0.125598 -0.300799 -0.0286745 -0.115802 0.0521411 0.10356 0.100053 -0.319717 -0.0301827 -0.113147 0.0500166
-0.588664 0.88429 0.0986612 0.214558 2.87448 0.94935 -0.633184 0.866926 0.114118 0.224816 2.90959 0.945733
0.123975 2.41839 0.929205 0.815023 2.98466 1.07126 0.089723 2.42006 0.932167 0.813757 2.99369 1.05944
-1.76753 -0.316853 -0.00245129 -0.313469 2.02761 0.8084 -1.78602 -0.330445 0.0203255 -0.290425 2.05795 0.801967
-0.506587 -0.389767 -0.499677 0.153816 0.782344 -1.34125 -0.514314 -0.402464 -0.490029 0.143131 0.785942 -1.34009
3.22437 1.24182 1.52517 2.07319 0.700731 0.0484997 3.25424 1.25247 1.54209 2.07624 0.677865 0.0431535
0.175114 -3.54122 -1.31219 -0.256375 0.811197 0.175486 0.186589 -3.53484 -1.29641 -0.257378 0.819432 0.178343
4.77729 4.59968 2.10879 1.24683 -2.22669 -0.309165 4.767 4.62538 2.11651 1.24633 -2.21403 -0.312099
2.23959 2.15497 1.30126 -2.20518 -0.145167 1.52581 2.26246 2.12489 1.28461 -2.21673 -0.16558 1.51412
0.933687 -1.55208 -0.167121 -1.13302 -0.426861 -1.67441 0.918486 -1.51817 -0.139464 -1.10865 -0.434347 -1.66657
0.915961 2.3362 0.968183 0.0524851 0.402515 1.07118 0.897261 2.34786 0.948002 0.0648552 0.400704 1.07401
-0.382917 0.185376 -0.081914 -0.413839 1.88376 0.0947946 -0.385911 0.189341 -0.0657692 -0.404267 1.8911 0.0928235
-0.0504306 2.61974 0.483548 0.587043 -0.629313 -2.21273 -0.0442813 2.59624 0.486676 0.566072 -0.635077 -2.2031
-0.908125 -3.64665 -0.806916 -1.14755 1.00396 -0.689624 -0.911975 -3.67495 -0.769742 -1.12573 1.0208 -0.68125
3.70268 4.62477 1.6315 1.22563 0.442583 -1.9744 3.72287 4.62806 1.62988 1.212 0.424468 -1.95814
0.994047 2.4507 0.848347 0.198872 0.74781 -1.03938 0.983511 2.43769 0.841326 0.185771 0.747135 -1.02605
-0.899051 4.46951 1.28674 0.258221 2.75868 0.200346 -0.950337 4.50621 1.28093 0.259125 2.78977 0.199132
1.02352 9.11099 2.64567 1.05136 4.92547 0.88427 0.956107 9.07595 2.63506 1.03238 4.93265 0.857018
0.826875 -1.07158 0.217736 -1.44544 0.839447 -1.56212 0.835283 -1.02777 0.272241 -1.41342 0.82902 -1.54391
-0.0852695 -1.2431 -0.588736 0.671255 -0.318936 1.39814 -0.097091 -1.2384 -0.584746 0.66643 -0.32006 1.39775
-0.24674 1.39348 0.364526 2.64761 -2.42161 -1.31696 -0.228832 1.33805 0.375995 2.66872 -2.43254 -1.33099
-0.979793 5.01413 1.38069 -0.300953 2.78965 0.519695 -1.02076 5.06347 1.38256 -0.280326 2.8195 0.496233
-0.0275498 5.17942 1.34016 -0.0168778 1.89299 -1.81545 -0.0769772 5.18847 1.3381 -0.0506897 1.89654 -1.77441
1.47635 1.81822 1.04028 0.213873 -1.7961 -1.88026 1.45558 1.81845 1.03396 0.220562 -1.79588 -1.8858
4.20401 7.32822 2.41637 1.79587 -0.714848 -0.878887 4.17445 7.30929 2.42345 1.76316 -0.718859 -0.85991
0.834909 3.34781 0.625644 2.14682 -0.38961 0.657445 0.844794 3.35402 0.590768 2.14623 -0.394083 0.658798
2.55866 2.11612 0.745194 -0.90485 -0.255748 -0.217529 2.5612 2.11735 0.725274 -0.924838 -0.251887 -0.223082
2.79863 9.0873 2.53115 1.32381 3.40246 0.684433 2.76284 9.03563 2.56587 1.28951 3.39291 0.669717
-1.5771 -0.4399 -0.219805 -0.604215 0.90311 0.75797 -1.58047 -0.442546 -0.197092 -0.586769 0.906316 0.753905
0.925426 0.35256 -0.0842377 0.151942 -1.85305 0.513884 0.900504 0.341623 -0.0907705 0.146449 -1.84205 0.514818
-2.18504 -3.99193 -1.01406 -0.870282 0.367367 -0.216447 -2.15128 -3.96693 -0.964313 -0.876634 0.377748 -0.211774
4.30226 2.10434 1.24152 0.673655 -1.97377 -0.335913 4.28115 2.1224 1.22769 0.687161 -1.9502 -0.336872
-0.458259 0.563407 0.309144 1.8246 1.23782 1.331 -0.451851 0.584639 0.339143 1.78745 1.23177 1.32262
2.22449 -3.38416 -0.553554 -0.386425 0.759992 1.14836 2.21187 -3.41609 -0.5391 -0.418517 0.781234 1.15761
-1.38887 -1.45034 -0.537025 -1.43445 -0.761331 -1.0289 -1.40541 -1.43543 -0.516673 -1.43086 -0.773374 -1.02819
0.585088 4.83572 0.996912 1.00368 0.74038 -0.583049 0.565718 4.86395 0.982765 0.989674 0.734391 -0.561574
0.318791 -2.16924 -0.318684 -0.219802 0.423782 0.71273 0.315705 -2.15137 -0.306746 -0.219135 0.422517 0.718424
4.32829 8.76673 2.7692 1.56924 2.18774 0.900158 4.31033 8.63513 2.76347 1.53111 2.16069 0.889224
2.57426 0.398965 1.01867 -1.59456 0.111267 2.00081 2.58434 0.361104 1.00162 -1.60808 0.097896 1.99979
0.814825 -2.05506 -0.53274 -0.306339 -0.845887 1.01297 0.80634 -2.03722 -0.529541 -0.321379 -0.841427 1.02654
3.80813 1.84697 1.40877 -0.286463 -1.24761 2.06246 3.81188 1.86096 1.40886 -0.281371 -1.24114 2.08292
2.79191 2.04403 1.0569 -0.968175 -2.05201 -1.04708 2.76302 2.04428 1.0544 -0.98153 -2.03213 -1.04505
1.12407 -1.17692 0.282973 -0.601857 1.01522 1.82777 1.1114 -1.21317 0.283098 -0.602911 1.01347 1.83606
-0.45375 -0.726199 -0.420075 0.422881 2.36714 0.686836 -0.47764 -0.739264 -0.416844 0.418439 2.3933 0.68465
-1.61412 -1.43846 -0.428895 0.645111 0.985905 1.47289 -1.61894 -1.42977 -0.398088 0.647748 0.989454 1.48817
0.39256 0.29579 0.127884 -0.00215155 0.0753342 0.030704 0.375132 0.272612 0.107013 0.000225155 0.0797381 0.0315965
0.241583 0.185839 -0.225657 0.00447632 0.246364 0.0214715 0.224767 0.169584 -0.246086 -0.000979634 0.249006 0.0219358
0.182276 0.27247 -0.331102 0.0326057 0.407905 -0.0603245 0.168162 0.268279 -0.337451 0.0288929 0.40288 -0.0641618
0.319921 0.532888 0.451176 0.0201309 0.369255 -0.0726795 0.301426 0.510803 0.430858 0.0194105 0.370368 -0.0730646
0.235348 0.260213 -0.197231 0.0074422 0.359198 -0.0411783 0.226492 0.251684 -0.224869 0.00516423 0.358428 -0.0412929
0.351934 0.298058 -0.0650174 -0.000307131 0.331133 0.0315143 0.342478 0.298929 -0.0827232 -0.00782309 0.332819 0.0289244
0.288305 0.448429 0.313459 0.000455642 0.298953 0.127245 0.266414 0.436924 0.293895 0.0036731 0.294881 0.129739
0.100896 0.252008 -0.262718 0.00581311 0.187988 0.092439 0.0886065 0.245373 -0.27886 0.0102446 0.181342 0.0929202
0.343037 0.308361 -0.130179 -0.0238547 0.031106 0.0486461 0.329566 0.295824 -0.148812 -0.0244601 0.0296124 0.0523929
0.39147 0.328772 0.109214 0.0224296 0.0999242 0.0497403 0.382896 0.327078 0.101788 0.0222431 0.100752 0.0488457
0.293824 0.274024 0.0625273 -0.0329947 0.103252 0.146675 0.271722 0.258584 0.0505019 -0.0314902 0.0981382 0.146297
0.352241 0.214622 -0.364685 -0.036967 0.0267126 0.158986 0.349409 0.205724 -0.387071 -0.0397559 0.0285517 0.160855
0.352437 0.40011 0.25984 -0.00567673 -0.0245886 0.120195 0.347974 0.385102 0.23467 0.00149323 -0.0230976 0.117413
0.305476 0.4647 0.219653 0.0530777 0.0462506 0.0690664 0.285147 0.448983 0.199314 0.0551514 0.0470578 0.0677447
0.11608 0.0814872 -0.710619 -0.0426604 -0.179578 0.10151 0.101243 0.0749829 -0.726772 -0.0488156 -0.181035 0.0996794
0.434476 0.279266 0.204937 -0.0407403 -0.162361 0.021218 0.426864 0.269063 0.183575 -0.0423106 -0.161538 0.0209632
0.391586 0.29421 0.29616 0.0141619 -0.208047 -0.100861 0.379921 0.286751 0.275443 0.0175513 -0.207033 -0.103841
0.0990835 0.289688 -0.561601 -0.0386683 -0.244155 -0.037977 0.0900847 0.281667 -0.574589 -0.0389934 -0.244903 -0.0314476
0.249709 0.284161 -0.0062167 -0.01055 -0.249008 -0.0142368 0.232283 0.280283 -0.0195273 -0.00197745 -0.249026 -0.0112941
0.422161 0.443885 0.516271 -0.0836326 -0.0981561 0.0970693 0.406079 0.43635 0.503024 -0.0850656 -0.1001 0.0975407
0.300326 0.126201 -0.342 -0.00226352 -0.180556 0.173222 0.293499 0.122013 -0.355538 0.00295219 -0.179302 0.171335
0.218286 0.195929 -0.320501 0.0493549 -0.122159 -0.0279877 0.218163 0.192302 -0.339674 0.0482947 -0.122735 -0.0277046
0.484082 0.437082 0.613557 -0.0197925 -0.0827018 -0.071176 0.45475 0.423238 0.590002 -0.020293 -0.0878084 -0.0703826
0.340738 0.211662 -0.288001 0.0231481 0.0422971 -0.0456361 0.333954 0.202702 -0.30049 0.0164335 0.0490499 -0.0467973
0.0383109 0.141092 -0.511594 0.0370957 0.137101 0.104257 0.021638 0.128347 -0.532241 0.0347665 0.140199 0.109903
0.437093 0.466288 0.538992 0.112598 0.0866367 0.0435382 0.413032 0.443225 0.51743 0.11208 0.0874629 0.0422844
0.235515 0.106192 -0.324158 -0.0268197 -0.072324 0.0855401 0.225925 0.0855495 -0.345779 -0.0299781 -0.0709448 0.0837912
0.245323 0.157887 -0.205237 -0.0270352 -0.142342 0.01223 0.223437 0.147917 -0.218841 -0.0313724 -0.141666 0.00819089
0.414919 0.38626 0.226826 -0.0341141 -0.0967804 0.130953 0.393783 0.370638 0.209873 -0.0328573 -0.0928083 0.129193
0.193814 0.36301 -0.120996 -0.0914862 0.0277945 0.0579702 0.180299 0.353217 -0.145567 -0.0937578 0.0260093 0.0560154
0.210775 0.175242 -0.318866 -0.0301019 -0.0014721 -0.0606677 0.198265 0.164751 -0.340564 -0.0297278 -0.00308539 -0.0607908
0.307443 0.320266 -0.014636 0.00382483 0.0931229 -0.102668 0.297016 0.310528 -0.0346298 -0.000940477 0.0966037 -0.103171
0.272556 0.361531 0.144614 0.0590431 0.131468 -0.0624123 0.259005 0.342814 0.123844 0.0618173 0.133898 -0.0643237
0.195045 0.132931 -0.521116 -0.0157814 0.037148 0.0909212 0.185088 0.131107 -0.541103 -0.0153997 0.035114 0.0897418
0.29935 0.285001 0.117838 0.0323428 -0.00882907 -0.0512539 0.28427 0.26549 0.102282 0.0352637 -0.0141697 -0.0551644
0.274315 0.277512 0.0385345 -0.0205399 0.051115 -0.039356 0.26029 0.252882 0.0184368 -0.0228455 0.0502068 -0.0412806
0.163994 0.238043 -0.433067 0.0324523 0.0947648 0.0309369 0.156756 0.220487 -0.455079 0.0403143 0.0983431 0.0313612
0.386884 0.371373 0.195766 -0.078385 0.0782484 0.158773 0.36921 0.352057 0.16878 -0.0762206 0.0800216 0.163989
0.292923 0.235532 -0.0111672 -0.0170627 0.0860953 0.125891 0.273805 0.22839 -0.0257124 -0.014111 0.0831413 0.127965
0.25386 0.182787 -0.34386 -0.041796 0.110762 0.20531 0.240685 0.172262 -0.362189 -0.0398503 0.114036 0.206754
0.284813 0.474047 0.312896 -0.0686666 0.142982 0.386609 0.26651 0.457808 0.293978 -0.0638619 0.139197 0.390613
0.402805 0.412311 0.31145 -0.0151532 -0.0895508 0.298195 0.377932 0.385112 0.291387 -0.00878594 -0.0904962 0.300741
0.200653 0.14043 -0.265747 -0.0527199 -0.116917 0.319091 0.184815 0.129733 -0.290237 -0.0549438 -0.124953 0.318093
0.217063 0.31362 -0.113173 -0.0078583 -0.0675549 0.198003 0.205348 0.312919 -0.130981 -0.0111452 -0.0638395 0.19782
0.283561 0.33586 0.219897 0.0392037 -0.14967 0.169884 0.262345 0.323235 0.202022 0.0434514 -0.152213 0.1677
0.172743 0.218524 -0.264574 0.037856 -0.0729725 0.0696443 0.152153 0.204635 -0.289738 0.039972 -0.074413 0.0710595
0.215786 0.156595 -0.412749 0.0396343 -0.062218 0.109195 0.212905 0.140755 -0.435696 0.0379005 -0.0601339 0.107869
0.520118 0.318115 0.458464 0.0372234 -0.0743317 0.00180897 0.511099 0.293576 0.442767 0.0396829 -0.0737872 0.00561839
0.327446 0.171598 -0.19902 -0.0185917 -0.0745442 -0.00401481 0.314371 0.152856 -0.2154 -0.0213887 -0.0724335 -0.00498558
0.312606 0.137896 -0.325982 -0.0258251 -0.0771608 -0.0993616 0.309661 0.125583 -0.354073 -0.0269634 -0.0757021 -0.102202
0.202291 0.166139 -0.135364 0.0185441 -0.118625 -0.180761 0.188914 0.14298 -0.162824 0.0206485 -0.116503 -0.182625
2.88997 -0.0452228 0.637525 2.15348 -0.757756 -2.33772 2.89847 -0.0817393 0.623407 2.18064 -0.774624 -2.34955
-0.0294627 -3.37799 -0.706889 -1.13001 0.833418 -1.02468 -0.0232703 -3.36748 -0.669475 -1.10201 0.841785 -1.00798
1.8421 4.89858 1.81617 0.454109 1.10168 -1.70815 1.82861 4.922 1.79062 0.437657 1.08703 -1.68975
0.537122 -1.10882 -0.414977 -0.597896 -1.16966 -0.693826 0.510724 -1.09749 -0.428999 -0.586725 -1.17161 -0.685866
-1.44893 -1.73324 -0.187587 0.514766 2.73123 1.15684 -1.46031 -1.78827 -0.206315 0.51429 2.8128 1.17902
3.83366 9.36309 3.47717 0.560144 4.2722 1.87019 3.8262 9.29262 3.48632 0.559433 4.2766 1.81651
-2.20549 -2.15556 -1.32706 0.121265 -0.447948 -1.26598 -2.18233 -2.14245 -1.30457 0.12799 -0.4629 -1.28956
2.19214 1.49967 1.05692 0.242765 -0.485086 2.0925 2.19423 1.49523 1.05164 0.254382 -0.487196 2.09541
-0.242034 2.85243 0.32205 1.79154 -0.279572 1.29786 -0.23275 2.85421 0.315335 1.79831 -0.284435 1.2941
-2.05533 0.0476791 -0.606112 -0.107081 -1.39241 -0.097086 -2.0271 0.0282204 -0.568602 -0.110367 -1.37831 -0.0973357
2.00647 -2.17719 0.320046 0.0501907 0.608403 0.739701 1.99708 -2.16453 0.331098 0.041226 0.614592 0.742582
3.05677 1.687 0.561772 1.79623 -0.604212 -2.00471 3.08469 1.6766 0.544631 1.81739 -0.6216 -2.00108
1.0002 2.19622 0.377454 1.77767 0.503543 1.27223 1.01268 2.23043 0.392758 1.77693 0.500162 1.26424
2.33279 1.89751 1.1856 -2.1497 0.405718 0.833953 2.37191 1.89917 1.17311 -2.16588 0.391472 0.823716
2.8615 0.730737 0.875746 -0.19127 3.0867 1.75147 2.82528 0.6955 0.843844 -0.204871 3.10192 1.73132
2.45924 1.41783 1.00876 -0.282788 -1.1039 1.79851 2.46156 1.418 0.985568 -0.288257 -1.10733 1.81578
-1.73248 -1.28279 -0.705867 0.559791 1.14363 -0.441276 -1.71371 -1.26602 -0.696427 0.53684 1.15435 -0.441797
-1.4675 0.0298881 -0.658282 1.57345 0.760541 0.657647 -1.4596 0.0257897 -0.641631 1.54702 0.764325 0.646229
-2.57397 -3.7676 -1.17146 -0.679783 0.921965 -0.181444 -2.52918 -3.75486 -1.13289 -0.680203 0.945159 -0.174513
3.03614 -0.59675 0.502617 0.46606 0.943393 0.307007 3.02448 -0.56574 0.512075 0.467654 0.928778 0.294873
2.56055 4.25159 0.941123 0.45536 -1.63847 -0.104569 2.5589 4.26713 0.966135 0.450998 -1.61541 -0.105869
5.32044 2.35806 2.32708 3.52707 -2.57363 -2.50203 5.29363 2.32715 2.29948 3.55954 -2.55209 -2.53153
0.322959 1.55108 0.587479 1.55296 3.01562 1.69407 0.286323 1.55832 0.650772 1.48373 3.01307 1.67375
1.89458 -0.504199 0.283453 0.438754 -1.20896 0.875648 1.87302 -0.496317 0.266294 0.444309 -1.19401 0.880174
3.51225 3.55724 1.7176 0.202011 -0.922816 -1.15524 3.52609 3.59433 1.71088 0.190421 -0.928649 -1.15854
-1.48926 0.0574009 -0.435617 -0.164411 -0.635484 -0.671646 -1.48108 0.0482899 -0.419067 -0.165044 -0.636046 -0.666719
0.748275 -0.112655 -0.104944 0.672153 -0.133144 0.418522 0.747176 -0.125757 -0.129739 0.681481 -0.133403 0.414937
2.82119 0.058067 0.599194 -1.89029 -1.30115 2.30002 2.83517 0.0486011 0.601143 -1.92742 -1.31936 2.32574
3.76982 2.29694 1.39149 1.89574 -1.81639 -0.944418 3.77439 2.29928 1.38473 1.92463 -1.80156 -0.95652
5.43498 5.04425 2.08329 2.18776 -1.8441 -0.740909 5.41862 5.0386 2.07182 2.18341 -1.81881 -0.733683
-1.08171 -1.75874 -0.418109 0.137805 -1.18555 1.08733 -1.09362 -1.75118 -0.404094 0.132243 -1.19731 1.10464
3.04274 4.55473 1.65367 1.91763 -2.77754 -2.37376 3.06748 4.54497 1.68558 1.90456 -2.75461 -2.37765
4.99346 3.09327 2.0199 -1.05988 -2.1311 0.638868 4.98578 3.12288 2.00936 -1.06881 -2.11573 0.643283
-0.168727 -1.78394 -0.524549 -0.735319 -1.354 0.341544 -0.186093 -1.7546 -0.512987 -0.754207 -1.34448 0.356204
3.80745 2.75196 2.05221 -0.0377688 3.73158 1.74134 3.78216 2.73718 2.02184 -0.0343505 3.73085 1.70144
-2.16706 -1.44989 -1.0555 -1.66103 -1.05706 0.122048 -2.15184 -1.42571 -1.04301 -1.67472 -1.07233 0.130345
-0.271071 2.98718 0.768839 -0.42258 2.16749 1.23691 -0.29847 2.99204 0.754792 -0.394451 2.1745 1.20324
2.89546 3.59556 1.12516 2.18591 1.47364 -0.0556052 2.92468 3.60448 1.1405 2.18927 1.44178 -0.0539362
-1.04162 3.54592 1.02017 -0.98471 0.627432 0.354631 -1.03606 3.58493 1.00202 -0.977008 0.638557 0.331965
-0.152326 1.03828 -0.318145 -0.748836 1.36073 -0.43451 -0.169447 1.04811 -0.331557 -0.745354 1.36844 -0.436572
-1.67552 -0.197085 -0.00875487 0.0958878 -1.56308 0.214223 -1.67137 -0.202137 0.0180389 0.0930462 -1.57662 0.212273
-1.17702 -1.94858 -0.871778 0.165476 0.280114 -0.188871 -1.17088 -1.9522 -0.871399 0.172731 0.278949 -0.19375
-1.55193 -2.63671 -0.598713 -1.16033 1.46707 -0.4301 -1.52786 -2.63764 -0.569636 -1.12912 1.48266 -0.423952
2.89972 4.05727 1.2617 0.871106 0.997128 0.0207258 2.9277 4.0559 1.2383 0.875899 1.00243 0.0344963
0.464201 0.655877 0.514222 0.0737112 0.248342 -0.166568 0.441506 0.650027 0.4943 0.0744319 0.255744 -0.177172
0.219987 0.247902 -0.276469 0.0214068 0.315365 -0.0403306 0.207763 0.235531 -0.29076 0.0245083 0.313747 -0.0396727
0.257964 0.313188 -0.267854 -0.0106554 0.27088 -0.0120641 0.255575 0.310951 -0.281431 -0.0164014 0.269242 -0.0190511
0.54842 0.567166 0.468737 -0.09253 0.248054 -0.0366941 0.536955 0.563668 0.45811 -0.089268 0.252245 -0.0388323
0.17298 0.289752 -0.330454 -0.120339 0.341322 -0.120601 0.164263 0.287802 -0.344274 -0.12687 0.339984 -0.120966
0.303593 0.25241 -0.114015 0.0233916 0.237899 -0.0510625 0.281817 0.242827 -0.131486 0.0223375 0.240306 -0.0479664
0.259992 0.475596 0.136669 0.138029 0.280662 0.0722508 0.257257 0.474623 0.132049 0.139758 0.282766 0.077869
0.289531 0.266191 -0.286612 0.0923035 0.110748 -0.043279 0.285112 0.259297 -0.30066 0.102596 0.106995 -0.0465211
0.238846 0.311594 -0.292605 -0.0370965 0.0738156 -0.0315293 0.245356 0.315437 -0.309711 -0.0476706 0.072594 -0.0398461
0.381367 0.346327 0.22695 -0.0695856 -0.142659 -0.170821 0.368176 0.333253 0.221467 -0.0678185 -0.140441 -0.16619
0.325817 0.38798 -0.111572 -0.00883833 -0.219646 -0.221163 0.331862 0.375864 -0.120797 -0.0138285 -0.217286 -0.221594
0.251652 0.261955 -0.332246 0.0640618 -0.191589 -0.185551 0.256111 0.252538 -0.353602 0.0628312 -0.199828 -0.184334
0.370218 0.411221 0.0613668 -0.0246602 -0.211695 -0.022095 0.357886 0.406989 0.0428976 -0.0205443 -0.217115 -0.0202898
0.263774 0.367916 0.0148024 -0.0258576 -0.121751 -0.138509 0.256356 0.363088 -0.00617918 -0.0201891 -0.11979 -0.139813
0.142849 0.177973 -0.635903 -0.0335391 -0.184298 -0.102632 0.143864 0.18043 -0.65702 -0.0282605 -0.177975 -0.101155
0.478117 0.394763 0.0901555 0.0429185 -0.0484347 -0.0192017 0.479926 0.395513 0.0663578 0.0453212 -0.0543935 -0.0213093
0.373386 0.286068 0.0687494 -0.0592008 -0.155324 -0.0468283 0.368842 0.268246 0.0484922 -0.0536593 -0.157825 -0.0391619
0.486487 0.292263 -0.164149 -0.0529618 -0.318451 -0.0109788 0.485896 0.275242 -0.177986 -0.0542687 -0.317097 -0.0101925
0.279362 0.317427 0.101593 0.0396223 -0.235525 0.0224022 0.279552 0.307872 0.0835731 0.0350448 -0.238452 0.0230955
0.420089 0.391374 -0.0289235 -0.0283487 -0.209646 0.0484355 0.412057 0.388187 -0.0380921 -0.0283776 -0.205487 0.0472235
0.281427 0.180267 -0.260762 0.00879763 -0.123881 0.0171941 0.282531 0.177741 -0.271968 0.00275221 -0.120834 0.0108578
0.452146 0.455924 0.0965347 0.0790081 -0.13084 0.0687102 0.452866 0.435965 0.0807268 0.0850911 -0.134932 0.0663697
0.172592 0.2795 -0.31092 0.0350356 -0.0171865 -0.116104 0.166084 0.271815 -0.337655 0.0359773 -0.0203545 -0.118689
0.316806 0.343 -0.12571 -0.0245294 -0.102807 -0.0362581 0.328957 0.329643 -0.148426 -0.0177614 -0.100594 -0.0335652
0.511042 0.368153 0.299081 -0.0491999 -0.18022 -0.000671164 0.496423 0.357226 0.281339 -0.0541309 -0.185668 -0.00190683
0.31919 0.265271 -0.24213 -0.0226178 -0.2061 0.187618 0.304976 0.253671 -0.264595 -0.023105 -0.211554 0.183424
0.301071 0.260342 -0.183666 0.0632143 -0.189306 0.160307 0.288571 0.246502 -0.196885 0.057166 -0.192124 0.160009
0.401329 0.275371 0.0396592 0.0912081 -0.205874 0.406635 0.389028 0.262794 0.0332244 0.0956898 -0.204747 0.408638
0.423454 0.511975 0.247227 -0.0227429 -0.21418 0.27345 0.413069 0.489702 0.238817 -0.0262466 -0.210601 0.276749
0.456742 0.415018 -0.0352046 -0.0336342 -0.0985249 0.287743 0.461875 0.408484 -0.0467392 -0.0296376 -0.103923 0.287374
0.265381 0.389085 -0.0938549 0.0188188 -0.069676 0.208243 0.263435 0.386417 -0.112106 0.0226106 -0.0677276 0.207106
0.246605 0.284542 -0.556506 0.0924159 -0.130401 0.111663 0.242429 0.285668 -0.562197 0.0841758 -0.127477 0.116325
0.459182 0.438935 0.231386 -0.0741897 -0.118204 0.0324679 0.444648 0.42311 0.210677 -0.0687583 -0.124297 0.0340313
0.361186 0.243056 -0.0839009 -0.0116117 0.0334678 0.00252015 0.359304 0.245135 -0.0781236 -0.00793916 0.0322314 0.003864
0.272749 0.305796 -0.362295 -0.0309292 0.0406353 -0.048523 0.263232 0.293649 -0.365157 -0.0229396 0.0385344 -0.0502781
0.523943 0.376613 0.117483 -0.0171917 0.0503907 -0.0522347 0.532456 0.374214 0.11002 -0.0158797 0.049703 -0.0519846
0.389248 0.282503 0.0628691 0.0158887 0.0796284 0.0217311 0.394022 0.269607 0.052594 0.0133317 0.0789501 0.018425
0.21373 0.256173 -0.412212 0.0521613 0.0591193 0.183028 0.209799 0.246707 -0.43413 0.0532016 0.054019 0.188024
0.385871 0.32477 -0.0235205 -0.0861036 0.00698943 0.318346 0.373161 0.315793 -0.0432403 -0.0893873 0.00909291 0.314212
0.38869 0.437208 0.25324 0.00282565 -0.00113996 0.269908 0.390167 0.425183 0.239074 -0.000539113 -0.0048251 0.274177
0.256721 0.230211 -0.397716 0.00608027 -0.141693 0.134996 0.238878 0.229788 -0.40979 0.00885237 -0.145193 0.135185
0.372531 0.327822 -0.053175 -0.000159668 -0.189336 0.130287 0.373145 0.311509 -0.0561066 -0.00138449 -0.191575 0.132022
0.284526 0.346505 -0.0356682 -0.0461006 -0.201991 0.0432583 0.274479 0.341938 -0.0529247 -0.0544337 -0.198024 0.0458205
0.368877 0.222219 -0.173514 0.0307958 -0.305076 0.142211 0.375977 0.217056 -0.17971 0.0305767 -0.302684 0.13656
0.301836 0.431811 0.0381495 0.0255238 -0.223893 0.288764 0.29915 0.41793 0.0220288 0.0239926 -0.221243 0.283823
0.180811 0.386858 -0.261292 -0.0244442 -0.200706 0.194501 0.174713 0.387317 -0.274614 -0.0250751 -0.202095 0.198723
0.348544 0.428323 0.102406 0.0370751 -0.230726 0.092246 0.343686 0.421244 0.0930579 0.0315836 -0.23287 0.0893586
0.396894 0.311931 -0.202989 -0.0487083 -0.0877793 0.261436 0.38967 0.31904 -0.215695 -0.0548392 -0.0807988 0.263565
0.351903 0.227488 -0.0257903 0.0749443 -0.0934965 0.254771 0.35312 0.216505 -0.0388746 0.0824193 -0.0953004 0.255401
0.244972 0.345022 -0.253025 0.0558472 -0.137879 0.250419 0.241164 0.342715 -0.287457 0.0519724 -0.130593 0.249695
0.210742 0.371416 -0.169458 -0.0804315 0.0326793 0.133072 0.21417 0.361255 -0.190467 -0.0812334 0.0313413 0.137264
0.0290566 -1.69643 -0.657629 -0.477184 1.90713 0.32275 0.0398022 -1.70276 -0.658234 -0.479317 1.93137 0.327038
2.31779 4.08889 1.19532 1.03005 3.28444 1.05883 2.32036 4.10918 1.2131 1.01555 3.27687 1.03307
-0.738051 -1.67193 -0.485651 -1.2709 0.879678 0.702953 -0.724844 -1.68925 -0.481308 -1.26182 0.888298 0.720423
-1.74873 -1.76919 -0.724875 -1.50267 0.350102 0.421148 -1.71614 -1.78076 -0.71434 -1.48449 0.338417 0.417604
-1.52544 0.594229 -0.286628 -2.14344 1.42563 -1.17743 -1.54611 0.595178 -0.263648 -2.08971 1.41581 -1.16759
0.378665 -0.234437 -0.0697898 1.29947 -1.00423 -0.704881 0.388236 -0.239818 -0.0820249 1.31734 -1.01314 -0.719721
1.17342 0.943891 -0.00160985 -0.278704 -1.66914 -0.584469 1.15713 0.94998 -0.0198785 -0.291069 -1.66025 -0.576409
1.77469 1.21729 1.03417 1.58785 -1.83618 -1.18477 1.76291 1.1894 1.01181 1.61254 -1.835 -1.20222
3.4062 6.53106 2.16831 0.0872086 2.36803 1.16891 3.42022 6.53125 2.14579 0.110875 2.35532 1.12782
3.25635 5.01118 1.59373 2.69692 0.488156 -1.12457 3.28981 4.94714 1.59178 2.6731 0.469374 -1.09891
5.65028 8.76483 3.42029 1.15852 1.51187 1.1439 5.62575 8.67238 3.41442 1.13906 1.49561 1.12906
-0.322833 1.36726 0.154856 -2.06346 -0.615286 -1.18994 -0.314864 1.35797 0.176521 -2.03579 -0.618654 -1.17164
3.95899 2.5387 1.20986 0.894222 -1.91953 -0.118297 3.95888 2.56367 1.20401 0.891138 -1.9038 -0.114234
2.3839 -1.54277 0.265162 0.53814 1.04462 -0.909016 2.38417 -1.54049 0.244129 0.545834 1.03339 -0.907789
3.53404 0.967193 1.40964 2.867 -1.50242 -2.64625 3.55319 0.935123 1.38887 2.91068 -1.5179 -2.66316
-0.294937 0.0906225 -0.0350458 -1.34976 -1.25111 -0.821941 -0.295705 0.07376 -0.0245847 -1.35724 -1.25362 -0.818098
-0.740775 -1.63389 -0.976038 0.331049 -0.696777 0.0112742 -0.726175 -1.61015 -0.990581 0.333613 -0.703233 0.0133076
-0.400844 1.73345 0.464099 0.347965 -1.76014 -0.555112 -0.366124 1.72872 0.49324 0.346422 -1.75081 -0.558281
1.26232 0.375951 0.307396 0.757053 0.211532 -1.67649 1.2666 0.358489 0.311946 0.767582 0.194857 -1.67983
-0.910515 2.33237 0.0334568 0.974603 0.081669 -0.629789 -0.909311 2.34326 0.0219093 0.954209 0.0843018 -0.612638
2.87866 3.01783 1.58609 1.23638 -1.94604 -0.687348 2.89537 3.02562 1.58976 1.25426 -1.94004 -0.699315
-0.901809 2.67692 0.436595 0.882115 -0.387284 -1.11892 -0.870825 2.67167 0.44986 0.856439 -0.38561 -1.1107
-1.19276 2.8897 0.367569 1.17498 0.733595 -0.632691 -1.1916 2.88925 0.351547 1.15049 0.733286 -0.607412
0.348539 1.7215 0.540549 0.458537 0.671557 -1.65843 0.32587 1.69535 0.553311 0.43238 0.670504 -1.65704
2.36608 -0.740102 0.491163 -0.994084 1.68273 1.88494 2.36587 -0.805874 0.45875 -0.997406 1.69125 1.89369
-0.142907 1.68542 0.420543 -0.519901 0.76989 -1.38875 -0.155082 1.65534 0.416623 -0.507885 0.763455 -1.38224
-0.0840998 0.476704 0.34978 -1.62647 1.34755 1.38166 -0.0692465 0.418167 0.329023 -1.5882 1.33734 1.35743
3.89653 0.884095 0.708057 -0.225369 -1.35624 0.0469801 3.88373 0.885311 0.679678 -0.219316 -1.33764 0.0422027
0.485988 1.27585 0.285723 -2.44789 -0.62222 0.189551 0.504092 1.28977 0.268175 -2.45807 -0.637958 0.190888
2.07985 0.201343 0.14995 -0.148832 0.20519 0.808813 2.08834 0.186338 0.126724 -0.152048 0.214216 0.818535
0.892542 3.70514 1.13934 2.0752 1.38025 1.58198 0.906921 3.71729 1.14902 2.03273 1.36593 1.5568
-1.23564 1.03823 -0.332851 0.738577 -0.14747 -0.700668 -1.20973 1.03633 -0.346384 0.73102 -0.148895 -0.695721
-0.365526 -3.16047 -0.773932 -1.03682 1.90794 0.121749 -0.369645 -3.22711 -0.763256 -1.01014 1.95485 0.138321
-0.779819 -1.57175 -0.607296 -1.48453 0.686376 -1.27645 -0.774198 -1.56046 -0.582192 -1.44233 0.668998 -1.2615
4.7497 2.38357 1.92732 3.13794 -2.49002 -1.74918 4.73161 2.38654 1.92295 3.17431 -2.48285 -1.79014
-1.90728 1.02637 -0.724777 -2.3083 0.154817 -0.786406 -1.8891 0.998782 -0.70831 -2.26669 0.142319 -0.781989
-0.827234 1.11767 -0.490746 -0.957822 -0.139188 -1.20801 -0.853024 1.11475 -0.478628 -0.957048 -0.133377 -1.19921
2.46445 -3.68692 -0.105554 -0.387963 2.03885 0.732739 2.41778 -3.79118 -0.125172 -0.392393 2.09239 0.741769
1.79895 2.37729 0.452084 -0.493868 1.3899 -0.414357 1.79424 2.39551 0.447017 -0.494045 1.38693 -0.414525
5.92373 4.7464 3.25154 5.20116 -4.12285 -3.59831 5.88966 4.60274 3.21613 5.21798 -4.09748 -3.65097
-0.572956 -1.16311 -0.19139 -0.0950858 -2.07475 -1.57113 -0.667866 -1.1376 -0.207492 -0.110807 -2.11382 -1.63271
-1.942 -0.951167 -0.584036 -0.983194 1.24966 -1.28703 -1.97782 -0.947108 -0.575959 -0.976961 1.26248 -1.30674
1.17466 -3.06698 -0.557542 -0.989365 1.18106 -0.924201 1.1503 -3.06121 -0.543231 -0.954897 1.19687 -0.89617
-2.00683 -2.05758 -0.970873 -1.43254 0.50145 0.525131 -1.99191 -2.0822 -0.966348 -1.42759 0.49483 0.528765
0.13027 0.344437 -0.673403 -0.0830576 0.149433 0.132505 0.123893 0.327297 -0.695836 -0.102546 0.144552 0.132975
0.322212 0.437523 -0.125362 0.0571999 0.198099 0.100916 0.318038 0.432663 -0.141116 0.0602779 0.193173 0.0991095
0.556972 0.476932 0.237714 0.13209 0.134716 0.00754421 0.548949 0.473125 0.224014 0.131909 0.13206 0.00882125
0.257914 0.184399 -0.623316 0.0267456 -0.0160064 -0.243024 0.261192 0.185422 -0.632207 0.0297037 -0.0135596 -0.23764
0.544969 0.46607 0.119135 0.0836162 0.0567926 -0.367844 0.534692 0.471852 0.113458 0.0701872 0.0584865 -0.370147
0.464552 0.547608 0.140226 0.0346646 0.234736 -0.25625 0.459377 0.554526 0.14255 0.0282856 0.233894 -0.260699
0.49766 0.319879 -0.0915043 0.0505238 0.144212 -0.392433 0.500259 0.310287 -0.105977 0.0421274 0.145126 -0.397526
0.432968 0.370924 -0.146866 -0.0628651 -0.0060397 -0.0154573 0.443912 0.360261 -0.168168 -0.0691918 0.00798636 -0.0139995
0.388261 0.385496 0.0543215 -0.0538349 -0.12599 -0.171074 0.3708 0.373177 0.0418442 -0.0551735 -0.134493 -0.169875
0.228276 0.0635042 -0.68014 0.0253375 -0.0413607 -0.179247 0.236942 0.060809 -0.702682 0.0193137 -0.0374055 -0.175703
0.423768 0.359358 -0.181542 -0.0205151 -0.116243 -0.120834 0.428245 0.369235 -0.207224 -0.0122178 -0.11309 -0.109179
0.426786 0.626942 0.190578 0.116882 0.0197251 -0.120572 0.416253 0.629865 0.180484 0.113691 0.017747 -0.128808
0.334218 0.413114 -0.288323 -0.0188482 0.0926703 -0.0903423 0.347674 0.411459 -0.287254 -0.0192745 0.0940449 -0.0905211
0.423441 0.207158 -0.193436 -0.0271044 0.0137429 -0.146965 0.421835 0.200816 -0.203528 -0.0231948 0.0105424 -0.14719
0.213689 0.347963 -0.414649 0.056872 -0.12732 -0.101358 0.229017 0.339395 -0.435888 0.0683671 -0.124397 -0.0972516
0.50898 0.345022 -0.216694 -0.0505412 -0.00199561 0.0592697 0.495088 0.345705 -0.219252 -0.053481 -0.00577816 0.0566796
0.362825 0.337309 -0.122961 0.120839 0.168413 0.0348136 0.361197 0.350236 -0.131715 0.125351 0.169339 0.0320266
0.432547 0.380832 -0.117942 0.167068 0.0621687 0.0526102 0.425948 0.38524 -0.140523 0.159597 0.0599339 0.0562562
0.386736 0.397521 -0.126402 -0.020643 0.106594 0.0998674 0.392365 0.399291 -0.135884 -0.0293083 0.107789 0.0909392
0.472188 0.461257 0.0514605 -0.148204 0.146625 0.0386498 0.461128 0.460392 0.0327209 -0.14239 0.146539 0.0404213
0.237487 0.241521 -0.602762 0.0411224 0.0959834 0.0592755 0.241551 0.242578 -0.613479 0.0278829 0.0991364 0.0605842
0.310425 0.364271 -0.238983 0.119451 0.0784379 -0.0886767 0.313611 0.365012 -0.250742 0.116756 0.0767342 -0.0895152
0.3212 0.239636 -0.11042 0.0369271 -0.0479471 0.149198 0.325454 0.246802 -0.130741 0.0312539 -0.0500606 0.151294
0.453916 0.505845 -0.00642457 -0.191167 -0.0829142 0.213067 0.470156 0.494811 -0.0142921 -0.200695 -0.0801318 0.216901
0.296719 0.595777 -0.161084 -0.0862527 0.101824 0.0356334 0.289913 0.585718 -0.187458 -0.0820742 0.109961 0.0430756
0.568859 0.544536 0.271203 0.0427786 0.0136758 0.0602999 0.554855 0.550521 0.242695 0.0508819 0.00445835 0.0612824
0.38405 0.294206 -0.0552765 0.143918 0.0571621 0.00664877 0.398264 0.298783 -0.055578 0.141156 0.0583155 0.000783498
0.233005 0.241552 -0.765319 0.0122349 -0.170097 0.333828 0.241691 0.250943 -0.799993 0.00955755 -0.162703 0.341375
0.400469 0.411488 0.171283 -0.16892 -0.168087 0.236605 0.399291 0.400132 0.169534 -0.177917 -0.163588 0.242749
0.373375 0.375697 -0.152723 -0.0248305 -0.250645 0.0604893 0.360829 0.355866 -0.169173 -0.0238769 -0.249507 0.063578
0.285357 0.144202 -0.695038 0.0835191 -0.243801 0.00735464 0.29983 0.146572 -0.704964 0.0761433 -0.243804 0.0067529
0.398073 0.521215 0.352125 -0.0403488 -0.0903871 0.0197977 0.394907 0.518541 0.330662 -0.0316035 -0.0851838 0.0212404
0.398743 0.426935 -0.062339 -0.0423796 -0.28501 0.0786046 0.388135 0.430667 -0.0747452 -0.0459554 -0.280265 0.0820736
0.251149 0.352912 -0.438412 -0.0539245 -0.18719 0.224449 0.264411 0.349668 -0.457961 -0.0561972 -0.191789 0.227074
0.563205 0.595029 0.429976 -0.023223 -0.359416 0.0525729 0.556872 0.589855 0.399697 -0.0305543 -0.355648 0.058132
0.328017 0.269534 -0.183329 0.0246817 -0.192327 0.106989 0.318274 0.263916 -0.217327 0.0381924 -0.191322 0.106554
0.240466 0.151664 -0.892945 0.0105446 -0.201292 0.0183825 0.236783 0.130578 -0.924764 0.0181634 -0.189784 0.0206908
0.386139 0.493996 0.2241 -0.0525814 -0.284843 0.146392 0.364463 0.482138 0.200462 -0.0552196 -0.283439 0.146201
0.391532 0.43597 -0.0789248 -0.0741433 -0.244109 0.138556 0.382212 0.442346 -0.0901938 -0.0784858 -0.237563 0.132611
0.279109 0.379057 -0.370233 0.012857 -0.215891 0.0922629 0.264953 0.394991 -0.382872 0.0242293 -0.217582 0.0946032
0.418618 0.520626 0.136743 0.0240468 -0.133315 0.0901238 0.419076 0.513023 0.134358 0.039878 -0.134584 0.0868361
0.355898 0.331346 -0.264826 0.0381029 -0.143721 0.00540179 0.361933 0.320169 -0.283588 0.0342834 -0.14513 0.00744725
0.372441 0.327011 -0.207201 -0.0946393 -0.173496 0.114432 0.375762 0.319581 -0.204699 -0.0949458 -0.167319 0.112579
0.460806 0.468959 0.181067 -0.0200949 -0.206329 0.256769 0.464636 0.460601 0.17194 -0.0194259 -0.206785 0.246826
0.523689 0.460382 -0.256482 -0.0311954 -0.313018 0.201316 0.527663 0.460161 -0.27287 -0.0421225 -0.319589 0.198742
0.368611 0.437931 -0.175885 0.0826192 -0.125594 -0.0816803 0.384548 0.446152 -0.190201 0.0796629 -0.120429 -0.0923831
0.373745 0.387077 -0.0124452 -0.0204494 -0.223489 0.0226221 0.376448 0.375809 -0.0352242 -0.0198755 -0.222307 0.0194553
0.303692 0.266474 -0.472914 -0.0834959 -0.175596 -0.0240975 0.30953 0.262812 -0.495394 -0.082433 -0.173899 -0.0254422
0.313881 0.319057 -0.202069 0.0144968 -0.119281 -0.158395 0.296347 0.324769 -0.209443 0.0257317 -0.119873 -0.168954
0.6728 0.498422 0.251601 0.0912146 -0.135217 -0.208574 0.667342 0.511471 0.218241 0.0969181 -0.145804 -0.2002
0.355679 0.387426 -0.277456 0.0452618 -0.286347 -0.147133 0.356718 0.38736 -0.292745 0.0369583 -0.282806 -0.141967
-0.461828 -0.273728 0.125816 0.284989 -1.56303 -0.714648 -0.483283 -0.289087 0.126296 0.294302 -1.57072 -0.734163
-2.24151 -2.73278 -1.15625 -1.43473 -0.601048 -0.534358 -2.24565 -2.71562 -1.13479 -1.45258 -0.639769 -0.536458
-1.57898 -0.440705 -0.80526 -0.897616 1.1035 -0.792097 -1.577 -0.419933 -0.791303 -0.894698 1.11288 -0.793721
-1.20694 1.2016 0.168582 -0.581493 0.685885 1.13315 -1.21822 1.20721 0.168517 -0.557694 0.683558 1.12564
2.91296 5.35898 1.87082 1.99317 3.1482 0.102645 2.9463 5.33619 1.87457 1.94706 3.1305 0.0937267
0.423692 2.26693 0.0776018 0.0978405 0.745148 0.582262 0.415984 2.27942 0.0576144 0.095632 0.765715 0.574559
0.539316 0.550563 0.0454426 0.269574 -1.82363 -0.523569 0.518499 0.531237 0.0377887 0.268916 -1.82289 -0.534698
1.72029 -0.963586 0.121482 -0.545337 1.34624 -0.743127 1.71059 -0.959168 0.127061 -0.53073 1.34586 -0.73314
2.85716 4.3912 1.28393 0.387195 1.57984 0.0511392 2.87418 4.40027 1.26304 0.384309 1.58648 0.0454396
-0.574864 0.305978 -0.275376 -0.925257 1.66274 0.444892 -0.574648 0.317598 -0.279838 -0.903741 1.67695 0.443099
2.0049 4.70479 1.86978 -0.768259 -0.854053 2.62557 2.05495 4.71025 1.84358 -0.736555 -0.869265 2.60979
2.91012 3.98529 1.30029 0.321032 -1.01239 1.45486 2.93328 4.03048 1.31471 0.315158 -1.01492 1.45567
4.27319 5.21721 1.94929 0.755687 -1.0995 2.45282 4.32176 5.22097 1.94865 0.737414 -1.1139 2.46016
-1.89499 -0.0837161 -0.288147 -2.14094 0.888302 -0.594059 -1.90246 -0.0576166 -0.253785 -2.09494 0.871253 -0.583759
2.82813 -2.82014 -0.571865 -0.838824 0.617747 1.40207 2.8383 -2.84638 -0.596667 -0.88092 0.613487 1.41569
-1.0753 2.34255 0.292558 0.255444 0.342385 -0.863866 -1.06127 2.38793 0.290711 0.252428 0.347529 -0.850568
4.61729 5.6124 2.64141 -0.300857 2.25845 -0.322672 4.64873 5.61608 2.63441 -0.294024 2.26802 -0.322305
1.28405 -0.446045 -0.373119 -1.01973 -1.36343 0.853651 1.28249 -0.438201 -0.37262 -1.03266 -1.36767 0.878039
2.02908 -1.31186 0.463065 -0.421484 -0.946833 2.03615 2.01635 -1.28973 0.451889 -0.444464 -0.937174 2.04218
4.19812 3.00518 2.13614 1.11552 -3.15988 -0.661688 4.19218 3.03026 2.16037 1.11785 -3.13332 -0.670562
0.25315 -3.29594 -0.775638 -0.252221 2.17765 0.777265 0.245138 -3.40051 -0.800289 -0.250623 2.25119 0.808584
1.09536 0.68433 0.0586808 -0.942612 -1.577 -1.1342 1.0902 0.678587 0.0248364 -0.94464 -1.56519 -1.13093
0.417108 2.55791 0.795408 -1.53097 0.365903 -1.07743 0.418419 2.54211 0.797473 -1.52169 0.372348 -1.0729
0.356535 5.81525 1.08738 0.293896 0.94473 1.60696 0.364185 5.81725 1.08896 0.297685 0.955968 1.56547
0.849302 6.2588 1.40201 0.0984711 3.22513 -0.364938 0.808013 6.24089 1.37395 0.097431 3.25146 -0.346966
2.98196 4.96698 0.996897 1.76003 -0.500505 0.615411 2.95645 4.96324 1.00624 1.733 -0.502985 0.617976
-1.30176 -0.00987405 -0.493471 -0.0230404 -0.643317 -1.46116 -1.28895 -0.0145442 -0.488115 -0.0272332 -0.652427 -1.46795
3.65784 0.279349 0.745187 1.18641 -0.593161 -2.20155 3.68324 0.264997 0.723272 1.20585 -0.59471 -2.21145
2.31833 -0.530213 -0.158581 0.299453 1.48983 -0.673094 2.32007 -0.512487 -0.157822 0.287219 1.4776 -0.676671
3.11399 5.35855 1.68101 2.12973 -1.6813 -2.02494 3.15491 5.34323 1.70125 2.09497 -1.67074 -2.01812
0.331259 -0.573887 -0.287731 -0.738557 0.327433 0.15858 0.32297 -0.568071 -0.277152 -0.736574 0.321158 0.156962
2.92429 3.12043 1.25198 0.473949 0.148953 0.295729 2.9647 3.14455 1.26074 0.467589 0.157547 0.298431
1.32235 1.96132 0.66201 0.843687 -0.199373 0.746582 1.34154 1.97154 0.640399 0.834878 -0.203804 0.737526
-0.101612 -0.0913148 0.212848 1.05786 -2.60725 -1.41825 -0.0883846 -0.121968 0.187452 1.07596 -2.62902 -1.45007
1.64634 4.04312 1.6488 2.34764 -2.47962 -1.484 1.69021 3.99398 1.65017 2.34497 -2.44418 -1.48866
1.54603 2.73453 0.526711 -1.41999 0.353973 1.47784 1.57137 2.70531 0.503145 -1.4048 0.349271 1.46588
-1.54277 -3.92938 -0.896634 -1.2687 1.18479 -1.16766 -1.5594 -3.96573 -0.862017 -1.24688 1.20834 -1.16504
2.88155 4.47845 0.983823 -0.675668 1.82957 -1.07976 2.89483 4.48228 0.994321 -0.670207 1.82314 -1.06399
4.52409 10.6458 4.46855 2.19437 4.37251 -0.197679 4.54991 10.5149 4.48178 2.10127 4.36689 -0.197997
2.08005 0.0364093 0.0965219 -0.225239 -1.01742 -0.559544 2.06551 0.0590901 0.0785329 -0.217267 -1.01439 -0.553791
-2.24375 -1.23893 -1.01114 -0.730554 -0.463775 -0.93588 -2.23762 -1.22666 -0.995608 -0.73612 -0.466131 -0.952034
1.46265 2.51414 0.982644 -1.38847 0.243848 1.40936 1.46376 2.51397 0.958899 -1.38511 0.230582 1.4079
-1.87364 -1.98367 -1.18633 -1.766 0.274362 -0.438421 -1.85264 -1.96826 -1.16641 -1.73802 0.258747 -0.431102
4.23036 -0.117052 1.02763 0.935307 -1.55167 -2.21987 4.20148 -0.0883796 0.994346 0.958983 -1.52623 -2.24446
0.422415 0.336903 -0.471715 0.0206264 -0.266154 0.151967 0.424262 0.310142 -0.502754 0.0203772 -0.250677 0.154592
0.694069 0.672032 0.309563 -0.0283513 -0.206621 0.0226389 0.688979 0.671042 0.2991 -0.0350392 -0.205844 0.0227935
0.479674 0.322009 -0.125801 -0.0192364 -0.377186 -0.150317 0.474808 0.314966 -0.136073 -0.0183879 -0.377882 -0.157307
0.460618 0.491057 -0.266738 -0.00801314 -0.208262 0.115107 0.475099 0.504918 -0.284516 0.00188305 -0.196106 0.120463
0.494142 0.623287 0.150094 0.0772046 -0.400325 -0.0223687 0.50107 0.642816 0.155951 0.0800035 -0.390426 -0.0205402
0.485398 0.382642 -0.181911 -0.0149569 -0.296598 -0.137751 0.48709 0.399263 -0.204726 -0.0165118 -0.285043 -0.14298
0.293032 0.399153 -0.311836 -0.144738 -0.352585 0.0940448 0.295998 0.403833 -0.326207 -0.153364 -0.34398 0.0938005
0.284153 0.481839 -0.37534 0.0377418 -0.00913138 0.130746 0.288409 0.492559 -0.379718 0.0322681 -0.00926667 0.123764
0.469897 0.373756 -0.240321 0.028526 -0.156871 0.188699 0.458841 0.377115 -0.250971 0.0269417 -0.162308 0.195824
0.590083 0.383414 0.0394941 -0.127428 -0.323346 0.373116 0.591951 0.383476 0.0168989 -0.132262 -0.319925 0.373011
0.485857 0.55156 -0.0781853 -0.0279675 -0.228585 0.433423 0.499347 0.559135 -0.0739743 -0.0143253 -0.223857 0.439636
0.593446 0.526944 0.000846195 0.128866 -0.153213 0.191833 0.599482 0.523273 -0.0310057 0.136717 -0.146911 0.18903
0.72993 0.375507 0.243833 -0.136171 -0.315172 0.0972725 0.731874 0.384783 0.232312 -0.130003 -0.314428 0.0877182
0.293774 0.316353 -0.764793 0.0234401 -0.271367 -0.250958 0.285152 0.325936 -0.786918 0.0298463 -0.279073 -0.251797
0.512402 0.395036 0.202629 0.0711386 -0.299349 -0.074602 0.513436 0.409083 0.190426 0.0798566 -0.296203 -0.0766198
0.598875 0.616888 0.140669 0.124242 -0.0502218 0.0801184 0.592293 0.608325 0.126472 0.118159 -0.053839 0.0757738
0.17862 0.193099 -0.811535 -0.0504752 0.150811 0.108326 0.178284 0.190768 -0.827817 -0.0553853 0.156508 0.103693
0.605747 0.521373 0.131552 -0.147327 -0.109296 0.106067 0.605207 0.514726 0.11702 -0.14746 -0.115709 0.107168
0.501527 0.476193 -0.117244 0.0700061 -0.0287957 -0.0240769 0.487816 0.477008 -0.119249 0.0726307 -0.0332237 -0.0182666
0.383546 0.217091 -0.55262 0.00560918 0.0744178 0.0207136 0.401406 0.222966 -0.581122 0.00937085 0.0670088 0.0163391
0.634036 0.653865 0.204218 0.0217002 -0.0297742 -0.174133 0.649691 0.666844 0.176765 0.0213114 -0.0257023 -0.171918
0.396103 0.418468 -0.159854 0.0538685 -0.0443361 -0.0865702 0.367248 0.425196 -0.198127 0.0619064 -0.0437021 -0.0947063
0.345119 0.56465 -0.368011 0.0545502 -0.0210038 -0.105644 0.339391 0.583251 -0.399669 0.0640839 -0.0233763 -0.108397
0.392667 0.187916 -0.176557 -0.0983146 0.0264438 -0.0164585 0.403783 0.193997 -0.192593 -0.0948787 0.0296376 -0.0192172
0.435522 0.304429 -0.562496 -0.14012 -0.00728434 0.0584143 0.446505 0.316708 -0.583748 -0.139052 -0.00749829 0.0585249
0.125454 0.230179 -0.70415 -0.0268284 0.0542051 0.0996971 0.141777 0.230604 -0.724094 -0.0294901 0.0526922 0.102003
0.40503 0.570582 -0.097591 0.135276 0.0736321 0.0800858 0.401011 0.582714 -0.121375 0.139264 0.0890537 0.0790833
0.495134 0.426552 -0.258657 0.00837326 0.109706 0.149356 0.487399 0.438799 -0.277082 0.00929848 0.113843 0.152892
0.464836 0.314588 -0.162371 -0.00653873 0.109498 0.0322735 0.478744 0.321655 -0.166255 -1.67817e-05 0.103563 0.0317095
0.400086 0.327018 -0.276828 0.0289933 0.194719 0.0888205 0.403757 0.331018 -0.282208 0.0229078 0.187415 0.083564
0.464018 0.453851 -0.321788 -0.0233988 0.0845339 -0.095986 0.459452 0.459917 -0.334165 -0.0324132 0.0959098 -0.0915675
0.482923 0.516477 -0.0512317 -0.0256538 0.0346345 -0.0660203 0.48059 0.503747 -0.0756489 -0.0265085 0.0316609 -0.0574058
0.455146 0.449666 -0.192458 -0.0229092 0.0419622 -0.0413661 0.459364 0.458057 -0.208203 -0.0283269 0.0476416 -0.0409562
0.238613 0.405913 -0.361975 0.0166677 0.18791 -0.000897008 0.230744 0.414954 -0.366369 0.0240213 0.177655 -0.0004594
0.430561 0.519062 0.0746004 0.00745481 -0.0314832 0.0794289 0.408443 0.504614 0.0503333 0.0102106 -0.0303456 0.0760737
0.322615 0.352521 -0.350657 0.0109834 -0.0140342 -0.229885 0.316697 0.347178 -0.364066 0.0030354 -0.019271 -0.230671
0.645308 0.506122 -0.238306 0.0463943 0.0750546 -0.140698 0.650035 0.517263 -0.248781 0.0370828 0.0761737 -0.14723
0.48198 0.504698 0.0954434 -0.0369377 0.120198 -0.095498 0.483863 0.509635 0.057524 -0.0345893 0.112082 -0.0904987
0.525109 0.451494 -0.164017 -0.0441233 0.0237391 0.0869209 0.520215 0.435179 -0.184984 -0.0284195 0.024944 0.094127
0.484395 0.29023 -0.577469 -0.0651004 0.0406159 0.0955063 0.48414 0.308576 -0.573101 -0.0480741 0.0412492 0.101518
0.344733 0.508686 0.184148 -0.0191579 0.0933339 -0.236045 0.345634 0.517581 0.166058 -0.0209422 0.0900096 -0.235843
0.295666 0.356206 -0.62575 -0.00864507 -0.288309 -0.138938 0.293193 0.367458 -0.640247 -0.013273 -0.297824 -0.149892
0.444494 0.342651 -0.227287 -0.0179325 -0.0369422 -0.193974 0.468217 0.352638 -0.24114 -0.0264868 -0.0287401 -0.185107
0.429289 0.342068 -0.202481 0.0400159 0.0647385 -0.231032 0.421367 0.339551 -0.216828 0.0363975 0.0623326 -0.222285
0.236037 0.281354 -0.362657 -0.0903333 0.100388 -0.216826 0.230749 0.306016 -0.37106 -0.0954287 0.0961237 -0.219584
0.54055 0.704583 0.162799 -0.0170648 0.208953 -0.0436025 0.556371 0.703326 0.15114 -0.0158395 0.216296 -0.051234
0.302596 0.395085 -0.181744 0.0537919 0.291318 0.103491 0.309303 0.40021 -0.196939 0.0625046 0.293998 0.106011
0.451526 0.513251 -0.285241 0.00468057 0.314009 0.12511 0.466908 0.509797 -0.282888 0.0120822 0.314636 0.133203
0.384592 0.409487 -0.0352844 -0.000124662 0.235341 0.240321 0.374767 0.412973 -0.0644447 -0.00302875 0.229511 0.239167
0.382462 0.463076 -0.213108 0.0188442 0.274178 0.351203 0.362556 0.439357 -0.228403 0.0293002 0.283142 0.346385
0.517871 0.562926 0.10197 0.0524339 0.170305 0.280998 0.523298 0.591611 0.0898533 0.0564062 0.173978 0.264942
0.444703 3.51686 0.787627 0.609796 -2.35052 -1.67002 0.512674 3.43324 0.785345 0.595399 -2.30842 -1.68404
-1.51913 1.3931 -0.125756 1.64498 -0.118748 0.084233 -1.52403 1.40261 -0.123835 1.64026 -0.111603 0.0894429
1.50193 1.8352 0.0827403 -2.158 -1.19096 0.533514 1.515 1.8034 0.072387 -2.152 -1.20752 0.557121
2.04745 -1.82629 0.283585 -0.534382 -1.33229 1.50958 1.99364 -1.82856 0.29309 -0.536236 -1.32113 1.53126
2.76272 1.35442 0.614917 2.17841 -0.198071 -1.76542 2.80965 1.33885 0.612224 2.21271 -0.237392 -1.77735
1.34762 -2.99019 -0.118151 -0.621375 0.86723 -0.0834064 1.30708 -3.00254 -0.145977 -0.605233 0.891271 -0.069043
-1.66023 -1.27709 -0.774076 -0.3638 0.869189 -1.01596 -1.66523 -1.25527 -0.757278 -0.35794 0.878759 -1.02936
-0.160097 4.13892 -0.0457375 1.42585 -0.412397 -0.753492 -0.104193 4.11336 -0.0296321 1.39089 -0.391995 -0.736129
-0.170335 -3.49679 -0.907444 -0.951151 0.929409 -0.496645 -0.200434 -3.51663 -0.887653 -0.916358 0.934987 -0.471665
1.44656 5.51216 1.66284 0.0695469 -0.164541 0.684823 1.49298 5.53036 1.63869 0.067953 -0.156001 0.679494
-0.383807 2.96758 -0.0359953 1.5519 0.708052 -1.12226 -0.375304 2.95473 -0.0594884 1.51075 0.712736 -1.09962
-0.794822 -2.39449 -0.848491 -0.963188 -0.545384 -0.628309 -0.795758 -2.37043 -0.848463 -0.960665 -0.552596 -0.607674
-1.80873 -0.942567 -0.228286 0.899835 -1.22956 0.0740565 -1.78821 -0.927327 -0.202985 0.910728 -1.23786 0.0703655
3.81886 6.21752 2.16538 1.67157 -0.865244 2.55278 3.81433 6.0946 2.16995 1.59263 -0.86598 2.51878
2.90245 2.20475 1.13344 2.29726 2.04684 0.491831 2.9666 2.26582 1.209 2.21707 1.99415 0.452438
-0.0864767 0.239762 0.334512 -0.028916 2.17981 1.38545 -0.124765 0.20354 0.323973 -0.0103416 2.20197 1.39099
2.01288 1.49057 0.791775 -0.778152 -0.147002 -0.199826 2.03409 1.4943 0.775828 -0.771337 -0.147109 -0.199296
-1.70175 -0.732206 -1.0627 1.01336 -1.20073 -0.0301766 -1.67342 -0.776347 -1.07016 1.01686 -1.2189 -0.0379404
-1.20683 -2.56868 -0.518664 0.0433304 2.21739 1.03774 -1.19871 -2.70171 -0.576953 0.0348856 2.33512 1.06409
-1.99397 -2.7991 -0.893581 -1.07665 1.52625 0.322644 -1.97447 -2.89758 -0.893742 -1.06758 1.57763 0.336073
-1.93766 -2.5773 -1.49948 -1.43006 -0.318613 -0.216913 -1.97584 -2.59688 -1.51857 -1.45075 -0.349899 -0.213125
2.95123 0.577301 0.686479 0.615764 -1.41529 0.274467 2.97387 0.629296 0.674735 0.612874 -1.40445 0.274385
0.0914564 -0.33089 -0.350967 -0.887368 0.701636 1.37902 0.0975096 -0.351587 -0.364872 -0.879019 0.700428 1.38132
-1.29197 0.515021 -0.158953 0.609073 1.53464 1.46411 -1.32703 0.533568 -0.177583 0.629531 1.54377 1.47313
1.19186 -1.34799 0.132599 -0.459886 2.26846 1.47178 1.14509 -1.4205 0.0775132 -0.472169 2.30612 1.49198
2.59335 0.217812 0.565391 1.07859 -0.115302 0.243554 2.59244 0.246351 0.552431 1.10115 -0.107705 0.2447
2.54668 -0.578011 0.0816173 0.881847 -0.297107 -0.0297166 2.55991 -0.551285 0.0670385 0.884383 -0.285518 -0.0474381
-0.171704 -0.398319 -0.458649 0.0264893 1.11025 -1.06837 -0.188487 -0.396545 -0.443687 0.033763 1.12 -1.07814
-0.923227 -1.58806 -0.569569 -0.604992 1.22011 -0.254376 -0.949101 -1.58467 -0.554376 -0.601527 1.2299 -0.254256
1.73872 -2.61176 -0.820041 0.232894 1.83237 0.0747518 1.73366 -2.65659 -0.852156 0.217224 1.86699 0.0631096
1.32074 -2.72152 -0.230263 -0.230558 -0.425874 -0.537451 1.28609 -2.68169 -0.226353 -0.221775 -0.407283 -0.539975
-2.00834 -3.45937 -1.36704 -0.709326 0.702509 -0.185916 -1.9796 -3.46362 -1.33664 -0.720937 0.722741 -0.191558
1.10475 0.657281 -0.0556925 -1.77637 -0.00742152 1.56839 1.13348 0.634269 -0.0699366 -1.77247 -0.037263 1.57066
-1.38435 -0.250768 -0.367237 0.606402 -1.80605 -1.6869 -1.36394 -0.2963 -0.375541 0.607939 -1.81617 -1.72383
3.26035 1.21532 0.429724 1.4867 -1.5842 0.2916 3.26772 1.23318 0.427933 1.49856 -1.56016 0.267498
0.0407974 1.75873 0.418063 -1.44135 -2.27381 -1.99832 -0.0141061 1.70676 0.35378 -1.43725 -2.30149 -2.04675
-1.02166 0.694378 -0.138691 -0.114897 1.55834 1.06289 -1.03232 0.690974 -0.141687 -0.0994279 1.57597 1.05592
5.81246 5.06598 2.02663 0.845477 -2.11059 -0.302711 5.79743 5.05127 2.0619 0.82837 -2.09397 -0.302992
3.35229 1.92564 1.6239 -1.30424 0.737458 -0.684778 3.38468 1.9426 1.64278 -1.29558 0.733002 -0.683676
1.78004 1.40065 0.23578 -0.752385 -2.23584 -0.568838 1.77928 1.36907 0.229879 -0.746093 -2.22009 -0.568668
4.07475 6.83449 2.14182 1.91558 0.599997 -2.06784 4.08209 6.72059 2.15238 1.84396 0.590779 -2.03824
0.640196 3.62729 0.698045 1.50809 1.15188 -0.810166 0.651715 3.63479 0.704214 1.49316 1.14135 -0.786555
2.71438 -2.62934 -0.3516 -0.421471 0.744846 1.05852 2.70817 -2.64688 -0.348213 -0.43854 0.739844 1.08253
5.99784 7.25597 2.91092 3.541 -1.93766 -1.9887 6.02311 7.12733 2.96715 3.46792 -1.91978 -1.98571
