    4.0121185652e+03    5.0408603072e+03   -7.3777234129e+04    4.6094063865e+01    4.5972374860e+01    4.5891850779e+01    2.4627431925e-02   -7.2766166617e-02   -1.8120296333e-01    9.4875083465e+01    3.1625027822e+01    3.1625027822e+01
    3.9499091652e+03    4.9626998815e+03   -7.3672301590e+04    4.6398906998e+01    4.6445546710e+01    4.6486476179e+01    1.0215109115e-01   -4.4448849297e-02   -1.1278119906e-01    9.4875083465e+01    3.1625027822e+01    3.1625027822e+01
    3.9901087067e+03    5.0132069316e+03   -7.3713707347e+04    4.6113683594e+01    4.6213332852e+01    4.5904083614e+01    4.0303153309e-02    9.0776116033e-02    8.5489838930e-02    9.4875083465e+01    3.1625027822e+01    3.1625027822e+01
    4.0080502121e+03    5.0357487934e+03   -7.3740308843e+04    4.5924955356e+01    4.5965897698e+01    4.6133202089e+01    3.2771426470e-02    1.7729241895e-01   -2.8645208760e-02    9.4875083465e+01    3.1625027822e+01    3.1625027822e+01
    4.0430431718e+03    5.0797142492e+03   -7.3782986679e+04    4.6117582967e+01    4.5825109553e+01    4.6019709847e+01    4.7606566890e-02   -3.4479829017e-02    5.7097901118e-02    9.4875083465e+01    3.1625027822e+01    3.1625027822e+01
    4.0430294839e+03    5.0796970516e+03   -7.3781285299e+04    4.6241913583e+01    4.5780384356e+01    4.5941039495e+01   -8.6029655337e-02   -6.5547929571e-02    1.1358935105e-01    9.4875083465e+01    3.1625027822e+01    3.1625027822e+01
    3.9762800793e+03    4.9958325250e+03   -7.3696320017e+04    4.6290005636e+01    4.6198494386e+01    4.6243897039e+01    6.6961660744e-02    1.3572629170e-01    9.8595045252e-02    9.4875083465e+01    3.1625027822e+01    3.1625027822e+01
    4.0236514186e+03    5.0553502835e+03   -7.3764649177e+04    4.6210401194e+01    4.5594703277e+01    4.6177215779e+01    1.1307625112e-01    1.3901057394e-02   -1.4204609608e-01    9.4875083465e+01    3.1625027822e+01    3.1625027822e+01
    3.9642004367e+03    4.9806555581e+03   -7.3684803261e+04    4.6231332690e+01    4.6339893326e+01    4.6448768003e+01   -1.4732001416e-01    1.0301747809e-01    8.6180638490e-05    9.4875083465e+01    3.1625027822e+01    3.1625027822e+01
    3.9804019256e+03    5.0010112482e+03   -7.3707796028e+04    4.6562805955e+01    4.6218525066e+01    4.6390105231e+01   -8.3072385204e-02    2.8459038166e-01    1.1365171528e-02    9.4875083465e+01    3.1625027822e+01    3.1625027822e+01
    4.0192907202e+03    5.0498714645e+03   -7.3748585342e+04    4.6218104048e+01    4.6111370002e+01    4.5995608067e+01   -5.9023542735e-02    2.0101615344e-01   -8.7992574740e-02    9.4875083465e+01    3.1625027822e+01    3.1625027822e+01
    3.9982991018e+03    5.0234974145e+03   -7.3729383161e+04    4.6654258708e+01    4.5824559007e+01    4.6202347364e+01    3.4320368000e-01    1.4629963289e-01   -3.8067488954e-02    9.4875083465e+01    3.1625027822e+01    3.1625027822e+01
    3.9757947128e+03    4.9952227063e+03   -7.3702443896e+04    4.6340684935e+01    4.5950237543e+01    4.6116542988e+01    7.3216587419e-02    1.4587370035e-01    3.0018452001e-02    9.4875083465e+01    3.1625027822e+01    3.1625027822e+01
    3.9444502144e+03    4.9558412087e+03   -7.3659192286e+04    4.6568434606e+01    4.6716036904e+01    4.6520387631e+01    1.4219961627e-01    8.2972019684e-03   -9.7966314127e-02    9.4875083465e+01    3.1625027822e+01    3.1625027822e+01
    4.0389106970e+03    5.0745221723e+03   -7.3783822411e+04    4.5892043533e+01    4.5582940133e+01    4.5999660133e+01   -1.4049231083e-01    3.2455043953e-02    1.5547286628e-01    9.4875083465e+01    3.1625027822e+01    3.1625027822e+01
    3.9848613574e+03    5.0066141167e+03   -7.3711919364e+04    4.6142505222e+01    4.6215131935e+01    4.5931792639e+01    1.2176953661e-01    4.0036685708e-02   -3.7564392170e-02    9.4875083465e+01    3.1625027822e+01    3.1625027822e+01
    4.0139811061e+03    5.0432004196e+03   -7.3751512650e+04    4.6083052681e+01    4.6022298700e+01    4.6168781286e+01    2.8847034868e-02   -1.8517096950e-01   -1.0098801447e-01    9.4875083465e+01    3.1625027822e+01    3.1625027822e+01
    3.9571375728e+03    4.9717817151e+03   -7.3669385632e+04    4.6694767129e+01    4.6302295492e+01    4.6432991183e+01   -1.0933390852e-01    2.0808932050e-01    8.8326861591e-02    9.4875083465e+01    3.1625027822e+01    3.1625027822e+01
    3.9666385970e+03    4.9837188836e+03   -7.3688429914e+04    4.6514171337e+01    4.6307735742e+01    4.6173119258e+01   -1.5761406330e-01   -5.7382330019e-02    9.9261795735e-03    9.4875083465e+01    3.1625027822e+01    3.1625027822e+01
    4.0093370665e+03    5.0373656083e+03   -7.3744903773e+04    4.6462316901e+01    4.5610288134e+01    4.6407749104e+01    6.9117043597e-02    1.5910003504e-01   -1.0277556604e-01    9.4875083465e+01    3.1625027822e+01    3.1625027822e+01
    3.9507286325e+03    4.9637294673e+03   -7.3669364497e+04    4.6520114387e+01    4.6458656179e+01    4.6519540326e+01    1.0417732708e-01   -1.4900337921e-01    6.9406872699e-02    9.4875083465e+01    3.1625027822e+01    3.1625027822e+01
    4.0432671656e+03    5.0799956769e+03   -7.3786708796e+04    4.6162970441e+01    4.5729430411e+01    4.6450639828e+01    2.2916418383e-01   -1.0655210977e-01   -1.2140737277e-01    9.4875083465e+01    3.1625027822e+01    3.1625027822e+01
    3.9950121400e+03    5.0193676474e+03   -7.3719733402e+04    4.6038145380e+01    4.6005794599e+01    4.6463473957e+01   -4.5895537484e-02   -1.6593921099e-01    2.2711094290e-01    9.4875083465e+01    3.1625027822e+01    3.1625027822e+01
    4.0085017813e+03    5.0363161489e+03   -7.3740942151e+04    4.6223963501e+01    4.6140703523e+01    4.6009605696e+01   -9.8335428936e-03    1.4027037183e-01   -1.4981579829e-01    9.4875083465e+01    3.1625027822e+01    3.1625027822e+01
    3.9970851501e+03    5.0219721951e+03   -7.3724151886e+04    4.6311586055e+01    4.6315006130e+01    4.6099462008e+01    1.8142089202e-01    2.6569944633e-01    1.0966799959e-01    9.4875083465e+01    3.1625027822e+01    3.1625027822e+01
    3.9849404235e+03    5.0067134560e+03   -7.3711841941e+04    4.6421968868e+01    4.5623407641e+01    4.6321418205e+01   -3.0639132943e-02   -1.3856475214e-01    3.4190194473e-01    9.4875083465e+01    3.1625027822e+01    3.1625027822e+01
    3.9703074283e+03    4.9883284348e+03   -7.3692264201e+04    4.6852787891e+01    4.6114946638e+01    4.5806385400e+01   -8.7416945188e-02    4.1249852863e-02   -1.7294049038e-01    9.4875083465e+01    3.1625027822e+01    3.1625027822e+01
    3.9847530369e+03    5.0064780219e+03   -7.3710119583e+04    4.6218076914e+01    4.6332183129e+01    4.6293119477e+01   -1.1101239052e-01   -8.0085120674e-02   -1.3987310699e-02    9.4875083465e+01    3.1625027822e+01    3.1625027822e+01
    3.9742131956e+03    4.9932356745e+03   -7.3697328911e+04    4.6607140442e+01    4.6116468414e+01    4.6599723088e+01    5.0024759227e-02   -9.1481547987e-02   -1.1936614429e-02    9.4875083465e+01    3.1625027822e+01    3.1625027822e+01
    4.0091324661e+03    5.0371085466e+03   -7.3741529045e+04    4.6190456302e+01    4.6316402453e+01    4.6020458840e+01   -1.0925877188e-01   -1.3863158290e-01   -1.2682371003e-01    9.4875083465e+01    3.1625027822e+01    3.1625027822e+01
    4.0122460338e+03    5.0410204599e+03   -7.3745087882e+04    4.6380917248e+01    4.6103402390e+01    4.5898965802e+01    1.4651036116e-01   -5.9089423394e-02    1.1919877911e-02    9.4875083465e+01    3.1625027822e+01    3.1625027822e+01
    4.0377792743e+03    5.0731006431e+03   -7.3775675473e+04    4.5840639959e+01    4.6202558058e+01    4.5739014864e+01    4.8742016369e-02    7.8716390098e-02    2.2398391164e-01    9.4875083465e+01    3.1625027822e+01    3.1625027822e+01
    3.9973696571e+03    5.0223296521e+03   -7.3725577132e+04    4.6341463390e+01    4.6161002722e+01    4.5875564175e+01   -2.6921597984e-02    7.0072730391e-02    1.4693593217e-01    9.4875083465e+01    3.1625027822e+01    3.1625027822e+01
    4.0208581324e+03    5.0518407747e+03   -7.3758741907e+04    4.5999981709e+01    4.6236439649e+01    4.5858034353e+01   -1.6215769592e-01   -1.2999522259e-01    7.9088141736e-02    9.4875083465e+01    3.1625027822e+01    3.1625027822e+01
    4.0235993365e+03    5.0552848472e+03   -7.3759250189e+04    4.6647076065e+01    4.5991929750e+01    4.5827393172e+01   -3.4120394457e-02   -5.8105616846e-02   -1.5596906507e-01    9.4875083465e+01    3.1625027822e+01    3.1625027822e+01
    3.9563771020e+03    4.9708262529e+03   -7.3670529235e+04    4.6587872416e+01    4.6561896705e+01    4.6288871867e+01    1.1623762216e-01   -4.4854700076e-02   -1.5898307887e-01    9.4875083465e+01    3.1625027822e+01    3.1625027822e+01
    4.0129367927e+03    5.0418883353e+03   -7.3752619617e+04    4.6400237195e+01    4.6065591999e+01    4.5764162215e+01    2.9874023253e-02   -1.2626521687e-01    6.5931152930e-02    9.4875083465e+01    3.1625027822e+01    3.1625027822e+01
    4.0498534525e+03    5.0882707446e+03   -7.3792336091e+04    4.6175296780e+01    4.5436746119e+01    4.6200506467e+01    1.8144339549e-01   -1.4498891019e-01    5.7904805560e-02    9.4875083465e+01    3.1625027822e+01    3.1625027822e+01
    3.9632933241e+03    4.9795158540e+03   -7.3691024871e+04    4.6646874257e+01    4.6358136479e+01    4.6210403847e+01   -1.1967444682e-01    1.5125885547e-01    1.1318892348e-01    9.4875083465e+01    3.1625027822e+01    3.1625027822e+01
    4.0140982087e+03    5.0433475483e+03   -7.3749451041e+04    4.6566458689e+01    4.6114949509e+01    4.5962296997e+01   -7.9062218999e-02    6.6914413690e-02   -8.9537556659e-02    9.4875083465e+01    3.1625027822e+01    3.1625027822e+01
    4.0160039716e+03    5.0457419653e+03   -7.3746890711e+04    4.6274678139e+01    4.6001482562e+01    4.6153507861e+01   -7.1318965527e-02   -5.6476316260e-02    8.9964984714e-02    9.4875083465e+01    3.1625027822e+01    3.1625027822e+01
    3.9864857085e+03    5.0086549654e+03   -7.3714921826e+04    4.6658931095e+01    4.5988612174e+01    4.6209649738e+01    6.8339349906e-02    2.9603188852e-03   -1.8801063000e-01    9.4875083465e+01    3.1625027822e+01    3.1625027822e+01
    4.0088115888e+03    5.0367053936e+03   -7.3740959410e+04    4.6520205038e+01    4.5895249653e+01    4.6142471236e+01   -6.7131455268e-02    1.5571799790e-01   -4.6416641589e-02    9.4875083465e+01    3.1625027822e+01    3.1625027822e+01
    3.9707281304e+03    4.9888570086e+03   -7.3694438450e+04    4.6315405538e+01    4.6471786146e+01    4.5887039589e+01   -1.2919479271e-02    3.5667531453e-02   -7.3322085775e-02    9.4875083465e+01    3.1625027822e+01    3.1625027822e+01
    3.9859650840e+03    5.0080008483e+03   -7.3711763664e+04    4.6530340340e+01    4.6003264378e+01    4.6327528887e+01    1.9239547233e-01   -1.3211925110e-01    3.4665456401e-02    9.4875083465e+01    3.1625027822e+01    3.1625027822e+01
    4.0413421317e+03    5.0775770478e+03   -7.3783902795e+04    4.6243300667e+01    4.5855444499e+01    4.5901485959e+01    1.7333036764e-02    1.3246671575e-01    6.0169705669e-02    9.4875083465e+01    3.1625027822e+01    3.1625027822e+01
    3.9946935208e+03    5.0189673314e+03   -7.3724831716e+04    4.6378754904e+01    4.6164451841e+01    4.6165814450e+01    6.4341832710e-02    5.5204894711e-02   -1.1089316868e-01    9.4875083465e+01    3.1625027822e+01    3.1625027822e+01
    3.9801228101e+03    5.0006605651e+03   -7.3717087267e+04    4.6442203991e+01    4.6316362603e+01    4.5739008125e+01    1.7690507033e-02    5.3965196126e-02    2.0223668961e-01    9.4875083465e+01    3.1625027822e+01    3.1625027822e+01
    4.0349257730e+03    5.0695154795e+03   -7.3774888663e+04    4.6110896016e+01    4.5841614102e+01    4.6173329168e+01   -3.6754018648e-02   -1.0078034621e-01    8.8214786979e-02    9.4875083465e+01    3.1625027822e+01    3.1625027822e+01
    3.9706964452e+03    4.9888171990e+03   -7.3693534046e+04    4.6186242333e+01    4.6370232116e+01    4.5979691165e+01   -7.0504162091e-02   -2.4897651280e-02   -1.8966523528e-01    9.4875083465e+01    3.1625027822e+01    3.1625027822e+01
    3.9680772508e+03    4.9855264206e+03   -7.3699097901e+04    4.6618768406e+01    4.6426713153e+01    4.6147977504e+01   -8.2323645547e-02    2.9393262290e-02    1.2044181879e-01    9.4875083465e+01    3.1625027822e+01    3.1625027822e+01
    3.9700070979e+03    4.9879510972e+03   -7.3690619591e+04    4.6742136064e+01    4.6076012661e+01    4.6128568117e+01    1.0019814703e-01    3.3341370294e-02    1.3467966051e-01    9.4875083465e+01    3.1625027822e+01    3.1625027822e+01
    3.9824519617e+03    5.0035869312e+03   -7.3710549830e+04    4.6385399134e+01    4.6200277614e+01    4.5966432331e+01   -5.6280149451e-02   -5.3653674825e-02    6.0161881683e-02    9.4875083465e+01    3.1625027822e+01    3.1625027822e+01
    4.0024270798e+03    5.0286838416e+03   -7.3738195018e+04    4.6463065491e+01    4.6194380984e+01    4.5889499800e+01    9.6368171022e-02   -5.4040561605e-02    7.3094889094e-02    9.4875083465e+01    3.1625027822e+01    3.1625027822e+01
    4.0093276938e+03    5.0373538325e+03   -7.3744215528e+04    4.6228391111e+01    4.5851047908e+01    4.6117571960e+01    1.5510948852e-01   -1.0562500975e-01   -1.1909622848e-01    9.4875083465e+01    3.1625027822e+01    3.1625027822e+01
    3.9409536539e+03    4.9514481000e+03   -7.3652933258e+04    4.6819616525e+01    4.6467775334e+01    4.6274214472e+01   -5.5590374794e-02    1.2558576697e-01    1.1353301188e-01    9.4875083465e+01    3.1625027822e+01    3.1625027822e+01
    3.9647433272e+03    4.9813376504e+03   -7.3682021482e+04    4.6566625086e+01    4.5943998929e+01    4.6775017342e+01    5.4894991486e-02   -8.0059020693e-02    1.3381516612e-02    9.4875083465e+01    3.1625027822e+01    3.1625027822e+01
    3.9866627454e+03    5.0088773961e+03   -7.3713891838e+04    4.6614864728e+01    4.5895503563e+01    4.6073122962e+01    1.6960204068e-02   -3.6318753979e-02   -1.2310021460e-01    9.4875083465e+01    3.1625027822e+01    3.1625027822e+01
    3.9987143334e+03    5.0240191150e+03   -7.3729453159e+04    4.6663587788e+01    4.6191781530e+01    4.5803704791e+01    1.6401776777e-01   -8.5773957309e-02    1.2469205449e-01    9.4875083465e+01    3.1625027822e+01    3.1625027822e+01
    4.0288632535e+03    5.0618984778e+03   -7.3765498051e+04    4.6308316546e+01    4.5653284930e+01    4.6421009357e+01    2.3387012096e-01   -9.2104856932e-02    1.3136340325e-01    9.4875083465e+01    3.1625027822e+01    3.1625027822e+01
    3.9650368029e+03    4.9817063758e+03   -7.3694260816e+04    4.6604340535e+01    4.6429612921e+01    4.6141129550e+01   -9.7465712552e-02    1.4748397723e-01   -4.9195353469e-03    9.4875083465e+01    3.1625027822e+01    3.1625027822e+01
    4.0148961020e+03    5.0443500283e+03   -7.3753623213e+04    4.6292463796e+01    4.6369925901e+01    4.6231880434e+01   -1.4068204386e-01    1.2990535210e-01    2.0648048354e-01    9.4875083465e+01    3.1625027822e+01    3.1625027822e+01
    4.0399497247e+03    5.0758276157e+03   -7.3780304588e+04    4.6381536810e+01    4.5520917342e+01    4.5890126281e+01    4.8520613280e-02    1.5041544297e-01   -1.4771334060e-02    9.4875083465e+01    3.1625027822e+01    3.1625027822e+01
    3.9516327394e+03    4.9648653950e+03   -7.3674828026e+04    4.6491783275e+01    4.6183454595e+01    4.6466002329e+01    3.0756587189e-02    2.9500818993e-02   -2.1231916795e-01    9.4875083465e+01    3.1625027822e+01    3.1625027822e+01
    3.9868874922e+03    5.0091597700e+03   -7.3721766624e+04    4.6266899524e+01    4.6019189057e+01    4.6048884869e+01    1.0053261704e-01    2.7252439048e-02   -6.0669188191e-02    9.4875083465e+01    3.1625027822e+01    3.1625027822e+01
    3.9914622682e+03    5.0149075579e+03   -7.3720401043e+04    4.6467767881e+01    4.6145839732e+01    4.6184851986e+01    7.7733497901e-02   -8.7749674122e-02    8.6102506950e-02    9.4875083465e+01    3.1625027822e+01    3.1625027822e+01
    4.0232784888e+03    5.0548817313e+03   -7.3756867123e+04    4.6125774693e+01    4.6171922628e+01    4.5710447530e+01   -1.4306903968e-01    6.5367117179e-02   -1.6253842485e-01    9.4875083465e+01    3.1625027822e+01    3.1625027822e+01
    3.9961644979e+03    5.0208154798e+03   -7.3726160073e+04    4.6540333030e+01    4.5993299542e+01    4.5716344196e+01    1.1957500089e-01    1.2033574403e-01   -1.3199287901e-01    9.4875083465e+01    3.1625027822e+01    3.1625027822e+01
    3.9675017512e+03    4.9848033581e+03   -7.3689823356e+04    4.6805882452e+01    4.6090571210e+01    4.6562035162e+01    1.7620277588e-01    9.9728704414e-02    3.8715088628e-02    9.4875083465e+01    3.1625027822e+01    3.1625027822e+01
    3.9804012566e+03    5.0010104077e+03   -7.3705616639e+04    4.6385486966e+01    4.6063746419e+01    4.5918343822e+01   -1.1019546584e-01    1.9838232861e-02    2.2552995889e-02    9.4875083465e+01    3.1625027822e+01    3.1625027822e+01
    4.0282271717e+03    5.0610992992e+03   -7.3766756790e+04    4.6018399538e+01    4.5945992213e+01    4.6192252691e+01   -2.0420088801e-03    2.5469688717e-02   -1.2428058087e-01    9.4875083465e+01    3.1625027822e+01    3.1625027822e+01
    3.9904325627e+03    5.0136138270e+03   -7.3715260966e+04    4.6694191213e+01    4.6032805556e+01    4.6122877564e+01   -7.8478854730e-02    1.0365964461e-01   -8.4972305618e-02    9.4875083465e+01    3.1625027822e+01    3.1625027822e+01
    4.0011382422e+03    5.0270645349e+03   -7.3729509381e+04    4.5973706914e+01    4.6536007969e+01    4.5747809052e+01   -2.1910737064e-01    6.7444810807e-02   -1.1719440260e-01    9.4875083465e+01    3.1625027822e+01    3.1625027822e+01
    4.0223481579e+03    5.0537128556e+03   -7.3757060178e+04    4.6232250586e+01    4.5915125358e+01    4.6235930760e+01    6.6285496508e-02    7.8528059323e-02    1.7408693882e-01    9.4875083465e+01    3.1625027822e+01    3.1625027822e+01
    3.9818582906e+03    5.0028410377e+03   -7.3711276388e+04    4.6239116129e+01    4.6258147387e+01    4.5792846447e+01   -6.1073455081e-02   -1.6232107264e-02   -1.8320889165e-01    9.4875083465e+01    3.1625027822e+01    3.1625027822e+01
    3.9921530871e+03    5.0157755087e+03   -7.3720803236e+04    4.6257620490e+01    4.6485105911e+01    4.6204393378e+01   -5.6040626233e-02    1.0722562155e-01    2.0137864181e-01    9.4875083465e+01    3.1625027822e+01    3.1625027822e+01
    3.9955374169e+03    5.0200276097e+03   -7.3725313662e+04    4.6353769779e+01    4.5967903815e+01    4.6297030063e+01   -3.5529597384e-03    1.2975651144e-01   -5.5563078172e-02    9.4875083465e+01    3.1625027822e+01    3.1625027822e+01
    4.0029542405e+03    5.0293461708e+03   -7.3738058441e+04    4.6227087162e+01    4.5919178052e+01    4.5695812854e+01   -2.3745070606e-01   -5.5255867695e-02   -4.5481493920e-02    9.4875083465e+01    3.1625027822e+01    3.1625027822e+01
    3.9542152385e+03    4.9681100690e+03   -7.3670526861e+04    4.6142872100e+01    4.6661003707e+01    4.6547845347e+01   -8.3249451407e-02   -6.4672517523e-02   -2.5520349283e-01    9.4875083465e+01    3.1625027822e+01    3.1625027822e+01
    3.9837088640e+03    5.0051661141e+03   -7.3709307020e+04    4.6260457785e+01    4.6043071783e+01    4.6313502306e+01   -1.4136176846e-01    8.2757751569e-02   -2.6835055955e-01    9.4875083465e+01    3.1625027822e+01    3.1625027822e+01
    4.0053233574e+03    5.0323227497e+03   -7.3737442057e+04    4.6070298077e+01    4.6083007001e+01    4.6327350635e+01    1.0062635835e-02    1.2171094405e-01   -7.9520920416e-03    9.4875083465e+01    3.1625027822e+01    3.1625027822e+01
    3.9875818449e+03    5.0100321606e+03   -7.3714169036e+04    4.6620864825e+01    4.5920206508e+01    4.6362721088e+01    4.8877943225e-02    6.2343257974e-02    1.8186245062e-01    9.4875083465e+01    3.1625027822e+01    3.1625027822e+01
    3.9771913909e+03    4.9969775048e+03   -7.3699869766e+04    4.6400654596e+01    4.6073333323e+01    4.6193609051e+01    8.3889858199e-02    2.3910100173e-01    1.8423717016e-01    9.4875083465e+01    3.1625027822e+01    3.1625027822e+01
    3.9460965433e+03    4.9579096706e+03   -7.3661204576e+04    4.6204957691e+01    4.6240878752e+01    4.6368024823e+01   -4.2415944380e-02    1.4021468226e-01   -1.5665294224e-01    9.4875083465e+01    3.1625027822e+01    3.1625027822e+01
    4.0010677101e+03    5.0269759177e+03   -7.3736972851e+04    4.6187769977e+01    4.5872779520e+01    4.6350109476e+01   -1.0681335838e-01   -1.5220716194e-01   -8.6562685860e-03    9.4875083465e+01    3.1625027822e+01    3.1625027822e+01
    3.9983670697e+03    5.0235828099e+03   -7.3725229299e+04    4.6415271845e+01    4.6170448113e+01    4.6503811748e+01    3.9487210284e-02    1.0085667907e-01   -2.1103856519e-02    9.4875083465e+01    3.1625027822e+01    3.1625027822e+01
    3.9777288313e+03    4.9976527495e+03   -7.3706334216e+04    4.6456983100e+01    4.6153557673e+01    4.5923709311e+01    8.7254930615e-02    1.5182415763e-01    1.7881226433e-01    9.4875083465e+01    3.1625027822e+01    3.1625027822e+01
    3.9876383215e+03    5.0101031183e+03   -7.3717539146e+04    4.6497235509e+01    4.6052744630e+01    4.6500151794e+01    6.2250216933e-02   -1.4784978109e-01    3.0879994861e-02    9.4875083465e+01    3.1625027822e+01    3.1625027822e+01
    4.0214596028e+03    5.0525964673e+03   -7.3758406402e+04    4.6226937765e+01    4.5870869488e+01    4.6164098443e+01   -1.0305267185e-01   -6.0711275453e-02    1.0963489799e-01    9.4875083465e+01    3.1625027822e+01    3.1625027822e+01
    4.0197823935e+03    5.0504892071e+03   -7.3759614816e+04    4.6498616276e+01    4.5803860282e+01    4.5943321388e+01   -2.9173678766e-01   -7.6155600354e-02   -1.5587293086e-01    9.4875083465e+01    3.1625027822e+01    3.1625027822e+01
    3.9517711468e+03    4.9650392912e+03   -7.3663901980e+04    4.6633284656e+01    4.6258693649e+01    4.6099166760e+01    2.0481438990e-01   -1.1039813648e-01   -1.8469069198e-01    9.4875083465e+01    3.1625027822e+01    3.1625027822e+01
    4.0104755780e+03    5.0387960440e+03   -7.3750464842e+04    4.6434560603e+01    4.5998353428e+01    4.6095959861e+01   -6.8198490711e-02    2.4886583519e-02    1.0056125349e-01    9.4875083465e+01    3.1625027822e+01    3.1625027822e+01
    4.0198445588e+03    5.0505673121e+03   -7.3757258598e+04    4.6039727854e+01    4.6039247409e+01    4.5968826909e+01    9.4884609091e-02   -8.5338967561e-02    5.6387381595e-02    9.4875083465e+01    3.1625027822e+01    3.1625027822e+01
    3.9856522558e+03    5.0076078082e+03   -7.3711755535e+04    4.5852109174e+01    4.6367278624e+01    4.6235064877e+01    1.2475944310e-01   -2.0341230743e-01    1.9632250077e-01    9.4875083465e+01    3.1625027822e+01    3.1625027822e+01
    3.9928921884e+03    5.0167041219e+03   -7.3720590815e+04    4.6222231309e+01    4.6112495528e+01    4.6386127341e+01    9.1550338160e-03   -1.0597135219e-01   -1.1060122713e-01    9.4875083465e+01    3.1625027822e+01    3.1625027822e+01
    4.0352466074e+03    5.0699185786e+03   -7.3774127929e+04    4.5882921199e+01    4.5880449455e+01    4.5977916236e+01   -1.5581057250e-01   -1.5601813655e-01    9.1336013874e-02    9.4875083465e+01    3.1625027822e+01    3.1625027822e+01
    4.0310957323e+03    5.0647033834e+03   -7.3767161077e+04    4.6489286800e+01    4.5581528711e+01    4.6238500772e+01    4.5820315460e-02    1.1518679551e-01   -1.9530215349e-01    9.4875083465e+01    3.1625027822e+01    3.1625027822e+01
    3.9725876972e+03    4.9911933844e+03   -7.3694804942e+04    4.6552941787e+01    4.6003648234e+01    4.6510289079e+01   -1.3379703939e-01    2.1339523510e-02   -1.3400121306e-03    9.4875083465e+01    3.1625027822e+01    3.1625027822e+01
    3.9989423833e+03    5.0243056389e+03   -7.3733867425e+04    4.6076723710e+01    4.6160843961e+01    4.6276334045e+01    4.7607662065e-02    5.3149238519e-02   -5.0625689334e-02    9.4875083465e+01    3.1625027822e+01    3.1625027822e+01
    3.9724081584e+03    4.9909678103e+03   -7.3700136161e+04    4.6193227415e+01    4.5956512488e+01    4.6907887862e+01    1.4599043005e-01   -1.3213936012e-01   -9.3263540555e-02    9.4875083465e+01    3.1625027822e+01    3.1625027822e+01
    3.9724081584e+03    4.9909678103e+03   -7.3700136161e+04    4.6193227415e+01    4.5956512488e+01    4.6907887862e+01    1.4599043005e-01   -1.3213936012e-01   -9.3263540555e-02    9.4875083465e+01    3.1625027822e+01    3.1625027822e+01
    3.9724081584e+03    4.9909678103e+03   -7.3700136161e+04    4.6193227415e+01    4.5956512488e+01    4.6907887862e+01    1.4599043005e-01   -1.3213936012e-01   -9.3263540555e-02    9.4875083465e+01    3.1625027822e+01    3.1625027822e+01
    3.9724081584e+03    4.9909678103e+03   -7.3700136161e+04    4.6193227415e+01    4.5956512488e+01    4.6907887862e+01    1.4599043005e-01   -1.3213936012e-01   -9.3263540555e-02    9.4875083465e+01    3.1625027822e+01    3.1625027822e+01
    3.9724081584e+03    4.9909678103e+03   -7.3700136161e+04    4.6193227415e+01    4.5956512488e+01    4.6907887862e+01    1.4599043005e-01   -1.3213936012e-01   -9.3263540555e-02    9.4875083465e+01    3.1625027822e+01    3.1625027822e+01
    3.9724081584e+03    4.9909678103e+03   -7.3700136161e+04    4.6193227415e+01    4.5956512488e+01    4.6907887862e+01    1.4599043005e-01   -1.3213936012e-01   -9.3263540555e-02    9.4875083465e+01    3.1625027822e+01    3.1625027822e+01
    3.9724081584e+03    4.9909678103e+03   -7.3700136161e+04    4.6193227415e+01    4.5956512488e+01    4.6907887862e+01    1.4599043005e-01   -1.3213936012e-01   -9.3263540555e-02    9.4875083465e+01    3.1625027822e+01    3.1625027822e+01
    3.9724081584e+03    4.9909678103e+03   -7.3700136161e+04    4.6193227415e+01    4.5956512488e+01    4.6907887862e+01    1.4599043005e-01   -1.3213936012e-01   -9.3263540555e-02    9.4875083465e+01    3.1625027822e+01    3.1625027822e+01
    3.9724081584e+03    4.9909678103e+03   -7.3700136161e+04    4.6193227415e+01    4.5956512488e+01    4.6907887862e+01    1.4599043005e-01   -1.3213936012e-01   -9.3263540555e-02    9.4875083465e+01    3.1625027822e+01    3.1625027822e+01
    3.9724081584e+03    4.9909678103e+03   -7.3700136161e+04    4.6193227415e+01    4.5956512488e+01    4.6907887862e+01    1.4599043005e-01   -1.3213936012e-01   -9.3263540555e-02    9.4875083465e+01    3.1625027822e+01    3.1625027822e+01
    3.9724081584e+03    4.9909678103e+03   -7.3700136161e+04    4.6193227415e+01    4.5956512488e+01    4.6907887862e+01    1.4599043005e-01   -1.3213936012e-01   -9.3263540555e-02    9.4875083465e+01    3.1625027822e+01    3.1625027822e+01
    3.9724081584e+03    4.9909678103e+03   -7.3700136161e+04    4.6193227415e+01    4.5956512488e+01    4.6907887862e+01    1.4599043005e-01   -1.3213936012e-01   -9.3263540555e-02    9.4875083465e+01    3.1625027822e+01    3.1625027822e+01
    3.9724081584e+03    4.9909678103e+03   -7.3700136161e+04    4.6193227415e+01    4.5956512488e+01    4.6907887862e+01    1.4599043005e-01   -1.3213936012e-01   -9.3263540555e-02    9.4875083465e+01    3.1625027822e+01    3.1625027822e+01
    3.9724081584e+03    4.9909678103e+03   -7.3700136161e+04    4.6193227415e+01    4.5956512488e+01    4.6907887862e+01    1.4599043005e-01   -1.3213936012e-01   -9.3263540555e-02    9.4875083465e+01    3.1625027822e+01    3.1625027822e+01
    3.9724081584e+03    4.9909678103e+03   -7.3700136161e+04    4.6193227415e+01    4.5956512488e+01    4.6907887862e+01    1.4599043005e-01   -1.3213936012e-01   -9.3263540555e-02    9.4875083465e+01    3.1625027822e+01    3.1625027822e+01
    3.9724081584e+03    4.9909678103e+03   -7.3700136161e+04    4.6193227415e+01    4.5956512488e+01    4.6907887862e+01    1.4599043005e-01   -1.3213936012e-01   -9.3263540555e-02    9.4875083465e+01    3.1625027822e+01    3.1625027822e+01
    3.9724081584e+03    4.9909678103e+03   -7.3700136161e+04    4.6193227415e+01    4.5956512488e+01    4.6907887862e+01    1.4599043005e-01   -1.3213936012e-01   -9.3263540555e-02    9.4875083465e+01    3.1625027822e+01    3.1625027822e+01
    3.9724081584e+03    4.9909678103e+03   -7.3700136161e+04    4.6193227415e+01    4.5956512488e+01    4.6907887862e+01    1.4599043005e-01   -1.3213936012e-01   -9.3263540555e-02    9.4875083465e+01    3.1625027822e+01    3.1625027822e+01
    3.9724081584e+03    4.9909678103e+03   -7.3700136161e+04    4.6193227415e+01    4.5956512488e+01    4.6907887862e+01    1.4599043005e-01   -1.3213936012e-01   -9.3263540555e-02    9.4875083465e+01    3.1625027822e+01    3.1625027822e+01
    3.9724081584e+03    4.9909678103e+03   -7.3700136161e+04    4.6193227415e+01    4.5956512488e+01    4.6907887862e+01    1.4599043005e-01   -1.3213936012e-01   -9.3263540555e-02    9.4875083465e+01    3.1625027822e+01    3.1625027822e+01
    3.9724081584e+03    4.9909678103e+03   -7.3700136161e+04    4.6193227415e+01    4.5956512488e+01    4.6907887862e+01    1.4599043005e-01   -1.3213936012e-01   -9.3263540555e-02    9.4875083465e+01    3.1625027822e+01    3.1625027822e+01
    3.9724081584e+03    4.9909678103e+03   -7.3700136161e+04    4.6193227415e+01    4.5956512488e+01    4.6907887862e+01    1.4599043005e-01   -1.3213936012e-01   -9.3263540555e-02    9.4875083465e+01    3.1625027822e+01    3.1625027822e+01
    3.9724081584e+03    4.9909678103e+03   -7.3700136161e+04    4.6193227415e+01    4.5956512488e+01    4.6907887862e+01    1.4599043005e-01   -1.3213936012e-01   -9.3263540555e-02    9.4875083465e+01    3.1625027822e+01    3.1625027822e+01
    3.9724081584e+03    4.9909678103e+03   -7.3700136161e+04    4.6193227415e+01    4.5956512488e+01    4.6907887862e+01    1.4599043005e-01   -1.3213936012e-01   -9.3263540555e-02    9.4875083465e+01    3.1625027822e+01    3.1625027822e+01
    3.9724081584e+03    4.9909678103e+03   -7.3700136161e+04    4.6193227415e+01    4.5956512488e+01    4.6907887862e+01    1.4599043005e-01   -1.3213936012e-01   -9.3263540555e-02    9.4875083465e+01    3.1625027822e+01    3.1625027822e+01
    3.9724081584e+03    4.9909678103e+03   -7.3700136161e+04    4.6193227415e+01    4.5956512488e+01    4.6907887862e+01    1.4599043005e-01   -1.3213936012e-01   -9.3263540555e-02    9.4875083465e+01    3.1625027822e+01    3.1625027822e+01
    3.9724081584e+03    4.9909678103e+03   -7.3700136161e+04    4.6193227415e+01    4.5956512488e+01    4.6907887862e+01    1.4599043005e-01   -1.3213936012e-01   -9.3263540555e-02    9.4875083465e+01    3.1625027822e+01    3.1625027822e+01
    3.9724081584e+03    4.9909678103e+03   -7.3700136161e+04    4.6193227415e+01    4.5956512488e+01    4.6907887862e+01    1.4599043005e-01   -1.3213936012e-01   -9.3263540555e-02    9.4875083465e+01    3.1625027822e+01    3.1625027822e+01
    3.9724081584e+03    4.9909678103e+03   -7.3700136161e+04    4.6193227415e+01    4.5956512488e+01    4.6907887862e+01    1.4599043005e-01   -1.3213936012e-01   -9.3263540555e-02    9.4875083465e+01    3.1625027822e+01    3.1625027822e+01
    3.9724081584e+03    4.9909678103e+03   -7.3700136161e+04    4.6193227415e+01    4.5956512488e+01    4.6907887862e+01    1.4599043005e-01   -1.3213936012e-01   -9.3263540555e-02    9.4875083465e+01    3.1625027822e+01    3.1625027822e+01
    3.9724081584e+03    4.9909678103e+03   -7.3700136161e+04    4.6193227415e+01    4.5956512488e+01    4.6907887862e+01    1.4599043005e-01   -1.3213936012e-01   -9.3263540555e-02    9.4875083465e+01    3.1625027822e+01    3.1625027822e+01
