    2.9908679293e+03    2.0980783205e+03   -3.7577876331e+04    1.3985450673e+02    1.3956242384e+02    1.4001670170e+02    1.8002341593e-01    3.1317269930e-01    1.3713761671e-01    4.9019112957e+01    2.9411467774e+01    2.9411467774e+01
    2.9982250384e+03    2.1032392944e+03   -3.7568790135e+04    1.3982574954e+02    1.4019734753e+02    1.3937704541e+02   -9.5698960180e-02    2.0849541657e-01    6.0124369386e-02    4.9019112957e+01    2.9411467774e+01    2.9411467774e+01
    2.9842971331e+03    2.0934689412e+03   -3.7559174925e+04    1.4026231686e+02    1.4022732463e+02    1.3938272738e+02   -1.3922348688e-01   -3.2001030591e-01   -1.2908142090e-01    4.9019112957e+01    2.9411467774e+01    2.9411467774e+01
    2.9489419026e+03    2.0686674306e+03   -3.7536394883e+04    1.4037687087e+02    1.4020938276e+02    1.3977881982e+02   -2.9804507850e-02   -4.2260958013e-02   -9.6729151969e-02    4.9019112957e+01    2.9411467774e+01    2.9411467774e+01
    2.9425813007e+03    2.0642055013e+03   -3.7529051190e+04    1.4064808490e+02    1.4017728090e+02    1.4018595232e+02    4.2820645264e-02    1.4401302597e-01   -1.6577954100e-01    4.9019112957e+01    2.9411467774e+01    2.9411467774e+01
    3.0255256118e+03    2.1223905049e+03   -3.7586094106e+04    1.3996708560e+02    1.3974502859e+02    1.3967120694e+02    2.1068325119e-01    2.6269172178e-01   -9.3995813243e-02    4.9019112957e+01    2.9411467774e+01    2.9411467774e+01
    2.9704631105e+03    2.0837644462e+03   -3.7549017836e+04    1.4068531885e+02    1.3975718211e+02    1.3985425583e+02   -1.3072240105e-01    2.4380169399e-02   -1.6235826552e-01    4.9019112957e+01    2.9411467774e+01    2.9411467774e+01
    3.0222418992e+03    2.1200869976e+03   -3.7586384531e+04    1.3986350947e+02    1.3947817299e+02    1.3997810894e+02   -6.9756871698e-02    2.3169230184e-01    5.2943044101e-02    4.9019112957e+01    2.9411467774e+01    2.9411467774e+01
    3.0469307348e+03    2.1374060875e+03   -3.7599222312e+04    1.4010383138e+02    1.3959511153e+02    1.3966803374e+02   -2.3320704107e-01    1.5232398698e-01    1.3594776903e-01    4.9019112957e+01    2.9411467774e+01    2.9411467774e+01
    2.9794540075e+03    2.0900715137e+03   -3.7554620296e+04    1.4011276736e+02    1.4021935444e+02    1.3923604574e+02    4.0438830212e-02    7.7040230685e-02    5.1153388438e-01    4.9019112957e+01    2.9411467774e+01    2.9411467774e+01
    2.9717072237e+03    2.0846371851e+03   -3.7549970501e+04    1.4069258702e+02    1.3921715699e+02    1.3952635786e+02    1.4422800200e-01   -1.1396984340e-01   -1.9058886569e-01    4.9019112957e+01    2.9411467774e+01    2.9411467774e+01
    3.0259389623e+03    2.1226804681e+03   -3.7585991472e+04    1.3961938523e+02    1.3968118858e+02    1.4009644917e+02    3.2827811810e-01   -1.6793474963e-02   -9.0330072469e-02    4.9019112957e+01    2.9411467774e+01    2.9411467774e+01
    3.0138039795e+03    2.1141678407e+03   -3.7579277327e+04    1.4052366201e+02    1.3935861885e+02    1.3944486260e+02    4.0996835465e-02   -4.3654547827e-02    9.7018413427e-03    4.9019112957e+01    2.9411467774e+01    2.9411467774e+01
    2.9765689525e+03    2.0880476626e+03   -3.7552514867e+04    1.4002921643e+02    1.4011038815e+02    1.4022372406e+02    3.7549628788e-02   -3.3997198254e-02    9.5981908528e-02    4.9019112957e+01    2.9411467774e+01    2.9411467774e+01
    3.0143836356e+03    2.1145744664e+03   -3.7575713171e+04    1.4024717835e+02    1.3986708955e+02    1.3957303561e+02   -3.7346792693e-01    2.9491337878e-01   -7.6128797209e-02    4.9019112957e+01    2.9411467774e+01    2.9411467774e+01
    3.0220439915e+03    2.1199481663e+03   -3.7585125568e+04    1.3976909776e+02    1.4015014080e+02    1.3948357662e+02   -9.4735031195e-02   -2.1172549412e-01   -6.9513286723e-02    4.9019112957e+01    2.9411467774e+01    2.9411467774e+01
    2.9972214824e+03    2.1025353050e+03   -3.7566759011e+04    1.3984725580e+02    1.3919626605e+02    1.4014504893e+02    1.0956672310e-01   -3.4209157734e-01   -8.5528851193e-02    4.9019112957e+01    2.9411467774e+01    2.9411467774e+01
    2.9895834910e+03    2.0971772938e+03   -3.7562874500e+04    1.3980774401e+02    1.3996208488e+02    1.3960764986e+02   -7.7188588115e-02   -1.6023121228e-01   -4.1724167468e-01    4.9019112957e+01    2.9411467774e+01    2.9411467774e+01
    2.9797765008e+03    2.0902977411e+03   -3.7555170990e+04    1.3985795523e+02    1.4001350173e+02    1.4016914461e+02   -1.1666393992e-01   -1.3350052242e-01    1.0851986326e-01    4.9019112957e+01    2.9411467774e+01    2.9411467774e+01
    2.9794369872e+03    2.0900595740e+03   -3.7556315224e+04    1.4002483358e+02    1.3967820747e+02    1.3976273125e+02   -1.9463158093e-01    8.4552614158e-02    5.6341143828e-02    4.9019112957e+01    2.9411467774e+01    2.9411467774e+01
    3.0235569189e+03    2.1210094770e+03   -3.7583460117e+04    1.4003724637e+02    1.3943025129e+02    1.3977842217e+02   -3.2014858835e-01   -4.2907354087e-02   -1.6691809632e-01    4.9019112957e+01    2.9411467774e+01    2.9411467774e+01
    2.9607502504e+03    2.0769509252e+03   -3.7539480774e+04    1.4027990548e+02    1.4020353381e+02    1.3974147753e+02   -2.5823943124e-01   -9.1819184074e-02   -1.4672491739e-01    4.9019112957e+01    2.9411467774e+01    2.9411467774e+01
    3.0048064693e+03    2.1078561340e+03   -3.7573899666e+04    1.4026503456e+02    1.3940767902e+02    1.3997424613e+02    3.1948315626e-02   -7.7368117998e-02    1.5669125245e-01    4.9019112957e+01    2.9411467774e+01    2.9411467774e+01
    3.0015720740e+03    2.1055872225e+03   -3.7567743721e+04    1.4014942509e+02    1.3959325846e+02    1.3967184097e+02   -2.4211540588e-01   -3.4388040368e-02    1.9929054449e-01    4.9019112957e+01    2.9411467774e+01    2.9411467774e+01
    3.0021417534e+03    2.1059868496e+03   -3.7568393155e+04    1.4043843538e+02    1.4008730051e+02    1.3978221451e+02   -1.8276219665e-01    1.0832780263e-01   -1.5609256085e-01    4.9019112957e+01    2.9411467774e+01    2.9411467774e+01
    2.9980128450e+03    2.1030904418e+03   -3.7563369302e+04    1.4027587629e+02    1.3906986420e+02    1.4009368511e+02    1.5782860726e-01    1.9917689056e-01    6.5358037842e-03    4.9019112957e+01    2.9411467774e+01    2.9411467774e+01
    3.0003276833e+03    2.1047142889e+03   -3.7570265807e+04    1.4020423011e+02    1.3994636344e+02    1.3945154838e+02    8.0670635862e-02    3.9977295585e-01    1.2271400725e-01    4.9019112957e+01    2.9411467774e+01    2.9411467774e+01
    2.9680917427e+03    2.0821009440e+03   -3.7546555078e+04    1.4050348753e+02    1.4014004700e+02    1.3944866256e+02   -4.3006794127e-02   -3.0144061109e-02   -2.6585600452e-01    4.9019112957e+01    2.9411467774e+01    2.9411467774e+01
    2.9786312645e+03    2.0894943637e+03   -3.7554935848e+04    1.3999231677e+02    1.3984963117e+02    1.3973344946e+02   -5.7065457540e-02   -1.4998995373e-01    9.5915863621e-02    4.9019112957e+01    2.9411467774e+01    2.9411467774e+01
    2.9783061634e+03    2.0892663071e+03   -3.7554830477e+04    1.4048071634e+02    1.3971209457e+02    1.3966135635e+02   -2.1443432420e-01    1.0413283723e-01   -3.5910706014e-01    4.9019112957e+01    2.9411467774e+01    2.9411467774e+01
    3.0396180548e+03    2.1322762805e+03   -3.7597800322e+04    1.3993254935e+02    1.3957790865e+02    1.3928518729e+02    2.5414346866e-01   -8.4375398231e-02    4.7723914129e-02    4.9019112957e+01    2.9411467774e+01    2.9411467774e+01
    2.9646497299e+03    2.0796863899e+03   -3.7547763037e+04    1.4025656708e+02    1.3979088608e+02    1.3984598624e+02   -1.1657313245e-01   -2.3674123471e-02   -8.2207484259e-03    4.9019112957e+01    2.9411467774e+01    2.9411467774e+01
    3.0062042803e+03    2.1088366911e+03   -3.7573504827e+04    1.3986006255e+02    1.3942774047e+02    1.3974415213e+02    2.2367110661e-02   -6.1432755487e-02   -5.9379920442e-02    4.9019112957e+01    2.9411467774e+01    2.9411467774e+01
    3.0040903871e+03    2.1073538061e+03   -3.7570776454e+04    1.4023935335e+02    1.3993174231e+02    1.3951464117e+02    4.3134764736e-02    3.5258101821e-01   -1.0783484360e-02    4.9019112957e+01    2.9411467774e+01    2.9411467774e+01
    3.0074458226e+03    2.1097076266e+03   -3.7574073483e+04    1.3989906317e+02    1.3934170482e+02    1.3974671649e+02    1.8801797213e-02   -2.6819268706e-01   -8.0533026274e-02    4.9019112957e+01    2.9411467774e+01    2.9411467774e+01
    3.0277940543e+03    2.1239818055e+03   -3.7586724023e+04    1.3967185832e+02    1.4001984428e+02    1.4001464485e+02    1.7958970468e-01   -1.0180734995e-02   -5.6102766353e-02    4.9019112957e+01    2.9411467774e+01    2.9411467774e+01
    3.0004772615e+03    2.1048192172e+03   -3.7567358494e+04    1.4051063716e+02    1.3958423139e+02    1.3964887233e+02    3.7983811129e-01    1.8671573893e-01    1.2570253367e-01    4.9019112957e+01    2.9411467774e+01    2.9411467774e+01
    3.0170709430e+03    2.1164595986e+03   -3.7584052074e+04    1.4045656896e+02    1.3946506374e+02    1.3948461059e+02    2.5192807372e-01    1.7193525402e-02   -1.0932548983e-01    4.9019112957e+01    2.9411467774e+01    2.9411467774e+01
    3.0240681866e+03    2.1213681287e+03   -3.7587417884e+04    1.4022661202e+02    1.3867987480e+02    1.4004351341e+02   -1.0597260288e-01   -1.8228064350e-02    7.2330269463e-02    4.9019112957e+01    2.9411467774e+01    2.9411467774e+01
    3.0141152910e+03    2.1143862241e+03   -3.7578094950e+04    1.3982276367e+02    1.3977616216e+02    1.4002662487e+02    8.1263681887e-02    1.0623040123e-01   -1.8292077953e-02    4.9019112957e+01    2.9411467774e+01    2.9411467774e+01
    2.9981865291e+03    2.1032122804e+03   -3.7567097120e+04    1.4030203075e+02    1.4026786822e+02    1.3925163172e+02   -4.8424246100e-02    2.2030296066e-01    5.5488056846e-02    4.9019112957e+01    2.9411467774e+01    2.9411467774e+01
    3.0324653915e+03    2.1272587243e+03   -3.7592476717e+04    1.3968261235e+02    1.3960203300e+02    1.3962926649e+02   -4.2031294810e-02   -1.6062365346e-01    1.4249065010e-01    4.9019112957e+01    2.9411467774e+01    2.9411467774e+01
    3.0155995585e+03    2.1154274300e+03   -3.7579379993e+04    1.3962274321e+02    1.3946019951e+02    1.4004639731e+02   -2.1131220767e-01    2.2245659961e-02   -1.9686208428e-01    4.9019112957e+01    2.9411467774e+01    2.9411467774e+01
    2.9427028071e+03    2.0642907375e+03   -3.7529391570e+04    1.3999157945e+02    1.4016754510e+02    1.3993314814e+02    1.5033394421e-02   -2.6944011750e-02   -2.5815577309e-01    4.9019112957e+01    2.9411467774e+01    2.9411467774e+01
    3.0297048498e+03    2.1253222187e+03   -3.7591567443e+04    1.3974552516e+02    1.3958805765e+02    1.3954596349e+02   -1.0078242464e-01   -4.4002602382e-02    1.4905230168e-03    4.9019112957e+01    2.9411467774e+01    2.9411467774e+01
    3.0294020924e+03    2.1251098359e+03   -3.7593691952e+04    1.4008612811e+02    1.3958686121e+02    1.3943443190e+02    1.4497877718e-01   -9.2223533149e-02   -2.0963793202e-01    4.9019112957e+01    2.9411467774e+01    2.9411467774e+01
    3.0135068745e+03    2.1139594230e+03   -3.7576664475e+04    1.3953457135e+02    1.4013115780e+02    1.3991407743e+02   -3.6659746032e-02    1.9338023411e-02    4.2508749255e-02    4.9019112957e+01    2.9411467774e+01    2.9411467774e+01
    3.0291184120e+03    2.1249108355e+03   -3.7590851562e+04    1.4035468884e+02    1.3948125687e+02    1.3921293301e+02    2.0567726233e-01   -2.3101696602e-01    1.3895811245e-01    4.9019112957e+01    2.9411467774e+01    2.9411467774e+01
    3.0044060684e+03    2.1075752549e+03   -3.7570781623e+04    1.4017224478e+02    1.3939010473e+02    1.3995723358e+02   -8.2118963717e-02    4.2192908383e-03    2.5651146470e-01    4.9019112957e+01    2.9411467774e+01    2.9411467774e+01
    3.0084692014e+03    2.1104255215e+03   -3.7572606239e+04    1.3975325389e+02    1.4006724743e+02    1.3957077591e+02    1.4944203173e-01    1.0673274978e-01    9.3781986686e-02    4.9019112957e+01    2.9411467774e+01    2.9411467774e+01
    2.9910339812e+03    2.0981948051e+03   -3.7563038210e+04    1.4033211705e+02    1.3991011720e+02    1.3936321263e+02    7.4473474476e-02    6.0975219137e-02   -7.9123664661e-02    4.9019112957e+01    2.9411467774e+01    2.9411467774e+01
    3.0300987763e+03    2.1255985560e+03   -3.7587091338e+04    1.3973418162e+02    1.3975388404e+02    1.3936267598e+02   -3.7235791356e-01   -1.5476877959e-01   -2.6175508830e-01    4.9019112957e+01    2.9411467774e+01    2.9411467774e+01
    2.9830532273e+03    2.0925963477e+03   -3.7556420964e+04    1.3995100628e+02    1.4018793468e+02    1.3987228112e+02    4.8646552052e-02   -1.3101394962e-02   -9.0770182960e-02    4.9019112957e+01    2.9411467774e+01    2.9411467774e+01
    3.0073780227e+03    2.1096600654e+03   -3.7573109841e+04    1.4072133100e+02    1.3945190281e+02    1.3926907699e+02    1.1423287085e-01    2.1989306546e-01    4.9410341881e-03    4.9019112957e+01    2.9411467774e+01    2.9411467774e+01
    2.9936477025e+03    2.1000283170e+03   -3.7565379453e+04    1.4025725423e+02    1.3982885653e+02    1.3955145616e+02    1.3791588861e-01   -8.0717979482e-02    7.6038326438e-03    4.9019112957e+01    2.9411467774e+01    2.9411467774e+01
    3.0004660297e+03    2.1048113382e+03   -3.7568719665e+04    1.4066361387e+02    1.3958355885e+02    1.3954113539e+02   -2.2500560142e-02   -1.5594129995e-01    1.2384367338e-01    4.9019112957e+01    2.9411467774e+01    2.9411467774e+01
    2.9915945235e+03    2.0985880226e+03   -3.7564005553e+04    1.4020422013e+02    1.3958642855e+02    1.3992432150e+02   -4.0714619571e-01   -1.1554303885e-01   -2.9158547567e-02    4.9019112957e+01    2.9411467774e+01    2.9411467774e+01
    2.9548701152e+03    2.0728260409e+03   -3.7539846039e+04    1.4025088780e+02    1.4001448228e+02    1.3990819134e+02    1.2316569290e-02   -2.9192511021e-03   -1.3698595991e-01    4.9019112957e+01    2.9411467774e+01    2.9411467774e+01
    2.9715131614e+03    2.0845010514e+03   -3.7548845236e+04    1.4015031634e+02    1.3963225107e+02    1.4011491927e+02   -6.6030701003e-02    1.1637358779e-01   -1.5609068921e-01    4.9019112957e+01    2.9411467774e+01    2.9411467774e+01
    3.0157903560e+03    2.1155612735e+03   -3.7582364645e+04    1.3915965729e+02    1.4005542488e+02    1.3954444966e+02   -1.3898159591e-01   -4.2330248455e-02   -1.3642278610e-01    4.9019112957e+01    2.9411467774e+01    2.9411467774e+01
    3.0174911647e+03    2.1167543819e+03   -3.7583373441e+04    1.4011300809e+02    1.3918309836e+02    1.3989717849e+02    3.0576643936e-01    3.3971604909e-02   -6.1169696883e-02    4.9019112957e+01    2.9411467774e+01    2.9411467774e+01
    3.0145559280e+03    2.1146953287e+03   -3.7581016116e+04    1.3966338399e+02    1.3975293228e+02    1.3968906877e+02   -2.3839843868e-01    9.9818298885e-02   -7.5817657810e-02    4.9019112957e+01    2.9411467774e+01    2.9411467774e+01
    2.9879171357e+03    2.0960083542e+03   -3.7562646685e+04    1.3995069469e+02    1.3921163713e+02    1.4002716495e+02    8.5390331053e-02   -5.5116154174e-02   -2.0338765647e-01    4.9019112957e+01    2.9411467774e+01    2.9411467774e+01
    3.0007340135e+03    2.1049993274e+03   -3.7570693310e+04    1.4019584962e+02    1.3980965641e+02    1.3984370453e+02   -1.0542957806e-01    3.7985149751e-02   -8.5099143171e-02    4.9019112957e+01    2.9411467774e+01    2.9411467774e+01
    3.0074966270e+03    2.1097432657e+03   -3.7575724030e+04    1.4013808050e+02    1.3900258726e+02    1.3967534424e+02    2.1902370964e-01    1.6950051571e-01   -3.3526693508e-03    4.9019112957e+01    2.9411467774e+01    2.9411467774e+01
    3.0155098794e+03    2.1153645206e+03   -3.7581818458e+04    1.3974699550e+02    1.3955120729e+02    1.3952566937e+02   -2.4453970971e-01    7.0351785060e-02    5.9203073466e-02    4.9019112957e+01    2.9411467774e+01    2.9411467774e+01
    3.0363680826e+03    2.1299964419e+03   -3.7594520154e+04    1.4012996093e+02    1.3949823428e+02    1.3949460075e+02    7.5090733238e-02    1.1596086398e-01   -1.8147206660e-01    4.9019112957e+01    2.9411467774e+01    2.9411467774e+01
    2.9840190155e+03    2.0932738431e+03   -3.7557768123e+04    1.3983019274e+02    1.3977630398e+02    1.4037177592e+02   -4.1699468901e-02   -1.7485293008e-01   -2.3331884492e-01    4.9019112957e+01    2.9411467774e+01    2.9411467774e+01
    2.9955018541e+03    2.1013289947e+03   -3.7564942283e+04    1.4001321676e+02    1.3938069988e+02    1.3978913694e+02    1.7549910768e-02   -6.4617855924e-02    5.0045615671e-02    4.9019112957e+01    2.9411467774e+01    2.9411467774e+01
    3.0334947788e+03    2.1279808342e+03   -3.7593817460e+04    1.4030959788e+02    1.3977971269e+02    1.3945626950e+02   -6.5644021809e-02    3.4299836073e-03   -3.6198397680e-01    4.9019112957e+01    2.9411467774e+01    2.9411467774e+01
    3.0183496813e+03    2.1173566269e+03   -3.7581035110e+04    1.4027058789e+02    1.3984520822e+02    1.3923743258e+02    1.1409997403e-01   -1.6353959187e-01   -7.9544137881e-03    4.9019112957e+01    2.9411467774e+01    2.9411467774e+01
    3.0094389011e+03    2.1111057608e+03   -3.7576630230e+04    1.3982171002e+02    1.3993387250e+02    1.3953683755e+02    1.5034656201e-01    3.4535998532e-01   -2.3972912581e-02    4.9019112957e+01    2.9411467774e+01    2.9411467774e+01
    2.9839253949e+03    2.0932081687e+03   -3.7556485588e+04    1.3980958034e+02    1.3967333477e+02    1.3991364737e+02    2.4587447344e-01    1.1374963580e-02   -2.4839902715e-02    4.9019112957e+01    2.9411467774e+01    2.9411467774e+01
    2.9650980083e+03    2.0800008548e+03   -3.7544387367e+04    1.4015548456e+02    1.3959063824e+02    1.4005742064e+02   -2.2646418287e-01    1.2114542781e-01    9.4777181408e-02    4.9019112957e+01    2.9411467774e+01    2.9411467774e+01
    2.9793041282e+03    2.0899663741e+03   -3.7555290473e+04    1.4021102435e+02    1.3944769876e+02    1.3976788820e+02   -1.9433465818e-01    6.0726771801e-02    4.3969400052e-02    4.9019112957e+01    2.9411467774e+01    2.9411467774e+01
    2.9874591330e+03    2.0956870677e+03   -3.7561642049e+04    1.4027625941e+02    1.4007706398e+02    1.3942104641e+02   -9.7760750463e-02    4.2316307909e-02    7.7051999889e-02    4.9019112957e+01    2.9411467774e+01    2.9411467774e+01
    2.9461502990e+03    2.0667091351e+03   -3.7531568897e+04    1.4039915815e+02    1.4026654409e+02    1.3950826485e+02    7.7468809920e-02    5.1791427394e-02    1.4874753488e-01    4.9019112957e+01    2.9411467774e+01    2.9411467774e+01
    3.0293942582e+03    2.1251043402e+03   -3.7591579066e+04    1.3913390266e+02    1.3984286645e+02    1.3985994112e+02    4.4340778711e-02   -6.2917114455e-02   -1.7043771748e-02    4.9019112957e+01    2.9411467774e+01    2.9411467774e+01
    3.0315842430e+03    2.1266406032e+03   -3.7592016026e+04    1.4022112490e+02    1.3951503560e+02    1.3948426363e+02    1.4112004457e-01    2.5601562903e-01    1.3570723330e-01    4.9019112957e+01    2.9411467774e+01    2.9411467774e+01
    2.9980201084e+03    2.1030955370e+03   -3.7568442055e+04    1.3979267998e+02    1.4041455450e+02    1.3900172010e+02   -3.5740546369e-01   -1.2756063969e-01    9.2097813570e-03    4.9019112957e+01    2.9411467774e+01    2.9411467774e+01
    2.9813548454e+03    2.0914049416e+03   -3.7556848840e+04    1.4012035934e+02    1.3976977820e+02    1.3973716280e+02   -3.6882747323e-01    1.2726033304e-03   -1.9422359817e-01    4.9019112957e+01    2.9411467774e+01    2.9411467774e+01
    3.0199405245e+03    2.1184725951e+03   -3.7585041147e+04    1.4013663596e+02    1.3987613611e+02    1.3938843167e+02   -3.5346842999e-01    2.6603097476e-01   -1.3525638128e-04    4.9019112957e+01    2.9411467774e+01    2.9411467774e+01
    2.9821274676e+03    2.0919469321e+03   -3.7553707555e+04    1.3975517712e+02    1.4016876016e+02    1.4003783318e+02   -7.9749601563e-02   -8.8723415538e-02   -5.8356939907e-02    4.9019112957e+01    2.9411467774e+01    2.9411467774e+01
    2.9911789308e+03    2.0982964865e+03   -3.7559831688e+04    1.4018557740e+02    1.4006492399e+02    1.3963237204e+02    9.6951420897e-02    3.5783284542e-02    6.4041866815e-02    4.9019112957e+01    2.9411467774e+01    2.9411467774e+01
    3.0167406229e+03    2.1162278808e+03   -3.7581706315e+04    1.4080658752e+02    1.3901637595e+02    1.3962285283e+02    1.1122127860e-01    2.8568015283e-01    1.3293943853e-01    4.9019112957e+01    2.9411467774e+01    2.9411467774e+01
    3.0242634907e+03    2.1215051335e+03   -3.7588848886e+04    1.3983327869e+02    1.3941818175e+02    1.3957403302e+02   -1.3172165987e-01    3.2712614794e-02    1.1371517572e-01    4.9019112957e+01    2.9411467774e+01    2.9411467774e+01
    3.0280727215e+03    2.1241772891e+03   -3.7589831872e+04    1.4021210810e+02    1.4002845712e+02    1.3912091043e+02   -1.9776444509e-01    1.3443342107e-01   -2.6448523841e-02    4.9019112957e+01    2.9411467774e+01    2.9411467774e+01
    2.9691160317e+03    2.0828194774e+03   -3.7547474274e+04    1.4018347622e+02    1.3990826290e+02    1.3977353840e+02   -7.7803383430e-02   -1.7377239636e-01    1.8517613062e-01    4.9019112957e+01    2.9411467774e+01    2.9411467774e+01
    3.0377360738e+03    2.1309560806e+03   -3.7596615422e+04    1.3963752178e+02    1.3954388314e+02    1.3970431931e+02   -1.1522466079e-01   -2.7419469919e-01   -5.5328553816e-03    4.9019112957e+01    2.9411467774e+01    2.9411467774e+01
    2.9682251769e+03    2.0821945474e+03   -3.7547521064e+04    1.3998173547e+02    1.4021138610e+02    1.3967642068e+02    1.0415170452e-01    1.0752893259e-01    1.0340536645e-02    4.9019112957e+01    2.9411467774e+01    2.9411467774e+01
    2.9280908634e+03    2.0540405349e+03   -3.7521778270e+04    1.3996230051e+02    1.4068946543e+02    1.4008153761e+02   -8.1946969357e-02   -1.0710134338e-01   -1.3328563380e-01    4.9019112957e+01    2.9411467774e+01    2.9411467774e+01
    2.9762180149e+03    2.0878014817e+03   -3.7554762237e+04    1.4101301919e+02    1.3954665242e+02    1.3983530450e+02   -1.9664385740e-01   -3.0893195243e-01   -1.3069762759e-01    4.9019112957e+01    2.9411467774e+01    2.9411467774e+01
    2.9924612614e+03    2.0991960347e+03   -3.7564836649e+04    1.4051222330e+02    1.3946883217e+02    1.3910865811e+02   -1.3655355998e-02   -3.6355904896e-02    2.1211554316e-01    4.9019112957e+01    2.9411467774e+01    2.9411467774e+01
    3.0132575084e+03    2.1137844940e+03   -3.7576541336e+04    1.4025790130e+02    1.3967648379e+02    1.3973830826e+02   -3.6962590231e-02    1.9076454638e-02   -1.7167844537e-01    4.9019112957e+01    2.9411467774e+01    2.9411467774e+01
    2.9639103929e+03    2.0791677488e+03   -3.7542879709e+04    1.4022893496e+02    1.3990079987e+02    1.3988808172e+02    3.4211342574e-02   -1.4590550705e-01    4.5655413902e-02    4.9019112957e+01    2.9411467774e+01    2.9411467774e+01
    2.9633165106e+03    2.0787511434e+03   -3.7543421542e+04    1.4027674770e+02    1.3998550823e+02    1.3953138181e+02   -1.8179201098e-01    1.1320864777e-01    1.6840412095e-02    4.9019112957e+01    2.9411467774e+01    2.9411467774e+01
    2.9660603326e+03    2.0806759203e+03   -3.7544363765e+04    1.3979461353e+02    1.4004507339e+02    1.4021041738e+02    3.0009971763e-01    1.1361659779e-01   -3.0109110854e-02    4.9019112957e+01    2.9411467774e+01    2.9411467774e+01
    2.9678374833e+03    2.0819225823e+03   -3.7545143092e+04    1.3995310886e+02    1.3996074007e+02    1.3963219993e+02    1.1783814674e-01    3.1614569676e-02    2.7684946813e-02    4.9019112957e+01    2.9411467774e+01    2.9411467774e+01
    3.0039678752e+03    2.1072678646e+03   -3.7573838328e+04    1.3992489936e+02    1.3958951694e+02    1.4002717273e+02   -1.7985401429e-01    1.8294817944e-01    5.4480207770e-03    4.9019112957e+01    2.9411467774e+01    2.9411467774e+01
    3.0332551415e+03    2.1278127298e+03   -3.7592841641e+04    1.4006541644e+02    1.3976539901e+02    1.3925576270e+02   -3.6183793602e-01   -4.9024906198e-02    1.5393014859e-02    4.9019112957e+01    2.9411467774e+01    2.9411467774e+01
    3.0332551415e+03    2.1278127298e+03   -3.7592841641e+04    1.4006541644e+02    1.3976539901e+02    1.3925576270e+02   -3.6183793602e-01   -4.9024906198e-02    1.5393014859e-02    4.9019112957e+01    2.9411467774e+01    2.9411467774e+01
    3.0332551415e+03    2.1278127298e+03   -3.7592841641e+04    1.4006541644e+02    1.3976539901e+02    1.3925576270e+02   -3.6183793602e-01   -4.9024906198e-02    1.5393014859e-02    4.9019112957e+01    2.9411467774e+01    2.9411467774e+01
    3.0332551415e+03    2.1278127298e+03   -3.7592841641e+04    1.4006541644e+02    1.3976539901e+02    1.3925576270e+02   -3.6183793602e-01   -4.9024906198e-02    1.5393014859e-02    4.9019112957e+01    2.9411467774e+01    2.9411467774e+01
    3.0332551415e+03    2.1278127298e+03   -3.7592841641e+04    1.4006541644e+02    1.3976539901e+02    1.3925576270e+02   -3.6183793602e-01   -4.9024906198e-02    1.5393014859e-02    4.9019112957e+01    2.9411467774e+01    2.9411467774e+01
    3.0332551415e+03    2.1278127298e+03   -3.7592841641e+04    1.4006541644e+02    1.3976539901e+02    1.3925576270e+02   -3.6183793602e-01   -4.9024906198e-02    1.5393014859e-02    4.9019112957e+01    2.9411467774e+01    2.9411467774e+01
    3.0332551415e+03    2.1278127298e+03   -3.7592841641e+04    1.4006541644e+02    1.3976539901e+02    1.3925576270e+02   -3.6183793602e-01   -4.9024906198e-02    1.5393014859e-02    4.9019112957e+01    2.9411467774e+01    2.9411467774e+01
    3.0332551415e+03    2.1278127298e+03   -3.7592841641e+04    1.4006541644e+02    1.3976539901e+02    1.3925576270e+02   -3.6183793602e-01   -4.9024906198e-02    1.5393014859e-02    4.9019112957e+01    2.9411467774e+01    2.9411467774e+01
    3.0332551415e+03    2.1278127298e+03   -3.7592841641e+04    1.4006541644e+02    1.3976539901e+02    1.3925576270e+02   -3.6183793602e-01   -4.9024906198e-02    1.5393014859e-02    4.9019112957e+01    2.9411467774e+01    2.9411467774e+01
    3.0332551415e+03    2.1278127298e+03   -3.7592841641e+04    1.4006541644e+02    1.3976539901e+02    1.3925576270e+02   -3.6183793602e-01   -4.9024906198e-02    1.5393014859e-02    4.9019112957e+01    2.9411467774e+01    2.9411467774e+01
    3.0332551415e+03    2.1278127298e+03   -3.7592841641e+04    1.4006541644e+02    1.3976539901e+02    1.3925576270e+02   -3.6183793602e-01   -4.9024906198e-02    1.5393014859e-02    4.9019112957e+01    2.9411467774e+01    2.9411467774e+01
    3.0332551415e+03    2.1278127298e+03   -3.7592841641e+04    1.4006541644e+02    1.3976539901e+02    1.3925576270e+02   -3.6183793602e-01   -4.9024906198e-02    1.5393014859e-02    4.9019112957e+01    2.9411467774e+01    2.9411467774e+01
    3.0332551415e+03    2.1278127298e+03   -3.7592841641e+04    1.4006541644e+02    1.3976539901e+02    1.3925576270e+02   -3.6183793602e-01   -4.9024906198e-02    1.5393014859e-02    4.9019112957e+01    2.9411467774e+01    2.9411467774e+01
    3.0332551415e+03    2.1278127298e+03   -3.7592841641e+04    1.4006541644e+02    1.3976539901e+02    1.3925576270e+02   -3.6183793602e-01   -4.9024906198e-02    1.5393014859e-02    4.9019112957e+01    2.9411467774e+01    2.9411467774e+01
    3.0332551415e+03    2.1278127298e+03   -3.7592841641e+04    1.4006541644e+02    1.3976539901e+02    1.3925576270e+02   -3.6183793602e-01   -4.9024906198e-02    1.5393014859e-02    4.9019112957e+01    2.9411467774e+01    2.9411467774e+01
    3.0332551415e+03    2.1278127298e+03   -3.7592841641e+04    1.4006541644e+02    1.3976539901e+02    1.3925576270e+02   -3.6183793602e-01   -4.9024906198e-02    1.5393014859e-02    4.9019112957e+01    2.9411467774e+01    2.9411467774e+01
    3.0332551415e+03    2.1278127298e+03   -3.7592841641e+04    1.4006541644e+02    1.3976539901e+02    1.3925576270e+02   -3.6183793602e-01   -4.9024906198e-02    1.5393014859e-02    4.9019112957e+01    2.9411467774e+01    2.9411467774e+01
    3.0332551415e+03    2.1278127298e+03   -3.7592841641e+04    1.4006541644e+02    1.3976539901e+02    1.3925576270e+02   -3.6183793602e-01   -4.9024906198e-02    1.5393014859e-02    4.9019112957e+01    2.9411467774e+01    2.9411467774e+01
    3.0332551415e+03    2.1278127298e+03   -3.7592841641e+04    1.4006541644e+02    1.3976539901e+02    1.3925576270e+02   -3.6183793602e-01   -4.9024906198e-02    1.5393014859e-02    4.9019112957e+01    2.9411467774e+01    2.9411467774e+01
    3.0332551415e+03    2.1278127298e+03   -3.7592841641e+04    1.4006541644e+02    1.3976539901e+02    1.3925576270e+02   -3.6183793602e-01   -4.9024906198e-02    1.5393014859e-02    4.9019112957e+01    2.9411467774e+01    2.9411467774e+01
    3.0332551415e+03    2.1278127298e+03   -3.7592841641e+04    1.4006541644e+02    1.3976539901e+02    1.3925576270e+02   -3.6183793602e-01   -4.9024906198e-02    1.5393014859e-02    4.9019112957e+01    2.9411467774e+01    2.9411467774e+01
    3.0332551415e+03    2.1278127298e+03   -3.7592841641e+04    1.4006541644e+02    1.3976539901e+02    1.3925576270e+02   -3.6183793602e-01   -4.9024906198e-02    1.5393014859e-02    4.9019112957e+01    2.9411467774e+01    2.9411467774e+01
    3.0332551415e+03    2.1278127298e+03   -3.7592841641e+04    1.4006541644e+02    1.3976539901e+02    1.3925576270e+02   -3.6183793602e-01   -4.9024906198e-02    1.5393014859e-02    4.9019112957e+01    2.9411467774e+01    2.9411467774e+01
    3.0332551415e+03    2.1278127298e+03   -3.7592841641e+04    1.4006541644e+02    1.3976539901e+02    1.3925576270e+02   -3.6183793602e-01   -4.9024906198e-02    1.5393014859e-02    4.9019112957e+01    2.9411467774e+01    2.9411467774e+01
    3.0332551415e+03    2.1278127298e+03   -3.7592841641e+04    1.4006541644e+02    1.3976539901e+02    1.3925576270e+02   -3.6183793602e-01   -4.9024906198e-02    1.5393014859e-02    4.9019112957e+01    2.9411467774e+01    2.9411467774e+01
    3.0332551415e+03    2.1278127298e+03   -3.7592841641e+04    1.4006541644e+02    1.3976539901e+02    1.3925576270e+02   -3.6183793602e-01   -4.9024906198e-02    1.5393014859e-02    4.9019112957e+01    2.9411467774e+01    2.9411467774e+01
    3.0332551415e+03    2.1278127298e+03   -3.7592841641e+04    1.4006541644e+02    1.3976539901e+02    1.3925576270e+02   -3.6183793602e-01   -4.9024906198e-02    1.5393014859e-02    4.9019112957e+01    2.9411467774e+01    2.9411467774e+01
    3.0332551415e+03    2.1278127298e+03   -3.7592841641e+04    1.4006541644e+02    1.3976539901e+02    1.3925576270e+02   -3.6183793602e-01   -4.9024906198e-02    1.5393014859e-02    4.9019112957e+01    2.9411467774e+01    2.9411467774e+01
    3.0332551415e+03    2.1278127298e+03   -3.7592841641e+04    1.4006541644e+02    1.3976539901e+02    1.3925576270e+02   -3.6183793602e-01   -4.9024906198e-02    1.5393014859e-02    4.9019112957e+01    2.9411467774e+01    2.9411467774e+01
    3.0332551415e+03    2.1278127298e+03   -3.7592841641e+04    1.4006541644e+02    1.3976539901e+02    1.3925576270e+02   -3.6183793602e-01   -4.9024906198e-02    1.5393014859e-02    4.9019112957e+01    2.9411467774e+01    2.9411467774e+01
    3.0332551415e+03    2.1278127298e+03   -3.7592841641e+04    1.4006541644e+02    1.3976539901e+02    1.3925576270e+02   -3.6183793602e-01   -4.9024906198e-02    1.5393014859e-02    4.9019112957e+01    2.9411467774e+01    2.9411467774e+01
