    3.0087068421e+03    2.8981266377e+03   -5.8355842477e+04    4.0031147615e+01    3.9927135336e+01    3.9615243213e+01    1.6288394573e-01   -1.4767300079e-01   -3.4475069733e-02    7.3791731584e+01    3.1625027822e+01    3.1625027822e+01
    2.9915037580e+03    2.8815558254e+03   -5.8322847279e+04    4.0066519232e+01    3.9613553224e+01    4.0345118035e+01    1.0370844660e-01    7.7474874763e-02    6.0209561451e-02    7.3791731584e+01    3.1625027822e+01    3.1625027822e+01
    2.9722815288e+03    2.8630400784e+03   -5.8301887624e+04    4.0524289439e+01    3.9847357377e+01    3.9696468957e+01    2.6042986323e-02   -4.7852979129e-02   -1.8036571890e-02    7.3791731584e+01    3.1625027822e+01    3.1625027822e+01
    2.9866664063e+03    2.8768962628e+03   -5.8316015223e+04    4.0085183158e+01    3.9305487173e+01    3.9754827196e+01    1.1152621327e-01    5.1711538208e-03    6.1011551799e-02    7.3791731584e+01    3.1625027822e+01    3.1625027822e+01
    3.0047019547e+03    2.8942689435e+03   -5.8337234676e+04    3.9924601585e+01    3.9459116449e+01    3.9577809466e+01    5.0116389436e-02    1.8930248442e-01    1.6943025757e-01    7.3791731584e+01    3.1625027822e+01    3.1625027822e+01
    2.9994939578e+03    2.8892523582e+03   -5.8329376765e+04    4.0080723452e+01    3.9639460985e+01    3.9717944266e+01   -8.4622589683e-02   -8.4478634296e-02    4.6706655539e-02    7.3791731584e+01    3.1625027822e+01    3.1625027822e+01
    3.0205795140e+03    2.9095629485e+03   -5.8349398003e+04    3.9901361052e+01    3.9463765635e+01    3.9938721778e+01    3.1387792310e-02    1.0170963014e-01   -2.0768785285e-02    7.3791731584e+01    3.1625027822e+01    3.1625027822e+01
    3.0184051829e+03    2.9074685315e+03   -5.8347980687e+04    3.9570565039e+01    3.9861983465e+01    3.9639407566e+01   -7.8100960448e-02   -4.8739521934e-02    2.5424570378e-01    7.3791731584e+01    3.1625027822e+01    3.1625027822e+01
    2.9951807708e+03    2.8850976955e+03   -5.8324675497e+04    3.9666791733e+01    4.0276736098e+01    3.9913804315e+01    7.7325476066e-02    1.9821940209e-01    4.3416393276e-02    7.3791731584e+01    3.1625027822e+01    3.1625027822e+01
    2.9943220601e+03    2.8842705453e+03   -5.8322287621e+04    4.0204767903e+01    4.0105928531e+01    3.9799069202e+01    5.4532487808e-02    1.3169607930e-01    1.1050932183e-01    7.3791731584e+01    3.1625027822e+01    3.1625027822e+01
    2.9937290365e+03    2.8836993173e+03   -5.8322596015e+04    3.9566185493e+01    3.9845661322e+01    3.9949327465e+01   -3.5260262381e-02    6.7411511669e-02   -1.6819172060e-01    7.3791731584e+01    3.1625027822e+01    3.1625027822e+01
    3.0066163045e+03    2.8961129344e+03   -5.8336011422e+04    3.9485944488e+01    3.9388548292e+01    3.9697847349e+01    3.5828657896e-02    7.9729400298e-02    2.3723289464e-01    7.3791731584e+01    3.1625027822e+01    3.1625027822e+01
    3.0186031282e+03    2.9076592016e+03   -5.8348440287e+04    4.0290230649e+01    3.9479802138e+01    3.9540493830e+01   -1.2139321493e-01   -5.4223114265e-03    1.3352260440e-01    7.3791731584e+01    3.1625027822e+01    3.1625027822e+01
    2.9998754861e+03    2.8896198641e+03   -5.8327537750e+04    4.0038087650e+01    3.9996769650e+01    3.9443013805e+01   -1.4109071140e-01    1.8424078407e-01    9.7815299719e-02    7.3791731584e+01    3.1625027822e+01    3.1625027822e+01
    3.0022879342e+03    2.8919436465e+03   -5.8334012206e+04    4.0166271217e+01    3.9462046278e+01    3.9866227120e+01   -6.2262782676e-02    4.0896426975e-02   -8.3444817372e-02    7.3791731584e+01    3.1625027822e+01    3.1625027822e+01
    2.9815201406e+03    2.8719391399e+03   -5.8312136596e+04    3.9901777797e+01    3.9579247493e+01    3.9734954543e+01   -1.3660118998e-01   -1.2420531091e-02   -6.4325328530e-02    7.3791731584e+01    3.1625027822e+01    3.1625027822e+01
    3.0032659422e+03    2.8928857093e+03   -5.8338495710e+04    4.0245108410e+01    3.9429229935e+01    3.9358100145e+01   -1.5644235674e-01   -7.0932243580e-02   -1.0933040564e-01    7.3791731584e+01    3.1625027822e+01    3.1625027822e+01
    2.9898862377e+03    2.8799977545e+03   -5.8319617216e+04    3.9762709242e+01    4.0090745071e+01    3.9693497542e+01   -4.9149986484e-02    1.0852063246e-01    1.8193091978e-01    7.3791731584e+01    3.1625027822e+01    3.1625027822e+01
    2.9939534548e+03    2.8839154875e+03   -5.8325066376e+04    3.9812657572e+01    3.9828385500e+01    3.9856589434e+01   -1.4610445591e-01   -1.2261674651e-02    1.0962979695e-02    7.3791731584e+01    3.1625027822e+01    3.1625027822e+01
    3.0186166830e+03    2.9076722582e+03   -5.8347213758e+04    3.9900454338e+01    3.9882462070e+01    3.9401766639e+01    1.5348564125e-02   -1.0414588942e-01   -1.9658551625e-02    7.3791731584e+01    3.1625027822e+01    3.1625027822e+01
    2.9868099090e+03    2.8770344913e+03   -5.8316535034e+04    3.9924705070e+01    3.9443514462e+01    3.9957325359e+01    1.4020620374e-01    1.5201794195e-01   -6.7214023148e-02    7.3791731584e+01    3.1625027822e+01    3.1625027822e+01
    2.9871014149e+03    2.8773152833e+03   -5.8314925819e+04    4.0479681037e+01    3.9385937872e+01    3.9896658534e+01    8.9388777281e-02   -1.1263584667e-01   -8.6427170553e-02    7.3791731584e+01    3.1625027822e+01    3.1625027822e+01
    3.0199882490e+03    2.9089934145e+03   -5.8349855490e+04    3.9855325057e+01    3.9823738269e+01    3.9509486012e+01   -4.6413238596e-02   -1.1081648925e-01    8.7450162357e-02    7.3791731584e+01    3.1625027822e+01    3.1625027822e+01
    3.0139357642e+03    2.9031633791e+03   -5.8347791906e+04    4.0186952842e+01    3.9294442685e+01    3.9452747553e+01   -4.4674756823e-03   -9.0210939007e-02    1.6572058002e-01    7.3791731584e+01    3.1625027822e+01    3.1625027822e+01
    3.0167703531e+03    2.9058937873e+03   -5.8342572510e+04    4.0430309792e+01    3.9570935445e+01    3.9379356769e+01    1.6754070748e-02   -1.3420122818e-01    1.4712112238e-01    7.3791731584e+01    3.1625027822e+01    3.1625027822e+01
    3.0060471520e+03    2.8955647002e+03   -5.8334113741e+04    4.0181221906e+01    3.9866115919e+01    3.9575982191e+01    9.6340460341e-02    1.5435673462e-01    1.4781156525e-01    7.3791731584e+01    3.1625027822e+01    3.1625027822e+01
    2.9918311150e+03    2.8818711509e+03   -5.8320353559e+04    4.0407319165e+01    3.9737108181e+01    3.9553227854e+01    4.0199562134e-02    1.1678393971e-01    1.3869312423e-01    7.3791731584e+01    3.1625027822e+01    3.1625027822e+01
    3.0084314263e+03    2.8978613444e+03   -5.8341988252e+04    4.0116697876e+01    3.9451500170e+01    3.9811255159e+01    5.2405447426e-02   -1.3986143471e-01   -1.5606462967e-01    7.3791731584e+01    3.1625027822e+01    3.1625027822e+01
    2.9970091816e+03    2.8868589059e+03   -5.8329549581e+04    3.9799302414e+01    3.9474811103e+01    4.0022160326e+01   -1.1044899848e-01   -2.1751024465e-01   -4.9114712595e-02    7.3791731584e+01    3.1625027822e+01    3.1625027822e+01
    3.0147284447e+03    2.9039269259e+03   -5.8346466185e+04    3.9815811171e+01    3.9443748474e+01    3.9648512446e+01   -5.0686310100e-02   -6.7337466580e-02    1.5627335422e-01    7.3791731584e+01    3.1625027822e+01    3.1625027822e+01
    2.9383283289e+03    2.8303347741e+03   -5.8271680666e+04    4.0597209899e+01    3.9623982347e+01    3.9995133345e+01   -1.0207070580e-01    6.3152859720e-02    2.6663289659e-02    7.3791731584e+01    3.1625027822e+01    3.1625027822e+01
    2.9899532560e+03    2.8800623096e+03   -5.8322134232e+04    3.9788915702e+01    3.9563346480e+01    3.9767432542e+01   -1.8002886796e-01    1.7599430959e-02   -3.7451552462e-02    7.3791731584e+01    3.1625027822e+01    3.1625027822e+01
    3.0174070278e+03    2.9065070620e+03   -5.8349862752e+04    3.9963236953e+01    3.9550355506e+01    3.9510981322e+01    6.7338093478e-02    6.0782300071e-02   -4.4377608490e-03    7.3791731584e+01    3.1625027822e+01    3.1625027822e+01
    2.9792820400e+03    2.8697832971e+03   -5.8311674125e+04    3.9765062570e+01    3.9715529724e+01    4.0001675896e+01    3.5586541260e-02   -1.3922362216e-02   -1.6583757732e-01    7.3791731584e+01    3.1625027822e+01    3.1625027822e+01
    3.0239689025e+03    2.9128277655e+03   -5.8354789605e+04    3.9600356058e+01    3.9355850313e+01    3.9824412241e+01    9.3075515016e-02    3.1391783722e-02    1.2621917378e-01    7.3791731584e+01    3.1625027822e+01    3.1625027822e+01
    3.0007862737e+03    2.8904971771e+03   -5.8333305876e+04    3.9877654934e+01    3.9825614917e+01    3.9595923879e+01    9.7358620780e-02   -4.8378891538e-02   -1.1645068110e-01    7.3791731584e+01    3.1625027822e+01    3.1625027822e+01
    3.0009495832e+03    2.8906544844e+03   -5.8326582295e+04    3.9989325146e+01    4.0084900529e+01    3.9277517157e+01    1.4101880412e-02   -2.7853963948e-02    1.3742158380e-01    7.3791731584e+01    3.1625027822e+01    3.1625027822e+01
    2.9933926006e+03    2.8833752466e+03   -5.8321889901e+04    3.9826380292e+01    3.9763579315e+01    3.9835076698e+01   -8.0284690694e-02    4.3350358442e-02    4.4385726858e-02    7.3791731584e+01    3.1625027822e+01    3.1625027822e+01
    2.9738852690e+03    2.8645848757e+03   -5.8306618196e+04    4.0301937984e+01    3.9866318395e+01    3.9728218891e+01    5.2541552088e-02   -3.8289989551e-02    4.7408436066e-02    7.3791731584e+01    3.1625027822e+01    3.1625027822e+01
    2.9973222470e+03    2.8871604651e+03   -5.8326359004e+04    4.0050820411e+01    3.9729991494e+01    3.9643154698e+01   -5.7430414715e-04   -1.8908543287e-02   -3.1104680839e-02    7.3791731584e+01    3.1625027822e+01    3.1625027822e+01
    2.9979952707e+03    2.8878087530e+03   -5.8324605537e+04    4.0025107238e+01    3.9539626619e+01    3.9614887686e+01    2.2801805479e-01   -6.5342440768e-02   -2.2254000972e-03    7.3791731584e+01    3.1625027822e+01    3.1625027822e+01
    2.9775557992e+03    2.8681205015e+03   -5.8306123627e+04    4.0137749230e+01    3.9678045247e+01    3.9779563092e+01   -2.4079802920e-02    1.9854194892e-02   -4.2365524270e-02    7.3791731584e+01    3.1625027822e+01    3.1625027822e+01
    3.0258747123e+03    2.9146635303e+03   -5.8352676260e+04    4.0043506535e+01    3.9966420503e+01    3.9297047034e+01    1.0750301692e-01    3.6233874593e-02   -6.3604389005e-03    7.3791731584e+01    3.1625027822e+01    3.1625027822e+01
    3.0218215298e+03    2.9107593160e+03   -5.8351197731e+04    3.9690277547e+01    3.9391235858e+01    3.9977295006e+01    1.0767225239e-01   -1.7753650467e-01   -1.4231556304e-01    7.3791731584e+01    3.1625027822e+01    3.1625027822e+01
    3.0140199595e+03    2.9032444800e+03   -5.8341634715e+04    3.9575800772e+01    3.9729333730e+01    3.9606213884e+01   -7.5940299850e-02   -7.5846844494e-02    1.2625669200e-02    7.3791731584e+01    3.1625027822e+01    3.1625027822e+01
    2.9955573022e+03    2.8854603881e+03   -5.8325863885e+04    4.0171163087e+01    3.9308938759e+01    4.0244246887e+01    2.0610042821e-03    8.1393767147e-03   -3.3651791255e-02    7.3791731584e+01    3.1625027822e+01    3.1625027822e+01
    3.0003761258e+03    2.8901021035e+03   -5.8328656734e+04    3.9660796491e+01    3.9731819628e+01    3.9753019846e+01    2.5224581084e-01   -1.4295979749e-01   -1.0248198021e-01    7.3791731584e+01    3.1625027822e+01    3.1625027822e+01
    2.9872584182e+03    2.8774665163e+03   -5.8318660074e+04    4.0143476206e+01    3.9970920823e+01    3.9997844551e+01    5.7877215038e-03    1.3764016231e-01   -1.7123776331e-02    7.3791731584e+01    3.1625027822e+01    3.1625027822e+01
    3.0045769066e+03    2.8941484913e+03   -5.8331060953e+04    4.0125533399e+01    3.9503679815e+01    3.9683366256e+01   -1.0259404667e-02   -1.2687676934e-01    3.3693542659e-02    7.3791731584e+01    3.1625027822e+01    3.1625027822e+01
    2.9668481784e+03    2.8578064221e+03   -5.8296383464e+04    4.0373315224e+01    3.9743732933e+01    3.9772885793e+01   -1.6757302299e-01   -1.3752504354e-01    1.3215553249e-01    7.3791731584e+01    3.1625027822e+01    3.1625027822e+01
    3.0251790384e+03    2.9139934248e+03   -5.8349789391e+04    3.9865505606e+01    3.9679635752e+01    3.9309953353e+01   -8.2961496020e-02   -9.1005116532e-03   -2.7827133833e-02    7.3791731584e+01    3.1625027822e+01    3.1625027822e+01
    3.0070819502e+03    2.8965614661e+03   -5.8335571728e+04    3.9933420020e+01    3.9547607416e+01    3.9707347208e+01    1.5768830766e-01    4.0545724498e-02   -1.2472699432e-01    7.3791731584e+01    3.1625027822e+01    3.1625027822e+01
    2.9635959871e+03    2.8546737600e+03   -5.8290403935e+04    4.0082940717e+01    3.9792971247e+01    3.9924800230e+01    1.4750073384e-02   -1.7634194598e-02   -3.2657289500e-02    7.3791731584e+01    3.1625027822e+01    3.1625027822e+01
    2.9879963908e+03    2.8781773659e+03   -5.8316948960e+04    4.0172871784e+01    3.9867268811e+01    3.9524634107e+01    6.4068778761e-02   -5.7913790177e-02    1.3625858661e-01    7.3791731584e+01    3.1625027822e+01    3.1625027822e+01
    2.9940505357e+03    2.8840090003e+03   -5.8325448472e+04    4.0151219991e+01    3.9903760794e+01    3.9768959347e+01    7.0766417380e-04    2.2280644039e-01    1.6829134093e-01    7.3791731584e+01    3.1625027822e+01    3.1625027822e+01
    3.0117707965e+03    2.9010779813e+03   -5.8344638270e+04    4.0076174522e+01    3.9759456846e+01    3.9912293240e+01    6.2121129136e-02   -1.1106193622e-01    1.3058951421e-01    7.3791731584e+01    3.1625027822e+01    3.1625027822e+01
    3.0214666993e+03    2.9104175267e+03   -5.8351520390e+04    3.9675262412e+01    3.9995243289e+01    3.9612912386e+01    6.1627633597e-02   -5.3066237345e-02    2.7493800968e-02    7.3791731584e+01    3.1625027822e+01    3.1625027822e+01
    2.9993328938e+03    2.8890972139e+03   -5.8331834415e+04    3.9948884679e+01    3.9732848489e+01    3.9798390190e+01    2.6492010326e-02   -7.9498772965e-02    1.2153633392e-01    7.3791731584e+01    3.1625027822e+01    3.1625027822e+01
    2.9980322073e+03    2.8878443320e+03   -5.8331986734e+04    3.9665562339e+01    4.0045679437e+01    3.9540472186e+01    3.9857979611e-02    4.7225959621e-02   -5.7217786216e-03    7.3791731584e+01    3.1625027822e+01    3.1625027822e+01
    2.9942238626e+03    2.8841759570e+03   -5.8327986803e+04    3.9852169843e+01    3.9362070376e+01    4.0017614594e+01    2.1743415403e-02    1.7970453504e-02   -1.5431734280e-01    7.3791731584e+01    3.1625027822e+01    3.1625027822e+01
    3.0247762631e+03    2.9136054528e+03   -5.8355928537e+04    3.9476167327e+01    3.9878924834e+01    3.9763675048e+01   -2.2092750406e-01   -4.7577471337e-02    2.0718540048e-02    7.3791731584e+01    3.1625027822e+01    3.1625027822e+01
    3.0203220034e+03    2.9093149023e+03   -5.8350017752e+04    3.9999860959e+01    3.9582666974e+01    3.9845407344e+01   -1.5181232990e-01    2.3786408197e-01   -1.0315373047e-01    7.3791731584e+01    3.1625027822e+01    3.1625027822e+01
    2.9881623745e+03    2.8783372491e+03   -5.8321180367e+04    4.0073959818e+01    3.9686384322e+01    3.9722884210e+01    9.9140051897e-02    2.0545390306e-01    1.4671113180e-01    7.3791731584e+01    3.1625027822e+01    3.1625027822e+01
    2.9957559735e+03    2.8856517575e+03   -5.8326955759e+04    4.0084090560e+01    3.9660715342e+01    3.9988066032e+01    2.1232125937e-01   -9.1685941663e-02   -6.2919703934e-02    7.3791731584e+01    3.1625027822e+01    3.1625027822e+01
    2.9548770879e+03    2.8462753100e+03   -5.8287039115e+04    4.0224993513e+01    4.0403371817e+01    3.9878513488e+01    1.3266714195e-01   -7.8672360852e-02   -1.3781345519e-02    7.3791731584e+01    3.1625027822e+01    3.1625027822e+01
    2.9821618003e+03    2.8725572164e+03   -5.8318531198e+04    4.0185455696e+01    3.9898978354e+01    3.9662594195e+01   -2.4857739439e-02   -2.3195132371e-02    3.0757951446e-02    7.3791731584e+01    3.1625027822e+01    3.1625027822e+01
    2.9901076896e+03    2.8802110672e+03   -5.8322914340e+04    3.9887387908e+01    3.9747006616e+01    3.9802141404e+01   -9.5022598805e-02   -2.7987741829e-02    7.1491732850e-02    7.3791731584e+01    3.1625027822e+01    3.1625027822e+01
    3.0041924909e+03    2.8937782042e+03   -5.8333906491e+04    3.9942425858e+01    3.9938469782e+01    3.9664341749e+01   -8.7850121676e-02    6.9590478207e-02   -9.4334340319e-02    7.3791731584e+01    3.1625027822e+01    3.1625027822e+01
    3.0009243935e+03    2.8906302205e+03   -5.8332234202e+04    4.0316216603e+01    3.9706447658e+01    3.9763250696e+01    1.4276667941e-02    1.9431234945e-02   -1.1031685015e-01    7.3791731584e+01    3.1625027822e+01    3.1625027822e+01
    3.0161315610e+03    2.9052784730e+03   -5.8342442598e+04    3.9917243770e+01    3.9516553241e+01    3.9959530278e+01    1.4101260227e-01    4.6353949133e-03    1.5890411545e-01    7.3791731584e+01    3.1625027822e+01    3.1625027822e+01
    2.9958893244e+03    2.8857802073e+03   -5.8327858325e+04    3.9850578872e+01    3.9550030769e+01    4.0157041564e+01   -7.1414577962e-02    8.4207627608e-03    1.4417574988e-01    7.3791731584e+01    3.1625027822e+01    3.1625027822e+01
    3.0029769816e+03    2.8926073691e+03   -5.8331339100e+04    3.9561819831e+01    3.9975674676e+01    3.9961840658e+01    1.9492214152e-02    2.4171302573e-01   -1.0691294473e-01    7.3791731584e+01    3.1625027822e+01    3.1625027822e+01
    2.9963628686e+03    2.8862363472e+03   -5.8328715076e+04    4.0634900976e+01    3.9618966781e+01    3.9276955740e+01    9.5844258680e-02    2.0383039681e-01    1.2857436315e-02    7.3791731584e+01    3.1625027822e+01    3.1625027822e+01
    3.0140529497e+03    2.9032762576e+03   -5.8345061623e+04    3.9928609237e+01    3.9807599486e+01    3.9799285158e+01   -1.5464559224e-01    1.0332981223e-01    9.4886220377e-02    7.3791731584e+01    3.1625027822e+01    3.1625027822e+01
    2.9924982585e+03    2.8825137746e+03   -5.8325155652e+04    3.9991919806e+01    4.0027217683e+01    3.9762429601e+01   -1.1515469810e-01   -1.2148426215e-02   -2.4082240773e-02    7.3791731584e+01    3.1625027822e+01    3.1625027822e+01
    3.0178962044e+03    2.9069782597e+03   -5.8348565121e+04    4.0012443614e+01    3.9825588201e+01    3.9818877967e+01    1.1561624837e-01    7.8045496037e-02    1.6626940007e-01    7.3791731584e+01    3.1625027822e+01    3.1625027822e+01
    3.0114590451e+03    2.9007776878e+03   -5.8339673706e+04    3.9807130990e+01    3.9521235671e+01    3.9800499492e+01    9.7093108533e-02    1.8292282914e-03   -9.2557124122e-02    7.3791731584e+01    3.1625027822e+01    3.1625027822e+01
    2.9783928362e+03    2.8689267746e+03   -5.8310919193e+04    3.9906953861e+01    3.9444091376e+01    3.9791891328e+01   -7.9050844591e-02    1.1447357538e-01    7.7329030510e-03    7.3791731584e+01    3.1625027822e+01    3.1625027822e+01
    3.0096662448e+03    2.8990507791e+03   -5.8337573152e+04    3.9901413969e+01    3.9589838239e+01    3.9743262031e+01   -1.4715015010e-01    4.0992245488e-02    3.7952004571e-02    7.3791731584e+01    3.1625027822e+01    3.1625027822e+01
    3.0155056624e+03    2.9046755782e+03   -5.8348325308e+04    3.9761831919e+01    3.9710599425e+01    3.9732879089e+01    5.1657928139e-02   -8.2975920067e-02   -7.0285662005e-02    7.3791731584e+01    3.1625027822e+01    3.1625027822e+01
    3.0172435496e+03    2.9063495921e+03   -5.8349607020e+04    4.0038934596e+01    3.9427819143e+01    3.9595893896e+01    4.9705141377e-03    9.9309094510e-02    8.1541296785e-02    7.3791731584e+01    3.1625027822e+01    3.1625027822e+01
    3.0067099457e+03    2.8962031340e+03   -5.8333267335e+04    4.0242984360e+01    4.0052830837e+01    3.9390172489e+01   -9.1565882556e-02   -6.3546651742e-03    8.0278028582e-02    7.3791731584e+01    3.1625027822e+01    3.1625027822e+01
    2.9837147820e+03    2.8740531207e+03   -5.8313417063e+04    3.9752025969e+01    3.9929007081e+01    3.9829377121e+01    4.6916427291e-02    4.3627238872e-02   -1.1485037088e-01    7.3791731584e+01    3.1625027822e+01    3.1625027822e+01
    2.9942374154e+03    2.8841890116e+03   -5.8327455306e+04    4.0167076535e+01    3.9693667464e+01    3.9551002593e+01   -2.1561515517e-02    7.1639787189e-03   -1.6570330973e-03    7.3791731584e+01    3.1625027822e+01    3.1625027822e+01
    2.9713115417e+03    2.8621057417e+03   -5.8306174204e+04    4.0062766062e+01    3.9661845517e+01    4.0010818807e+01    1.5187517150e-01    6.1129443664e-02   -8.7866559171e-02    7.3791731584e+01    3.1625027822e+01    3.1625027822e+01
    2.9963911234e+03    2.8862635635e+03   -5.8325948799e+04    4.0121609375e+01    3.9955158554e+01    3.9371651719e+01    5.8694626200e-03   -1.2768526129e-01    5.7661142165e-02    7.3791731584e+01    3.1625027822e+01    3.1625027822e+01
    3.0306404060e+03    2.9192540685e+03   -5.8356025199e+04    3.9550545384e+01    3.9824993290e+01    3.9585264620e+01   -1.8162799176e-03   -2.6152300082e-02   -3.2450333779e-02    7.3791731584e+01    3.1625027822e+01    3.1625027822e+01
    3.0274955573e+03    2.9162248037e+03   -5.8357661586e+04    3.9872907208e+01    3.9542940599e+01    3.9879898475e+01    1.0063208161e-02    8.2313789507e-02    3.6327462950e-02    7.3791731584e+01    3.1625027822e+01    3.1625027822e+01
    2.9899240866e+03    2.8800342123e+03   -5.8321228684e+04    4.0030553324e+01    4.0166900633e+01    3.9559344388e+01   -1.3344979895e-02    5.2200415450e-02    8.9339667630e-02    7.3791731584e+01    3.1625027822e+01    3.1625027822e+01
    3.0175099802e+03    2.9066062306e+03   -5.8345944108e+04    4.0158924616e+01    3.9307184447e+01    3.9356831386e+01    5.3411574985e-02    1.9800904950e-02   -4.4927180433e-02    7.3791731584e+01    3.1625027822e+01    3.1625027822e+01
    3.0019644184e+03    2.8916320210e+03   -5.8330264597e+04    4.0011134767e+01    3.9947353389e+01    3.9666105678e+01    2.2985818744e-02    1.1411496838e-01    6.5233230336e-02    7.3791731584e+01    3.1625027822e+01    3.1625027822e+01
    3.0185111416e+03    2.9075705958e+03   -5.8347844237e+04    3.9953243437e+01    3.9672389062e+01    3.9718525613e+01    2.7899362811e-02    4.4663660488e-02   -1.4503092962e-01    7.3791731584e+01    3.1625027822e+01    3.1625027822e+01
    3.0131432396e+03    2.9023999825e+03   -5.8338803236e+04    4.0087242657e+01    3.9446988087e+01    3.9684003747e+01    1.7546028875e-01   -2.2109508574e-02    1.4917170797e-02    7.3791731584e+01    3.1625027822e+01    3.1625027822e+01
    3.0037693033e+03    2.8933705702e+03   -5.8335702785e+04    3.9889198838e+01    3.9704230175e+01    3.9994834275e+01    5.8894131432e-02    1.6390004606e-02   -2.3160235702e-01    7.3791731584e+01    3.1625027822e+01    3.1625027822e+01
    2.9907366419e+03    2.8808169034e+03   -5.8321162855e+04    3.9923036342e+01    3.9651121482e+01    3.9891673010e+01   -1.1806636111e-01    1.2726886072e-01    4.2802436082e-02    7.3791731584e+01    3.1625027822e+01    3.1625027822e+01
    2.9911504003e+03    2.8812154548e+03   -5.8324132759e+04    3.9844942658e+01    3.9710110168e+01    3.9900468971e+01   -9.9578212176e-02    5.0569742436e-02    1.6926607914e-02    7.3791731584e+01    3.1625027822e+01    3.1625027822e+01
    3.0079233033e+03    2.8973718966e+03   -5.8334316744e+04    4.0236382491e+01    3.9716821605e+01    3.9467052349e+01    1.5212018561e-01    1.7345994096e-02    4.0592333349e-03    7.3791731584e+01    3.1625027822e+01    3.1625027822e+01
    3.0019529939e+03    2.8916210163e+03   -5.8332261908e+04    4.0050499396e+01    3.9873330782e+01    3.9541568986e+01    6.2592753786e-02    2.5671695475e-01   -1.4134499749e-02    7.3791731584e+01    3.1625027822e+01    3.1625027822e+01
    3.0193508308e+03    2.9083794236e+03   -5.8347135670e+04    3.9652434412e+01    3.9675523726e+01    3.9666513763e+01    1.3159690172e-02   -1.1666231210e-01    1.2193077492e-01    7.3791731584e+01    3.1625027822e+01    3.1625027822e+01
    2.9938348887e+03    2.8838012791e+03   -5.8326341314e+04    3.9826859226e+01    3.9826531023e+01    3.9742538226e+01   -1.6923612952e-02    3.3312573931e-02   -3.3963423006e-02    7.3791731584e+01    3.1625027822e+01    3.1625027822e+01
    2.9938348887e+03    2.8838012791e+03   -5.8326341314e+04    3.9826859226e+01    3.9826531023e+01    3.9742538226e+01   -1.6923612952e-02    3.3312573931e-02   -3.3963423006e-02    7.3791731584e+01    3.1625027822e+01    3.1625027822e+01
    2.9938348887e+03    2.8838012791e+03   -5.8326341314e+04    3.9826859226e+01    3.9826531023e+01    3.9742538226e+01   -1.6923612952e-02    3.3312573931e-02   -3.3963423006e-02    7.3791731584e+01    3.1625027822e+01    3.1625027822e+01
    2.9938348887e+03    2.8838012791e+03   -5.8326341314e+04    3.9826859226e+01    3.9826531023e+01    3.9742538226e+01   -1.6923612952e-02    3.3312573931e-02   -3.3963423006e-02    7.3791731584e+01    3.1625027822e+01    3.1625027822e+01
    2.9938348887e+03    2.8838012791e+03   -5.8326341314e+04    3.9826859226e+01    3.9826531023e+01    3.9742538226e+01   -1.6923612952e-02    3.3312573931e-02   -3.3963423006e-02    7.3791731584e+01    3.1625027822e+01    3.1625027822e+01
    2.9938348887e+03    2.8838012791e+03   -5.8326341314e+04    3.9826859226e+01    3.9826531023e+01    3.9742538226e+01   -1.6923612952e-02    3.3312573931e-02   -3.3963423006e-02    7.3791731584e+01    3.1625027822e+01    3.1625027822e+01
    2.9938348887e+03    2.8838012791e+03   -5.8326341314e+04    3.9826859226e+01    3.9826531023e+01    3.9742538226e+01   -1.6923612952e-02    3.3312573931e-02   -3.3963423006e-02    7.3791731584e+01    3.1625027822e+01    3.1625027822e+01
    2.9938348887e+03    2.8838012791e+03   -5.8326341314e+04    3.9826859226e+01    3.9826531023e+01    3.9742538226e+01   -1.6923612952e-02    3.3312573931e-02   -3.3963423006e-02    7.3791731584e+01    3.1625027822e+01    3.1625027822e+01
    2.9938348887e+03    2.8838012791e+03   -5.8326341314e+04    3.9826859226e+01    3.9826531023e+01    3.9742538226e+01   -1.6923612952e-02    3.3312573931e-02   -3.3963423006e-02    7.3791731584e+01    3.1625027822e+01    3.1625027822e+01
    2.9938348887e+03    2.8838012791e+03   -5.8326341314e+04    3.9826859226e+01    3.9826531023e+01    3.9742538226e+01   -1.6923612952e-02    3.3312573931e-02   -3.3963423006e-02    7.3791731584e+01    3.1625027822e+01    3.1625027822e+01
    2.9938348887e+03    2.8838012791e+03   -5.8326341314e+04    3.9826859226e+01    3.9826531023e+01    3.9742538226e+01   -1.6923612952e-02    3.3312573931e-02   -3.3963423006e-02    7.3791731584e+01    3.1625027822e+01    3.1625027822e+01
    2.9938348887e+03    2.8838012791e+03   -5.8326341314e+04    3.9826859226e+01    3.9826531023e+01    3.9742538226e+01   -1.6923612952e-02    3.3312573931e-02   -3.3963423006e-02    7.3791731584e+01    3.1625027822e+01    3.1625027822e+01
    2.9938348887e+03    2.8838012791e+03   -5.8326341314e+04    3.9826859226e+01    3.9826531023e+01    3.9742538226e+01   -1.6923612952e-02    3.3312573931e-02   -3.3963423006e-02    7.3791731584e+01    3.1625027822e+01    3.1625027822e+01
    2.9938348887e+03    2.8838012791e+03   -5.8326341314e+04    3.9826859226e+01    3.9826531023e+01    3.9742538226e+01   -1.6923612952e-02    3.3312573931e-02   -3.3963423006e-02    7.3791731584e+01    3.1625027822e+01    3.1625027822e+01
    2.9938348887e+03    2.8838012791e+03   -5.8326341314e+04    3.9826859226e+01    3.9826531023e+01    3.9742538226e+01   -1.6923612952e-02    3.3312573931e-02   -3.3963423006e-02    7.3791731584e+01    3.1625027822e+01    3.1625027822e+01
    2.9938348887e+03    2.8838012791e+03   -5.8326341314e+04    3.9826859226e+01    3.9826531023e+01    3.9742538226e+01   -1.6923612952e-02    3.3312573931e-02   -3.3963423006e-02    7.3791731584e+01    3.1625027822e+01    3.1625027822e+01
    2.9938348887e+03    2.8838012791e+03   -5.8326341314e+04    3.9826859226e+01    3.9826531023e+01    3.9742538226e+01   -1.6923612952e-02    3.3312573931e-02   -3.3963423006e-02    7.3791731584e+01    3.1625027822e+01    3.1625027822e+01
    2.9938348887e+03    2.8838012791e+03   -5.8326341314e+04    3.9826859226e+01    3.9826531023e+01    3.9742538226e+01   -1.6923612952e-02    3.3312573931e-02   -3.3963423006e-02    7.3791731584e+01    3.1625027822e+01    3.1625027822e+01
    2.9938348887e+03    2.8838012791e+03   -5.8326341314e+04    3.9826859226e+01    3.9826531023e+01    3.9742538226e+01   -1.6923612952e-02    3.3312573931e-02   -3.3963423006e-02    7.3791731584e+01    3.1625027822e+01    3.1625027822e+01
    2.9938348887e+03    2.8838012791e+03   -5.8326341314e+04    3.9826859226e+01    3.9826531023e+01    3.9742538226e+01   -1.6923612952e-02    3.3312573931e-02   -3.3963423006e-02    7.3791731584e+01    3.1625027822e+01    3.1625027822e+01
    2.9938348887e+03    2.8838012791e+03   -5.8326341314e+04    3.9826859226e+01    3.9826531023e+01    3.9742538226e+01   -1.6923612952e-02    3.3312573931e-02   -3.3963423006e-02    7.3791731584e+01    3.1625027822e+01    3.1625027822e+01
    2.9938348887e+03    2.8838012791e+03   -5.8326341314e+04    3.9826859226e+01    3.9826531023e+01    3.9742538226e+01   -1.6923612952e-02    3.3312573931e-02   -3.3963423006e-02    7.3791731584e+01    3.1625027822e+01    3.1625027822e+01
    2.9938348887e+03    2.8838012791e+03   -5.8326341314e+04    3.9826859226e+01    3.9826531023e+01    3.9742538226e+01   -1.6923612952e-02    3.3312573931e-02   -3.3963423006e-02    7.3791731584e+01    3.1625027822e+01    3.1625027822e+01
    2.9938348887e+03    2.8838012791e+03   -5.8326341314e+04    3.9826859226e+01    3.9826531023e+01    3.9742538226e+01   -1.6923612952e-02    3.3312573931e-02   -3.3963423006e-02    7.3791731584e+01    3.1625027822e+01    3.1625027822e+01
    2.9938348887e+03    2.8838012791e+03   -5.8326341314e+04    3.9826859226e+01    3.9826531023e+01    3.9742538226e+01   -1.6923612952e-02    3.3312573931e-02   -3.3963423006e-02    7.3791731584e+01    3.1625027822e+01    3.1625027822e+01
    2.9938348887e+03    2.8838012791e+03   -5.8326341314e+04    3.9826859226e+01    3.9826531023e+01    3.9742538226e+01   -1.6923612952e-02    3.3312573931e-02   -3.3963423006e-02    7.3791731584e+01    3.1625027822e+01    3.1625027822e+01
    2.9938348887e+03    2.8838012791e+03   -5.8326341314e+04    3.9826859226e+01    3.9826531023e+01    3.9742538226e+01   -1.6923612952e-02    3.3312573931e-02   -3.3963423006e-02    7.3791731584e+01    3.1625027822e+01    3.1625027822e+01
    2.9938348887e+03    2.8838012791e+03   -5.8326341314e+04    3.9826859226e+01    3.9826531023e+01    3.9742538226e+01   -1.6923612952e-02    3.3312573931e-02   -3.3963423006e-02    7.3791731584e+01    3.1625027822e+01    3.1625027822e+01
    2.9938348887e+03    2.8838012791e+03   -5.8326341314e+04    3.9826859226e+01    3.9826531023e+01    3.9742538226e+01   -1.6923612952e-02    3.3312573931e-02   -3.3963423006e-02    7.3791731584e+01    3.1625027822e+01    3.1625027822e+01
    2.9938348887e+03    2.8838012791e+03   -5.8326341314e+04    3.9826859226e+01    3.9826531023e+01    3.9742538226e+01   -1.6923612952e-02    3.3312573931e-02   -3.3963423006e-02    7.3791731584e+01    3.1625027822e+01    3.1625027822e+01
    2.9938348887e+03    2.8838012791e+03   -5.8326341314e+04    3.9826859226e+01    3.9826531023e+01    3.9742538226e+01   -1.6923612952e-02    3.3312573931e-02   -3.3963423006e-02    7.3791731584e+01    3.1625027822e+01    3.1625027822e+01
