    3.9713747369e+03    2.7858987543e+03   -4.0940825230e+04    4.6841631469e+01    4.6475729764e+01    4.5810942269e+01    2.9160078314e-01    5.0695598768e-02    2.3286289670e-01    5.2708379703e+01    3.1625027822e+01    3.1625027822e+01
    4.0001278539e+03    2.8060689165e+03   -4.0947069168e+04    4.6127834356e+01    4.6029125384e+01    4.6312005148e+01    2.7473652116e-01    4.8581918551e-02    6.0843010536e-02    5.2708379703e+01    3.1625027822e+01    3.1625027822e+01
    3.9934085504e+03    2.8013553600e+03   -4.0940489573e+04    4.6347338972e+01    4.6080476965e+01    4.6383740520e+01   -1.4676746142e-01   -7.0867679758e-02    2.5002321228e-01    5.2708379703e+01    3.1625027822e+01    3.1625027822e+01
    4.0530088321e+03    2.8431646481e+03   -4.0988736983e+04    4.6029636381e+01    4.5782693892e+01    4.6351298282e+01    8.5271588589e-03   -7.9094030884e-02   -8.0635473286e-02    5.2708379703e+01    3.1625027822e+01    3.1625027822e+01
    3.9975592321e+03    2.8042670417e+03   -4.0948332480e+04    4.6666083494e+01    4.6057742810e+01    4.5807029713e+01   -9.6094695688e-02    8.0571539611e-02   -1.3351964865e-03    5.2708379703e+01    3.1625027822e+01    3.1625027822e+01
    4.0028868714e+03    2.8080043530e+03   -4.0948880029e+04    4.6352408469e+01    4.5854531444e+01    4.5616455189e+01    1.1379720211e-01   -9.2425856133e-02   -1.3715459354e-01    5.2708379703e+01    3.1625027822e+01    3.1625027822e+01
    4.0068961446e+03    2.8108168373e+03   -4.0949716357e+04    4.6655623033e+01    4.6085269267e+01    4.5831066395e+01    2.1653593611e-01   -1.5615887698e-01   -1.6242881319e-01    5.2708379703e+01    3.1625027822e+01    3.1625027822e+01
    3.9352756137e+03    2.7605754068e+03   -4.0903900800e+04    4.6694936736e+01    4.6227503488e+01    4.6494858530e+01   -2.3476048556e-01   -2.6178498648e-02   -2.5250961152e-01    5.2708379703e+01    3.1625027822e+01    3.1625027822e+01
    3.9473353792e+03    2.7690352696e+03   -4.0909009171e+04    4.7214127276e+01    4.6677165349e+01    4.6449701473e+01   -4.1980104901e-02   -8.9821619428e-02   -4.0765147442e-02    5.2708379703e+01    3.1625027822e+01    3.1625027822e+01
    4.0172029240e+03    2.8180469895e+03   -4.0961979383e+04    4.6739239921e+01    4.5936617278e+01    4.6292117419e+01   -2.8293624018e-01   -3.3482615250e-01   -1.6554729171e-01    5.2708379703e+01    3.1625027822e+01    3.1625027822e+01
    4.0571508043e+03    2.8460702201e+03   -4.0984047337e+04    4.5748487416e+01    4.5556832384e+01    4.5766656300e+01   -9.5208978543e-02   -9.5545451736e-02    1.1052543072e-01    5.2708379703e+01    3.1625027822e+01    3.1625027822e+01
    4.0357471635e+03    2.8310556772e+03   -4.0970120519e+04    4.6130558010e+01    4.6067514939e+01    4.6206500530e+01   -2.7549295055e-01    2.1732738854e-03   -3.2714367408e-01    5.2708379703e+01    3.1625027822e+01    3.1625027822e+01
    4.0660838115e+03    2.8523366783e+03   -4.0991847145e+04    4.5920202870e+01    4.5853524809e+01    4.6042404384e+01    1.2199454693e-01    1.1905997093e-01    7.6753392849e-02    5.2708379703e+01    3.1625027822e+01    3.1625027822e+01
    4.0077703437e+03    2.8114300834e+03   -4.0953808453e+04    4.6821332995e+01    4.6217644412e+01    4.6000439267e+01   -5.9430311364e-05   -2.1406617852e-01    3.6212156056e-02    5.2708379703e+01    3.1625027822e+01    3.1625027822e+01
    3.9512928064e+03    2.7718113843e+03   -4.0916768689e+04    4.7403792883e+01    4.5873056563e+01    4.5880550382e+01   -8.1677367391e-02   -1.0221832257e-01    9.9007051220e-02    5.2708379703e+01    3.1625027822e+01    3.1625027822e+01
    4.0009397371e+03    2.8066384484e+03   -4.0948824435e+04    4.6885468627e+01    4.6074913785e+01    4.6645582895e+01    1.4346774366e-01   -2.8283059725e-01   -4.6762223089e-01    5.2708379703e+01    3.1625027822e+01    3.1625027822e+01
    4.0008234153e+03    2.8065568492e+03   -4.0949908564e+04    4.6927595444e+01    4.6088678734e+01    4.6138056868e+01   -1.7298830255e-01    6.8736638933e-02    2.3332173450e-01    5.2708379703e+01    3.1625027822e+01    3.1625027822e+01
    3.9686210494e+03    2.7839670567e+03   -4.0934519060e+04    4.6414534709e+01    4.5982199415e+01    4.6008828516e+01    9.6333759319e-02   -2.4190945700e-02   -6.8747671934e-02    5.2708379703e+01    3.1625027822e+01    3.1625027822e+01
    4.0357725076e+03    2.8310734560e+03   -4.0970868517e+04    4.6017264659e+01    4.6115006758e+01    4.5524431796e+01    9.6911151954e-04   -2.9491920451e-01   -2.4592955969e-02    5.2708379703e+01    3.1625027822e+01    3.1625027822e+01
    3.9810414260e+03    2.7926798864e+03   -4.0933227914e+04    4.7010193321e+01    4.5975987167e+01    4.5829693039e+01   -2.0538581861e-01   -3.3366792409e-02   -1.6978013825e-01    5.2708379703e+01    3.1625027822e+01    3.1625027822e+01
    3.9899213186e+03    2.7989090850e+03   -4.0946715652e+04    4.6977944657e+01    4.5615357912e+01    4.5510710844e+01    5.8727775578e-03    3.3133159289e-01   -4.6590243725e-03    5.2708379703e+01    3.1625027822e+01    3.1625027822e+01
    4.0472851140e+03    2.8391494896e+03   -4.0981330836e+04    4.6214852814e+01    4.5598594386e+01    4.6324147890e+01    3.7021484520e-01    1.5186057698e-01   -1.2253594922e-01    5.2708379703e+01    3.1625027822e+01    3.1625027822e+01
    3.9601827458e+03    2.7780476306e+03   -4.0922266907e+04    4.6904900492e+01    4.6280482661e+01    4.6148245699e+01    7.5641409769e-02    9.0978827516e-02    2.2751540375e-02    5.2708379703e+01    3.1625027822e+01    3.1625027822e+01
    4.0017775196e+03    2.8072261484e+03   -4.0954375389e+04    4.6318799851e+01    4.6151516479e+01    4.6170359670e+01    3.4835200182e-02    7.4530701233e-02    3.0578920618e-01    5.2708379703e+01    3.1625027822e+01    3.1625027822e+01
    3.9770728222e+03    2.7898959315e+03   -4.0931947355e+04    4.6555220935e+01    4.6407497628e+01    4.6744771335e+01   -5.1601826452e-02    2.9849737367e-01    9.9939801572e-02    5.2708379703e+01    3.1625027822e+01    3.1625027822e+01
    4.0000485695e+03    2.8060132989e+03   -4.0947321125e+04    4.7260756531e+01    4.5625557827e+01    4.5758550643e+01   -1.8721321806e-01    4.2462197718e-02    6.0141898933e-02    5.2708379703e+01    3.1625027822e+01    3.1625027822e+01
    3.9608096987e+03    2.7784874348e+03   -4.0923029676e+04    4.6031589399e+01    4.6539750231e+01    4.5929944933e+01    1.3561056498e-02    9.1689977895e-02    4.4983350000e-01    5.2708379703e+01    3.1625027822e+01    3.1625027822e+01
    4.0037445582e+03    2.8086060158e+03   -4.0951669767e+04    4.6932167331e+01    4.5948604493e+01    4.5846127975e+01    5.4772832969e-02    2.4668111820e-01   -8.8361230882e-02    5.2708379703e+01    3.1625027822e+01    3.1625027822e+01
    4.0173516912e+03    2.8181513489e+03   -4.0957157368e+04    4.6478736753e+01    4.6309095889e+01    4.6159161053e+01    4.4105665067e-02   -9.4112038443e-02    1.5661143708e-01    5.2708379703e+01    3.1625027822e+01    3.1625027822e+01
    3.9647469914e+03    2.7812494252e+03   -4.0922473341e+04    4.6699397740e+01    4.6143734189e+01    4.5758170907e+01    1.7876958702e-01    8.4523764896e-02    3.2458161413e-01    5.2708379703e+01    3.1625027822e+01    3.1625027822e+01
    3.9767896078e+03    2.7896972581e+03   -4.0932764620e+04    4.6658003508e+01    4.6595871326e+01    4.6501955691e+01   -1.5219277144e-01   -1.1163409755e-01    1.1326135973e-01    5.2708379703e+01    3.1625027822e+01    3.1625027822e+01
    4.0073148059e+03    2.8111105260e+03   -4.0952661869e+04    4.6353163231e+01    4.6040232300e+01    4.6181736291e+01    5.3526020454e-02    2.8232387406e-01   -8.4812963034e-02    5.2708379703e+01    3.1625027822e+01    3.1625027822e+01
    4.0121443365e+03    2.8144984166e+03   -4.0959710197e+04    4.6508905946e+01    4.5672712628e+01    4.6116549183e+01    1.7438099291e-01   -1.6394081936e-01   -8.6951095381e-02    5.2708379703e+01    3.1625027822e+01    3.1625027822e+01
    3.9668978310e+03    2.7827582280e+03   -4.0924776513e+04    4.6545676448e+01    4.6110313704e+01    4.6353173135e+01   -1.1904347791e-01   -2.2240446323e-01   -1.3291903148e-01    5.2708379703e+01    3.1625027822e+01    3.1625027822e+01
    4.0327066498e+03    2.8289227726e+03   -4.0972807042e+04    4.6322221396e+01    4.6093205288e+01    4.5434406046e+01   -1.3854213719e-01   -2.3442844955e-01   -1.7736272101e-01    5.2708379703e+01    3.1625027822e+01    3.1625027822e+01
    3.9646378770e+03    2.7811728820e+03   -4.0926692334e+04    4.6834530321e+01    4.6284670450e+01    4.6602973168e+01   -1.9082616956e-01   -9.6836220895e-02   -2.4351965363e-01    5.2708379703e+01    3.1625027822e+01    3.1625027822e+01
    4.0116051497e+03    2.8141201799e+03   -4.0955162318e+04    4.6263111725e+01    4.6064648048e+01    4.6309535535e+01   -6.4100093837e-02   -1.2124854896e-01   -2.7673230847e-02    5.2708379703e+01    3.1625027822e+01    3.1625027822e+01
    4.0012914185e+03    2.8068851511e+03   -4.0950085602e+04    4.6537542589e+01    4.6020877948e+01    4.5919842613e+01    1.6943790072e-02    1.2735311177e-01    4.5933506985e-02    5.2708379703e+01    3.1625027822e+01    3.1625027822e+01
    4.0083280170e+03    2.8118212883e+03   -4.0952989075e+04    4.7115586867e+01    4.6629883570e+01    4.6039069813e+01    6.9433152504e-02   -1.0169627812e-01    7.0168541774e-02    5.2708379703e+01    3.1625027822e+01    3.1625027822e+01
    4.0350700437e+03    2.8305806812e+03   -4.0974864864e+04    4.5990875170e+01    4.5231877048e+01    4.5785488939e+01   -6.7049720194e-02    6.0459393766e-02   -1.2443634414e-01    5.2708379703e+01    3.1625027822e+01    3.1625027822e+01
    4.0012991208e+03    2.8068905541e+03   -4.0947719139e+04    4.6555051569e+01    4.6525888990e+01    4.5825606789e+01   -1.4822972945e-01    1.2312141393e-01    9.0360903040e-03    5.2708379703e+01    3.1625027822e+01    3.1625027822e+01
    4.0473031541e+03    2.8391621446e+03   -4.0976149346e+04    4.6607544873e+01    4.6119257865e+01    4.6037018874e+01   -1.4215661070e-01    6.9510910409e-02    6.9936061894e-02    5.2708379703e+01    3.1625027822e+01    3.1625027822e+01
    3.9815463709e+03    2.7930341027e+03   -4.0938288986e+04    4.6830435094e+01    4.6423278098e+01    4.6212813001e+01   -9.6636639189e-03   -3.3774301987e-01   -1.6778276400e-01    5.2708379703e+01    3.1625027822e+01    3.1625027822e+01
    3.9736005221e+03    2.7874601310e+03   -4.0931569018e+04    4.6585259673e+01    4.5883283581e+01    4.6385762130e+01   -1.5093516103e-01    6.5751646658e-02   -6.2380127613e-02    5.2708379703e+01    3.1625027822e+01    3.1625027822e+01
    3.9511642059e+03    2.7717211717e+03   -4.0912451002e+04    4.7231560968e+01    4.6574576641e+01    4.6431447955e+01    7.4701658826e-02    8.2874045623e-02   -6.6656596815e-02    5.2708379703e+01    3.1625027822e+01    3.1625027822e+01
    4.0000711015e+03    2.8060291050e+03   -4.0951442261e+04    4.6531551837e+01    4.6122517866e+01    4.5912791954e+01    2.2670200444e-02   -6.4441219500e-02    1.1767849078e-01    5.2708379703e+01    3.1625027822e+01    3.1625027822e+01
    3.9881537246e+03    2.7976691270e+03   -4.0938775275e+04    4.6835967825e+01    4.6742541167e+01    4.5908906286e+01    1.0816150326e-01   -1.2021193137e-02   -1.9913080290e-01    5.2708379703e+01    3.1625027822e+01    3.1625027822e+01
    4.0474723652e+03    2.8392808453e+03   -4.0980022785e+04    4.6148899336e+01    4.5935164919e+01    4.5642463771e+01   -1.5229844969e-01   -3.0214144957e-01    1.2980495348e-01    5.2708379703e+01    3.1625027822e+01    3.1625027822e+01
    4.0202831948e+03    2.8202077835e+03   -4.0962114805e+04    4.6433737882e+01    4.6166443465e+01    4.5971032126e+01    1.7373460710e-01    2.0697894901e-01   -9.1774094548e-03    5.2708379703e+01    3.1625027822e+01    3.1625027822e+01
    3.9807517438e+03    2.7924766759e+03   -4.0935053016e+04    4.7192429636e+01    4.6351244931e+01    4.5881656514e+01   -5.5505496107e-02   -3.8810199231e-02    2.8307637041e-01    5.2708379703e+01    3.1625027822e+01    3.1625027822e+01
    3.9931596688e+03    2.8011807709e+03   -4.0944463877e+04    4.6642038672e+01    4.6075892123e+01    4.6042544468e+01    1.0403506883e-01   -5.1800412119e-02   -1.0735905882e-01    5.2708379703e+01    3.1625027822e+01    3.1625027822e+01
    3.9534684119e+03    2.7733375602e+03   -4.0921929991e+04    4.7282644327e+01    4.5860224456e+01    4.5975637656e+01   -2.3103237537e-01   -1.6259858831e-01   -9.5883156705e-02    5.2708379703e+01    3.1625027822e+01    3.1625027822e+01
    3.9973186138e+03    2.8040982491e+03   -4.0949864201e+04    4.6576323200e+01    4.6385264202e+01    4.5676114025e+01   -1.0707911164e-03   -1.2418709735e-02   -6.1639240046e-02    5.2708379703e+01    3.1625027822e+01    3.1625027822e+01
    3.9866614698e+03    2.7966223180e+03   -4.0942509871e+04    4.6842188931e+01    4.6134725132e+01    4.5951489545e+01   -4.3233018649e-02   -1.8142947134e-02   -1.2638967811e-01    5.2708379703e+01    3.1625027822e+01    3.1625027822e+01
    4.0032898100e+03    2.8082870123e+03   -4.0948308184e+04    4.6370521961e+01    4.5938641753e+01    4.6198411095e+01    2.6738150038e-02    2.5050855580e-02    1.9889765729e-01    5.2708379703e+01    3.1625027822e+01    3.1625027822e+01
    4.0290147734e+03    2.8263329405e+03   -4.0967226233e+04    4.6264641411e+01    4.5908808233e+01    4.6597686052e+01   -3.3612513725e-01   -3.1321533148e-01    4.2726045654e-02    5.2708379703e+01    3.1625027822e+01    3.1625027822e+01
    4.0097628366e+03    2.8128278068e+03   -4.0956358502e+04    4.6582876711e+01    4.6454894262e+01    4.6143130182e+01   -6.0104289759e-02   -1.5535719700e-01   -2.3814589454e-02    5.2708379703e+01    3.1625027822e+01    3.1625027822e+01
    3.9913764382e+03    2.7999298438e+03   -4.0940940441e+04    4.6825260320e+01    4.5901674946e+01    4.6587368497e+01    1.4565561869e-02    1.5258334351e-01    2.0134422476e-01    5.2708379703e+01    3.1625027822e+01    3.1625027822e+01
    4.0375046460e+03    2.8322885421e+03   -4.0973029293e+04    4.6772534860e+01    4.5756134542e+01    4.5966606082e+01    8.8443898834e-02   -4.2068880785e-02   -3.8278406649e-02    5.2708379703e+01    3.1625027822e+01    3.1625027822e+01
    3.9751239687e+03    2.7885288209e+03   -4.0930766118e+04    4.6737752697e+01    4.6541005814e+01    4.6371750906e+01    1.7271048525e-01   -2.3214475065e-01    2.3750051297e-01    5.2708379703e+01    3.1625027822e+01    3.1625027822e+01
    3.9993617147e+03    2.8055314738e+03   -4.0946527401e+04    4.6638998691e+01    4.7010981648e+01    4.5849166228e+01    4.5598359154e-02    7.2630175593e-02    3.4082267464e-02    5.2708379703e+01    3.1625027822e+01    3.1625027822e+01
    3.9985643342e+03    2.8049721155e+03   -4.0948226155e+04    4.6560353456e+01    4.5901940584e+01    4.6187070015e+01   -1.4419735239e-01    1.0141596212e-01    4.1550393255e-01    5.2708379703e+01    3.1625027822e+01    3.1625027822e+01
    4.0074896920e+03    2.8112332077e+03   -4.0952860663e+04    4.6845200972e+01    4.6058078844e+01    4.5725457304e+01    1.0711162615e-01    1.9876513756e-01    6.0276259819e-03    5.2708379703e+01    3.1625027822e+01    3.1625027822e+01
    3.9878040299e+03    2.7974238180e+03   -4.0937707963e+04    4.6599191957e+01    4.5812649781e+01    4.6083449875e+01    2.2595289024e-03   -1.8915838572e-01    4.1235372206e-02    5.2708379703e+01    3.1625027822e+01    3.1625027822e+01
    4.0001819725e+03    2.8061068804e+03   -4.0950534014e+04    4.6288130140e+01    4.5852712877e+01    4.6191411571e+01    4.1842661282e-01   -1.1024809133e-01   -5.0364080384e-02    5.2708379703e+01    3.1625027822e+01    3.1625027822e+01
    4.0009283687e+03    2.8066304735e+03   -4.0947039830e+04    4.6876292804e+01    4.6153298866e+01    4.6209588698e+01    8.1131767471e-02   -5.2809994737e-02   -1.9644650098e-01    5.2708379703e+01    3.1625027822e+01    3.1625027822e+01
    4.0151716626e+03    2.8166220702e+03   -4.0958172380e+04    4.6539105837e+01    4.5953787331e+01    4.6029545918e+01    1.3219339383e-01   -3.3778781441e-02    2.3551439013e-01    5.2708379703e+01    3.1625027822e+01    3.1625027822e+01
    3.9827703484e+03    2.7938927166e+03   -4.0935332098e+04    4.6585147911e+01    4.6180526302e+01    4.6004503612e+01    2.2846774014e-01   -5.9303221871e-02    1.1388114492e-02    5.2708379703e+01    3.1625027822e+01    3.1625027822e+01
    3.9987518950e+03    2.8051036885e+03   -4.0946693641e+04    4.6654157243e+01    4.6345475356e+01    4.6299315880e+01    4.3085282534e-02    7.7807591337e-02    2.2879779059e-02    5.2708379703e+01    3.1625027822e+01    3.1625027822e+01
    4.0213812028e+03    2.8209780304e+03   -4.0961276123e+04    4.6487417488e+01    4.5900654700e+01    4.5845784275e+01    3.3606395621e-03   -9.3447702360e-03    5.1124446497e-02    5.2708379703e+01    3.1625027822e+01    3.1625027822e+01
    4.0300530185e+03    2.8270612641e+03   -4.0968318143e+04    4.7210036184e+01    4.5456314447e+01    4.6111661871e+01    2.7371584781e-01    7.9840995743e-02    8.0290361597e-02    5.2708379703e+01    3.1625027822e+01    3.1625027822e+01
    4.0157093079e+03    2.8169992256e+03   -4.0958319628e+04    4.6931465215e+01    4.5741435406e+01    4.6081312268e+01   -9.1000965166e-02   -3.2985020181e-01    3.1897434825e-01    5.2708379703e+01    3.1625027822e+01    3.1625027822e+01
    4.0373994365e+03    2.8322147381e+03   -4.0973072172e+04    4.6477722867e+01    4.5938502838e+01    4.5929738591e+01    1.6665129270e-01   -1.0406672731e-02    1.9006919003e-01    5.2708379703e+01    3.1625027822e+01    3.1625027822e+01
    3.9870043504e+03    2.7968628470e+03   -4.0939471518e+04    4.6457075695e+01    4.5505722873e+01    4.6454037910e+01   -1.3617610596e-01   -3.1283506482e-01    3.8001117611e-02    5.2708379703e+01    3.1625027822e+01    3.1625027822e+01
    3.9512285499e+03    2.7717663087e+03   -4.0915420719e+04    4.6744627653e+01    4.6089794093e+01    4.5937132223e+01    8.1751746329e-02    1.5740162714e-02   -3.4715373010e-02    5.2708379703e+01    3.1625027822e+01    3.1625027822e+01
    4.0125008689e+03    2.8147485223e+03   -4.0952765586e+04    4.6969448820e+01    4.5824614999e+01    4.6111825982e+01    1.7221845985e-01   -1.1273424487e-02   -3.9516993072e-02    5.2708379703e+01    3.1625027822e+01    3.1625027822e+01
    3.9879264313e+03    2.7975096819e+03   -4.0936209853e+04    4.7119208920e+01    4.6301440232e+01    4.6297429812e+01    1.1400388951e-01    1.0855920362e-01    2.7077964336e-01    5.2708379703e+01    3.1625027822e+01    3.1625027822e+01
    4.0011108364e+03    2.8067584737e+03   -4.0948265400e+04    4.6599136918e+01    4.5684952069e+01    4.6204122587e+01   -2.1476474572e-01   -1.8892104301e-01   -1.4304313284e-01    5.2708379703e+01    3.1625027822e+01    3.1625027822e+01
    3.9690859842e+03    2.7842932061e+03   -4.0925136116e+04    4.6494635863e+01    4.6704748078e+01    4.5968738464e+01   -4.7829612162e-02   -2.0992927080e-01    1.3162245489e-01    5.2708379703e+01    3.1625027822e+01    3.1625027822e+01
    4.0090308923e+03    2.8123143517e+03   -4.0954985718e+04    4.7048009764e+01    4.5708170197e+01    4.6351916889e+01    3.8676378899e-02   -3.3588493916e-01   -1.9193034422e-01    5.2708379703e+01    3.1625027822e+01    3.1625027822e+01
    3.9431476876e+03    2.7660976258e+03   -4.0910188615e+04    4.7224707667e+01    4.6809967977e+01    4.6286731642e+01   -1.1329460149e-02   -7.8802056912e-02   -3.9356761295e-01    5.2708379703e+01    3.1625027822e+01    3.1625027822e+01
    4.0068057815e+03    2.8107534481e+03   -4.0951575953e+04    4.6275789105e+01    4.6637792874e+01    4.6200802061e+01    1.7865062878e-01   -2.8511855788e-02   -6.7862493295e-03    5.2708379703e+01    3.1625027822e+01    3.1625027822e+01
    3.9542104239e+03    2.7738580778e+03   -4.0913841344e+04    4.7096887697e+01    4.6300238519e+01    4.6630024438e+01    2.3587571853e-01    3.6145100675e-02   -6.3236760182e-02    5.2708379703e+01    3.1625027822e+01    3.1625027822e+01
    3.9955667234e+03    2.8028693072e+03   -4.0946931694e+04    4.6631861056e+01    4.6272653055e+01    4.5916010263e+01    3.8221698890e-01   -2.2380105498e-01   -2.0469483712e-01    5.2708379703e+01    3.1625027822e+01    3.1625027822e+01
    3.9999768370e+03    2.8059629789e+03   -4.0950161831e+04    4.7037514089e+01    4.5724682096e+01    4.6138473726e+01    5.7169483446e-02    1.5906733717e-01    6.4997050540e-02    5.2708379703e+01    3.1625027822e+01    3.1625027822e+01
    4.0427931862e+03    2.8359984256e+03   -4.0980670361e+04    4.6824077525e+01    4.5772646732e+01    4.5820155577e+01   -1.0011875309e-01   -4.2382363042e-02   -5.5001054323e-02    5.2708379703e+01    3.1625027822e+01    3.1625027822e+01
    3.9771110219e+03    2.7899227284e+03   -4.0934585682e+04    4.6958366552e+01    4.5814408608e+01    4.5949929456e+01    1.3811313232e-01    4.4966211156e-02    3.0904731470e-02    5.2708379703e+01    3.1625027822e+01    3.1625027822e+01
    4.0128323485e+03    2.8149810535e+03   -4.0963315049e+04    4.6494505838e+01    4.5820767529e+01    4.5748370481e+01   -9.0981564697e-02    1.5410317608e-02   -8.0393870312e-02    5.2708379703e+01    3.1625027822e+01    3.1625027822e+01
    4.0133788581e+03    2.8153644271e+03   -4.0965109135e+04    4.6629125847e+01    4.5838426065e+01    4.6070464930e+01    1.5333135629e-01   -4.7312622246e-02   -8.5423833488e-02    5.2708379703e+01    3.1625027822e+01    3.1625027822e+01
    3.9823291813e+03    2.7935832401e+03   -4.0937087147e+04    4.6093675006e+01    4.6468352558e+01    4.6141969600e+01   -3.7085693252e-01    7.6280397468e-02    1.4596879684e-01    5.2708379703e+01    3.1625027822e+01    3.1625027822e+01
    3.9856542815e+03    2.7959157806e+03   -4.0937566421e+04    4.6878922440e+01    4.6358145522e+01    4.6202428940e+01    2.8379735730e-01    5.5573101474e-02   -1.2660469357e-01    5.2708379703e+01    3.1625027822e+01    3.1625027822e+01
    4.0298509181e+03    2.8269194917e+03   -4.0971218231e+04    4.6997857333e+01    4.5853735844e+01    4.5091193530e+01   -6.1366540062e-03   -8.5880566851e-02    1.6091797759e-01    5.2708379703e+01    3.1625027822e+01    3.1625027822e+01
    3.9447217511e+03    2.7672018231e+03   -4.0904356936e+04    4.7105980864e+01    4.6318531263e+01    4.6433300274e+01   -1.8018143822e-01    1.3151378818e-01   -4.1085668616e-03    5.2708379703e+01    3.1625027822e+01    3.1625027822e+01
    4.0186181452e+03    2.8190397598e+03   -4.0962905618e+04    4.6754796659e+01    4.6305044022e+01    4.6368525677e+01    4.4503986754e-02    3.7956018315e-02    5.1015547597e-02    5.2708379703e+01    3.1625027822e+01    3.1625027822e+01
    4.0382695855e+03    2.8328251432e+03   -4.0974727304e+04    4.6551471072e+01    4.5824219613e+01    4.6319486347e+01    2.5889996454e-02   -5.0739067538e-02    2.2576636141e-01    5.2708379703e+01    3.1625027822e+01    3.1625027822e+01
    3.9608190893e+03    2.7784940223e+03   -4.0920594687e+04    4.6552951495e+01    4.6421025334e+01    4.5935160750e+01    1.7986986325e-01    7.0896272738e-02   -6.1314360136e-03    5.2708379703e+01    3.1625027822e+01    3.1625027822e+01
    3.9883474248e+03    2.7978050067e+03   -4.0941660780e+04    4.6992640870e+01    4.5603151950e+01    4.6346655579e+01   -1.2232796256e-01   -1.2730368464e-03   -1.5877311364e-01    5.2708379703e+01    3.1625027822e+01    3.1625027822e+01
    3.9749508566e+03    2.7884073836e+03   -4.0931627374e+04    4.6614535735e+01    4.6294512848e+01    4.6342381511e+01   -1.7208270452e-01    9.8627768823e-02    2.9704845799e-01    5.2708379703e+01    3.1625027822e+01    3.1625027822e+01
    4.0094115287e+03    2.8125813662e+03   -4.0953756607e+04    4.6398069537e+01    4.6069582491e+01    4.5521043716e+01    7.0616201942e-02   -2.3295353290e-01    3.3946340950e-02    5.2708379703e+01    3.1625027822e+01    3.1625027822e+01
    4.0529784212e+03    2.8431433150e+03   -4.0987473588e+04    4.6768598296e+01    4.5970474897e+01    4.6586605345e+01   -1.5545137009e-01    2.8687707856e-02    1.1447947310e-01    5.2708379703e+01    3.1625027822e+01    3.1625027822e+01
    4.0529784212e+03    2.8431433150e+03   -4.0987473588e+04    4.6768598296e+01    4.5970474897e+01    4.6586605345e+01   -1.5545137009e-01    2.8687707856e-02    1.1447947310e-01    5.2708379703e+01    3.1625027822e+01    3.1625027822e+01
    4.0529784212e+03    2.8431433150e+03   -4.0987473588e+04    4.6768598296e+01    4.5970474897e+01    4.6586605345e+01   -1.5545137009e-01    2.8687707856e-02    1.1447947310e-01    5.2708379703e+01    3.1625027822e+01    3.1625027822e+01
    4.0529784212e+03    2.8431433150e+03   -4.0987473588e+04    4.6768598296e+01    4.5970474897e+01    4.6586605345e+01   -1.5545137009e-01    2.8687707856e-02    1.1447947310e-01    5.2708379703e+01    3.1625027822e+01    3.1625027822e+01
    4.0529784212e+03    2.8431433150e+03   -4.0987473588e+04    4.6768598296e+01    4.5970474897e+01    4.6586605345e+01   -1.5545137009e-01    2.8687707856e-02    1.1447947310e-01    5.2708379703e+01    3.1625027822e+01    3.1625027822e+01
    4.0529784212e+03    2.8431433150e+03   -4.0987473588e+04    4.6768598296e+01    4.5970474897e+01    4.6586605345e+01   -1.5545137009e-01    2.8687707856e-02    1.1447947310e-01    5.2708379703e+01    3.1625027822e+01    3.1625027822e+01
    4.0529784212e+03    2.8431433150e+03   -4.0987473588e+04    4.6768598296e+01    4.5970474897e+01    4.6586605345e+01   -1.5545137009e-01    2.8687707856e-02    1.1447947310e-01    5.2708379703e+01    3.1625027822e+01    3.1625027822e+01
    4.0529784212e+03    2.8431433150e+03   -4.0987473588e+04    4.6768598296e+01    4.5970474897e+01    4.6586605345e+01   -1.5545137009e-01    2.8687707856e-02    1.1447947310e-01    5.2708379703e+01    3.1625027822e+01    3.1625027822e+01
    4.0529784212e+03    2.8431433150e+03   -4.0987473588e+04    4.6768598296e+01    4.5970474897e+01    4.6586605345e+01   -1.5545137009e-01    2.8687707856e-02    1.1447947310e-01    5.2708379703e+01    3.1625027822e+01    3.1625027822e+01
    4.0529784212e+03    2.8431433150e+03   -4.0987473588e+04    4.6768598296e+01    4.5970474897e+01    4.6586605345e+01   -1.5545137009e-01    2.8687707856e-02    1.1447947310e-01    5.2708379703e+01    3.1625027822e+01    3.1625027822e+01
    4.0529784212e+03    2.8431433150e+03   -4.0987473588e+04    4.6768598296e+01    4.5970474897e+01    4.6586605345e+01   -1.5545137009e-01    2.8687707856e-02    1.1447947310e-01    5.2708379703e+01    3.1625027822e+01    3.1625027822e+01
    4.0529784212e+03    2.8431433150e+03   -4.0987473588e+04    4.6768598296e+01    4.5970474897e+01    4.6586605345e+01   -1.5545137009e-01    2.8687707856e-02    1.1447947310e-01    5.2708379703e+01    3.1625027822e+01    3.1625027822e+01
    4.0529784212e+03    2.8431433150e+03   -4.0987473588e+04    4.6768598296e+01    4.5970474897e+01    4.6586605345e+01   -1.5545137009e-01    2.8687707856e-02    1.1447947310e-01    5.2708379703e+01    3.1625027822e+01    3.1625027822e+01
    4.0529784212e+03    2.8431433150e+03   -4.0987473588e+04    4.6768598296e+01    4.5970474897e+01    4.6586605345e+01   -1.5545137009e-01    2.8687707856e-02    1.1447947310e-01    5.2708379703e+01    3.1625027822e+01    3.1625027822e+01
    4.0529784212e+03    2.8431433150e+03   -4.0987473588e+04    4.6768598296e+01    4.5970474897e+01    4.6586605345e+01   -1.5545137009e-01    2.8687707856e-02    1.1447947310e-01    5.2708379703e+01    3.1625027822e+01    3.1625027822e+01
    4.0529784212e+03    2.8431433150e+03   -4.0987473588e+04    4.6768598296e+01    4.5970474897e+01    4.6586605345e+01   -1.5545137009e-01    2.8687707856e-02    1.1447947310e-01    5.2708379703e+01    3.1625027822e+01    3.1625027822e+01
    4.0529784212e+03    2.8431433150e+03   -4.0987473588e+04    4.6768598296e+01    4.5970474897e+01    4.6586605345e+01   -1.5545137009e-01    2.8687707856e-02    1.1447947310e-01    5.2708379703e+01    3.1625027822e+01    3.1625027822e+01
    4.0529784212e+03    2.8431433150e+03   -4.0987473588e+04    4.6768598296e+01    4.5970474897e+01    4.6586605345e+01   -1.5545137009e-01    2.8687707856e-02    1.1447947310e-01    5.2708379703e+01    3.1625027822e+01    3.1625027822e+01
    4.0529784212e+03    2.8431433150e+03   -4.0987473588e+04    4.6768598296e+01    4.5970474897e+01    4.6586605345e+01   -1.5545137009e-01    2.8687707856e-02    1.1447947310e-01    5.2708379703e+01    3.1625027822e+01    3.1625027822e+01
    4.0529784212e+03    2.8431433150e+03   -4.0987473588e+04    4.6768598296e+01    4.5970474897e+01    4.6586605345e+01   -1.5545137009e-01    2.8687707856e-02    1.1447947310e-01    5.2708379703e+01    3.1625027822e+01    3.1625027822e+01
    4.0529784212e+03    2.8431433150e+03   -4.0987473588e+04    4.6768598296e+01    4.5970474897e+01    4.6586605345e+01   -1.5545137009e-01    2.8687707856e-02    1.1447947310e-01    5.2708379703e+01    3.1625027822e+01    3.1625027822e+01
    4.0529784212e+03    2.8431433150e+03   -4.0987473588e+04    4.6768598296e+01    4.5970474897e+01    4.6586605345e+01   -1.5545137009e-01    2.8687707856e-02    1.1447947310e-01    5.2708379703e+01    3.1625027822e+01    3.1625027822e+01
    4.0529784212e+03    2.8431433150e+03   -4.0987473588e+04    4.6768598296e+01    4.5970474897e+01    4.6586605345e+01   -1.5545137009e-01    2.8687707856e-02    1.1447947310e-01    5.2708379703e+01    3.1625027822e+01    3.1625027822e+01
    4.0529784212e+03    2.8431433150e+03   -4.0987473588e+04    4.6768598296e+01    4.5970474897e+01    4.6586605345e+01   -1.5545137009e-01    2.8687707856e-02    1.1447947310e-01    5.2708379703e+01    3.1625027822e+01    3.1625027822e+01
    4.0529784212e+03    2.8431433150e+03   -4.0987473588e+04    4.6768598296e+01    4.5970474897e+01    4.6586605345e+01   -1.5545137009e-01    2.8687707856e-02    1.1447947310e-01    5.2708379703e+01    3.1625027822e+01    3.1625027822e+01
    4.0529784212e+03    2.8431433150e+03   -4.0987473588e+04    4.6768598296e+01    4.5970474897e+01    4.6586605345e+01   -1.5545137009e-01    2.8687707856e-02    1.1447947310e-01    5.2708379703e+01    3.1625027822e+01    3.1625027822e+01
    4.0529784212e+03    2.8431433150e+03   -4.0987473588e+04    4.6768598296e+01    4.5970474897e+01    4.6586605345e+01   -1.5545137009e-01    2.8687707856e-02    1.1447947310e-01    5.2708379703e+01    3.1625027822e+01    3.1625027822e+01
    4.0529784212e+03    2.8431433150e+03   -4.0987473588e+04    4.6768598296e+01    4.5970474897e+01    4.6586605345e+01   -1.5545137009e-01    2.8687707856e-02    1.1447947310e-01    5.2708379703e+01    3.1625027822e+01    3.1625027822e+01
    4.0529784212e+03    2.8431433150e+03   -4.0987473588e+04    4.6768598296e+01    4.5970474897e+01    4.6586605345e+01   -1.5545137009e-01    2.8687707856e-02    1.1447947310e-01    5.2708379703e+01    3.1625027822e+01    3.1625027822e+01
    4.0529784212e+03    2.8431433150e+03   -4.0987473588e+04    4.6768598296e+01    4.5970474897e+01    4.6586605345e+01   -1.5545137009e-01    2.8687707856e-02    1.1447947310e-01    5.2708379703e+01    3.1625027822e+01    3.1625027822e+01
    4.0529784212e+03    2.8431433150e+03   -4.0987473588e+04    4.6768598296e+01    4.5970474897e+01    4.6586605345e+01   -1.5545137009e-01    2.8687707856e-02    1.1447947310e-01    5.2708379703e+01    3.1625027822e+01    3.1625027822e+01
