    2.0109242440e+03    1.4106529142e+03   -3.9231381887e+04    1.1365413540e+02    1.1323101339e+02    1.1338315069e+02   -1.6967279076e-01    5.5397743223e-02   -3.0734196247e-03    4.9544722949e+01    2.9726833769e+01    2.9726833769e+01
    1.9794246836e+03    1.3885561362e+03   -3.9200682829e+04    1.1376671582e+02    1.1380995405e+02    1.1330273590e+02   -1.5729214464e-02    4.9291267351e-02    6.7223271900e-02    4.9544722949e+01    2.9726833769e+01    2.9726833769e+01
    1.9922994096e+03    1.3975876896e+03   -3.9208524434e+04    1.1347241190e+02    1.1369109073e+02    1.1360452729e+02    5.9411263440e-02    1.1112528545e-02    9.7783968657e-02    4.9544722949e+01    2.9726833769e+01    2.9726833769e+01
    1.9846708320e+03    1.3922362821e+03   -3.9203307085e+04    1.1403521831e+02    1.1346754195e+02    1.1333594703e+02   -7.1984694961e-02    2.8182975153e-02    6.2687650302e-02    4.9544722949e+01    2.9726833769e+01    2.9726833769e+01
    2.0086424965e+03    1.4090522803e+03   -3.9219132704e+04    1.1394884964e+02    1.1292494310e+02    1.1343603440e+02    6.6666806631e-03    1.3990532857e-01   -1.2108722897e-01    4.9544722949e+01    2.9726833769e+01    2.9726833769e+01
    1.9997841738e+03    1.4028382129e+03   -3.9212654629e+04    1.1317951404e+02    1.1355839246e+02    1.1376916252e+02    1.2361121362e-01   -4.9443005755e-02    2.2910912280e-02    4.9544722949e+01    2.9726833769e+01    2.9726833769e+01
    1.9919456555e+03    1.3973395330e+03   -3.9211106640e+04    1.1354784734e+02    1.1356728429e+02    1.1355195014e+02    3.1625601148e-01    3.8127986120e-02   -1.3911969094e-01    4.9544722949e+01    2.9726833769e+01    2.9726833769e+01
    2.0194791723e+03    1.4166541521e+03   -3.9227688412e+04    1.1329642568e+02    1.1365431270e+02    1.1340914414e+02    1.6902735229e-02    2.3602231892e-02    4.2263816629e-02    4.9544722949e+01    2.9726833769e+01    2.9726833769e+01
    1.9924209703e+03    1.3976729639e+03   -3.9208759010e+04    1.1387272688e+02    1.1359003113e+02    1.1336999300e+02    2.0373237905e-02   -3.8349767608e-02   -1.8379611213e-01    4.9544722949e+01    2.9726833769e+01    2.9726833769e+01
    2.0186824364e+03    1.4160952459e+03   -3.9226694378e+04    1.1374293158e+02    1.1311597588e+02    1.1332102321e+02   -6.5683184257e-02   -7.0536388336e-02   -1.3813743139e-01    4.9544722949e+01    2.9726833769e+01    2.9726833769e+01
    1.9946414388e+03    1.3992306110e+03   -3.9211261959e+04    1.1369621205e+02    1.1335539997e+02    1.1362767466e+02    7.6858702188e-02    1.2427548698e-01    6.2021497540e-02    4.9544722949e+01    2.9726833769e+01    2.9726833769e+01
    2.0051001472e+03    1.4065673406e+03   -3.9218957162e+04    1.1375758811e+02    1.1329129176e+02    1.1363163406e+02    4.4511767857e-02    5.1314309843e-02   -6.2460363743e-02    4.9544722949e+01    2.9726833769e+01    2.9726833769e+01
    1.9937944378e+03    1.3986364442e+03   -3.9209660895e+04    1.1362258970e+02    1.1345362780e+02    1.1355927288e+02    1.2607008169e-01    6.4745083866e-02    6.0872908721e-02    4.9544722949e+01    2.9726833769e+01    2.9726833769e+01
    1.9948170037e+03    1.3993537689e+03   -3.9210337689e+04    1.1401541824e+02    1.1322144530e+02    1.1365947673e+02   -9.9511496996e-02    2.3619154834e-02    2.7888215469e-01    4.9544722949e+01    2.9726833769e+01    2.9726833769e+01
    2.0072050774e+03    1.4080439382e+03   -3.9218625122e+04    1.1370541173e+02    1.1313106545e+02    1.1371727663e+02   -8.0039755396e-02    2.8812122680e-02   -4.2163680359e-03    4.9544722949e+01    2.9726833769e+01    2.9726833769e+01
    2.0158573279e+03    1.4141134470e+03   -3.9225570535e+04    1.1373470560e+02    1.1322337799e+02    1.1343443150e+02   -5.2010770625e-02   -9.7495447427e-02    2.9069923853e-01    4.9544722949e+01    2.9726833769e+01    2.9726833769e+01
    1.9583115344e+03    1.3737453717e+03   -3.9186604303e+04    1.1391624700e+02    1.1343284389e+02    1.1389708658e+02    6.2498686020e-02    1.2930458964e-01    3.6785108267e-02    4.9544722949e+01    2.9726833769e+01    2.9726833769e+01
    1.9960164891e+03    1.4001952016e+03   -3.9213289917e+04    1.1381271966e+02    1.1375888522e+02    1.1297539544e+02   -7.0393727865e-02   -2.4523525849e-02    3.0900455491e-02    4.9544722949e+01    2.9726833769e+01    2.9726833769e+01
    2.0007735669e+03    1.4035322670e+03   -3.9216159275e+04    1.1357981021e+02    1.1361756307e+02    1.1338092125e+02   -5.7725816662e-02   -5.9937273815e-02    1.5776523145e-01    4.9544722949e+01    2.9726833769e+01    2.9726833769e+01
    2.0136365345e+03    1.4125555720e+03   -3.9223875793e+04    1.1344693141e+02    1.1372921983e+02    1.1335986107e+02    4.6574989728e-02   -3.1679756035e-02    8.8705166737e-02    4.9544722949e+01    2.9726833769e+01    2.9726833769e+01
    2.0152263888e+03    1.4136708465e+03   -3.9224700439e+04    1.1393186583e+02    1.1346892290e+02    1.1305257589e+02   -3.4712359125e-02   -5.5729045478e-02    8.3005908986e-02    4.9544722949e+01    2.9726833769e+01    2.9726833769e+01
    1.9925670366e+03    1.3977754286e+03   -3.9207876961e+04    1.1381583603e+02    1.1342181326e+02    1.1351797275e+02   -9.7834196922e-02    8.5157353129e-03   -9.6302435591e-02    4.9544722949e+01    2.9726833769e+01    2.9726833769e+01
    1.9977409962e+03    1.4014049344e+03   -3.9213145748e+04    1.1383566049e+02    1.1355107379e+02    1.1303019921e+02    4.2366635875e-02   -8.2374649083e-02   -1.5935888740e-01    4.9544722949e+01    2.9726833769e+01    2.9726833769e+01
    1.9958609091e+03    1.4000860630e+03   -3.9211476501e+04    1.1369286783e+02    1.1363581599e+02    1.1338558056e+02   -3.0449688169e-03   -2.8087469232e-02    1.3918029711e-04    4.9544722949e+01    2.9726833769e+01    2.9726833769e+01
    1.9986265512e+03    1.4020261466e+03   -3.9212461817e+04    1.1354157296e+02    1.1352343803e+02    1.1357210722e+02    1.6029159885e-01   -9.2241942649e-02   -6.4328921583e-04    4.9544722949e+01    2.9726833769e+01    2.9726833769e+01
    1.9659907408e+03    1.3791322951e+03   -3.9190127192e+04    1.1376346607e+02    1.1359868571e+02    1.1358644749e+02    1.9343434972e-02    1.6822521776e-01    1.3326619313e-02    4.9544722949e+01    2.9726833769e+01    2.9726833769e+01
    1.9997595068e+03    1.4028209091e+03   -3.9213890713e+04    1.1352749028e+02    1.1364936624e+02    1.1328954897e+02   -9.5642319634e-02   -6.6336300283e-02    6.0344811408e-02    4.9544722949e+01    2.9726833769e+01    2.9726833769e+01
    1.9910406089e+03    1.3967046475e+03   -3.9209328221e+04    1.1364079148e+02    1.1349678874e+02    1.1342350967e+02   -3.0032852940e-02   -2.0740278344e-02    3.2643405228e-02    4.9544722949e+01    2.9726833769e+01    2.9726833769e+01
    2.0210786996e+03    1.4177762121e+03   -3.9230121743e+04    1.1362153555e+02    1.1342177989e+02    1.1311820466e+02    1.0127294933e-01   -3.5587645659e-02    2.5237902318e-01    4.9544722949e+01    2.9726833769e+01    2.9726833769e+01
    2.0392856096e+03    1.4305482650e+03   -3.9242729459e+04    1.1329674556e+02    1.1358912748e+02    1.1309354328e+02    6.4227909678e-02   -2.1886357653e-01   -2.1464271649e-02    4.9544722949e+01    2.9726833769e+01    2.9726833769e+01
    1.9888594561e+03    1.3951745802e+03   -3.9204950379e+04    1.1362738008e+02    1.1379897143e+02    1.1327838608e+02   -9.6117343849e-02    1.2571284875e-03   -1.2910030801e-01    4.9544722949e+01    2.9726833769e+01    2.9726833769e+01
    2.0081738131e+03    1.4087235013e+03   -3.9220082242e+04    1.1346032071e+02    1.1353715232e+02    1.1361083124e+02   -1.6274232729e-01    4.7365154018e-02   -1.8248180025e-02    4.9544722949e+01    2.9726833769e+01    2.9726833769e+01
    2.0108607772e+03    1.4106083926e+03   -3.9221744468e+04    1.1374227006e+02    1.1357017357e+02    1.1324029872e+02    1.5175944279e-01   -1.8778824592e-01    3.9638751313e-02    4.9544722949e+01    2.9726833769e+01    2.9726833769e+01
    1.9809274509e+03    1.3896103197e+03   -3.9199937338e+04    1.1368248820e+02    1.1381167796e+02    1.1350650234e+02   -1.1197722195e-01   -9.9625968518e-03    6.1909750959e-02    4.9544722949e+01    2.9726833769e+01    2.9726833769e+01
    2.0041754772e+03    1.4059186894e+03   -3.9216297795e+04    1.1336941073e+02    1.1350260675e+02    1.1348430458e+02   -2.2689370337e-02   -5.0801183521e-03   -5.6213477453e-03    4.9544722949e+01    2.9726833769e+01    2.9726833769e+01
    2.0220518812e+03    1.4184588940e+03   -3.9229730227e+04    1.1351649514e+02    1.1363130409e+02    1.1331450245e+02    5.9988462344e-02   -1.4670289552e-01    9.2548417248e-02    4.9544722949e+01    2.9726833769e+01    2.9726833769e+01
    2.0392848102e+03    1.4305477042e+03   -3.9240512524e+04    1.1361463950e+02    1.1343911362e+02    1.1324292611e+02    9.8957814736e-03    1.9505599683e-01    1.5693745001e-01    4.9544722949e+01    2.9726833769e+01    2.9726833769e+01
    2.0029366685e+03    1.4050496716e+03   -3.9215094656e+04    1.1382626496e+02    1.1343971811e+02    1.1351170151e+02    5.1661378280e-02    7.6059319948e-02   -5.6714971015e-02    4.9544722949e+01    2.9726833769e+01    2.9726833769e+01
    1.9853542712e+03    1.3927157111e+03   -3.9204315464e+04    1.1387757350e+02    1.1334068011e+02    1.1330753657e+02    1.2529910553e-01   -1.3593249831e-01   -1.3341446952e-01    4.9544722949e+01    2.9726833769e+01    2.9726833769e+01
    1.9863187440e+03    1.3933922838e+03   -3.9204721436e+04    1.1404101199e+02    1.1350608192e+02    1.1347782039e+02    1.0773720078e-01   -4.9963548563e-02    1.1306636619e-01    4.9544722949e+01    2.9726833769e+01    2.9726833769e+01
    2.0161561173e+03    1.4143230462e+03   -3.9225418988e+04    1.1393133126e+02    1.1328315070e+02    1.1322372759e+02   -1.0054770615e-02   -9.3383994509e-02   -8.9161805638e-02    4.9544722949e+01    2.9726833769e+01    2.9726833769e+01
    1.9870352836e+03    1.3938949326e+03   -3.9205401171e+04    1.1385354125e+02    1.1339938490e+02    1.1356505374e+02    1.1449766889e-01   -6.3717972101e-02   -4.3284824393e-02    4.9544722949e+01    2.9726833769e+01    2.9726833769e+01
    1.9746053806e+03    1.3851754202e+03   -3.9196851157e+04    1.1381827280e+02    1.1356034518e+02    1.1383006187e+02    6.6218497881e-02   -5.9887358896e-03    2.2681562457e-02    4.9544722949e+01    2.9726833769e+01    2.9726833769e+01
    1.9938555704e+03    1.3986793284e+03   -3.9210019832e+04    1.1410166601e+02    1.1348215877e+02    1.1332448143e+02    1.1420945828e-01    3.1654526566e-03   -1.8643552554e-03    4.9544722949e+01    2.9726833769e+01    2.9726833769e+01
    2.0090040946e+03    1.4093059394e+03   -3.9221354239e+04    1.1372087292e+02    1.1340878531e+02    1.1334445968e+02    1.0263094596e-01    1.1358221128e-02   -2.7960342797e-01    4.9544722949e+01    2.9726833769e+01    2.9726833769e+01
    2.0051684263e+03    1.4066152380e+03   -3.9218277845e+04    1.1354486152e+02    1.1351345133e+02    1.1357498524e+02    1.6188261958e-01   -9.8635661947e-02   -1.3497599724e-01    4.9544722949e+01    2.9726833769e+01    2.9726833769e+01
    2.0102121523e+03    1.4101533856e+03   -3.9221261264e+04    1.1355967355e+02    1.1354553986e+02    1.1339232508e+02    2.2207904578e-02    1.7613480855e-01   -5.1224685782e-02    4.9544722949e+01    2.9726833769e+01    2.9726833769e+01
    1.9977855133e+03    1.4014361629e+03   -3.9213450463e+04    1.1386884737e+02    1.1337681431e+02    1.1356378389e+02    7.8958273895e-03    1.9623928945e-02    1.9639809442e-01    4.9544722949e+01    2.9726833769e+01    2.9726833769e+01
    1.9950728711e+03    1.3995332585e+03   -3.9209261061e+04    1.1369587522e+02    1.1362809800e+02    1.1329350947e+02   -7.6209288601e-02    1.0067897668e-01   -1.5663447093e-01    4.9544722949e+01    2.9726833769e+01    2.9726833769e+01
    1.9734329409e+03    1.3843529598e+03   -3.9195654911e+04    1.1395950949e+02    1.1342893793e+02    1.1361855193e+02   -2.3234719233e-02    5.0224202368e-02    3.6899121037e-03    4.9544722949e+01    2.9726833769e+01    2.9726833769e+01
    2.0297047758e+03    1.4238273598e+03   -3.9235195459e+04    1.1342141446e+02    1.1342607551e+02    1.1346371290e+02    1.0539169573e-01   -7.9605850380e-03    4.4613765684e-02    4.9544722949e+01    2.9726833769e+01    2.9726833769e+01
    1.9704736345e+03    1.3822770217e+03   -3.9194787325e+04    1.1389740497e+02    1.1331519968e+02    1.1392411870e+02    4.7003115837e-02    5.9989733192e-02    1.9425676318e-01    4.9544722949e+01    2.9726833769e+01    2.9726833769e+01
    1.9979376821e+03    1.4015429085e+03   -3.9211207236e+04    1.1367136831e+02    1.1366037808e+02    1.1359994369e+02    1.5150164924e-01   -5.8683026430e-02   -1.6234570351e-01    4.9544722949e+01    2.9726833769e+01    2.9726833769e+01
    2.0024568781e+03    1.4047131010e+03   -3.9214536147e+04    1.1353076234e+02    1.1378675697e+02    1.1333292293e+02   -2.7536515126e-01    4.1464691410e-02   -1.8364819140e-01    4.9544722949e+01    2.9726833769e+01    2.9726833769e+01
    2.0238130621e+03    1.4196943532e+03   -3.9231756304e+04    1.1350308916e+02    1.1326680963e+02    1.1323308850e+02   -6.8580834379e-02    3.6389453047e-01    2.3094788767e-02    4.9544722949e+01    2.9726833769e+01    2.9726833769e+01
    1.9941957779e+03    1.3989179822e+03   -3.9210923350e+04    1.1389033680e+02    1.1351763736e+02    1.1351391050e+02   -1.2558968962e-01    1.6197833546e-03   -1.1194540473e-01    4.9544722949e+01    2.9726833769e+01    2.9726833769e+01
    1.9945202894e+03    1.3991456253e+03   -3.9210994343e+04    1.1414061895e+02    1.1326257203e+02    1.1340009500e+02    1.6108622221e-01    3.3130980437e-03   -2.0879628754e-01    4.9544722949e+01    2.9726833769e+01    2.9726833769e+01
    2.0130663435e+03    1.4121555859e+03   -3.9222751494e+04    1.1327588338e+02    1.1316858392e+02    1.1403725924e+02    2.3612998832e-01    4.0940404410e-02   -1.8089049550e-01    4.9544722949e+01    2.9726833769e+01    2.9726833769e+01
    1.9553946961e+03    1.3716992248e+03   -3.9183946951e+04    1.1399206875e+02    1.1377888461e+02    1.1367183781e+02   -1.0405289009e-01    2.6680280605e-02    6.2492143434e-02    4.9544722949e+01    2.9726833769e+01    2.9726833769e+01
    1.9980987378e+03    1.4016558883e+03   -3.9214558653e+04    1.1341637753e+02    1.1340085162e+02    1.1325442252e+02    1.3190687138e-01   -1.1311378760e-01    4.9075192211e-02    4.9544722949e+01    2.9726833769e+01    2.9726833769e+01
    1.9809813263e+03    1.3896481130e+03   -3.9202124739e+04    1.1409309106e+02    1.1360568110e+02    1.1331838060e+02    1.0883949851e-01   -9.1887564380e-02   -8.1735878344e-02    4.9544722949e+01    2.9726833769e+01    2.9726833769e+01
    2.0038024967e+03    1.4056570455e+03   -3.9216879468e+04    1.1386915711e+02    1.1335820606e+02    1.1328660087e+02   -2.1169438098e-01    1.1601990727e-01   -9.7824538109e-02    4.9544722949e+01    2.9726833769e+01    2.9726833769e+01
    1.9948872232e+03    1.3994030275e+03   -3.9209512792e+04    1.1414297886e+02    1.1328437020e+02    1.1329617920e+02   -5.0331454037e-02   -5.9800150207e-02    3.2239456275e-02    4.9544722949e+01    2.9726833769e+01    2.9726833769e+01
    1.9809818104e+03    1.3896484526e+03   -3.9202453056e+04    1.1389183610e+02    1.1333880429e+02    1.1389436980e+02   -1.1552378536e-03    9.1785298689e-02    5.0876009532e-02    4.9544722949e+01    2.9726833769e+01    2.9726833769e+01
    2.0205120312e+03    1.4173786972e+03   -3.9229202785e+04    1.1371497503e+02    1.1331367479e+02    1.1323004819e+02   -2.1660006301e-01   -8.8297980998e-02    7.9285642328e-02    4.9544722949e+01    2.9726833769e+01    2.9726833769e+01
    2.0117776250e+03    1.4112515566e+03   -3.9222077638e+04    1.1345639763e+02    1.1331663223e+02    1.1359919242e+02   -3.7389563041e-02    1.0065213270e-01    2.1068746521e-01    4.9544722949e+01    2.9726833769e+01    2.9726833769e+01
    1.9925262926e+03    1.3977468469e+03   -3.9208124323e+04    1.1423015703e+02    1.1322974229e+02    1.1352488213e+02    7.4707106235e-02   -1.0594794588e-01    1.2477892422e-01    4.9544722949e+01    2.9726833769e+01    2.9726833769e+01
    2.0049663199e+03    1.4064734615e+03   -3.9217825039e+04    1.1379593464e+02    1.1322421908e+02    1.1347001233e+02    3.4385437544e-02    5.4726820134e-02    1.3603252376e-02    4.9544722949e+01    2.9726833769e+01    2.9726833769e+01
    1.9868633378e+03    1.3937743135e+03   -3.9206245286e+04    1.1359577746e+02    1.1363296900e+02    1.1360990964e+02   -1.7916135291e-02    1.7002877090e-01   -6.1066838677e-02    4.9544722949e+01    2.9726833769e+01    2.9726833769e+01
    2.0063809850e+03    1.4074658417e+03   -3.9218365171e+04    1.1391563442e+02    1.1353255710e+02    1.1322785747e+02    4.6241880539e-02   -1.2370495348e-01   -1.5418092438e-01    4.9544722949e+01    2.9726833769e+01    2.9726833769e+01
    1.9780272296e+03    1.3875758295e+03   -3.9200612376e+04    1.1391637079e+02    1.1336796297e+02    1.1368919403e+02   -1.4110498315e-02   -2.2999745423e-01   -1.5733881374e-01    4.9544722949e+01    2.9726833769e+01    2.9726833769e+01
    2.0208264416e+03    1.4175992545e+03   -3.9228087627e+04    1.1352358806e+02    1.1354489172e+02    1.1324412946e+02   -6.9623360602e-02   -2.3830020118e-02   -6.4363886990e-02    4.9544722949e+01    2.9726833769e+01    2.9726833769e+01
    2.0129938833e+03    1.4121047555e+03   -3.9224100209e+04    1.1364821069e+02    1.1351541086e+02    1.1323353892e+02    1.3801717553e-01   -8.6359660211e-02   -1.1820648663e-01    4.9544722949e+01    2.9726833769e+01    2.9726833769e+01
    1.9564236508e+03    1.3724210312e+03   -3.9183278457e+04    1.1423790051e+02    1.1364331766e+02    1.1353767052e+02   -4.0391031556e-02   -6.3770808121e-02    4.9102999498e-02    4.9544722949e+01    2.9726833769e+01    2.9726833769e+01
    2.0173851645e+03    1.4151852164e+03   -3.9226160522e+04    1.1380108627e+02    1.1337038600e+02    1.1339833609e+02   -6.6789983182e-02   -6.5823603598e-02   -5.4681974562e-02    4.9544722949e+01    2.9726833769e+01    2.9726833769e+01
    1.9773973800e+03    1.3871339933e+03   -3.9198522280e+04    1.1381170272e+02    1.1383005556e+02    1.1353839517e+02    1.4370403607e-01   -3.8340495604e-02    1.9335050813e-01    4.9544722949e+01    2.9726833769e+01    2.9726833769e+01
    1.9969475997e+03    1.4008483709e+03   -3.9212114080e+04    1.1343541569e+02    1.1366742170e+02    1.1363581318e+02    1.8564793813e-01   -2.8857482729e-02   -6.8844146670e-03    4.9544722949e+01    2.9726833769e+01    2.9726833769e+01
    1.9862632189e+03    1.3933533332e+03   -3.9205131645e+04    1.1378475033e+02    1.1373572836e+02    1.1315274135e+02    1.5219612460e-02   -2.4008953411e-02    1.8436911978e-01    4.9544722949e+01    2.9726833769e+01    2.9726833769e+01
    1.9790328661e+03    1.3882812783e+03   -3.9199196414e+04    1.1369530551e+02    1.1330669626e+02    1.1353928826e+02    6.6222094125e-03   -4.1910557645e-02   -1.1469494608e-01    4.9544722949e+01    2.9726833769e+01    2.9726833769e+01
    1.9945681859e+03    1.3991792244e+03   -3.9210695989e+04    1.1326955205e+02    1.1367335191e+02    1.1367853242e+02   -1.0737362708e-01    8.7756019155e-02   -1.3516166938e-02    4.9544722949e+01    2.9726833769e+01    2.9726833769e+01
    1.9985137694e+03    1.4019470308e+03   -3.9212893386e+04    1.1390136490e+02    1.1353871799e+02    1.1337473188e+02    3.3687060379e-04    5.2666260446e-02    2.5078697339e-01    4.9544722949e+01    2.9726833769e+01    2.9726833769e+01
    1.9897509981e+03    1.3957999922e+03   -3.9205746202e+04    1.1377762099e+02    1.1318898497e+02    1.1388353621e+02    1.8251428289e-01   -2.7743334312e-03    8.0234170831e-03    4.9544722949e+01    2.9726833769e+01    2.9726833769e+01
    2.0155597125e+03    1.4139046713e+03   -3.9224656806e+04    1.1351020083e+02    1.1335998990e+02    1.1346262056e+02    5.9990687827e-02   -3.2286687120e-03   -3.2643486547e-02    4.9544722949e+01    2.9726833769e+01    2.9726833769e+01
    1.9990545283e+03    1.4023263703e+03   -3.9213404416e+04    1.1346659889e+02    1.1348813748e+02    1.1356028204e+02    1.1181687838e-01   -1.7231563140e-02    1.2784119238e-01    4.9544722949e+01    2.9726833769e+01    2.9726833769e+01
    2.0001543656e+03    1.4030979005e+03   -3.9213536036e+04    1.1382061548e+02    1.1327611692e+02    1.1341241615e+02    8.5029569469e-02   -7.3240006692e-02    9.9320528689e-02    4.9544722949e+01    2.9726833769e+01    2.9726833769e+01
    2.0042926676e+03    1.4060008979e+03   -3.9215576872e+04    1.1337354426e+02    1.1348938508e+02    1.1356842240e+02   -5.5536451478e-02   -9.3079745875e-02    1.5326699972e-01    4.9544722949e+01    2.9726833769e+01    2.9726833769e+01
    2.0121044335e+03    1.4114808111e+03   -3.9223838357e+04    1.1355065661e+02    1.1313286956e+02    1.1366287822e+02   -1.3653050580e-01    1.1434716767e-02    9.9350191849e-02    4.9544722949e+01    2.9726833769e+01    2.9726833769e+01
    1.9926580773e+03    1.3978392932e+03   -3.9205828286e+04    1.1376865006e+02    1.1336704702e+02    1.1381400773e+02    9.0660015728e-02    5.4105129684e-02   -7.9972869128e-02    4.9544722949e+01    2.9726833769e+01    2.9726833769e+01
    1.9888746606e+03    1.3951852460e+03   -3.9207007144e+04    1.1385010346e+02    1.1323646795e+02    1.1343998981e+02    1.4902367459e-01    2.5780606264e-01   -1.3864556590e-01    4.9544722949e+01    2.9726833769e+01    2.9726833769e+01
    2.0008601700e+03    1.4035930186e+03   -3.9214634588e+04    1.1347987432e+02    1.1365954140e+02    1.1332000843e+02   -1.4311714948e-01    1.8089912095e-01    1.8463651863e-02    4.9544722949e+01    2.9726833769e+01    2.9726833769e+01
    1.9753479271e+03    1.3856963127e+03   -3.9196575682e+04    1.1421627804e+02    1.1338632178e+02    1.1346522940e+02   -3.7465139524e-02   -3.6057608826e-03   -9.7793352328e-04    4.9544722949e+01    2.9726833769e+01    2.9726833769e+01
    2.0133803382e+03    1.4123758516e+03   -3.9222773137e+04    1.1399070806e+02    1.1324207102e+02    1.1314766752e+02   -6.6434799531e-02    5.4637342461e-02    3.0945130850e-02    4.9544722949e+01    2.9726833769e+01    2.9726833769e+01
    1.9923291839e+03    1.3976085762e+03   -3.9208888221e+04    1.1381453064e+02    1.1320181606e+02    1.1365857975e+02   -2.9327358546e-01    1.4362262617e-01   -3.0664858847e-03    4.9544722949e+01    2.9726833769e+01    2.9726833769e+01
    1.9869718384e+03    1.3938504261e+03   -3.9205985811e+04    1.1383234958e+02    1.1361244259e+02    1.1359009569e+02   -5.2656423180e-02    1.3898136180e-01   -1.3779568760e-02    4.9544722949e+01    2.9726833769e+01    2.9726833769e+01
    1.9586585265e+03    1.3739887849e+03   -3.9184853051e+04    1.1386464077e+02    1.1343725351e+02    1.1385924075e+02   -1.3192069958e-01   -2.8777774838e-02    1.8649924975e-01    4.9544722949e+01    2.9726833769e+01    2.9726833769e+01
    1.9952902307e+03    1.3996857351e+03   -3.9209423496e+04    1.1377389243e+02    1.1353718862e+02    1.1365112720e+02   -1.9510757159e-02   -4.1842808247e-03    6.4864549407e-02    4.9544722949e+01    2.9726833769e+01    2.9726833769e+01
    2.0309272583e+03    1.4246849249e+03   -3.9235092360e+04    1.1337940576e+02    1.1341306578e+02    1.1325601025e+02   -1.0963265680e-01   -5.1783780643e-02   -1.5030735486e-01    4.9544722949e+01    2.9726833769e+01    2.9726833769e+01
    2.0062191133e+03    1.4073522895e+03   -3.9219990328e+04    1.1394179963e+02    1.1355008368e+02    1.1330051914e+02    1.1145972852e-01    1.3351780522e-02    2.5003839633e-02    4.9544722949e+01    2.9726833769e+01    2.9726833769e+01
    2.0155874488e+03    1.4139241282e+03   -3.9225430059e+04    1.1345708158e+02    1.1326209691e+02    1.1362725701e+02   -1.7457739064e-01   -8.2005311958e-03    3.0422819456e-02    4.9544722949e+01    2.9726833769e+01    2.9726833769e+01
    1.9955117848e+03    1.3998411541e+03   -3.9210189569e+04    1.1408652254e+02    1.1363205046e+02    1.1319748162e+02   -1.1359971177e-01   -1.1215579373e-01   -1.0706004021e-01    4.9544722949e+01    2.9726833769e+01    2.9726833769e+01
    1.9955117848e+03    1.3998411541e+03   -3.9210189569e+04    1.1408652254e+02    1.1363205046e+02    1.1319748162e+02   -1.1359971177e-01   -1.1215579373e-01   -1.0706004021e-01    4.9544722949e+01    2.9726833769e+01    2.9726833769e+01
    1.9955117848e+03    1.3998411541e+03   -3.9210189569e+04    1.1408652254e+02    1.1363205046e+02    1.1319748162e+02   -1.1359971177e-01   -1.1215579373e-01   -1.0706004021e-01    4.9544722949e+01    2.9726833769e+01    2.9726833769e+01
    1.9955117848e+03    1.3998411541e+03   -3.9210189569e+04    1.1408652254e+02    1.1363205046e+02    1.1319748162e+02   -1.1359971177e-01   -1.1215579373e-01   -1.0706004021e-01    4.9544722949e+01    2.9726833769e+01    2.9726833769e+01
    1.9955117848e+03    1.3998411541e+03   -3.9210189569e+04    1.1408652254e+02    1.1363205046e+02    1.1319748162e+02   -1.1359971177e-01   -1.1215579373e-01   -1.0706004021e-01    4.9544722949e+01    2.9726833769e+01    2.9726833769e+01
    1.9955117848e+03    1.3998411541e+03   -3.9210189569e+04    1.1408652254e+02    1.1363205046e+02    1.1319748162e+02   -1.1359971177e-01   -1.1215579373e-01   -1.0706004021e-01    4.9544722949e+01    2.9726833769e+01    2.9726833769e+01
    1.9955117848e+03    1.3998411541e+03   -3.9210189569e+04    1.1408652254e+02    1.1363205046e+02    1.1319748162e+02   -1.1359971177e-01   -1.1215579373e-01   -1.0706004021e-01    4.9544722949e+01    2.9726833769e+01    2.9726833769e+01
    1.9955117848e+03    1.3998411541e+03   -3.9210189569e+04    1.1408652254e+02    1.1363205046e+02    1.1319748162e+02   -1.1359971177e-01   -1.1215579373e-01   -1.0706004021e-01    4.9544722949e+01    2.9726833769e+01    2.9726833769e+01
    1.9955117848e+03    1.3998411541e+03   -3.9210189569e+04    1.1408652254e+02    1.1363205046e+02    1.1319748162e+02   -1.1359971177e-01   -1.1215579373e-01   -1.0706004021e-01    4.9544722949e+01    2.9726833769e+01    2.9726833769e+01
    1.9955117848e+03    1.3998411541e+03   -3.9210189569e+04    1.1408652254e+02    1.1363205046e+02    1.1319748162e+02   -1.1359971177e-01   -1.1215579373e-01   -1.0706004021e-01    4.9544722949e+01    2.9726833769e+01    2.9726833769e+01
    1.9955117848e+03    1.3998411541e+03   -3.9210189569e+04    1.1408652254e+02    1.1363205046e+02    1.1319748162e+02   -1.1359971177e-01   -1.1215579373e-01   -1.0706004021e-01    4.9544722949e+01    2.9726833769e+01    2.9726833769e+01
    1.9955117848e+03    1.3998411541e+03   -3.9210189569e+04    1.1408652254e+02    1.1363205046e+02    1.1319748162e+02   -1.1359971177e-01   -1.1215579373e-01   -1.0706004021e-01    4.9544722949e+01    2.9726833769e+01    2.9726833769e+01
    1.9955117848e+03    1.3998411541e+03   -3.9210189569e+04    1.1408652254e+02    1.1363205046e+02    1.1319748162e+02   -1.1359971177e-01   -1.1215579373e-01   -1.0706004021e-01    4.9544722949e+01    2.9726833769e+01    2.9726833769e+01
    1.9955117848e+03    1.3998411541e+03   -3.9210189569e+04    1.1408652254e+02    1.1363205046e+02    1.1319748162e+02   -1.1359971177e-01   -1.1215579373e-01   -1.0706004021e-01    4.9544722949e+01    2.9726833769e+01    2.9726833769e+01
    1.9955117848e+03    1.3998411541e+03   -3.9210189569e+04    1.1408652254e+02    1.1363205046e+02    1.1319748162e+02   -1.1359971177e-01   -1.1215579373e-01   -1.0706004021e-01    4.9544722949e+01    2.9726833769e+01    2.9726833769e+01
    1.9955117848e+03    1.3998411541e+03   -3.9210189569e+04    1.1408652254e+02    1.1363205046e+02    1.1319748162e+02   -1.1359971177e-01   -1.1215579373e-01   -1.0706004021e-01    4.9544722949e+01    2.9726833769e+01    2.9726833769e+01
    1.9955117848e+03    1.3998411541e+03   -3.9210189569e+04    1.1408652254e+02    1.1363205046e+02    1.1319748162e+02   -1.1359971177e-01   -1.1215579373e-01   -1.0706004021e-01    4.9544722949e+01    2.9726833769e+01    2.9726833769e+01
    1.9955117848e+03    1.3998411541e+03   -3.9210189569e+04    1.1408652254e+02    1.1363205046e+02    1.1319748162e+02   -1.1359971177e-01   -1.1215579373e-01   -1.0706004021e-01    4.9544722949e+01    2.9726833769e+01    2.9726833769e+01
    1.9955117848e+03    1.3998411541e+03   -3.9210189569e+04    1.1408652254e+02    1.1363205046e+02    1.1319748162e+02   -1.1359971177e-01   -1.1215579373e-01   -1.0706004021e-01    4.9544722949e+01    2.9726833769e+01    2.9726833769e+01
    1.9955117848e+03    1.3998411541e+03   -3.9210189569e+04    1.1408652254e+02    1.1363205046e+02    1.1319748162e+02   -1.1359971177e-01   -1.1215579373e-01   -1.0706004021e-01    4.9544722949e+01    2.9726833769e+01    2.9726833769e+01
    1.9955117848e+03    1.3998411541e+03   -3.9210189569e+04    1.1408652254e+02    1.1363205046e+02    1.1319748162e+02   -1.1359971177e-01   -1.1215579373e-01   -1.0706004021e-01    4.9544722949e+01    2.9726833769e+01    2.9726833769e+01
    1.9955117848e+03    1.3998411541e+03   -3.9210189569e+04    1.1408652254e+02    1.1363205046e+02    1.1319748162e+02   -1.1359971177e-01   -1.1215579373e-01   -1.0706004021e-01    4.9544722949e+01    2.9726833769e+01    2.9726833769e+01
    1.9955117848e+03    1.3998411541e+03   -3.9210189569e+04    1.1408652254e+02    1.1363205046e+02    1.1319748162e+02   -1.1359971177e-01   -1.1215579373e-01   -1.0706004021e-01    4.9544722949e+01    2.9726833769e+01    2.9726833769e+01
    1.9955117848e+03    1.3998411541e+03   -3.9210189569e+04    1.1408652254e+02    1.1363205046e+02    1.1319748162e+02   -1.1359971177e-01   -1.1215579373e-01   -1.0706004021e-01    4.9544722949e+01    2.9726833769e+01    2.9726833769e+01
    1.9955117848e+03    1.3998411541e+03   -3.9210189569e+04    1.1408652254e+02    1.1363205046e+02    1.1319748162e+02   -1.1359971177e-01   -1.1215579373e-01   -1.0706004021e-01    4.9544722949e+01    2.9726833769e+01    2.9726833769e+01
    1.9955117848e+03    1.3998411541e+03   -3.9210189569e+04    1.1408652254e+02    1.1363205046e+02    1.1319748162e+02   -1.1359971177e-01   -1.1215579373e-01   -1.0706004021e-01    4.9544722949e+01    2.9726833769e+01    2.9726833769e+01
    1.9955117848e+03    1.3998411541e+03   -3.9210189569e+04    1.1408652254e+02    1.1363205046e+02    1.1319748162e+02   -1.1359971177e-01   -1.1215579373e-01   -1.0706004021e-01    4.9544722949e+01    2.9726833769e+01    2.9726833769e+01
    1.9955117848e+03    1.3998411541e+03   -3.9210189569e+04    1.1408652254e+02    1.1363205046e+02    1.1319748162e+02   -1.1359971177e-01   -1.1215579373e-01   -1.0706004021e-01    4.9544722949e+01    2.9726833769e+01    2.9726833769e+01
    1.9955117848e+03    1.3998411541e+03   -3.9210189569e+04    1.1408652254e+02    1.1363205046e+02    1.1319748162e+02   -1.1359971177e-01   -1.1215579373e-01   -1.0706004021e-01    4.9544722949e+01    2.9726833769e+01    2.9726833769e+01
    1.9955117848e+03    1.3998411541e+03   -3.9210189569e+04    1.1408652254e+02    1.1363205046e+02    1.1319748162e+02   -1.1359971177e-01   -1.1215579373e-01   -1.0706004021e-01    4.9544722949e+01    2.9726833769e+01    2.9726833769e+01
    1.9955117848e+03    1.3998411541e+03   -3.9210189569e+04    1.1408652254e+02    1.1363205046e+02    1.1319748162e+02   -1.1359971177e-01   -1.1215579373e-01   -1.0706004021e-01    4.9544722949e+01    2.9726833769e+01    2.9726833769e+01
