    2.0128589536e+03    2.5289733188e+03   -7.0631047366e+04    1.1329649346e+02    1.1360033350e+02    1.1316439983e+02   -2.7004760650e-03    1.1979766106e-01    1.4552214499e-02    2.9726833769e+01    8.9180501308e+01    2.9726833769e+01
    1.9832373216e+03    2.4917564454e+03   -7.0578922859e+04    1.1349878442e+02    1.1372252685e+02    1.1332944682e+02    1.1328718530e-02    4.2736511626e-02   -1.5412175050e-01    2.9726833769e+01    8.9180501308e+01    2.9726833769e+01
    2.0174820513e+03    2.5347818185e+03   -7.0620677798e+04    1.1336022743e+02    1.1357366941e+02    1.1336850804e+02   -1.9489505605e-01   -6.6748269503e-02    1.0809660406e-01    2.9726833769e+01    8.9180501308e+01    2.9726833769e+01
    1.9890398483e+03    2.4990467899e+03   -7.0584268023e+04    1.1340375513e+02    1.1372530956e+02    1.1349942429e+02    3.1485364163e-02   -4.8374314588e-03   -2.5487810337e-02    2.9726833769e+01    8.9180501308e+01    2.9726833769e+01
    1.9872304470e+03    2.4967734425e+03   -7.0584521770e+04    1.1331226200e+02    1.1377823461e+02    1.1338339358e+02   -1.8934954945e-01    1.3314852152e-02    7.2634393058e-03    2.9726833769e+01    8.9180501308e+01    2.9726833769e+01
    1.9962125765e+03    2.5080586673e+03   -7.0594576616e+04    1.1369640703e+02    1.1330930710e+02    1.1351643841e+02   -6.2921491342e-03   -7.9999693019e-02    7.0128376777e-04    2.9726833769e+01    8.9180501308e+01    2.9726833769e+01
    1.9927825632e+03    2.5037491690e+03   -7.0591910021e+04    1.1354420025e+02    1.1361276833e+02    1.1331471057e+02   -5.1200643977e-02   -8.4046199332e-02   -1.3087835017e-01    2.9726833769e+01    8.9180501308e+01    2.9726833769e+01
    1.9837897123e+03    2.4924504738e+03   -7.0578598475e+04    1.1355288066e+02    1.1348498602e+02    1.1345618423e+02    3.9065165919e-02   -1.2260909173e-01    7.8792981904e-02    2.9726833769e+01    8.9180501308e+01    2.9726833769e+01
    1.9766121955e+03    2.4834325799e+03   -7.0570430271e+04    1.1353880332e+02    1.1374448209e+02    1.1335709206e+02   -1.2465480182e-01    1.7292546644e-02    9.2575184146e-02    2.9726833769e+01    8.9180501308e+01    2.9726833769e+01
    1.9973122384e+03    2.5094402919e+03   -7.0594474522e+04    1.1321365770e+02    1.1375567075e+02    1.1367600914e+02   -1.8052569824e-02   -4.1889581848e-02    8.6540624359e-03    2.9726833769e+01    8.9180501308e+01    2.9726833769e+01
    2.0092246151e+03    2.5244071047e+03   -7.0612979889e+04    1.1320542033e+02    1.1348053255e+02    1.1340037684e+02   -9.2483877805e-02   -1.5757862751e-02    3.7110006687e-02    2.9726833769e+01    8.9180501308e+01    2.9726833769e+01
    1.9750332158e+03    2.4814487361e+03   -7.0567350750e+04    1.1347749584e+02    1.1361741346e+02    1.1374001269e+02    8.7720813491e-02   -4.9626962835e-02    8.0956806108e-04    2.9726833769e+01    8.9180501308e+01    2.9726833769e+01
    2.0009742512e+03    2.5140412764e+03   -7.0600265251e+04    1.1320354387e+02    1.1356001676e+02    1.1345243795e+02   -8.7467120440e-02   -1.1408994729e-01   -6.2411187162e-02    2.9726833769e+01    8.9180501308e+01    2.9726833769e+01
    1.9973890090e+03    2.5095367472e+03   -7.0594077432e+04    1.1331053255e+02    1.1380420279e+02    1.1318887416e+02    2.0534843352e-01    1.1873784893e-02    5.9651277194e-02    2.9726833769e+01    8.9180501308e+01    2.9726833769e+01
    1.9991039362e+03    2.5116913965e+03   -7.0596337731e+04    1.1345629947e+02    1.1345919686e+02    1.1340692519e+02    2.8059460733e-02   -8.6584444561e-02    6.4627299004e-02    2.9726833769e+01    8.9180501308e+01    2.9726833769e+01
    1.9968053421e+03    2.5088034232e+03   -7.0595521979e+04    1.1359794965e+02    1.1351004184e+02    1.1339604481e+02   -3.8286238123e-03   -1.9717403436e-02    3.5505587287e-02    2.9726833769e+01    8.9180501308e+01    2.9726833769e+01
    2.0171273903e+03    2.5343362194e+03   -7.0620272571e+04    1.1337060551e+02    1.1339078707e+02    1.1341048292e+02   -1.2659341173e-01   -5.8075275759e-02   -3.5661260279e-03    2.9726833769e+01    8.9180501308e+01    2.9726833769e+01
    2.0103231481e+03    2.5257873110e+03   -7.0609945786e+04    1.1337954234e+02    1.1367264331e+02    1.1304206133e+02   -9.5504229063e-02   -4.2477700383e-02   -3.4469954886e-02    2.9726833769e+01    8.9180501308e+01    2.9726833769e+01
    2.0072227716e+03    2.5218919712e+03   -7.0607566944e+04    1.1351326390e+02    1.1340356041e+02    1.1344531137e+02   -1.0748261973e-02    1.1159019445e-01   -1.2447000140e-01    2.9726833769e+01    8.9180501308e+01    2.9726833769e+01
    1.9971780018e+03    2.5092716360e+03   -7.0592805387e+04    1.1348583194e+02    1.1355720866e+02    1.1343414433e+02    1.2820287243e-01    4.6804810192e-02    2.2480921177e-02    2.9726833769e+01    8.9180501308e+01    2.9726833769e+01
    1.9718772535e+03    2.4774835580e+03   -7.0563445663e+04    1.1355923089e+02    1.1375311727e+02    1.1358447814e+02    5.7736086502e-02    1.4331320332e-01   -1.7371172432e-01    2.9726833769e+01    8.9180501308e+01    2.9726833769e+01
    2.0011627404e+03    2.5142780959e+03   -7.0602231067e+04    1.1335505300e+02    1.1358037626e+02    1.1331614833e+02    3.7470185033e-02   -1.6464545274e-01   -7.3995063903e-02    2.9726833769e+01    8.9180501308e+01    2.9726833769e+01
    1.9877461878e+03    2.4974214237e+03   -7.0583561417e+04    1.1336671464e+02    1.1376558364e+02    1.1354532788e+02   -1.2248784447e-01    2.8247589096e-03    1.3678243759e-01    2.9726833769e+01    8.9180501308e+01    2.9726833769e+01
    2.0069095888e+03    2.5214984857e+03   -7.0608689365e+04    1.1342351028e+02    1.1369881467e+02    1.1313175932e+02   -1.9071618471e-02    1.7954531345e-02   -5.5760836682e-03    2.9726833769e+01    8.9180501308e+01    2.9726833769e+01
    1.9959234884e+03    2.5076954545e+03   -7.0594219902e+04    1.1362503267e+02    1.1369481072e+02    1.1314733213e+02   -1.0673631327e-01    1.8230971202e-02   -1.0181520304e-01    2.9726833769e+01    8.9180501308e+01    2.9726833769e+01
    1.9861473587e+03    2.4954126411e+03   -7.0581902094e+04    1.1328784848e+02    1.1376973540e+02    1.1372573495e+02    1.4638698177e-01   -2.3269622556e-02   -1.8499618521e-02    2.9726833769e+01    8.9180501308e+01    2.9726833769e+01
    2.0093364609e+03    2.5245476287e+03   -7.0609470343e+04    1.1348878600e+02    1.1346083819e+02    1.1339894867e+02   -5.9917584530e-02   -1.3033508969e-01   -6.0325626133e-02    2.9726833769e+01    8.9180501308e+01    2.9726833769e+01
    1.9882148538e+03    2.4980102597e+03   -7.0582500330e+04    1.1350646826e+02    1.1353952808e+02    1.1357055916e+02   -4.0163903092e-02    1.7014132469e-01    1.4980824779e-01    2.9726833769e+01    8.9180501308e+01    2.9726833769e+01
    2.0031685934e+03    2.5167982668e+03   -7.0603233140e+04    1.1349935806e+02    1.1340567110e+02    1.1350520839e+02    3.3278406467e-02    3.4658641428e-02   -1.4499345310e-01    2.9726833769e+01    8.9180501308e+01    2.9726833769e+01
    2.0148491061e+03    2.5314737635e+03   -7.0615548419e+04    1.1344949432e+02    1.1356801418e+02    1.1327187774e+02   -4.2592033834e-02   -5.5054928532e-02    5.2262342032e-02    2.9726833769e+01    8.9180501308e+01    2.9726833769e+01
    1.9999761154e+03    2.5127872100e+03   -7.0598624692e+04    1.1345136910e+02    1.1366055616e+02    1.1326586903e+02    2.8526629148e-02   -8.8987879934e-02    1.2321982068e-02    2.9726833769e+01    8.9180501308e+01    2.9726833769e+01
    1.9915212347e+03    2.5021644251e+03   -7.0587789682e+04    1.1365829655e+02    1.1369290069e+02    1.1323864597e+02    5.5524039960e-02   -7.9299680769e-02    5.4014370061e-02    2.9726833769e+01    8.9180501308e+01    2.9726833769e+01
    1.9918018805e+03    2.5025170309e+03   -7.0589563555e+04    1.1313480871e+02    1.1381888314e+02    1.1338567653e+02    1.4683141308e-02   -9.3207879055e-02    6.5259115138e-02    2.9726833769e+01    8.9180501308e+01    2.9726833769e+01
    2.0035035062e+03    2.5172190541e+03   -7.0602650105e+04    1.1381122624e+02    1.1327455106e+02    1.1332415049e+02   -4.1605395355e-02    3.0554941135e-02    1.1031579441e-02    2.9726833769e+01    8.9180501308e+01    2.9726833769e+01
    2.0039802912e+03    2.5178180909e+03   -7.0603803267e+04    1.1316276685e+02    1.1392911633e+02    1.1335599494e+02   -1.1089191819e-01   -1.1278300731e-01    5.7915187071e-02    2.9726833769e+01    8.9180501308e+01    2.9726833769e+01
    1.9690896995e+03    2.4739812512e+03   -7.0559434239e+04    1.1363139339e+02    1.1380899307e+02    1.1351673832e+02   -3.6990099016e-02   -3.4807921264e-02   -9.6337767404e-02    2.9726833769e+01    8.9180501308e+01    2.9726833769e+01
    1.9940836466e+03    2.5053838614e+03   -7.0589045812e+04    1.1312366864e+02    1.1402920093e+02    1.1334633637e+02   -2.1241890232e-01   -4.9049508706e-03   -1.6329228746e-01    2.9726833769e+01    8.9180501308e+01    2.9726833769e+01
    2.0141657912e+03    2.5306152408e+03   -7.0617150762e+04    1.1325622465e+02    1.1356974586e+02    1.1328933963e+02    8.6530136815e-02    3.5297987523e-02   -5.2992575686e-02    2.9726833769e+01    8.9180501308e+01    2.9726833769e+01
    1.9950082151e+03    2.5065454973e+03   -7.0591893849e+04    1.1348294130e+02    1.1348116266e+02    1.1345453059e+02   -3.2897990591e-02   -6.5493445488e-02    1.0192335490e-01    2.9726833769e+01    8.9180501308e+01    2.9726833769e+01
    1.9870789901e+03    2.4965831507e+03   -7.0582001866e+04    1.1358035022e+02    1.1349343494e+02    1.1339641462e+02    4.8522239620e-02    7.9282849462e-02    4.4548638816e-02    2.9726833769e+01    8.9180501308e+01    2.9726833769e+01
    2.0044669690e+03    2.5184295571e+03   -7.0602319571e+04    1.1354178401e+02    1.1367727311e+02    1.1329725081e+02    2.3464101133e-02    2.1065211385e-02   -2.4251168977e-02    2.9726833769e+01    8.9180501308e+01    2.9726833769e+01
    2.0040793453e+03    2.5179425434e+03   -7.0603444430e+04    1.1334132890e+02    1.1371696822e+02    1.1332416601e+02    2.6752711504e-02    1.0401610029e-01   -3.7211162530e-02    2.9726833769e+01    8.9180501308e+01    2.9726833769e+01
    2.0005184007e+03    2.5134685419e+03   -7.0599707171e+04    1.1373582093e+02    1.1356540226e+02    1.1325512135e+02   -4.2359351025e-02   -5.8954613795e-02    3.7531899956e-02    2.9726833769e+01    8.9180501308e+01    2.9726833769e+01
    2.0196086526e+03    2.5374536987e+03   -7.0622801345e+04    1.1306567899e+02    1.1366893693e+02    1.1346843317e+02    9.7077045107e-02   -5.6475164548e-02    8.9496534345e-02    2.9726833769e+01    8.9180501308e+01    2.9726833769e+01
    1.9852925206e+03    2.4943386150e+03   -7.0578222297e+04    1.1363085710e+02    1.1341858168e+02    1.1337922310e+02    1.3073527939e-02    8.8286117654e-02    5.6775199490e-02    2.9726833769e+01    8.9180501308e+01    2.9726833769e+01
    2.0101218771e+03    2.5255344323e+03   -7.0611657011e+04    1.1356856706e+02    1.1354882079e+02    1.1334720009e+02    2.3253794415e-02    2.4655959232e-02    1.0873741452e-03    2.9726833769e+01    8.9180501308e+01    2.9726833769e+01
    1.9774628693e+03    2.4845013737e+03   -7.0571757579e+04    1.1347048352e+02    1.1364513962e+02    1.1355929568e+02    7.3970831401e-02    5.7535027895e-02   -7.1924368483e-02    2.9726833769e+01    8.9180501308e+01    2.9726833769e+01
    1.9885806764e+03    2.4984698824e+03   -7.0585085320e+04    1.1326800386e+02    1.1376977669e+02    1.1350844637e+02   -8.5625619959e-02   -1.5182528524e-02   -1.6510605617e-01    2.9726833769e+01    8.9180501308e+01    2.9726833769e+01
    1.9733836836e+03    2.4793762498e+03   -7.0564611018e+04    1.1355370369e+02    1.1364767061e+02    1.1357105508e+02   -4.0318981090e-02    8.7155178438e-02    8.7499395934e-02    2.9726833769e+01    8.9180501308e+01    2.9726833769e+01
    1.9870254860e+03    2.4965159278e+03   -7.0580973702e+04    1.1330596787e+02    1.1379507677e+02    1.1351087450e+02   -2.0491206031e-02    3.2056989003e-02    7.6320113550e-02    2.9726833769e+01    8.9180501308e+01    2.9726833769e+01
    1.9990870463e+03    2.5116701759e+03   -7.0596759867e+04    1.1343592430e+02    1.1356500898e+02    1.1352856066e+02    2.1056899602e-02    6.0988623973e-03   -2.7159663549e-02    2.9726833769e+01    8.9180501308e+01    2.9726833769e+01
    2.0216338905e+03    2.5399982251e+03   -7.0625744102e+04    1.1313957003e+02    1.1346512775e+02    1.1338035162e+02   -1.7747487287e-01    3.8974989016e-02    3.3827047970e-02    2.9726833769e+01    8.9180501308e+01    2.9726833769e+01
    1.9966327742e+03    2.5085866073e+03   -7.0594742297e+04    1.1360824964e+02    1.1343961832e+02    1.1341090268e+02    1.6399668167e-01    5.0636637647e-02   -1.1449120738e-01    2.9726833769e+01    8.9180501308e+01    2.9726833769e+01
    2.0012872457e+03    2.5144345253e+03   -7.0603204772e+04    1.1338904915e+02    1.1386425792e+02    1.1329184893e+02   -1.4343757386e-01   -6.8015397379e-02   -6.4455339486e-02    2.9726833769e+01    8.9180501308e+01    2.9726833769e+01
    2.0043142207e+03    2.5182376428e+03   -7.0605517115e+04    1.1343814626e+02    1.1361102471e+02    1.1329031639e+02    3.5775697439e-04    1.3875002091e-02    3.6867301122e-02    2.9726833769e+01    8.9180501308e+01    2.9726833769e+01
    2.0022786636e+03    2.5156801514e+03   -7.0602205219e+04    1.1344165768e+02    1.1366338703e+02    1.1321242075e+02   -1.2360092882e-01   -1.0207120323e-01   -1.0577980100e-02    2.9726833769e+01    8.9180501308e+01    2.9726833769e+01
    1.9985063041e+03    2.5109405265e+03   -7.0596522022e+04    1.1355404193e+02    1.1358687815e+02    1.1337148501e+02    7.7372413634e-02    6.5782445912e-02   -3.0072385807e-02    2.9726833769e+01    8.9180501308e+01    2.9726833769e+01
    1.9965272824e+03    2.5084540665e+03   -7.0594334527e+04    1.1359040047e+02    1.1364680840e+02    1.1316589517e+02    2.8749220681e-02    8.6279935002e-02    8.8779379283e-02    2.9726833769e+01    8.9180501308e+01    2.9726833769e+01
    1.9924869021e+03    2.5033776980e+03   -7.0589923648e+04    1.1318314965e+02    1.1390513142e+02    1.1337661562e+02    9.7133694021e-03    5.0721957483e-03    1.3339100433e-01    2.9726833769e+01    8.9180501308e+01    2.9726833769e+01
    2.0134410602e+03    2.5297046825e+03   -7.0615629909e+04    1.1333598967e+02    1.1365942167e+02    1.1334304960e+02   -4.8050720144e-02    1.4026694327e-01   -9.3461389706e-02    2.9726833769e+01    8.9180501308e+01    2.9726833769e+01
    1.9917487814e+03    2.5024503167e+03   -7.0589036530e+04    1.1348637904e+02    1.1352836494e+02    1.1350587202e+02   -2.5654987422e-01   -6.8860461990e-02   -3.5856715247e-02    2.9726833769e+01    8.9180501308e+01    2.9726833769e+01
    2.0060769145e+03    2.5204523065e+03   -7.0604898471e+04    1.1351878615e+02    1.1344601668e+02    1.1339594406e+02    2.0822886022e-02    2.8089101256e-01   -5.2688238437e-02    2.9726833769e+01    8.9180501308e+01    2.9726833769e+01
    2.0093019927e+03    2.5245043225e+03   -7.0609707857e+04    1.1350358983e+02    1.1331306547e+02    1.1353041761e+02   -3.6015894099e-02    1.3573364130e-01    8.9752663778e-02    2.9726833769e+01    8.9180501308e+01    2.9726833769e+01
    1.9948685142e+03    2.5063699759e+03   -7.0591458628e+04    1.1325011977e+02    1.1357667983e+02    1.1333002537e+02   -4.5627983034e-03    3.7278282861e-02   -4.4193258656e-02    2.9726833769e+01    8.9180501308e+01    2.9726833769e+01
    2.0157458051e+03    2.5326003839e+03   -7.0619934331e+04    1.1336596974e+02    1.1361672147e+02    1.1322753301e+02    7.9055227236e-02    3.0202692469e-02    1.0203127437e-01    2.9726833769e+01    8.9180501308e+01    2.9726833769e+01
    2.0091035752e+03    2.5242550290e+03   -7.0609368875e+04    1.1330801617e+02    1.1362106218e+02    1.1339679821e+02    1.6765873131e-02    1.6669983787e-02    5.3402576623e-02    2.9726833769e+01    8.9180501308e+01    2.9726833769e+01
    1.9955698173e+03    2.5072510991e+03   -7.0592413915e+04    1.1331736657e+02    1.1375601939e+02    1.1350937572e+02    8.6579549057e-02    9.8890343815e-02    4.0942178257e-02    2.9726833769e+01    8.9180501308e+01    2.9726833769e+01
    2.0188046968e+03    2.5364436018e+03   -7.0620620112e+04    1.1360073739e+02    1.1331668580e+02    1.1357289797e+02   -8.3583126243e-03    8.1506603511e-02    1.3323101774e-01    2.9726833769e+01    8.9180501308e+01    2.9726833769e+01
    2.0005008500e+03    2.5134464911e+03   -7.0598412145e+04    1.1351252308e+02    1.1349548903e+02    1.1341239144e+02   -6.0618847965e-02    1.2184002901e-01   -2.1884905086e-01    2.9726833769e+01    8.9180501308e+01    2.9726833769e+01
    1.9805691031e+03    2.4884040727e+03   -7.0576246157e+04    1.1339313243e+02    1.1373876361e+02    1.1351342824e+02    5.7096265723e-03    3.3061871763e-02    1.4817632060e-01    2.9726833769e+01    8.9180501308e+01    2.9726833769e+01
    2.0024030378e+03    2.5158364161e+03   -7.0601214307e+04    1.1363474158e+02    1.1358434259e+02    1.1344348998e+02   -1.1095530639e-01   -1.0057957272e-01    1.0083802920e-01    2.9726833769e+01    8.9180501308e+01    2.9726833769e+01
    1.9951098861e+03    2.5066732376e+03   -7.0593659909e+04    1.1334398683e+02    1.1354389619e+02    1.1335779059e+02    8.9059817831e-02    1.1474075746e-01    5.6999235650e-02    2.9726833769e+01    8.9180501308e+01    2.9726833769e+01
    2.0009078595e+03    2.5139578613e+03   -7.0599019299e+04    1.1309089390e+02    1.1375367151e+02    1.1356673689e+02   -1.1425538064e-01   -1.6801863893e-01   -9.7972051019e-02    2.9726833769e+01    8.9180501308e+01    2.9726833769e+01
    1.9958933798e+03    2.5076576258e+03   -7.0593164974e+04    1.1349129309e+02    1.1354367005e+02    1.1348994835e+02    7.3997403760e-02   -1.1188716448e-01    8.5870260721e-02    2.9726833769e+01    8.9180501308e+01    2.9726833769e+01
    1.9882623688e+03    2.4980699579e+03   -7.0585378847e+04    1.1344015426e+02    1.1352746929e+02    1.1342871961e+02   -1.4536493732e-01    3.9487240695e-02   -6.8394688782e-04    2.9726833769e+01    8.9180501308e+01    2.9726833769e+01
    1.9970739403e+03    2.5091408922e+03   -7.0597217435e+04    1.1333106076e+02    1.1370710262e+02    1.1346392215e+02   -9.9226386803e-02   -1.5196132015e-01   -6.8148007420e-02    2.9726833769e+01    8.9180501308e+01    2.9726833769e+01
    1.9913682013e+03    2.5019721526e+03   -7.0589972092e+04    1.1333518638e+02    1.1374118587e+02    1.1321888661e+02    3.7785880258e-03    1.9838107607e-01   -7.9782402976e-02    2.9726833769e+01    8.9180501308e+01    2.9726833769e+01
    2.0035931463e+03    2.5173316788e+03   -7.0603056538e+04    1.1316314316e+02    1.1374501415e+02    1.1342036286e+02   -4.8801094112e-02   -1.1279626686e-01    7.6229249613e-02    2.9726833769e+01    8.9180501308e+01    2.9726833769e+01
    2.0083808285e+03    2.5233469639e+03   -7.0608878145e+04    1.1357290007e+02    1.1335989471e+02    1.1348852103e+02    2.1853575713e-02   -3.0371918529e-02   -4.3281827039e-02    2.9726833769e+01    8.9180501308e+01    2.9726833769e+01
    1.9826275997e+03    2.4909903854e+03   -7.0578294308e+04    1.1363931701e+02    1.1374413966e+02    1.1325891602e+02    1.1315661816e-01    2.4987366304e-02    5.5591740277e-02    2.9726833769e+01    8.9180501308e+01    2.9726833769e+01
    2.0012222212e+03    2.5143528281e+03   -7.0601179438e+04    1.1337405369e+02    1.1360319375e+02    1.1344704272e+02    5.8638248807e-02    1.7388876077e-02    5.5891013532e-02    2.9726833769e+01    8.9180501308e+01    2.9726833769e+01
    2.0221635065e+03    2.5406636392e+03   -7.0626121231e+04    1.1312713260e+02    1.1358714888e+02    1.1351945648e+02    1.1331706885e-01    9.4946016039e-03    1.3609833503e-01    2.9726833769e+01    8.9180501308e+01    2.9726833769e+01
    1.9941040172e+03    2.5054094553e+03   -7.0589945770e+04    1.1345714229e+02    1.1368034876e+02    1.1355928247e+02    9.0634222750e-02    1.1956119472e-01   -7.3323783490e-02    2.9726833769e+01    8.9180501308e+01    2.9726833769e+01
    1.9988895064e+03    2.5114219851e+03   -7.0594134453e+04    1.1338307105e+02    1.1368693735e+02    1.1335882501e+02   -3.0669435617e-02   -7.2573168869e-02   -3.1957738573e-02    2.9726833769e+01    8.9180501308e+01    2.9726833769e+01
    2.0134289287e+03    2.5296894404e+03   -7.0616596119e+04    1.1338013018e+02    1.1323054220e+02    1.1337239124e+02   -2.2033426964e-02   -9.2335815235e-02    1.3462345493e-02    2.9726833769e+01    8.9180501308e+01    2.9726833769e+01
    2.0139255182e+03    2.5303133598e+03   -7.0616130265e+04    1.1315086123e+02    1.1339006515e+02    1.1341193694e+02    1.6646153487e-01    1.1113913472e-01    3.4205209294e-02    2.9726833769e+01    8.9180501308e+01    2.9726833769e+01
    1.9965687383e+03    2.5085061521e+03   -7.0594467088e+04    1.1343864755e+02    1.1362534247e+02    1.1338144814e+02    1.5522509217e-01   -4.3642822874e-02    8.8148853569e-02    2.9726833769e+01    8.9180501308e+01    2.9726833769e+01
    2.0077407066e+03    2.5225427092e+03   -7.0609140479e+04    1.1330378322e+02    1.1363265552e+02    1.1339018565e+02   -1.2250261317e-02   -2.5830710981e-02   -6.1414643513e-03    2.9726833769e+01    8.9180501308e+01    2.9726833769e+01
    1.9870582445e+03    2.4965570858e+03   -7.0583244009e+04    1.1329540273e+02    1.1375565315e+02    1.1353832195e+02    2.4043665947e-02   -7.8491547883e-02    7.1677030857e-02    2.9726833769e+01    8.9180501308e+01    2.9726833769e+01
    2.0070255185e+03    2.5216441407e+03   -7.0608439068e+04    1.1349814453e+02    1.1349432835e+02    1.1333201109e+02   -1.2664086712e-01    8.5574340059e-02    5.8390340682e-02    2.9726833769e+01    8.9180501308e+01    2.9726833769e+01
    1.9926640437e+03    2.5036002602e+03   -7.0590147906e+04    1.1336322739e+02    1.1377482148e+02    1.1340683056e+02   -6.8005400643e-02   -7.5078595437e-02    1.1737258014e-01    2.9726833769e+01    8.9180501308e+01    2.9726833769e+01
    2.0079379620e+03    2.5227905427e+03   -7.0606204833e+04    1.1334517137e+02    1.1371046067e+02    1.1332607324e+02   -1.5119783230e-03   -1.0660361728e-01   -6.9779189849e-02    2.9726833769e+01    8.9180501308e+01    2.9726833769e+01
    1.9913661319e+03    2.5019695525e+03   -7.0589849661e+04    1.1331427879e+02    1.1380176841e+02    1.1340736372e+02    4.5563799211e-02   -2.3202137528e-02   -2.3448881398e-02    2.9726833769e+01    8.9180501308e+01    2.9726833769e+01
    1.9889644699e+03    2.4989520838e+03   -7.0584328590e+04    1.1359991934e+02    1.1365181015e+02    1.1368416878e+02   -8.3957983829e-02   -1.8115865207e-01    4.4409914227e-02    2.9726833769e+01    8.9180501308e+01    2.9726833769e+01
    1.9632880600e+03    2.4666920214e+03   -7.0551077990e+04    1.1356105926e+02    1.1379275941e+02    1.1348697805e+02   -1.0416711230e-01   -1.1165466928e-01    2.2108959186e-02    2.9726833769e+01    8.9180501308e+01    2.9726833769e+01
    1.9959146593e+03    2.5076843616e+03   -7.0591792948e+04    1.1355992791e+02    1.1340897003e+02    1.1347687775e+02    7.6976072247e-02   -8.9257616081e-02    7.3142676646e-02    2.9726833769e+01    8.9180501308e+01    2.9726833769e+01
    1.9834621974e+03    2.4920389812e+03   -7.0577758820e+04    1.1357901064e+02    1.1331611796e+02    1.1372555944e+02   -1.2572726147e-01    1.5134420657e-01   -2.2671530279e-02    2.9726833769e+01    8.9180501308e+01    2.9726833769e+01
    2.0072748542e+03    2.5219574082e+03   -7.0610370595e+04    1.1319746037e+02    1.1373932710e+02    1.1345369149e+02    1.2049587415e-01   -5.1552229151e-02    5.8191870656e-02    2.9726833769e+01    8.9180501308e+01    2.9726833769e+01
    1.9766509434e+03    2.4834812631e+03   -7.0569932777e+04    1.1343177583e+02    1.1356512336e+02    1.1352522495e+02   -1.4860927416e-01   -1.9713051378e-02    1.1060748560e-01    2.9726833769e+01    8.9180501308e+01    2.9726833769e+01
    2.0101400591e+03    2.5255572764e+03   -7.0608837587e+04    1.1324477824e+02    1.1345216691e+02    1.1371814224e+02   -7.6228142788e-03   -2.8561256672e-02    4.6577517007e-02    2.9726833769e+01    8.9180501308e+01    2.9726833769e+01
    2.0101400591e+03    2.5255572764e+03   -7.0608837587e+04    1.1324477824e+02    1.1345216691e+02    1.1371814224e+02   -7.6228142788e-03   -2.8561256672e-02    4.6577517007e-02    2.9726833769e+01    8.9180501308e+01    2.9726833769e+01
    2.0101400591e+03    2.5255572764e+03   -7.0608837587e+04    1.1324477824e+02    1.1345216691e+02    1.1371814224e+02   -7.6228142788e-03   -2.8561256672e-02    4.6577517007e-02    2.9726833769e+01    8.9180501308e+01    2.9726833769e+01
    2.0101400591e+03    2.5255572764e+03   -7.0608837587e+04    1.1324477824e+02    1.1345216691e+02    1.1371814224e+02   -7.6228142788e-03   -2.8561256672e-02    4.6577517007e-02    2.9726833769e+01    8.9180501308e+01    2.9726833769e+01
    2.0101400591e+03    2.5255572764e+03   -7.0608837587e+04    1.1324477824e+02    1.1345216691e+02    1.1371814224e+02   -7.6228142788e-03   -2.8561256672e-02    4.6577517007e-02    2.9726833769e+01    8.9180501308e+01    2.9726833769e+01
    2.0101400591e+03    2.5255572764e+03   -7.0608837587e+04    1.1324477824e+02    1.1345216691e+02    1.1371814224e+02   -7.6228142788e-03   -2.8561256672e-02    4.6577517007e-02    2.9726833769e+01    8.9180501308e+01    2.9726833769e+01
    2.0101400591e+03    2.5255572764e+03   -7.0608837587e+04    1.1324477824e+02    1.1345216691e+02    1.1371814224e+02   -7.6228142788e-03   -2.8561256672e-02    4.6577517007e-02    2.9726833769e+01    8.9180501308e+01    2.9726833769e+01
    2.0101400591e+03    2.5255572764e+03   -7.0608837587e+04    1.1324477824e+02    1.1345216691e+02    1.1371814224e+02   -7.6228142788e-03   -2.8561256672e-02    4.6577517007e-02    2.9726833769e+01    8.9180501308e+01    2.9726833769e+01
    2.0101400591e+03    2.5255572764e+03   -7.0608837587e+04    1.1324477824e+02    1.1345216691e+02    1.1371814224e+02   -7.6228142788e-03   -2.8561256672e-02    4.6577517007e-02    2.9726833769e+01    8.9180501308e+01    2.9726833769e+01
    2.0101400591e+03    2.5255572764e+03   -7.0608837587e+04    1.1324477824e+02    1.1345216691e+02    1.1371814224e+02   -7.6228142788e-03   -2.8561256672e-02    4.6577517007e-02    2.9726833769e+01    8.9180501308e+01    2.9726833769e+01
    2.0101400591e+03    2.5255572764e+03   -7.0608837587e+04    1.1324477824e+02    1.1345216691e+02    1.1371814224e+02   -7.6228142788e-03   -2.8561256672e-02    4.6577517007e-02    2.9726833769e+01    8.9180501308e+01    2.9726833769e+01
    2.0101400591e+03    2.5255572764e+03   -7.0608837587e+04    1.1324477824e+02    1.1345216691e+02    1.1371814224e+02   -7.6228142788e-03   -2.8561256672e-02    4.6577517007e-02    2.9726833769e+01    8.9180501308e+01    2.9726833769e+01
    2.0101400591e+03    2.5255572764e+03   -7.0608837587e+04    1.1324477824e+02    1.1345216691e+02    1.1371814224e+02   -7.6228142788e-03   -2.8561256672e-02    4.6577517007e-02    2.9726833769e+01    8.9180501308e+01    2.9726833769e+01
    2.0101400591e+03    2.5255572764e+03   -7.0608837587e+04    1.1324477824e+02    1.1345216691e+02    1.1371814224e+02   -7.6228142788e-03   -2.8561256672e-02    4.6577517007e-02    2.9726833769e+01    8.9180501308e+01    2.9726833769e+01
    2.0101400591e+03    2.5255572764e+03   -7.0608837587e+04    1.1324477824e+02    1.1345216691e+02    1.1371814224e+02   -7.6228142788e-03   -2.8561256672e-02    4.6577517007e-02    2.9726833769e+01    8.9180501308e+01    2.9726833769e+01
    2.0101400591e+03    2.5255572764e+03   -7.0608837587e+04    1.1324477824e+02    1.1345216691e+02    1.1371814224e+02   -7.6228142788e-03   -2.8561256672e-02    4.6577517007e-02    2.9726833769e+01    8.9180501308e+01    2.9726833769e+01
    2.0101400591e+03    2.5255572764e+03   -7.0608837587e+04    1.1324477824e+02    1.1345216691e+02    1.1371814224e+02   -7.6228142788e-03   -2.8561256672e-02    4.6577517007e-02    2.9726833769e+01    8.9180501308e+01    2.9726833769e+01
    2.0101400591e+03    2.5255572764e+03   -7.0608837587e+04    1.1324477824e+02    1.1345216691e+02    1.1371814224e+02   -7.6228142788e-03   -2.8561256672e-02    4.6577517007e-02    2.9726833769e+01    8.9180501308e+01    2.9726833769e+01
    2.0101400591e+03    2.5255572764e+03   -7.0608837587e+04    1.1324477824e+02    1.1345216691e+02    1.1371814224e+02   -7.6228142788e-03   -2.8561256672e-02    4.6577517007e-02    2.9726833769e+01    8.9180501308e+01    2.9726833769e+01
    2.0101400591e+03    2.5255572764e+03   -7.0608837587e+04    1.1324477824e+02    1.1345216691e+02    1.1371814224e+02   -7.6228142788e-03   -2.8561256672e-02    4.6577517007e-02    2.9726833769e+01    8.9180501308e+01    2.9726833769e+01
    2.0101400591e+03    2.5255572764e+03   -7.0608837587e+04    1.1324477824e+02    1.1345216691e+02    1.1371814224e+02   -7.6228142788e-03   -2.8561256672e-02    4.6577517007e-02    2.9726833769e+01    8.9180501308e+01    2.9726833769e+01
    2.0101400591e+03    2.5255572764e+03   -7.0608837587e+04    1.1324477824e+02    1.1345216691e+02    1.1371814224e+02   -7.6228142788e-03   -2.8561256672e-02    4.6577517007e-02    2.9726833769e+01    8.9180501308e+01    2.9726833769e+01
    2.0101400591e+03    2.5255572764e+03   -7.0608837587e+04    1.1324477824e+02    1.1345216691e+02    1.1371814224e+02   -7.6228142788e-03   -2.8561256672e-02    4.6577517007e-02    2.9726833769e+01    8.9180501308e+01    2.9726833769e+01
    2.0101400591e+03    2.5255572764e+03   -7.0608837587e+04    1.1324477824e+02    1.1345216691e+02    1.1371814224e+02   -7.6228142788e-03   -2.8561256672e-02    4.6577517007e-02    2.9726833769e+01    8.9180501308e+01    2.9726833769e+01
    2.0101400591e+03    2.5255572764e+03   -7.0608837587e+04    1.1324477824e+02    1.1345216691e+02    1.1371814224e+02   -7.6228142788e-03   -2.8561256672e-02    4.6577517007e-02    2.9726833769e+01    8.9180501308e+01    2.9726833769e+01
    2.0101400591e+03    2.5255572764e+03   -7.0608837587e+04    1.1324477824e+02    1.1345216691e+02    1.1371814224e+02   -7.6228142788e-03   -2.8561256672e-02    4.6577517007e-02    2.9726833769e+01    8.9180501308e+01    2.9726833769e+01
    2.0101400591e+03    2.5255572764e+03   -7.0608837587e+04    1.1324477824e+02    1.1345216691e+02    1.1371814224e+02   -7.6228142788e-03   -2.8561256672e-02    4.6577517007e-02    2.9726833769e+01    8.9180501308e+01    2.9726833769e+01
    2.0101400591e+03    2.5255572764e+03   -7.0608837587e+04    1.1324477824e+02    1.1345216691e+02    1.1371814224e+02   -7.6228142788e-03   -2.8561256672e-02    4.6577517007e-02    2.9726833769e+01    8.9180501308e+01    2.9726833769e+01
    2.0101400591e+03    2.5255572764e+03   -7.0608837587e+04    1.1324477824e+02    1.1345216691e+02    1.1371814224e+02   -7.6228142788e-03   -2.8561256672e-02    4.6577517007e-02    2.9726833769e+01    8.9180501308e+01    2.9726833769e+01
    2.0101400591e+03    2.5255572764e+03   -7.0608837587e+04    1.1324477824e+02    1.1345216691e+02    1.1371814224e+02   -7.6228142788e-03   -2.8561256672e-02    4.6577517007e-02    2.9726833769e+01    8.9180501308e+01    2.9726833769e+01
    2.0101400591e+03    2.5255572764e+03   -7.0608837587e+04    1.1324477824e+02    1.1345216691e+02    1.1371814224e+02   -7.6228142788e-03   -2.8561256672e-02    4.6577517007e-02    2.9726833769e+01    8.9180501308e+01    2.9726833769e+01
