    2.9707953038e+03    2.4883551976e+03   -4.9951726355e+04    4.0630415672e+01    3.9668575659e+01    3.9720303001e+01   -1.2247043641e-01   -6.8945881613e-02   -4.7575801602e-02    6.3250055643e+01    3.1625027822e+01    3.1625027822e+01
    2.9957648336e+03    2.5092698191e+03   -4.9961590264e+04    4.0062399782e+01    3.9760588453e+01    4.0424382842e+01    1.5093211051e-01    2.1180470708e-02    2.4468171782e-01    6.3250055643e+01    3.1625027822e+01    3.1625027822e+01
    3.0189544326e+03    2.5286935604e+03   -4.9978899623e+04    4.0060251028e+01    3.9725740372e+01    4.0290000640e+01   -1.1083653015e-01   -2.8780072482e-01    2.4147184645e-01    6.3250055643e+01    3.1625027822e+01    3.1625027822e+01
    2.9957493546e+03    2.5092568538e+03   -4.9956059147e+04    4.0250542642e+01    3.9924003926e+01    4.0040477296e+01   -7.9806639183e-02   -1.3951758818e-01    7.4732872548e-02    6.3250055643e+01    3.1625027822e+01    3.1625027822e+01
    2.9913049387e+03    2.5055341855e+03   -4.9951764616e+04    4.0215117556e+01    3.9946303809e+01    4.0048843772e+01    1.3381161988e-01    7.9455318245e-02   -6.1267761813e-02    6.3250055643e+01    3.1625027822e+01    3.1625027822e+01
    3.0224351926e+03    2.5316090649e+03   -4.9981874047e+04    4.0160707227e+01    3.9583668908e+01    3.9866718604e+01    1.0537449238e-01   -2.8976556357e-02   -9.3876611313e-02    6.3250055643e+01    3.1625027822e+01    3.1625027822e+01
    2.9955840385e+03    2.5091183841e+03   -4.9953621501e+04    4.0321238646e+01    4.0148963395e+01    3.9746348164e+01   -1.2871803218e-02   -1.5444264196e-01    8.6419129671e-02    6.3250055643e+01    3.1625027822e+01    3.1625027822e+01
    2.9865963533e+03    2.5015902474e+03   -4.9954825469e+04    4.0116045198e+01    3.9879153884e+01    3.9768952113e+01   -3.4430723419e-02    5.4242453720e-02   -2.1873070182e-01    6.3250055643e+01    3.1625027822e+01    3.1625027822e+01
    3.0246084645e+03    2.5334294099e+03   -4.9986054890e+04    3.9933579932e+01    3.9915540126e+01    3.9906705565e+01   -1.1463782122e-02    3.6956498256e-02    3.9223264946e-02    6.3250055643e+01    3.1625027822e+01    3.1625027822e+01
    3.0080543260e+03    2.5195635685e+03   -4.9969565995e+04    4.0661696837e+01    4.0401265165e+01    3.9507573100e+01    1.1094584686e-02    8.2558239174e-02    1.6191775264e-01    6.3250055643e+01    3.1625027822e+01    3.1625027822e+01
    2.9918814570e+03    2.5060170806e+03   -4.9956361665e+04    4.0122811691e+01    3.9928577013e+01    3.9996859297e+01    2.3822620345e-02    7.0195985426e-02    9.0186735080e-02    6.3250055643e+01    3.1625027822e+01    3.1625027822e+01
    3.0052298404e+03    2.5171977631e+03   -4.9968322430e+04    4.0090460202e+01    3.9927676320e+01    3.9874091506e+01   -7.6131976180e-02   -1.5506079351e-01   -2.9830982261e-02    6.3250055643e+01    3.1625027822e+01    3.1625027822e+01
    2.9708561047e+03    2.4884061248e+03   -4.9940372152e+04    4.0643913971e+01    4.0465512699e+01    4.0141852926e+01    1.2395425302e-01   -3.9920512878e-02   -9.2231119194e-02    6.3250055643e+01    3.1625027822e+01    3.1625027822e+01
    3.0134597782e+03    2.5240912063e+03   -4.9972547322e+04    4.0415961058e+01    3.9544526703e+01    4.0028641424e+01   -7.5868202694e-02   -1.1976795790e-01    1.1810400905e-02    6.3250055643e+01    3.1625027822e+01    3.1625027822e+01
    2.9627029335e+03    2.4815769819e+03   -4.9929159328e+04    4.0383282614e+01    4.0509210453e+01    3.9867756017e+01   -1.8771243898e-02    1.1490002783e-01   -1.0978846958e-01    6.3250055643e+01    3.1625027822e+01    3.1625027822e+01
    2.9620573351e+03    2.4810362249e+03   -4.9928613099e+04    4.0222078447e+01    4.0267194034e+01    3.9975111092e+01    1.6230207897e-01    1.9593270316e-02   -1.4636989863e-01    6.3250055643e+01    3.1625027822e+01    3.1625027822e+01
    3.0101900055e+03    2.5213524259e+03   -4.9970356278e+04    4.0380471153e+01    3.9969507494e+01    3.9421478076e+01   -5.3255499576e-02   -1.7523309967e-02   -1.0786379178e-01    6.3250055643e+01    3.1625027822e+01    3.1625027822e+01
    2.9774462859e+03    2.4939260984e+03   -4.9944098269e+04    4.0154438113e+01    4.0274857548e+01    4.0033121928e+01    5.5366807503e-02   -1.4299741150e-01    1.8377007083e-01    6.3250055643e+01    3.1625027822e+01    3.1625027822e+01
    3.0467746147e+03    2.5519959045e+03   -5.0004088379e+04    4.0163160065e+01    3.9552637605e+01    3.9955096883e+01   -1.8240371074e-01    3.8892689748e-02    5.0041568620e-02    6.3250055643e+01    3.1625027822e+01    3.1625027822e+01
    3.0119820710e+03    2.5228534702e+03   -4.9976068195e+04    4.0451250996e+01    3.9787121995e+01    4.0048314504e+01    3.3447109482e-02   -4.9556737881e-02    9.6902283424e-02    6.3250055643e+01    3.1625027822e+01    3.1625027822e+01
    2.9950858742e+03    2.5087011188e+03   -4.9958378525e+04    3.9984264329e+01    4.0172795783e+01    4.0116969400e+01    2.1713992531e-01    1.5238843486e-01   -1.8277574659e-01    6.3250055643e+01    3.1625027822e+01    3.1625027822e+01
    2.9799151850e+03    2.4959940625e+03   -4.9943263080e+04    4.0105346475e+01    4.0308200780e+01    4.0208446524e+01    7.5671453342e-02    5.1014313839e-02    1.7022823912e-02    6.3250055643e+01    3.1625027822e+01    3.1625027822e+01
    3.0080417465e+03    2.5195530319e+03   -4.9968756355e+04    4.0178276972e+01    3.9913567135e+01    4.0042657265e+01    8.3691943251e-02    1.5529019555e-01    1.1171963486e-01    6.3250055643e+01    3.1625027822e+01    3.1625027822e+01
    3.0349044745e+03    2.5420534070e+03   -4.9993191986e+04    4.0197884146e+01    3.9830122266e+01    3.9838396330e+01   -1.7617499008e-01   -1.2246846095e-01   -7.8488859245e-03    6.3250055643e+01    3.1625027822e+01    3.1625027822e+01
    2.9872473505e+03    2.5021355264e+03   -4.9951874296e+04    3.9881527994e+01    4.0395425112e+01    3.9785143749e+01   -1.9655405890e-02    2.5543755354e-01   -1.2627547769e-01    6.3250055643e+01    3.1625027822e+01    3.1625027822e+01
    2.9555071925e+03    2.4755497879e+03   -4.9920671833e+04    4.0401001054e+01    4.0565162299e+01    3.9708636834e+01    9.8581060668e-02   -5.4592806455e-02    1.9569811871e-02    6.3250055643e+01    3.1625027822e+01    3.1625027822e+01
    3.0053842937e+03    2.5173271341e+03   -4.9965041149e+04    3.9790498171e+01    4.0107218083e+01    3.9833566701e+01   -2.6731117194e-01   -1.6541335119e-01    8.5638190190e-02    6.3250055643e+01    3.1625027822e+01    3.1625027822e+01
    2.9865116914e+03    2.5015193341e+03   -4.9949447286e+04    4.0395840390e+01    3.9958903634e+01    4.0153568686e+01   -5.0472990888e-02   -6.8379368524e-02    1.0031409813e-01    6.3250055643e+01    3.1625027822e+01    3.1625027822e+01
    3.0169548194e+03    2.5270186728e+03   -4.9972336272e+04    4.0087800080e+01    3.9906561253e+01    3.9784263530e+01    9.9118282368e-02   -1.1887823213e-01   -9.1059879553e-02    6.3250055643e+01    3.1625027822e+01    3.1625027822e+01
    2.9968805979e+03    2.5102043897e+03   -4.9956389805e+04    4.0284739701e+01    4.0313941280e+01    3.9559161901e+01   -1.4946339106e-02   -8.0397826779e-02   -1.5697056761e-01    6.3250055643e+01    3.1625027822e+01    3.1625027822e+01
    3.0154752154e+03    2.5257793481e+03   -4.9977087011e+04    4.0053132036e+01    3.9838036062e+01    3.9850519980e+01    1.2710438073e-01    8.3807559203e-02    9.2876023511e-02    6.3250055643e+01    3.1625027822e+01    3.1625027822e+01
    2.9992125073e+03    2.5121576104e+03   -4.9959375767e+04    4.0024800980e+01    3.9950444808e+01    3.9798100855e+01   -1.0790234172e-01    3.0234023730e-02    1.2953452499e-01    6.3250055643e+01    3.1625027822e+01    3.1625027822e+01
    2.9887868077e+03    2.5034249845e+03   -4.9951689930e+04    4.0358249403e+01    3.9764982330e+01    3.9948072007e+01   -7.2873753290e-02   -7.4958184816e-02   -1.0753447288e-01    6.3250055643e+01    3.1625027822e+01    3.1625027822e+01
    2.9865224246e+03    2.5015283243e+03   -4.9950759409e+04    4.0048020751e+01    4.0174289973e+01    3.9837291522e+01   -7.9024807001e-02    4.8334923982e-02    5.3074033813e-02    6.3250055643e+01    3.1625027822e+01    3.1625027822e+01
    2.9446923576e+03    2.4664912201e+03   -4.9915721822e+04    4.0121127619e+01    4.0190492749e+01    4.0400155717e+01    1.2367593183e-01   -5.3353302536e-02   -1.4382485993e-01    6.3250055643e+01    3.1625027822e+01    3.1625027822e+01
    2.9888578739e+03    2.5034845101e+03   -4.9952008304e+04    4.0549634936e+01    3.9956840779e+01    3.9923349971e+01    1.1665577905e-01   -4.3691963275e-02    1.0682830100e-01    6.3250055643e+01    3.1625027822e+01    3.1625027822e+01
    2.9775858020e+03    2.4940429579e+03   -4.9944217737e+04    4.0240632828e+01    4.0314464256e+01    4.0307566344e+01    3.0062222009e-02   -1.1996488767e-01    1.2203799550e-01    6.3250055643e+01    3.1625027822e+01    3.1625027822e+01
    3.0199797785e+03    2.5295523959e+03   -4.9979991100e+04    4.0004407196e+01    3.9915160704e+01    3.9619048925e+01    6.5660193948e-02   -7.9641095355e-02    4.0360447190e-02    6.3250055643e+01    3.1625027822e+01    3.1625027822e+01
    3.0007093873e+03    2.5134114057e+03   -4.9960249062e+04    4.0299558436e+01    4.0075293412e+01    4.0310380716e+01    3.2521303795e-02    6.9026782446e-02   -2.5134547423e-02    6.3250055643e+01    3.1625027822e+01    3.1625027822e+01
    2.9931774557e+03    2.5071026166e+03   -4.9953032011e+04    4.0403535979e+01    3.9949391739e+01    3.9838468940e+01   -1.2554633274e-01    1.3404152640e-01   -7.0022902075e-02    6.3250055643e+01    3.1625027822e+01    3.1625027822e+01
    2.9607193183e+03    2.4799154943e+03   -4.9928280862e+04    4.0266744410e+01    4.0376933358e+01    4.0099180743e+01    1.0578661499e-01   -1.3455150660e-01   -5.8310732177e-02    6.3250055643e+01    3.1625027822e+01    3.1625027822e+01
    3.0232520940e+03    2.5322933062e+03   -4.9979461160e+04    3.9963867016e+01    3.9948619372e+01    3.9894369974e+01    2.2850384377e-02   -2.1405897811e-01   -9.6509788663e-02    6.3250055643e+01    3.1625027822e+01    3.1625027822e+01
    3.0004981755e+03    2.5132344935e+03   -4.9964183723e+04    4.0203045798e+01    4.0364853449e+01    3.9833628688e+01    9.5451300957e-02   -4.3579892103e-02    5.2735342865e-02    6.3250055643e+01    3.1625027822e+01    3.1625027822e+01
    3.0111355528e+03    2.5221444217e+03   -4.9971549907e+04    3.9915716622e+01    3.9741753766e+01    3.9702889007e+01    1.2318045847e-01    3.9139152964e-02   -1.0602067243e-02    6.3250055643e+01    3.1625027822e+01    3.1625027822e+01
    3.0297626847e+03    2.5377466144e+03   -4.9985285591e+04    4.0030344421e+01    4.0003015842e+01    3.9524592372e+01    9.5338186481e-02    1.3653122054e-01    6.9860615223e-03    6.3250055643e+01    3.1625027822e+01    3.1625027822e+01
    2.9890220432e+03    2.5036220192e+03   -4.9953788595e+04    4.0543833440e+01    4.0009269778e+01    4.0205291231e+01   -1.1046508917e-01   -2.1648396946e-02    1.0370926862e-01    6.3250055643e+01    3.1625027822e+01    3.1625027822e+01
    3.0158038646e+03    2.5260546265e+03   -4.9974314156e+04    3.9844573941e+01    3.9933330309e+01    3.9341025909e+01   -2.4236422027e-02    1.1896258559e-01    1.5913714480e-01    6.3250055643e+01    3.1625027822e+01    3.1625027822e+01
    2.9891960234e+03    2.5037677460e+03   -4.9954451203e+04    4.0363183510e+01    3.9646794804e+01    3.9991796691e+01   -9.2687220489e-02   -8.8132956203e-02   -1.9471262221e-01    6.3250055643e+01    3.1625027822e+01    3.1625027822e+01
    3.0132763615e+03    2.5239375754e+03   -4.9971646039e+04    3.9980418823e+01    3.9643809800e+01    4.0021191154e+01    4.0244699722e-02   -1.6661159576e-01   -9.2299195187e-02    6.3250055643e+01    3.1625027822e+01    3.1625027822e+01
    3.0053282933e+03    2.5172802279e+03   -4.9966335627e+04    4.0369502316e+01    3.9549956827e+01    4.0276519673e+01    1.0984427599e-01    1.5639798650e-01    3.1750995661e-02    6.3250055643e+01    3.1625027822e+01    3.1625027822e+01
    3.0144672858e+03    2.5249351005e+03   -4.9973003802e+04    3.9797875749e+01    3.9886386120e+01    4.0039524974e+01   -1.0927995472e-01    5.9182929544e-02   -8.2303348988e-02    6.3250055643e+01    3.1625027822e+01    3.1625027822e+01
    2.9797372078e+03    2.4958449877e+03   -4.9948768074e+04    4.0400448555e+01    3.9586950205e+01    4.0321363475e+01   -5.0493090135e-02   -3.3356757124e-02   -6.4475782522e-02    6.3250055643e+01    3.1625027822e+01    3.1625027822e+01
    3.0172509156e+03    2.5272666847e+03   -4.9980616853e+04    4.0115111166e+01    3.9904469136e+01    3.9970117345e+01   -5.3511254258e-02   -1.2958968069e-01    1.0885805510e-02    6.3250055643e+01    3.1625027822e+01    3.1625027822e+01
    2.9872039660e+03    2.5020991873e+03   -4.9952788366e+04    4.0494400920e+01    4.0218680527e+01    3.9647458499e+01   -2.6520990491e-02    4.4509270495e-02    1.6812275253e-01    6.3250055643e+01    3.1625027822e+01    3.1625027822e+01
    2.9965709250e+03    2.5099450059e+03   -4.9958176170e+04    4.0251952804e+01    4.0342294720e+01    3.9660354843e+01   -5.5369146977e-03   -6.9860537555e-02   -1.0464423285e-01    6.3250055643e+01    3.1625027822e+01    3.1625027822e+01
    3.0399841892e+03    2.5463082052e+03   -4.9991785637e+04    4.0292813943e+01    3.9849922646e+01    3.9668957767e+01    2.2840447068e-02    6.2638590526e-02   -1.7293497415e-01    6.3250055643e+01    3.1625027822e+01    3.1625027822e+01
    2.9805467033e+03    2.4965230258e+03   -4.9943401045e+04    4.0189362082e+01    3.9968985667e+01    4.0342484870e+01   -8.5527502714e-02   -2.6075010919e-02   -6.1237034634e-02    6.3250055643e+01    3.1625027822e+01    3.1625027822e+01
    3.0124757647e+03    2.5232669909e+03   -4.9973393949e+04    4.0081512102e+01    4.0075298569e+01    3.9894333653e+01   -1.0252222530e-01    9.9861960358e-02   -4.6788034644e-02    6.3250055643e+01    3.1625027822e+01    3.1625027822e+01
    3.0276183568e+03    2.5359505130e+03   -4.9985175275e+04    4.0167636879e+01    3.9776995876e+01    3.9638304184e+01   -4.0323591046e-02    1.6061862897e-01    1.3450758787e-01    6.3250055643e+01    3.1625027822e+01    3.1625027822e+01
    2.9976547634e+03    2.5108528352e+03   -4.9960284683e+04    4.0030223425e+01    4.0001439219e+01    4.0015737590e+01    9.6028488652e-02    1.2241303183e-01   -1.3628010807e-01    6.3250055643e+01    3.1625027822e+01    3.1625027822e+01
    2.9780109502e+03    2.4943990645e+03   -4.9942915184e+04    4.0006017078e+01    4.0381135870e+01    3.9984431210e+01    5.7586965831e-02   -2.2974958401e-02   -9.1781999994e-02    6.3250055643e+01    3.1625027822e+01    3.1625027822e+01
    2.9603166770e+03    2.4795782397e+03   -4.9930580815e+04    4.0279708992e+01    3.9938810609e+01    4.0111104727e+01    5.3383221531e-02    5.8531443104e-02   -6.3691360328e-02    6.3250055643e+01    3.1625027822e+01    3.1625027822e+01
    2.9891224237e+03    2.5037060984e+03   -4.9950595286e+04    4.0114563587e+01    3.9929718734e+01    3.9961488148e+01   -1.7700328806e-01    8.1427390894e-02   -1.0668678538e-01    6.3250055643e+01    3.1625027822e+01    3.1625027822e+01
    2.9983008340e+03    2.5113939876e+03   -4.9956589897e+04    4.0605074068e+01    3.9968049319e+01    3.9677772064e+01   -3.3109854913e-02    2.3017488833e-01    8.8938870870e-02    6.3250055643e+01    3.1625027822e+01    3.1625027822e+01
    3.0323089868e+03    2.5398794116e+03   -4.9986528388e+04    4.0254965280e+01    3.9469357132e+01    3.9681766722e+01   -5.6358762083e-02   -7.6425024446e-02   -2.9577244360e-02    6.3250055643e+01    3.1625027822e+01    3.1625027822e+01
    2.9973002317e+03    2.5105558774e+03   -4.9960767634e+04    4.0255488575e+01    4.0112216334e+01    3.9897233804e+01    7.1846822177e-03   -2.5314824668e-02    8.6247306213e-02    6.3250055643e+01    3.1625027822e+01    3.1625027822e+01
    2.9922685071e+03    2.5063412760e+03   -4.9955120599e+04    3.9999680195e+01    4.0354030940e+01    3.9880767346e+01   -1.2067445409e-01    9.3835927532e-02    5.3176762853e-02    6.3250055643e+01    3.1625027822e+01    3.1625027822e+01
    3.0045336004e+03    2.5166145885e+03   -4.9967393366e+04    4.0197203323e+01    3.9874571388e+01    4.0172258373e+01    8.8022305476e-03   -1.0692559135e-01   -3.8845374323e-02    6.3250055643e+01    3.1625027822e+01    3.1625027822e+01
    2.9880526772e+03    2.5028100727e+03   -4.9953131680e+04    4.0211176169e+01    3.9774619554e+01    4.0101720429e+01    1.0326826965e-02    9.5454136152e-02   -7.5861456557e-02    6.3250055643e+01    3.1625027822e+01    3.1625027822e+01
    3.0271341618e+03    2.5355449485e+03   -4.9985140221e+04    4.0297438275e+01    4.0051296223e+01    3.9716250989e+01   -3.1591483216e-03    8.0388967115e-03    1.9471328576e-01    6.3250055643e+01    3.1625027822e+01    3.1625027822e+01
    2.9850219907e+03    2.5002715522e+03   -4.9949709456e+04    4.0387421189e+01    3.9728459572e+01    4.0041461166e+01   -3.4187255564e-02    3.1634675064e-02    1.0566406831e-01    6.3250055643e+01    3.1625027822e+01    3.1625027822e+01
    3.0003424702e+03    2.5131040738e+03   -4.9963089946e+04    4.0196519555e+01    3.9765640635e+01    3.9668700520e+01    4.2850681393e-02   -2.3255799390e-04    1.1894486053e-01    6.3250055643e+01    3.1625027822e+01    3.1625027822e+01
    3.0265701061e+03    2.5350724922e+03   -4.9981067548e+04    4.0336533000e+01    3.9741405913e+01    3.9881309901e+01   -1.9090986797e-02    1.9420080316e-01    3.7034573107e-02    6.3250055643e+01    3.1625027822e+01    3.1625027822e+01
    2.9667062486e+03    2.4849301816e+03   -4.9931670574e+04    4.0409717666e+01    4.0207761853e+01    4.0248036521e+01    2.5654944904e-02    2.0691081052e-01    1.0504004128e-01    6.3250055643e+01    3.1625027822e+01    3.1625027822e+01
    2.9892806086e+03    2.5038385951e+03   -4.9954118055e+04    4.0335094694e+01    3.9912562743e+01    4.0054841095e+01    5.2578366067e-02   -1.7655766142e-02   -1.9411878334e-01    6.3250055643e+01    3.1625027822e+01    3.1625027822e+01
    3.0364575778e+03    2.5433542952e+03   -4.9989254426e+04    3.9844892569e+01    3.9695184923e+01    3.9683517060e+01   -5.1516851579e-02   -5.2120048161e-02   -6.2920580054e-03    6.3250055643e+01    3.1625027822e+01    3.1625027822e+01
    2.9927905026e+03    2.5067785024e+03   -4.9957835028e+04    3.9833718903e+01    4.0300306169e+01    4.0045243339e+01   -1.8755666654e-01    1.4758409973e-01    9.1746026906e-02    6.3250055643e+01    3.1625027822e+01    3.1625027822e+01
    3.0150597666e+03    2.5254313657e+03   -4.9975006243e+04    4.0066034540e+01    3.9997287467e+01    4.0189798782e+01   -1.3565991263e-01    3.2962480526e-03   -1.4338141537e-01    6.3250055643e+01    3.1625027822e+01    3.1625027822e+01
    3.0181494433e+03    2.5280192967e+03   -4.9975716210e+04    4.0228624166e+01    3.9971548887e+01    3.9658090960e+01   -6.1808070164e-02    6.6849056278e-02    6.8577952028e-02    6.3250055643e+01    3.1625027822e+01    3.1625027822e+01
    3.0113162800e+03    2.5222957999e+03   -4.9970236406e+04    4.0080680857e+01    4.0152967075e+01    4.0000289912e+01   -5.3299587087e-02    1.6203082181e-01   -1.1698655395e-01    6.3250055643e+01    3.1625027822e+01    3.1625027822e+01
    2.9804132970e+03    2.4964112839e+03   -4.9942623435e+04    4.0176016459e+01    4.0475061279e+01    3.9986370865e+01    1.0453869482e-01    9.1293685845e-02   -9.8812557670e-02    6.3250055643e+01    3.1625027822e+01    3.1625027822e+01
    2.9818495847e+03    2.4976143268e+03   -4.9945907535e+04    4.0281968336e+01    3.9914160720e+01    4.0307796265e+01   -9.8051410577e-03   -2.8041124744e-02   -1.3501774786e-01    6.3250055643e+01    3.1625027822e+01    3.1625027822e+01
    3.0271259112e+03    2.5355380378e+03   -4.9983407827e+04    4.0209062811e+01    3.9745911387e+01    4.0041405647e+01   -1.6318486270e-01   -1.0694111310e-01    1.1868535145e-01    6.3250055643e+01    3.1625027822e+01    3.1625027822e+01
    3.0043447709e+03    2.5164564239e+03   -4.9965518055e+04    4.0047570194e+01    4.0003556079e+01    3.9628642836e+01   -5.8473881442e-02   -1.6817680512e-02    1.2693722601e-01    6.3250055643e+01    3.1625027822e+01    3.1625027822e+01
    3.0230197023e+03    2.5320986536e+03   -4.9979417669e+04    3.9866283458e+01    3.9831041546e+01    3.9727326402e+01   -2.5567360465e-01   -2.5830747260e-02   -4.2878501613e-02    6.3250055643e+01    3.1625027822e+01    3.1625027822e+01
    3.0064121961e+03    2.5181881111e+03   -4.9967215948e+04    4.0238707711e+01    3.9726245820e+01    3.9969660823e+01    5.3507339122e-02    5.8016607227e-02    1.5673466117e-01    6.3250055643e+01    3.1625027822e+01    3.1625027822e+01
    3.0159883852e+03    2.5262091820e+03   -4.9973033911e+04    4.0077255453e+01    3.9382983221e+01    3.9601164547e+01   -7.1205026106e-02    9.1861338926e-02    1.0853969103e-01    6.3250055643e+01    3.1625027822e+01    3.1625027822e+01
    2.9856239237e+03    2.5007757348e+03   -4.9947873885e+04    3.9950533241e+01    3.9936769097e+01    4.0018298656e+01   -2.3434420632e-02   -4.3456537056e-02   -1.3181800218e-01    6.3250055643e+01    3.1625027822e+01    3.1625027822e+01
    3.0169411141e+03    2.5270071932e+03   -4.9973950136e+04    4.0309158089e+01    3.9442122995e+01    4.0069594117e+01   -3.2660799890e-02    1.0121539003e-01   -1.2962035722e-01    6.3250055643e+01    3.1625027822e+01    3.1625027822e+01
    3.0069567245e+03    2.5186442112e+03   -4.9971772161e+04    4.0299064444e+01    3.9637107228e+01    3.9336034181e+01    1.0199517377e-01   -2.2201993728e-03    6.6958936549e-02    6.3250055643e+01    3.1625027822e+01    3.1625027822e+01
    3.0291092193e+03    2.5371992679e+03   -4.9986503911e+04    3.9774726192e+01    3.9919232755e+01    3.9810684271e+01   -7.9635242762e-02    5.8743861210e-02    4.3588235586e-02    6.3250055643e+01    3.1625027822e+01    3.1625027822e+01
    2.9830166307e+03    2.4985918512e+03   -4.9946380372e+04    4.0357031785e+01    3.9936892977e+01    4.0313911541e+01   -1.4522155582e-01    1.6667489998e-01   -6.0288948083e-02    6.3250055643e+01    3.1625027822e+01    3.1625027822e+01
    3.0227957268e+03    2.5319110504e+03   -4.9981769570e+04    3.9936950504e+01    3.9843200338e+01    3.9682866404e+01    3.2155296142e-03    5.2149626116e-02    1.7043270087e-01    6.3250055643e+01    3.1625027822e+01    3.1625027822e+01
    3.0074265371e+03    2.5190377289e+03   -4.9966478139e+04    4.0226457637e+01    3.9932910958e+01    3.9843603505e+01    1.2254124297e-01    1.1290913701e-01   -4.1126452903e-02    6.3250055643e+01    3.1625027822e+01    3.1625027822e+01
    3.0296882811e+03    2.5376842935e+03   -4.9990062923e+04    4.0033711051e+01    3.9572790374e+01    3.9744963473e+01   -2.7510901017e-02   -3.0690465488e-01   -7.4562288708e-02    6.3250055643e+01    3.1625027822e+01    3.1625027822e+01
    3.0001540874e+03    2.5129462833e+03   -4.9959450400e+04    4.0358937882e+01    3.9927598095e+01    3.9664835285e+01    1.2135509219e-01   -1.6033212669e-01    1.1661294497e-01    6.3250055643e+01    3.1625027822e+01    3.1625027822e+01
    3.0048292970e+03    2.5168622657e+03   -4.9963902859e+04    4.0150023208e+01    3.9715766684e+01    3.9991768195e+01   -4.9360047546e-02    1.7930508138e-01    1.6218468447e-01    6.3250055643e+01    3.1625027822e+01    3.1625027822e+01
    3.0309179287e+03    2.5387142533e+03   -4.9988320471e+04    3.9539172214e+01    4.0035789429e+01    3.9901805891e+01    4.6933920794e-02    1.3894392345e-02   -3.4104431632e-02    6.3250055643e+01    3.1625027822e+01    3.1625027822e+01
    2.9891641961e+03    2.5037410872e+03   -4.9950200890e+04    4.0239084080e+01    3.9915146611e+01    4.0107450572e+01    1.6965907890e-02    3.2490240197e-02   -1.0417713191e-02    6.3250055643e+01    3.1625027822e+01    3.1625027822e+01
    3.0034341851e+03    2.5156937120e+03   -4.9966580377e+04    4.0169697449e+01    3.9725719685e+01    3.9804628883e+01    3.0433586725e-02    1.1887721396e-02    7.3371344548e-02    6.3250055643e+01    3.1625027822e+01    3.1625027822e+01
    3.0034341851e+03    2.5156937120e+03   -4.9966580377e+04    4.0169697449e+01    3.9725719685e+01    3.9804628883e+01    3.0433586725e-02    1.1887721396e-02    7.3371344548e-02    6.3250055643e+01    3.1625027822e+01    3.1625027822e+01
    3.0034341851e+03    2.5156937120e+03   -4.9966580377e+04    4.0169697449e+01    3.9725719685e+01    3.9804628883e+01    3.0433586725e-02    1.1887721396e-02    7.3371344548e-02    6.3250055643e+01    3.1625027822e+01    3.1625027822e+01
    3.0034341851e+03    2.5156937120e+03   -4.9966580377e+04    4.0169697449e+01    3.9725719685e+01    3.9804628883e+01    3.0433586725e-02    1.1887721396e-02    7.3371344548e-02    6.3250055643e+01    3.1625027822e+01    3.1625027822e+01
    3.0034341851e+03    2.5156937120e+03   -4.9966580377e+04    4.0169697449e+01    3.9725719685e+01    3.9804628883e+01    3.0433586725e-02    1.1887721396e-02    7.3371344548e-02    6.3250055643e+01    3.1625027822e+01    3.1625027822e+01
    3.0034341851e+03    2.5156937120e+03   -4.9966580377e+04    4.0169697449e+01    3.9725719685e+01    3.9804628883e+01    3.0433586725e-02    1.1887721396e-02    7.3371344548e-02    6.3250055643e+01    3.1625027822e+01    3.1625027822e+01
    3.0034341851e+03    2.5156937120e+03   -4.9966580377e+04    4.0169697449e+01    3.9725719685e+01    3.9804628883e+01    3.0433586725e-02    1.1887721396e-02    7.3371344548e-02    6.3250055643e+01    3.1625027822e+01    3.1625027822e+01
    3.0034341851e+03    2.5156937120e+03   -4.9966580377e+04    4.0169697449e+01    3.9725719685e+01    3.9804628883e+01    3.0433586725e-02    1.1887721396e-02    7.3371344548e-02    6.3250055643e+01    3.1625027822e+01    3.1625027822e+01
    3.0034341851e+03    2.5156937120e+03   -4.9966580377e+04    4.0169697449e+01    3.9725719685e+01    3.9804628883e+01    3.0433586725e-02    1.1887721396e-02    7.3371344548e-02    6.3250055643e+01    3.1625027822e+01    3.1625027822e+01
    3.0034341851e+03    2.5156937120e+03   -4.9966580377e+04    4.0169697449e+01    3.9725719685e+01    3.9804628883e+01    3.0433586725e-02    1.1887721396e-02    7.3371344548e-02    6.3250055643e+01    3.1625027822e+01    3.1625027822e+01
    3.0034341851e+03    2.5156937120e+03   -4.9966580377e+04    4.0169697449e+01    3.9725719685e+01    3.9804628883e+01    3.0433586725e-02    1.1887721396e-02    7.3371344548e-02    6.3250055643e+01    3.1625027822e+01    3.1625027822e+01
    3.0034341851e+03    2.5156937120e+03   -4.9966580377e+04    4.0169697449e+01    3.9725719685e+01    3.9804628883e+01    3.0433586725e-02    1.1887721396e-02    7.3371344548e-02    6.3250055643e+01    3.1625027822e+01    3.1625027822e+01
    3.0034341851e+03    2.5156937120e+03   -4.9966580377e+04    4.0169697449e+01    3.9725719685e+01    3.9804628883e+01    3.0433586725e-02    1.1887721396e-02    7.3371344548e-02    6.3250055643e+01    3.1625027822e+01    3.1625027822e+01
    3.0034341851e+03    2.5156937120e+03   -4.9966580377e+04    4.0169697449e+01    3.9725719685e+01    3.9804628883e+01    3.0433586725e-02    1.1887721396e-02    7.3371344548e-02    6.3250055643e+01    3.1625027822e+01    3.1625027822e+01
    3.0034341851e+03    2.5156937120e+03   -4.9966580377e+04    4.0169697449e+01    3.9725719685e+01    3.9804628883e+01    3.0433586725e-02    1.1887721396e-02    7.3371344548e-02    6.3250055643e+01    3.1625027822e+01    3.1625027822e+01
    3.0034341851e+03    2.5156937120e+03   -4.9966580377e+04    4.0169697449e+01    3.9725719685e+01    3.9804628883e+01    3.0433586725e-02    1.1887721396e-02    7.3371344548e-02    6.3250055643e+01    3.1625027822e+01    3.1625027822e+01
    3.0034341851e+03    2.5156937120e+03   -4.9966580377e+04    4.0169697449e+01    3.9725719685e+01    3.9804628883e+01    3.0433586725e-02    1.1887721396e-02    7.3371344548e-02    6.3250055643e+01    3.1625027822e+01    3.1625027822e+01
    3.0034341851e+03    2.5156937120e+03   -4.9966580377e+04    4.0169697449e+01    3.9725719685e+01    3.9804628883e+01    3.0433586725e-02    1.1887721396e-02    7.3371344548e-02    6.3250055643e+01    3.1625027822e+01    3.1625027822e+01
    3.0034341851e+03    2.5156937120e+03   -4.9966580377e+04    4.0169697449e+01    3.9725719685e+01    3.9804628883e+01    3.0433586725e-02    1.1887721396e-02    7.3371344548e-02    6.3250055643e+01    3.1625027822e+01    3.1625027822e+01
    3.0034341851e+03    2.5156937120e+03   -4.9966580377e+04    4.0169697449e+01    3.9725719685e+01    3.9804628883e+01    3.0433586725e-02    1.1887721396e-02    7.3371344548e-02    6.3250055643e+01    3.1625027822e+01    3.1625027822e+01
    3.0034341851e+03    2.5156937120e+03   -4.9966580377e+04    4.0169697449e+01    3.9725719685e+01    3.9804628883e+01    3.0433586725e-02    1.1887721396e-02    7.3371344548e-02    6.3250055643e+01    3.1625027822e+01    3.1625027822e+01
    3.0034341851e+03    2.5156937120e+03   -4.9966580377e+04    4.0169697449e+01    3.9725719685e+01    3.9804628883e+01    3.0433586725e-02    1.1887721396e-02    7.3371344548e-02    6.3250055643e+01    3.1625027822e+01    3.1625027822e+01
    3.0034341851e+03    2.5156937120e+03   -4.9966580377e+04    4.0169697449e+01    3.9725719685e+01    3.9804628883e+01    3.0433586725e-02    1.1887721396e-02    7.3371344548e-02    6.3250055643e+01    3.1625027822e+01    3.1625027822e+01
    3.0034341851e+03    2.5156937120e+03   -4.9966580377e+04    4.0169697449e+01    3.9725719685e+01    3.9804628883e+01    3.0433586725e-02    1.1887721396e-02    7.3371344548e-02    6.3250055643e+01    3.1625027822e+01    3.1625027822e+01
    3.0034341851e+03    2.5156937120e+03   -4.9966580377e+04    4.0169697449e+01    3.9725719685e+01    3.9804628883e+01    3.0433586725e-02    1.1887721396e-02    7.3371344548e-02    6.3250055643e+01    3.1625027822e+01    3.1625027822e+01
    3.0034341851e+03    2.5156937120e+03   -4.9966580377e+04    4.0169697449e+01    3.9725719685e+01    3.9804628883e+01    3.0433586725e-02    1.1887721396e-02    7.3371344548e-02    6.3250055643e+01    3.1625027822e+01    3.1625027822e+01
    3.0034341851e+03    2.5156937120e+03   -4.9966580377e+04    4.0169697449e+01    3.9725719685e+01    3.9804628883e+01    3.0433586725e-02    1.1887721396e-02    7.3371344548e-02    6.3250055643e+01    3.1625027822e+01    3.1625027822e+01
    3.0034341851e+03    2.5156937120e+03   -4.9966580377e+04    4.0169697449e+01    3.9725719685e+01    3.9804628883e+01    3.0433586725e-02    1.1887721396e-02    7.3371344548e-02    6.3250055643e+01    3.1625027822e+01    3.1625027822e+01
    3.0034341851e+03    2.5156937120e+03   -4.9966580377e+04    4.0169697449e+01    3.9725719685e+01    3.9804628883e+01    3.0433586725e-02    1.1887721396e-02    7.3371344548e-02    6.3250055643e+01    3.1625027822e+01    3.1625027822e+01
    3.0034341851e+03    2.5156937120e+03   -4.9966580377e+04    4.0169697449e+01    3.9725719685e+01    3.9804628883e+01    3.0433586725e-02    1.1887721396e-02    7.3371344548e-02    6.3250055643e+01    3.1625027822e+01    3.1625027822e+01
    3.0034341851e+03    2.5156937120e+03   -4.9966580377e+04    4.0169697449e+01    3.9725719685e+01    3.9804628883e+01    3.0433586725e-02    1.1887721396e-02    7.3371344548e-02    6.3250055643e+01    3.1625027822e+01    3.1625027822e+01
