    1.2945775900e+03    4.8795552890e+03   -1.8549254272e+05    1.3106021165e+02    1.3112034642e+02    1.3108859942e+02    9.3867059540e-02    1.6721503452e-02   -2.1916433108e-02    5.8822935548e+01    5.8822935548e+01    5.8822935548e+01
    1.5593725544e+03    5.8776273079e+03   -1.8454963942e+05    1.3219817227e+02    1.3231121699e+02    1.3250452909e+02   -1.1841164480e-01   -1.7453151972e-02    5.4933785976e-02    5.8822935548e+01    5.8822935548e+01    5.8822935548e+01
    1.7754844281e+03    6.6922017639e+03   -1.8374800045e+05    1.3337781482e+02    1.3332868302e+02    1.3351859049e+02    2.8062456147e-02   -6.4986308687e-02    2.1043480434e-03    5.8822935548e+01    5.8822935548e+01    5.8822935548e+01
    1.9113080051e+03    7.2041514984e+03   -1.8314306888e+05    1.3416167710e+02    1.3435883112e+02    1.3430644649e+02   -2.1767392213e-03    7.0405867061e-02    5.6453360501e-03    5.8822935548e+01    5.8822935548e+01    5.8822935548e+01
    1.9931761449e+03    7.5127310054e+03   -1.8289907396e+05    1.3470538522e+02    1.3433482136e+02    1.3460540716e+02    5.9412469580e-02   -3.1593645613e-04   -2.7437389698e-03    5.8822935548e+01    5.8822935548e+01    5.8822935548e+01
    1.9921848830e+03    7.5089947157e+03   -1.8283041874e+05    1.3468169179e+02    1.3451139183e+02    1.3472982932e+02    2.0573991290e-02   -4.9625012561e-02    7.1728548806e-02    5.8822935548e+01    5.8822935548e+01    5.8822935548e+01
    1.9849341065e+03    7.4816649015e+03   -1.8289510272e+05    1.3443408784e+02    1.3472960870e+02    1.3452558000e+02    4.9905673249e-03    2.4686687568e-03    9.9030277934e-02    5.8822935548e+01    5.8822935548e+01    5.8822935548e+01
    1.9908160974e+03    7.5038354535e+03   -1.8282829544e+05    1.3453818417e+02    1.3474525163e+02    1.3464082804e+02    5.0463658101e-02    1.0790519310e-01    2.4231498705e-03    5.8822935548e+01    5.8822935548e+01    5.8822935548e+01
    2.0093287194e+03    7.5736137064e+03   -1.8290797775e+05    1.3440056338e+02    1.3465524624e+02    1.3460888676e+02    3.7923136236e-04   -8.4468767628e-02   -8.4589046433e-02    5.8822935548e+01    5.8822935548e+01    5.8822935548e+01
    2.0051025071e+03    7.5576841579e+03   -1.8290970173e+05    1.3453972511e+02    1.3452356623e+02    1.3454270578e+02   -1.4584659215e-01    3.6391065235e-02    5.3884627752e-02    5.8822935548e+01    5.8822935548e+01    5.8822935548e+01
    1.9950019959e+03    7.5196130501e+03   -1.8283261550e+05    1.3486007337e+02    1.3453349047e+02    1.3458029846e+02    9.6231569407e-03   -5.4240827900e-02   -5.2689114326e-02    5.8822935548e+01    5.8822935548e+01    5.8822935548e+01
    1.9952433429e+03    7.5205227416e+03   -1.8289147904e+05    1.3463349138e+02    1.3449220383e+02    1.3447565080e+02    1.2967989387e-01   -1.5850637119e-02    9.9073918601e-03    5.8822935548e+01    5.8822935548e+01    5.8822935548e+01
    2.0155093453e+03    7.5969098812e+03   -1.8287668170e+05    1.3465178166e+02    1.3467261191e+02    1.3436574869e+02   -1.5394740454e-01   -6.7351379098e-02    8.1786978760e-02    5.8822935548e+01    5.8822935548e+01    5.8822935548e+01
    1.9895655171e+03    7.4991217341e+03   -1.8281766681e+05    1.3458710092e+02    1.3476243392e+02    1.3466852623e+02    1.5554404747e-01    9.7147899954e-02    2.8392761478e-04    5.8822935548e+01    5.8822935548e+01    5.8822935548e+01
    1.9807840759e+03    7.4660224991e+03   -1.8289492363e+05    1.3442071116e+02    1.3474575722e+02    1.3454354661e+02    1.2588780708e-02   -2.8097236999e-02    4.9922756655e-02    5.8822935548e+01    5.8822935548e+01    5.8822935548e+01
    1.9945394385e+03    7.5178695671e+03   -1.8284189499e+05    1.3441029595e+02    1.3476559418e+02    1.3464077771e+02    4.2089924622e-02    2.1668424098e-02   -4.2089630563e-02    5.8822935548e+01    5.8822935548e+01    5.8822935548e+01
    2.0065703477e+03    7.5632167806e+03   -1.8283850368e+05    1.3471431033e+02    1.3459050033e+02    1.3457356247e+02    5.4416848231e-02    3.5579588059e-02    2.4293423538e-02    5.8822935548e+01    5.8822935548e+01    5.8822935548e+01
    1.9929346509e+03    7.5118207602e+03   -1.8288466401e+05    1.3437337175e+02    1.3473911972e+02    1.3454832472e+02   -5.6266779390e-02    4.3831128103e-02    6.2674355566e-03    5.8822935548e+01    5.8822935548e+01    5.8822935548e+01
    1.9932944789e+03    7.5131770329e+03   -1.8291052198e+05    1.3461663020e+02    1.3457773899e+02    1.3436558073e+02   -1.0322574814e-02   -1.5017141562e-02    3.5850632521e-02    5.8822935548e+01    5.8822935548e+01    5.8822935548e+01
    2.0006034973e+03    7.5407263739e+03   -1.8287808366e+05    1.3459529155e+02    1.3471613326e+02    1.3466176660e+02   -1.6595477764e-02    2.8847922738e-02   -1.5873829938e-02    5.8822935548e+01    5.8822935548e+01    5.8822935548e+01
    1.9999952577e+03    7.5384337815e+03   -1.8286321396e+05    1.3439640739e+02    1.3479838133e+02    1.3458214890e+02   -3.9819794662e-02   -6.2378928805e-02    4.0731382471e-02    5.8822935548e+01    5.8822935548e+01    5.8822935548e+01
    2.0003457742e+03    7.5397549573e+03   -1.8290688385e+05    1.3474109268e+02    1.3450930241e+02    1.3434591742e+02    6.6239073434e-02    3.6137299342e-02   -1.1585482325e-01    5.8822935548e+01    5.8822935548e+01    5.8822935548e+01
    1.9919184208e+03    7.5079903593e+03   -1.8280117879e+05    1.3464821000e+02    1.3472423550e+02    1.3479062190e+02    2.8328884148e-03   -3.0275303709e-02   -1.1087818116e-02    5.8822935548e+01    5.8822935548e+01    5.8822935548e+01
    1.9979155413e+03    7.5305948608e+03   -1.8287830590e+05    1.3478396725e+02    1.3456333924e+02    1.3458366611e+02    4.7439841169e-02   -8.1212118663e-02    1.5106835171e-01    5.8822935548e+01    5.8822935548e+01    5.8822935548e+01
    2.0064461509e+03    7.5627486549e+03   -1.8289973552e+05    1.3455644624e+02    1.3464552089e+02    1.3445180895e+02   -8.2622883801e-02   -4.8258703714e-02   -9.2222156080e-02    5.8822935548e+01    5.8822935548e+01    5.8822935548e+01
    2.0189617243e+03    7.6099226775e+03   -1.8286019325e+05    1.3459612057e+02    1.3454344726e+02    1.3467305574e+02   -5.3768452632e-03    1.7045751619e-02    1.5489683899e-02    5.8822935548e+01    5.8822935548e+01    5.8822935548e+01
    1.9965170711e+03    7.5253237109e+03   -1.8286444878e+05    1.3462844584e+02    1.3458170965e+02    1.3462462040e+02    1.1570340703e-01    3.1450116999e-02   -1.4348515637e-02    5.8822935548e+01    5.8822935548e+01    5.8822935548e+01
    2.0007344381e+03    7.5412199196e+03   -1.8293265238e+05    1.3455184675e+02    1.3454561518e+02    1.3438015794e+02   -3.0587346850e-02    7.2254222645e-02    1.7568448652e-01    5.8822935548e+01    5.8822935548e+01    5.8822935548e+01
    1.9968439032e+03    7.5265556147e+03   -1.8283066328e+05    1.3465086570e+02    1.3457070846e+02    1.3462848952e+02    1.2036937218e-01   -5.5666601500e-02   -8.7658298444e-03    5.8822935548e+01    5.8822935548e+01    5.8822935548e+01
    1.9956456982e+03    7.5220393095e+03   -1.8290642777e+05    1.3461148278e+02    1.3449686204e+02    1.3445153790e+02   -1.4650000457e-02    7.8818913430e-03    4.9580505299e-02    5.8822935548e+01    5.8822935548e+01    5.8822935548e+01
    2.0158667191e+03    7.5982569040e+03   -1.8286498927e+05    1.3460003885e+02    1.3476191125e+02    1.3461478608e+02    2.5602970717e-02   -3.2217089974e-02   -6.1131186198e-02    5.8822935548e+01    5.8822935548e+01    5.8822935548e+01
    1.9960253841e+03    7.5234704315e+03   -1.8290164609e+05    1.3452087101e+02    1.3472822875e+02    1.3436696888e+02    4.6858657642e-02    3.0591317356e-02   -8.4630744964e-02    5.8822935548e+01    5.8822935548e+01    5.8822935548e+01
    1.9847239112e+03    7.4808726279e+03   -1.8293144183e+05    1.3443925937e+02    1.3459921558e+02    1.3460601465e+02    6.7459506297e-02   -1.2733718900e-01   -9.0578390278e-02    5.8822935548e+01    5.8822935548e+01    5.8822935548e+01
    2.0014647770e+03    7.5439727318e+03   -1.8286357148e+05    1.3472558610e+02    1.3463543504e+02    1.3447546902e+02   -4.1838490352e-02    1.9477192317e-02   -8.1790920022e-02    5.8822935548e+01    5.8822935548e+01    5.8822935548e+01
    2.0013158277e+03    7.5434113082e+03   -1.8284277092e+05    1.3460181207e+02    1.3451003804e+02    1.3461761107e+02    3.0909234920e-02   -6.2224745346e-02   -9.0105424432e-02    5.8822935548e+01    5.8822935548e+01    5.8822935548e+01
    1.9959441387e+03    7.5231641991e+03   -1.8287784331e+05    1.3456726653e+02    1.3469212866e+02    1.3444070074e+02    2.3138984484e-02   -6.7447062038e-04    1.7839524785e-02    5.8822935548e+01    5.8822935548e+01    5.8822935548e+01
    2.0034367524e+03    7.5514055523e+03   -1.8285763964e+05    1.3457793927e+02    1.3467989561e+02    1.3468996781e+02   -1.9149256015e-02   -1.4911284212e-02    2.1358933118e-02    5.8822935548e+01    5.8822935548e+01    5.8822935548e+01
    1.9939945520e+03    7.5158157667e+03   -1.8287145557e+05    1.3447194921e+02    1.3475029101e+02    1.3449809671e+02    1.4169236576e-01    9.6635954109e-02   -4.4742058887e-04    5.8822935548e+01    5.8822935548e+01    5.8822935548e+01
    2.0189310200e+03    7.6098069459e+03   -1.8281369458e+05    1.3491533871e+02    1.3466112086e+02    1.3439056518e+02    1.7450288276e-02    2.1944178421e-02   -5.9400362893e-02    5.8822935548e+01    5.8822935548e+01    5.8822935548e+01
    1.9844805015e+03    7.4799551618e+03   -1.8286811017e+05    1.3436197191e+02    1.3466841073e+02    1.3473508596e+02    8.7352878752e-03    1.6379582923e-01    4.6672271364e-02    5.8822935548e+01    5.8822935548e+01    5.8822935548e+01
    2.0022684004e+03    7.5470017697e+03   -1.8286125596e+05    1.3460881431e+02    1.3460387543e+02    1.3448197992e+02    9.4198314813e-04    1.1662738242e-01   -5.3672465634e-02    5.8822935548e+01    5.8822935548e+01    5.8822935548e+01
    2.0094156669e+03    7.5739414311e+03   -1.8288503457e+05    1.3433493429e+02    1.3472158230e+02    1.3450760598e+02   -1.0177856826e-01    6.0573769150e-04   -4.9006054232e-02    5.8822935548e+01    5.8822935548e+01    5.8822935548e+01
    2.0093534551e+03    7.5737069411e+03   -1.8284224065e+05    1.3451853746e+02    1.3477648560e+02    1.3450967202e+02    8.6826230355e-02   -9.7845412601e-03   -2.7596479112e-03    5.8822935548e+01    5.8822935548e+01    5.8822935548e+01
    1.9961236776e+03    7.5238409217e+03   -1.8285814528e+05    1.3460796810e+02    1.3492445958e+02    1.3451975002e+02   -1.4497068229e-02   -1.3377808044e-01   -4.2175566989e-02    5.8822935548e+01    5.8822935548e+01    5.8822935548e+01
    1.9976789030e+03    7.5297029178e+03   -1.8292846484e+05    1.3444495749e+02    1.3460756641e+02    1.3441213972e+02   -1.1467788939e-02    5.3961949601e-02    1.2927125752e-01    5.8822935548e+01    5.8822935548e+01    5.8822935548e+01
    2.0203082810e+03    7.6149981535e+03   -1.8289587038e+05    1.3445243883e+02    1.3455539773e+02    1.3458765841e+02   -6.5529780504e-02    4.0181467231e-02   -9.0328720786e-02    5.8822935548e+01    5.8822935548e+01    5.8822935548e+01
    1.9881717078e+03    7.4938681519e+03   -1.8287540050e+05    1.3469792025e+02    1.3432142869e+02    1.3465391573e+02   -9.0253345444e-02   -3.1218741334e-02   -1.1928750220e-02    5.8822935548e+01    5.8822935548e+01    5.8822935548e+01
    2.0094008361e+03    7.5738855306e+03   -1.8285785073e+05    1.3435300115e+02    1.3481598002e+02    1.3472026040e+02   -5.6282708374e-02    3.4983108476e-02    1.3564537605e-01    5.8822935548e+01    5.8822935548e+01    5.8822935548e+01
    1.9898834462e+03    7.5003200805e+03   -1.8284335617e+05    1.3437534314e+02    1.3477218426e+02    1.3456330236e+02    5.8277531072e-02   -1.0340556263e-01    7.6928709396e-03    5.8822935548e+01    5.8822935548e+01    5.8822935548e+01
    2.0055942633e+03    7.5595376983e+03   -1.8282975876e+05    1.3472879744e+02    1.3473931804e+02    1.3449041410e+02   -2.3286050671e-02   -3.3305025928e-02    1.4451864945e-01    5.8822935548e+01    5.8822935548e+01    5.8822935548e+01
    1.9822511367e+03    7.4715521824e+03   -1.8283484080e+05    1.3462991984e+02    1.3456751833e+02    1.3478938586e+02   -5.0438185539e-02   -7.6320844372e-02    3.3108446693e-02    5.8822935548e+01    5.8822935548e+01    5.8822935548e+01
    2.0051942269e+03    7.5580298706e+03   -1.8288888570e+05    1.3461512619e+02    1.3462754385e+02    1.3451584097e+02   -1.1019800372e-02    6.2259347260e-02   -1.3738820371e-01    5.8822935548e+01    5.8822935548e+01    5.8822935548e+01
    1.9979415630e+03    7.5306929424e+03   -1.8286077611e+05    1.3456917462e+02    1.3465353786e+02    1.3461217494e+02    3.9342044856e-03   -4.6906843635e-02   -3.9486360266e-02    5.8822935548e+01    5.8822935548e+01    5.8822935548e+01
    1.9914692843e+03    7.5062974625e+03   -1.8290574306e+05    1.3442958728e+02    1.3459289145e+02    1.3474036707e+02   -9.5655490837e-03    3.4976641139e-02   -1.6443100043e-02    5.8822935548e+01    5.8822935548e+01    5.8822935548e+01
    2.0165826077e+03    7.6009552498e+03   -1.8281195034e+05    1.3483042943e+02    1.3462995452e+02    1.3445392363e+02    6.5206252211e-03   -2.9452429661e-02   -2.5148470505e-02    5.8822935548e+01    5.8822935548e+01    5.8822935548e+01
    1.9896107559e+03    7.4992922493e+03   -1.8283691513e+05    1.3451879370e+02    1.3481870171e+02    1.3466857114e+02    6.6198311242e-02   -4.3238230754e-02    2.4732675578e-02    5.8822935548e+01    5.8822935548e+01    5.8822935548e+01
    2.0127225603e+03    7.5864058593e+03   -1.8293197622e+05    1.3443335379e+02    1.3452088126e+02    1.3457243346e+02    2.8694833388e-02   -7.9173159201e-02    6.6372987411e-02    5.8822935548e+01    5.8822935548e+01    5.8822935548e+01
    1.9970395940e+03    7.5272932175e+03   -1.8290418852e+05    1.3467164654e+02    1.3434487473e+02    1.3444524451e+02   -3.2586962043e-02    4.7280184823e-02    3.5004740236e-02    5.8822935548e+01    5.8822935548e+01    5.8822935548e+01
    2.0067280937e+03    7.5638113608e+03   -1.8285149727e+05    1.3455722775e+02    1.3465090072e+02    1.3456364892e+02    7.1831876853e-02    7.8188040976e-03   -4.5143255582e-02    5.8822935548e+01    5.8822935548e+01    5.8822935548e+01
    2.0003677971e+03    7.5398379669e+03   -1.8291989054e+05    1.3451102969e+02    1.3452585195e+02    1.3450899528e+02    1.3827575063e-03    9.8281086501e-02    6.9648709497e-02    5.8822935548e+01    5.8822935548e+01    5.8822935548e+01
    1.9863844673e+03    7.4871316390e+03   -1.8289500463e+05    1.3446157845e+02    1.3460048185e+02    1.3465951049e+02    1.9414743122e-02   -1.1608655292e-02   -8.4173383992e-02    5.8822935548e+01    5.8822935548e+01    5.8822935548e+01
    2.0162154087e+03    7.5995711938e+03   -1.8288861281e+05    1.3453071357e+02    1.3439355868e+02    1.3465918209e+02    9.2432157305e-03   -8.0615521481e-02   -1.4723219765e-01    5.8822935548e+01    5.8822935548e+01    5.8822935548e+01
    1.9828707846e+03    7.4738877752e+03   -1.8284430197e+05    1.3465486549e+02    1.3471116244e+02    1.3453499985e+02   -1.2804696125e-01    2.9622744995e-02   -2.4179422307e-03    5.8822935548e+01    5.8822935548e+01    5.8822935548e+01
    1.9840786191e+03    7.4784403764e+03   -1.8284414972e+05    1.3472761150e+02    1.3461787132e+02    1.3470302325e+02   -2.7519654747e-02   -4.9884541751e-02    1.0942513591e-01    5.8822935548e+01    5.8822935548e+01    5.8822935548e+01
    2.0029507680e+03    7.5495737672e+03   -1.8279898743e+05    1.3462810741e+02    1.3466650199e+02    1.3485823786e+02   -9.3059424085e-02    2.9314110944e-02   -1.2289900389e-01    5.8822935548e+01    5.8822935548e+01    5.8822935548e+01
    2.0086414243e+03    7.5710231359e+03   -1.8291596231e+05    1.3443062857e+02    1.3468011113e+02    1.3453923342e+02   -1.1698251983e-01    1.5535745056e-02   -1.3897348879e-01    5.8822935548e+01    5.8822935548e+01    5.8822935548e+01
    2.0035225113e+03    7.5517287969e+03   -1.8288528907e+05    1.3460080570e+02    1.3467205614e+02    1.3446198689e+02    4.4629497020e-02    3.2750142307e-02    7.8412610686e-02    5.8822935548e+01    5.8822935548e+01    5.8822935548e+01
    1.9949977227e+03    7.5195969437e+03   -1.8286890423e+05    1.3453704877e+02    1.3469623047e+02    1.3459761144e+02    6.2468552157e-02    4.1436017552e-02   -1.0545310293e-01    5.8822935548e+01    5.8822935548e+01    5.8822935548e+01
    2.0165991369e+03    7.6010175518e+03   -1.8283709175e+05    1.3478788613e+02    1.3459526342e+02    1.3459637145e+02   -6.5080762718e-02   -5.6346980547e-02   -3.2320538309e-02    5.8822935548e+01    5.8822935548e+01    5.8822935548e+01
    1.9986881562e+03    7.5335070209e+03   -1.8291018000e+05    1.3456740276e+02    1.3459283340e+02    1.3451265730e+02    1.1587879772e-02   -8.4140360004e-02   -8.7624790792e-02    5.8822935548e+01    5.8822935548e+01    5.8822935548e+01
    2.0108310444e+03    7.5792763086e+03   -1.8279970283e+05    1.3446603439e+02    1.3476884063e+02    1.3469855329e+02   -1.0371206369e-01   -7.6516666591e-03   -2.0136979213e-02    5.8822935548e+01    5.8822935548e+01    5.8822935548e+01
    2.0016059424e+03    7.5445048160e+03   -1.8292116861e+05    1.3449718789e+02    1.3451031118e+02    1.3468308463e+02    1.3274664700e-02   -3.4268360022e-02   -1.4730377553e-01    5.8822935548e+01    5.8822935548e+01    5.8822935548e+01
    1.9969245462e+03    7.5268595764e+03   -1.8288850055e+05    1.3447956428e+02    1.3460389119e+02    1.3467733996e+02   -2.0709004200e-02    4.4762012766e-02    1.0516572461e-01    5.8822935548e+01    5.8822935548e+01    5.8822935548e+01
    1.9918267989e+03    7.5076450158e+03   -1.8282977258e+05    1.3446679291e+02    1.3473324151e+02    1.3469630597e+02    7.5568834646e-03    3.1670338864e-02   -3.0421423596e-02    5.8822935548e+01    5.8822935548e+01    5.8822935548e+01
    2.0207117722e+03    7.6165190030e+03   -1.8286748887e+05    1.3479011722e+02    1.3435258654e+02    1.3461426896e+02    9.6148853689e-03   -1.1042873075e-01    6.4989482231e-02    5.8822935548e+01    5.8822935548e+01    5.8822935548e+01
    1.9990461147e+03    7.5348562471e+03   -1.8290513737e+05    1.3448334498e+02    1.3461894437e+02    1.3458625428e+02   -1.6172159271e-03   -3.8639938490e-02   -3.8152634837e-02    5.8822935548e+01    5.8822935548e+01    5.8822935548e+01
    2.0296512699e+03    7.6502139887e+03   -1.8283928363e+05    1.3469388146e+02    1.3466731186e+02    1.3458560866e+02   -2.7251304592e-02   -2.3532778413e-02    1.3849308255e-01    5.8822935548e+01    5.8822935548e+01    5.8822935548e+01
    2.0007202841e+03    7.5411665700e+03   -1.8288887342e+05    1.3465273160e+02    1.3436950072e+02    1.3471614395e+02    2.7589325078e-02   -3.7742739043e-02   -8.9941287110e-02    5.8822935548e+01    5.8822935548e+01    5.8822935548e+01
    2.0071022604e+03    7.5652216798e+03   -1.8285411046e+05    1.3456195369e+02    1.3463694308e+02    1.3467568426e+02    5.4571540801e-02   -2.1659185897e-02   -2.1179541301e-02    5.8822935548e+01    5.8822935548e+01    5.8822935548e+01
    2.0107499679e+03    7.5789707131e+03   -1.8288715136e+05    1.3453783651e+02    1.3462106165e+02    1.3437247301e+02    6.4949119238e-02    2.1494395754e-02   -3.4827847470e-02    5.8822935548e+01    5.8822935548e+01    5.8822935548e+01
    2.0117519831e+03    7.5827475346e+03   -1.8285460596e+05    1.3446432174e+02    1.3468722781e+02    1.3460455345e+02   -4.6455815013e-02   -9.5281740234e-02   -6.9043312920e-02    5.8822935548e+01    5.8822935548e+01    5.8822935548e+01
    2.0045819298e+03    7.5557219847e+03   -1.8292275263e+05    1.3469841330e+02    1.3458403944e+02    1.3438264681e+02   -4.4807138022e-02   -7.7559545144e-02   -4.5947310088e-02    5.8822935548e+01    5.8822935548e+01    5.8822935548e+01
    2.0078158483e+03    7.5679113539e+03   -1.8287017684e+05    1.3458328499e+02    1.3463104424e+02    1.3454087329e+02    7.6383683788e-02   -9.8271284532e-03   -1.7034835811e-02    5.8822935548e+01    5.8822935548e+01    5.8822935548e+01
    1.9962188618e+03    7.5241996927e+03   -1.8282682688e+05    1.3452842411e+02    1.3478495610e+02    1.3465989000e+02    1.7187018483e-02   -4.8407503789e-03   -4.5239553627e-02    5.8822935548e+01    5.8822935548e+01    5.8822935548e+01
    1.9920760516e+03    7.5085845053e+03   -1.8287562612e+05    1.3453875386e+02    1.3484774949e+02    1.3442864674e+02   -8.3609371887e-03    3.8981973729e-03   -1.7088117405e-02    5.8822935548e+01    5.8822935548e+01    5.8822935548e+01
    1.9904093478e+03    7.5023023224e+03   -1.8288682129e+05    1.3457117696e+02    1.3468634940e+02    1.3449559670e+02    8.2332573416e-02    4.1154899998e-02   -1.5583227222e-01    5.8822935548e+01    5.8822935548e+01    5.8822935548e+01
    2.0130937639e+03    7.5878050095e+03   -1.8290288200e+05    1.3446055740e+02    1.3462116053e+02    1.3459125531e+02   -6.7318791767e-02    7.3629114070e-02    1.4391914556e-02    5.8822935548e+01    5.8822935548e+01    5.8822935548e+01
    2.0114387936e+03    7.5815670526e+03   -1.8290035512e+05    1.3457999474e+02    1.3440735547e+02    1.3458998256e+02   -8.5808744021e-02    1.6020979057e-04    2.0868719197e-02    5.8822935548e+01    5.8822935548e+01    5.8822935548e+01
    1.9930730754e+03    7.5123425134e+03   -1.8286323344e+05    1.3464326764e+02    1.3460897032e+02    1.3454857822e+02    3.5122731693e-02   -1.6877785650e-02   -4.8562305295e-02    5.8822935548e+01    5.8822935548e+01    5.8822935548e+01
    2.0039545115e+03    7.5533571033e+03   -1.8287794732e+05    1.3454152876e+02    1.3462671960e+02    1.3458031837e+02   -3.1839030044e-02   -1.0901497068e-01    5.8031068146e-02    5.8822935548e+01    5.8822935548e+01    5.8822935548e+01
    1.9922229331e+03    7.5091381349e+03   -1.8287901807e+05    1.3449746059e+02    1.3453996813e+02    1.3461294803e+02   -8.9005334301e-02    1.4975030537e-02   -2.6971513912e-02    5.8822935548e+01    5.8822935548e+01    5.8822935548e+01
    1.9897338880e+03    7.4997563619e+03   -1.8291440080e+05    1.3449066745e+02    1.3448519684e+02    1.3455954838e+02    2.9736818477e-04    2.6628350036e-03   -3.3974790499e-02    5.8822935548e+01    5.8822935548e+01    5.8822935548e+01
    2.0108878531e+03    7.5794904336e+03   -1.8287547723e+05    1.3459676903e+02    1.3447152952e+02    1.3465297767e+02   -1.7047288674e-01    1.6981084077e-01   -5.3581797864e-02    5.8822935548e+01    5.8822935548e+01    5.8822935548e+01
    1.9914216501e+03    7.5061179184e+03   -1.8289178279e+05    1.3462972901e+02    1.3444210922e+02    1.3451302242e+02   -8.5704577262e-02   -1.1929565789e-01   -2.8132228957e-02    5.8822935548e+01    5.8822935548e+01    5.8822935548e+01
    1.9926119100e+03    7.5106042766e+03   -1.8291793268e+05    1.3425196635e+02    1.3466561535e+02    1.3462846837e+02   -1.2561211483e-01    4.0785329958e-03   -3.5442012137e-02    5.8822935548e+01    5.8822935548e+01    5.8822935548e+01
    1.9872475797e+03    7.4903849043e+03   -1.8288698864e+05    1.3458477043e+02    1.3447898603e+02    1.3462301823e+02   -7.3267465329e-03    9.9105722997e-02    1.4714772336e-01    5.8822935548e+01    5.8822935548e+01    5.8822935548e+01
    2.0070884488e+03    7.5651696205e+03   -1.8289906834e+05    1.3469310015e+02    1.3455570540e+02    1.3421788917e+02   -3.4093610792e-02   -1.0891879395e-01    1.1730745648e-03    5.8822935548e+01    5.8822935548e+01    5.8822935548e+01
    2.0058191853e+03    7.5603854798e+03   -1.8280957609e+05    1.3471456165e+02    1.3468044410e+02    1.3452106384e+02    2.0392603871e-02   -8.4142464003e-03    1.1929617116e-01    5.8822935548e+01    5.8822935548e+01    5.8822935548e+01
    2.0030246801e+03    7.5498523586e+03   -1.8290037980e+05    1.3437570248e+02    1.3459454565e+02    1.3462614794e+02    8.0565717055e-03    9.5877569813e-02   -2.6662098858e-02    5.8822935548e+01    5.8822935548e+01    5.8822935548e+01
    2.0031374784e+03    7.5502775211e+03   -1.8279739925e+05    1.3481701175e+02    1.3469788550e+02    1.3458468359e+02   -4.0820244891e-02    9.7906710116e-02   -5.4783417810e-02    5.8822935548e+01    5.8822935548e+01    5.8822935548e+01
    2.0000483477e+03    7.5386338899e+03   -1.8286735419e+05    1.3463728997e+02    1.3456572943e+02    1.3464335403e+02   -1.0202721825e-02   -7.4758192610e-03   -1.6290841285e-02    5.8822935548e+01    5.8822935548e+01    5.8822935548e+01
    1.9946076843e+03    7.5181268007e+03   -1.8285856489e+05    1.3477460835e+02    1.3467476934e+02    1.3435863270e+02   -1.9519375002e-02    4.2741317109e-02    2.3617585894e-02    5.8822935548e+01    5.8822935548e+01    5.8822935548e+01
    1.9948310241e+03    7.5189686191e+03   -1.8287761049e+05    1.3471266127e+02    1.3442765719e+02    1.3471115723e+02    5.7742795619e-02   -3.1326749394e-02   -1.2111236741e-01    5.8822935548e+01    5.8822935548e+01    5.8822935548e+01
    2.0041242062e+03    7.5539967211e+03   -1.8296295374e+05    1.3451749859e+02    1.3456469771e+02    1.3432256138e+02   -3.3750360376e-02   -2.9960018419e-03   -1.0999292410e-02    5.8822935548e+01    5.8822935548e+01    5.8822935548e+01
    2.0178364776e+03    7.6056813683e+03   -1.8291120991e+05    1.3441693685e+02    1.3467417113e+02    1.3449909200e+02   -6.7372771978e-02    3.2275340090e-02   -1.1253777543e-02    5.8822935548e+01    5.8822935548e+01    5.8822935548e+01
    1.9977617989e+03    7.5300153709e+03   -1.8291965328e+05    1.3458343402e+02    1.3453186774e+02    1.3451518841e+02    9.7903105102e-02   -7.6956189729e-02    1.4884291806e-02    5.8822935548e+01    5.8822935548e+01    5.8822935548e+01
    1.9932404348e+03    7.5129733285e+03   -1.8283243009e+05    1.3467043285e+02    1.3465345238e+02    1.3468945235e+02    1.1452078859e-01   -5.4482738594e-02    4.3315389705e-02    5.8822935548e+01    5.8822935548e+01    5.8822935548e+01
    2.0039059095e+03    7.5531739115e+03   -1.8289326109e+05    1.3466728571e+02    1.3439949164e+02    1.3468558681e+02   -8.2125386215e-03   -4.0613541292e-02   -3.8828226937e-02    5.8822935548e+01    5.8822935548e+01    5.8822935548e+01
    1.9947022276e+03    7.5184831560e+03   -1.8299454008e+05    1.3428861502e+02    1.3453325626e+02    1.3443816081e+02   -5.0399933646e-02    8.1448153961e-02    6.5160830965e-02    5.8822935548e+01    5.8822935548e+01    5.8822935548e+01
    1.9967668306e+03    7.5262651108e+03   -1.8284181233e+05    1.3488616402e+02    1.3434463452e+02    1.3475759596e+02    5.9348913134e-02    8.8882004283e-02   -4.3897067496e-02    5.8822935548e+01    5.8822935548e+01    5.8822935548e+01
    1.9872661280e+03    7.4904548173e+03   -1.8289404984e+05    1.3464210034e+02    1.3438600483e+02    1.3458949739e+02    3.8255461356e-02    6.1068447081e-02    1.0225981342e-01    5.8822935548e+01    5.8822935548e+01    5.8822935548e+01
    2.0134072548e+03    7.5889866276e+03   -1.8294367713e+05    1.3456649977e+02    1.3455074686e+02    1.3426805667e+02    1.1100279088e-01    4.4955135082e-02   -5.9993201252e-02    5.8822935548e+01    5.8822935548e+01    5.8822935548e+01
    1.9779156592e+03    7.4552107886e+03   -1.8285456682e+05    1.3451349164e+02    1.3461619572e+02    1.3469945631e+02    7.7411648861e-02    1.2613466756e-01    9.7195735104e-02    5.8822935548e+01    5.8822935548e+01    5.8822935548e+01
    2.0040162221e+03    7.5535897045e+03   -1.8288283333e+05    1.3464650831e+02    1.3456129956e+02    1.3447168139e+02    2.3406688672e-02   -1.2118208081e-01    4.1592546142e-03    5.8822935548e+01    5.8822935548e+01    5.8822935548e+01
    2.0022894608e+03    7.5470811513e+03   -1.8286239572e+05    1.3464822649e+02    1.3461660674e+02    1.3451898690e+02   -7.8225394471e-02   -6.3035796601e-02    2.3248859083e-02    5.8822935548e+01    5.8822935548e+01    5.8822935548e+01
    1.9936487428e+03    7.5145123336e+03   -1.8295967628e+05    1.3428249446e+02    1.3445635972e+02    1.3459501514e+02   -4.9080813909e-02   -5.0892482260e-02   -1.0217838356e-01    5.8822935548e+01    5.8822935548e+01    5.8822935548e+01
    2.0020834918e+03    7.5463048075e+03   -1.8289607681e+05    1.3458507686e+02    1.3464236080e+02    1.3450373550e+02   -1.8439482105e-02    9.3396699733e-02    5.4832224791e-02    5.8822935548e+01    5.8822935548e+01    5.8822935548e+01
    1.9965552087e+03    7.5254674602e+03   -1.8284473353e+05    1.3458361183e+02    1.3470609331e+02    1.3458343300e+02    6.1001246080e-02   -3.2399152317e-02    1.1774522157e-02    5.8822935548e+01    5.8822935548e+01    5.8822935548e+01
    1.9923305569e+03    7.5095437935e+03   -1.8289768841e+05    1.3454054095e+02    1.3467838136e+02    1.3446879407e+02    2.1151135045e-02    1.4702234406e-02   -9.9812375483e-02    5.8822935548e+01    5.8822935548e+01    5.8822935548e+01
    2.0052624801e+03    7.5582871322e+03   -1.8282924826e+05    1.3457215512e+02    1.3482657368e+02    1.3460837355e+02   -6.0709062170e-02   -6.8620707674e-03   -1.8111163162e-01    5.8822935548e+01    5.8822935548e+01    5.8822935548e+01
    1.9982366100e+03    7.5318050414e+03   -1.8284905973e+05    1.3442813563e+02    1.3470847465e+02    1.3468898925e+02    7.0460153473e-03   -4.8509412762e-02    6.9085118009e-02    5.8822935548e+01    5.8822935548e+01    5.8822935548e+01
    1.9917684006e+03    7.5074248995e+03   -1.8289289813e+05    1.3465084174e+02    1.3452741159e+02    1.3464595454e+02   -7.7921040931e-02    2.5890850272e-02   -5.3823871468e-02    5.8822935548e+01    5.8822935548e+01    5.8822935548e+01
    1.9940562451e+03    7.5160483021e+03   -1.8285638564e+05    1.3477636883e+02    1.3463205047e+02    1.3442472589e+02    5.7497866493e-02    5.3166172793e-02    5.5933027215e-02    5.8822935548e+01    5.8822935548e+01    5.8822935548e+01
    1.9967813996e+03    7.5263200248e+03   -1.8290989028e+05    1.3476344197e+02    1.3454409842e+02    1.3438747044e+02    1.6857626781e-02    6.1783036001e-02   -3.8800172627e-02    5.8822935548e+01    5.8822935548e+01    5.8822935548e+01
    2.0128163806e+03    7.5867594890e+03   -1.8288302497e+05    1.3464420842e+02    1.3463084884e+02    1.3441325876e+02    6.0234512302e-02    7.2791944925e-02    1.1796566636e-01    5.8822935548e+01    5.8822935548e+01    5.8822935548e+01
    2.0114664052e+03    7.5816711269e+03   -1.8285729769e+05    1.3457880998e+02    1.3461258517e+02    1.3470353511e+02   -2.9332204336e-02   -6.1756633211e-02    3.2127522491e-02    5.8822935548e+01    5.8822935548e+01    5.8822935548e+01
    1.9854807094e+03    7.4837251711e+03   -1.8290923841e+05    1.3451547646e+02    1.3446713183e+02    1.3459664350e+02    5.3023311297e-02    4.0122627236e-02    9.8555752368e-02    5.8822935548e+01    5.8822935548e+01    5.8822935548e+01
    2.0157504227e+03    7.5978185565e+03   -1.8290497639e+05    1.3467070505e+02    1.3446824719e+02    1.3451093254e+02    3.7766588807e-03   -2.9827222773e-02   -3.1591995227e-02    5.8822935548e+01    5.8822935548e+01    5.8822935548e+01
    2.0036043044e+03    7.5520370936e+03   -1.8289099292e+05    1.3469525959e+02    1.3441627288e+02    1.3453729229e+02    1.0731619151e-01   -8.9432631656e-02    5.2520859503e-02    5.8822935548e+01    5.8822935548e+01    5.8822935548e+01
    1.9843812301e+03    7.4795809856e+03   -1.8288761102e+05    1.3458153846e+02    1.3453041460e+02    1.3446550192e+02   -1.3758651266e-01    2.3269848032e-02    1.8087713992e-02    5.8822935548e+01    5.8822935548e+01    5.8822935548e+01
    2.0044926148e+03    7.5553853361e+03   -1.8281345474e+05    1.3466546378e+02    1.3464307374e+02    1.3462002548e+02    6.0567940790e-03    2.3884534869e-02    2.2689359448e-02    5.8822935548e+01    5.8822935548e+01    5.8822935548e+01
    2.0049586811e+03    7.5571420453e+03   -1.8287581821e+05    1.3448423234e+02    1.3469598459e+02    1.3457802211e+02    6.7216912742e-03   -7.7715967732e-02   -3.9973622928e-02    5.8822935548e+01    5.8822935548e+01    5.8822935548e+01
    2.0029588232e+03    7.5496041292e+03   -1.8294788912e+05    1.3453306672e+02    1.3439608109e+02    1.3458962513e+02   -5.7424488874e-02   -7.8371711607e-02   -4.5949338272e-03    5.8822935548e+01    5.8822935548e+01    5.8822935548e+01
    1.9907982449e+03    7.5037681636e+03   -1.8289194378e+05    1.3453778815e+02    1.3464485761e+02    1.3449551486e+02    4.0676066263e-02   -5.1813348717e-02    5.0411392941e-02    5.8822935548e+01    5.8822935548e+01    5.8822935548e+01
    2.0043970893e+03    7.5550252788e+03   -1.8286554167e+05    1.3467572154e+02    1.3452018954e+02    1.3465830915e+02    7.5441673390e-02    6.6761417350e-02    3.5190252590e-02    5.8822935548e+01    5.8822935548e+01    5.8822935548e+01
    2.0116815017e+03    7.5824818744e+03   -1.8284636559e+05    1.3468608942e+02    1.3455922226e+02    1.3469764263e+02    7.5482412040e-02   -7.7228035462e-02   -4.7190564045e-02    5.8822935548e+01    5.8822935548e+01    5.8822935548e+01
    1.9879017308e+03    7.4928505477e+03   -1.8287618840e+05    1.3459270446e+02    1.3446435119e+02    1.3468041506e+02   -5.1364118966e-03    1.8038304584e-02    1.3542491050e-02    5.8822935548e+01    5.8822935548e+01    5.8822935548e+01
    1.9960764095e+03    7.5236627578e+03   -1.8282496046e+05    1.3451516402e+02    1.3478041550e+02    1.3463270164e+02    1.1018433079e-01   -1.3595760683e-01    1.2490376257e-01    5.8822935548e+01    5.8822935548e+01    5.8822935548e+01
    1.9985447886e+03    7.5329666360e+03   -1.8292289970e+05    1.3462580911e+02    1.3446638778e+02    1.3456402716e+02   -5.3611449599e-02    2.6117675440e-02    9.8081633997e-02    5.8822935548e+01    5.8822935548e+01    5.8822935548e+01
    1.9952484328e+03    7.5205419265e+03   -1.8285573251e+05    1.3458057898e+02    1.3481119457e+02    1.3446884010e+02    8.1093294593e-02   -3.4559171744e-02   -3.3295363965e-04    5.8822935548e+01    5.8822935548e+01    5.8822935548e+01
    2.0063768228e+03    7.5624873416e+03   -1.8283247108e+05    1.3454011987e+02    1.3477086285e+02    1.3456664146e+02    1.0623226545e-01   -1.3200504900e-02   -1.2179530497e-01    5.8822935548e+01    5.8822935548e+01    5.8822935548e+01
    1.9931215287e+03    7.5125251445e+03   -1.8288747963e+05    1.3461177807e+02    1.3456539467e+02    1.3457473102e+02    4.7925922493e-04   -6.3869164387e-02    1.0388863942e-01    5.8822935548e+01    5.8822935548e+01    5.8822935548e+01
    2.0186240221e+03    7.6086498016e+03   -1.8289657705e+05    1.3446184251e+02    1.3456674819e+02    1.3459933034e+02    1.0876472744e-01   -1.6821205042e-02    9.2457657770e-02    5.8822935548e+01    5.8822935548e+01    5.8822935548e+01
    1.9948960073e+03    7.5192135554e+03   -1.8290582591e+05    1.3469608687e+02    1.3455231730e+02    1.3433913906e+02   -8.0645917948e-02    1.1954634807e-01   -2.6902348079e-02    5.8822935548e+01    5.8822935548e+01    5.8822935548e+01
    2.0051101449e+03    7.5577129466e+03   -1.8287934464e+05    1.3457886344e+02    1.3455655095e+02    1.3452750250e+02    6.0799295383e-02    8.1723973172e-02    4.2956052449e-02    5.8822935548e+01    5.8822935548e+01    5.8822935548e+01
    1.9796059810e+03    7.4615819934e+03   -1.8284651361e+05    1.3443566422e+02    1.3478721479e+02    1.3463294706e+02   -1.0504205445e-01   -3.6594928501e-02   -1.7645458198e-01    5.8822935548e+01    5.8822935548e+01    5.8822935548e+01
    1.9956755120e+03    7.5221516845e+03   -1.8285755032e+05    1.3454290278e+02    1.3448263820e+02    1.3464413096e+02    1.9099096673e-02   -9.1755874664e-02    7.7570214509e-02    5.8822935548e+01    5.8822935548e+01    5.8822935548e+01
    2.0108481645e+03    7.5793408383e+03   -1.8281450672e+05    1.3459427144e+02    1.3476398937e+02    1.3460029029e+02    4.5779892194e-02   -2.1692214925e-02    8.0338849124e-02    5.8822935548e+01    5.8822935548e+01    5.8822935548e+01
    2.0155914987e+03    7.5972195362e+03   -1.8296229250e+05    1.3478830585e+02    1.3424958883e+02    1.3443343588e+02    1.1912606073e-01   -4.2970317251e-02   -1.1119960305e-01    5.8822935548e+01    5.8822935548e+01    5.8822935548e+01
    2.0028237294e+03    7.5490949303e+03   -1.8283372684e+05    1.3444596974e+02    1.3473426382e+02    1.3484474268e+02   -1.1774110040e-01   -9.0263357791e-02    2.7262909264e-02    5.8822935548e+01    5.8822935548e+01    5.8822935548e+01
    2.0020921486e+03    7.5463374370e+03   -1.8287408223e+05    1.3446952603e+02    1.3441148609e+02    1.3472479048e+02    1.4837491460e-03    4.6390668879e-02   -6.8764690018e-02    5.8822935548e+01    5.8822935548e+01    5.8822935548e+01
    2.0041630623e+03    7.5541431784e+03   -1.8290013840e+05    1.3456183670e+02    1.3437138760e+02    1.3468518614e+02   -3.7448022910e-02   -4.5373669291e-02   -6.0608091852e-02    5.8822935548e+01    5.8822935548e+01    5.8822935548e+01
    2.0049268778e+03    7.5570221713e+03   -1.8286117299e+05    1.3458309341e+02    1.3459846915e+02    1.3464506986e+02    1.1847069278e-02    1.2574460137e-01    5.4322987574e-02    5.8822935548e+01    5.8822935548e+01    5.8822935548e+01
    1.9898886170e+03    7.5003395703e+03   -1.8287626401e+05    1.3450772437e+02    1.3457202063e+02    1.3460956393e+02   -6.5559456118e-02    3.0461794456e-02    1.6882593188e-02    5.8822935548e+01    5.8822935548e+01    5.8822935548e+01
    2.0004463514e+03    7.5401340555e+03   -1.8288889613e+05    1.3448062953e+02    1.3453658775e+02    1.3457498609e+02   -1.3188627876e-03    1.1096805574e-01   -1.7661813398e-02    5.8822935548e+01    5.8822935548e+01    5.8822935548e+01
    2.0070399120e+03    7.5649866744e+03   -1.8285419640e+05    1.3457513905e+02    1.3457952230e+02    1.3460720453e+02    9.5234288904e-03   -1.6728442492e-02   -5.0334534863e-03    5.8822935548e+01    5.8822935548e+01    5.8822935548e+01
    1.9856266476e+03    7.4842752452e+03   -1.8293716174e+05    1.3433643305e+02    1.3463527309e+02    1.3458438735e+02    5.2770082968e-03    3.0906313995e-02    1.4115299326e-01    5.8822935548e+01    5.8822935548e+01    5.8822935548e+01
    2.0121301182e+03    7.5841728114e+03   -1.8287658631e+05    1.3459096926e+02    1.3454830690e+02    1.3455663599e+02   -4.1754491742e-02    8.7149022112e-02    4.8902283153e-02    5.8822935548e+01    5.8822935548e+01    5.8822935548e+01
    1.9874418484e+03    7.4911171470e+03   -1.8290894298e+05    1.3433950336e+02    1.3485906218e+02    1.3439554292e+02   -3.2666919491e-02   -7.2407202586e-02   -8.1307052775e-02    5.8822935548e+01    5.8822935548e+01    5.8822935548e+01
    2.0013923403e+03    7.5436997015e+03   -1.8287513870e+05    1.3471837535e+02    1.3455277811e+02    1.3451106695e+02   -3.6787838802e-02    1.1898260067e-01    1.2260060889e-01    5.8822935548e+01    5.8822935548e+01    5.8822935548e+01
    2.0075544110e+03    7.5669259375e+03   -1.8288869761e+05    1.3440123859e+02    1.3469859569e+02    1.3464421311e+02   -3.5076626733e-02   -1.5851820330e-02    1.7438843493e-02    5.8822935548e+01    5.8822935548e+01    5.8822935548e+01
    1.9936656006e+03    7.5145758746e+03   -1.8291165706e+05    1.3451824271e+02    1.3459364174e+02    1.3451559433e+02    3.8604779529e-02    1.8640958033e-02   -5.3878929941e-02    5.8822935548e+01    5.8822935548e+01    5.8822935548e+01
    2.0053366617e+03    7.5585667395e+03   -1.8284588892e+05    1.3456197740e+02    1.3454119902e+02    1.3470746299e+02    2.7906083296e-02   -1.4627308130e-02    1.2528799374e-02    5.8822935548e+01    5.8822935548e+01    5.8822935548e+01
    1.9903207494e+03    7.5019683751e+03   -1.8292602355e+05    1.3453282205e+02    1.3459830311e+02    1.3441141963e+02   -1.3430331980e-01    2.8192634585e-02   -6.9004661376e-02    5.8822935548e+01    5.8822935548e+01    5.8822935548e+01
    2.0107074095e+03    7.5788103007e+03   -1.8292566199e+05    1.3459751524e+02    1.3442181981e+02    1.3462055876e+02    9.3806312288e-03   -3.1414027331e-02    5.1934773951e-02    5.8822935548e+01    5.8822935548e+01    5.8822935548e+01
    2.0093990294e+03    7.5738787209e+03   -1.8291083579e+05    1.3450513012e+02    1.3439895983e+02    1.3468947832e+02   -2.4934138844e-02    4.2261463799e-02    2.0554028575e-02    5.8822935548e+01    5.8822935548e+01    5.8822935548e+01
    1.9987850535e+03    7.5338722488e+03   -1.8287232687e+05    1.3461208627e+02    1.3463896657e+02    1.3465086172e+02   -1.2822425906e-02    5.7637696856e-03    2.4099077376e-03    5.8822935548e+01    5.8822935548e+01    5.8822935548e+01
    1.9895166217e+03    7.4989374361e+03   -1.8286178291e+05    1.3447612415e+02    1.3440046005e+02    1.3480090750e+02   -6.9285364486e-02   -7.9108323526e-02   -1.7154643850e-02    5.8822935548e+01    5.8822935548e+01    5.8822935548e+01
    2.0167170505e+03    7.6014619951e+03   -1.8286931983e+05    1.3451975944e+02    1.3469317129e+02    1.3448290010e+02   -1.0898641461e-01    4.2248273130e-02   -7.6158100391e-02    5.8822935548e+01    5.8822935548e+01    5.8822935548e+01
    2.0024206065e+03    7.5475754689e+03   -1.8289920219e+05    1.3486174890e+02    1.3445373978e+02    1.3435642861e+02   -2.0066876800e-02   -3.3432898020e-02   -4.2941053028e-02    5.8822935548e+01    5.8822935548e+01    5.8822935548e+01
    2.0164440136e+03    7.6004328571e+03   -1.8288354203e+05    1.3458397953e+02    1.3450372835e+02    1.3456683705e+02   -4.2165439088e-02    3.1865352240e-02   -8.0374346069e-04    5.8822935548e+01    5.8822935548e+01    5.8822935548e+01
    2.0065877321e+03    7.5632823062e+03   -1.8291433425e+05    1.3445575484e+02    1.3441526475e+02    1.3463564513e+02   -1.5676222837e-02   -1.6021605838e-02    4.6215082865e-03    5.8822935548e+01    5.8822935548e+01    5.8822935548e+01
    2.0049199463e+03    7.5569960450e+03   -1.8283566544e+05    1.3470678080e+02    1.3457335684e+02    1.3458568301e+02   -2.4204417563e-02    4.3656119201e-02    6.2894970688e-02    5.8822935548e+01    5.8822935548e+01    5.8822935548e+01
    2.0176757134e+03    7.6050754120e+03   -1.8285282748e+05    1.3478944187e+02    1.3443237333e+02    1.3464136208e+02   -1.3296862854e-01   -8.5054186842e-02   -6.4167977532e-02    5.8822935548e+01    5.8822935548e+01    5.8822935548e+01
    1.9951273233e+03    7.5200854376e+03   -1.8289755331e+05    1.3453117755e+02    1.3441862771e+02    1.3475672322e+02    3.7307206709e-02    5.9640320540e-02   -3.5190369855e-02    5.8822935548e+01    5.8822935548e+01    5.8822935548e+01
    2.0135231709e+03    7.5894235413e+03   -1.8287174912e+05    1.3451259337e+02    1.3466976744e+02    1.3444436776e+02   -3.0376668144e-02    1.1220344704e-03   -6.0970726976e-02    5.8822935548e+01    5.8822935548e+01    5.8822935548e+01
    2.0117115492e+03    7.5825951303e+03   -1.8293490888e+05    1.3443735960e+02    1.3459021713e+02    1.3444647191e+02   -5.7665205442e-03   -1.2826521821e-01    1.2972309506e-01    5.8822935548e+01    5.8822935548e+01    5.8822935548e+01
    1.9970292960e+03    7.5272544023e+03   -1.8288295651e+05    1.3461721023e+02    1.3460283858e+02    1.3449633936e+02   -4.5304864026e-02    3.3175891419e-02    1.6602644776e-01    5.8822935548e+01    5.8822935548e+01    5.8822935548e+01
    2.0223845295e+03    7.6228240033e+03   -1.8290951477e+05    1.3438445754e+02    1.3481245516e+02    1.3447725357e+02    2.6559244299e-02   -2.0670667340e-02    2.4229155857e-02    5.8822935548e+01    5.8822935548e+01    5.8822935548e+01
    1.9941814694e+03    7.5165203006e+03   -1.8286065275e+05    1.3442649344e+02    1.3464549929e+02    1.3472139224e+02    1.5531230505e-02    8.2954666475e-02    4.5932802492e-03    5.8822935548e+01    5.8822935548e+01    5.8822935548e+01
    2.0131191457e+03    7.5879006792e+03   -1.8285328386e+05    1.3461831446e+02    1.3450810534e+02    1.3477854031e+02    3.0138146226e-03    1.3559999342e-01    3.2320044003e-02    5.8822935548e+01    5.8822935548e+01    5.8822935548e+01
    1.9944863056e+03    7.5176692970e+03   -1.8282259536e+05    1.3461767468e+02    1.3469570559e+02    1.3460670320e+02   -4.4757667056e-04   -8.0939946211e-02    5.1800907624e-02    5.8822935548e+01    5.8822935548e+01    5.8822935548e+01
    2.0006508807e+03    7.5409049726e+03   -1.8287217030e+05    1.3460622209e+02    1.3461362975e+02    1.3464775466e+02    4.2862447210e-02    3.3640225113e-02   -6.2148283499e-02    5.8822935548e+01    5.8822935548e+01    5.8822935548e+01
    2.0058011082e+03    7.5603173432e+03   -1.8291754787e+05    1.3463154358e+02    1.3459149402e+02    1.3438942616e+02    2.2103718281e-02   -1.3494849348e-02   -3.8609172887e-03    5.8822935548e+01    5.8822935548e+01    5.8822935548e+01
    2.0043406962e+03    7.5548127205e+03   -1.8289687325e+05    1.3474124969e+02    1.3456825397e+02    1.3455117355e+02   -5.4345742783e-02   -2.8006181870e-02    2.4766312662e-02    5.8822935548e+01    5.8822935548e+01    5.8822935548e+01
    2.0003536052e+03    7.5397844741e+03   -1.8285824355e+05    1.3448431288e+02    1.3454889230e+02    1.3488980262e+02   -5.5961509779e-02    3.3748511212e-02    1.1985436071e-02    5.8822935548e+01    5.8822935548e+01    5.8822935548e+01
    1.9943826691e+03    7.5172786678e+03   -1.8287652026e+05    1.3483978768e+02    1.3468402444e+02    1.3441657557e+02    4.0578243617e-02    3.6436070258e-03    6.5154753074e-02    5.8822935548e+01    5.8822935548e+01    5.8822935548e+01
    2.0076038687e+03    7.5671123548e+03   -1.8283209301e+05    1.3460453871e+02    1.3478938877e+02    1.3453358954e+02    1.3941065176e-01   -3.8801839882e-02   -4.1830079719e-02    5.8822935548e+01    5.8822935548e+01    5.8822935548e+01
    1.9822804797e+03    7.4716627828e+03   -1.8288015834e+05    1.3455105913e+02    1.3460981348e+02    1.3464628026e+02    1.2549845386e-01   -7.0492941588e-02    4.2610581398e-02    5.8822935548e+01    5.8822935548e+01    5.8822935548e+01
    1.9964000930e+03    7.5248827939e+03   -1.8283687246e+05    1.3444730270e+02    1.3481005411e+02    1.3467881247e+02    7.2985435564e-02    1.6561454836e-01    5.9660729651e-02    5.8822935548e+01    5.8822935548e+01    5.8822935548e+01
    1.9865965995e+03    7.4879312131e+03   -1.8285050923e+05    1.3463546078e+02    1.3452469064e+02    1.3467079773e+02    1.9453238065e-02   -3.6664003878e-02    2.4344765951e-02    5.8822935548e+01    5.8822935548e+01    5.8822935548e+01
    2.0097714347e+03    7.5752824003e+03   -1.8286477122e+05    1.3452569881e+02    1.3465100634e+02    1.3456794411e+02   -4.2402452961e-02    4.0502710133e-02    1.3152484595e-01    5.8822935548e+01    5.8822935548e+01    5.8822935548e+01
    1.9926287871e+03    7.5106678905e+03   -1.8290034535e+05    1.3477454923e+02    1.3432810048e+02    1.3461501993e+02    1.1270044155e-01   -9.9498425006e-02   -9.7691705540e-02    5.8822935548e+01    5.8822935548e+01    5.8822935548e+01
    1.9858537850e+03    7.4851313776e+03   -1.8286763827e+05    1.3470184459e+02    1.3460925402e+02    1.3445432694e+02    4.8385573998e-02   -8.3351498598e-02   -1.0901701175e-01    5.8822935548e+01    5.8822935548e+01    5.8822935548e+01
    2.0099430098e+03    7.5759291059e+03   -1.8291530483e+05    1.3459153147e+02    1.3461932928e+02    1.3447149045e+02   -5.7805114324e-02   -1.7531293416e-02    6.6718008781e-02    5.8822935548e+01    5.8822935548e+01    5.8822935548e+01
    2.0042371248e+03    7.5544223368e+03   -1.8284999540e+05    1.3458831309e+02    1.3457861935e+02    1.3468662022e+02    2.9046809092e-03   -1.1442417125e-02    7.2605891282e-02    5.8822935548e+01    5.8822935548e+01    5.8822935548e+01
    2.0016388999e+03    7.5446290404e+03   -1.8289106847e+05    1.3441640664e+02    1.3448610228e+02    1.3458131690e+02   -3.5662804791e-02    1.5176789575e-03   -1.1997620015e-01    5.8822935548e+01    5.8822935548e+01    5.8822935548e+01
    2.0013232550e+03    7.5434393032e+03   -1.8293073915e+05    1.3439142617e+02    1.3465048844e+02    1.3451812800e+02    4.8592851643e-02    8.3315330296e-02    7.1767456949e-02    5.8822935548e+01    5.8822935548e+01    5.8822935548e+01
    1.9909985668e+03    7.5045232219e+03   -1.8281909226e+05    1.3465140716e+02    1.3487855940e+02    1.3451877741e+02    1.1420799210e-01   -8.1758093868e-02    3.1613645103e-02    5.8822935548e+01    5.8822935548e+01    5.8822935548e+01
    1.9803285316e+03    7.4643054496e+03   -1.8291281564e+05    1.3454006506e+02    1.3450340082e+02    1.3461384417e+02   -1.1701264770e-01   -1.3595080233e-02   -1.0017394941e-01    5.8822935548e+01    5.8822935548e+01    5.8822935548e+01
