    2.9735673667e+03    3.7360156402e+03   -7.4935731721e+04    4.0380442362e+01    3.9865792407e+01    4.0022695674e+01   -3.1213985409e-02   -2.1371654958e-01   -6.1523760901e-02    9.4875083465e+01    3.1625027822e+01    3.1625027822e+01
    2.9887819715e+03    3.7551314006e+03   -7.4924987236e+04    4.0235628337e+01    3.9934093385e+01    3.9986175826e+01    1.2534835326e-01   -6.3100304970e-02    1.0068791296e-02    9.4875083465e+01    3.1625027822e+01    3.1625027822e+01
    3.0061714722e+03    3.7769797191e+03   -7.4948886246e+04    4.0220875327e+01    4.0094856636e+01    3.9911764732e+01   -1.6383590250e-01   -4.3490815304e-02    1.0633385685e-01    9.4875083465e+01    3.1625027822e+01    3.1625027822e+01
    2.9896566224e+03    3.7562303195e+03   -7.4934454114e+04    4.0293735325e+01    3.9853343309e+01    3.9983999245e+01    8.2322458597e-03    6.0572448816e-02   -1.1650207967e-01    9.4875083465e+01    3.1625027822e+01    3.1625027822e+01
    3.0021875123e+03    3.7719742375e+03   -7.4944088761e+04    3.9815600553e+01    3.9996667978e+01    4.0333946987e+01    6.8938494077e-02   -2.8945167940e-02   -1.4032147345e-01    9.4875083465e+01    3.1625027822e+01    3.1625027822e+01
    2.9800206204e+03    3.7441235637e+03   -7.4915198869e+04    4.0330515622e+01    4.0163035093e+01    4.0071520205e+01    4.7616769349e-02   -6.0263649418e-02    5.3471174450e-02    9.4875083465e+01    3.1625027822e+01    3.1625027822e+01
    2.9870173058e+03    3.7529142594e+03   -7.4928964497e+04    4.0225199564e+01    3.9794435630e+01    4.0116300490e+01   -4.5629363602e-03   -1.5960640524e-02   -3.2856902717e-02    9.4875083465e+01    3.1625027822e+01    3.1625027822e+01
    3.0080223276e+03    3.7793051497e+03   -7.4952869704e+04    3.9943989278e+01    4.0071094822e+01    4.0247472838e+01   -5.0661136374e-02   -7.9668638682e-02   -1.5659121622e-01    9.4875083465e+01    3.1625027822e+01    3.1625027822e+01
    2.9819876980e+03    3.7465950169e+03   -7.4921874273e+04    4.0343168117e+01    3.9866690924e+01    4.0236378787e+01    4.3651339330e-02   -7.1047207033e-02   -4.1009181443e-02    9.4875083465e+01    3.1625027822e+01    3.1625027822e+01
    2.9851040628e+03    3.7505104444e+03   -7.4920461166e+04    4.0348423881e+01    3.9974114433e+01    4.0123321687e+01   -1.2037216614e-01   -1.0673648275e-01    3.1644652171e-02    9.4875083465e+01    3.1625027822e+01    3.1625027822e+01
    3.0158513006e+03    3.7891415387e+03   -7.4964999934e+04    4.0224171673e+01    3.9864117173e+01    3.9464528357e+01    1.1780597092e-01   -9.6895325435e-03    7.9247027837e-02    9.4875083465e+01    3.1625027822e+01    3.1625027822e+01
    2.9787158107e+03    3.7424841896e+03   -7.4922066779e+04    4.0475124664e+01    4.0198930204e+01    3.9782601720e+01   -2.7271164287e-02    9.6369731877e-02    1.7066926128e-02    9.4875083465e+01    3.1625027822e+01    3.1625027822e+01
    2.9958691949e+03    3.7640358491e+03   -7.4944798660e+04    3.9959036324e+01    3.9978388870e+01    3.9963434303e+01    1.1954902154e-01   -2.0275849670e-04    9.0045899874e-02    9.4875083465e+01    3.1625027822e+01    3.1625027822e+01
    3.0317773197e+03    3.8091511262e+03   -7.4983760467e+04    4.0146103787e+01    3.9722417715e+01    3.9623756592e+01    6.3757706142e-02    6.3927187132e-02    6.0553114313e-02    9.4875083465e+01    3.1625027822e+01    3.1625027822e+01
    3.0063294659e+03    3.7771782237e+03   -7.4950572482e+04    4.0202683392e+01    3.9873669889e+01    3.9822158618e+01    7.1902171991e-02    1.6809956954e-01    7.7945291500e-02    9.4875083465e+01    3.1625027822e+01    3.1625027822e+01
    3.0211267417e+03    3.7957696483e+03   -7.4971264378e+04    4.0011500331e+01    3.9907602671e+01    3.9968917074e+01    4.9298043803e-02   -3.1804161439e-02    1.3314256505e-01    9.4875083465e+01    3.1625027822e+01    3.1625027822e+01
    2.9944405268e+03    3.7622408582e+03   -7.4936996291e+04    3.9857877880e+01    4.0074861151e+01    3.9751853700e+01    1.7884119432e-02    8.4035882696e-02    9.1936245231e-02    9.4875083465e+01    3.1625027822e+01    3.1625027822e+01
    3.0002510946e+03    3.7695413056e+03   -7.4943727978e+04    3.9773540204e+01    3.9816617615e+01    4.0295051748e+01    1.7958152257e-01    1.3285636534e-01   -9.1222922269e-02    9.4875083465e+01    3.1625027822e+01    3.1625027822e+01
    3.0121507183e+03    3.7844920953e+03   -7.4962374788e+04    4.0277658648e+01    3.9620859584e+01    3.9696662510e+01    1.2848691189e-01    4.4380998335e-02    1.1448952416e-01    9.4875083465e+01    3.1625027822e+01    3.1625027822e+01
    2.9746433017e+03    3.7373674541e+03   -7.4915302693e+04    4.0234880748e+01    3.9861983908e+01    4.0103482570e+01    3.6686310213e-02    3.4217266156e-02   -1.3106722202e-01    9.4875083465e+01    3.1625027822e+01    3.1625027822e+01
    3.0006332208e+03    3.7700214122e+03   -7.4945437730e+04    4.0359516489e+01    4.0069223074e+01    3.9970795306e+01   -5.6271640404e-03    2.6873598051e-02    2.9744331493e-02    9.4875083465e+01    3.1625027822e+01    3.1625027822e+01
    3.0164372674e+03    3.7898777525e+03   -7.4962115262e+04    4.0149252054e+01    3.9837986971e+01    3.9942230811e+01   -1.0324746620e-03   -1.7816279472e-01    7.7256673511e-02    9.4875083465e+01    3.1625027822e+01    3.1625027822e+01
    2.9887387213e+03    3.7550770607e+03   -7.4927632249e+04    4.0484486593e+01    3.9727454085e+01    3.9837443532e+01    3.8137574590e-02   -1.1544681784e-02    5.3532494021e-02    9.4875083465e+01    3.1625027822e+01    3.1625027822e+01
    2.9905623544e+03    3.7573682890e+03   -7.4933833158e+04    4.0224736596e+01    4.0050764284e+01    4.0111102392e+01    3.9598254893e-02    7.5575150269e-02   -2.6457366998e-02    9.4875083465e+01    3.1625027822e+01    3.1625027822e+01
    3.0227764555e+03    3.7978423630e+03   -7.4971373213e+04    3.9788281759e+01    3.9836540753e+01    4.0219090258e+01    3.2313085093e-02    7.0996242304e-02    4.7832225401e-02    9.4875083465e+01    3.1625027822e+01    3.1625027822e+01
    3.0026928658e+03    3.7726091680e+03   -7.4945955556e+04    3.9758061691e+01    3.9978999758e+01    3.9853876286e+01   -1.3128003700e-01    1.6689888171e-02   -9.6771178450e-02    9.4875083465e+01    3.1625027822e+01    3.1625027822e+01
    2.9979335718e+03    3.7666295500e+03   -7.4940505454e+04    3.9880780272e+01    4.0314639879e+01    4.0131442892e+01    1.2796359080e-01    1.8806325923e-02    9.6188008491e-02    9.4875083465e+01    3.1625027822e+01    3.1625027822e+01
    2.9932146266e+03    3.7607006266e+03   -7.4938522015e+04    4.0167302500e+01    3.9851093114e+01    4.0158268642e+01   -2.9739654220e-02   -8.6928465125e-02   -1.0001319251e-01    9.4875083465e+01    3.1625027822e+01    3.1625027822e+01
    2.9830722073e+03    3.7479576038e+03   -7.4921843122e+04    4.0261690588e+01    4.0006144536e+01    4.0094711200e+01   -1.9872507371e-02    1.4643269539e-02   -1.3185987983e-01    9.4875083465e+01    3.1625027822e+01    3.1625027822e+01
    2.9684522381e+03    3.7295889485e+03   -7.4902837192e+04    4.0370376162e+01    4.0178095407e+01    4.0125821868e+01    3.1701743769e-02   -1.2584775372e-01    1.2705587620e-01    9.4875083465e+01    3.1625027822e+01    3.1625027822e+01
    2.9708078459e+03    3.7325485545e+03   -7.4907423203e+04    4.0243339343e+01    4.0235496659e+01    3.9742038129e+01    1.2001731772e-01   -3.4173074567e-02   -1.6234445636e-01    9.4875083465e+01    3.1625027822e+01    3.1625027822e+01
    3.0086177818e+03    3.7800532835e+03   -7.4959521903e+04    3.9989618435e+01    3.9978539100e+01    3.9737395933e+01   -3.3703705286e-02   -1.4725840379e-02    1.8101711307e-01    9.4875083465e+01    3.1625027822e+01    3.1625027822e+01
    2.9734820238e+03    3.7359084146e+03   -7.4908068779e+04    4.0394096107e+01    4.0283383639e+01    3.9727418237e+01   -7.8675778430e-02    1.4378195294e-01   -5.6850594716e-04    9.4875083465e+01    3.1625027822e+01    3.1625027822e+01
    2.9853350337e+03    3.7508006383e+03   -7.4928709004e+04    3.9990353491e+01    4.0157289159e+01    4.0055846785e+01   -3.4928109865e-03    4.9155352899e-02    3.5851410513e-02    9.4875083465e+01    3.1625027822e+01    3.1625027822e+01
    2.9888874743e+03    3.7552639552e+03   -7.4929783522e+04    4.0026805691e+01    3.9932033406e+01    4.0102879874e+01   -7.5011644300e-02   -3.5197851105e-02   -3.7222993851e-02    9.4875083465e+01    3.1625027822e+01    3.1625027822e+01
    3.0205101727e+03    3.7949949857e+03   -7.4968822640e+04    3.9761775640e+01    4.0074816775e+01    3.9854798069e+01    3.1669385569e-02   -1.4525922602e-02    1.5753612547e-01    9.4875083465e+01    3.1625027822e+01    3.1625027822e+01
    2.9988713247e+03    3.7678077508e+03   -7.4945853222e+04    4.0088102562e+01    3.9874349488e+01    3.9889080053e+01    3.5178627191e-02    1.4097797780e-01    9.5983430281e-02    9.4875083465e+01    3.1625027822e+01    3.1625027822e+01
    3.0117046709e+03    3.7839316775e+03   -7.4958176556e+04    3.9942238350e+01    4.0141466723e+01    3.9693519879e+01    7.7444202031e-02   -1.5156058269e-01    9.9702181548e-02    9.4875083465e+01    3.1625027822e+01    3.1625027822e+01
    3.0028668386e+03    3.7728277489e+03   -7.4949353406e+04    4.0398656461e+01    3.9881345789e+01    4.0129896262e+01   -1.4576445443e-02    3.0315588698e-02   -3.4570058860e-02    9.4875083465e+01    3.1625027822e+01    3.1625027822e+01
    3.0038897340e+03    3.7741129235e+03   -7.4944713380e+04    3.9968682426e+01    3.9903223525e+01    4.0100516500e+01   -1.2489314014e-02    6.9535017085e-02   -1.6881308620e-01    9.4875083465e+01    3.1625027822e+01    3.1625027822e+01
    3.0131585683e+03    3.7857583667e+03   -7.4958678855e+04    4.0192887303e+01    4.0099671219e+01    3.9878532942e+01   -5.0344910378e-02    1.5944409656e-01    1.1691268785e-01    9.4875083465e+01    3.1625027822e+01    3.1625027822e+01
    2.9458697927e+03    3.7012161697e+03   -7.4877584839e+04    4.0213196949e+01    4.0126773410e+01    4.0306627795e+01   -2.6359417269e-02   -1.9442191791e-01    3.9241212807e-02    9.4875083465e+01    3.1625027822e+01    3.1625027822e+01
    2.9897306283e+03    3.7563233012e+03   -7.4930301816e+04    3.9952141265e+01    4.0321406245e+01    3.9838917538e+01   -7.6503995052e-02    6.5376172381e-02   -4.2722577269e-02    9.4875083465e+01    3.1625027822e+01    3.1625027822e+01
    2.9931390219e+03    3.7606056362e+03   -7.4935937042e+04    4.0133609360e+01    3.9917112731e+01    3.9947776191e+01   -1.1267474928e-01   -1.9163706747e-02   -2.6634088721e-02    9.4875083465e+01    3.1625027822e+01    3.1625027822e+01
    3.0124213705e+03    3.7848321450e+03   -7.4959655599e+04    4.0494175938e+01    4.0008228344e+01    3.9866634240e+01    1.1724669333e-01   -4.4157173092e-02    6.8832414496e-02    9.4875083465e+01    3.1625027822e+01    3.1625027822e+01
    3.0047586148e+03    3.7752045927e+03   -7.4948258845e+04    4.0420007140e+01    3.9760529038e+01    3.9919933235e+01   -3.4957174132e-02   -1.2938456816e-01   -3.4756434805e-02    9.4875083465e+01    3.1625027822e+01    3.1625027822e+01
    3.0211472565e+03    3.7957954234e+03   -7.4969191261e+04    3.9792972850e+01    3.9632635747e+01    3.9977315884e+01    5.6319980977e-03   -7.7760232108e-03   -6.1521423306e-02    9.4875083465e+01    3.1625027822e+01    3.1625027822e+01
    3.0043829281e+03    3.7747325768e+03   -7.4944098663e+04    4.0263369883e+01    4.0041340670e+01    3.9869905224e+01   -7.1972206924e-02    4.0461546749e-02    9.2478131087e-02    9.4875083465e+01    3.1625027822e+01    3.1625027822e+01
    2.9906412215e+03    3.7574673783e+03   -7.4930467228e+04    4.0120506794e+01    3.9925542676e+01    4.0080794222e+01    4.4404111208e-03   -8.0650933648e-02   -7.7461293199e-02    9.4875083465e+01    3.1625027822e+01    3.1625027822e+01
    2.9997337051e+03    3.7688912530e+03   -7.4941434623e+04    4.0309638268e+01    4.0206333050e+01    4.0024809705e+01    6.3261103031e-02   -4.8780968323e-02   -4.9043070217e-02    9.4875083465e+01    3.1625027822e+01    3.1625027822e+01
    2.9930006461e+03    3.7604317798e+03   -7.4935061967e+04    4.0181022514e+01    3.9953936100e+01    3.9790653886e+01    2.3514078341e-02    3.8918345162e-02   -8.4669290935e-02    9.4875083465e+01    3.1625027822e+01    3.1625027822e+01
    3.0104224250e+03    3.7823206527e+03   -7.4953895641e+04    4.0159559028e+01    4.0101488558e+01    3.9515658436e+01    2.6829429879e-02   -8.3118246391e-02    4.1696356987e-02    9.4875083465e+01    3.1625027822e+01    3.1625027822e+01
    2.9877387047e+03    3.7538206312e+03   -7.4923693246e+04    4.0342562618e+01    4.0066273442e+01    3.9920015015e+01   -1.1214486281e-02    1.3876932969e-01   -1.8147604323e-01    9.4875083465e+01    3.1625027822e+01    3.1625027822e+01
    2.9770615693e+03    3.7404057864e+03   -7.4912744052e+04    4.0513997958e+01    3.9913162604e+01    4.0114398816e+01   -7.4357198133e-02    5.8396941604e-02    1.3020167904e-01    9.4875083465e+01    3.1625027822e+01    3.1625027822e+01
    3.0178461153e+03    3.7916478411e+03   -7.4966136492e+04    4.0307674863e+01    4.0011852860e+01    3.9723083996e+01    1.1144019178e-01    5.1028743338e-02   -9.8966322688e-02    9.4875083465e+01    3.1625027822e+01    3.1625027822e+01
    2.9549725910e+03    3.7126530038e+03   -7.4891502182e+04    4.0638141542e+01    3.9942898772e+01    4.0260990219e+01    1.6684819791e-02   -3.2521215044e-02   -8.1125238961e-02    9.4875083465e+01    3.1625027822e+01    3.1625027822e+01
    2.9913889049e+03    3.7584067742e+03   -7.4933004523e+04    4.0105853371e+01    4.0063075827e+01    4.0009867311e+01    4.8692771276e-02   -1.6306808720e-01    9.1999079196e-02    9.4875083465e+01    3.1625027822e+01    3.1625027822e+01
    2.9918857216e+03    3.7590309790e+03   -7.4931521843e+04    4.0007005061e+01    3.9771944455e+01    4.0289056301e+01   -3.8156527659e-02    8.3446299650e-02    4.4597369783e-02    9.4875083465e+01    3.1625027822e+01    3.1625027822e+01
    3.0069903381e+03    3.7780085492e+03   -7.4950207343e+04    3.9990991178e+01    4.0127500379e+01    3.9747193121e+01   -4.3410125708e-02    3.2002921469e-02    2.7262645327e-02    9.4875083465e+01    3.1625027822e+01    3.1625027822e+01
    3.0196586290e+03    3.7939250989e+03   -7.4963263024e+04    4.0227717855e+01    3.9959422562e+01    3.9766022777e+01    3.2112636686e-02   -1.3031312476e-02   -8.5783844511e-02    9.4875083465e+01    3.1625027822e+01    3.1625027822e+01
    3.0074975364e+03    3.7786457975e+03   -7.4949951381e+04    4.0024064184e+01    4.0106655235e+01    4.0092918454e+01   -1.3996147431e-01    9.1190759050e-02   -3.5103347477e-02    9.4875083465e+01    3.1625027822e+01    3.1625027822e+01
    2.9828723511e+03    3.7477065026e+03   -7.4921402013e+04    4.0042230693e+01    3.9938142844e+01    4.0018354734e+01   -5.2882869935e-02   -1.0989407975e-01   -3.5503176797e-02    9.4875083465e+01    3.1625027822e+01    3.1625027822e+01
    3.0114005187e+03    3.7835495381e+03   -7.4958062963e+04    3.9968987921e+01    4.0178533059e+01    3.9798887212e+01    1.0000798561e-01    5.8556620481e-03    5.2965612812e-03    9.4875083465e+01    3.1625027822e+01    3.1625027822e+01
    2.9811046261e+03    3.7454855177e+03   -7.4923249530e+04    4.0266350401e+01    4.0007257099e+01    3.9790974295e+01    1.6933470840e-01    3.7697318350e-02   -4.5658581072e-02    9.4875083465e+01    3.1625027822e+01    3.1625027822e+01
    2.9961882006e+03    3.7644366506e+03   -7.4934396040e+04    4.0050199888e+01    3.9901192291e+01    3.9995990092e+01   -1.7719269792e-01   -6.2564132739e-02   -1.6532381967e-01    9.4875083465e+01    3.1625027822e+01    3.1625027822e+01
    2.9756880395e+03    3.7386800717e+03   -7.4913920642e+04    4.0281860649e+01    3.9684213764e+01    4.0263709055e+01   -7.4035996739e-02    1.5919526639e-02   -3.8978347944e-02    9.4875083465e+01    3.1625027822e+01    3.1625027822e+01
    2.9948514110e+03    3.7627570966e+03   -7.4939212613e+04    4.0132869581e+01    4.0061719508e+01    4.0035141254e+01   -1.7884711481e-01    3.2274183055e-02   -2.1170028266e-02    9.4875083465e+01    3.1625027822e+01    3.1625027822e+01
    3.0039317034e+03    3.7741656542e+03   -7.4949625357e+04    3.9958282797e+01    3.9914723383e+01    4.0125234555e+01    4.0061298235e-02   -3.3911441949e-02   -3.6962309080e-02    9.4875083465e+01    3.1625027822e+01    3.1625027822e+01
    3.0062082925e+03    3.7770259803e+03   -7.4953070798e+04    4.0017293440e+01    3.9954926318e+01    3.9973810678e+01   -1.7073524032e-01    8.4868251702e-02    1.9932526729e-02    9.4875083465e+01    3.1625027822e+01    3.1625027822e+01
    3.0059927144e+03    3.7767551262e+03   -7.4954743229e+04    4.0007442824e+01    3.9719994795e+01    3.9927178555e+01    5.7412584976e-02    6.6681695962e-02    1.6506534695e-01    9.4875083465e+01    3.1625027822e+01    3.1625027822e+01
    3.0405595136e+03    3.8201851503e+03   -7.4989127141e+04    4.0077285063e+01    3.9433348657e+01    3.9658373053e+01   -1.6924425393e-01    1.4239109191e-01    4.5303010672e-02    9.4875083465e+01    3.1625027822e+01    3.1625027822e+01
    3.0031053888e+03    3.7731274654e+03   -7.4946875633e+04    4.0081647547e+01    3.9762335442e+01    4.0377967877e+01   -3.1104829037e-02   -3.3533533164e-02    1.1775653164e-02    9.4875083465e+01    3.1625027822e+01    3.1625027822e+01
    3.0002508732e+03    3.7695410274e+03   -7.4940134721e+04    4.0077237970e+01    3.9944172653e+01    4.0171903768e+01   -6.2720411310e-02    8.5288287296e-02   -1.0507499142e-01    9.4875083465e+01    3.1625027822e+01    3.1625027822e+01
    3.0010623613e+03    3.7705605881e+03   -7.4944449321e+04    3.9795601795e+01    4.0156303786e+01    3.9656399693e+01    1.2449231200e-02   -8.0555344389e-02    7.2908244553e-03    9.4875083465e+01    3.1625027822e+01    3.1625027822e+01
    2.9929225477e+03    3.7603336562e+03   -7.4937334667e+04    4.0215248792e+01    4.0059872913e+01    3.9755467449e+01    5.9698658966e-02   -4.0369066305e-02   -7.3266105132e-02    9.4875083465e+01    3.1625027822e+01    3.1625027822e+01
    2.9905954188e+03    3.7574098315e+03   -7.4930887254e+04    3.9903545912e+01    3.9994972347e+01    3.9984377997e+01    2.8997803644e-02   -1.1981310204e-01   -1.1052487503e-02    9.4875083465e+01    3.1625027822e+01    3.1625027822e+01
    3.0125634118e+03    3.7850106070e+03   -7.4961088841e+04    3.9803719688e+01    4.0019957112e+01    3.9852115462e+01   -5.2207237288e-02    6.2641286175e-02    9.1052002395e-02    9.4875083465e+01    3.1625027822e+01    3.1625027822e+01
    3.0012105629e+03    3.7707467898e+03   -7.4947036902e+04    4.0333227481e+01    3.9944387347e+01    3.9939394565e+01    4.2191418578e-02    1.0584366378e-01    2.4975878635e-02    9.4875083465e+01    3.1625027822e+01    3.1625027822e+01
    3.0075554886e+03    3.7787186091e+03   -7.4960071243e+04    4.0140895579e+01    3.9876959864e+01    3.9945455761e+01   -9.6523315496e-02    3.6112167489e-02    8.7221893986e-02    9.4875083465e+01    3.1625027822e+01    3.1625027822e+01
    3.0167653958e+03    3.7902900158e+03   -7.4963663273e+04    4.0010916898e+01    3.9931357461e+01    3.9958591616e+01   -1.0516430570e-01   -6.3103802741e-02   -2.0650966150e-03    9.4875083465e+01    3.1625027822e+01    3.1625027822e+01
    3.0146458687e+03    3.7876270238e+03   -7.4961006290e+04    4.0259297354e+01    3.9677127012e+01    4.0170725160e+01   -9.1748317780e-02   -1.1669823990e-02   -6.3493950200e-02    9.4875083465e+01    3.1625027822e+01    3.1625027822e+01
    2.9496662020e+03    3.7059860111e+03   -7.4878645147e+04    4.0282305755e+01    4.0304552127e+01    4.0559983349e+01    1.7190182729e-02    3.5678665448e-02   -3.5942100751e-02    9.4875083465e+01    3.1625027822e+01    3.1625027822e+01
    2.9716489005e+03    3.7336052627e+03   -7.4903926870e+04    4.0447146936e+01    4.0171084055e+01    4.0248723901e+01    1.2537702217e-01    7.6359061783e-04    1.0174389544e-01    9.4875083465e+01    3.1625027822e+01    3.1625027822e+01
    2.9775076300e+03    3.7409662209e+03   -7.4920319473e+04    4.0118714586e+01    4.0295161752e+01    4.0137949657e+01   -6.0972760700e-02    2.4486687728e-03    7.1544368217e-02    9.4875083465e+01    3.1625027822e+01    3.1625027822e+01
    3.0094029716e+03    3.7810398027e+03   -7.4958899044e+04    4.0143395333e+01    3.9643552966e+01    4.0244887035e+01   -5.8153785507e-02    1.0553848653e-01    7.8035113063e-02    9.4875083465e+01    3.1625027822e+01    3.1625027822e+01
    2.9875826312e+03    3.7536245391e+03   -7.4924344677e+04    3.9735884941e+01    4.0182787390e+01    4.0193223852e+01   -1.1534311106e-01    1.3983835497e-01    6.7472779293e-02    9.4875083465e+01    3.1625027822e+01    3.1625027822e+01
    2.9956689499e+03    3.7637842596e+03   -7.4930582287e+04    4.0425642727e+01    3.9730643310e+01    3.9995220228e+01    1.0213172714e-02   -9.5458249105e-02   -7.7405919019e-03    9.4875083465e+01    3.1625027822e+01    3.1625027822e+01
    3.0326415044e+03    3.8102368953e+03   -7.4986251236e+04    3.9748547432e+01    3.9751844056e+01    3.9509317905e+01    1.3758153575e-01    4.2464113742e-02   -4.4114427622e-02    9.4875083465e+01    3.1625027822e+01    3.1625027822e+01
    3.0109175320e+03    3.7829427094e+03   -7.4956257694e+04    4.0054259606e+01    4.0075002338e+01    4.0188787294e+01   -6.0165534787e-02    6.7334249291e-02    4.6710567073e-02    9.4875083465e+01    3.1625027822e+01    3.1625027822e+01
    3.0045422162e+03    3.7749327077e+03   -7.4950712150e+04    4.0193143604e+01    4.0079292627e+01    3.9542791775e+01    6.7113963107e-02    2.1503299935e-02   -2.4759033986e-02    9.4875083465e+01    3.1625027822e+01    3.1625027822e+01
    3.0060203518e+03    3.7767898501e+03   -7.4950745641e+04    4.0072824966e+01    4.0035260862e+01    4.0099427027e+01    9.7358883660e-03    5.6803976133e-02   -8.6840425538e-02    9.4875083465e+01    3.1625027822e+01    3.1625027822e+01
    3.0089054055e+03    3.7804146563e+03   -7.4954169822e+04    4.0343131330e+01    3.9904201678e+01    3.9726221324e+01    2.9470398062e-02    6.0484462255e-03   -1.5846364028e-01    9.4875083465e+01    3.1625027822e+01    3.1625027822e+01
    2.9920103209e+03    3.7591875266e+03   -7.4937257414e+04    4.0044824809e+01    3.9803741966e+01    4.0187467079e+01   -1.7613161760e-02    5.5088047797e-02   -5.3243911798e-02    9.4875083465e+01    3.1625027822e+01    3.1625027822e+01
    2.9880152971e+03    3.7541681442e+03   -7.4931369073e+04    4.0086486531e+01    4.0330287835e+01    4.0187361348e+01   -5.8651663997e-02    2.8374542267e-02    9.6618204670e-02    9.4875083465e+01    3.1625027822e+01    3.1625027822e+01
    2.9945075849e+03    3.7623251106e+03   -7.4931949129e+04    4.0389072495e+01    4.0276190094e+01    3.9832257437e+01    1.3378883869e-01   -1.6739473958e-01   -6.9600893453e-02    9.4875083465e+01    3.1625027822e+01    3.1625027822e+01
    2.9902632027e+03    3.7569924322e+03   -7.4930042833e+04    3.9925519514e+01    4.0166910455e+01    4.0110452860e+01   -1.5004195536e-01   -1.8444694474e-01   -9.2686211101e-02    9.4875083465e+01    3.1625027822e+01    3.1625027822e+01
    3.0303417732e+03    3.8073474932e+03   -7.4981474054e+04    4.0044989511e+01    3.9747977226e+01    3.9865469786e+01    1.1422153520e-01   -1.1426557002e-01    9.8773135537e-02    9.4875083465e+01    3.1625027822e+01    3.1625027822e+01
    2.9990090155e+03    3.7679807468e+03   -7.4943856345e+04    3.9988758011e+01    3.9851022191e+01    4.0075926954e+01    2.9031460307e-02    6.2644693684e-03    1.6877949411e-02    9.4875083465e+01    3.1625027822e+01    3.1625027822e+01
    2.9920375969e+03    3.7592217964e+03   -7.4934951482e+04    4.0483501185e+01    4.0015904049e+01    4.0160426005e+01    7.7679238143e-02    6.5766286532e-02   -6.2610883638e-02    9.4875083465e+01    3.1625027822e+01    3.1625027822e+01
    2.9871473920e+03    3.7530777009e+03   -7.4929454910e+04    4.0471535497e+01    4.0007457543e+01    3.9993716254e+01   -2.6042685478e-02   -1.3222366065e-02    5.4436760481e-02    9.4875083465e+01    3.1625027822e+01    3.1625027822e+01
    2.9871473920e+03    3.7530777009e+03   -7.4929454910e+04    4.0471535497e+01    4.0007457543e+01    3.9993716254e+01   -2.6042685478e-02   -1.3222366065e-02    5.4436760481e-02    9.4875083465e+01    3.1625027822e+01    3.1625027822e+01
    2.9871473920e+03    3.7530777009e+03   -7.4929454910e+04    4.0471535497e+01    4.0007457543e+01    3.9993716254e+01   -2.6042685478e-02   -1.3222366065e-02    5.4436760481e-02    9.4875083465e+01    3.1625027822e+01    3.1625027822e+01
    2.9871473920e+03    3.7530777009e+03   -7.4929454910e+04    4.0471535497e+01    4.0007457543e+01    3.9993716254e+01   -2.6042685478e-02   -1.3222366065e-02    5.4436760481e-02    9.4875083465e+01    3.1625027822e+01    3.1625027822e+01
    2.9871473920e+03    3.7530777009e+03   -7.4929454910e+04    4.0471535497e+01    4.0007457543e+01    3.9993716254e+01   -2.6042685478e-02   -1.3222366065e-02    5.4436760481e-02    9.4875083465e+01    3.1625027822e+01    3.1625027822e+01
    2.9871473920e+03    3.7530777009e+03   -7.4929454910e+04    4.0471535497e+01    4.0007457543e+01    3.9993716254e+01   -2.6042685478e-02   -1.3222366065e-02    5.4436760481e-02    9.4875083465e+01    3.1625027822e+01    3.1625027822e+01
    2.9871473920e+03    3.7530777009e+03   -7.4929454910e+04    4.0471535497e+01    4.0007457543e+01    3.9993716254e+01   -2.6042685478e-02   -1.3222366065e-02    5.4436760481e-02    9.4875083465e+01    3.1625027822e+01    3.1625027822e+01
    2.9871473920e+03    3.7530777009e+03   -7.4929454910e+04    4.0471535497e+01    4.0007457543e+01    3.9993716254e+01   -2.6042685478e-02   -1.3222366065e-02    5.4436760481e-02    9.4875083465e+01    3.1625027822e+01    3.1625027822e+01
    2.9871473920e+03    3.7530777009e+03   -7.4929454910e+04    4.0471535497e+01    4.0007457543e+01    3.9993716254e+01   -2.6042685478e-02   -1.3222366065e-02    5.4436760481e-02    9.4875083465e+01    3.1625027822e+01    3.1625027822e+01
    2.9871473920e+03    3.7530777009e+03   -7.4929454910e+04    4.0471535497e+01    4.0007457543e+01    3.9993716254e+01   -2.6042685478e-02   -1.3222366065e-02    5.4436760481e-02    9.4875083465e+01    3.1625027822e+01    3.1625027822e+01
    2.9871473920e+03    3.7530777009e+03   -7.4929454910e+04    4.0471535497e+01    4.0007457543e+01    3.9993716254e+01   -2.6042685478e-02   -1.3222366065e-02    5.4436760481e-02    9.4875083465e+01    3.1625027822e+01    3.1625027822e+01
    2.9871473920e+03    3.7530777009e+03   -7.4929454910e+04    4.0471535497e+01    4.0007457543e+01    3.9993716254e+01   -2.6042685478e-02   -1.3222366065e-02    5.4436760481e-02    9.4875083465e+01    3.1625027822e+01    3.1625027822e+01
    2.9871473920e+03    3.7530777009e+03   -7.4929454910e+04    4.0471535497e+01    4.0007457543e+01    3.9993716254e+01   -2.6042685478e-02   -1.3222366065e-02    5.4436760481e-02    9.4875083465e+01    3.1625027822e+01    3.1625027822e+01
    2.9871473920e+03    3.7530777009e+03   -7.4929454910e+04    4.0471535497e+01    4.0007457543e+01    3.9993716254e+01   -2.6042685478e-02   -1.3222366065e-02    5.4436760481e-02    9.4875083465e+01    3.1625027822e+01    3.1625027822e+01
    2.9871473920e+03    3.7530777009e+03   -7.4929454910e+04    4.0471535497e+01    4.0007457543e+01    3.9993716254e+01   -2.6042685478e-02   -1.3222366065e-02    5.4436760481e-02    9.4875083465e+01    3.1625027822e+01    3.1625027822e+01
    2.9871473920e+03    3.7530777009e+03   -7.4929454910e+04    4.0471535497e+01    4.0007457543e+01    3.9993716254e+01   -2.6042685478e-02   -1.3222366065e-02    5.4436760481e-02    9.4875083465e+01    3.1625027822e+01    3.1625027822e+01
    2.9871473920e+03    3.7530777009e+03   -7.4929454910e+04    4.0471535497e+01    4.0007457543e+01    3.9993716254e+01   -2.6042685478e-02   -1.3222366065e-02    5.4436760481e-02    9.4875083465e+01    3.1625027822e+01    3.1625027822e+01
    2.9871473920e+03    3.7530777009e+03   -7.4929454910e+04    4.0471535497e+01    4.0007457543e+01    3.9993716254e+01   -2.6042685478e-02   -1.3222366065e-02    5.4436760481e-02    9.4875083465e+01    3.1625027822e+01    3.1625027822e+01
    2.9871473920e+03    3.7530777009e+03   -7.4929454910e+04    4.0471535497e+01    4.0007457543e+01    3.9993716254e+01   -2.6042685478e-02   -1.3222366065e-02    5.4436760481e-02    9.4875083465e+01    3.1625027822e+01    3.1625027822e+01
    2.9871473920e+03    3.7530777009e+03   -7.4929454910e+04    4.0471535497e+01    4.0007457543e+01    3.9993716254e+01   -2.6042685478e-02   -1.3222366065e-02    5.4436760481e-02    9.4875083465e+01    3.1625027822e+01    3.1625027822e+01
    2.9871473920e+03    3.7530777009e+03   -7.4929454910e+04    4.0471535497e+01    4.0007457543e+01    3.9993716254e+01   -2.6042685478e-02   -1.3222366065e-02    5.4436760481e-02    9.4875083465e+01    3.1625027822e+01    3.1625027822e+01
    2.9871473920e+03    3.7530777009e+03   -7.4929454910e+04    4.0471535497e+01    4.0007457543e+01    3.9993716254e+01   -2.6042685478e-02   -1.3222366065e-02    5.4436760481e-02    9.4875083465e+01    3.1625027822e+01    3.1625027822e+01
    2.9871473920e+03    3.7530777009e+03   -7.4929454910e+04    4.0471535497e+01    4.0007457543e+01    3.9993716254e+01   -2.6042685478e-02   -1.3222366065e-02    5.4436760481e-02    9.4875083465e+01    3.1625027822e+01    3.1625027822e+01
    2.9871473920e+03    3.7530777009e+03   -7.4929454910e+04    4.0471535497e+01    4.0007457543e+01    3.9993716254e+01   -2.6042685478e-02   -1.3222366065e-02    5.4436760481e-02    9.4875083465e+01    3.1625027822e+01    3.1625027822e+01
    2.9871473920e+03    3.7530777009e+03   -7.4929454910e+04    4.0471535497e+01    4.0007457543e+01    3.9993716254e+01   -2.6042685478e-02   -1.3222366065e-02    5.4436760481e-02    9.4875083465e+01    3.1625027822e+01    3.1625027822e+01
    2.9871473920e+03    3.7530777009e+03   -7.4929454910e+04    4.0471535497e+01    4.0007457543e+01    3.9993716254e+01   -2.6042685478e-02   -1.3222366065e-02    5.4436760481e-02    9.4875083465e+01    3.1625027822e+01    3.1625027822e+01
    2.9871473920e+03    3.7530777009e+03   -7.4929454910e+04    4.0471535497e+01    4.0007457543e+01    3.9993716254e+01   -2.6042685478e-02   -1.3222366065e-02    5.4436760481e-02    9.4875083465e+01    3.1625027822e+01    3.1625027822e+01
    2.9871473920e+03    3.7530777009e+03   -7.4929454910e+04    4.0471535497e+01    4.0007457543e+01    3.9993716254e+01   -2.6042685478e-02   -1.3222366065e-02    5.4436760481e-02    9.4875083465e+01    3.1625027822e+01    3.1625027822e+01
    2.9871473920e+03    3.7530777009e+03   -7.4929454910e+04    4.0471535497e+01    4.0007457543e+01    3.9993716254e+01   -2.6042685478e-02   -1.3222366065e-02    5.4436760481e-02    9.4875083465e+01    3.1625027822e+01    3.1625027822e+01
    2.9871473920e+03    3.7530777009e+03   -7.4929454910e+04    4.0471535497e+01    4.0007457543e+01    3.9993716254e+01   -2.6042685478e-02   -1.3222366065e-02    5.4436760481e-02    9.4875083465e+01    3.1625027822e+01    3.1625027822e+01
    2.9871473920e+03    3.7530777009e+03   -7.4929454910e+04    4.0471535497e+01    4.0007457543e+01    3.9993716254e+01   -2.6042685478e-02   -1.3222366065e-02    5.4436760481e-02    9.4875083465e+01    3.1625027822e+01    3.1625027822e+01
