    2.9848676800e+03    2.8751636459e+03   -5.3992786751e+04    1.1950127854e+02    1.1989722332e+02    1.1919809059e+02    3.5720246242e-02    9.8418902289e-02   -1.3907970672e-01    6.9362612128e+01    2.9726833769e+01    2.9726833769e+01
    3.0437697898e+03    2.9319009029e+03   -5.4029943872e+04    1.1977834057e+02    1.1938397885e+02    1.1962381298e+02    8.8807501452e-02   -2.2072544494e-01   -6.3231653695e-02    6.9362612128e+01    2.9726833769e+01    2.9726833769e+01
    2.9836589060e+03    2.8739992984e+03   -5.3971414520e+04    1.1999815448e+02    1.1957000035e+02    1.1956814772e+02   -3.5067265201e-02   -1.1995741177e-01   -1.3929225185e-01    6.9362612128e+01    2.9726833769e+01    2.9726833769e+01
    2.9857847357e+03    2.8760469966e+03   -5.3977713499e+04    1.2021815663e+02    1.1931529744e+02    1.1972217581e+02   -1.2928386550e-01    5.7714129953e-02   -5.2173067813e-02    6.9362612128e+01    2.9726833769e+01    2.9726833769e+01
    3.0001653107e+03    2.8898990366e+03   -5.3985451725e+04    1.1972069776e+02    1.1984068550e+02    1.1959381644e+02   -1.2971874047e-03   -8.3469125154e-02   -1.4584988267e-01    6.9362612128e+01    2.9726833769e+01    2.9726833769e+01
    3.0337863753e+03    2.9222844128e+03   -5.4024423033e+04    1.1955211212e+02    1.1960050753e+02    1.1945505590e+02   -6.4664227859e-02   -6.0691151325e-02   -4.5114836824e-03    6.9362612128e+01    2.9726833769e+01    2.9726833769e+01
    3.0059428762e+03    2.8954642569e+03   -5.3992589325e+04    1.1971885500e+02    1.1958256102e+02    1.1968191820e+02    1.1918470426e-01   -6.5421782500e-02    9.7822502351e-02    6.9362612128e+01    2.9726833769e+01    2.9726833769e+01
    2.9982660163e+03    2.8880695477e+03   -5.3987188795e+04    1.2004205455e+02    1.1937559933e+02    1.1955338927e+02    2.3509539501e-01    3.8080300042e-01   -7.8160068818e-02    6.9362612128e+01    2.9726833769e+01    2.9726833769e+01
    3.0279203160e+03    2.9166339511e+03   -5.4015823085e+04    1.1949200853e+02    1.1974463633e+02    1.1950905085e+02   -1.2110528111e-01    2.0875791880e-02    6.6945916338e-02    6.9362612128e+01    2.9726833769e+01    2.9726833769e+01
    2.9674161571e+03    2.8583535257e+03   -5.3956768592e+04    1.1995835818e+02    1.1967911579e+02    1.1982345538e+02    4.6683241487e-02    1.0694920151e-01   -1.6359062812e-01    6.9362612128e+01    2.9726833769e+01    2.9726833769e+01
    3.0019749671e+03    2.8916421820e+03   -5.3992095920e+04    1.1967898620e+02    1.1965063890e+02    1.1953307413e+02   -7.2911718463e-02   -1.5945551401e-01   -1.3213685509e-01    6.9362612128e+01    2.9726833769e+01    2.9726833769e+01
    2.9928142346e+03    2.8828181375e+03   -5.3978524068e+04    1.2006048930e+02    1.1962277171e+02    1.1920409487e+02   -1.2960122358e-01   -1.9934271181e-01    1.3642920944e-01    6.9362612128e+01    2.9726833769e+01    2.9726833769e+01
    3.0118427680e+03    2.9011473076e+03   -5.4000681844e+04    1.1979683275e+02    1.1953939536e+02    1.1930977258e+02   -6.9360081456e-02   -6.5810871814e-02   -2.5075981724e-01    6.9362612128e+01    2.9726833769e+01    2.9726833769e+01
    3.0165851603e+03    2.9057154009e+03   -5.4001349964e+04    1.1973807301e+02    1.1962528591e+02    1.1910645190e+02   -1.9570487772e-01   -7.1486937823e-02   -5.2793523738e-03    6.9362612128e+01    2.9726833769e+01    2.9726833769e+01
    2.9857167313e+03    2.8759814916e+03   -5.3971940338e+04    1.2008879546e+02    1.1918160134e+02    1.1963563993e+02    5.4609833571e-02   -7.8494931182e-02   -2.6089758426e-01    6.9362612128e+01    2.9726833769e+01    2.9726833769e+01
    2.9704054064e+03    2.8612329099e+03   -5.3959818984e+04    1.2018412857e+02    1.1949882304e+02    1.2004600808e+02   -2.5185399631e-01   -3.5826784888e-02   -3.4793630206e-02    6.9362612128e+01    2.9726833769e+01    2.9726833769e+01
    3.0183257789e+03    2.9073920459e+03   -5.4006574543e+04    1.1950612126e+02    1.1949671473e+02    1.1980901411e+02   -3.4809423386e-02    1.1618098186e-01   -9.6158588319e-02    6.9362612128e+01    2.9726833769e+01    2.9726833769e+01
    2.9783279598e+03    2.8688642825e+03   -5.3967632545e+04    1.1984472289e+02    1.1963263344e+02    1.1957737841e+02    1.2706283806e-01    1.9505894545e-02   -8.8955808356e-02    6.9362612128e+01    2.9726833769e+01    2.9726833769e+01
    2.9722877690e+03    2.8630460893e+03   -5.3958050845e+04    1.2011587743e+02    1.1941419580e+02    1.1990274100e+02   -1.5274891034e-01   -9.8736195141e-02    1.8503376058e-02    6.9362612128e+01    2.9726833769e+01    2.9726833769e+01
    3.0146413255e+03    2.9038430086e+03   -5.4001938038e+04    1.1965958302e+02    1.1962119021e+02    1.1959708468e+02    1.3460208539e-01    7.4403925152e-02    8.8791900333e-02    6.9362612128e+01    2.9726833769e+01    2.9726833769e+01
    2.9983291233e+03    2.8881303353e+03   -5.3986057743e+04    1.1972782113e+02    1.1991667031e+02    1.1953581925e+02    1.5960746287e-01    1.1999832697e-01    1.2690338848e-01    6.9362612128e+01    2.9726833769e+01    2.9726833769e+01
    2.9909624364e+03    2.8810343992e+03   -5.3980666512e+04    1.2021398528e+02    1.1962648039e+02    1.1951502777e+02    1.0687035454e-01   -1.5999884988e-01   -2.2296207811e-01    6.9362612128e+01    2.9726833769e+01    2.9726833769e+01
    3.0028943495e+03    2.8925277739e+03   -5.3990527606e+04    1.1965262312e+02    1.1945143379e+02    1.1947036116e+02    3.0633174194e-02   -3.6755863776e-01    1.3731924579e-01    6.9362612128e+01    2.9726833769e+01    2.9726833769e+01
    2.9910393856e+03    2.8811085202e+03   -5.3977943620e+04    1.1986716025e+02    1.1975148737e+02    1.1943391408e+02   -9.7706992204e-02   -2.7242682950e-02    5.2391394218e-02    6.9362612128e+01    2.9726833769e+01    2.9726833769e+01
    3.0001509707e+03    2.8898852236e+03   -5.3987208882e+04    1.2020568133e+02    1.1955169452e+02    1.1928487839e+02   -1.7235649803e-01   -4.9113284546e-02   -2.0041244520e-01    6.9362612128e+01    2.9726833769e+01    2.9726833769e+01
    3.0303043136e+03    2.9189303287e+03   -5.4016825596e+04    1.1990478242e+02    1.1945685282e+02    1.1921602203e+02   -5.2420017083e-02    2.9935618493e-02    6.6657870519e-02    6.9362612128e+01    2.9726833769e+01    2.9726833769e+01
    2.9917504883e+03    2.8817934875e+03   -5.3982423494e+04    1.1979579914e+02    1.1964477341e+02    1.1975599934e+02   -2.7239429576e-01   -2.1310926779e-01   -8.4518107025e-02    6.9362612128e+01    2.9726833769e+01    2.9726833769e+01
    3.0259550303e+03    2.9147408963e+03   -5.4012687900e+04    1.2024312269e+02    1.1958226902e+02    1.1920837185e+02   -1.0665101719e-02   -1.2560036601e-01   -7.4931254939e-02    6.9362612128e+01    2.9726833769e+01    2.9726833769e+01
    2.9959642314e+03    2.8858523612e+03   -5.3984363809e+04    1.1958115152e+02    1.2014890738e+02    1.1964581499e+02    5.3166758899e-02    5.5259385172e-02    3.1111854659e-01    6.9362612128e+01    2.9726833769e+01    2.9726833769e+01
    3.0150751121e+03    2.9042608521e+03   -5.4004361440e+04    1.1960165582e+02    1.1931906139e+02    1.1962931867e+02   -1.1906197123e-01   -9.7931762850e-02   -9.7967745638e-02    6.9362612128e+01    2.9726833769e+01    2.9726833769e+01
    2.9889595950e+03    2.8791051690e+03   -5.3978986382e+04    1.1981567875e+02    1.2001135335e+02    1.1967911803e+02    6.6280022763e-02    2.1764600787e-01    1.1109341077e-01    6.9362612128e+01    2.9726833769e+01    2.9726833769e+01
    3.0103497811e+03    2.8997091931e+03   -5.3998185615e+04    1.1950374760e+02    1.1951352371e+02    1.1963321206e+02   -4.6980723945e-02   -3.2098350565e-02    5.2524621154e-02    6.9362612128e+01    2.9726833769e+01    2.9726833769e+01
    2.9870249105e+03    2.8772415908e+03   -5.3975808523e+04    1.1939353418e+02    1.2000122586e+02    1.1943927026e+02    2.6713170316e-01    5.6666555648e-02    5.7222712456e-02    6.9362612128e+01    2.9726833769e+01    2.9726833769e+01
    2.9843267301e+03    2.8746425777e+03   -5.3970274779e+04    1.1996229210e+02    1.1975285509e+02    1.1948636683e+02    1.9673363665e-02    7.7543578908e-02    8.7904307439e-02    6.9362612128e+01    2.9726833769e+01    2.9726833769e+01
    3.0242296973e+03    2.9130789751e+03   -5.4012838286e+04    1.1958888843e+02    1.1964417863e+02    1.1937250486e+02   -9.1557626209e-02    3.7720760722e-02   -2.6863904249e-02    6.9362612128e+01    2.9726833769e+01    2.9726833769e+01
    3.0073052464e+03    2.8967765554e+03   -5.3996166538e+04    1.1992057232e+02    1.1963364483e+02    1.1899206984e+02   -8.7357252564e-02   -5.3624094105e-02   -1.0333106023e-01    6.9362612128e+01    2.9726833769e+01    2.9726833769e+01
    3.0326242886e+03    2.9211650367e+03   -5.4020654984e+04    1.1973340170e+02    1.1950965731e+02    1.1952132792e+02    6.4214998851e-02   -6.1765695243e-02   -1.7729054870e-01    6.9362612128e+01    2.9726833769e+01    2.9726833769e+01
    2.9757852706e+03    2.8664150459e+03   -5.3965716500e+04    1.1985665979e+02    1.1973701533e+02    1.1941024951e+02   -1.5303974503e-01    1.7819296167e-01   -1.5138187953e-01    6.9362612128e+01    2.9726833769e+01    2.9726833769e+01
    2.9905125052e+03    2.8806010045e+03   -5.3978329035e+04    1.2000605216e+02    1.1939345642e+02    1.1975607716e+02    1.1434738652e-01    8.0766862838e-02    7.3795076512e-02    6.9362612128e+01    2.9726833769e+01    2.9726833769e+01
    3.0103581391e+03    2.8997172439e+03   -5.3996529681e+04    1.2021755965e+02    1.1922752017e+02    1.1932543215e+02   -1.5119124856e-01   -2.2632714558e-04   -1.2636631555e-02    6.9362612128e+01    2.9726833769e+01    2.9726833769e+01
    2.9991437264e+03    2.8889149990e+03   -5.3984834515e+04    1.1980031755e+02    1.1960337011e+02    1.1937410047e+02    3.8837231094e-02    7.7834197570e-03   -1.0559946620e-03    6.9362612128e+01    2.9726833769e+01    2.9726833769e+01
    3.0374859029e+03    2.9258479701e+03   -5.4025094875e+04    1.1986112149e+02    1.1931914579e+02    1.1951060358e+02    4.3412985980e-02    1.7579479492e-02    1.2502066585e-01    6.9362612128e+01    2.9726833769e+01    2.9726833769e+01
    2.9974800590e+03    2.8873124771e+03   -5.3984686049e+04    1.1970158318e+02    1.1996126019e+02    1.1942602700e+02    1.2333031609e-01   -9.8224426304e-03    4.4759070348e-02    6.9362612128e+01    2.9726833769e+01    2.9726833769e+01
    2.9975777137e+03    2.8874065426e+03   -5.3984816582e+04    1.2035714780e+02    1.1912704331e+02    1.1957268965e+02   -1.1444569109e-01   -7.9592799582e-03   -6.8660630369e-02    6.9362612128e+01    2.9726833769e+01    2.9726833769e+01
    2.9975825516e+03    2.8874112027e+03   -5.3985867289e+04    1.1974764535e+02    1.1951151991e+02    1.1944896551e+02   -1.9759385625e-01   -8.6533605448e-02    6.5521444470e-02    6.9362612128e+01    2.9726833769e+01    2.9726833769e+01
    3.0161564432e+03    2.9053024406e+03   -5.4002260036e+04    1.1980550862e+02    1.1955445621e+02    1.1948948442e+02   -1.3457962476e-01    8.9446427856e-04    1.8071257804e-02    6.9362612128e+01    2.9726833769e+01    2.9726833769e+01
    3.0196675240e+03    2.9086844772e+03   -5.4006769334e+04    1.1958608156e+02    1.1956035917e+02    1.1963901806e+02   -4.3730207818e-04   -2.2772089811e-01   -1.2385843260e-02    6.9362612128e+01    2.9726833769e+01    2.9726833769e+01
    2.9725413199e+03    2.8632903214e+03   -5.3962539612e+04    1.1936234578e+02    1.1970627054e+02    1.1978756561e+02   -3.4533205080e-01   -2.7709615591e-02    4.2038227397e-02    6.9362612128e+01    2.9726833769e+01    2.9726833769e+01
    3.0323860859e+03    2.9209355888e+03   -5.4016903941e+04    1.2009417762e+02    1.1917233913e+02    1.1953783138e+02   -1.0352654678e-01   -2.1136893495e-01    1.4197523541e-01    6.9362612128e+01    2.9726833769e+01    2.9726833769e+01
    3.0096144157e+03    2.8990008549e+03   -5.3994144807e+04    1.2006788307e+02    1.1940375845e+02    1.1946192493e+02    4.7321819306e-02   -1.4309199164e-01    1.1546560143e-01    6.9362612128e+01    2.9726833769e+01    2.9726833769e+01
    3.0114287077e+03    2.9007484654e+03   -5.4000063042e+04    1.1980306160e+02    1.1946914630e+02    1.1964557036e+02   -5.1886857528e-02    3.0314760632e-02   -1.1971385142e-01    6.9362612128e+01    2.9726833769e+01    2.9726833769e+01
    3.0022437087e+03    2.8919010464e+03   -5.3994883569e+04    1.2004554755e+02    1.1945385534e+02    1.1957182292e+02   -1.2691034972e-01    1.0669088466e-01   -4.5301894486e-02    6.9362612128e+01    2.9726833769e+01    2.9726833769e+01
    2.9994234621e+03    2.8891844535e+03   -5.3988766925e+04    1.1987362951e+02    1.1923165662e+02    1.1994523427e+02    2.4019281139e-01    1.7528501535e-01    3.6134844150e-02    6.9362612128e+01    2.9726833769e+01    2.9726833769e+01
    2.9902364538e+03    2.8803350989e+03   -5.3979386271e+04    1.1982249884e+02    1.1961665138e+02    1.1938022302e+02    1.0391913662e-01    4.7246979953e-02    1.0159788778e-01    6.9362612128e+01    2.9726833769e+01    2.9726833769e+01
    2.9865719104e+03    2.8768052400e+03   -5.3974306205e+04    1.1975308960e+02    1.1984044932e+02    1.1969031103e+02    7.9704111590e-02    3.2267806459e-02    8.3212929282e-02    6.9362612128e+01    2.9726833769e+01    2.9726833769e+01
    3.0011873666e+03    2.8908835284e+03   -5.3988690958e+04    1.1996557702e+02    1.1939446321e+02    1.1914178031e+02    1.7620690079e-01   -6.1519921432e-02   -6.5442764968e-02    6.9362612128e+01    2.9726833769e+01    2.9726833769e+01
    3.0160642612e+03    2.9052136466e+03   -5.4003024226e+04    1.1979062592e+02    1.1974273528e+02    1.1951356735e+02    2.5371901618e-01    2.4552174559e-01    2.8499250885e-02    6.9362612128e+01    2.9726833769e+01    2.9726833769e+01
    2.9950085969e+03    2.8849318496e+03   -5.3983001200e+04    1.1989074457e+02    1.1957078302e+02    1.1984192588e+02    1.9871856153e-01   -2.3626088687e-02    1.9585628760e-01    6.9362612128e+01    2.9726833769e+01    2.9726833769e+01
    2.9778808745e+03    2.8684336292e+03   -5.3967310369e+04    1.1991333381e+02    1.1949743418e+02    1.1983717650e+02   -1.3650647445e-01   -2.0247360797e-02   -1.5956852127e-01    6.9362612128e+01    2.9726833769e+01    2.9726833769e+01
    2.9583112810e+03    2.8495832848e+03   -5.3945855174e+04    1.2013101078e+02    1.1948223590e+02    1.1969848676e+02    1.2258205342e-01   -4.7581266962e-03    1.6932738196e-01    6.9362612128e+01    2.9726833769e+01    2.9726833769e+01
    3.0032850928e+03    2.8929041560e+03   -5.3994944289e+04    1.2021773166e+02    1.1971590074e+02    1.1930193140e+02   -1.1765615829e-02   -5.3902847835e-02    1.2817318673e-01    6.9362612128e+01    2.9726833769e+01    2.9726833769e+01
    2.9950690985e+03    2.8849901276e+03   -5.3982777848e+04    1.2016212458e+02    1.1935162010e+02    1.1930836373e+02    1.5992583216e-01    4.0978426505e-03   -1.0157752868e-01    6.9362612128e+01    2.9726833769e+01    2.9726833769e+01
    2.9921034127e+03    2.8821334408e+03   -5.3978012070e+04    1.1977581774e+02    1.1942871352e+02    1.1962994058e+02   -2.7321469594e-01    1.6207578522e-02    1.0916728369e-01    6.9362612128e+01    2.9726833769e+01    2.9726833769e+01
    3.0159468594e+03    2.9051005598e+03   -5.3999447920e+04    1.1987078889e+02    1.1954127195e+02    1.1939020060e+02   -1.4300814906e-01   -6.1755088482e-02   -1.5575432122e-01    6.9362612128e+01    2.9726833769e+01    2.9726833769e+01
    3.0209588102e+03    2.9099283043e+03   -5.4008059683e+04    1.2002010650e+02    1.1932162642e+02    1.1951039756e+02   -2.7348601484e-02   -3.3720864236e-02   -4.0444432167e-02    6.9362612128e+01    2.9726833769e+01    2.9726833769e+01
    2.9881395619e+03    2.8783152749e+03   -5.3980309783e+04    1.1959644609e+02    1.1973671611e+02    1.1919152944e+02   -5.0038694399e-02    1.6206341112e-01    1.4254100377e-01    6.9362612128e+01    2.9726833769e+01    2.9726833769e+01
    2.9956285339e+03    2.8855290018e+03   -5.3983072866e+04    1.2016147697e+02    1.1929555881e+02    1.1920256233e+02   -1.1248925279e-01   -1.7147255027e-01   -6.0372223389e-03    6.9362612128e+01    2.9726833769e+01    2.9726833769e+01
    2.9852855657e+03    2.8755661728e+03   -5.3971004993e+04    1.1960719906e+02    1.1971936696e+02    1.2010883851e+02    9.9047180437e-02   -6.9356612792e-02    5.5981448875e-02    6.9362612128e+01    2.9726833769e+01    2.9726833769e+01
    3.0164643635e+03    2.9055990438e+03   -5.4001280706e+04    1.1994568561e+02    1.1941774915e+02    1.1961684106e+02   -5.9192561201e-03   -1.2893469709e-01   -2.1550660033e-01    6.9362612128e+01    2.9726833769e+01    2.9726833769e+01
    3.0175700543e+03    2.9066640967e+03   -5.4003976381e+04    1.1992725758e+02    1.1952075754e+02    1.1945072116e+02   -3.5632869712e-02   -8.9044490661e-02   -6.2665648771e-02    6.9362612128e+01    2.9726833769e+01    2.9726833769e+01
    3.0156061943e+03    2.9047724152e+03   -5.4002535868e+04    1.1993359662e+02    1.1942023875e+02    1.1949699559e+02    2.5935912193e-01   -1.0497685506e-02    4.9149140472e-02    6.9362612128e+01    2.9726833769e+01    2.9726833769e+01
    2.9975739852e+03    2.8874029511e+03   -5.3983588507e+04    1.1969860930e+02    1.1987156180e+02    1.1956605118e+02   -1.5149475189e-01    1.3729974696e-01   -3.1713578783e-01    6.9362612128e+01    2.9726833769e+01    2.9726833769e+01
    2.9856332004e+03    2.8759010308e+03   -5.3975604755e+04    1.2029390855e+02    1.1969237406e+02    1.1960795150e+02   -3.0294679037e-03   -1.6123870060e-02   -1.0512711778e-02    6.9362612128e+01    2.9726833769e+01    2.9726833769e+01
    3.0010789501e+03    2.8907790966e+03   -5.3987925200e+04    1.1980825311e+02    1.1943418485e+02    1.1974135848e+02    1.7939107857e-01   -3.6400095400e-01    8.4749644629e-02    6.9362612128e+01    2.9726833769e+01    2.9726833769e+01
    3.0062136817e+03    2.8957251094e+03   -5.3996666741e+04    1.1989385633e+02    1.1980845478e+02    1.1944310724e+02    4.7388143917e-02    1.4812827396e-01    1.5037647119e-03    6.9362612128e+01    2.9726833769e+01    2.9726833769e+01
    2.9950958698e+03    2.8850159149e+03   -5.3984428771e+04    1.2011277611e+02    1.1939882533e+02    1.1970198963e+02    1.4630626651e-02   -8.7613920548e-02    3.8960240569e-02    6.9362612128e+01    2.9726833769e+01    2.9726833769e+01
    2.9927663320e+03    2.8827719955e+03   -5.3983360970e+04    1.1977234599e+02    1.1995167989e+02    1.1953311966e+02    2.9546835368e-01    1.9778107517e-02    1.6836577870e-01    6.9362612128e+01    2.9726833769e+01    2.9726833769e+01
    3.0312143654e+03    2.9198069330e+03   -5.4018323523e+04    1.2000339392e+02    1.1926650006e+02    1.1912587390e+02    1.7777543407e-01    9.5646410447e-02   -1.4137511136e-01    6.9362612128e+01    2.9726833769e+01    2.9726833769e+01
    3.0065253889e+03    2.8960253603e+03   -5.3990764718e+04    1.2017770624e+02    1.1975820327e+02    1.1950514648e+02    5.3394972524e-02    1.1069256273e-01    6.1520693743e-02    6.9362612128e+01    2.9726833769e+01    2.9726833769e+01
    3.0035146000e+03    2.8931252282e+03   -5.3990055992e+04    1.1950443965e+02    1.1979074382e+02    1.1974404383e+02   -2.2479560861e-01    8.3943892489e-02    1.9670450398e-01    6.9362612128e+01    2.9726833769e+01    2.9726833769e+01
    3.0047464093e+03    2.8943117643e+03   -5.3992408379e+04    1.1963077420e+02    1.1939032914e+02    1.1996550681e+02   -1.2111833068e-01    1.4647296292e-01    8.2061181070e-03    6.9362612128e+01    2.9726833769e+01    2.9726833769e+01
    3.0291412911e+03    2.9178100512e+03   -5.4015174459e+04    1.1961540476e+02    1.1925141051e+02    1.1932336389e+02   -3.4951865347e-02   -5.4179790801e-02    2.4169876273e-01    6.9362612128e+01    2.9726833769e+01    2.9726833769e+01
    3.0078141065e+03    2.8972667131e+03   -5.3996559495e+04    1.1989012424e+02    1.1927766320e+02    1.1965244090e+02    2.8156659200e-02    7.8073693216e-02   -2.1963138877e-01    6.9362612128e+01    2.9726833769e+01    2.9726833769e+01
    3.0033440487e+03    2.8929609452e+03   -5.3992431976e+04    1.1982098176e+02    1.1956159176e+02    1.1924324469e+02   -4.3183520706e-02   -2.7912818849e-01    9.7697602889e-02    6.9362612128e+01    2.9726833769e+01    2.9726833769e+01
    2.9862723677e+03    2.8765167065e+03   -5.3974781428e+04    1.1992988773e+02    1.1931108945e+02    1.1997471104e+02    1.2424860274e-01   -1.2799092972e-01    1.1476417673e-01    6.9362612128e+01    2.9726833769e+01    2.9726833769e+01
    2.9971623861e+03    2.8870064797e+03   -5.3987303969e+04    1.1977280070e+02    1.1919769885e+02    1.2004146410e+02   -6.9707757634e-02   -1.3987227148e-01    1.0331662985e-01    6.9362612128e+01    2.9726833769e+01    2.9726833769e+01
    3.0068624712e+03    2.8963500537e+03   -5.3994923624e+04    1.1952663772e+02    1.1926901941e+02    1.1986445671e+02   -1.3390608571e-01   -7.3073197099e-02    7.4621417782e-02    6.9362612128e+01    2.9726833769e+01    2.9726833769e+01
    2.9962861481e+03    2.8861624464e+03   -5.3982843419e+04    1.2014162138e+02    1.1935281729e+02    1.1972579042e+02    6.9975338596e-04   -1.6636038880e-01    7.6041178326e-02    6.9362612128e+01    2.9726833769e+01    2.9726833769e+01
    2.9923395269e+03    2.8823608770e+03   -5.3983811343e+04    1.1983939854e+02    1.1984639110e+02    1.1960193847e+02   -2.4168772752e-01   -1.1204372451e-03    9.2638872687e-02    6.9362612128e+01    2.9726833769e+01    2.9726833769e+01
    2.9465887781e+03    2.8382916237e+03   -5.3935716757e+04    1.1961886499e+02    1.2010270215e+02    1.2011738275e+02    3.4811033518e-02    4.9372568330e-03   -4.3841867615e-02    6.9362612128e+01    2.9726833769e+01    2.9726833769e+01
    3.0131548740e+03    2.9024111893e+03   -5.4001866890e+04    1.1966163096e+02    1.1951348188e+02    1.1928410848e+02   -1.9630997610e-01    4.1995642974e-02    1.9771955486e-01    6.9362612128e+01    2.9726833769e+01    2.9726833769e+01
    2.9671074113e+03    2.8580561274e+03   -5.3955782610e+04    1.1996560579e+02    1.1984484542e+02    1.1957611266e+02   -1.3834864905e-01   -7.9634524781e-02    1.3618447383e-01    6.9362612128e+01    2.9726833769e+01    2.9726833769e+01
    2.9926685249e+03    2.8826777832e+03   -5.3978122106e+04    1.1984723500e+02    1.1934099623e+02    1.1984088386e+02   -3.8325393012e-02    1.8386236982e-02    2.9387884499e-02    6.9362612128e+01    2.9726833769e+01    2.9726833769e+01
    2.9972881312e+03    2.8871276033e+03   -5.3983656528e+04    1.2002646829e+02    1.1928350775e+02    1.1990445469e+02    9.6280724165e-02    1.2804197662e-01   -3.2924438049e-02    6.9362612128e+01    2.9726833769e+01    2.9726833769e+01
    2.9728970482e+03    2.8636329754e+03   -5.3960816252e+04    1.1978842637e+02    1.2004868906e+02    1.2013218325e+02   -6.6041577425e-02   -3.0530328118e-01   -1.8906490308e-02    6.9362612128e+01    2.9726833769e+01    2.9726833769e+01
    2.9993715783e+03    2.8891344766e+03   -5.3987650582e+04    1.2003690879e+02    1.1928497866e+02    1.1979622214e+02    1.1592030704e-01   -2.7666827231e-02    1.6465848288e-01    6.9362612128e+01    2.9726833769e+01    2.9726833769e+01
    2.9994260496e+03    2.8891869458e+03   -5.3987537135e+04    1.1970850029e+02    1.1947712028e+02    1.1964670521e+02    1.3594406098e-01    4.7533333868e-02   -5.3156735842e-02    6.9362612128e+01    2.9726833769e+01    2.9726833769e+01
    2.9961519724e+03    2.8860332021e+03   -5.3983768101e+04    1.1997627172e+02    1.1958394281e+02    1.1977760570e+02   -5.3723603416e-02   -9.1772056365e-02    5.8317635640e-02    6.9362612128e+01    2.9726833769e+01    2.9726833769e+01
    2.9804248490e+03    2.8708841040e+03   -5.3969071568e+04    1.2011479905e+02    1.1978015843e+02    1.1981520261e+02   -1.5987619096e-02    1.3617345369e-01   -1.2791410594e-03    6.9362612128e+01    2.9726833769e+01    2.9726833769e+01
    2.9759405265e+03    2.8665645955e+03   -5.3966438036e+04    1.1960358982e+02    1.1980696371e+02    1.2005196758e+02    1.5651775913e-01   -6.5145406200e-02    5.8338681966e-02    6.9362612128e+01    2.9726833769e+01    2.9726833769e+01
    2.9759405265e+03    2.8665645955e+03   -5.3966438036e+04    1.1960358982e+02    1.1980696371e+02    1.2005196758e+02    1.5651775913e-01   -6.5145406200e-02    5.8338681966e-02    6.9362612128e+01    2.9726833769e+01    2.9726833769e+01
    2.9759405265e+03    2.8665645955e+03   -5.3966438036e+04    1.1960358982e+02    1.1980696371e+02    1.2005196758e+02    1.5651775913e-01   -6.5145406200e-02    5.8338681966e-02    6.9362612128e+01    2.9726833769e+01    2.9726833769e+01
    2.9759405265e+03    2.8665645955e+03   -5.3966438036e+04    1.1960358982e+02    1.1980696371e+02    1.2005196758e+02    1.5651775913e-01   -6.5145406200e-02    5.8338681966e-02    6.9362612128e+01    2.9726833769e+01    2.9726833769e+01
    2.9759405265e+03    2.8665645955e+03   -5.3966438036e+04    1.1960358982e+02    1.1980696371e+02    1.2005196758e+02    1.5651775913e-01   -6.5145406200e-02    5.8338681966e-02    6.9362612128e+01    2.9726833769e+01    2.9726833769e+01
    2.9759405265e+03    2.8665645955e+03   -5.3966438036e+04    1.1960358982e+02    1.1980696371e+02    1.2005196758e+02    1.5651775913e-01   -6.5145406200e-02    5.8338681966e-02    6.9362612128e+01    2.9726833769e+01    2.9726833769e+01
    2.9759405265e+03    2.8665645955e+03   -5.3966438036e+04    1.1960358982e+02    1.1980696371e+02    1.2005196758e+02    1.5651775913e-01   -6.5145406200e-02    5.8338681966e-02    6.9362612128e+01    2.9726833769e+01    2.9726833769e+01
    2.9759405265e+03    2.8665645955e+03   -5.3966438036e+04    1.1960358982e+02    1.1980696371e+02    1.2005196758e+02    1.5651775913e-01   -6.5145406200e-02    5.8338681966e-02    6.9362612128e+01    2.9726833769e+01    2.9726833769e+01
    2.9759405265e+03    2.8665645955e+03   -5.3966438036e+04    1.1960358982e+02    1.1980696371e+02    1.2005196758e+02    1.5651775913e-01   -6.5145406200e-02    5.8338681966e-02    6.9362612128e+01    2.9726833769e+01    2.9726833769e+01
    2.9759405265e+03    2.8665645955e+03   -5.3966438036e+04    1.1960358982e+02    1.1980696371e+02    1.2005196758e+02    1.5651775913e-01   -6.5145406200e-02    5.8338681966e-02    6.9362612128e+01    2.9726833769e+01    2.9726833769e+01
    2.9759405265e+03    2.8665645955e+03   -5.3966438036e+04    1.1960358982e+02    1.1980696371e+02    1.2005196758e+02    1.5651775913e-01   -6.5145406200e-02    5.8338681966e-02    6.9362612128e+01    2.9726833769e+01    2.9726833769e+01
    2.9759405265e+03    2.8665645955e+03   -5.3966438036e+04    1.1960358982e+02    1.1980696371e+02    1.2005196758e+02    1.5651775913e-01   -6.5145406200e-02    5.8338681966e-02    6.9362612128e+01    2.9726833769e+01    2.9726833769e+01
    2.9759405265e+03    2.8665645955e+03   -5.3966438036e+04    1.1960358982e+02    1.1980696371e+02    1.2005196758e+02    1.5651775913e-01   -6.5145406200e-02    5.8338681966e-02    6.9362612128e+01    2.9726833769e+01    2.9726833769e+01
    2.9759405265e+03    2.8665645955e+03   -5.3966438036e+04    1.1960358982e+02    1.1980696371e+02    1.2005196758e+02    1.5651775913e-01   -6.5145406200e-02    5.8338681966e-02    6.9362612128e+01    2.9726833769e+01    2.9726833769e+01
    2.9759405265e+03    2.8665645955e+03   -5.3966438036e+04    1.1960358982e+02    1.1980696371e+02    1.2005196758e+02    1.5651775913e-01   -6.5145406200e-02    5.8338681966e-02    6.9362612128e+01    2.9726833769e+01    2.9726833769e+01
    2.9759405265e+03    2.8665645955e+03   -5.3966438036e+04    1.1960358982e+02    1.1980696371e+02    1.2005196758e+02    1.5651775913e-01   -6.5145406200e-02    5.8338681966e-02    6.9362612128e+01    2.9726833769e+01    2.9726833769e+01
    2.9759405265e+03    2.8665645955e+03   -5.3966438036e+04    1.1960358982e+02    1.1980696371e+02    1.2005196758e+02    1.5651775913e-01   -6.5145406200e-02    5.8338681966e-02    6.9362612128e+01    2.9726833769e+01    2.9726833769e+01
    2.9759405265e+03    2.8665645955e+03   -5.3966438036e+04    1.1960358982e+02    1.1980696371e+02    1.2005196758e+02    1.5651775913e-01   -6.5145406200e-02    5.8338681966e-02    6.9362612128e+01    2.9726833769e+01    2.9726833769e+01
    2.9759405265e+03    2.8665645955e+03   -5.3966438036e+04    1.1960358982e+02    1.1980696371e+02    1.2005196758e+02    1.5651775913e-01   -6.5145406200e-02    5.8338681966e-02    6.9362612128e+01    2.9726833769e+01    2.9726833769e+01
    2.9759405265e+03    2.8665645955e+03   -5.3966438036e+04    1.1960358982e+02    1.1980696371e+02    1.2005196758e+02    1.5651775913e-01   -6.5145406200e-02    5.8338681966e-02    6.9362612128e+01    2.9726833769e+01    2.9726833769e+01
    2.9759405265e+03    2.8665645955e+03   -5.3966438036e+04    1.1960358982e+02    1.1980696371e+02    1.2005196758e+02    1.5651775913e-01   -6.5145406200e-02    5.8338681966e-02    6.9362612128e+01    2.9726833769e+01    2.9726833769e+01
    2.9759405265e+03    2.8665645955e+03   -5.3966438036e+04    1.1960358982e+02    1.1980696371e+02    1.2005196758e+02    1.5651775913e-01   -6.5145406200e-02    5.8338681966e-02    6.9362612128e+01    2.9726833769e+01    2.9726833769e+01
    2.9759405265e+03    2.8665645955e+03   -5.3966438036e+04    1.1960358982e+02    1.1980696371e+02    1.2005196758e+02    1.5651775913e-01   -6.5145406200e-02    5.8338681966e-02    6.9362612128e+01    2.9726833769e+01    2.9726833769e+01
    2.9759405265e+03    2.8665645955e+03   -5.3966438036e+04    1.1960358982e+02    1.1980696371e+02    1.2005196758e+02    1.5651775913e-01   -6.5145406200e-02    5.8338681966e-02    6.9362612128e+01    2.9726833769e+01    2.9726833769e+01
    2.9759405265e+03    2.8665645955e+03   -5.3966438036e+04    1.1960358982e+02    1.1980696371e+02    1.2005196758e+02    1.5651775913e-01   -6.5145406200e-02    5.8338681966e-02    6.9362612128e+01    2.9726833769e+01    2.9726833769e+01
    2.9759405265e+03    2.8665645955e+03   -5.3966438036e+04    1.1960358982e+02    1.1980696371e+02    1.2005196758e+02    1.5651775913e-01   -6.5145406200e-02    5.8338681966e-02    6.9362612128e+01    2.9726833769e+01    2.9726833769e+01
    2.9759405265e+03    2.8665645955e+03   -5.3966438036e+04    1.1960358982e+02    1.1980696371e+02    1.2005196758e+02    1.5651775913e-01   -6.5145406200e-02    5.8338681966e-02    6.9362612128e+01    2.9726833769e+01    2.9726833769e+01
    2.9759405265e+03    2.8665645955e+03   -5.3966438036e+04    1.1960358982e+02    1.1980696371e+02    1.2005196758e+02    1.5651775913e-01   -6.5145406200e-02    5.8338681966e-02    6.9362612128e+01    2.9726833769e+01    2.9726833769e+01
    2.9759405265e+03    2.8665645955e+03   -5.3966438036e+04    1.1960358982e+02    1.1980696371e+02    1.2005196758e+02    1.5651775913e-01   -6.5145406200e-02    5.8338681966e-02    6.9362612128e+01    2.9726833769e+01    2.9726833769e+01
    2.9759405265e+03    2.8665645955e+03   -5.3966438036e+04    1.1960358982e+02    1.1980696371e+02    1.2005196758e+02    1.5651775913e-01   -6.5145406200e-02    5.8338681966e-02    6.9362612128e+01    2.9726833769e+01    2.9726833769e+01
    2.9759405265e+03    2.8665645955e+03   -5.3966438036e+04    1.1960358982e+02    1.1980696371e+02    1.2005196758e+02    1.5651775913e-01   -6.5145406200e-02    5.8338681966e-02    6.9362612128e+01    2.9726833769e+01    2.9726833769e+01
