-6.97918 -6.98082
-7.01671 -7.01699
-6.97956 -6.98489
-6.92998 -6.92794
-6.94233 -6.94449
-6.97593 -6.97654
-6.97145 -6.97265
-6.98055 -6.98382
-6.96514 -6.96055
-6.96533 -6.96837
-6.94463 -6.94341
-6.91699 -6.91854
-6.97612 -6.97905
-6.9699 -6.97566
-6.96602 -6.97014
-6.95362 -6.95664
-6.99338 -6.99792
-6.88767 -6.89504
-6.94709 -6.94888
-6.96034 -6.96433
-6.93593 -6.94411
-6.97636 -6.97961
-6.95384 -6.96077
-6.93832 -6.93851
-6.97051 -6.97275
-6.95099 -6.95796
-6.94691 -6.9534
-6.97993 -6.97996
-6.92934 -6.93124
-6.96712 -6.97499
-6.8926 -6.89547
-6.92456 -6.93477
-6.91261 -6.91391
-6.87737 -6.88408
-6.91218 -6.91156
-6.9588 -6.95935
-6.97792 -6.98592
-6.93513 -6.93471
-6.88552 -6.88362
-6.92471 -6.92597
-6.94919 -6.94808
-6.89583 -6.8953
-6.89621 -6.89685
-6.88412 -6.87988
-6.88132 -6.88602
-6.90478 -6.90627
-6.83439 -6.84335
-6.87242 -6.87039
-6.90207 -6.89923
-6.95296 -6.95301
-6.34512 -6.34651
-6.25539 -6.26654
-6.30296 -6.30501
-6.32989 -6.33435
-6.31846 -6.32405
-6.26319 -6.26785
-6.28361 -6.28862
-6.30693 -6.30558
-6.32182 -6.32796
-6.25368 -6.25747
-6.83268 -6.83839
-6.86066 -6.8615
-6.8759 -6.88168
-6.85757 -6.85958
-6.85372 -6.8559
-6.8842 -6.89787
-6.87922 -6.88531
-6.79056 -6.79039
-6.90143 -6.90839
-6.89123 -6.89633
-6.5735 -6.5726
-6.56696 -6.57061
-6.62964 -6.63364
-6.57947 -6.57645
-6.58351 -6.58815
-6.59256 -6.58863
-6.60929 -6.60882
-6.58499 -6.58346
-6.57912 -6.58026
-6.55267 -6.55572
