8.3391 8.51272 8.01333 1.31614 -1.74784 -0.609224 8.02264 8.38623 7.59982 1.41523 -1.83215 -0.453296
6.96589 5.88198 3.68589 1.40736 0.691542 -2.19897 6.67983 5.84052 3.69525 1.27951 0.471663 -2.12865
4.03164 8.79773 6.88032 0.470373 0.234892 -0.794118 3.87072 8.58313 6.85752 0.317206 0.161504 -0.685021
3.96381 7.61975 4.90297 0.632851 -0.70612 1.89826 3.54481 7.39408 4.69573 0.414982 -0.624276 1.97374
2.23703 3.83355 3.22059 0.46649 1.39832 1.84592 1.84673 3.72354 3.29845 0.183299 1.36723 1.80058
6.33371 9.58469 3.08531 0.0652539 2.95026 -0.308121 6.17164 9.26619 3.17203 0.102087 3.11263 -0.268444
3.32532 6.53185 4.84479 -0.0508982 -0.212898 4.85212 2.91089 6.52147 5.01308 -0.0777034 0.0614283 4.75386
5.56056 5.11997 6.5225 0.982851 -1.59243 2.04304 5.74839 4.90542 6.58121 1.19677 -2.00373 1.88254
4.6814 5.85934 7.81882 0.385721 1.48796 0.60561 4.60231 5.48024 7.95993 0.307013 1.31468 0.53127
6.51046 3.75654 6.33437 0.906178 1.46257 1.38503 6.22955 3.92438 6.49156 0.980373 1.36799 1.17215
2.83483 0.202877 0.983715 -1.90443 -0.845366 0.657326 2.68086 -0.0839717 0.706777 -1.88574 -0.92021 0.666922
0.741151 1.63132 1.94779 0.63858 -0.840921 0.290721 0.511548 1.48624 1.94547 0.860406 -0.843012 0.359135
-1.67081 -3.46753 0.613691 0.158387 0.906359 0.343689 -1.93563 -3.16058 0.520316 0.0472288 1.10373 0.335472
0.615841 0.396279 1.68288 -0.909632 0.557189 -0.952888 0.392041 0.422862 1.54875 -0.988631 0.720551 -0.997539
1.27714 2.52196 0.424815 0.11898 -0.795272 0.499697 1.21259 2.40584 0.28423 0.0756354 -0.8146 0.500494
0.129414 0.0569005 -0.37285 -1.29681 1.21037 0.508962 0.0879865 -0.176372 -0.303799 -1.2397 1.20927 0.362045
0.103752 -1.01634 0.0818355 -0.963042 -1.38456 -2.31111 -0.190104 -0.80339 0.0254343 -0.949765 -1.31336 -2.32589
2.26093 1.43167 1.88123 0.466177 -0.117936 -0.619353 2.37411 1.19653 1.73253 0.336759 -0.202364 -0.480675
1.33734 -0.423788 -0.79175 1.60033 0.884632 -0.333049 1.32482 -0.446465 -0.788092 1.55244 0.770919 -0.0351809
2.2624 1.3064 -0.0191051 -0.182369 0.115203 0.829636 1.95039 1.00876 -0.121084 -0.234531 -0.0295324 0.752315
-0.70146 -3.11463 -1.18985 -0.554979 0.619774 -1.54892 -0.524542 -3.21799 -1.0364 -0.602614 0.711378 -1.53696
-4.1667 2.70692 3.43744 -0.675567 -3.93322 0.15454 -4.06903 2.40603 3.18178 -0.714404 -3.98486 0.157714
-1.40285 -3.4183 0.89437 0.407405 0.515141 -0.186015 -0.904713 -3.39084 0.908821 0.506356 0.708401 -0.115265
-2.65098 -3.15036 -0.996936 -1.18628 0.760042 -1.15271 -2.43835 -3.05635 -1.02819 -1.30328 0.82473 -1.11546
-0.561712 -1.88185 -1.23608 -0.129279 0.410849 0.950349 -0.516299 -1.78145 -1.56421 -0.196144 0.688665 0.988006
0.245734 -3.34725 1.3666 0.585573 1.0781 -0.575868 0.410946 -3.09678 1.39545 0.776601 1.12084 -0.567043
-0.305169 -0.435911 -4.7063 -0.729485 -0.751205 1.57961 -0.178833 -0.659145 -4.82361 -0.789513 -0.484995 1.64322
-0.36491 -0.116454 0.46093 -1.12651 1.35976 2.05083 -0.484139 -0.48682 0.333125 -0.984474 1.32775 2.16742
-2.46069 1.58062 -4.69626 -0.972425 -0.652117 -0.504536 -2.74436 1.77108 -4.49529 -0.967503 -0.454973 -0.387507
0.0423015 -0.593908 -4.5867 1.06993 0.350664 -0.0847694 0.211499 -0.762901 -4.49144 1.22526 0.42522 0.0406824
-3.08741 -1.25352 -2.37401 -0.366459 -0.203903 0.623606 -3.29717 -1.19784 -2.44829 -0.342273 -0.323094 0.556726
-4.0449 -5.48569 -3.33227 1.10073 -0.264334 0.203318 -4.08845 -5.23993 -2.82644 0.986839 -0.179072 0.0560459
-1.09443 -3.78775 -0.40432 1.36418 0.216619 0.73123 -0.960081 -4.06819 -0.218131 1.31889 0.29311 0.791951
-3.00722 -4.33362 -1.3716 0.5565 -0.90988 -0.537696 -2.92511 -4.08134 -1.1974 0.479177 -0.886896 -0.573157
-4.85417 -3.9356 -4.80699 -0.0651118 1.38865 0.174867 -4.78222 -4.13496 -4.82932 -0.206373 1.39864 0.220948
-5.90664 -3.65215 -0.106321 0.809299 2.68081 -0.969256 -5.74268 -3.76568 -0.239881 0.801606 2.58193 -0.999229
-1.98335 -1.53354 -1.98515 0.210796 -0.487496 -0.570375 -1.72221 -1.35384 -2.07075 0.221214 -0.608695 -0.51624
-3.27101 -2.7376 -0.733308 0.893432 0.94309 0.620907 -3.24019 -2.68265 -0.933985 0.941898 1.04732 0.516137
1.02787 -1.83367 -2.31609 -1.03344 -0.296788 -1.62442 1.01087 -1.83795 -2.58093 -0.833505 -0.358363 -1.67946
-0.39007 0.276568 1.74259 0.013063 -0.0138598 0.23572 -0.584051 -0.0860794 1.57908 0.209518 0.170853 0.434852
11.628 11.6399 10.0284 2.75563 -1.50798 0.939662 11.5514 11.3992 9.6943 2.58137 -1.31423 1.01653
12.8065 10.2852 8.2731 0.627422 -0.364686 -0.198172 13.2464 10.5513 8.066 0.357163 -0.351848 -0.319022
20.653 13.6139 15.7618 1.96027 1.2089 -1.54221 20.3183 13.6843 15.6905 1.69103 1.06968 -1.72362
15.3271 16.2127 12.0179 -0.372934 -2.23906 -0.941644 15.2995 16.1855 12.2233 -0.632485 -2.62766 -0.86564
17.1688 12.3618 16.9778 -1.12334 1.46989 0.223395 17.4337 12.0955 16.811 -1.26082 1.18519 0.39649
11.2101 10.8013 14.2287 0.457198 0.699576 0.0208547 10.9516 10.8053 14.3387 0.412702 0.59301 0.0105284
8.90145 11.816 13.7983 0.143444 1.70061 -2.23398 9.00398 11.6928 14.0385 0.0698925 1.57384 -2.16543
11.0047 14.3351 14.2951 -2.33206 -0.862958 3.77141 11.1346 13.5725 14.1797 -2.16179 -0.770308 3.34685
11.4486 16.0997 12.7897 0.521057 -1.67051 3.17258 11.3 15.883 12.1055 0.486029 -1.49834 3.27878
13.3052 11.5232 11.1495 -0.732333 1.29425 -3.88609 12.9612 11.2304 10.8749 -0.89701 1.28617 -3.90194
82.4598 76.0167 78.1158 3.73305 2.68645 -2.54689 81.7898 76.1505 77.8249 3.74456 2.50999 -2.30774
81.6578 73.4751 84.281 0.403658 4.67067 0.983435 81.1314 73.0538 83.3418 0.0579817 4.6437 0.764686
83.8792 80.9226 78.9268 0.841416 2.22709 1.4483 83.8463 80.6755 79.3271 1.10813 2.04 1.83707
79.4495 82.8528 78.1395 -4.90131 3.43244 3.40498 78.7115 82.1968 78.4583 -4.79421 3.14766 3.7245
78.5107 81.1522 75.5287 5.30323 5.56865 -0.0285826 78.2542 80.8423 74.9695 5.53693 5.32489 0.726422
86.9128 75.9593 79.4535 -1.86769 5.79237 -3.28425 86.4165 76.1904 79.2118 -1.78441 5.67996 -3.10879
83.4996 81.3377 80.9592 -2.85227 11.6946 -2.65064 83.3708 80.8744 81.2671 -3.3271 11.6559 -1.60841
78.8762 79.5576 86.6853 4.01459 1.52097 0.884555 78.0076 78.8293 85.3252 3.99538 1.42055 1.09076
83.6389 73.567 82.7877 3.14211 4.6783 0.949571 83.3946 73.6668 82.4573 3.00784 4.70015 1.16549
85.1401 75.4441 83.7961 3.32677 6.83615 -0.158029 83.8176 75.7727 83.1392 3.10761 6.62895 0.868201
17.4317 19.4664 14.8152 1.96558 1.5016 2.36924 17.4436 19.6187 14.6313 2.10198 1.68316 2.50862
16.1263 12.45 17.3598 -1.14037 1.10791 0.489729 16.2875 12.624 17.9991 -1.24822 0.831909 0.726123
19.8143 17.8586 20.1401 1.70123 -1.07668 0.940938 19.9567 17.9733 20.4733 1.89257 -0.689116 1.10612
21.8239 20.7746 20.3517 3.20815 3.11573 1.96008 21.5864 20.6889 20.5142 3.31239 3.15761 1.71283
23.6944 15.8836 19.2981 4.48034 6.11726 -1.08301 23.9524 16.0114 19.0132 4.50718 6.16417 -1.1182
10.1508 12.9331 11.5731 1.72452 -0.273421 -1.50632 9.97992 12.5216 11.4037 1.71083 -0.152654 -1.88746
14.8782 12.515 15.2766 0.582516 1.17199 3.08505 14.9707 12.338 15.3249 0.542494 1.22151 2.91454
31.1209 29.4341 27.3364 -2.84312 1.49517 -0.480559 30.9096 29.082 26.7484 -2.80924 1.70862 -0.290714
16.3697 14.6198 13.5433 0.236978 0.340781 -1.18404 16.4674 14.5363 13.4398 0.214105 0.414762 -1.08727
14.2359 13.4982 15.1857 1.34845 -0.868279 1.91916 14.4301 13.3698 15.3762 1.67649 -0.757162 1.9061
49.6037 50.5999 48.9091 -0.786425 1.54538 0.417799 49.9251 49.9707 48.5776 -1.26672 1.52153 0.383661
51.5264 47.8739 54.6171 -5.38137 -2.6698 1.40204 52.167 47.8076 54.9545 -5.4887 -3.035 1.69127
51.5229 48.1269 53.7668 0.512084 -2.10327 -0.795101 51.7436 47.9744 54.1035 0.438646 -2.09516 -0.722901
56.4604 48.2768 52.1104 -3.40625 -2.56921 3.09987 56.0066 47.8561 51.7957 -3.73804 -2.14084 3.48667
44.7143 46.5067 53.9623 -3.25462 -0.28138 6.17295 44.6458 46.0292 53.8278 -3.47257 -0.33379 5.78159
54.4026 49.6571 51.3667 -1.11451 -5.67065 5.86615 54.2525 49.3951 51.4266 -1.07614 -5.92787 5.82062
52.4498 49.889 48.5768 0.738709 1.3362 1.12416 52.0559 49.9866 47.8792 1.03285 1.59057 1.6321
48.007 52.993 57.8687 -0.138718 0.0481079 4.1089 47.6067 53.3462 57.644 -0.161541 -0.276579 4.2916
49.7 47.7625 52.7806 -2.18111 3.29605 3.94244 49.8043 47.6042 52.7514 -2.15556 3.21453 3.79672
51.7956 50.1432 54.9634 0.89645 -2.88952 2.09924 51.2923 49.8876 54.4664 0.767153 -3.16687 2.29571
