0.681965 0.696163 0.655323 0.107633 -0.142937 -0.0498218 0.656085 0.685819 0.621507 0.115736 -0.149832 -0.0370701
0.569664 0.481023 0.301429 0.115092 0.0565537 -0.17983 0.546271 0.477633 0.302195 0.104638 0.0385722 -0.174079
0.329704 0.719472 0.562667 0.0384667 0.0192093 -0.0649423 0.316544 0.701921 0.560802 0.0259408 0.0132077 -0.0560204
0.324157 0.623137 0.400961 0.051754 -0.0577459 0.155238 0.289892 0.604681 0.384013 0.0339369 -0.0510527 0.161411
0.182942 0.313505 0.263377 0.0381491 0.114353 0.150958 0.151024 0.304508 0.269745 0.0149901 0.111811 0.14725
0.517965 0.783828 0.252314 0.00533641 0.24127 -0.0251979 0.504711 0.757782 0.259406 0.00834859 0.254548 -0.0219531
0.271942 0.534169 0.396203 -0.00416242 -0.0174107 0.396802 0.23805 0.533321 0.409966 -0.00635452 0.00502356 0.388767
0.454738 0.418707 0.533405 0.0803767 -0.130228 0.167078 0.470098 0.401161 0.538206 0.0978707 -0.163863 0.153952
0.382841 0.479172 0.639417 0.031544 0.121684 0.0495263 0.376373 0.44817 0.650957 0.0251073 0.107513 0.0434468
0.53242 0.307206 0.518019 0.0741065 0.119608 0.113267 0.509448 0.320933 0.530874 0.0801741 0.111873 0.0958574
0.257589 0.0184346 0.089386 -0.173048 -0.0768148 0.0597284 0.243599 -0.00763015 0.0642219 -0.17135 -0.0836156 0.0606004
0.0673453 0.148231 0.176988 0.0580251 -0.0764109 0.0264166 0.0464822 0.135048 0.176777 0.0781814 -0.076601 0.032633
-0.151819 -0.315079 0.0557635 0.0143919 0.082357 0.0312296 -0.175883 -0.287188 0.0472789 0.00429148 0.100291 0.0304829
0.0559588 0.0360082 0.152916 -0.0826544 0.0506294 -0.0865849 0.0356231 0.0384237 0.140728 -0.0898327 0.0654734 -0.0906421
0.116049 0.22916 0.0386011 0.0108112 -0.072263 0.0454053 0.110183 0.218608 0.0258268 0.00687267 -0.0740193 0.0454778
0.0117593 0.00517031 -0.0338793 -0.117835 0.109982 0.0462472 0.00799496 -0.0160261 -0.027605 -0.112646 0.109881 0.0328975
0.00942747 -0.0923506 0.00743604 -0.0875076 -0.125809 -0.21 -0.0172739 -0.0730007 0.00231111 -0.0863011 -0.119339 -0.211344
0.205441 0.13009 0.170939 0.0423595 -0.0107163 -0.056278 0.215725 0.108724 0.157427 0.0305999 -0.0183879 -0.0436769
0.121518 -0.0385078 -0.0719429 0.145415 0.0803827 -0.0302627 0.120381 -0.0405684 -0.0716106 0.141064 0.0700502 -0.00319674
0.205574 0.118707 -0.001736 -0.0165711 0.010468 0.0753855 0.177223 0.091662 -0.0110024 -0.0213108 -0.00268348 0.0683597
-0.0701126 -0.311314 -0.118929 -0.0554714 0.0619479 -0.154818 -0.0524292 -0.321645 -0.10359 -0.0602327 0.0711038 -0.153623
-0.416471 0.270563 0.343581 -0.0675245 -0.393135 0.0154467 -0.406709 0.240489 0.318027 -0.0714064 -0.398296 0.0157639
-0.140219 -0.341668 0.0893944 0.0407211 0.0514896 -0.0185926 -0.0904282 -0.338922 0.0908388 0.0506115 0.0708064 -0.011521
-0.264972 -0.314886 -0.0996461 -0.118571 0.075968 -0.115216 -0.243719 -0.305489 -0.10277 -0.130266 0.0824336 -0.111493
-0.0561444 -0.188095 -0.123549 -0.0129217 0.0410653 0.0949896 -0.0516053 -0.17806 -0.156346 -0.019605 0.0688337 0.0987535
0.0245617 -0.334565 0.136595 0.0585294 0.107759 -0.0575593 0.041075 -0.30953 0.139479 0.077623 0.112031 -0.0566773
-0.0305023 -0.0435704 -0.470405 -0.0729138 -0.0750847 0.157886 -0.0178747 -0.065883 -0.482131 -0.0789137 -0.0484764 0.164243
-0.0364736 -0.0116398 0.046071 -0.112598 0.135912 0.204985 -0.0483908 -0.0486587 0.0332966 -0.0984004 0.132712 0.216638
-0.245951 0.157986 -0.469402 -0.0971962 -0.0651806 -0.0504295 -0.274306 0.177024 -0.449315 -0.0967041 -0.0454756 -0.0387322
0.00422814 -0.0593625 -0.458452 0.106942 0.0350497 -0.0084729 0.0211398 -0.0762537 -0.44893 0.122467 0.0425017 0.0040663
-0.336648 -0.136683 -0.25886 -0.0399583 -0.0222333 0.0679973 -0.35952 -0.130611 -0.266959 -0.037321 -0.0352299 0.0607048
-0.441051 -0.598154 -0.363347 0.120023 -0.0288227 0.0221696 -0.4458 -0.571356 -0.308192 0.107604 -0.0195258 0.00611119
-0.119335 -0.413012 -0.0440866 0.148749 0.0236199 0.0797325 -0.104686 -0.443591 -0.0237847 0.143811 0.0319604 0.0863535
-0.327904 -0.472533 -0.149557 0.0606802 -0.0992123 -0.0586298 -0.318951 -0.445025 -0.130563 0.0522489 -0.0967062 -0.0624964
-0.529293 -0.429134 -0.524149 -0.00709972 0.151417 0.0190673 -0.521448 -0.450872 -0.526584 -0.0225027 0.152506 0.0240919
-0.644053 -0.398227 -0.0115931 0.088245 0.292313 -0.105687 -0.626176 -0.410605 -0.0261564 0.0874062 0.281531 -0.108955
-0.216262 -0.167216 -0.216458 0.022985 -0.0531561 -0.0621931 -0.187787 -0.147621 -0.225792 0.0241209 -0.0663715 -0.0562902
-0.356667 -0.298505 -0.0799591 0.0974188 0.102833 0.067703 -0.353307 -0.292514 -0.101841 0.102703 0.114199 0.056279
0.112078 -0.199942 -0.252544 -0.112686 -0.0323615 -0.177125 0.110224 -0.200408 -0.281422 -0.0908845 -0.0390756 -0.183127
-0.0425328 0.0301567 0.19001 0.00142437 -0.00151126 0.0257026 -0.0636843 -0.009386 0.172181 0.0228456 0.0186296 0.0474158
0.845266 0.846134 0.728991 0.200314 -0.109619 0.0683065 0.839699 0.828634 0.704704 0.187646 -0.0955345 0.0738943
0.930935 0.747655 0.601393 0.0456089 -0.0265099 -0.0144056 0.962913 0.767001 0.586338 0.0259631 -0.0255767 -0.0231905
1.50132 0.98963 1.14577 0.142497 0.0878778 -0.112107 1.47699 0.994746 1.14058 0.122925 0.0777577 -0.125295
1.11417 1.17854 0.873612 -0.0271096 -0.162763 -0.0684506 1.11216 1.17656 0.888543 -0.045977 -0.191012 -0.0629256
1.24804 0.898614 1.23416 -0.0816581 0.10685 0.0162391 1.2673 0.879255 1.22203 -0.0916524 0.0861545 0.0288219
0.814889 0.785175 1.03432 0.0332349 0.050854 0.00151598 0.796099 0.785467 1.04232 0.0300004 0.0431074 0.000765333
0.647069 0.858937 1.00303 0.0104273 0.123622 -0.162394 0.654522 0.849977 1.0205 0.00508067 0.114406 -0.157411
0.799963 1.04206 1.03915 -0.169524 -0.0627306 0.274154 0.809405 0.986621 1.03076 -0.157146 -0.0559957 0.243291
0.832229 1.17033 0.92972 0.037877 -0.121434 0.230623 0.821424 1.15458 0.879984 0.0353307 -0.108918 0.238343
0.967188 0.837649 0.810484 -0.0532352 0.0940823 -0.28249 0.942181 0.816367 0.790524 -0.065206 0.0934951 -0.283642
4.12103 3.79902 3.90393 0.186564 0.134258 -0.127284 4.08754 3.80571 3.88939 0.187139 0.12544 -0.115332
4.08094 3.672 4.21204 0.0201733 0.233422 0.0491483 4.05464 3.65095 4.1651 0.0028977 0.232074 0.0382161
4.19196 4.0442 3.94446 0.0420507 0.111301 0.0723805 4.19032 4.03185 3.96446 0.0553801 0.101951 0.0918096
3.97058 4.14066 3.90511 -0.244949 0.17154 0.170168 3.9337 4.10788 3.92105 -0.239596 0.157308 0.186136
3.92366 4.05568 3.77464 0.265035 0.2783 -0.00142845 3.91084 4.04019 3.74669 0.276714 0.266118 0.0363038
4.34357 3.79615 3.97078 -0.0933402 0.289481 -0.164134 4.31876 3.8077 3.9587 -0.0891778 0.283863 -0.155366
4.17299 4.06495 4.04603 -0.142545 0.584451 -0.132469 4.16655 4.04179 4.06142 -0.166276 0.582517 -0.080382
3.94193 3.97599 4.3322 0.200634 0.0760121 0.0442067 3.89852 3.93958 4.26422 0.199674 0.0709939 0.054512
4.17995 3.6766 4.13741 0.15703 0.233804 0.0474559 4.16774 3.68159 4.1209 0.15032 0.234895 0.058247
4.25497 3.77041 4.18781 0.166259 0.341645 -0.0078977 4.18888 3.78683 4.15498 0.155306 0.33129 0.0433893
1.10876 1.23818 0.942335 0.125023 0.0955108 0.150698 1.10952 1.24787 0.93064 0.133698 0.107059 0.159563
1.02573 0.791898 1.10418 -0.0725343 0.0704696 0.0311497 1.03598 0.802965 1.14485 -0.0793944 0.0529144 0.0461858
1.26031 1.13591 1.28103 0.108208 -0.0684832 0.0598493 1.26937 1.14321 1.30222 0.120379 -0.0438319 0.0703556
1.38813 1.32139 1.29449 0.204058 0.198179 0.124673 1.37303 1.31594 1.30483 0.210688 0.200843 0.108946
1.50711 1.01029 1.22748 0.284977 0.389095 -0.0688862 1.52352 1.01842 1.20935 0.286684 0.392079 -0.0711241
0.645653 0.822621 0.736119 0.10969 -0.0173912 -0.0958109 0.634783 0.796448 0.725341 0.108819 -0.0097097 -0.120054
0.946341 0.796026 0.971681 0.0370515 0.0745453 0.196228 0.952225 0.784769 0.974753 0.0345059 0.0776952 0.185382
1.97948 1.87219 1.73876 -0.180839 0.0951021 -0.0305665 1.96604 1.84979 1.70136 -0.178685 0.108678 -0.0184912
1.04121 0.929908 0.861435 0.0150732 0.0216757 -0.075312 1.04742 0.924595 0.854853 0.0136184 0.0263813 -0.069157
0.90549 0.858564 0.965902 0.0857693 -0.0552278 0.12207 0.917841 0.8504 0.978021 0.106635 -0.0481601 0.12124
2.70437 2.75868 2.6665 -0.0428755 0.0842534 0.0227782 2.72189 2.72437 2.64842 -0.069061 0.082953 0.020917
2.80919 2.61006 2.97769 -0.293389 -0.145556 0.0764384 2.84412 2.60644 2.99609 -0.299241 -0.165467 0.0922069
2.809 2.62385 2.93134 0.0279186 -0.114669 -0.0433485 2.82103 2.61554 2.9497 0.0239147 -0.114227 -0.0394121
3.07819 2.63203 2.84103 -0.185707 -0.140072 0.169003 3.05345 2.60909 2.82387 -0.203796 -0.116717 0.190091
2.4378 2.53552 2.942 -0.17744 -0.0153407 0.336546 2.43407 2.50949 2.93466 -0.189323 -0.0181981 0.315209
2.966 2.70728 2.80049 -0.0607624 -0.309161 0.319819 2.95782 2.693 2.80375 -0.0586707 -0.323184 0.317337
2.85954 2.71992 2.64838 0.040274 0.0728489 0.0612888 2.83806 2.72524 2.61035 0.0563106 0.086717 0.0889814
2.61731 2.88915 3.15497 -0.00756284 0.00262282 0.224015 2.59549 2.9084 3.14272 -0.00880711 -0.015079 0.233976
2.70962 2.60398 2.87757 -0.118913 0.179699 0.214939 2.71531 2.59536 2.87598 -0.11752 0.175254 0.206995
2.82387 2.73378 2.99657 0.048874 -0.157535 0.11445 2.79643 2.71985 2.96948 0.0418247 -0.172656 0.125161
