    2.0134028731e+03    1.9394034730e+03   -5.4962305030e+04    1.1344751555e+02    1.1335708364e+02    1.1292089614e+02   -1.4313393045e-01    1.6602356401e-01    2.5130434334e-02    6.9362612128e+01    2.9726833769e+01    2.9726833769e+01
    2.0012539175e+03    1.9277010328e+03   -5.4937588011e+04    1.1362159847e+02    1.1326295075e+02    1.1331736026e+02    3.2591903756e-02    4.0624271272e-02    1.7228288478e-01    6.9362612128e+01    2.9726833769e+01    2.9726833769e+01
    1.9960227143e+03    1.9226620941e+03   -5.4933767625e+04    1.1344257832e+02    1.1337504131e+02    1.1341111832e+02    2.5977662770e-02   -8.6064027230e-02   -5.2066998037e-02    6.9362612128e+01    2.9726833769e+01    2.9726833769e+01
    1.9927802369e+03    1.9195387889e+03   -5.4930053611e+04    1.1350388882e+02    1.1338271514e+02    1.1313306332e+02    5.6658602707e-02   -1.5216105829e-01   -1.7303344970e-01    6.9362612128e+01    2.9726833769e+01    2.9726833769e+01
    1.9696388690e+03    1.8972479449e+03   -5.4908422949e+04    1.1341606846e+02    1.1356754082e+02    1.1348232628e+02   -1.4298287035e-01   -6.0585592684e-02   -1.8712883710e-02    6.9362612128e+01    2.9726833769e+01    2.9726833769e+01
    2.0168369493e+03    1.9427113352e+03   -5.4952185579e+04    1.1348343175e+02    1.1305252166e+02    1.1326687345e+02    9.7939979267e-02   -4.6634053316e-02   -2.7053134284e-02    6.9362612128e+01    2.9726833769e+01    2.9726833769e+01
    2.0016202580e+03    1.9280539090e+03   -5.4940274844e+04    1.1346760699e+02    1.1334313408e+02    1.1323014264e+02    9.4383498221e-02   -8.3660804917e-02   -1.3336634775e-01    6.9362612128e+01    2.9726833769e+01    2.9726833769e+01
    1.9958286891e+03    1.9224752000e+03   -5.4933605870e+04    1.1331910505e+02    1.1332713572e+02    1.1328189973e+02   -8.9152851529e-02    8.8422568775e-02   -1.3600769673e-01    6.9362612128e+01    2.9726833769e+01    2.9726833769e+01
    1.9825836050e+03    1.9097169178e+03   -5.4919881020e+04    1.1364097286e+02    1.1343577862e+02    1.1335261983e+02    5.2786428998e-02    9.1592410171e-02    2.4596444020e-02    6.9362612128e+01    2.9726833769e+01    2.9726833769e+01
    2.0035652119e+03    1.9299273794e+03   -5.4940519824e+04    1.1374895578e+02    1.1295271416e+02    1.1345593107e+02   -1.0722690382e-01    1.5450637108e-01   -4.2522372661e-02    6.9362612128e+01    2.9726833769e+01    2.9726833769e+01
    2.0166399620e+03    1.9425215880e+03   -5.4952298595e+04    1.1350582644e+02    1.1316873819e+02    1.1340350343e+02   -1.3637603724e-01   -2.6893339611e-02   -4.0334053300e-02    6.9362612128e+01    2.9726833769e+01    2.9726833769e+01
    1.9875449394e+03    1.9144959063e+03   -5.4927701879e+04    1.1337455965e+02    1.1339944287e+02    1.1352869240e+02    1.7007224364e-01   -1.6816213350e-01   -8.7799096834e-02    6.9362612128e+01    2.9726833769e+01    2.9726833769e+01
    2.0106132323e+03    1.9367163610e+03   -5.4946393726e+04    1.1338777709e+02    1.1332040376e+02    1.1323535418e+02   -6.7581619741e-02    1.1153292358e-01    8.1484255793e-02    6.9362612128e+01    2.9726833769e+01    2.9726833769e+01
    1.9959699589e+03    1.9226112776e+03   -5.4933292339e+04    1.1380638025e+02    1.1322490488e+02    1.1332201993e+02    2.8394564265e-02   -4.4099703622e-02   -7.7847356482e-02    6.9362612128e+01    2.9726833769e+01    2.9726833769e+01
    2.0088210518e+03    1.9349900493e+03   -5.4946204309e+04    1.1337867566e+02    1.1310248604e+02    1.1338976816e+02    6.1588508567e-02   -1.7188890630e-01   -1.0825582709e-01    6.9362612128e+01    2.9726833769e+01    2.9726833769e+01
    1.9947817822e+03    1.9214667705e+03   -5.4931183719e+04    1.1373584051e+02    1.1311204094e+02    1.1360151055e+02   -6.3837680064e-02    3.7924919774e-02   -1.9563066376e-01    6.9362612128e+01    2.9726833769e+01    2.9726833769e+01
    2.0108818054e+03    1.9369750632e+03   -5.4945572221e+04    1.1335194951e+02    1.1350752481e+02    1.1322437674e+02   -8.5039668906e-02   -2.2058806698e-02    1.0236818078e-01    6.9362612128e+01    2.9726833769e+01    2.9726833769e+01
    1.9866925215e+03    1.9136748177e+03   -5.4924989449e+04    1.1366883884e+02    1.1328555306e+02    1.1330077192e+02   -1.3709231214e-01    6.9869177941e-02   -5.0432222670e-03    6.9362612128e+01    2.9726833769e+01    2.9726833769e+01
    1.9841973857e+03    1.9112713866e+03   -5.4921506838e+04    1.1340213369e+02    1.1336785826e+02    1.1344229799e+02   -8.4509588598e-02   -1.3733787290e-02   -8.6639341332e-02    6.9362612128e+01    2.9726833769e+01    2.9726833769e+01
    2.0007868061e+03    1.9272510894e+03   -5.4938198508e+04    1.1333080238e+02    1.1336425880e+02    1.1344728154e+02    1.1682419994e-01    2.6012027956e-01   -4.2410759114e-02    6.9362612128e+01    2.9726833769e+01    2.9726833769e+01
    1.9781800784e+03    1.9054752358e+03   -5.4915556684e+04    1.1376146200e+02    1.1329339126e+02    1.1319332050e+02   -5.9538323112e-02   -2.0396656247e-01   -1.3728897888e-02    6.9362612128e+01    2.9726833769e+01    2.9726833769e+01
    2.0162807143e+03    1.9421755438e+03   -5.4954315309e+04    1.1349717826e+02    1.1316670891e+02    1.1323398848e+02   -2.8421961962e-02    1.0254472476e-01   -1.9878490203e-01    6.9362612128e+01    2.9726833769e+01    2.9726833769e+01
    2.0182875159e+03    1.9441085886e+03   -5.4953675747e+04    1.1362377849e+02    1.1274855260e+02    1.1322740309e+02    5.9205229232e-02   -6.4889417697e-02    5.8835121049e-02    6.9362612128e+01    2.9726833769e+01    2.9726833769e+01
    2.0128199264e+03    1.9388419516e+03   -5.4949751340e+04    1.1338258310e+02    1.1301099176e+02    1.1333135264e+02   -1.4215550266e-01    1.0319220790e-01    1.7424148061e-02    6.9362612128e+01    2.9726833769e+01    2.9726833769e+01
    1.9926805698e+03    1.9194427849e+03   -5.4930789608e+04    1.1339939222e+02    1.1369925045e+02    1.1304898997e+02   -6.3563922124e-02    1.1432326070e-01   -9.5095512761e-02    6.9362612128e+01    2.9726833769e+01    2.9726833769e+01
    2.0115009911e+03    1.9375714917e+03   -5.4948525540e+04    1.1355851688e+02    1.1308840712e+02    1.1325501967e+02    2.4917234726e-02   -1.3951954257e-01    8.5350606542e-02    6.9362612128e+01    2.9726833769e+01    2.9726833769e+01
    2.0107867873e+03    1.9368835373e+03   -5.4946788383e+04    1.1309400916e+02    1.1328509423e+02    1.1329073429e+02    8.2483124731e-02    1.8915526416e-01   -1.1811582155e-01    6.9362612128e+01    2.9726833769e+01    2.9726833769e+01
    1.9901644929e+03    1.9170191823e+03   -5.4928580585e+04    1.1370767426e+02    1.1325758505e+02    1.1317485697e+02   -2.2827689278e-01    1.0411137282e-01    2.0680248306e-02    6.9362612128e+01    2.9726833769e+01    2.9726833769e+01
    1.9932814618e+03    1.9200215920e+03   -5.4931696428e+04    1.1381861423e+02    1.1316675582e+02    1.1314394823e+02    4.4604392273e-02    7.3188387177e-02    6.3439119463e-02    6.9362612128e+01    2.9726833769e+01    2.9726833769e+01
    1.9977672340e+03    1.9243424968e+03   -5.4935418384e+04    1.1351309269e+02    1.1329586549e+02    1.1304238331e+02    8.1799834306e-02    3.5079218741e-02    1.9200841812e-01    6.9362612128e+01    2.9726833769e+01    2.9726833769e+01
    2.0207241023e+03    1.9464556222e+03   -5.4957811229e+04    1.1355225611e+02    1.1306163138e+02    1.1324531519e+02   -1.0964175276e-01   -7.6953073804e-02   -5.4841237192e-02    6.9362612128e+01    2.9726833769e+01    2.9726833769e+01
    2.0245404040e+03    1.9501316618e+03   -5.4962675908e+04    1.1365801075e+02    1.1309425202e+02    1.1288064270e+02   -1.1514730550e-02   -1.1502587419e-01    2.2164323043e-01    6.9362612128e+01    2.9726833769e+01    2.9726833769e+01
    2.0116258194e+03    1.9376917321e+03   -5.4948313657e+04    1.1325061306e+02    1.1324588955e+02    1.1338371992e+02   -7.1134824759e-02   -6.2458718835e-02   -8.3523980854e-02    6.9362612128e+01    2.9726833769e+01    2.9726833769e+01
    2.0033428546e+03    1.9297131944e+03   -5.4940668211e+04    1.1334005184e+02    1.1332378328e+02    1.1324308003e+02    2.7005024613e-02    2.2752133829e-01   -3.6619341086e-02    6.9362612128e+01    2.9726833769e+01    2.9726833769e+01
    2.0034890931e+03    1.9298540582e+03   -5.4940269533e+04    1.1378796029e+02    1.1315158150e+02    1.1313381105e+02   -1.9181987553e-01    1.4128668325e-02    5.1147894023e-02    6.9362612128e+01    2.9726833769e+01    2.9726833769e+01
    1.9953513589e+03    1.9220154133e+03   -5.4933565255e+04    1.1331910584e+02    1.1331804121e+02    1.1324299655e+02   -8.9918589111e-03   -1.5620103829e-02    4.1926830727e-02    6.9362612128e+01    2.9726833769e+01    2.9726833769e+01
    2.0112395037e+03    1.9373196149e+03   -5.4947655209e+04    1.1335914744e+02    1.1343837211e+02    1.1314703587e+02   -1.7464457861e-02    1.0223315944e-01   -1.3983648361e-01    6.9362612128e+01    2.9726833769e+01    2.9726833769e+01
    1.9927193304e+03    1.9194801208e+03   -5.4930746835e+04    1.1333794104e+02    1.1342584956e+02    1.1342771561e+02   -7.2439851652e-02   -4.5115662423e-02    1.8752065198e-02    6.9362612128e+01    2.9726833769e+01    2.9726833769e+01
    1.9849440816e+03    1.9119906388e+03   -5.4924045496e+04    1.1381100358e+02    1.1317684538e+02    1.1324345509e+02    1.0192389386e-01    1.8217159788e-02    9.7897181987e-02    6.9362612128e+01    2.9726833769e+01    2.9726833769e+01
    1.9929617918e+03    1.9197136710e+03   -5.4931688436e+04    1.1356260457e+02    1.1336469980e+02    1.1339695966e+02   -1.1410239065e-01    7.4730531854e-02   -5.8526296126e-02    6.9362612128e+01    2.9726833769e+01    2.9726833769e+01
    2.0085938102e+03    1.9347711596e+03   -5.4944953503e+04    1.1366499005e+02    1.1309326114e+02    1.1315670571e+02   -9.1483500529e-02    3.8539559789e-03    1.0807698826e-01    6.9362612128e+01    2.9726833769e+01    2.9726833769e+01
    1.9787316079e+03    1.9060064947e+03   -5.4915733187e+04    1.1345881256e+02    1.1343197483e+02    1.1340507777e+02    3.0511079998e-02   -5.2497423241e-02    7.9503408075e-02    6.9362612128e+01    2.9726833769e+01    2.9726833769e+01
    1.9768569510e+03    1.9042007379e+03   -5.4915621222e+04    1.1384535496e+02    1.1328752196e+02    1.1322788491e+02   -5.6417233613e-02   -3.2283906242e-03   -1.1854481087e-01    6.9362612128e+01    2.9726833769e+01    2.9726833769e+01
    2.0030321600e+03    1.9294139189e+03   -5.4940461349e+04    1.1333618884e+02    1.1348987981e+02    1.1314527643e+02   -6.6791054887e-02   -2.3929001876e-01    1.5379306360e-03    6.9362612128e+01    2.9726833769e+01    2.9726833769e+01
    1.9730940636e+03    1.9005761493e+03   -5.4911284438e+04    1.1356070910e+02    1.1349249960e+02    1.1330664774e+02    1.4163270376e-02    2.5530834493e-02   -3.4282774162e-02    6.9362612128e+01    2.9726833769e+01    2.9726833769e+01
    2.0021865009e+03    1.9285993406e+03   -5.4940316104e+04    1.1351841174e+02    1.1329672215e+02    1.1337125462e+02   -1.0556611493e-01   -1.2505259079e-01   -5.0188219469e-03    6.9362612128e+01    2.9726833769e+01    2.9726833769e+01
    2.0045876868e+03    1.9309122748e+03   -5.4939554304e+04    1.1335209388e+02    1.1307314728e+02    1.1341142499e+02    5.3997259117e-02   -1.2727462208e-01    8.1101102624e-02    6.9362612128e+01    2.9726833769e+01    2.9726833769e+01
    1.9973108908e+03    1.9239029257e+03   -5.4932923544e+04    1.1348040358e+02    1.1330831484e+02    1.1328187127e+02    2.5769295574e-02   -7.2782879795e-02    3.3268336765e-03    6.9362612128e+01    2.9726833769e+01    2.9726833769e+01
    1.9956698550e+03    1.9223222037e+03   -5.4936125790e+04    1.1362786860e+02    1.1327364767e+02    1.1330605848e+02   -4.2643188289e-02    7.9528741384e-02   -1.4022904815e-01    6.9362612128e+01    2.9726833769e+01    2.9726833769e+01
    1.9910955490e+03    1.9179160189e+03   -5.4927602430e+04    1.1316421025e+02    1.1349780436e+02    1.1363966468e+02    4.1370159683e-02   -2.9163948883e-02   -3.1812714890e-02    6.9362612128e+01    2.9726833769e+01    2.9726833769e+01
    2.0049760016e+03    1.9312863177e+03   -5.4942272999e+04    1.1335142049e+02    1.1361529055e+02    1.1315457367e+02   -6.7266821460e-02    1.5601471061e-01    1.1002212637e-01    6.9362612128e+01    2.9726833769e+01    2.9726833769e+01
    2.0177396459e+03    1.9435808547e+03   -5.4953285502e+04    1.1325983778e+02    1.1344645215e+02    1.1309984604e+02   -5.9044890107e-02   -8.9636302911e-03   -1.7242865301e-03    6.9362612128e+01    2.9726833769e+01    2.9726833769e+01
    1.9823813612e+03    1.9095221071e+03   -5.4920864638e+04    1.1380713632e+02    1.1328365937e+02    1.1322101798e+02    5.7920107436e-02    1.0619247092e-01   -3.5205502767e-02    6.9362612128e+01    2.9726833769e+01    2.9726833769e+01
    2.0015942252e+03    1.9280288331e+03   -5.4936402404e+04    1.1349418602e+02    1.1317145391e+02    1.1346933832e+02    7.7411512889e-03    1.2322629890e-01    4.4907196136e-02    6.9362612128e+01    2.9726833769e+01    2.9726833769e+01
    2.0137597079e+03    1.9397471930e+03   -5.4950016584e+04    1.1337754667e+02    1.1323448509e+02    1.1339624139e+02   -1.2246991953e-02    1.3857266022e-02   -1.6046356325e-02    6.9362612128e+01    2.9726833769e+01    2.9726833769e+01
    2.0004071692e+03    1.9268854054e+03   -5.4938613572e+04    1.1355155245e+02    1.1317301128e+02    1.1314996986e+02    7.6667871037e-02   -2.3361709403e-02    1.1034251094e-02    6.9362612128e+01    2.9726833769e+01    2.9726833769e+01
    2.0114285897e+03    1.9375017513e+03   -5.4947290882e+04    1.1362155124e+02    1.1325471690e+02    1.1301634007e+02   -1.3339417459e-01   -1.1339292001e-01   -2.9211210386e-02    6.9362612128e+01    2.9726833769e+01    2.9726833769e+01
    2.0190990923e+03    1.9448903368e+03   -5.4956225494e+04    1.1326239779e+02    1.1313157749e+02    1.1313994244e+02    8.4213243693e-02    4.0892867532e-02   -1.6091317659e-01    6.9362612128e+01    2.9726833769e+01    2.9726833769e+01
    2.0263452219e+03    1.9518701465e+03   -5.4961799955e+04    1.1333916347e+02    1.1328678431e+02    1.1311853625e+02    1.7952398435e-01   -1.9392425297e-02    4.4935663206e-03    6.9362612128e+01    2.9726833769e+01    2.9726833769e+01
    2.0108679337e+03    1.9369617013e+03   -5.4947123980e+04    1.1334359845e+02    1.1327684222e+02    1.1328353497e+02    4.0044860233e-02    1.8002961864e-01    1.8732215194e-02    6.9362612128e+01    2.9726833769e+01    2.9726833769e+01
    1.9694983421e+03    1.8971125828e+03   -5.4911454536e+04    1.1337258774e+02    1.1363383867e+02    1.1327619511e+02   -2.4165675979e-01   -1.4865001332e-01    4.2289761658e-02    6.9362612128e+01    2.9726833769e+01    2.9726833769e+01
    2.0130153182e+03    1.9390301620e+03   -5.4949962819e+04    1.1350465158e+02    1.1301567042e+02    1.1330315101e+02    6.2558699784e-02   -1.0245972517e-01   -6.6286917788e-02    6.9362612128e+01    2.9726833769e+01    2.9726833769e+01
    1.9814132695e+03    1.9085895961e+03   -5.4919891484e+04    1.1330666080e+02    1.1355391286e+02    1.1329449331e+02    1.1299298901e-01   -7.4030717705e-02   -5.1453049554e-02    6.9362612128e+01    2.9726833769e+01    2.9726833769e+01
    1.9884621662e+03    1.9153794219e+03   -5.4927032832e+04    1.1355105441e+02    1.1312750086e+02    1.1343233869e+02   -1.4540267737e-01    3.8918018309e-02    3.1874497052e-02    6.9362612128e+01    2.9726833769e+01    2.9726833769e+01
    2.0005178292e+03    1.9269919983e+03   -5.4936765228e+04    1.1381175706e+02    1.1311547102e+02    1.1314443678e+02    9.4810151745e-02   -9.6362513211e-02   -1.6647206200e-01    6.9362612128e+01    2.9726833769e+01    2.9726833769e+01
    2.0072799471e+03    1.9335055853e+03   -5.4943285563e+04    1.1364932654e+02    1.1302081453e+02    1.1343663770e+02   -9.4369826196e-02    3.2601731073e-03    2.2564201267e-01    6.9362612128e+01    2.9726833769e+01    2.9726833769e+01
    2.0015909616e+03    1.9280256894e+03   -5.4937815436e+04    1.1357810097e+02    1.1309470994e+02    1.1327740766e+02   -1.4230407310e-01   -1.3843393491e-01    1.1393799858e-01    6.9362612128e+01    2.9726833769e+01    2.9726833769e+01
    1.9979861780e+03    1.9245533939e+03   -5.4936368692e+04    1.1331490520e+02    1.1334643328e+02    1.1351954559e+02   -2.1922531556e-02   -3.4952753489e-02   -1.3985564145e-01    6.9362612128e+01    2.9726833769e+01    2.9726833769e+01
    1.9871179195e+03    1.9140845808e+03   -5.4924545625e+04    1.1367739488e+02    1.1340367822e+02    1.1332403691e+02    4.4500301398e-03    8.3799660704e-02    3.1046032717e-02    6.9362612128e+01    2.9726833769e+01    2.9726833769e+01
    2.0042638300e+03    1.9306003208e+03   -5.4941662029e+04    1.1325103223e+02    1.1301922334e+02    1.1357460828e+02    8.5724856129e-02    1.0550877189e-02    1.4523341404e-01    6.9362612128e+01    2.9726833769e+01    2.9726833769e+01
    1.9947251468e+03    1.9214122167e+03   -5.4932140122e+04    1.1331672094e+02    1.1369129637e+02    1.1294763774e+02   -5.5581638724e-02   -7.6849148372e-02   -2.3416473014e-02    6.9362612128e+01    2.9726833769e+01    2.9726833769e+01
    1.9961496154e+03    1.9227843312e+03   -5.4931005674e+04    1.1352638102e+02    1.1304685178e+02    1.1358315205e+02    5.8853333514e-02   -3.3657171783e-02   -4.9534671542e-02    6.9362612128e+01    2.9726833769e+01    2.9726833769e+01
    1.9959673846e+03    1.9226087980e+03   -5.4932961826e+04    1.1377535692e+02    1.1327574546e+02    1.1328433773e+02   -4.4104091961e-02   -5.0275689400e-02   -1.1470842704e-01    6.9362612128e+01    2.9726833769e+01    2.9726833769e+01
    2.0052315925e+03    1.9315325148e+03   -5.4939725432e+04    1.1331719448e+02    1.1333182337e+02    1.1333102672e+02   -2.4457388905e-01   -1.0833698622e-02   -9.4603028407e-02    6.9362612128e+01    2.9726833769e+01    2.9726833769e+01
    2.0007762668e+03    1.9272409375e+03   -5.4939252748e+04    1.1316163119e+02    1.1341304136e+02    1.1341365249e+02   -1.3524546616e-01   -1.8479564728e-02   -1.9163635084e-01    6.9362612128e+01    2.9726833769e+01    2.9726833769e+01
    2.0173414706e+03    1.9431973136e+03   -5.4952409154e+04    1.1319754656e+02    1.1308805034e+02    1.1343615652e+02    6.9206093049e-02    2.4341851272e-02   -9.0768231965e-02    6.9362612128e+01    2.9726833769e+01    2.9726833769e+01
    1.9855357980e+03    1.9125606077e+03   -5.4924405212e+04    1.1339328507e+02    1.1359919284e+02    1.1327952016e+02    6.5112091191e-02   -1.5150330257e-02    6.9380972145e-03    6.9362612128e+01    2.9726833769e+01    2.9726833769e+01
    2.0050594212e+03    1.9313666713e+03   -5.4941690835e+04    1.1334217374e+02    1.1341390213e+02    1.1325372652e+02   -3.3331183579e-02   -3.3968028969e-02   -9.3323278095e-02    6.9362612128e+01    2.9726833769e+01    2.9726833769e+01
    2.0089336832e+03    1.9350985411e+03   -5.4946056667e+04    1.1342176236e+02    1.1343616754e+02    1.1322093272e+02   -7.5396291824e-02   -3.4080327398e-02    1.8778276406e-01    6.9362612128e+01    2.9726833769e+01    2.9726833769e+01
    1.9912994608e+03    1.9181124363e+03   -5.4928530348e+04    1.1371479564e+02    1.1322093621e+02    1.1322180056e+02    6.0098902027e-02    5.7385019203e-02   -1.3733937196e-02    6.9362612128e+01    2.9726833769e+01    2.9726833769e+01
    2.0002410155e+03    1.9267253584e+03   -5.4938429088e+04    1.1398713906e+02    1.1317865286e+02    1.1278982157e+02   -2.5819710211e-02    7.4276439318e-03    5.3854381134e-02    6.9362612128e+01    2.9726833769e+01    2.9726833769e+01
    2.0109233106e+03    1.9370150429e+03   -5.4949278446e+04    1.1320514872e+02    1.1313985717e+02    1.1329199100e+02   -9.2550371591e-02    7.1794249087e-02   -3.5877225841e-02    6.9362612128e+01    2.9726833769e+01    2.9726833769e+01
    1.9776865852e+03    1.9049998802e+03   -5.4917169744e+04    1.1338978118e+02    1.1322352191e+02    1.1349136499e+02   -5.4507520824e-02   -3.6146507658e-02   -1.9198604296e-02    6.9362612128e+01    2.9726833769e+01    2.9726833769e+01
    2.0051738256e+03    1.9314768710e+03   -5.4944431431e+04    1.1345923849e+02    1.1337757286e+02    1.1299400877e+02    1.6727084446e-03    7.9094549933e-03   -8.9603755690e-02    6.9362612128e+01    2.9726833769e+01    2.9726833769e+01
    1.9857279700e+03    1.9127457167e+03   -5.4925049934e+04    1.1339819954e+02    1.1329405249e+02    1.1341397927e+02   -5.9692875377e-02    1.6525269896e-03    1.2602612752e-01    6.9362612128e+01    2.9726833769e+01    2.9726833769e+01
    2.0092892919e+03    1.9354410799e+03   -5.4947334385e+04    1.1356837545e+02    1.1317510637e+02    1.1321145662e+02   -9.2632404772e-02   -8.3811256987e-02   -1.1548771620e-02    6.9362612128e+01    2.9726833769e+01    2.9726833769e+01
    2.0001348967e+03    1.9266231398e+03   -5.4938579089e+04    1.1322809073e+02    1.1347195790e+02    1.1325397661e+02   -3.8314284339e-02   -2.2015549201e-01    6.2359171607e-02    6.9362612128e+01    2.9726833769e+01    2.9726833769e+01
    1.9977275291e+03    1.9243042512e+03   -5.4933098780e+04    1.1350036139e+02    1.1338929604e+02    1.1322710119e+02   -1.2614341290e-01    4.8072535635e-02   -1.2282665066e-01    6.9362612128e+01    2.9726833769e+01    2.9726833769e+01
    1.9844861040e+03    1.9115494935e+03   -5.4923369242e+04    1.1379189250e+02    1.1323568248e+02    1.1318102563e+02    1.1615899151e-02   -3.9259219304e-02    1.6043939938e-01    6.9362612128e+01    2.9726833769e+01    2.9726833769e+01
    1.9939620883e+03    1.9206772031e+03   -5.4930920507e+04    1.1360556555e+02    1.1331219465e+02    1.1321357374e+02   -9.0186173210e-02    1.1810132000e-01    1.5928419696e-02    6.9362612128e+01    2.9726833769e+01    2.9726833769e+01
    1.9967320856e+03    1.9233453937e+03   -5.4932851041e+04    1.1354462791e+02    1.1320235347e+02    1.1336245932e+02   -7.2475023484e-02    7.5893153458e-03   -8.8848695438e-03    6.9362612128e+01    2.9726833769e+01    2.9726833769e+01
    2.0167380012e+03    1.9426160238e+03   -5.4954626711e+04    1.1358119810e+02    1.1323726273e+02    1.1295942950e+02   -7.7887463261e-02    2.3155707110e-01   -6.2156056164e-02    6.9362612128e+01    2.9726833769e+01    2.9726833769e+01
    2.0056976056e+03    1.9319814003e+03   -5.4943247916e+04    1.1334171468e+02    1.1343388151e+02    1.1328282170e+02    1.9953678091e-02    1.9526655856e-02   -2.2113631164e-02    6.9362612128e+01    2.9726833769e+01    2.9726833769e+01
    1.9988076096e+03    1.9253446351e+03   -5.4937122087e+04    1.1341026281e+02    1.1341192004e+02    1.1322388263e+02    1.0091984835e-01    5.6404377853e-02   -1.3682269444e-01    6.9362612128e+01    2.9726833769e+01    2.9726833769e+01
    1.9957946328e+03    1.9224423954e+03   -5.4932410116e+04    1.1338503625e+02    1.1341065689e+02    1.1327525770e+02   -3.2273047384e-02    1.0678487932e-01   -3.9406543291e-02    6.9362612128e+01    2.9726833769e+01    2.9726833769e+01
    1.9892041727e+03    1.9160941571e+03   -5.4927635192e+04    1.1353977105e+02    1.1313436541e+02    1.1340876323e+02   -1.2271978739e-01    1.4095268040e-01    5.1181706849e-02    6.9362612128e+01    2.9726833769e+01    2.9726833769e+01
    2.0373610721e+03    1.9624811267e+03   -5.4974623045e+04    1.1331057954e+02    1.1309610600e+02    1.1333192935e+02   -1.0641004350e-01   -2.6936916838e-02   -1.0271369709e-02    6.9362612128e+01    2.9726833769e+01    2.9726833769e+01
    2.0040978100e+03    1.9304404026e+03   -5.4939692554e+04    1.1338530242e+02    1.1370970821e+02    1.1283077423e+02    1.1506407962e-01   -1.3222015084e-01    3.2094296401e-02    6.9362612128e+01    2.9726833769e+01    2.9726833769e+01
    1.9924767684e+03    1.9192464738e+03   -5.4928494597e+04    1.1328286227e+02    1.1332775193e+02    1.1349332072e+02    1.1855392431e-01   -4.1327424503e-02    5.4646646276e-02    6.9362612128e+01    2.9726833769e+01    2.9726833769e+01
    2.0005607330e+03    1.9270333252e+03   -5.4939513789e+04    1.1328116236e+02    1.1327257561e+02    1.1326294521e+02   -7.6949501586e-02    1.9878915091e-01   -7.5980977291e-02    6.9362612128e+01    2.9726833769e+01    2.9726833769e+01
    2.0005607330e+03    1.9270333252e+03   -5.4939513789e+04    1.1328116236e+02    1.1327257561e+02    1.1326294521e+02   -7.6949501586e-02    1.9878915091e-01   -7.5980977291e-02    6.9362612128e+01    2.9726833769e+01    2.9726833769e+01
    2.0005607330e+03    1.9270333252e+03   -5.4939513789e+04    1.1328116236e+02    1.1327257561e+02    1.1326294521e+02   -7.6949501586e-02    1.9878915091e-01   -7.5980977291e-02    6.9362612128e+01    2.9726833769e+01    2.9726833769e+01
    2.0005607330e+03    1.9270333252e+03   -5.4939513789e+04    1.1328116236e+02    1.1327257561e+02    1.1326294521e+02   -7.6949501586e-02    1.9878915091e-01   -7.5980977291e-02    6.9362612128e+01    2.9726833769e+01    2.9726833769e+01
    2.0005607330e+03    1.9270333252e+03   -5.4939513789e+04    1.1328116236e+02    1.1327257561e+02    1.1326294521e+02   -7.6949501586e-02    1.9878915091e-01   -7.5980977291e-02    6.9362612128e+01    2.9726833769e+01    2.9726833769e+01
    2.0005607330e+03    1.9270333252e+03   -5.4939513789e+04    1.1328116236e+02    1.1327257561e+02    1.1326294521e+02   -7.6949501586e-02    1.9878915091e-01   -7.5980977291e-02    6.9362612128e+01    2.9726833769e+01    2.9726833769e+01
    2.0005607330e+03    1.9270333252e+03   -5.4939513789e+04    1.1328116236e+02    1.1327257561e+02    1.1326294521e+02   -7.6949501586e-02    1.9878915091e-01   -7.5980977291e-02    6.9362612128e+01    2.9726833769e+01    2.9726833769e+01
    2.0005607330e+03    1.9270333252e+03   -5.4939513789e+04    1.1328116236e+02    1.1327257561e+02    1.1326294521e+02   -7.6949501586e-02    1.9878915091e-01   -7.5980977291e-02    6.9362612128e+01    2.9726833769e+01    2.9726833769e+01
    2.0005607330e+03    1.9270333252e+03   -5.4939513789e+04    1.1328116236e+02    1.1327257561e+02    1.1326294521e+02   -7.6949501586e-02    1.9878915091e-01   -7.5980977291e-02    6.9362612128e+01    2.9726833769e+01    2.9726833769e+01
    2.0005607330e+03    1.9270333252e+03   -5.4939513789e+04    1.1328116236e+02    1.1327257561e+02    1.1326294521e+02   -7.6949501586e-02    1.9878915091e-01   -7.5980977291e-02    6.9362612128e+01    2.9726833769e+01    2.9726833769e+01
    2.0005607330e+03    1.9270333252e+03   -5.4939513789e+04    1.1328116236e+02    1.1327257561e+02    1.1326294521e+02   -7.6949501586e-02    1.9878915091e-01   -7.5980977291e-02    6.9362612128e+01    2.9726833769e+01    2.9726833769e+01
    2.0005607330e+03    1.9270333252e+03   -5.4939513789e+04    1.1328116236e+02    1.1327257561e+02    1.1326294521e+02   -7.6949501586e-02    1.9878915091e-01   -7.5980977291e-02    6.9362612128e+01    2.9726833769e+01    2.9726833769e+01
    2.0005607330e+03    1.9270333252e+03   -5.4939513789e+04    1.1328116236e+02    1.1327257561e+02    1.1326294521e+02   -7.6949501586e-02    1.9878915091e-01   -7.5980977291e-02    6.9362612128e+01    2.9726833769e+01    2.9726833769e+01
    2.0005607330e+03    1.9270333252e+03   -5.4939513789e+04    1.1328116236e+02    1.1327257561e+02    1.1326294521e+02   -7.6949501586e-02    1.9878915091e-01   -7.5980977291e-02    6.9362612128e+01    2.9726833769e+01    2.9726833769e+01
    2.0005607330e+03    1.9270333252e+03   -5.4939513789e+04    1.1328116236e+02    1.1327257561e+02    1.1326294521e+02   -7.6949501586e-02    1.9878915091e-01   -7.5980977291e-02    6.9362612128e+01    2.9726833769e+01    2.9726833769e+01
    2.0005607330e+03    1.9270333252e+03   -5.4939513789e+04    1.1328116236e+02    1.1327257561e+02    1.1326294521e+02   -7.6949501586e-02    1.9878915091e-01   -7.5980977291e-02    6.9362612128e+01    2.9726833769e+01    2.9726833769e+01
    2.0005607330e+03    1.9270333252e+03   -5.4939513789e+04    1.1328116236e+02    1.1327257561e+02    1.1326294521e+02   -7.6949501586e-02    1.9878915091e-01   -7.5980977291e-02    6.9362612128e+01    2.9726833769e+01    2.9726833769e+01
    2.0005607330e+03    1.9270333252e+03   -5.4939513789e+04    1.1328116236e+02    1.1327257561e+02    1.1326294521e+02   -7.6949501586e-02    1.9878915091e-01   -7.5980977291e-02    6.9362612128e+01    2.9726833769e+01    2.9726833769e+01
    2.0005607330e+03    1.9270333252e+03   -5.4939513789e+04    1.1328116236e+02    1.1327257561e+02    1.1326294521e+02   -7.6949501586e-02    1.9878915091e-01   -7.5980977291e-02    6.9362612128e+01    2.9726833769e+01    2.9726833769e+01
    2.0005607330e+03    1.9270333252e+03   -5.4939513789e+04    1.1328116236e+02    1.1327257561e+02    1.1326294521e+02   -7.6949501586e-02    1.9878915091e-01   -7.5980977291e-02    6.9362612128e+01    2.9726833769e+01    2.9726833769e+01
    2.0005607330e+03    1.9270333252e+03   -5.4939513789e+04    1.1328116236e+02    1.1327257561e+02    1.1326294521e+02   -7.6949501586e-02    1.9878915091e-01   -7.5980977291e-02    6.9362612128e+01    2.9726833769e+01    2.9726833769e+01
    2.0005607330e+03    1.9270333252e+03   -5.4939513789e+04    1.1328116236e+02    1.1327257561e+02    1.1326294521e+02   -7.6949501586e-02    1.9878915091e-01   -7.5980977291e-02    6.9362612128e+01    2.9726833769e+01    2.9726833769e+01
    2.0005607330e+03    1.9270333252e+03   -5.4939513789e+04    1.1328116236e+02    1.1327257561e+02    1.1326294521e+02   -7.6949501586e-02    1.9878915091e-01   -7.5980977291e-02    6.9362612128e+01    2.9726833769e+01    2.9726833769e+01
    2.0005607330e+03    1.9270333252e+03   -5.4939513789e+04    1.1328116236e+02    1.1327257561e+02    1.1326294521e+02   -7.6949501586e-02    1.9878915091e-01   -7.5980977291e-02    6.9362612128e+01    2.9726833769e+01    2.9726833769e+01
    2.0005607330e+03    1.9270333252e+03   -5.4939513789e+04    1.1328116236e+02    1.1327257561e+02    1.1326294521e+02   -7.6949501586e-02    1.9878915091e-01   -7.5980977291e-02    6.9362612128e+01    2.9726833769e+01    2.9726833769e+01
    2.0005607330e+03    1.9270333252e+03   -5.4939513789e+04    1.1328116236e+02    1.1327257561e+02    1.1326294521e+02   -7.6949501586e-02    1.9878915091e-01   -7.5980977291e-02    6.9362612128e+01    2.9726833769e+01    2.9726833769e+01
    2.0005607330e+03    1.9270333252e+03   -5.4939513789e+04    1.1328116236e+02    1.1327257561e+02    1.1326294521e+02   -7.6949501586e-02    1.9878915091e-01   -7.5980977291e-02    6.9362612128e+01    2.9726833769e+01    2.9726833769e+01
    2.0005607330e+03    1.9270333252e+03   -5.4939513789e+04    1.1328116236e+02    1.1327257561e+02    1.1326294521e+02   -7.6949501586e-02    1.9878915091e-01   -7.5980977291e-02    6.9362612128e+01    2.9726833769e+01    2.9726833769e+01
    2.0005607330e+03    1.9270333252e+03   -5.4939513789e+04    1.1328116236e+02    1.1327257561e+02    1.1326294521e+02   -7.6949501586e-02    1.9878915091e-01   -7.5980977291e-02    6.9362612128e+01    2.9726833769e+01    2.9726833769e+01
    2.0005607330e+03    1.9270333252e+03   -5.4939513789e+04    1.1328116236e+02    1.1327257561e+02    1.1326294521e+02   -7.6949501586e-02    1.9878915091e-01   -7.5980977291e-02    6.9362612128e+01    2.9726833769e+01    2.9726833769e+01
    2.0005607330e+03    1.9270333252e+03   -5.4939513789e+04    1.1328116236e+02    1.1327257561e+02    1.1326294521e+02   -7.6949501586e-02    1.9878915091e-01   -7.5980977291e-02    6.9362612128e+01    2.9726833769e+01    2.9726833769e+01
