    2.0021107097e+03    2.7949657029e+03   -7.6563970822e+04    1.3368524914e+02    1.3320564980e+02    1.3332885466e+02   -1.6270728510e-01   -9.0506295561e-02    4.0632008633e-02    5.8822935548e+01    4.9019112957e+01    2.9411467774e+01
    1.9953098203e+03    2.7854715963e+03   -7.6533762620e+04    1.3390605330e+02    1.3330847452e+02    1.3325175799e+02   -4.9467846400e-02   -2.2670888906e-03    1.2846001839e-01    5.8822935548e+01    4.9019112957e+01    2.9411467774e+01
    2.0045003796e+03    2.7983017050e+03   -7.6547723865e+04    1.3355480555e+02    1.3341326627e+02    1.3336311156e+02    6.3847612701e-02    1.3171798161e-01   -3.9640122753e-02    5.8822935548e+01    4.9019112957e+01    2.9411467774e+01
    2.0051424857e+03    2.7991980913e+03   -7.6549292104e+04    1.3337482825e+02    1.3340789479e+02    1.3329111575e+02   -1.0740441836e-01   -2.5717903206e-02   -1.1031929205e-01    5.8822935548e+01    4.9019112957e+01    2.9411467774e+01
    1.9971258347e+03    2.7880067697e+03   -7.6536975586e+04    1.3362572967e+02    1.3340724940e+02    1.3333095969e+02   -4.8429618551e-02   -2.1198430658e-02   -9.3342986653e-02    5.8822935548e+01    4.9019112957e+01    2.9411467774e+01
    1.9928981668e+03    2.7821049050e+03   -7.6533504248e+04    1.3376577573e+02    1.3322591898e+02    1.3317664093e+02    6.9575704454e-02    1.0976136234e-01   -1.1482092165e-01    5.8822935548e+01    4.9019112957e+01    2.9411467774e+01
    1.9916373740e+03    2.7803448261e+03   -7.6531408044e+04    1.3353934231e+02    1.3328821860e+02    1.3333812298e+02    6.7263720358e-02    7.9576561273e-02    1.9370876198e-02    5.8822935548e+01    4.9019112957e+01    2.9411467774e+01
    2.0026350482e+03    2.7956976845e+03   -7.6544487478e+04    1.3371695010e+02    1.3339665280e+02    1.3333226777e+02    8.9679865111e-02   -1.4680519461e-02    2.2289295320e-01    5.8822935548e+01    4.9019112957e+01    2.9411467774e+01
    2.0203415170e+03    2.8204160844e+03   -7.6570243701e+04    1.3341373521e+02    1.3309542548e+02    1.3332889275e+02    3.9740454759e-02    5.9131033282e-02    5.7240772814e-02    5.8822935548e+01    4.9019112957e+01    2.9411467774e+01
    2.0065510714e+03    2.8011644903e+03   -7.6552099418e+04    1.3349261418e+02    1.3314367339e+02    1.3355824018e+02   -1.0374243714e-01   -1.4736320104e-02    9.9137687201e-02    5.8822935548e+01    4.9019112957e+01    2.9411467774e+01
    2.0101149199e+03    2.8061396570e+03   -7.6556778861e+04    1.3377418007e+02    1.3300576578e+02    1.3350303894e+02   -1.0080917983e-01    9.4053836836e-02   -2.1117683162e-02    5.8822935548e+01    4.9019112957e+01    2.9411467774e+01
    2.0142542912e+03    2.8119182589e+03   -7.6561930446e+04    1.3332401992e+02    1.3346332686e+02    1.3326973877e+02   -2.6466684452e-01   -7.1698635968e-02    5.9078836012e-02    5.8822935548e+01    4.9019112957e+01    2.9411467774e+01
    1.9959756005e+03    2.7864010318e+03   -7.6538661100e+04    1.3362313752e+02    1.3315515584e+02    1.3341272653e+02    1.2751910305e-01    3.1750877910e-02   -2.9628621067e-02    5.8822935548e+01    4.9019112957e+01    2.9411467774e+01
    1.9987865180e+03    2.7903250995e+03   -7.6539569648e+04    1.3360508223e+02    1.3316627239e+02    1.3345313607e+02    6.6656291618e-02   -1.6062058549e-01    1.5180000062e-01    5.8822935548e+01    4.9019112957e+01    2.9411467774e+01
    2.0164177442e+03    2.8149384600e+03   -7.6565378447e+04    1.3360481893e+02    1.3322877934e+02    1.3318667226e+02    1.0740909690e-01   -1.0968918077e-01    7.5527861453e-02    5.8822935548e+01    4.9019112957e+01    2.9411467774e+01
    1.9944358553e+03    2.7842515328e+03   -7.6535030163e+04    1.3375554779e+02    1.3328051167e+02    1.3334345533e+02   -1.2614675353e-01    1.2305030393e-01    1.2083053725e-01    5.8822935548e+01    4.9019112957e+01    2.9411467774e+01
    1.9996655510e+03    2.7915522380e+03   -7.6542220725e+04    1.3351255365e+02    1.3346759735e+02    1.3335479140e+02    1.3823290663e-02   -2.2582884697e-02    2.3469963310e-01    5.8822935548e+01    4.9019112957e+01    2.9411467774e+01
    1.9927720361e+03    2.7819288253e+03   -7.6529980661e+04    1.3381734189e+02    1.3329790461e+02    1.3328524150e+02   -7.3231965758e-02   -1.0713697100e-01    1.1127489082e-01    5.8822935548e+01    4.9019112957e+01    2.9411467774e+01
    1.9678505160e+03    2.7471381448e+03   -7.6498636726e+04    1.3376321823e+02    1.3356731199e+02    1.3368627417e+02   -1.0319539581e-02    9.5839195883e-02   -1.0785571526e-02    5.8822935548e+01    4.9019112957e+01    2.9411467774e+01
    1.9988121649e+03    2.7903609029e+03   -7.6541975574e+04    1.3371388834e+02    1.3340826865e+02    1.3317700892e+02   -4.2061593438e-02    6.7893917990e-02   -2.8341636985e-02    5.8822935548e+01    4.9019112957e+01    2.9411467774e+01
    2.0060520854e+03    2.8004679011e+03   -7.6549565174e+04    1.3348889890e+02    1.3333652866e+02    1.3323634025e+02   -1.7701235794e-01   -4.4056179722e-03   -2.7589191766e-02    5.8822935548e+01    4.9019112957e+01    2.9411467774e+01
    1.9957124041e+03    2.7860336072e+03   -7.6534614642e+04    1.3348916626e+02    1.3338194433e+02    1.3339906709e+02   -1.2924702489e-01    3.7165692145e-02   -7.7484539620e-02    5.8822935548e+01    4.9019112957e+01    2.9411467774e+01
    1.9933354645e+03    2.7827153767e+03   -7.6531860232e+04    1.3365514087e+02    1.3317985979e+02    1.3366370626e+02    5.0350934237e-02    4.7998819650e-02   -3.7523661966e-02    5.8822935548e+01    4.9019112957e+01    2.9411467774e+01
    1.9871482374e+03    2.7740779485e+03   -7.6521733387e+04    1.3393973296e+02    1.3355122686e+02    1.3317638475e+02   -7.7630327457e-02   -5.6646511240e-03   -2.2785172021e-02    5.8822935548e+01    4.9019112957e+01    2.9411467774e+01
    1.9848057399e+03    2.7708077995e+03   -7.6519064063e+04    1.3357017876e+02    1.3337650211e+02    1.3370416391e+02    5.7044559783e-02    1.9446548706e-02   -6.9649452486e-02    5.8822935548e+01    4.9019112957e+01    2.9411467774e+01
    1.9980366052e+03    2.7892782141e+03   -7.6539254638e+04    1.3385161450e+02    1.3313666498e+02    1.3317428055e+02   -2.8456523840e-02   -5.4773051967e-03    8.8414896707e-03    5.8822935548e+01    4.9019112957e+01    2.9411467774e+01
    2.0163264399e+03    2.8148109982e+03   -7.6565944452e+04    1.3324679631e+02    1.3338928891e+02    1.3351272092e+02   -1.1635300678e-01    8.0980679462e-02   -5.5656696250e-03    5.8822935548e+01    4.9019112957e+01    2.9411467774e+01
    1.9874242177e+03    2.7744632197e+03   -7.6526038726e+04    1.3377909502e+02    1.3320917459e+02    1.3346457434e+02    1.4308415470e-01   -1.7411522172e-01   -3.1888477493e-02    5.8822935548e+01    4.9019112957e+01    2.9411467774e+01
    1.9881262755e+03    2.7754432990e+03   -7.6527425993e+04    1.3361053448e+02    1.3345646393e+02    1.3331078616e+02   -5.9622235335e-03   -3.9839154320e-02   -3.7315469364e-02    5.8822935548e+01    4.9019112957e+01    2.9411467774e+01
    1.9957272365e+03    2.7860543133e+03   -7.6533531965e+04    1.3366583350e+02    1.3356031191e+02    1.3322491656e+02   -2.2617328189e-02    1.8107093327e-01   -1.1000087497e-01    5.8822935548e+01    4.9019112957e+01    2.9411467774e+01
    2.0055578060e+03    2.7997778824e+03   -7.6550886008e+04    1.3361450565e+02    1.3324928164e+02    1.3337880456e+02   -6.0490348292e-02    6.5568180495e-03   -5.0326806204e-02    5.8822935548e+01    4.9019112957e+01    2.9411467774e+01
    2.0023080222e+03    2.7952411531e+03   -7.6547404214e+04    1.3387497130e+02    1.3340627228e+02    1.3314340888e+02    4.8800069298e-02    1.5482961432e-01    8.8677938554e-02    5.8822935548e+01    4.9019112957e+01    2.9411467774e+01
    1.9988356017e+03    2.7903936208e+03   -7.6540512526e+04    1.3349348250e+02    1.3331460343e+02    1.3343150700e+02   -2.2322504142e-03   -4.4961706409e-02    6.5508847183e-02    5.8822935548e+01    4.9019112957e+01    2.9411467774e+01
    1.9989442682e+03    2.7905453203e+03   -7.6542178282e+04    1.3342059087e+02    1.3340032959e+02    1.3346526462e+02    3.9016338320e-02    7.5579282499e-02   -8.2436655481e-02    5.8822935548e+01    4.9019112957e+01    2.9411467774e+01
    1.9915831611e+03    2.7802691444e+03   -7.6528980990e+04    1.3378785077e+02    1.3329523358e+02    1.3338003397e+02    5.4526136447e-02    6.8895948605e-02   -6.5224883137e-03    5.8822935548e+01    4.9019112957e+01    2.9411467774e+01
    2.0074294536e+03    2.8023907203e+03   -7.6550771116e+04    1.3361871336e+02    1.3326384737e+02    1.3351929404e+02    5.8623061222e-02    1.1483903798e-02    1.6799422573e-02    5.8822935548e+01    4.9019112957e+01    2.9411467774e+01
    1.9920829197e+03    2.7809668121e+03   -7.6529753956e+04    1.3369930650e+02    1.3375829707e+02    1.3312135394e+02    1.1504594387e-01   -3.8708899626e-02    2.2237746749e-02    5.8822935548e+01    4.9019112957e+01    2.9411467774e+01
    1.9859366090e+03    2.7723865036e+03   -7.6522579559e+04    1.3366870024e+02    1.3317831804e+02    1.3358788938e+02   -4.4936692249e-02   -9.1543853743e-02    6.7716736277e-02    5.8822935548e+01    4.9019112957e+01    2.9411467774e+01
    1.9871133500e+03    2.7740292453e+03   -7.6525857908e+04    1.3375315734e+02    1.3352574103e+02    1.3314329897e+02    2.1552764287e-02   -4.0442219589e-02    9.2106781856e-02    5.8822935548e+01    4.9019112957e+01    2.9411467774e+01
    1.9841508906e+03    2.7698936236e+03   -7.6519800014e+04    1.3350715651e+02    1.3331902921e+02    1.3387680772e+02    3.8405158572e-02   -3.5467459605e-02   -1.3967188219e-01    5.8822935548e+01    4.9019112957e+01    2.9411467774e+01
    2.0029917376e+03    2.7961956263e+03   -7.6545451653e+04    1.3343564939e+02    1.3345761140e+02    1.3346652415e+02   -1.4692502546e-01   -2.0414038751e-01   -1.7795112060e-01    5.8822935548e+01    4.9019112957e+01    2.9411467774e+01
    1.9965918896e+03    2.7872613773e+03   -7.6536038482e+04    1.3349441771e+02    1.3349586082e+02    1.3340049493e+02    1.9793224647e-01    3.4081366773e-03    2.5822805778e-02    5.8822935548e+01    4.9019112957e+01    2.9411467774e+01
    1.9997308244e+03    2.7916433602e+03   -7.6541375735e+04    1.3356698387e+02    1.3317791970e+02    1.3355026446e+02    4.9878950416e-02   -5.5985685101e-02    5.4810418260e-02    5.8822935548e+01    4.9019112957e+01    2.9411467774e+01
    2.0066409917e+03    2.8012900199e+03   -7.6552336918e+04    1.3375130967e+02    1.3329683722e+02    1.3313342100e+02    9.2018638603e-02    7.6760941214e-02   -1.9861634443e-02    5.8822935548e+01    4.9019112957e+01    2.9411467774e+01
    1.9834002831e+03    2.7688457685e+03   -7.6517815788e+04    1.3364796305e+02    1.3352366853e+02    1.3346393209e+02   -5.1705576647e-02    1.3528022198e-01    7.2292462938e-02    5.8822935548e+01    4.9019112957e+01    2.9411467774e+01
    1.9872551282e+03    2.7742271690e+03   -7.6524898439e+04    1.3356658455e+02    1.3325580344e+02    1.3350234768e+02    1.2807518669e-01   -8.7096878163e-03   -9.0176231529e-02    5.8822935548e+01    4.9019112957e+01    2.9411467774e+01
    2.0150052523e+03    2.8129666078e+03   -7.6565629656e+04    1.3338644168e+02    1.3352403414e+02    1.3322921362e+02    1.3540912940e-01    5.8780549103e-02    6.5899284904e-02    5.8822935548e+01    4.9019112957e+01    2.9411467774e+01
    1.9984131458e+03    2.7898038684e+03   -7.6538754482e+04    1.3363453657e+02    1.3336929768e+02    1.3331123513e+02    4.8837474877e-02   -4.0099983026e-02   -1.5292137065e-01    5.8822935548e+01    4.9019112957e+01    2.9411467774e+01
    1.9993258173e+03    2.7910779665e+03   -7.6541905690e+04    1.3366351613e+02    1.3336134643e+02    1.3326781231e+02   -4.4169257753e-02   -2.2336223987e-02    5.2420323063e-03    5.8822935548e+01    4.9019112957e+01    2.9411467774e+01
    1.9974940861e+03    2.7885208522e+03   -7.6539128387e+04    1.3360795134e+02    1.3335554303e+02    1.3346537333e+02    3.7007012483e-03   -3.9599141485e-02    2.8225586499e-02    5.8822935548e+01    4.9019112957e+01    2.9411467774e+01
    2.0017170303e+03    2.7944161227e+03   -7.6543245215e+04    1.3367343152e+02    1.3334228670e+02    1.3338047864e+02    1.2661779317e-02   -4.0532732209e-02    4.6276668982e-02    5.8822935548e+01    4.9019112957e+01    2.9411467774e+01
    2.0133267920e+03    2.8106234611e+03   -7.6560640144e+04    1.3347458578e+02    1.3337459738e+02    1.3316804563e+02   -3.3933633086e-02   -6.2267248456e-02    6.1004691970e-03    5.8822935548e+01    4.9019112957e+01    2.9411467774e+01
    1.9930941674e+03    2.7823785236e+03   -7.6533203750e+04    1.3365378535e+02    1.3340082197e+02    1.3349184656e+02   -2.9934619035e-02    7.7754495155e-02   -1.2196194227e-01    5.8822935548e+01    4.9019112957e+01    2.9411467774e+01
    1.9928191522e+03    2.7819945997e+03   -7.6532428898e+04    1.3362005660e+02    1.3325533867e+02    1.3359982853e+02   -1.6014948922e-01   -1.6922567433e-02   -5.1782219282e-03    5.8822935548e+01    4.9019112957e+01    2.9411467774e+01
    2.0022649508e+03    2.7951810250e+03   -7.6547520850e+04    1.3377233863e+02    1.3328010217e+02    1.3332320984e+02    7.0217348447e-02    1.0059313369e-02    4.5131099854e-02    5.8822935548e+01    4.9019112957e+01    2.9411467774e+01
    1.9970604206e+03    2.7879154510e+03   -7.6538508521e+04    1.3324269824e+02    1.3359288903e+02    1.3337859120e+02   -4.7238395872e-02   -1.5018536521e-01    3.8245352389e-02    5.8822935548e+01    4.9019112957e+01    2.9411467774e+01
    2.0180955927e+03    2.8172807525e+03   -7.6568748251e+04    1.3357900662e+02    1.3322624007e+02    1.3342280203e+02   -2.2620595940e-01    1.9580015734e-03    6.3571949509e-03    5.8822935548e+01    4.9019112957e+01    2.9411467774e+01
    1.9833330501e+03    2.7687519106e+03   -7.6520350481e+04    1.3360089599e+02    1.3328835282e+02    1.3358406392e+02    4.8765225814e-03   -2.2553042198e-02    4.8547475214e-02    5.8822935548e+01    4.9019112957e+01    2.9411467774e+01
    2.0032981901e+03    2.7966234369e+03   -7.6543024540e+04    1.3361390184e+02    1.3334011396e+02    1.3364893898e+02   -4.5048986190e-03   -6.8093670613e-02    9.3798132634e-02    5.8822935548e+01    4.9019112957e+01    2.9411467774e+01
    1.9941828165e+03    2.7838982882e+03   -7.6534807756e+04    1.3371044413e+02    1.3335673115e+02    1.3336539869e+02    5.9898260069e-02    3.1074419818e-02   -3.3393983187e-04    5.8822935548e+01    4.9019112957e+01    2.9411467774e+01
    2.0060480866e+03    2.8004623188e+03   -7.6550850367e+04    1.3342590187e+02    1.3339781125e+02    1.3332269968e+02    4.6699215625e-02   -6.0080886779e-02    5.4654171302e-02    5.8822935548e+01    4.9019112957e+01    2.9411467774e+01
    2.0043376668e+03    2.7980745563e+03   -7.6548805909e+04    1.3392228464e+02    1.3326641035e+02    1.3314001306e+02    2.8471754789e-02    7.3968399133e-02    6.4695508202e-02    5.8822935548e+01    4.9019112957e+01    2.9411467774e+01
    2.0253975991e+03    2.8274744232e+03   -7.6580007985e+04    1.3344647111e+02    1.3312988691e+02    1.3332894304e+02   -7.0060520574e-02   -1.8660944011e-01    4.2019982653e-02    5.8822935548e+01    4.9019112957e+01    2.9411467774e+01
    1.9754001229e+03    2.7576774683e+03   -7.6508333449e+04    1.3352953497e+02    1.3346531578e+02    1.3351462111e+02    7.8853446919e-03    5.3876775271e-02   -4.0868244725e-02    5.8822935548e+01    4.9019112957e+01    2.9411467774e+01
    2.0009970843e+03    2.7934110712e+03   -7.6543000365e+04    1.3376674377e+02    1.3331557455e+02    1.3337318884e+02   -5.9786774537e-02    8.3055784548e-02   -2.2463354083e-02    5.8822935548e+01    4.9019112957e+01    2.9411467774e+01
    2.0031779992e+03    2.7964556493e+03   -7.6545447684e+04    1.3366977114e+02    1.3341049664e+02    1.3311027855e+02   -5.7271705295e-02    1.0649321907e-01   -1.2567662753e-01    5.8822935548e+01    4.9019112957e+01    2.9411467774e+01
    2.0092213684e+03    2.8048922505e+03   -7.6554481591e+04    1.3365182164e+02    1.3326995559e+02    1.3314399101e+02    3.0563934572e-02   -4.0919906849e-02    4.8031153654e-02    5.8822935548e+01    4.9019112957e+01    2.9411467774e+01
    2.0009407934e+03    2.7933324886e+03   -7.6541298350e+04    1.3341484208e+02    1.3352302404e+02    1.3343054631e+02    4.7425506433e-02    7.4332136817e-02   -6.5264689544e-02    5.8822935548e+01    4.9019112957e+01    2.9411467774e+01
    2.0078523234e+03    2.8029810506e+03   -7.6553902512e+04    1.3372762916e+02    1.3330280460e+02    1.3309953031e+02   -1.7395172880e-01    4.0714434973e-02   -9.0591242190e-02    5.8822935548e+01    4.9019112957e+01    2.9411467774e+01
    1.9876108211e+03    2.7747237197e+03   -7.6525597888e+04    1.3369331907e+02    1.3329951599e+02    1.3330224463e+02    7.3155941374e-02   -1.0798387221e-01    4.8689546822e-02    5.8822935548e+01    4.9019112957e+01    2.9411467774e+01
    1.9984204023e+03    2.7898139985e+03   -7.6541025739e+04    1.3346781314e+02    1.3337911536e+02    1.3355701488e+02    7.5111341296e-02    3.5040352474e-02   -4.2359712833e-03    5.8822935548e+01    4.9019112957e+01    2.9411467774e+01
    2.0217123840e+03    2.8223298278e+03   -7.6573421855e+04    1.3341141735e+02    1.3319840246e+02    1.3327850306e+02    7.0389489218e-02    2.0275123352e-01    1.2546967850e-03    5.8822935548e+01    4.9019112957e+01    2.9411467774e+01
    1.9905721382e+03    2.7788577468e+03   -7.6531628112e+04    1.3366582682e+02    1.3316293318e+02    1.3371656915e+02    9.3113716907e-02    1.3264846641e-02   -1.2404001543e-01    5.8822935548e+01    4.9019112957e+01    2.9411467774e+01
    1.9984757263e+03    2.7898912314e+03   -7.6541681209e+04    1.3334541238e+02    1.3349716235e+02    1.3333575310e+02    7.1770263485e-02    3.1398045279e-02   -2.7283092790e-02    5.8822935548e+01    4.9019112957e+01    2.9411467774e+01
    1.9912271556e+03    2.7797721574e+03   -7.6530437987e+04    1.3341747694e+02    1.3347286181e+02    1.3333113246e+02    1.1217958184e-01    7.7435969872e-02    4.5378539268e-02    5.8822935548e+01    4.9019112957e+01    2.9411467774e+01
    1.9984431522e+03    2.7898457576e+03   -7.6539098773e+04    1.3341759759e+02    1.3360934101e+02    1.3341483109e+02    1.2843532930e-01    4.9308255958e-02    1.4400366763e-01    5.8822935548e+01    4.9019112957e+01    2.9411467774e+01
    1.9853386605e+03    2.7715517619e+03   -7.6521269616e+04    1.3347680636e+02    1.3347428414e+02    1.3349109248e+02   -3.4664680347e-02   -6.1431669939e-02   -2.6188108142e-02    5.8822935548e+01    4.9019112957e+01    2.9411467774e+01
    1.9931419983e+03    2.7824452961e+03   -7.6534306644e+04    1.3378922740e+02    1.3318171327e+02    1.3337929254e+02    1.3548484188e-01    5.9127023683e-02    2.6685270875e-02    5.8822935548e+01    4.9019112957e+01    2.9411467774e+01
    1.9831927154e+03    2.7685560019e+03   -7.6519414552e+04    1.3366779428e+02    1.3339355730e+02    1.3338086858e+02    4.3044072699e-02    8.7742891220e-02    1.1983492834e-02    5.8822935548e+01    4.9019112957e+01    2.9411467774e+01
    1.9910086352e+03    2.7794671007e+03   -7.6530395122e+04    1.3369003185e+02    1.3323630414e+02    1.3362043086e+02    1.2958506244e-01   -6.6502967726e-02   -3.6264151247e-02    5.8822935548e+01    4.9019112957e+01    2.9411467774e+01
    1.9993307460e+03    2.7910848471e+03   -7.6539697835e+04    1.3336294482e+02    1.3347998371e+02    1.3333698488e+02    2.5649082075e-02    1.4790017399e-01    6.9023777786e-02    5.8822935548e+01    4.9019112957e+01    2.9411467774e+01
    1.9879517214e+03    2.7751996198e+03   -7.6523322166e+04    1.3352982943e+02    1.3318751915e+02    1.3348646993e+02   -5.1438358489e-04    3.8712886665e-02    1.5017232641e-02    5.8822935548e+01    4.9019112957e+01    2.9411467774e+01
    2.0255194212e+03    2.8276444881e+03   -7.6579351140e+04    1.3332141571e+02    1.3344938091e+02    1.3324350720e+02   -1.7295909873e-02   -3.5387763516e-02   -3.9577555273e-03    5.8822935548e+01    4.9019112957e+01    2.9411467774e+01
    1.9888701719e+03    2.7764817855e+03   -7.6528303212e+04    1.3369020465e+02    1.3331718325e+02    1.3349188996e+02    4.6053783607e-02    7.7120514330e-02    9.0942544868e-02    5.8822935548e+01    4.9019112957e+01    2.9411467774e+01
    2.0010140448e+03    2.7934347483e+03   -7.6542125638e+04    1.3361307434e+02    1.3332847964e+02    1.3348703452e+02    5.5766364648e-02   -9.7064649067e-03    3.7107622753e-02    5.8822935548e+01    4.9019112957e+01    2.9411467774e+01
    1.9825702380e+03    2.7676870176e+03   -7.6519246068e+04    1.3366132071e+02    1.3330537962e+02    1.3334979341e+02    9.5237358379e-02   -4.8808645709e-02    2.3989855324e-02    5.8822935548e+01    4.9019112957e+01    2.9411467774e+01
    2.0267327105e+03    2.8293382516e+03   -7.6580286708e+04    1.3358294265e+02    1.3326686346e+02    1.3306496376e+02   -7.9384788075e-02   -3.2437206659e-02   -5.3166625383e-02    5.8822935548e+01    4.9019112957e+01    2.9411467774e+01
    2.0065253618e+03    2.8011285994e+03   -7.6553442558e+04    1.3370815181e+02    1.3323424235e+02    1.3321787396e+02    6.4679860935e-02   -1.0544663430e-01   -2.1059263030e-02    5.8822935548e+01    4.9019112957e+01    2.9411467774e+01
    1.9931588973e+03    2.7824688872e+03   -7.6533899250e+04    1.3343659464e+02    1.3345564810e+02    1.3325615638e+02    3.2836634174e-02    2.8234532822e-02    1.0604955314e-01    5.8822935548e+01    4.9019112957e+01    2.9411467774e+01
    2.0013297855e+03    2.7938755253e+03   -7.6541238066e+04    1.3345646577e+02    1.3346594733e+02    1.3332338666e+02    2.1118996381e-02    1.3921127982e-01   -1.2717169177e-01    5.8822935548e+01    4.9019112957e+01    2.9411467774e+01
    1.9881960295e+03    2.7755406763e+03   -7.6526581433e+04    1.3359465342e+02    1.3369214036e+02    1.3342019279e+02    4.6826750234e-02   -7.4899631943e-02    6.7599101280e-02    5.8822935548e+01    4.9019112957e+01    2.9411467774e+01
    2.0032574001e+03    2.7965664937e+03   -7.6547868772e+04    1.3353940706e+02    1.3325613162e+02    1.3327219539e+02    3.6967061898e-02    1.0487597429e-01    1.4377184234e-01    5.8822935548e+01    4.9019112957e+01    2.9411467774e+01
    1.9760987215e+03    2.7586527186e+03   -7.6511471868e+04    1.3399093251e+02    1.3331305385e+02    1.3341433648e+02    1.4896580768e-01   -1.7394277395e-02   -4.8438379370e-02    5.8822935548e+01    4.9019112957e+01    2.9411467774e+01
    1.9982586135e+03    2.7895881398e+03   -7.6543183774e+04    1.3369818146e+02    1.3340345317e+02    1.3328467807e+02    1.9991535927e-01    6.5380277763e-02   -7.3368136846e-02    5.8822935548e+01    4.9019112957e+01    2.9411467774e+01
    1.9908090789e+03    2.7791885183e+03   -7.6528080504e+04    1.3357160401e+02    1.3330550694e+02    1.3362989073e+02   -5.5835316446e-02   -1.1173599370e-01   -8.7048092367e-02    5.8822935548e+01    4.9019112957e+01    2.9411467774e+01
    2.0007157441e+03    2.7930183176e+03   -7.6541632975e+04    1.3360930657e+02    1.3319472642e+02    1.3353581060e+02    2.1651194957e-02   -4.9821681488e-02   -7.0110036901e-03    5.8822935548e+01    4.9019112957e+01    2.9411467774e+01
    1.9812829680e+03    2.7658899762e+03   -7.6514621693e+04    1.3381809927e+02    1.3344452956e+02    1.3318417024e+02    4.8759720205e-02    1.4128368389e-02   -8.8515788937e-02    5.8822935548e+01    4.9019112957e+01    2.9411467774e+01
    2.0128375091e+03    2.8099404175e+03   -7.6559803953e+04    1.3353595373e+02    1.3328934914e+02    1.3335230726e+02   -3.5915737461e-02    2.1842351453e-02   -8.7760798423e-02    5.8822935548e+01    4.9019112957e+01    2.9411467774e+01
    2.0120441733e+03    2.8088329131e+03   -7.6559256938e+04    1.3357127544e+02    1.3326986089e+02    1.3315628321e+02    3.9752464445e-02    4.8703810682e-02   -3.5167801709e-02    5.8822935548e+01    4.9019112957e+01    2.9411467774e+01
    2.0016103727e+03    2.7942672277e+03   -7.6544748681e+04    1.3378496345e+02    1.3336981285e+02    1.3338099032e+02   -3.7634866854e-02    2.2891097825e-03   -3.2288228480e-02    5.8822935548e+01    4.9019112957e+01    2.9411467774e+01
    2.0016103727e+03    2.7942672277e+03   -7.6544748681e+04    1.3378496345e+02    1.3336981285e+02    1.3338099032e+02   -3.7634866854e-02    2.2891097825e-03   -3.2288228480e-02    5.8822935548e+01    4.9019112957e+01    2.9411467774e+01
    2.0016103727e+03    2.7942672277e+03   -7.6544748681e+04    1.3378496345e+02    1.3336981285e+02    1.3338099032e+02   -3.7634866854e-02    2.2891097825e-03   -3.2288228480e-02    5.8822935548e+01    4.9019112957e+01    2.9411467774e+01
    2.0016103727e+03    2.7942672277e+03   -7.6544748681e+04    1.3378496345e+02    1.3336981285e+02    1.3338099032e+02   -3.7634866854e-02    2.2891097825e-03   -3.2288228480e-02    5.8822935548e+01    4.9019112957e+01    2.9411467774e+01
    2.0016103727e+03    2.7942672277e+03   -7.6544748681e+04    1.3378496345e+02    1.3336981285e+02    1.3338099032e+02   -3.7634866854e-02    2.2891097825e-03   -3.2288228480e-02    5.8822935548e+01    4.9019112957e+01    2.9411467774e+01
    2.0016103727e+03    2.7942672277e+03   -7.6544748681e+04    1.3378496345e+02    1.3336981285e+02    1.3338099032e+02   -3.7634866854e-02    2.2891097825e-03   -3.2288228480e-02    5.8822935548e+01    4.9019112957e+01    2.9411467774e+01
    2.0016103727e+03    2.7942672277e+03   -7.6544748681e+04    1.3378496345e+02    1.3336981285e+02    1.3338099032e+02   -3.7634866854e-02    2.2891097825e-03   -3.2288228480e-02    5.8822935548e+01    4.9019112957e+01    2.9411467774e+01
    2.0016103727e+03    2.7942672277e+03   -7.6544748681e+04    1.3378496345e+02    1.3336981285e+02    1.3338099032e+02   -3.7634866854e-02    2.2891097825e-03   -3.2288228480e-02    5.8822935548e+01    4.9019112957e+01    2.9411467774e+01
    2.0016103727e+03    2.7942672277e+03   -7.6544748681e+04    1.3378496345e+02    1.3336981285e+02    1.3338099032e+02   -3.7634866854e-02    2.2891097825e-03   -3.2288228480e-02    5.8822935548e+01    4.9019112957e+01    2.9411467774e+01
    2.0016103727e+03    2.7942672277e+03   -7.6544748681e+04    1.3378496345e+02    1.3336981285e+02    1.3338099032e+02   -3.7634866854e-02    2.2891097825e-03   -3.2288228480e-02    5.8822935548e+01    4.9019112957e+01    2.9411467774e+01
    2.0016103727e+03    2.7942672277e+03   -7.6544748681e+04    1.3378496345e+02    1.3336981285e+02    1.3338099032e+02   -3.7634866854e-02    2.2891097825e-03   -3.2288228480e-02    5.8822935548e+01    4.9019112957e+01    2.9411467774e+01
    2.0016103727e+03    2.7942672277e+03   -7.6544748681e+04    1.3378496345e+02    1.3336981285e+02    1.3338099032e+02   -3.7634866854e-02    2.2891097825e-03   -3.2288228480e-02    5.8822935548e+01    4.9019112957e+01    2.9411467774e+01
    2.0016103727e+03    2.7942672277e+03   -7.6544748681e+04    1.3378496345e+02    1.3336981285e+02    1.3338099032e+02   -3.7634866854e-02    2.2891097825e-03   -3.2288228480e-02    5.8822935548e+01    4.9019112957e+01    2.9411467774e+01
    2.0016103727e+03    2.7942672277e+03   -7.6544748681e+04    1.3378496345e+02    1.3336981285e+02    1.3338099032e+02   -3.7634866854e-02    2.2891097825e-03   -3.2288228480e-02    5.8822935548e+01    4.9019112957e+01    2.9411467774e+01
    2.0016103727e+03    2.7942672277e+03   -7.6544748681e+04    1.3378496345e+02    1.3336981285e+02    1.3338099032e+02   -3.7634866854e-02    2.2891097825e-03   -3.2288228480e-02    5.8822935548e+01    4.9019112957e+01    2.9411467774e+01
    2.0016103727e+03    2.7942672277e+03   -7.6544748681e+04    1.3378496345e+02    1.3336981285e+02    1.3338099032e+02   -3.7634866854e-02    2.2891097825e-03   -3.2288228480e-02    5.8822935548e+01    4.9019112957e+01    2.9411467774e+01
    2.0016103727e+03    2.7942672277e+03   -7.6544748681e+04    1.3378496345e+02    1.3336981285e+02    1.3338099032e+02   -3.7634866854e-02    2.2891097825e-03   -3.2288228480e-02    5.8822935548e+01    4.9019112957e+01    2.9411467774e+01
    2.0016103727e+03    2.7942672277e+03   -7.6544748681e+04    1.3378496345e+02    1.3336981285e+02    1.3338099032e+02   -3.7634866854e-02    2.2891097825e-03   -3.2288228480e-02    5.8822935548e+01    4.9019112957e+01    2.9411467774e+01
    2.0016103727e+03    2.7942672277e+03   -7.6544748681e+04    1.3378496345e+02    1.3336981285e+02    1.3338099032e+02   -3.7634866854e-02    2.2891097825e-03   -3.2288228480e-02    5.8822935548e+01    4.9019112957e+01    2.9411467774e+01
    2.0016103727e+03    2.7942672277e+03   -7.6544748681e+04    1.3378496345e+02    1.3336981285e+02    1.3338099032e+02   -3.7634866854e-02    2.2891097825e-03   -3.2288228480e-02    5.8822935548e+01    4.9019112957e+01    2.9411467774e+01
    2.0016103727e+03    2.7942672277e+03   -7.6544748681e+04    1.3378496345e+02    1.3336981285e+02    1.3338099032e+02   -3.7634866854e-02    2.2891097825e-03   -3.2288228480e-02    5.8822935548e+01    4.9019112957e+01    2.9411467774e+01
    2.0016103727e+03    2.7942672277e+03   -7.6544748681e+04    1.3378496345e+02    1.3336981285e+02    1.3338099032e+02   -3.7634866854e-02    2.2891097825e-03   -3.2288228480e-02    5.8822935548e+01    4.9019112957e+01    2.9411467774e+01
    2.0016103727e+03    2.7942672277e+03   -7.6544748681e+04    1.3378496345e+02    1.3336981285e+02    1.3338099032e+02   -3.7634866854e-02    2.2891097825e-03   -3.2288228480e-02    5.8822935548e+01    4.9019112957e+01    2.9411467774e+01
    2.0016103727e+03    2.7942672277e+03   -7.6544748681e+04    1.3378496345e+02    1.3336981285e+02    1.3338099032e+02   -3.7634866854e-02    2.2891097825e-03   -3.2288228480e-02    5.8822935548e+01    4.9019112957e+01    2.9411467774e+01
    2.0016103727e+03    2.7942672277e+03   -7.6544748681e+04    1.3378496345e+02    1.3336981285e+02    1.3338099032e+02   -3.7634866854e-02    2.2891097825e-03   -3.2288228480e-02    5.8822935548e+01    4.9019112957e+01    2.9411467774e+01
    2.0016103727e+03    2.7942672277e+03   -7.6544748681e+04    1.3378496345e+02    1.3336981285e+02    1.3338099032e+02   -3.7634866854e-02    2.2891097825e-03   -3.2288228480e-02    5.8822935548e+01    4.9019112957e+01    2.9411467774e+01
    2.0016103727e+03    2.7942672277e+03   -7.6544748681e+04    1.3378496345e+02    1.3336981285e+02    1.3338099032e+02   -3.7634866854e-02    2.2891097825e-03   -3.2288228480e-02    5.8822935548e+01    4.9019112957e+01    2.9411467774e+01
    2.0016103727e+03    2.7942672277e+03   -7.6544748681e+04    1.3378496345e+02    1.3336981285e+02    1.3338099032e+02   -3.7634866854e-02    2.2891097825e-03   -3.2288228480e-02    5.8822935548e+01    4.9019112957e+01    2.9411467774e+01
    2.0016103727e+03    2.7942672277e+03   -7.6544748681e+04    1.3378496345e+02    1.3336981285e+02    1.3338099032e+02   -3.7634866854e-02    2.2891097825e-03   -3.2288228480e-02    5.8822935548e+01    4.9019112957e+01    2.9411467774e+01
    2.0016103727e+03    2.7942672277e+03   -7.6544748681e+04    1.3378496345e+02    1.3336981285e+02    1.3338099032e+02   -3.7634866854e-02    2.2891097825e-03   -3.2288228480e-02    5.8822935548e+01    4.9019112957e+01    2.9411467774e+01
    2.0016103727e+03    2.7942672277e+03   -7.6544748681e+04    1.3378496345e+02    1.3336981285e+02    1.3338099032e+02   -3.7634866854e-02    2.2891097825e-03   -3.2288228480e-02    5.8822935548e+01    4.9019112957e+01    2.9411467774e+01
