    3.9755133274e+03    4.9948691713e+03   -6.6388324676e+04    1.4634300680e+02    1.4559703229e+02    1.4582404953e+02    1.8833211620e-01   -2.5275857015e-01   -6.1513464942e-02    8.8234403322e+01    2.9411467774e+01    2.9411467774e+01
    4.0254412474e+03    5.0575990398e+03   -6.6417065274e+04    1.4610480323e+02    1.4554158631e+02    1.4574321535e+02    1.9152931161e-01    3.6983592333e-02   -1.8569128383e-03    8.8234403322e+01    2.9411467774e+01    2.9411467774e+01
    3.9979292606e+03    5.0230327428e+03   -6.6378969590e+04    1.4556687232e+02    1.4611215084e+02    1.4604593061e+02    1.8085087440e-01    2.4038024392e-01   -1.1343700965e-01    8.8234403322e+01    2.9411467774e+01    2.9411467774e+01
    4.0216382182e+03    5.0528208812e+03   -6.6408863121e+04    1.4655063670e+02    1.4517542154e+02    1.4583917265e+02    2.0690556311e-02   -1.0986985990e-01   -3.1518083430e-02    8.8234403322e+01    2.9411467774e+01    2.9411467774e+01
    3.9576653681e+03    4.9724448416e+03   -6.6325911088e+04    1.4662362894e+02    1.4595020176e+02    1.4591984916e+02    1.6368634867e-01    3.3926603180e-01    8.3778012714e-02    8.8234403322e+01    2.9411467774e+01    2.9411467774e+01
    3.9793077986e+03    4.9996365776e+03   -6.6361111557e+04    1.4654424633e+02    1.4588360799e+02    1.4567718546e+02   -1.4218345958e-01    1.5664603595e-02   -1.3712770479e-01    8.8234403322e+01    2.9411467774e+01    2.9411467774e+01
    3.9835623276e+03    5.0049820044e+03   -6.6366151466e+04    1.4623548139e+02    1.4550593521e+02    1.4602045306e+02    1.0766301938e-01   -1.8902679128e-01    4.1216970094e-02    8.8234403322e+01    2.9411467774e+01    2.9411467774e+01
    3.9990438937e+03    5.0244331775e+03   -6.6389558909e+04    1.4552652535e+02    1.4609869770e+02    1.4610670601e+02    2.0871547606e-01    2.6588292509e-01   -2.6049823803e-02    8.8234403322e+01    2.9411467774e+01    2.9411467774e+01
    3.9742728058e+03    4.9933105694e+03   -6.6345243832e+04    1.4616007672e+02    1.4603946894e+02    1.4562608610e+02    1.1058476619e-01    5.9413010474e-02    3.4363429443e-01    8.8234403322e+01    2.9411467774e+01    2.9411467774e+01
    3.9909832869e+03    5.0143057616e+03   -6.6370113162e+04    1.4633656393e+02    1.4537367276e+02    1.4614131541e+02    9.2085875316e-02    2.8631343896e-01    3.3804716868e-02    8.8234403322e+01    2.9411467774e+01    2.9411467774e+01
    4.0157734278e+03    5.0454523081e+03   -6.6406758254e+04    1.4618168582e+02    1.4556303392e+02    1.4558071220e+02   -1.1468730578e-01    1.4129827108e-01    1.1428135344e-01    8.8234403322e+01    2.9411467774e+01    2.9411467774e+01
    3.9558475498e+03    4.9701609191e+03   -6.6331928233e+04    1.4667244882e+02    1.4530274933e+02    1.4601203838e+02    4.4109656226e-02   -4.0871778369e-01   -3.4301659391e-02    8.8234403322e+01    2.9411467774e+01    2.9411467774e+01
    3.9502040441e+03    4.9630703699e+03   -6.6319553849e+04    1.4597220325e+02    1.4582957420e+02    1.4585030164e+02   -6.1085325099e-02    3.8266040128e-01    3.4485424091e-01    8.8234403322e+01    2.9411467774e+01    2.9411467774e+01
    3.9938202111e+03    5.0178700977e+03   -6.6373219841e+04    1.4593348601e+02    1.4578282808e+02    1.4632895759e+02   -1.0510348835e-01    1.7531122868e-01   -5.3556876415e-02    8.8234403322e+01    2.9411467774e+01    2.9411467774e+01
    4.0121424861e+03    5.0408903617e+03   -6.6399698220e+04    1.4567379063e+02    1.4574401913e+02    1.4561507510e+02   -8.9054932683e-02   -1.5052125562e-02   -6.4963174303e-02    8.8234403322e+01    2.9411467774e+01    2.9411467774e+01
    3.9725192340e+03    4.9911073666e+03   -6.6349495542e+04    1.4678929989e+02    1.4539355445e+02    1.4542025707e+02   -6.5387959650e-03    1.5739566505e-01    1.9268549636e-01    8.8234403322e+01    2.9411467774e+01    2.9411467774e+01
    4.0008144498e+03    5.0266577194e+03   -6.6385846722e+04    1.4573434535e+02    1.4588221462e+02    1.4597457334e+02   -1.2659333954e-02   -1.7729792900e-01   -6.1457743916e-02    8.8234403322e+01    2.9411467774e+01    2.9411467774e+01
    4.0020859878e+03    5.0282552907e+03   -6.6391780650e+04    1.4600142824e+02    1.4560484427e+02    1.4600599797e+02   -7.8564158187e-02   -7.4641710045e-02    5.7015479850e-02    8.8234403322e+01    2.9411467774e+01    2.9411467774e+01
    4.0233462310e+03    5.0549668433e+03   -6.6415339680e+04    1.4623370837e+02    1.4565569780e+02    1.4547645157e+02   -1.5209703029e-01   -6.4674797462e-02   -9.2631130573e-02    8.8234403322e+01    2.9411467774e+01    2.9411467774e+01
    4.0089320480e+03    5.0368567395e+03   -6.6395434781e+04    1.4626840208e+02    1.4567346361e+02    1.4590632743e+02   -2.2572634920e-02   -1.1011904908e-01    3.7356004478e-01    8.8234403322e+01    2.9411467774e+01    2.9411467774e+01
    3.9899412656e+03    5.0129965570e+03   -6.6371907859e+04    1.4592624750e+02    1.4563988835e+02    1.4628733345e+02    1.7534506244e-02   -1.2182667165e-01   -2.8303671275e-01    8.8234403322e+01    2.9411467774e+01    2.9411467774e+01
    3.9927015124e+03    5.0164645550e+03   -6.6375331306e+04    1.4617574823e+02    1.4580647026e+02    1.4570971861e+02    6.8758993936e-02   -9.1705831338e-02   -3.3860851886e-02    8.8234403322e+01    2.9411467774e+01    2.9411467774e+01
    3.9640325689e+03    4.9804446475e+03   -6.6337706417e+04    1.4618478983e+02    1.4563175936e+02    1.4640652264e+02    1.1661109551e-01    1.5604253035e-01    8.5289044239e-02    8.8234403322e+01    2.9411467774e+01    2.9411467774e+01
    3.9970895687e+03    5.0219777467e+03   -6.6384912367e+04    1.4617579046e+02    1.4594325506e+02    1.4568436656e+02   -1.0756082721e-01    3.1126224728e-01   -1.4455783423e-01    8.8234403322e+01    2.9411467774e+01    2.9411467774e+01
    4.0164266707e+03    5.0462730481e+03   -6.6403362097e+04    1.4592821905e+02    1.4596090068e+02    1.4551741742e+02   -3.2081149227e-02   -7.8036906772e-02    3.7149017832e-02    8.8234403322e+01    2.9411467774e+01    2.9411467774e+01
    4.0295068373e+03    5.0627070820e+03   -6.6421175610e+04    1.4574487587e+02    1.4578474464e+02    1.4569798908e+02   -2.2302283610e-01    2.2557927755e-01   -3.9556915921e-02    8.8234403322e+01    2.9411467774e+01    2.9411467774e+01
    4.0170503199e+03    5.0470566063e+03   -6.6405036154e+04    1.4634490550e+02    1.4553608402e+02    1.4516661760e+02    1.3251363384e-01   -6.2486329569e-02    3.8296776125e-02    8.8234403322e+01    2.9411467774e+01    2.9411467774e+01
    3.9852548361e+03    5.0071084867e+03   -6.6369299851e+04    1.4622309198e+02    1.4589887152e+02    1.4575504646e+02   -1.0272666170e-01   -4.0103573425e-02    7.4727343461e-02    8.8234403322e+01    2.9411467774e+01    2.9411467774e+01
    4.0035046353e+03    5.0300376915e+03   -6.6385464715e+04    1.4637676725e+02    1.4574438763e+02    1.4601366942e+02    3.5912449527e-01    1.7943003753e-02   -1.6138203935e-02    8.8234403322e+01    2.9411467774e+01    2.9411467774e+01
    4.0071052903e+03    5.0345615855e+03   -6.6395882133e+04    1.4596121757e+02    1.4624382631e+02    1.4503864279e+02    2.0680121443e-01   -1.3081867197e-01   -1.2719653731e-01    8.8234403322e+01    2.9411467774e+01    2.9411467774e+01
    3.9742176892e+03    4.9932413203e+03   -6.6354329520e+04    1.4655072972e+02    1.4615818989e+02    1.4538634715e+02   -2.5476241729e-01    3.8034134525e-01   -1.4419774287e-01    8.8234403322e+01    2.9411467774e+01    2.9411467774e+01
    3.9899326992e+03    5.0129857941e+03   -6.6376715941e+04    1.4613428282e+02    1.4531747099e+02    1.4625445879e+02   -2.9000899582e-02    9.8292554930e-02   -1.9286542696e-01    8.8234403322e+01    2.9411467774e+01    2.9411467774e+01
    3.9876759347e+03    5.0101503759e+03   -6.6371167971e+04    1.4565000061e+02    1.4614753451e+02    1.4571372206e+02   -8.1950569301e-02    1.1999765318e-01    1.2626498247e-01    8.8234403322e+01    2.9411467774e+01    2.9411467774e+01
    4.0434551981e+03    5.0802319226e+03   -6.6436498941e+04    1.4586739199e+02    1.4566549861e+02    1.4555428466e+02    4.8932419957e-02   -8.3316081337e-02   -1.1718661077e-03    8.8234403322e+01    2.9411467774e+01    2.9411467774e+01
    4.0294024455e+03    5.0625759232e+03   -6.6420850178e+04    1.4617600579e+02    1.4548274716e+02    1.4563284520e+02   -1.0088654478e-01   -2.1978911680e-01   -2.2493409099e-02    8.8234403322e+01    2.9411467774e+01    2.9411467774e+01
    3.9860497110e+03    5.0081071744e+03   -6.6366831222e+04    1.4642396391e+02    1.4545731047e+02    1.4598801899e+02   -2.6604044532e-02    1.6383111756e-01    1.8398841734e-01    8.8234403322e+01    2.9411467774e+01    2.9411467774e+01
    4.0123829591e+03    5.0411924941e+03   -6.6404098743e+04    1.4576545516e+02    1.4570826274e+02    1.4595379659e+02    5.3938113812e-03   -7.6194795066e-02   -2.2828552582e-02    8.8234403322e+01    2.9411467774e+01    2.9411467774e+01
    4.0300229708e+03    5.0633555566e+03   -6.6428142493e+04    1.4606051428e+02    1.4502439984e+02    1.4598609646e+02   -7.0286661618e-02   -2.9137875488e-01    1.5470288954e-01    8.8234403322e+01    2.9411467774e+01    2.9411467774e+01
    4.0074784336e+03    5.0350304059e+03   -6.6397450033e+04    1.4588556490e+02    1.4590359555e+02    1.4542490525e+02    9.3279175443e-02    1.1081871060e-01    6.7077331885e-02    8.8234403322e+01    2.9411467774e+01    2.9411467774e+01
    3.9982000395e+03    5.0233729517e+03   -6.6383139071e+04    1.4614549239e+02    1.4577637079e+02    1.4535462522e+02    7.6263758440e-02   -1.3591630329e-01   -2.8044970507e-01    8.8234403322e+01    2.9411467774e+01    2.9411467774e+01
    3.9782220235e+03    4.9982724005e+03   -6.6356991123e+04    1.4635849765e+02    1.4581292721e+02    1.4572687855e+02   -6.8305484629e-02   -1.7877373584e-01   -6.1621427489e-02    8.8234403322e+01    2.9411467774e+01    2.9411467774e+01
    3.9895047222e+03    5.0124480803e+03   -6.6374673388e+04    1.4593467587e+02    1.4553164311e+02    1.4592241066e+02    6.0175441307e-02    5.1458794699e-02   -1.9406959686e-01    8.8234403322e+01    2.9411467774e+01    2.9411467774e+01
    4.0085392630e+03    5.0363632411e+03   -6.6393806123e+04    1.4628585621e+02    1.4626664771e+02    1.4485838823e+02    1.4725844114e-01    3.6195845236e-02   -9.1982500464e-02    8.8234403322e+01    2.9411467774e+01    2.9411467774e+01
    3.9972620676e+03    5.0221944757e+03   -6.6373986567e+04    1.4621776620e+02    1.4541354161e+02    1.4562051978e+02   -9.1460439553e-02    1.9657251706e-02    1.1149592031e-02    8.8234403322e+01    2.9411467774e+01    2.9411467774e+01
    3.9900184392e+03    5.0130935187e+03   -6.6368437521e+04    1.4624211943e+02    1.4576815793e+02    1.4581601427e+02    2.0110019042e-01    3.7503493251e-02    1.3441914871e-01    8.8234403322e+01    2.9411467774e+01    2.9411467774e+01
    3.9991714107e+03    5.0245933908e+03   -6.6383015684e+04    1.4596729425e+02    1.4617330489e+02    1.4536318337e+02   -9.9755936909e-02   -3.2333063129e-02   -9.8814296312e-02    8.8234403322e+01    2.9411467774e+01    2.9411467774e+01
    3.9776087094e+03    4.9975018273e+03   -6.6353363253e+04    1.4613036128e+02    1.4574322532e+02    1.4608317369e+02    2.5040684656e-01   -7.5905299652e-03   -2.4928083264e-02    8.8234403322e+01    2.9411467774e+01    2.9411467774e+01
    3.9916748002e+03    5.0151745849e+03   -6.6374480084e+04    1.4609324260e+02    1.4608816776e+02    1.4603576976e+02   -6.5790915889e-02   -2.3321518782e-01    3.2059745409e-01    8.8234403322e+01    2.9411467774e+01    2.9411467774e+01
    4.0128007571e+03    5.0417174191e+03   -6.6398180721e+04    1.4604004785e+02    1.4581008867e+02    1.4572669458e+02    3.6133445843e-02    1.0188674128e-01    7.7312351945e-02    8.8234403322e+01    2.9411467774e+01    2.9411467774e+01
    4.0089393996e+03    5.0368659762e+03   -6.6396324486e+04    1.4564060584e+02    1.4567380214e+02    1.4647989473e+02   -2.0217402350e-01   -4.6293208155e-01   -3.2635031024e-02    8.8234403322e+01    2.9411467774e+01    2.9411467774e+01
    3.9806989265e+03    5.0013844027e+03   -6.6359357524e+04    1.4586530629e+02    1.4598329994e+02    1.4596752158e+02    6.3899376531e-02    1.0667227696e-01   -1.7613904245e-01    8.8234403322e+01    2.9411467774e+01    2.9411467774e+01
    3.9936736547e+03    5.0176859629e+03   -6.6372980851e+04    1.4627993212e+02    1.4580291832e+02    1.4570428429e+02    1.1819409252e-02    1.0391944202e-01    4.6950182532e-01    8.8234403322e+01    2.9411467774e+01    2.9411467774e+01
    4.0281010437e+03    5.0609408308e+03   -6.6416166435e+04    1.4587951823e+02    1.4556336664e+02    1.4572742481e+02   -9.1172779582e-02   -2.8530207281e-01   -1.0748707531e-01    8.8234403322e+01    2.9411467774e+01    2.9411467774e+01
    3.9809066983e+03    5.0016454490e+03   -6.6357852075e+04    1.4623944397e+02    1.4557742711e+02    1.4595636481e+02    1.2228317601e-01    1.7216668730e-01    2.9066458575e-01    8.8234403322e+01    2.9411467774e+01    2.9411467774e+01
    4.0127973929e+03    5.0417131923e+03   -6.6400900036e+04    1.4619393777e+02    1.4562322810e+02    1.4572287803e+02   -1.9004141716e-02   -6.9993765546e-02    3.9103578602e-02    8.8234403322e+01    2.9411467774e+01    2.9411467774e+01
    3.9870788075e+03    5.0094001402e+03   -6.6371611194e+04    1.4612295171e+02    1.4585976167e+02    1.4565736852e+02   -9.8594419806e-02    2.4852616343e-02   -1.0171810451e-01    8.8234403322e+01    2.9411467774e+01    2.9411467774e+01
    4.0180576056e+03    5.0483221687e+03   -6.6407768027e+04    1.4584640816e+02    1.4566428503e+02    1.4583097445e+02   -1.6398651584e-01    6.8089171114e-02   -2.2719427921e-03    8.8234403322e+01    2.9411467774e+01    2.9411467774e+01
    3.9944702271e+03    5.0186867833e+03   -6.6376620604e+04    1.4583816038e+02    1.4559423364e+02    1.4611954514e+02    8.0769248800e-02    3.3706803879e-03    1.2893635291e-01    8.8234403322e+01    2.9411467774e+01    2.9411467774e+01
    4.0543891488e+03    5.0939694325e+03   -6.6453867545e+04    1.4592411266e+02    1.4558116562e+02    1.4518852682e+02   -8.8378077435e-02    1.2025662599e-01   -3.8436536660e-02    8.8234403322e+01    2.9411467774e+01    2.9411467774e+01
    4.0071932373e+03    5.0346720828e+03   -6.6390737043e+04    1.4595278905e+02    1.4563713181e+02    1.4589599314e+02    1.1745660901e-01   -2.1745628022e-02   -3.3264676085e-01    8.8234403322e+01    2.9411467774e+01    2.9411467774e+01
    3.9891653608e+03    5.0120217036e+03   -6.6372857301e+04    1.4615916505e+02    1.4541724632e+02    1.4600805991e+02    1.2543522954e-01   -2.6155339318e-01    1.2411433660e-01    8.8234403322e+01    2.9411467774e+01    2.9411467774e+01
    4.0033807869e+03    5.0298820873e+03   -6.6392826985e+04    1.4616498656e+02    1.4567234698e+02    1.4534458566e+02    2.0537242402e-01   -1.3722925662e-01    1.4845677806e-01    8.8234403322e+01    2.9411467774e+01    2.9411467774e+01
    3.9615450135e+03    4.9773192614e+03   -6.6332510581e+04    1.4617168930e+02    1.4586938765e+02    1.4564410410e+02    1.9404681087e-01   -2.0218658303e-01   -5.6298291762e-02    8.8234403322e+01    2.9411467774e+01    2.9411467774e+01
    4.0418724074e+03    5.0782432908e+03   -6.6431847114e+04    1.4582987224e+02    1.4596250737e+02    1.4557045366e+02   -8.2581583516e-02   -1.7225163686e-01    2.7129247175e-02    8.8234403322e+01    2.9411467774e+01    2.9411467774e+01
    3.9629092622e+03    4.9790333152e+03   -6.6334858932e+04    1.4682258026e+02    1.4572548130e+02    1.4558212669e+02    1.5606851480e-01    3.4900817897e-02    2.3819827422e-02    8.8234403322e+01    2.9411467774e+01    2.9411467774e+01
    4.0044213148e+03    5.0311894156e+03   -6.6390073411e+04    1.4589817865e+02    1.4584557657e+02    1.4548629164e+02    1.6259857986e-01   -2.1748167351e-02   -3.0271713523e-02    8.8234403322e+01    2.9411467774e+01    2.9411467774e+01
    3.9670847428e+03    4.9842794250e+03   -6.6344259088e+04    1.4612589142e+02    1.4582283405e+02    1.4589567083e+02   -1.2756488417e-02    3.2221763583e-01    2.6396336287e-02    8.8234403322e+01    2.9411467774e+01    2.9411467774e+01
    4.0261188717e+03    5.0584504129e+03   -6.6417262507e+04    1.4579551445e+02    1.4575163425e+02    1.4583196133e+02   -3.4216954913e-01    1.6460213556e-01   -5.5340397027e-02    8.8234403322e+01    2.9411467774e+01    2.9411467774e+01
    4.0280449314e+03    5.0608703308e+03   -6.6419409102e+04    1.4615843050e+02    1.4587808747e+02    1.4540078132e+02   -2.4107476091e-02   -1.9473937607e-01   -1.3699880407e-02    8.8234403322e+01    2.9411467774e+01    2.9411467774e+01
    3.9916189721e+03    5.0151044420e+03   -6.6376120919e+04    1.4639814716e+02    1.4605000603e+02    1.4536101816e+02   -7.8796430973e-02    3.2627417807e-02   -7.1775302501e-02    8.8234403322e+01    2.9411467774e+01    2.9411467774e+01
    4.0064303621e+03    5.0337135999e+03   -6.6392479548e+04    1.4595611385e+02    1.4566947921e+02    1.4611112986e+02    3.3332089396e-02    7.3215791682e-02    1.2427915214e-01    8.8234403322e+01    2.9411467774e+01    2.9411467774e+01
    4.0166240156e+03    5.0465209939e+03   -6.6401811695e+04    1.4541853473e+02    1.4562860918e+02    1.4588982753e+02   -1.1686098045e-01   -7.8993307799e-02   -1.8263608150e-01    8.8234403322e+01    2.9411467774e+01    2.9411467774e+01
    3.9968058174e+03    5.0216212391e+03   -6.6377818071e+04    1.4650081829e+02    1.4612289440e+02    1.4591925195e+02   -9.3035601841e-03   -2.5033909222e-01   -8.6368614041e-02    8.8234403322e+01    2.9411467774e+01    2.9411467774e+01
    3.9975982303e+03    5.0226168335e+03   -6.6381207523e+04    1.4608658643e+02    1.4549633241e+02    1.4625047505e+02   -2.0513426772e-02   -8.4030114552e-03   -9.5174823688e-02    8.8234403322e+01    2.9411467774e+01    2.9411467774e+01
    3.9862631959e+03    5.0083753987e+03   -6.6365848716e+04    1.4555268945e+02    1.4585021428e+02    1.4617887832e+02   -7.3333961271e-02    1.6769182640e-01   -2.6214907821e-01    8.8234403322e+01    2.9411467774e+01    2.9411467774e+01
    4.0121810619e+03    5.0409388287e+03   -6.6399989965e+04    1.4597975776e+02    1.4599496919e+02    1.4572064890e+02    8.7963684058e-02   -9.0782867473e-02   -9.7207225048e-02    8.8234403322e+01    2.9411467774e+01    2.9411467774e+01
    4.0244449046e+03    5.0563472262e+03   -6.6413069329e+04    1.4616010456e+02    1.4536444420e+02    1.4572089054e+02   -1.2921668788e-02   -4.7640366915e-01    8.8416565056e-02    8.8234403322e+01    2.9411467774e+01    2.9411467774e+01
    4.0051309264e+03    5.0320809778e+03   -6.6389650407e+04    1.4585619280e+02    1.4583473844e+02    1.4604653756e+02    1.0765826399e-01   -1.3422547538e-01    2.5640963773e-01    8.8234403322e+01    2.9411467774e+01    2.9411467774e+01
    3.9849433102e+03    5.0067170829e+03   -6.6364428078e+04    1.4588005750e+02    1.4590836508e+02    1.4618524237e+02   -2.2449742388e-01   -5.8992459613e-02   -6.3024427040e-02    8.8234403322e+01    2.9411467774e+01    2.9411467774e+01
    4.0107187113e+03    5.0391015188e+03   -6.6399439384e+04    1.4575047844e+02    1.4620979622e+02    1.4549920989e+02   -2.3078913762e-02    6.5463008000e-02   -2.2066140329e-01    8.8234403322e+01    2.9411467774e+01    2.9411467774e+01
    4.0483927488e+03    5.0864355039e+03   -6.6443069623e+04    1.4571577902e+02    1.4557252528e+02    1.4555036721e+02   -7.4994884502e-02   -9.5389192976e-03   -1.4835010575e-01    8.8234403322e+01    2.9411467774e+01    2.9411467774e+01
    4.0110693728e+03    5.0395420929e+03   -6.6394603312e+04    1.4615463097e+02    1.4616626097e+02    1.4530238394e+02    2.2751077176e-01   -2.5139407614e-01   -2.7600149687e-02    8.8234403322e+01    2.9411467774e+01    2.9411467774e+01
    3.9876330517e+03    5.0100964972e+03   -6.6373431329e+04    1.4640673958e+02    1.4567939785e+02    1.4612692168e+02   -1.8425660920e-01   -1.4061000809e-02   -1.9500788125e-02    8.8234403322e+01    2.9411467774e+01    2.9411467774e+01
    3.9854797781e+03    5.0073911058e+03   -6.6363629512e+04    1.4600797700e+02    1.4603152091e+02    1.4599204707e+02    3.4304924307e-02    1.1723092171e-01   -1.3316604150e-01    8.8234403322e+01    2.9411467774e+01    2.9411467774e+01
    3.9966430057e+03    5.0214166810e+03   -6.6383144226e+04    1.4586025534e+02    1.4593575029e+02    1.4590347891e+02   -2.3105038980e-02    7.7791305811e-02    1.1366356855e-01    8.8234403322e+01    2.9411467774e+01    2.9411467774e+01
    4.0249580093e+03    5.0569918954e+03   -6.6416987965e+04    1.4571849082e+02    1.4583433664e+02    1.4572292963e+02    9.3491081209e-02    8.9846686396e-02    1.4159699563e-01    8.8234403322e+01    2.9411467774e+01    2.9411467774e+01
    4.0310477552e+03    5.0646431046e+03   -6.6422255133e+04    1.4537230303e+02    1.4613918288e+02    1.4581725624e+02    4.3657307939e-02    2.9329927412e-02    2.6584854811e-02    8.8234403322e+01    2.9411467774e+01    2.9411467774e+01
    4.0300386041e+03    5.0633751984e+03   -6.6424053740e+04    1.4568212139e+02    1.4598548353e+02    1.4559022640e+02    5.8083679163e-02   -5.7938989000e-02    2.1363018655e-02    8.8234403322e+01    2.9411467774e+01    2.9411467774e+01
    3.9718119404e+03    4.9902187168e+03   -6.6347943253e+04    1.4597956449e+02    1.4611967426e+02    1.4610862568e+02    8.0977901550e-02   -4.6210570352e-02    1.7806444788e-02    8.8234403322e+01    2.9411467774e+01    2.9411467774e+01
    4.0117558573e+03    5.0404045979e+03   -6.6404676309e+04    1.4639955541e+02    1.4552669642e+02    1.4576999216e+02    3.0567458068e-02   -6.7265389386e-02   -1.4159768973e-01    8.8234403322e+01    2.9411467774e+01    2.9411467774e+01
    4.0133066550e+03    5.0423530336e+03   -6.6400174483e+04    1.4559322938e+02    1.4583264431e+02    1.4615382292e+02   -2.8355590237e-01   -2.8801712193e-01   -2.1998702054e-01    8.8234403322e+01    2.9411467774e+01    2.9411467774e+01
    3.9840050892e+03    5.0055382939e+03   -6.6361786584e+04    1.4583507782e+02    1.4660720565e+02    1.4552389987e+02    3.1359061570e-02    3.8028558153e-02   -1.9417004353e-01    8.8234403322e+01    2.9411467774e+01    2.9411467774e+01
    3.9980313787e+03    5.0231610448e+03   -6.6384871050e+04    1.4642323828e+02    1.4590285387e+02    1.4543138842e+02   -1.0927067838e-01    1.7012118719e-01    6.1042701241e-02    8.8234403322e+01    2.9411467774e+01    2.9411467774e+01
    4.0114041439e+03    5.0399627022e+03   -6.6400047704e+04    1.4581340239e+02    1.4640357345e+02    1.4534420258e+02   -1.9612444824e-01   -1.5953912021e-01   -1.2936341838e-01    8.8234403322e+01    2.9411467774e+01    2.9411467774e+01
    3.9830912502e+03    5.0043901388e+03   -6.6364452099e+04    1.4601919003e+02    1.4605727345e+02    1.4575458302e+02    2.3706412525e-01   -8.8871660599e-03    2.6589217444e-01    8.8234403322e+01    2.9411467774e+01    2.9411467774e+01
    4.0064063112e+03    5.0336833822e+03   -6.6389720783e+04    1.4631744401e+02    1.4579462959e+02    1.4595122133e+02    1.0544424112e-01   -1.3800194655e-01   -1.2872492470e-01    8.8234403322e+01    2.9411467774e+01    2.9411467774e+01
    4.0289036587e+03    5.0619492433e+03   -6.6416764738e+04    1.4590483413e+02    1.4579583608e+02    1.4580780048e+02    1.6850293599e-01    1.8669683584e-01    9.6200558830e-02    8.8234403322e+01    2.9411467774e+01    2.9411467774e+01
    3.9712093667e+03    4.9894616381e+03   -6.6351845581e+04    1.4631251345e+02    1.4626002626e+02    1.4583973506e+02    3.0606832466e-04   -9.1823521150e-02    6.8355782562e-02    8.8234403322e+01    2.9411467774e+01    2.9411467774e+01
    4.0118591125e+03    5.0405343287e+03   -6.6394132074e+04    1.4606169720e+02    1.4587277926e+02    1.4572130749e+02   -7.1775039761e-02   -2.8880577193e-01   -2.9509923473e-02    8.8234403322e+01    2.9411467774e+01    2.9411467774e+01
    4.0103073085e+03    5.0385846287e+03   -6.6394267541e+04    1.4621426373e+02    1.4597717800e+02    1.4528932011e+02    4.3602606317e-01    1.7204404651e-01   -9.6341284712e-02    8.8234403322e+01    2.9411467774e+01    2.9411467774e+01
    4.0103073085e+03    5.0385846287e+03   -6.6394267541e+04    1.4621426373e+02    1.4597717800e+02    1.4528932011e+02    4.3602606317e-01    1.7204404651e-01   -9.6341284712e-02    8.8234403322e+01    2.9411467774e+01    2.9411467774e+01
    4.0103073085e+03    5.0385846287e+03   -6.6394267541e+04    1.4621426373e+02    1.4597717800e+02    1.4528932011e+02    4.3602606317e-01    1.7204404651e-01   -9.6341284712e-02    8.8234403322e+01    2.9411467774e+01    2.9411467774e+01
    4.0103073085e+03    5.0385846287e+03   -6.6394267541e+04    1.4621426373e+02    1.4597717800e+02    1.4528932011e+02    4.3602606317e-01    1.7204404651e-01   -9.6341284712e-02    8.8234403322e+01    2.9411467774e+01    2.9411467774e+01
    4.0103073085e+03    5.0385846287e+03   -6.6394267541e+04    1.4621426373e+02    1.4597717800e+02    1.4528932011e+02    4.3602606317e-01    1.7204404651e-01   -9.6341284712e-02    8.8234403322e+01    2.9411467774e+01    2.9411467774e+01
    4.0103073085e+03    5.0385846287e+03   -6.6394267541e+04    1.4621426373e+02    1.4597717800e+02    1.4528932011e+02    4.3602606317e-01    1.7204404651e-01   -9.6341284712e-02    8.8234403322e+01    2.9411467774e+01    2.9411467774e+01
    4.0103073085e+03    5.0385846287e+03   -6.6394267541e+04    1.4621426373e+02    1.4597717800e+02    1.4528932011e+02    4.3602606317e-01    1.7204404651e-01   -9.6341284712e-02    8.8234403322e+01    2.9411467774e+01    2.9411467774e+01
    4.0103073085e+03    5.0385846287e+03   -6.6394267541e+04    1.4621426373e+02    1.4597717800e+02    1.4528932011e+02    4.3602606317e-01    1.7204404651e-01   -9.6341284712e-02    8.8234403322e+01    2.9411467774e+01    2.9411467774e+01
    4.0103073085e+03    5.0385846287e+03   -6.6394267541e+04    1.4621426373e+02    1.4597717800e+02    1.4528932011e+02    4.3602606317e-01    1.7204404651e-01   -9.6341284712e-02    8.8234403322e+01    2.9411467774e+01    2.9411467774e+01
    4.0103073085e+03    5.0385846287e+03   -6.6394267541e+04    1.4621426373e+02    1.4597717800e+02    1.4528932011e+02    4.3602606317e-01    1.7204404651e-01   -9.6341284712e-02    8.8234403322e+01    2.9411467774e+01    2.9411467774e+01
    4.0103073085e+03    5.0385846287e+03   -6.6394267541e+04    1.4621426373e+02    1.4597717800e+02    1.4528932011e+02    4.3602606317e-01    1.7204404651e-01   -9.6341284712e-02    8.8234403322e+01    2.9411467774e+01    2.9411467774e+01
    4.0103073085e+03    5.0385846287e+03   -6.6394267541e+04    1.4621426373e+02    1.4597717800e+02    1.4528932011e+02    4.3602606317e-01    1.7204404651e-01   -9.6341284712e-02    8.8234403322e+01    2.9411467774e+01    2.9411467774e+01
    4.0103073085e+03    5.0385846287e+03   -6.6394267541e+04    1.4621426373e+02    1.4597717800e+02    1.4528932011e+02    4.3602606317e-01    1.7204404651e-01   -9.6341284712e-02    8.8234403322e+01    2.9411467774e+01    2.9411467774e+01
    4.0103073085e+03    5.0385846287e+03   -6.6394267541e+04    1.4621426373e+02    1.4597717800e+02    1.4528932011e+02    4.3602606317e-01    1.7204404651e-01   -9.6341284712e-02    8.8234403322e+01    2.9411467774e+01    2.9411467774e+01
    4.0103073085e+03    5.0385846287e+03   -6.6394267541e+04    1.4621426373e+02    1.4597717800e+02    1.4528932011e+02    4.3602606317e-01    1.7204404651e-01   -9.6341284712e-02    8.8234403322e+01    2.9411467774e+01    2.9411467774e+01
    4.0103073085e+03    5.0385846287e+03   -6.6394267541e+04    1.4621426373e+02    1.4597717800e+02    1.4528932011e+02    4.3602606317e-01    1.7204404651e-01   -9.6341284712e-02    8.8234403322e+01    2.9411467774e+01    2.9411467774e+01
    4.0103073085e+03    5.0385846287e+03   -6.6394267541e+04    1.4621426373e+02    1.4597717800e+02    1.4528932011e+02    4.3602606317e-01    1.7204404651e-01   -9.6341284712e-02    8.8234403322e+01    2.9411467774e+01    2.9411467774e+01
    4.0103073085e+03    5.0385846287e+03   -6.6394267541e+04    1.4621426373e+02    1.4597717800e+02    1.4528932011e+02    4.3602606317e-01    1.7204404651e-01   -9.6341284712e-02    8.8234403322e+01    2.9411467774e+01    2.9411467774e+01
    4.0103073085e+03    5.0385846287e+03   -6.6394267541e+04    1.4621426373e+02    1.4597717800e+02    1.4528932011e+02    4.3602606317e-01    1.7204404651e-01   -9.6341284712e-02    8.8234403322e+01    2.9411467774e+01    2.9411467774e+01
    4.0103073085e+03    5.0385846287e+03   -6.6394267541e+04    1.4621426373e+02    1.4597717800e+02    1.4528932011e+02    4.3602606317e-01    1.7204404651e-01   -9.6341284712e-02    8.8234403322e+01    2.9411467774e+01    2.9411467774e+01
    4.0103073085e+03    5.0385846287e+03   -6.6394267541e+04    1.4621426373e+02    1.4597717800e+02    1.4528932011e+02    4.3602606317e-01    1.7204404651e-01   -9.6341284712e-02    8.8234403322e+01    2.9411467774e+01    2.9411467774e+01
    4.0103073085e+03    5.0385846287e+03   -6.6394267541e+04    1.4621426373e+02    1.4597717800e+02    1.4528932011e+02    4.3602606317e-01    1.7204404651e-01   -9.6341284712e-02    8.8234403322e+01    2.9411467774e+01    2.9411467774e+01
    4.0103073085e+03    5.0385846287e+03   -6.6394267541e+04    1.4621426373e+02    1.4597717800e+02    1.4528932011e+02    4.3602606317e-01    1.7204404651e-01   -9.6341284712e-02    8.8234403322e+01    2.9411467774e+01    2.9411467774e+01
    4.0103073085e+03    5.0385846287e+03   -6.6394267541e+04    1.4621426373e+02    1.4597717800e+02    1.4528932011e+02    4.3602606317e-01    1.7204404651e-01   -9.6341284712e-02    8.8234403322e+01    2.9411467774e+01    2.9411467774e+01
    4.0103073085e+03    5.0385846287e+03   -6.6394267541e+04    1.4621426373e+02    1.4597717800e+02    1.4528932011e+02    4.3602606317e-01    1.7204404651e-01   -9.6341284712e-02    8.8234403322e+01    2.9411467774e+01    2.9411467774e+01
    4.0103073085e+03    5.0385846287e+03   -6.6394267541e+04    1.4621426373e+02    1.4597717800e+02    1.4528932011e+02    4.3602606317e-01    1.7204404651e-01   -9.6341284712e-02    8.8234403322e+01    2.9411467774e+01    2.9411467774e+01
    4.0103073085e+03    5.0385846287e+03   -6.6394267541e+04    1.4621426373e+02    1.4597717800e+02    1.4528932011e+02    4.3602606317e-01    1.7204404651e-01   -9.6341284712e-02    8.8234403322e+01    2.9411467774e+01    2.9411467774e+01
    4.0103073085e+03    5.0385846287e+03   -6.6394267541e+04    1.4621426373e+02    1.4597717800e+02    1.4528932011e+02    4.3602606317e-01    1.7204404651e-01   -9.6341284712e-02    8.8234403322e+01    2.9411467774e+01    2.9411467774e+01
    4.0103073085e+03    5.0385846287e+03   -6.6394267541e+04    1.4621426373e+02    1.4597717800e+02    1.4528932011e+02    4.3602606317e-01    1.7204404651e-01   -9.6341284712e-02    8.8234403322e+01    2.9411467774e+01    2.9411467774e+01
    4.0103073085e+03    5.0385846287e+03   -6.6394267541e+04    1.4621426373e+02    1.4597717800e+02    1.4528932011e+02    4.3602606317e-01    1.7204404651e-01   -9.6341284712e-02    8.8234403322e+01    2.9411467774e+01    2.9411467774e+01
    4.0103073085e+03    5.0385846287e+03   -6.6394267541e+04    1.4621426373e+02    1.4597717800e+02    1.4528932011e+02    4.3602606317e-01    1.7204404651e-01   -9.6341284712e-02    8.8234403322e+01    2.9411467774e+01    2.9411467774e+01
