    4.0067566269e+03    3.8594947000e+03   -5.7425211469e+04    4.6041883713e+01    4.5355671093e+01    4.6036041795e+01   -4.6232794361e-02    6.6788035565e-03   -1.8821387963e-02    7.3791731584e+01    3.1625027822e+01    3.1625027822e+01
    4.0598170992e+03    3.9106050196e+03   -5.7454325268e+04    4.5847625040e+01    4.5428751274e+01    4.5400601811e+01    1.1391513368e-01   -2.4426277691e-01   -1.0808609804e-01    7.3791731584e+01    3.1625027822e+01    3.1625027822e+01
    3.9860588807e+03    3.8395576664e+03   -5.7383713967e+04    4.6200054842e+01    4.5715640537e+01    4.5773580529e+01   -2.3145768056e-01    1.6079414657e-01    2.4382311147e-01    7.3791731584e+01    3.1625027822e+01    3.1625027822e+01
    4.0251520792e+03    3.8772140569e+03   -5.7425562175e+04    4.6522555680e+01    4.5779644991e+01    4.5398233886e+01    1.2376191494e-02   -5.8291091968e-02   -6.7343395237e-02    7.3791731584e+01    3.1625027822e+01    3.1625027822e+01
    4.0325725334e+03    3.8843617842e+03   -5.7423685350e+04    4.5655736634e+01    4.5835790407e+01    4.5432446669e+01   -2.0703305900e-01    1.2170065045e-01    1.9613750939e-03    7.3791731584e+01    3.1625027822e+01    3.1625027822e+01
    4.0182760144e+03    3.8705907109e+03   -5.7420782199e+04    4.5932373911e+01    4.5634061458e+01    4.6031997597e+01   -2.7943625705e-02    8.4021914600e-02   -2.0851637460e-02    7.3791731584e+01    3.1625027822e+01    3.1625027822e+01
    3.9684408840e+03    3.8225871910e+03   -5.7369683071e+04    4.6243699260e+01    4.5722901045e+01    4.6001518892e+01   -1.7755501234e-01    1.9024259364e-01    9.3775255872e-02    7.3791731584e+01    3.1625027822e+01    3.1625027822e+01
    3.9753192547e+03    3.8292127582e+03   -5.7376075443e+04    4.6092904804e+01    4.5855679825e+01    4.5819822535e+01   -1.1953770017e-01    7.0003297281e-02   -5.4673427972e-03    7.3791731584e+01    3.1625027822e+01    3.1625027822e+01
    3.9630712479e+03    3.8174149073e+03   -5.7362505341e+04    4.6060318089e+01    4.6378534346e+01    4.6153200419e+01   -9.1291500815e-02    5.8527418214e-04    1.5063004271e-02    7.3791731584e+01    3.1625027822e+01    3.1625027822e+01
    3.9982749232e+03    3.8513247278e+03   -5.7398466889e+04    4.5946253100e+01    4.5390911988e+01    4.6232516229e+01   -4.3783286882e-02   -1.2428628766e-01   -1.3891423925e-01    7.3791731584e+01    3.1625027822e+01    3.1625027822e+01
    3.9665304214e+03    3.8207469444e+03   -5.7372810792e+04    4.6339425454e+01    4.5897225647e+01    4.5920693085e+01    4.4810209902e-02    1.8656969600e-01   -1.9521577338e-01    7.3791731584e+01    3.1625027822e+01    3.1625027822e+01
    3.9779382514e+03    3.8317354978e+03   -5.7383217434e+04    4.6476779080e+01    4.5707128265e+01    4.5482892023e+01    1.2304029051e-01    9.4894729045e-02    1.9033059625e-01    7.3791731584e+01    3.1625027822e+01    3.1625027822e+01
    3.9923772282e+03    3.8456437931e+03   -5.7393483138e+04    4.6416889757e+01    4.5606584378e+01    4.5756198318e+01   -9.9161298964e-02   -1.0427809608e-01    2.4782209860e-02    7.3791731584e+01    3.1625027822e+01    3.1625027822e+01
    3.9418366436e+03    3.7969607468e+03   -5.7348018328e+04    4.6201029339e+01    4.6026513914e+01    4.6379316211e+01   -1.8174961662e-02    1.1763350636e-01    2.9021168801e-02    7.3791731584e+01    3.1625027822e+01    3.1625027822e+01
    4.0079489915e+03    3.8606432412e+03   -5.7405536193e+04    4.6024445098e+01    4.5445719641e+01    4.5953276882e+01   -8.8476536100e-02    2.3637783631e-01    2.2460553496e-02    7.3791731584e+01    3.1625027822e+01    3.1625027822e+01
    4.0120685019e+03    3.8646113456e+03   -5.7410372818e+04    4.6214146549e+01    4.5921758289e+01    4.5359182524e+01   -5.9794063344e-02    9.8250477632e-03   -6.0768322094e-03    7.3791731584e+01    3.1625027822e+01    3.1625027822e+01
    3.9844602366e+03    3.8380177779e+03   -5.7386460285e+04    4.5939707344e+01    4.5563740301e+01    4.6199717619e+01    6.9768151828e-02   -1.3417053848e-01    1.3295390488e-01    7.3791731584e+01    3.1625027822e+01    3.1625027822e+01
    4.0634762385e+03    3.9141296731e+03   -5.7460122467e+04    4.6340467753e+01    4.5493861841e+01    4.5306927777e+01   -1.5555548595e-01    7.8950311082e-02   -1.0591286431e-01    7.3791731584e+01    3.1625027822e+01    3.1625027822e+01
    4.0452389368e+03    3.8965626542e+03   -5.7445935688e+04    4.5646849105e+01    4.5435203645e+01    4.5481863898e+01   -3.4706560552e-02    1.1230253314e-01   -1.0510466925e-01    7.3791731584e+01    3.1625027822e+01    3.1625027822e+01
    4.0175352574e+03    3.8698771793e+03   -5.7420219028e+04    4.5770389356e+01    4.5922117414e+01    4.5645761278e+01   -6.4920725138e-02    1.6641143464e-01    9.9075528305e-02    7.3791731584e+01    3.1625027822e+01    3.1625027822e+01
    4.0151543713e+03    3.8675837988e+03   -5.7410528195e+04    4.6909261626e+01    4.5349394460e+01    4.5859074177e+01   -1.6009768095e-01    2.0354356850e-01    4.6163407849e-02    7.3791731584e+01    3.1625027822e+01    3.1625027822e+01
    4.0199101795e+03    3.8721648149e+03   -5.7417003523e+04    4.6148660882e+01    4.5574380890e+01    4.5650270402e+01    1.9767393853e-01    5.8902042323e-03    2.3289842720e-01    7.3791731584e+01    3.1625027822e+01    3.1625027822e+01
    4.0268323881e+03    3.8788326088e+03   -5.7425718132e+04    4.5842031592e+01    4.5905848670e+01    4.5893860440e+01    1.7852712084e-01   -2.0588401624e-02    2.9834119679e-02    7.3791731584e+01    3.1625027822e+01    3.1625027822e+01
    4.0036030515e+03    3.8564570293e+03   -5.7402987641e+04    4.6388982260e+01    4.5356276431e+01    4.5464757400e+01    9.9958777449e-02    1.0399430947e-01    6.5200540339e-03    7.3791731584e+01    3.1625027822e+01    3.1625027822e+01
    3.9847539899e+03    3.8383007347e+03   -5.7383873207e+04    4.5923245782e+01    4.5958831037e+01    4.5649886757e+01   -4.4282020096e-02   -4.5003804851e-02   -8.4498892175e-02    7.3791731584e+01    3.1625027822e+01    3.1625027822e+01
    3.9729477590e+03    3.8269284230e+03   -5.7375905990e+04    4.6301309238e+01    4.5849745325e+01    4.6080746885e+01    9.9557576529e-02   -4.1806950248e-02    3.5680749515e-02    7.3791731584e+01    3.1625027822e+01    3.1625027822e+01
    3.9838969777e+03    3.8374752207e+03   -5.7383640117e+04    4.6148330976e+01    4.5942227638e+01    4.6112194440e+01   -1.0441108674e-01   -1.1173809345e-02    1.9150850730e-01    7.3791731584e+01    3.1625027822e+01    3.1625027822e+01
    4.0213289634e+03    3.8735314536e+03   -5.7422104718e+04    4.5739274008e+01    4.5880874261e+01    4.5614017792e+01   -1.3523465178e-01    8.0149396074e-02   -1.9061191214e-01    7.3791731584e+01    3.1625027822e+01    3.1625027822e+01
    4.0139203474e+03    3.8663951295e+03   -5.7415021057e+04    4.6049814671e+01    4.5550345834e+01    4.5568216086e+01    6.4648133831e-02    3.5990139192e-02    4.2733087523e-02    7.3791731584e+01    3.1625027822e+01    3.1625027822e+01
    4.0013651690e+03    3.8543013965e+03   -5.7405480164e+04    4.6685556602e+01    4.5941705263e+01    4.5959748033e+01    1.4386338105e-03   -1.1878606596e-01   -6.1541491663e-02    7.3791731584e+01    3.1625027822e+01    3.1625027822e+01
    4.0272314784e+03    3.8792170312e+03   -5.7422783925e+04    4.6145253499e+01    4.5542594454e+01    4.5688485134e+01    1.1873206443e-01    2.1824100855e-02    1.3170060068e-02    7.3791731584e+01    3.1625027822e+01    3.1625027822e+01
    4.0151511306e+03    3.8675806772e+03   -5.7414918234e+04    4.6470025273e+01    4.5719097127e+01    4.5689419386e+01   -1.3714066334e-01   -2.0292813685e-01    1.2990827247e-01    7.3791731584e+01    3.1625027822e+01    3.1625027822e+01
    3.9850304584e+03    3.8385670421e+03   -5.7382527184e+04    4.6782605897e+01    4.5608905493e+01    4.5851898654e+01   -5.4538698991e-02    1.1631915505e-01   -6.9488090531e-02    7.3791731584e+01    3.1625027822e+01    3.1625027822e+01
    3.9967002145e+03    3.8498078950e+03   -5.7395933969e+04    4.6092647788e+01    4.6096005694e+01    4.5436368931e+01   -1.6086443299e-02    4.0393503467e-02   -4.9687518472e-02    7.3791731584e+01    3.1625027822e+01    3.1625027822e+01
    4.0306359077e+03    3.8824963361e+03   -5.7428305284e+04    4.6063911619e+01    4.5627357244e+01    4.5430866141e+01   -1.1932422915e-01    8.2333435908e-02   -8.9397970524e-03    7.3791731584e+01    3.1625027822e+01    3.1625027822e+01
    3.9826032246e+03    3.8362290174e+03   -5.7386472557e+04    4.6934486899e+01    4.5565557231e+01    4.5474319086e+01   -1.8408464883e-01    6.4069516307e-02   -1.2080582019e-01    7.3791731584e+01    3.1625027822e+01    3.1625027822e+01
    4.0196660732e+03    3.8719296804e+03   -5.7416766055e+04    4.6016280105e+01    4.5898525477e+01    4.5327352495e+01   -4.1230564128e-01    1.4388931293e-01    4.8069063492e-02    7.3791731584e+01    3.1625027822e+01    3.1625027822e+01
    3.9828966940e+03    3.8365117008e+03   -5.7382074061e+04    4.6161513053e+01    4.5828857697e+01    4.6300392417e+01    1.7817464415e-02    6.4491370562e-02   -8.1165279222e-02    7.3791731584e+01    3.1625027822e+01    3.1625027822e+01
    3.9599817894e+03    3.8144389968e+03   -5.7357398268e+04    4.6506265811e+01    4.6248977574e+01    4.6188045166e+01    4.4351698677e-02    3.7382148619e-02   -1.3752107408e-01    7.3791731584e+01    3.1625027822e+01    3.1625027822e+01
    3.9815722920e+03    3.8352359751e+03   -5.7382067867e+04    4.6575951821e+01    4.5911144016e+01    4.5423663680e+01    2.9782715861e-02   -5.4835621516e-02    8.7284916004e-02    7.3791731584e+01    3.1625027822e+01    3.1625027822e+01
    4.0402799177e+03    3.8917858959e+03   -5.7438191993e+04    4.6273606645e+01    4.5960424777e+01    4.5518185834e+01   -1.9503424193e-01    1.8247518957e-01   -1.1985678181e-01    7.3791731584e+01    3.1625027822e+01    3.1625027822e+01
    4.0085639550e+03    3.8612356027e+03   -5.7413739779e+04    4.6456067861e+01    4.5916601767e+01    4.5237030080e+01   -2.5109544631e-01    1.3406474119e-01   -1.2593354948e-02    7.3791731584e+01    3.1625027822e+01    3.1625027822e+01
    3.9786455612e+03    3.8324168116e+03   -5.7376164743e+04    4.5905624410e+01    4.5846710755e+01    4.6140544333e+01   -3.2252928709e-02   -6.3456213673e-03    1.1673905251e-01    7.3791731584e+01    3.1625027822e+01    3.1625027822e+01
    4.0035033688e+03    3.8563610103e+03   -5.7400036091e+04    4.6566620288e+01    4.5625816258e+01    4.5432764128e+01    1.7224627543e-01    4.1297351340e-02    1.7449112954e-01    7.3791731584e+01    3.1625027822e+01    3.1625027822e+01
    4.0428339934e+03    3.8942461007e+03   -5.7444159302e+04    4.5724858615e+01    4.5758186389e+01    4.5743685879e+01    1.1820291627e-01    6.1437913804e-02    2.3030581953e-01    7.3791731584e+01    3.1625027822e+01    3.1625027822e+01
    3.9652062840e+03    3.8194714735e+03   -5.7367268192e+04    4.6413335110e+01    4.5526347663e+01    4.5686208463e+01    2.4131799961e-02    9.2054411801e-02   -1.0355415077e-01    7.3791731584e+01    3.1625027822e+01    3.1625027822e+01
    3.9937180963e+03    3.8469353798e+03   -5.7392317117e+04    4.6327504416e+01    4.5490076035e+01    4.5925202535e+01   -1.6228610296e-01    5.1974396691e-02   -1.2683007813e-01    7.3791731584e+01    3.1625027822e+01    3.1625027822e+01
    3.9643300392e+03    3.8186274337e+03   -5.7366654077e+04    4.6251365117e+01    4.5506997527e+01    4.6497274624e+01    6.8659435098e-02   -7.6538107795e-02    9.6188112857e-02    7.3791731584e+01    3.1625027822e+01    3.1625027822e+01
    3.9937991361e+03    3.8470134411e+03   -5.7398865644e+04    4.6406186475e+01    4.5821899838e+01    4.5835396238e+01    2.1983451640e-02    2.0257608097e-01   -2.1745386304e-01    7.3791731584e+01    3.1625027822e+01    3.1625027822e+01
    3.9698517103e+03    3.8239461646e+03   -5.7375046069e+04    4.5847927662e+01    4.5924869653e+01    4.5982694588e+01    9.7816742016e-02    1.0842768925e-01    1.9179482072e-01    7.3791731584e+01    3.1625027822e+01    3.1625027822e+01
    3.9990807544e+03    3.8521009419e+03   -5.7399977444e+04    4.6007114129e+01    4.5852151801e+01    4.5618326166e+01   -1.0097227573e-01   -6.3776572414e-02    1.7323991004e-01    7.3791731584e+01    3.1625027822e+01    3.1625027822e+01
    4.0285273517e+03    3.8804652767e+03   -5.7427901991e+04    4.5829696205e+01    4.5337551649e+01    4.5671838756e+01    5.8429353431e-02   -1.8085588995e-01    1.5548476527e-02    7.3791731584e+01    3.1625027822e+01    3.1625027822e+01
    3.9600006444e+03    3.8144571589e+03   -5.7358435020e+04    4.6692786020e+01    4.6085761232e+01    4.5789228921e+01    5.7162571581e-02    6.4273146349e-02   -2.6499011736e-01    7.3791731584e+01    3.1625027822e+01    3.1625027822e+01
    4.0177946823e+03    3.8701270694e+03   -5.7417784605e+04    4.5820428641e+01    4.5443979018e+01    4.5715006728e+01    2.3900945877e-01   -3.0541731195e-02    9.2880438665e-02    7.3791731584e+01    3.1625027822e+01    3.1625027822e+01
    3.9980751622e+03    3.8511323087e+03   -5.7401151338e+04    4.6758991878e+01    4.5560529331e+01    4.6008181069e+01   -2.7883958884e-02   -8.0677512597e-02    1.5994968338e-01    7.3791731584e+01    3.1625027822e+01    3.1625027822e+01
    4.0140881862e+03    3.8665567996e+03   -5.7416556698e+04    4.6340107123e+01    4.5806392179e+01    4.5445293998e+01   -1.2044642001e-02    3.7871948492e-03   -2.7228647464e-01    7.3791731584e+01    3.1625027822e+01    3.1625027822e+01
    3.9656573451e+03    3.8199059566e+03   -5.7366785745e+04    4.6508582983e+01    4.5738438963e+01    4.5607915659e+01   -1.4317323955e-01   -5.2426579087e-02   -3.7549607907e-02    7.3791731584e+01    3.1625027822e+01    3.1625027822e+01
    3.9436922810e+03    3.7987481832e+03   -5.7347676299e+04    4.6517944995e+01    4.5836472547e+01    4.6231378919e+01   -1.9271152273e-01    5.4716769791e-03   -3.8582010154e-02    7.3791731584e+01    3.1625027822e+01    3.1625027822e+01
    3.9965736201e+03    3.8496859534e+03   -5.7401093237e+04    4.6215837294e+01    4.5833255532e+01    4.5768671643e+01    3.9280542465e-02   -1.1468072152e-01    2.2354061148e-02    7.3791731584e+01    3.1625027822e+01    3.1625027822e+01
    3.9905364109e+03    3.8438706321e+03   -5.7384468858e+04    4.5907802584e+01    4.5942493189e+01    4.5970497779e+01   -1.2684136051e-01   -1.8785283535e-01   -9.1649395216e-02    7.3791731584e+01    3.1625027822e+01    3.1625027822e+01
    3.9738333153e+03    3.8277814321e+03   -5.7375619728e+04    4.6329164504e+01    4.6436760506e+01    4.5210134058e+01   -4.3098152275e-02   -7.6062266713e-02   -2.9407908111e-01    7.3791731584e+01    3.1625027822e+01    3.1625027822e+01
    3.9810633285e+03    3.8347457177e+03   -5.7384942999e+04    4.6419609232e+01    4.5321560464e+01    4.5751056133e+01   -4.5936567181e-02    1.1850102823e-02    1.1934497828e-01    7.3791731584e+01    3.1625027822e+01    3.1625027822e+01
    3.9809885601e+03    3.8346736973e+03   -5.7385482578e+04    4.6549961260e+01    4.5693881039e+01    4.6011343405e+01   -5.5260568413e-02    1.8933680503e-01    1.5108226399e-01    7.3791731584e+01    3.1625027822e+01    3.1625027822e+01
    4.0098881137e+03    3.8625110941e+03   -5.7413589449e+04    4.5942355148e+01    4.5893076909e+01    4.5517050449e+01   -7.4407472630e-02    4.0908251865e-02   -8.6006075932e-03    7.3791731584e+01    3.1625027822e+01    3.1625027822e+01
    4.0064649080e+03    3.8592137028e+03   -5.7409876971e+04    4.6208327502e+01    4.5487710243e+01    4.6110702232e+01    1.2575940946e-01   -2.8342146761e-01    2.7813588833e-02    7.3791731584e+01    3.1625027822e+01    3.1625027822e+01
    4.0144994138e+03    3.8669529133e+03   -5.7414936628e+04    4.6349383352e+01    4.5481718656e+01    4.5737072773e+01   -4.5853548006e-02    6.5710215390e-02    9.1975175990e-02    7.3791731584e+01    3.1625027822e+01    3.1625027822e+01
    3.9480242251e+03    3.8029209137e+03   -5.7352921883e+04    4.6265642200e+01    4.6158633897e+01    4.5924490212e+01    5.9605904972e-02    8.2960173782e-02    5.9515345734e-02    7.3791731584e+01    3.1625027822e+01    3.1625027822e+01
    3.9885934918e+03    3.8419991219e+03   -5.7389057333e+04    4.5938753429e+01    4.5729641442e+01    4.5584530832e+01   -1.2306647759e-01    9.5309274282e-02   -4.0295282510e-02    7.3791731584e+01    3.1625027822e+01    3.1625027822e+01
    3.9668943354e+03    3.8210974833e+03   -5.7371241581e+04    4.6096133915e+01    4.5582014119e+01    4.6364176206e+01   -3.2818518197e-02   -1.6347548314e-01   -1.2066883155e-01    7.3791731584e+01    3.1625027822e+01    3.1625027822e+01
    3.9751956208e+03    3.8290936683e+03   -5.7375533361e+04    4.6018525803e+01    4.5627150782e+01    4.5892737861e+01    8.3872964485e-02   -2.0312901936e-01   -1.4769650295e-01    7.3791731584e+01    3.1625027822e+01    3.1625027822e+01
    3.9851036692e+03    3.8386375622e+03   -5.7383387259e+04    4.6082543044e+01    4.6082228857e+01    4.5930737876e+01   -1.7212775899e-01   -5.1568673272e-03    1.0696354433e-01    7.3791731584e+01    3.1625027822e+01    3.1625027822e+01
    3.9905266831e+03    3.8438612619e+03   -5.7394246748e+04    4.5916542101e+01    4.5768387197e+01    4.5554516982e+01   -9.9392970300e-02    2.3963322384e-02    9.4822441857e-03    7.3791731584e+01    3.1625027822e+01    3.1625027822e+01
    4.0020764578e+03    3.8549865431e+03   -5.7403309751e+04    4.6249029209e+01    4.5764504379e+01    4.6240578704e+01    4.3702237083e-02    9.5944092590e-02   -8.6206127813e-02    7.3791731584e+01    3.1625027822e+01    3.1625027822e+01
    3.9896733610e+03    3.8430393023e+03   -5.7388322915e+04    4.6437817454e+01    4.6024057516e+01    4.5714405565e+01   -7.6099941579e-02    5.7047082646e-03   -1.4930872987e-01    7.3791731584e+01    3.1625027822e+01    3.1625027822e+01
    3.9476125202e+03    3.8025243403e+03   -5.7347296624e+04    4.5912315280e+01    4.6356144298e+01    4.5675735540e+01   -2.0293846423e-01    5.1698007089e-02   -8.9732731364e-02    7.3791731584e+01    3.1625027822e+01    3.1625027822e+01
    3.9804389955e+03    3.8341443311e+03   -5.7382815522e+04    4.6210097557e+01    4.6376470285e+01    4.5794903456e+01   -1.5868343724e-01   -1.9756368455e-02    9.7431659422e-02    7.3791731584e+01    3.1625027822e+01    3.1625027822e+01
    3.9861186595e+03    3.8396152481e+03   -5.7385101103e+04    4.6490706525e+01    4.5957007303e+01    4.5643903903e+01   -9.4327487588e-02    6.4463292942e-02    6.1906664964e-02    7.3791731584e+01    3.1625027822e+01    3.1625027822e+01
    4.0198674148e+03    3.8721236220e+03   -5.7413288392e+04    4.5915039751e+01    4.6087012237e+01    4.5831038069e+01    3.6714811154e-02    9.9690415598e-02    6.4323188870e-02    7.3791731584e+01    3.1625027822e+01    3.1625027822e+01
    4.0256955710e+03    3.8777375736e+03   -5.7422674176e+04    4.6024230988e+01    4.5721332269e+01    4.5590838106e+01   -1.1272326381e-01    2.8173026403e-02    2.1050000495e-01    7.3791731584e+01    3.1625027822e+01    3.1625027822e+01
    3.9806501514e+03    3.8343477263e+03   -5.7381613669e+04    4.6391887940e+01    4.6091026422e+01    4.4953768102e+01    1.0331763644e-01    4.5857242569e-02   -3.5347246340e-02    7.3791731584e+01    3.1625027822e+01    3.1625027822e+01
    3.9488987158e+03    3.8037632638e+03   -5.7347924316e+04    4.7016397087e+01    4.6096035222e+01    4.5711112059e+01   -5.4057412215e-02   -1.1293362274e-02    1.1066383758e-01    7.3791731584e+01    3.1625027822e+01    3.1625027822e+01
    3.9976147076e+03    3.8506887774e+03   -5.7395906017e+04    4.6594886259e+01    4.6148182812e+01    4.5917336591e+01   -2.5598875873e-02   -1.0280788140e-02    1.1092022782e-01    7.3791731584e+01    3.1625027822e+01    3.1625027822e+01
    3.9936086932e+03    3.8468299976e+03   -5.7392668511e+04    4.6591788762e+01    4.5567562836e+01    4.5766552775e+01    1.5044269970e-01    3.2194137620e-01   -5.5464508907e-02    7.3791731584e+01    3.1625027822e+01    3.1625027822e+01
    3.9918240676e+03    3.8451109630e+03   -5.7384662613e+04    4.6544144054e+01    4.5733083108e+01    4.6051880280e+01   -1.6103290637e-01    3.1616737448e-02    1.1237591267e-01    7.3791731584e+01    3.1625027822e+01    3.1625027822e+01
    4.0126987550e+03    3.8652184347e+03   -5.7409481849e+04    4.6146310902e+01    4.5475813970e+01    4.5725651076e+01   -5.5351915371e-02   -1.2230048577e-01   -1.3628567495e-01    7.3791731584e+01    3.1625027822e+01    3.1625027822e+01
    4.0382441840e+03    3.8898249824e+03   -5.7436785378e+04    4.5847882844e+01    4.5709713291e+01    4.5874690546e+01    1.0454135846e-01   -2.0119927294e-01    2.4941392090e-01    7.3791731584e+01    3.1625027822e+01    3.1625027822e+01
    4.0107598833e+03    3.8633508232e+03   -5.7408698635e+04    4.5793788547e+01    4.5996817796e+01    4.5641653180e+01    8.9899871062e-02   -3.6534677208e-02    9.8538135637e-03    7.3791731584e+01    3.1625027822e+01    3.1625027822e+01
    4.0346630650e+03    3.8863754817e+03   -5.7425942224e+04    4.6210326775e+01    4.5749039682e+01    4.5517934887e+01    2.8360727630e-02    2.1212985814e-02   -3.2355122688e-01    7.3791731584e+01    3.1625027822e+01    3.1625027822e+01
    3.9929463883e+03    3.8461920346e+03   -5.7394933137e+04    4.6067573044e+01    4.6014973164e+01    4.5571629521e+01    1.5573440087e-04   -8.3819453105e-02   -1.5542533499e-01    7.3791731584e+01    3.1625027822e+01    3.1625027822e+01
    3.9464358839e+03    3.8013909494e+03   -5.7350041551e+04    4.5844291786e+01    4.6057955951e+01    4.6505667091e+01    6.1192565377e-02   -2.4281770734e-01    2.5415817697e-01    7.3791731584e+01    3.1625027822e+01    3.1625027822e+01
    4.0533470510e+03    3.9043727677e+03   -5.7450142663e+04    4.6207598263e+01    4.5161413671e+01    4.5399918005e+01   -1.0414872707e-01   -9.5413629095e-02    1.6420619787e-02    7.3791731584e+01    3.1625027822e+01    3.1625027822e+01
    4.0272644461e+03    3.8792487872e+03   -5.7428464564e+04    4.6056922570e+01    4.5413810105e+01    4.5778959368e+01    2.3846406716e-01   -1.2205514585e-01   -2.0347057471e-03    7.3791731584e+01    3.1625027822e+01    3.1625027822e+01
    4.0038488910e+03    3.8566938334e+03   -5.7402612213e+04    4.5836208081e+01    4.6084476935e+01    4.5480378593e+01    2.0680051065e-01   -3.5674565503e-02   -3.3201632153e-02    7.3791731584e+01    3.1625027822e+01    3.1625027822e+01
    3.9869476660e+03    3.8404137858e+03   -5.7386295304e+04    4.6141476988e+01    4.5731050794e+01    4.5787274729e+01    8.5738091500e-02   -1.3529362360e-01   -2.1337475889e-01    7.3791731584e+01    3.1625027822e+01    3.1625027822e+01
    4.0138419328e+03    3.8663195969e+03   -5.7409483346e+04    4.6291677365e+01    4.5707073205e+01    4.6096998716e+01    4.0354716756e-02   -3.8241139046e-02    1.9592802335e-01    7.3791731584e+01    3.1625027822e+01    3.1625027822e+01
    4.0391785074e+03    3.8907249663e+03   -5.7437837934e+04    4.5649064535e+01    4.5228771362e+01    4.5834769808e+01   -1.1160520834e-01    7.3201445709e-02    8.1314660651e-03    7.3791731584e+01    3.1625027822e+01    3.1625027822e+01
    4.0395029878e+03    3.8910375209e+03   -5.7434471069e+04    4.5914838562e+01    4.5525046572e+01    4.5733830597e+01   -6.8389485518e-02   -3.4372856536e-02    2.5287150724e-02    7.3791731584e+01    3.1625027822e+01    3.1625027822e+01
    3.9875726605e+03    3.8410158096e+03   -5.7390620425e+04    4.6436678725e+01    4.5889068129e+01    4.5910404451e+01   -1.1834638361e-01   -3.3744866099e-02    6.3110919010e-02    7.3791731584e+01    3.1625027822e+01    3.1625027822e+01
    3.9611409873e+03    3.8155555902e+03   -5.7357509166e+04    4.6752498162e+01    4.5814891128e+01    4.6086547727e+01   -3.0402791585e-02   -1.5863646259e-01    1.9167609936e-02    7.3791731584e+01    3.1625027822e+01    3.1625027822e+01
    3.9763032266e+03    3.8301605657e+03   -5.7375706597e+04    4.6003265011e+01    4.6219466472e+01    4.5712919392e+01   -1.2058775855e-02    6.5919261907e-03   -2.9286626540e-02    7.3791731584e+01    3.1625027822e+01    3.1625027822e+01
    3.9763032266e+03    3.8301605657e+03   -5.7375706597e+04    4.6003265011e+01    4.6219466472e+01    4.5712919392e+01   -1.2058775855e-02    6.5919261907e-03   -2.9286626540e-02    7.3791731584e+01    3.1625027822e+01    3.1625027822e+01
    3.9763032266e+03    3.8301605657e+03   -5.7375706597e+04    4.6003265011e+01    4.6219466472e+01    4.5712919392e+01   -1.2058775855e-02    6.5919261907e-03   -2.9286626540e-02    7.3791731584e+01    3.1625027822e+01    3.1625027822e+01
    3.9763032266e+03    3.8301605657e+03   -5.7375706597e+04    4.6003265011e+01    4.6219466472e+01    4.5712919392e+01   -1.2058775855e-02    6.5919261907e-03   -2.9286626540e-02    7.3791731584e+01    3.1625027822e+01    3.1625027822e+01
    3.9763032266e+03    3.8301605657e+03   -5.7375706597e+04    4.6003265011e+01    4.6219466472e+01    4.5712919392e+01   -1.2058775855e-02    6.5919261907e-03   -2.9286626540e-02    7.3791731584e+01    3.1625027822e+01    3.1625027822e+01
    3.9763032266e+03    3.8301605657e+03   -5.7375706597e+04    4.6003265011e+01    4.6219466472e+01    4.5712919392e+01   -1.2058775855e-02    6.5919261907e-03   -2.9286626540e-02    7.3791731584e+01    3.1625027822e+01    3.1625027822e+01
    3.9763032266e+03    3.8301605657e+03   -5.7375706597e+04    4.6003265011e+01    4.6219466472e+01    4.5712919392e+01   -1.2058775855e-02    6.5919261907e-03   -2.9286626540e-02    7.3791731584e+01    3.1625027822e+01    3.1625027822e+01
    3.9763032266e+03    3.8301605657e+03   -5.7375706597e+04    4.6003265011e+01    4.6219466472e+01    4.5712919392e+01   -1.2058775855e-02    6.5919261907e-03   -2.9286626540e-02    7.3791731584e+01    3.1625027822e+01    3.1625027822e+01
    3.9763032266e+03    3.8301605657e+03   -5.7375706597e+04    4.6003265011e+01    4.6219466472e+01    4.5712919392e+01   -1.2058775855e-02    6.5919261907e-03   -2.9286626540e-02    7.3791731584e+01    3.1625027822e+01    3.1625027822e+01
    3.9763032266e+03    3.8301605657e+03   -5.7375706597e+04    4.6003265011e+01    4.6219466472e+01    4.5712919392e+01   -1.2058775855e-02    6.5919261907e-03   -2.9286626540e-02    7.3791731584e+01    3.1625027822e+01    3.1625027822e+01
    3.9763032266e+03    3.8301605657e+03   -5.7375706597e+04    4.6003265011e+01    4.6219466472e+01    4.5712919392e+01   -1.2058775855e-02    6.5919261907e-03   -2.9286626540e-02    7.3791731584e+01    3.1625027822e+01    3.1625027822e+01
    3.9763032266e+03    3.8301605657e+03   -5.7375706597e+04    4.6003265011e+01    4.6219466472e+01    4.5712919392e+01   -1.2058775855e-02    6.5919261907e-03   -2.9286626540e-02    7.3791731584e+01    3.1625027822e+01    3.1625027822e+01
    3.9763032266e+03    3.8301605657e+03   -5.7375706597e+04    4.6003265011e+01    4.6219466472e+01    4.5712919392e+01   -1.2058775855e-02    6.5919261907e-03   -2.9286626540e-02    7.3791731584e+01    3.1625027822e+01    3.1625027822e+01
    3.9763032266e+03    3.8301605657e+03   -5.7375706597e+04    4.6003265011e+01    4.6219466472e+01    4.5712919392e+01   -1.2058775855e-02    6.5919261907e-03   -2.9286626540e-02    7.3791731584e+01    3.1625027822e+01    3.1625027822e+01
    3.9763032266e+03    3.8301605657e+03   -5.7375706597e+04    4.6003265011e+01    4.6219466472e+01    4.5712919392e+01   -1.2058775855e-02    6.5919261907e-03   -2.9286626540e-02    7.3791731584e+01    3.1625027822e+01    3.1625027822e+01
    3.9763032266e+03    3.8301605657e+03   -5.7375706597e+04    4.6003265011e+01    4.6219466472e+01    4.5712919392e+01   -1.2058775855e-02    6.5919261907e-03   -2.9286626540e-02    7.3791731584e+01    3.1625027822e+01    3.1625027822e+01
    3.9763032266e+03    3.8301605657e+03   -5.7375706597e+04    4.6003265011e+01    4.6219466472e+01    4.5712919392e+01   -1.2058775855e-02    6.5919261907e-03   -2.9286626540e-02    7.3791731584e+01    3.1625027822e+01    3.1625027822e+01
    3.9763032266e+03    3.8301605657e+03   -5.7375706597e+04    4.6003265011e+01    4.6219466472e+01    4.5712919392e+01   -1.2058775855e-02    6.5919261907e-03   -2.9286626540e-02    7.3791731584e+01    3.1625027822e+01    3.1625027822e+01
    3.9763032266e+03    3.8301605657e+03   -5.7375706597e+04    4.6003265011e+01    4.6219466472e+01    4.5712919392e+01   -1.2058775855e-02    6.5919261907e-03   -2.9286626540e-02    7.3791731584e+01    3.1625027822e+01    3.1625027822e+01
    3.9763032266e+03    3.8301605657e+03   -5.7375706597e+04    4.6003265011e+01    4.6219466472e+01    4.5712919392e+01   -1.2058775855e-02    6.5919261907e-03   -2.9286626540e-02    7.3791731584e+01    3.1625027822e+01    3.1625027822e+01
    3.9763032266e+03    3.8301605657e+03   -5.7375706597e+04    4.6003265011e+01    4.6219466472e+01    4.5712919392e+01   -1.2058775855e-02    6.5919261907e-03   -2.9286626540e-02    7.3791731584e+01    3.1625027822e+01    3.1625027822e+01
    3.9763032266e+03    3.8301605657e+03   -5.7375706597e+04    4.6003265011e+01    4.6219466472e+01    4.5712919392e+01   -1.2058775855e-02    6.5919261907e-03   -2.9286626540e-02    7.3791731584e+01    3.1625027822e+01    3.1625027822e+01
    3.9763032266e+03    3.8301605657e+03   -5.7375706597e+04    4.6003265011e+01    4.6219466472e+01    4.5712919392e+01   -1.2058775855e-02    6.5919261907e-03   -2.9286626540e-02    7.3791731584e+01    3.1625027822e+01    3.1625027822e+01
    3.9763032266e+03    3.8301605657e+03   -5.7375706597e+04    4.6003265011e+01    4.6219466472e+01    4.5712919392e+01   -1.2058775855e-02    6.5919261907e-03   -2.9286626540e-02    7.3791731584e+01    3.1625027822e+01    3.1625027822e+01
    3.9763032266e+03    3.8301605657e+03   -5.7375706597e+04    4.6003265011e+01    4.6219466472e+01    4.5712919392e+01   -1.2058775855e-02    6.5919261907e-03   -2.9286626540e-02    7.3791731584e+01    3.1625027822e+01    3.1625027822e+01
    3.9763032266e+03    3.8301605657e+03   -5.7375706597e+04    4.6003265011e+01    4.6219466472e+01    4.5712919392e+01   -1.2058775855e-02    6.5919261907e-03   -2.9286626540e-02    7.3791731584e+01    3.1625027822e+01    3.1625027822e+01
    3.9763032266e+03    3.8301605657e+03   -5.7375706597e+04    4.6003265011e+01    4.6219466472e+01    4.5712919392e+01   -1.2058775855e-02    6.5919261907e-03   -2.9286626540e-02    7.3791731584e+01    3.1625027822e+01    3.1625027822e+01
    3.9763032266e+03    3.8301605657e+03   -5.7375706597e+04    4.6003265011e+01    4.6219466472e+01    4.5712919392e+01   -1.2058775855e-02    6.5919261907e-03   -2.9286626540e-02    7.3791731584e+01    3.1625027822e+01    3.1625027822e+01
    3.9763032266e+03    3.8301605657e+03   -5.7375706597e+04    4.6003265011e+01    4.6219466472e+01    4.5712919392e+01   -1.2058775855e-02    6.5919261907e-03   -2.9286626540e-02    7.3791731584e+01    3.1625027822e+01    3.1625027822e+01
    3.9763032266e+03    3.8301605657e+03   -5.7375706597e+04    4.6003265011e+01    4.6219466472e+01    4.5712919392e+01   -1.2058775855e-02    6.5919261907e-03   -2.9286626540e-02    7.3791731584e+01    3.1625027822e+01    3.1625027822e+01
    3.9763032266e+03    3.8301605657e+03   -5.7375706597e+04    4.6003265011e+01    4.6219466472e+01    4.5712919392e+01   -1.2058775855e-02    6.5919261907e-03   -2.9286626540e-02    7.3791731584e+01    3.1625027822e+01    3.1625027822e+01
