    3.9376331432e+03    4.9472761818e+03   -6.8060004553e+04    1.2641973693e+02    1.2641668221e+02    1.2612384029e+02    2.1022916745e-03   -1.5532588090e-01    9.3911174087e-02    8.9180501308e+01    2.9726833769e+01    2.9726833769e+01
    3.9747562049e+03    4.9939179161e+03   -6.8080095900e+04    1.2641544552e+02    1.2590702116e+02    1.2602403145e+02   -7.8520454235e-02    1.0580939662e-02   -3.2852977203e-01    8.9180501308e+01    2.9726833769e+01    2.9726833769e+01
    4.0138171332e+03    5.0429944027e+03   -6.8126424957e+04    1.2592532740e+02    1.2683986149e+02    1.2560854757e+02    5.1913284698e-02    1.5084270419e-01    1.5119650037e-01    8.9180501308e+01    2.9726833769e+01    2.9726833769e+01
    3.9895610808e+03    5.0125188896e+03   -6.8096077481e+04    1.2662361404e+02    1.2604765402e+02    1.2592231242e+02   -2.6759482512e-01    8.2804099911e-02    1.3930925557e-01    8.9180501308e+01    2.9726833769e+01    2.9726833769e+01
    4.0023182406e+03    5.0285470950e+03   -6.8112511835e+04    1.2646522865e+02    1.2577154153e+02    1.2600930250e+02    3.9415446853e-01   -1.6639197651e-02   -2.1428023496e-01    8.9180501308e+01    2.9726833769e+01    2.9726833769e+01
    3.9892973599e+03    5.0121875484e+03   -6.8096810848e+04    1.2651720634e+02    1.2578090754e+02    1.2629921611e+02    5.3153078499e-02    1.3870967158e-01    1.9079879230e-02    8.9180501308e+01    2.9726833769e+01    2.9726833769e+01
    3.9964017417e+03    5.0211135549e+03   -6.8105264807e+04    1.2583201422e+02    1.2638681522e+02    1.2593602420e+02   -1.0033397978e-01    7.7293455360e-02   -1.4456125974e-01    8.9180501308e+01    2.9726833769e+01    2.9726833769e+01
    4.0012301960e+03    5.0271800664e+03   -6.8111291565e+04    1.2620211033e+02    1.2575002320e+02    1.2594236733e+02    1.2166119242e-01    2.2690315471e-01    6.3193827441e-02    8.9180501308e+01    2.9726833769e+01    2.9726833769e+01
    3.9950865607e+03    5.0194611502e+03   -6.8105248392e+04    1.2600143192e+02    1.2601306383e+02    1.2575200134e+02   -1.1416941016e-01    1.0141446643e-02    2.0602442540e-01    8.9180501308e+01    2.9726833769e+01    2.9726833769e+01
    4.0211099094e+03    5.0521571096e+03   -6.8134850968e+04    1.2619853986e+02    1.2583654720e+02    1.2599908288e+02   -2.3754655334e-01    3.8083998831e-02    1.4913167770e-02    8.9180501308e+01    2.9726833769e+01    2.9726833769e+01
    3.9602320481e+03    4.9756696405e+03   -6.8066878656e+04    1.2668542848e+02    1.2559931182e+02    1.2641481232e+02   -3.8487906741e-02   -1.1281469998e-01    1.2940582910e-01    8.9180501308e+01    2.9726833769e+01    2.9726833769e+01
    3.9965060943e+03    5.0212446645e+03   -6.8104054899e+04    1.2599905726e+02    1.2633532308e+02    1.2593786055e+02    9.1115423064e-02    6.7329176265e-02   -6.1997165429e-02    8.9180501308e+01    2.9726833769e+01    2.9726833769e+01
    4.0035106035e+03    5.0300451900e+03   -6.8115240602e+04    1.2676506626e+02    1.2590904844e+02    1.2576741114e+02    1.5449007055e-01   -2.3580049004e-01    1.2029252172e-03    8.9180501308e+01    2.9726833769e+01    2.9726833769e+01
    4.0272018821e+03    5.0598111165e+03   -6.8146304483e+04    1.2607271984e+02    1.2554022992e+02    1.2589701408e+02   -2.5255747951e-02    1.5330534028e-01   -6.7281033512e-02    8.9180501308e+01    2.9726833769e+01    2.9726833769e+01
    3.9969895250e+03    5.0218520509e+03   -6.8101030475e+04    1.2661219320e+02    1.2584889908e+02    1.2626779047e+02   -1.0207174408e-01    1.7052978758e-01   -5.5759587284e-03    8.9180501308e+01    2.9726833769e+01    2.9726833769e+01
    4.0364200698e+03    5.0713929268e+03   -6.8152901764e+04    1.2608615419e+02    1.2571162498e+02    1.2588301428e+02    1.5693277862e-01    8.3336865789e-02   -2.9749754435e-01    8.9180501308e+01    2.9726833769e+01    2.9726833769e+01
    4.0018390294e+03    5.0279450100e+03   -6.8112340638e+04    1.2645396356e+02    1.2592574333e+02    1.2641697021e+02   -1.9074542944e-01    7.2148905214e-02   -3.7602756173e-02    8.9180501308e+01    2.9726833769e+01    2.9726833769e+01
    4.0184776360e+03    5.0488498985e+03   -6.8131065652e+04    1.2609327831e+02    1.2624535713e+02    1.2595365395e+02   -5.6436825121e-02   -9.5016352031e-02   -1.2346461180e-01    8.9180501308e+01    2.9726833769e+01    2.9726833769e+01
    3.9932857745e+03    5.0171986268e+03   -6.8099821923e+04    1.2640473373e+02    1.2598227834e+02    1.2594715608e+02   -7.5703304248e-02    3.2697076608e-02    8.8140930795e-02    8.9180501308e+01    2.9726833769e+01    2.9726833769e+01
    3.9942838457e+03    5.0184526122e+03   -6.8107006385e+04    1.2647809053e+02    1.2603060479e+02    1.2536846906e+02    2.3767330943e-01   -2.1524156904e-01    1.3615872280e-01    8.9180501308e+01    2.9726833769e+01    2.9726833769e+01
    3.9979721753e+03    5.0230866612e+03   -6.8107102223e+04    1.2649516590e+02    1.2625413081e+02    1.2577312147e+02   -1.2623983073e-01   -1.2654569494e-01   -1.0375018374e-01    8.9180501308e+01    2.9726833769e+01    2.9726833769e+01
    3.9885788912e+03    5.0112848581e+03   -6.8094499684e+04    1.2619073706e+02    1.2567220268e+02    1.2622796721e+02    2.0781744701e-02   -1.8094876365e-01   -1.8134940023e-01    8.9180501308e+01    2.9726833769e+01    2.9726833769e+01
    3.9823341569e+03    5.0034389203e+03   -6.8085344871e+04    1.2669043476e+02    1.2594166984e+02    1.2610791331e+02    6.1327169300e-02    2.1730587852e-01   -6.3823875221e-02    8.9180501308e+01    2.9726833769e+01    2.9726833769e+01
    4.0285762573e+03    5.0615378934e+03   -6.8139966384e+04    1.2628225436e+02    1.2629323402e+02    1.2567720538e+02   -2.1447225386e-01   -4.1738972992e-01    7.1454949016e-02    8.9180501308e+01    2.9726833769e+01    2.9726833769e+01
    3.9674359151e+03    4.9847206410e+03   -6.8066324217e+04    1.2638913083e+02    1.2606488133e+02    1.2614566367e+02   -1.3647801184e-01   -9.7827620307e-02    2.5729994068e-01    8.9180501308e+01    2.9726833769e+01    2.9726833769e+01
    3.9971456823e+03    5.0220482482e+03   -6.8106827207e+04    1.2611377431e+02    1.2591385943e+02    1.2546438216e+02    2.5479736616e-01    3.2305846619e-02   -7.5508294223e-02    8.9180501308e+01    2.9726833769e+01    2.9726833769e+01
    3.9940237166e+03    5.0181257837e+03   -6.8107687067e+04    1.2632687820e+02    1.2568187857e+02    1.2633565762e+02    8.4982685832e-02    1.1270265170e-01    2.7864965217e-02    8.9180501308e+01    2.9726833769e+01    2.9726833769e+01
    3.9894151757e+03    5.0123355733e+03   -6.8096805393e+04    1.2625126231e+02    1.2588892533e+02    1.2614824576e+02   -1.6074222547e-01   -2.2912529483e-01   -2.8554168158e-02    8.9180501308e+01    2.9726833769e+01    2.9726833769e+01
    4.0241700038e+03    5.0560018384e+03   -6.8141914584e+04    1.2595340653e+02    1.2599511534e+02    1.2583955472e+02   -8.7050155572e-02   -2.2293927338e-02   -1.3781657397e-01    8.9180501308e+01    2.9726833769e+01    2.9726833769e+01
    3.9808403333e+03    5.0015620674e+03   -6.8088381443e+04    1.2674148793e+02    1.2611843946e+02    1.2552628930e+02   -1.9792989149e-02   -1.7852432585e-01    4.8962935514e-02    8.9180501308e+01    2.9726833769e+01    2.9726833769e+01
    3.9786512508e+03    4.9988116853e+03   -6.8084191560e+04    1.2681614404e+02    1.2585074407e+02    1.2632579429e+02   -1.1152805526e-02    3.7904375787e-02    2.5184267684e-01    8.9180501308e+01    2.9726833769e+01    2.9726833769e+01
    3.9972210260e+03    5.0221429108e+03   -6.8104340891e+04    1.2608300879e+02    1.2618610030e+02    1.2612663472e+02    3.0733482038e-02   -6.1167354658e-02   -9.9388500512e-02    8.9180501308e+01    2.9726833769e+01    2.9726833769e+01
    3.9732451859e+03    4.9920194588e+03   -6.8079769851e+04    1.2562876981e+02    1.2626394918e+02    1.2623456031e+02   -1.7412087871e-02   -8.9278632907e-02    7.8926708662e-02    8.9180501308e+01    2.9726833769e+01    2.9726833769e+01
    3.9726776036e+03    4.9913063435e+03   -6.8076360203e+04    1.2637107884e+02    1.2620255391e+02    1.2585523183e+02    3.7224098184e-02   -2.0117487483e-01    2.4167373569e-01    8.9180501308e+01    2.9726833769e+01    2.9726833769e+01
    4.0023162164e+03    5.0285445518e+03   -6.8111825647e+04    1.2651260184e+02    1.2605447937e+02    1.2560799485e+02   -3.7640494305e-02   -9.4182491998e-02   -1.3703044731e-01    8.9180501308e+01    2.9726833769e+01    2.9726833769e+01
    3.9930444740e+03    5.0168954549e+03   -6.8098207620e+04    1.2661302381e+02    1.2632740758e+02    1.2563553278e+02    1.2503972250e-01   -8.4899724747e-03    1.0457069857e-01    8.9180501308e+01    2.9726833769e+01    2.9726833769e+01
    4.0580126188e+03    5.0985219913e+03   -6.8185034967e+04    1.2580060853e+02    1.2621836675e+02    1.2531273993e+02   -2.0488942712e-02   -4.9681210957e-03   -1.2176405982e-01    8.9180501308e+01    2.9726833769e+01    2.9726833769e+01
    3.9994282831e+03    5.0249161276e+03   -6.8107017759e+04    1.2611321815e+02    1.2611846668e+02    1.2615512135e+02    4.8586981505e-02    3.3728706134e-02   -4.6962939107e-02    8.9180501308e+01    2.9726833769e+01    2.9726833769e+01
    3.9753980578e+03    4.9947243456e+03   -6.8077487204e+04    1.2636712793e+02    1.2598534829e+02    1.2612479812e+02    2.2658289818e-01   -1.0003812170e-01    3.2269554619e-02    8.9180501308e+01    2.9726833769e+01    2.9726833769e+01
    3.9924797183e+03    5.0161858909e+03   -6.8097771099e+04    1.2634749257e+02    1.2546444961e+02    1.2636995475e+02    1.9130530362e-01   -8.8121910774e-02   -2.2017774999e-01    8.9180501308e+01    2.9726833769e+01    2.9726833769e+01
    4.0208138906e+03    5.0517851889e+03   -6.8136628592e+04    1.2641151277e+02    1.2552885347e+02    1.2600944780e+02    1.8426277776e-01   -7.1147909218e-03   -1.1298993897e-01    8.9180501308e+01    2.9726833769e+01    2.9726833769e+01
    3.9557536507e+03    4.9700429434e+03   -6.8056071801e+04    1.2640933105e+02    1.2619678739e+02    1.2626385248e+02    1.4520811637e-01    7.4917537077e-02    1.3284733472e-01    8.9180501308e+01    2.9726833769e+01    2.9726833769e+01
    3.9970085466e+03    5.0218759498e+03   -6.8106821376e+04    1.2706432854e+02    1.2588570061e+02    1.2571141893e+02   -1.3662815033e-01   -4.2935898209e-02    3.5337706202e-02    8.9180501308e+01    2.9726833769e+01    2.9726833769e+01
    3.9931086906e+03    5.0169761371e+03   -6.8101217048e+04    1.2626437831e+02    1.2604579340e+02    1.2577815769e+02   -1.8561496839e-01    1.8345311207e-01    2.3575557022e-01    8.9180501308e+01    2.9726833769e+01    2.9726833769e+01
    4.0019518613e+03    5.0280867729e+03   -6.8108344877e+04    1.2636444881e+02    1.2615160215e+02    1.2614711051e+02   -4.3534417403e-03    1.6507438032e-02    1.0387928759e-01    8.9180501308e+01    2.9726833769e+01    2.9726833769e+01
    3.9931483384e+03    5.0170259509e+03   -6.8102494806e+04    1.2621939685e+02    1.2587431008e+02    1.2605987123e+02   -3.5862412450e-01    2.6694977726e-02    1.5761880859e-01    8.9180501308e+01    2.9726833769e+01    2.9726833769e+01
    4.0050317162e+03    5.0319563291e+03   -6.8115513677e+04    1.2640180036e+02    1.2583755210e+02    1.2569113860e+02    6.4901237234e-02   -9.0977967482e-03   -1.7815031631e-01    8.9180501308e+01    2.9726833769e+01    2.9726833769e+01
    3.9704686767e+03    4.9885310287e+03   -6.8076681907e+04    1.2615677554e+02    1.2600619194e+02    1.2616284913e+02    7.1638144585e-02   -4.0572376742e-03    1.2142995151e-01    8.9180501308e+01    2.9726833769e+01    2.9726833769e+01
    3.9743892204e+03    4.9934568336e+03   -6.8078250041e+04    1.2628007745e+02    1.2589777316e+02    1.2577570171e+02   -1.7073442312e-01   -3.4259479427e-01    4.2587542291e-02    8.9180501308e+01    2.9726833769e+01    2.9726833769e+01
    4.0082771882e+03    5.0360339681e+03   -6.8118898459e+04    1.2665448296e+02    1.2626406555e+02    1.2546923495e+02    8.9071068319e-03   -1.9279429652e-01    2.1934497457e-01    8.9180501308e+01    2.9726833769e+01    2.9726833769e+01
    4.0274604718e+03    5.0601360108e+03   -6.8141940599e+04    1.2590856119e+02    1.2640425810e+02    1.2573719477e+02   -2.5545753414e-02   -1.5282616756e-01   -8.2883301835e-02    8.9180501308e+01    2.9726833769e+01    2.9726833769e+01
    3.9995319361e+03    5.0250463580e+03   -6.8110086398e+04    1.2596513843e+02    1.2611190836e+02    1.2577613459e+02   -6.4091377594e-02   -1.3451243310e-01    1.1057080764e-01    8.9180501308e+01    2.9726833769e+01    2.9726833769e+01
    3.9743568891e+03    4.9934162123e+03   -6.8081250059e+04    1.2683464324e+02    1.2589739039e+02    1.2611543977e+02   -1.3090529325e-01    1.6216742399e-01   -8.3947461817e-02    8.9180501308e+01    2.9726833769e+01    2.9726833769e+01
    3.9888787232e+03    5.0116615697e+03   -6.8094266254e+04    1.2653055284e+02    1.2593845772e+02    1.2598327731e+02    1.6191775668e-01   -9.4337603935e-02   -1.9480878086e-01    8.9180501308e+01    2.9726833769e+01    2.9726833769e+01
    3.9804014233e+03    5.0010106171e+03   -6.8085379772e+04    1.2663492206e+02    1.2602312054e+02    1.2568530933e+02    1.0731066978e-01    6.3521651175e-02    1.0263521492e-01    8.9180501308e+01    2.9726833769e+01    2.9726833769e+01
    4.0070287594e+03    5.0344654314e+03   -6.8120736602e+04    1.2607998329e+02    1.2590287598e+02    1.2578372598e+02   -5.8949237057e-02    1.1610189949e-01   -3.7135120584e-01    8.9180501308e+01    2.9726833769e+01    2.9726833769e+01
    3.9891571677e+03    5.0120114098e+03   -6.8094541577e+04    1.2639363898e+02    1.2579506629e+02    1.2581862071e+02    1.0230804870e-01   -1.1971674004e-01   -2.1638496148e-01    8.9180501308e+01    2.9726833769e+01    2.9726833769e+01
    3.9962753376e+03    5.0209547397e+03   -6.8108364330e+04    1.2590526081e+02    1.2624474982e+02    1.2640201238e+02    3.8173016966e-01    2.1573170141e-03   -1.9202036532e-01    8.9180501308e+01    2.9726833769e+01    2.9726833769e+01
    4.0056276041e+03    5.0327050078e+03   -6.8117780459e+04    1.2671464968e+02    1.2583357946e+02    1.2578451070e+02    3.0203505678e-01    3.4672512253e-01    2.7763460922e-01    8.9180501308e+01    2.9726833769e+01    2.9726833769e+01
    3.9767558238e+03    4.9964302545e+03   -6.8081619006e+04    1.2613786990e+02    1.2615618767e+02    1.2624602145e+02    4.7802585660e-02   -9.8441610699e-02   -9.8537187462e-02    8.9180501308e+01    2.9726833769e+01    2.9726833769e+01
    3.9742968006e+03    4.9933407166e+03   -6.8076504816e+04    1.2662843697e+02    1.2641931926e+02    1.2579103294e+02    2.2227313752e-01    6.1795347138e-02    2.3008683920e-01    8.9180501308e+01    2.9726833769e+01    2.9726833769e+01
    3.9818355991e+03    5.0028125279e+03   -6.8084822372e+04    1.2657322857e+02    1.2593976979e+02    1.2597852578e+02    6.3794425487e-03    9.8464801336e-02   -3.4948929646e-02    8.9180501308e+01    2.9726833769e+01    2.9726833769e+01
    3.9826627575e+03    5.0038517769e+03   -6.8096394214e+04    1.2645616896e+02    1.2629998874e+02    1.2595182112e+02    1.2779827368e-01    7.3248860375e-03   -1.1727313289e-01    8.9180501308e+01    2.9726833769e+01    2.9726833769e+01
    3.9818300852e+03    5.0028056002e+03   -6.8083346336e+04    1.2631695634e+02    1.2605522387e+02    1.2585266491e+02    1.7792757516e-01    4.2542311932e-01    1.7199906674e-01    8.9180501308e+01    2.9726833769e+01    2.9726833769e+01
    4.0054954218e+03    5.0325389329e+03   -6.8116597132e+04    1.2632854231e+02    1.2637197085e+02    1.2554500433e+02    2.3048218811e-01   -1.1662417564e-01   -6.8121793775e-02    8.9180501308e+01    2.9726833769e+01    2.9726833769e+01
    4.0253522321e+03    5.0574872003e+03   -6.8141670629e+04    1.2652797883e+02    1.2570545345e+02    1.2572333150e+02   -1.6974096324e-01   -3.8707042814e-02    1.1119635434e-01    8.9180501308e+01    2.9726833769e+01    2.9726833769e+01
    4.0018664392e+03    5.0279794478e+03   -6.8108693058e+04    1.2572969708e+02    1.2619249857e+02    1.2592709653e+02   -4.4948637048e-02   -9.2328703790e-02   -7.1663360956e-02    8.9180501308e+01    2.9726833769e+01    2.9726833769e+01
    3.9853792782e+03    5.0072648369e+03   -6.8089693412e+04    1.2589072845e+02    1.2543052680e+02    1.2663468644e+02   -1.3245402633e-01   -1.0544803745e-01    2.6785095808e-02    8.9180501308e+01    2.9726833769e+01    2.9726833769e+01
    4.0080841080e+03    5.0357913805e+03   -6.8118617622e+04    1.2639114252e+02    1.2613587579e+02    1.2583254058e+02    1.8656404209e-01   -1.2802511111e-01    3.6418143062e-02    8.9180501308e+01    2.9726833769e+01    2.9726833769e+01
    4.0203488380e+03    5.0512008929e+03   -6.8133962925e+04    1.2668272381e+02    1.2564583595e+02    1.2589610836e+02   -1.5178151830e-02   -2.2303524841e-01   -1.1505833232e-01    8.9180501308e+01    2.9726833769e+01    2.9726833769e+01
    4.0437706740e+03    5.0806282892e+03   -6.8165899905e+04    1.2647068484e+02    1.2559597355e+02    1.2579186319e+02   -1.8951368298e-01   -1.9554743960e-01   -3.3827190629e-01    8.9180501308e+01    2.9726833769e+01    2.9726833769e+01
    3.9894814435e+03    5.0124188327e+03   -6.8092603354e+04    1.2651723469e+02    1.2567390523e+02    1.2617739595e+02   -3.7020303260e-01    1.8392038624e-01   -6.7024668919e-02    8.9180501308e+01    2.9726833769e+01    2.9726833769e+01
    3.9949768902e+03    5.0193233592e+03   -6.8105915343e+04    1.2623878938e+02    1.2614592939e+02    1.2638126297e+02    3.1641999211e-01    1.0813094033e-01   -9.7923825131e-02    8.9180501308e+01    2.9726833769e+01    2.9726833769e+01
    4.0107359668e+03    5.0391231988e+03   -6.8123886055e+04    1.2614236335e+02    1.2640998197e+02    1.2563437528e+02   -1.8282050157e-01    3.7551878882e-01   -5.9614775601e-02    8.9180501308e+01    2.9726833769e+01    2.9726833769e+01
    4.0211439126e+03    5.0521998314e+03   -6.8138132845e+04    1.2636293977e+02    1.2621996191e+02    1.2544401182e+02   -1.0129641347e-01    1.0937063371e-02   -1.4247068228e-01    8.9180501308e+01    2.9726833769e+01    2.9726833769e+01
    3.9978263983e+03    5.0229035057e+03   -6.8105205074e+04    1.2598527136e+02    1.2598283315e+02    1.2618774338e+02   -2.3965570564e-01   -3.2279033434e-02    2.2005161595e-01    8.9180501308e+01    2.9726833769e+01    2.9726833769e+01
    4.0011048620e+03    5.0270225958e+03   -6.8115946455e+04    1.2648859919e+02    1.2559101542e+02    1.2618857310e+02    2.2475724398e-01    1.0483630203e-01   -3.8090450295e-02    8.9180501308e+01    2.9726833769e+01    2.9726833769e+01
    4.0003026063e+03    5.0260146347e+03   -6.8108626016e+04    1.2623663385e+02    1.2585462657e+02    1.2606086150e+02   -6.9160190907e-02    2.0759255890e-01    1.3383024690e-01    8.9180501308e+01    2.9726833769e+01    2.9726833769e+01
    3.9862034347e+03    5.0083003142e+03   -6.8095997614e+04    1.2658774508e+02    1.2548829903e+02    1.2625325551e+02   -5.3428005091e-02    1.8983231703e-01   -1.6175396117e-01    8.9180501308e+01    2.9726833769e+01    2.9726833769e+01
    4.0098359244e+03    5.0379923777e+03   -6.8124003985e+04    1.2597658385e+02    1.2599116754e+02    1.2570088962e+02    1.8967539123e-01    3.6531699421e-02   -5.3977678709e-02    8.9180501308e+01    2.9726833769e+01    2.9726833769e+01
    4.0097534556e+03    5.0378887632e+03   -6.8125914509e+04    1.2651985395e+02    1.2584770573e+02    1.2599347099e+02   -2.1716442654e-02    4.3820142533e-03   -1.8581057754e-01    8.9180501308e+01    2.9726833769e+01    2.9726833769e+01
    3.9811048038e+03    5.0018943505e+03   -6.8091869888e+04    1.2625102644e+02    1.2599592822e+02    1.2618229219e+02    5.2921202011e-04   -2.0632732081e-01   -8.9508060288e-03    8.9180501308e+01    2.9726833769e+01    2.9726833769e+01
    4.0193991720e+03    5.0500077243e+03   -6.8130818860e+04    1.2596854530e+02    1.2594243969e+02    1.2589980190e+02   -1.1415978820e-02   -8.3470302821e-02   -5.2086819782e-02    8.9180501308e+01    2.9726833769e+01    2.9726833769e+01
    4.0398871227e+03    5.0757489620e+03   -6.8161292289e+04    1.2566119672e+02    1.2644586384e+02    1.2570146576e+02   -4.2803171098e-02   -1.7341617615e-01   -4.7654022776e-02    8.9180501308e+01    2.9726833769e+01    2.9726833769e+01
    4.0466952645e+03    5.0843027699e+03   -6.8166645720e+04    1.2598308293e+02    1.2580951990e+02    1.2580391890e+02    8.9789593533e-02   -1.3704858283e-01   -2.6233805702e-01    8.9180501308e+01    2.9726833769e+01    2.9726833769e+01
    4.0058591217e+03    5.0329958886e+03   -6.8118897117e+04    1.2704011379e+02    1.2568332632e+02    1.2584983426e+02    2.4109681891e-01    5.5733316813e-02   -1.1933752106e-01    8.9180501308e+01    2.9726833769e+01    2.9726833769e+01
    3.9811040428e+03    5.0018933943e+03   -6.8083103082e+04    1.2612086306e+02    1.2597391133e+02    1.2650721970e+02   -2.1652291561e-01   -1.3819193500e-01   -4.3976556762e-02    8.9180501308e+01    2.9726833769e+01    2.9726833769e+01
    3.9671803499e+03    4.9843995467e+03   -6.8069568877e+04    1.2634316140e+02    1.2618779102e+02    1.2612609194e+02   -1.1361253249e-01    3.8987380554e-02    7.6491496254e-02    8.9180501308e+01    2.9726833769e+01    2.9726833769e+01
    3.9920482738e+03    5.0156438203e+03   -6.8102747458e+04    1.2624162921e+02    1.2626040900e+02    1.2550917027e+02   -8.4334241457e-02    3.2319676211e-01   -1.7318367347e-02    8.9180501308e+01    2.9726833769e+01    2.9726833769e+01
    4.0096497183e+03    5.0377584268e+03   -6.8124270488e+04    1.2643224028e+02    1.2608075515e+02    1.2561708927e+02    2.5136368942e-02   -5.4105758507e-02    1.4385958958e-01    8.9180501308e+01    2.9726833769e+01    2.9726833769e+01
    3.9545570056e+03    4.9685394682e+03   -6.8046947970e+04    1.2634811472e+02    1.2661278976e+02    1.2591812159e+02   -9.6317234883e-02   -3.8038909615e-03    5.7930311355e-02    8.9180501308e+01    2.9726833769e+01    2.9726833769e+01
    3.9902128669e+03    5.0133377993e+03   -6.8097664971e+04    1.2619645922e+02    1.2627880909e+02    1.2591773404e+02    8.8536629822e-02    9.4362120082e-02   -7.0399432994e-02    8.9180501308e+01    2.9726833769e+01    2.9726833769e+01
    4.0302203242e+03    5.0636035131e+03   -6.8151148876e+04    1.2633110655e+02    1.2593386550e+02    1.2553468002e+02   -5.9709417186e-02    8.5618072919e-02   -2.5143979400e-01    8.9180501308e+01    2.9726833769e+01    2.9726833769e+01
    4.0360156609e+03    5.0708848240e+03   -6.8159103314e+04    1.2588503903e+02    1.2632584326e+02    1.2532478812e+02   -6.8639818633e-02    1.2602628357e-01    2.6933014282e-01    8.9180501308e+01    2.9726833769e+01    2.9726833769e+01
    4.0123584860e+03    5.0411617458e+03   -6.8124203520e+04    1.2608670259e+02    1.2629404090e+02    1.2562462644e+02   -1.1058857951e-01    3.8079047244e-02   -1.5690763842e-01    8.9180501308e+01    2.9726833769e+01    2.9726833769e+01
    4.0106679580e+03    5.0390377519e+03   -6.8126590795e+04    1.2630317097e+02    1.2595962562e+02    1.2638888517e+02    3.2298554662e-02   -2.2103982225e-01   -2.0604503788e-01    8.9180501308e+01    2.9726833769e+01    2.9726833769e+01
    3.9757563072e+03    4.9951744533e+03   -6.8079524419e+04    1.2612548966e+02    1.2643615676e+02    1.2595103717e+02   -3.1691010785e-02   -1.2265785528e-02    2.8999667680e-02    8.9180501308e+01    2.9726833769e+01    2.9726833769e+01
    3.9527136466e+03    4.9662234561e+03   -6.8049665057e+04    1.2658434823e+02    1.2617485233e+02    1.2624211147e+02    3.8213291300e-02   -1.1585434994e-02   -1.1137110416e-02    8.9180501308e+01    2.9726833769e+01    2.9726833769e+01
    4.0063062148e+03    5.0335576202e+03   -6.8116096190e+04    1.2612772026e+02    1.2594258978e+02    1.2615844479e+02   -2.2737778516e-02    1.7791203847e-01   -2.4785787264e-01    8.9180501308e+01    2.9726833769e+01    2.9726833769e+01
    3.9853200139e+03    5.0071903767e+03   -6.8089455553e+04    1.2628329137e+02    1.2584652424e+02    1.2596648262e+02    1.1458422942e-01    4.1401173355e-02    1.0396865253e-01    8.9180501308e+01    2.9726833769e+01    2.9726833769e+01
    3.9853200139e+03    5.0071903767e+03   -6.8089455553e+04    1.2628329137e+02    1.2584652424e+02    1.2596648262e+02    1.1458422942e-01    4.1401173355e-02    1.0396865253e-01    8.9180501308e+01    2.9726833769e+01    2.9726833769e+01
    3.9853200139e+03    5.0071903767e+03   -6.8089455553e+04    1.2628329137e+02    1.2584652424e+02    1.2596648262e+02    1.1458422942e-01    4.1401173355e-02    1.0396865253e-01    8.9180501308e+01    2.9726833769e+01    2.9726833769e+01
    3.9853200139e+03    5.0071903767e+03   -6.8089455553e+04    1.2628329137e+02    1.2584652424e+02    1.2596648262e+02    1.1458422942e-01    4.1401173355e-02    1.0396865253e-01    8.9180501308e+01    2.9726833769e+01    2.9726833769e+01
    3.9853200139e+03    5.0071903767e+03   -6.8089455553e+04    1.2628329137e+02    1.2584652424e+02    1.2596648262e+02    1.1458422942e-01    4.1401173355e-02    1.0396865253e-01    8.9180501308e+01    2.9726833769e+01    2.9726833769e+01
    3.9853200139e+03    5.0071903767e+03   -6.8089455553e+04    1.2628329137e+02    1.2584652424e+02    1.2596648262e+02    1.1458422942e-01    4.1401173355e-02    1.0396865253e-01    8.9180501308e+01    2.9726833769e+01    2.9726833769e+01
    3.9853200139e+03    5.0071903767e+03   -6.8089455553e+04    1.2628329137e+02    1.2584652424e+02    1.2596648262e+02    1.1458422942e-01    4.1401173355e-02    1.0396865253e-01    8.9180501308e+01    2.9726833769e+01    2.9726833769e+01
    3.9853200139e+03    5.0071903767e+03   -6.8089455553e+04    1.2628329137e+02    1.2584652424e+02    1.2596648262e+02    1.1458422942e-01    4.1401173355e-02    1.0396865253e-01    8.9180501308e+01    2.9726833769e+01    2.9726833769e+01
    3.9853200139e+03    5.0071903767e+03   -6.8089455553e+04    1.2628329137e+02    1.2584652424e+02    1.2596648262e+02    1.1458422942e-01    4.1401173355e-02    1.0396865253e-01    8.9180501308e+01    2.9726833769e+01    2.9726833769e+01
    3.9853200139e+03    5.0071903767e+03   -6.8089455553e+04    1.2628329137e+02    1.2584652424e+02    1.2596648262e+02    1.1458422942e-01    4.1401173355e-02    1.0396865253e-01    8.9180501308e+01    2.9726833769e+01    2.9726833769e+01
    3.9853200139e+03    5.0071903767e+03   -6.8089455553e+04    1.2628329137e+02    1.2584652424e+02    1.2596648262e+02    1.1458422942e-01    4.1401173355e-02    1.0396865253e-01    8.9180501308e+01    2.9726833769e+01    2.9726833769e+01
    3.9853200139e+03    5.0071903767e+03   -6.8089455553e+04    1.2628329137e+02    1.2584652424e+02    1.2596648262e+02    1.1458422942e-01    4.1401173355e-02    1.0396865253e-01    8.9180501308e+01    2.9726833769e+01    2.9726833769e+01
    3.9853200139e+03    5.0071903767e+03   -6.8089455553e+04    1.2628329137e+02    1.2584652424e+02    1.2596648262e+02    1.1458422942e-01    4.1401173355e-02    1.0396865253e-01    8.9180501308e+01    2.9726833769e+01    2.9726833769e+01
    3.9853200139e+03    5.0071903767e+03   -6.8089455553e+04    1.2628329137e+02    1.2584652424e+02    1.2596648262e+02    1.1458422942e-01    4.1401173355e-02    1.0396865253e-01    8.9180501308e+01    2.9726833769e+01    2.9726833769e+01
    3.9853200139e+03    5.0071903767e+03   -6.8089455553e+04    1.2628329137e+02    1.2584652424e+02    1.2596648262e+02    1.1458422942e-01    4.1401173355e-02    1.0396865253e-01    8.9180501308e+01    2.9726833769e+01    2.9726833769e+01
    3.9853200139e+03    5.0071903767e+03   -6.8089455553e+04    1.2628329137e+02    1.2584652424e+02    1.2596648262e+02    1.1458422942e-01    4.1401173355e-02    1.0396865253e-01    8.9180501308e+01    2.9726833769e+01    2.9726833769e+01
    3.9853200139e+03    5.0071903767e+03   -6.8089455553e+04    1.2628329137e+02    1.2584652424e+02    1.2596648262e+02    1.1458422942e-01    4.1401173355e-02    1.0396865253e-01    8.9180501308e+01    2.9726833769e+01    2.9726833769e+01
    3.9853200139e+03    5.0071903767e+03   -6.8089455553e+04    1.2628329137e+02    1.2584652424e+02    1.2596648262e+02    1.1458422942e-01    4.1401173355e-02    1.0396865253e-01    8.9180501308e+01    2.9726833769e+01    2.9726833769e+01
    3.9853200139e+03    5.0071903767e+03   -6.8089455553e+04    1.2628329137e+02    1.2584652424e+02    1.2596648262e+02    1.1458422942e-01    4.1401173355e-02    1.0396865253e-01    8.9180501308e+01    2.9726833769e+01    2.9726833769e+01
    3.9853200139e+03    5.0071903767e+03   -6.8089455553e+04    1.2628329137e+02    1.2584652424e+02    1.2596648262e+02    1.1458422942e-01    4.1401173355e-02    1.0396865253e-01    8.9180501308e+01    2.9726833769e+01    2.9726833769e+01
    3.9853200139e+03    5.0071903767e+03   -6.8089455553e+04    1.2628329137e+02    1.2584652424e+02    1.2596648262e+02    1.1458422942e-01    4.1401173355e-02    1.0396865253e-01    8.9180501308e+01    2.9726833769e+01    2.9726833769e+01
    3.9853200139e+03    5.0071903767e+03   -6.8089455553e+04    1.2628329137e+02    1.2584652424e+02    1.2596648262e+02    1.1458422942e-01    4.1401173355e-02    1.0396865253e-01    8.9180501308e+01    2.9726833769e+01    2.9726833769e+01
    3.9853200139e+03    5.0071903767e+03   -6.8089455553e+04    1.2628329137e+02    1.2584652424e+02    1.2596648262e+02    1.1458422942e-01    4.1401173355e-02    1.0396865253e-01    8.9180501308e+01    2.9726833769e+01    2.9726833769e+01
    3.9853200139e+03    5.0071903767e+03   -6.8089455553e+04    1.2628329137e+02    1.2584652424e+02    1.2596648262e+02    1.1458422942e-01    4.1401173355e-02    1.0396865253e-01    8.9180501308e+01    2.9726833769e+01    2.9726833769e+01
    3.9853200139e+03    5.0071903767e+03   -6.8089455553e+04    1.2628329137e+02    1.2584652424e+02    1.2596648262e+02    1.1458422942e-01    4.1401173355e-02    1.0396865253e-01    8.9180501308e+01    2.9726833769e+01    2.9726833769e+01
    3.9853200139e+03    5.0071903767e+03   -6.8089455553e+04    1.2628329137e+02    1.2584652424e+02    1.2596648262e+02    1.1458422942e-01    4.1401173355e-02    1.0396865253e-01    8.9180501308e+01    2.9726833769e+01    2.9726833769e+01
    3.9853200139e+03    5.0071903767e+03   -6.8089455553e+04    1.2628329137e+02    1.2584652424e+02    1.2596648262e+02    1.1458422942e-01    4.1401173355e-02    1.0396865253e-01    8.9180501308e+01    2.9726833769e+01    2.9726833769e+01
    3.9853200139e+03    5.0071903767e+03   -6.8089455553e+04    1.2628329137e+02    1.2584652424e+02    1.2596648262e+02    1.1458422942e-01    4.1401173355e-02    1.0396865253e-01    8.9180501308e+01    2.9726833769e+01    2.9726833769e+01
    3.9853200139e+03    5.0071903767e+03   -6.8089455553e+04    1.2628329137e+02    1.2584652424e+02    1.2596648262e+02    1.1458422942e-01    4.1401173355e-02    1.0396865253e-01    8.9180501308e+01    2.9726833769e+01    2.9726833769e+01
    3.9853200139e+03    5.0071903767e+03   -6.8089455553e+04    1.2628329137e+02    1.2584652424e+02    1.2596648262e+02    1.1458422942e-01    4.1401173355e-02    1.0396865253e-01    8.9180501308e+01    2.9726833769e+01    2.9726833769e+01
    3.9853200139e+03    5.0071903767e+03   -6.8089455553e+04    1.2628329137e+02    1.2584652424e+02    1.2596648262e+02    1.1458422942e-01    4.1401173355e-02    1.0396865253e-01    8.9180501308e+01    2.9726833769e+01    2.9726833769e+01
