    3.9947631867e+03    4.4753239171e+03   -5.9011656074e+04    1.4557544702e+02    1.4576191592e+02    1.4654626633e+02   -2.6771468905e-02    3.2896031809e-01    2.8097625911e-01    7.8430580730e+01    2.9411467774e+01    2.9411467774e+01
    3.9842870172e+03    4.4635874887e+03   -5.8977633048e+04    1.4640808437e+02    1.4584763511e+02    1.4580086094e+02    2.4754623811e-02    6.4683904827e-02    3.0420186128e-01    7.8430580730e+01    2.9411467774e+01    2.9411467774e+01
    4.0212414553e+03    4.5049874599e+03   -5.9017455300e+04    1.4611850195e+02    1.4567941852e+02    1.4541830408e+02   -2.9968775169e-02   -1.0312002919e-01    3.1572542066e-01    7.8430580730e+01    2.9411467774e+01    2.9411467774e+01
    4.0476101615e+03    4.5345282602e+03   -5.9049732852e+04    1.4584858856e+02    1.4579781809e+02    1.4585672650e+02   -1.3179620760e-01    6.3916702201e-02    3.4600086038e-02    7.8430580730e+01    2.9411467774e+01    2.9411467774e+01
    4.0101616138e+03    4.4925747392e+03   -5.9009398235e+04    1.4598208848e+02    1.4581823893e+02    1.4587107867e+02   -2.8001278994e-01   -1.8415525915e-01   -7.2818668303e-02    7.8430580730e+01    2.9411467774e+01    2.9411467774e+01
    4.0018265017e+03    4.4832369324e+03   -5.8997931249e+04    1.4564632775e+02    1.4613079053e+02    1.4630774836e+02    2.1334699464e-02    3.0074017197e-01    3.2513446782e-01    7.8430580730e+01    2.9411467774e+01    2.9411467774e+01
    4.0166128728e+03    4.4998020696e+03   -5.9015589297e+04    1.4560142400e+02    1.4578103879e+02    1.4608309405e+02   -1.7927825530e-01    1.0514927060e-01   -1.0083680933e-01    7.8430580730e+01    2.9411467774e+01    2.9411467774e+01
    3.9739076832e+03    4.4519595450e+03   -5.8966074198e+04    1.4652349272e+02    1.4607361191e+02    1.4569288185e+02   -9.7522116008e-02    3.0919760043e-01    1.4020994526e-01    7.8430580730e+01    2.9411467774e+01    2.9411467774e+01
    4.0363732095e+03    4.5219395290e+03   -5.9035582899e+04    1.4595561134e+02    1.4595413787e+02    1.4559025987e+02    1.5972164001e-01   -1.2477690008e-01    6.7253837785e-03    7.8430580730e+01    2.9411467774e+01    2.9411467774e+01
    4.0256393883e+03    4.5099144540e+03   -5.9025412962e+04    1.4613471215e+02    1.4565005961e+02    1.4556658503e+02   -1.5436883180e-03    2.9869505740e-02    1.9005349754e-01    7.8430580730e+01    2.9411467774e+01    2.9411467774e+01
    3.9916319285e+03    4.4718159758e+03   -5.8979961180e+04    1.4658002171e+02    1.4592127448e+02    1.4571671233e+02    1.2644328218e-01   -2.1639820843e-01   -4.5663150343e-02    7.8430580730e+01    2.9411467774e+01    2.9411467774e+01
    3.9553011820e+03    4.4311147249e+03   -5.8942363986e+04    1.4681209504e+02    1.4621904146e+02    1.4528503405e+02   -6.4045961241e-02   -1.0599696516e-01    1.5206778871e-01    7.8430580730e+01    2.9411467774e+01    2.9411467774e+01
    4.0000071978e+03    4.4811987705e+03   -5.8995345186e+04    1.4635721098e+02    1.4606880539e+02    1.4567485137e+02   -1.8370974791e-01    2.4970026986e-02    1.1852010764e-01    7.8430580730e+01    2.9411467774e+01    2.9411467774e+01
    4.0445815304e+03    4.5311352918e+03   -5.9043566149e+04    1.4540422878e+02    1.4592247912e+02    1.4558927170e+02   -1.0415456931e-02    1.0721130107e-01   -4.6439311796e-02    7.8430580730e+01    2.9411467774e+01    2.9411467774e+01
    4.0091609179e+03    4.4914536619e+03   -5.9003151334e+04    1.4592038275e+02    1.4582385944e+02    1.4589912999e+02   -1.7977932884e-01    2.1530849501e-01   -1.6160456987e-01    7.8430580730e+01    2.9411467774e+01    2.9411467774e+01
    4.0326180808e+03    4.5177326669e+03   -5.9027046577e+04    1.4632387708e+02    1.4624729018e+02    1.4511446285e+02    1.7584879661e-01   -1.4617965362e-01    1.7368644130e-03    7.8430580730e+01    2.9411467774e+01    2.9411467774e+01
    4.0185398678e+03    4.5019608777e+03   -5.9019385129e+04    1.4619317721e+02    1.4510156505e+02    1.4572562610e+02   -2.6445122815e-01   -1.2210182598e-01    1.0914508215e-01    7.8430580730e+01    2.9411467774e+01    2.9411467774e+01
    3.9942868458e+03    4.4747902735e+03   -5.8988542263e+04    1.4605144096e+02    1.4606141794e+02    1.4563054288e+02    1.7846927373e-01   -1.1550021859e-02   -5.4764082540e-02    7.8430580730e+01    2.9411467774e+01    2.9411467774e+01
    4.0262498633e+03    4.5105983677e+03   -5.9022653986e+04    1.4648517734e+02    1.4559061668e+02    1.4545457599e+02   -9.6641057251e-03   -3.4006892443e-02   -4.1757564810e-02    7.8430580730e+01    2.9411467774e+01    2.9411467774e+01
    4.0281705246e+03    4.5127500801e+03   -5.9025182459e+04    1.4577321461e+02    1.4584676328e+02    1.4574052306e+02   -2.3088512306e-01    1.4834919262e-01   -2.5389990236e-01    7.8430580730e+01    2.9411467774e+01    2.9411467774e+01
    4.0387524765e+03    4.5246050162e+03   -5.9037437031e+04    1.4612186233e+02    1.4570374007e+02    1.4602883813e+02   -6.0073490059e-02    1.0767906234e-01   -2.9051263783e-01    7.8430580730e+01    2.9411467774e+01    2.9411467774e+01
    4.0211774198e+03    4.5049157211e+03   -5.9019397303e+04    1.4576088279e+02    1.4576945646e+02    1.4557220107e+02    1.9363436252e-02   -1.0636060301e-01    8.0228142824e-02    7.8430580730e+01    2.9411467774e+01    2.9411467774e+01
    4.0063941188e+03    4.4883540232e+03   -5.9000691619e+04    1.4594089392e+02    1.4622447907e+02    1.4588576514e+02   -3.4279048649e-02    3.7297819425e-01   -6.9166627572e-02    7.8430580730e+01    2.9411467774e+01    2.9411467774e+01
    4.0232863341e+03    4.5072783329e+03   -5.9017499515e+04    1.4605067194e+02    1.4604575941e+02    1.4599117619e+02    6.6937803573e-02   -3.2975732720e-02   -1.2176464015e-01    7.8430580730e+01    2.9411467774e+01    2.9411467774e+01
    4.0521254483e+03    4.5395867255e+03   -5.9055187283e+04    1.4557772930e+02    1.4584720320e+02    1.4576402245e+02   -7.1678978709e-02    1.7111364262e-01   -1.3352182010e-01    7.8430580730e+01    2.9411467774e+01    2.9411467774e+01
    4.0170376967e+03    4.5002779989e+03   -5.9005844989e+04    1.4593770394e+02    1.4542317357e+02    1.4553540034e+02    7.8514797712e-02   -3.4630948775e-02    1.4436564726e-01    7.8430580730e+01    2.9411467774e+01    2.9411467774e+01
    4.0687895707e+03    4.5582555031e+03   -5.9071835909e+04    1.4605375756e+02    1.4518447310e+02    1.4590943183e+02    7.6135481964e-02   -1.6064908315e-01    3.1745894838e-01    7.8430580730e+01    2.9411467774e+01    2.9411467774e+01
    4.0643891871e+03    4.5533257636e+03   -5.9068068280e+04    1.4565401916e+02    1.4566910214e+02    1.4581507583e+02   -6.0782736176e-02   -1.6928505287e-01   -3.0586176005e-01    7.8430580730e+01    2.9411467774e+01    2.9411467774e+01
    3.9836183384e+03    4.4628383694e+03   -5.8977734685e+04    1.4658329029e+02    1.4590378568e+02    1.4568893228e+02    6.2736709894e-02    9.5083328404e-02   -6.2354196065e-02    7.8430580730e+01    2.9411467774e+01    2.9411467774e+01
    3.9923936213e+03    4.4726692985e+03   -5.8987718390e+04    1.4629033762e+02    1.4606387080e+02    1.4581123593e+02   -3.1679848584e-02    2.0437724572e-01   -1.5287847551e-01    7.8430580730e+01    2.9411467774e+01    2.9411467774e+01
    4.0382202100e+03    4.5240087193e+03   -5.9041146801e+04    1.4519246085e+02    1.4606939911e+02    1.4599043142e+02    1.0504201950e-01    1.3216060700e-01    2.5281171728e-01    7.8430580730e+01    2.9411467774e+01    2.9411467774e+01
    4.0134727655e+03    4.4962842148e+03   -5.9009739206e+04    1.4618361009e+02    1.4624651468e+02    1.4551688477e+02   -4.5431963762e-02   -2.0121303175e-01    4.8610773139e-02    7.8430580730e+01    2.9411467774e+01    2.9411467774e+01
    3.9952132902e+03    4.4758281670e+03   -5.8991361922e+04    1.4634757194e+02    1.4545398560e+02    1.4607419162e+02   -1.3896983006e-01    2.0920518311e-01    1.3662423397e-01    7.8430580730e+01    2.9411467774e+01    2.9411467774e+01
    4.0177205059e+03    4.5010429484e+03   -5.9013627231e+04    1.4600840671e+02    1.4562785033e+02    1.4610646310e+02    1.0020200023e-01    1.1319810644e-01   -9.5971810257e-02    7.8430580730e+01    2.9411467774e+01    2.9411467774e+01
    4.0183408344e+03    4.5017379010e+03   -5.9017836920e+04    1.4572464273e+02    1.4622983392e+02    1.4563933423e+02    1.0314812226e-01   -5.1356937123e-02   -5.9957804739e-02    7.8430580730e+01    2.9411467774e+01    2.9411467774e+01
    4.0011634216e+03    4.4824940854e+03   -5.8996340084e+04    1.4641754444e+02    1.4599001746e+02    1.4559871958e+02    2.6355960593e-01    1.3645694637e-02    1.8801714459e-01    7.8430580730e+01    2.9411467774e+01    2.9411467774e+01
    3.9852902610e+03    4.4647114204e+03   -5.8975227937e+04    1.4609409383e+02    1.4602035197e+02    1.4614640112e+02    6.3406911836e-02    3.8354882996e-01   -7.9625073884e-02    7.8430580730e+01    2.9411467774e+01    2.9411467774e+01
    3.9743567960e+03    4.4524626850e+03   -5.8968257926e+04    1.4621873048e+02    1.4544073373e+02    1.4647645927e+02   -1.0469191139e-02    9.6467104593e-02   -8.0836638521e-02    7.8430580730e+01    2.9411467774e+01    2.9411467774e+01
    3.9734829990e+03    4.4514837723e+03   -5.8962207810e+04    1.4696108342e+02    1.4557321103e+02    1.4560114141e+02   -9.8759592698e-02    2.4452452118e-01   -2.3107205266e-02    7.8430580730e+01    2.9411467774e+01    2.9411467774e+01
    4.0297383252e+03    4.5145064835e+03   -5.9027889487e+04    1.4618154960e+02    1.4615510496e+02    1.4555394948e+02    2.4934814664e-01    8.5586092229e-02    1.1326153509e-01    7.8430580730e+01    2.9411467774e+01    2.9411467774e+01
    3.9931689436e+03    4.4735378902e+03   -5.8985585107e+04    1.4645706357e+02    1.4584824560e+02    1.4564055744e+02    2.3505665062e-01   -4.1644446584e-02    6.7474119979e-02    7.8430580730e+01    2.9411467774e+01    2.9411467774e+01
    4.0110944267e+03    4.4936197674e+03   -5.9003301821e+04    1.4666353712e+02    1.4567930003e+02    1.4538613821e+02    3.8605452624e-02    2.2385691124e-01    1.4473409445e-01    7.8430580730e+01    2.9411467774e+01    2.9411467774e+01
    3.9762234102e+03    4.4545538486e+03   -5.8966830262e+04    1.4586265289e+02    1.4611751992e+02    1.4581646961e+02    2.3418951539e-03    1.8904923135e-01    2.5618795744e-01    7.8430580730e+01    2.9411467774e+01    2.9411467774e+01
    3.9829245502e+03    4.4620611201e+03   -5.8975663352e+04    1.4655758987e+02    1.4614142111e+02    1.4558870271e+02   -1.7355600271e-01    1.8870625515e-02    4.4909984855e-01    7.8430580730e+01    2.9411467774e+01    2.9411467774e+01
    4.0102950995e+03    4.4927242829e+03   -5.9006296955e+04    1.4597903350e+02    1.4590248511e+02    1.4571861868e+02    1.7093973058e-01   -2.4416880741e-01   -5.2624538383e-02    7.8430580730e+01    2.9411467774e+01    2.9411467774e+01
    3.9765420587e+03    4.4549108297e+03   -5.8973173353e+04    1.4658041782e+02    1.4590341040e+02    1.4592993276e+02    3.9027617731e-01   -3.9202798008e-01    5.5520930548e-02    7.8430580730e+01    2.9411467774e+01    2.9411467774e+01
    4.0189095152e+03    4.5023749928e+03   -5.9016838598e+04    1.4597506760e+02    1.4601733457e+02    1.4570767300e+02   -2.7470362211e-01   -2.2595221025e-01   -2.0671855215e-02    7.8430580730e+01    2.9411467774e+01    2.9411467774e+01
    4.0127463300e+03    4.4954703907e+03   -5.9009018855e+04    1.4618366755e+02    1.4584971804e+02    1.4571071536e+02   -2.5665156917e-01    9.6133142450e-02    5.6912057369e-02    7.8430580730e+01    2.9411467774e+01    2.9411467774e+01
    3.9790770851e+03    4.4577508139e+03   -5.8978371410e+04    1.4608799198e+02    1.4598561308e+02    1.4599942903e+02    5.5157116866e-02   -1.8155330966e-02   -1.4264569890e-01    7.8430580730e+01    2.9411467774e+01    2.9411467774e+01
    4.0227493217e+03    4.5066767191e+03   -5.9023933855e+04    1.4599381409e+02    1.4582484438e+02    1.4574193500e+02    7.5216871713e-04   -5.2221124204e-02   -2.3647187338e-01    7.8430580730e+01    2.9411467774e+01    2.9411467774e+01
    3.9780894102e+03    4.4566443240e+03   -5.8966957488e+04    1.4610046448e+02    1.4611161897e+02    1.4602788310e+02   -1.6812491740e-01    1.3876854406e-01    8.6768313834e-02    7.8430580730e+01    2.9411467774e+01    2.9411467774e+01
    4.0097408542e+03    4.4921033632e+03   -5.9005512987e+04    1.4578194422e+02    1.4577347491e+02    1.4587329001e+02   -1.5273528462e-02    2.4749070655e-02    2.1375274170e-01    7.8430580730e+01    2.9411467774e+01    2.9411467774e+01
    4.0151231337e+03    4.4981331184e+03   -5.9007189916e+04    1.4567372761e+02    1.4578553355e+02    1.4554307514e+02   -7.0763482317e-02    2.3192146356e-01    1.8266399766e-01    7.8430580730e+01    2.9411467774e+01    2.9411467774e+01
    4.0093125779e+03    4.4916235662e+03   -5.9005597067e+04    1.4598490757e+02    1.4613433431e+02    1.4588971683e+02    5.6972637358e-02   -4.8069610855e-02   -1.0392183723e-01    7.8430580730e+01    2.9411467774e+01    2.9411467774e+01
    3.9913583498e+03    4.4715094862e+03   -5.8984066079e+04    1.4632928453e+02    1.4615782349e+02    1.4584546644e+02    2.4008256428e-01    2.4967024769e-02    5.9022116777e-02    7.8430580730e+01    2.9411467774e+01    2.9411467774e+01
    3.9704604535e+03    4.4480976215e+03   -5.8959600523e+04    1.4628443071e+02    1.4614653048e+02    1.4635522658e+02    1.4997890562e-01    3.7118010361e-02   -3.0546832749e-03    7.8430580730e+01    2.9411467774e+01    2.9411467774e+01
    3.9906084061e+03    4.4706693260e+03   -5.8981068069e+04    1.4640664364e+02    1.4588215613e+02    1.4589325982e+02    3.5533023588e-01   -1.8381325839e-01   -3.9433507626e-02    7.8430580730e+01    2.9411467774e+01    2.9411467774e+01
    4.0072087561e+03    4.4892666596e+03   -5.9002978842e+04    1.4595574203e+02    1.4608390382e+02    1.4554271857e+02    2.4579556400e-01   -1.7168325152e-01   -1.1379106506e-01    7.8430580730e+01    2.9411467774e+01    2.9411467774e+01
    4.0291662268e+03    4.5138655629e+03   -5.9030901906e+04    1.4606670539e+02    1.4525847105e+02    1.4594095644e+02   -3.3883093166e-02    5.9161415745e-02    6.3830872491e-02    7.8430580730e+01    2.9411467774e+01    2.9411467774e+01
    3.9881899223e+03    4.4679599043e+03   -5.8980766369e+04    1.4577592876e+02    1.4595081702e+02    1.4574492461e+02    1.6450285718e-02   -3.7111981660e-02   -4.2044166373e-02    7.8430580730e+01    2.9411467774e+01    2.9411467774e+01
    3.9396194505e+03    4.4135465175e+03   -5.8926942770e+04    1.4644270770e+02    1.4654293015e+02    1.4577756712e+02   -7.2978561767e-02    1.5669097645e-02    2.4821975801e-01    7.8430580730e+01    2.9411467774e+01    2.9411467774e+01
    3.9886175389e+03    4.4684389621e+03   -5.8983108960e+04    1.4615237746e+02    1.4567942792e+02    1.4562921044e+02    3.3161460624e-02   -7.1700610714e-02    1.8745398428e-01    7.8430580730e+01    2.9411467774e+01    2.9411467774e+01
    4.0064971170e+03    4.4884694119e+03   -5.9001295641e+04    1.4659577873e+02    1.4509636303e+02    1.4586159356e+02   -1.7313699467e-01   -1.0286324529e-01   -8.2004819224e-02    7.8430580730e+01    2.9411467774e+01    2.9411467774e+01
    3.9843909062e+03    4.4637038753e+03   -5.8977723526e+04    1.4655044697e+02    1.4574154788e+02    1.4573125241e+02   -7.1744457708e-02    1.8046293386e-03   -1.0535786281e-01    7.8430580730e+01    2.9411467774e+01    2.9411467774e+01
    4.0077559204e+03    4.4898796465e+03   -5.9004841256e+04    1.4608760685e+02    1.4561279141e+02    1.4599774128e+02    9.6594931993e-02   -2.2595518286e-01   -3.2022568910e-01    7.8430580730e+01    2.9411467774e+01    2.9411467774e+01
    3.9853090205e+03    4.4647324367e+03   -5.8978524006e+04    1.4630235435e+02    1.4600045502e+02    1.4598040279e+02   -3.0585639380e-01   -1.0436298381e-01    2.7844921568e-01    7.8430580730e+01    2.9411467774e+01    2.9411467774e+01
    3.9776538365e+03    4.4561563518e+03   -5.8975694356e+04    1.4639339281e+02    1.4572110813e+02    1.4568126589e+02    8.2420498901e-02   -2.9755682490e-01   -8.0130661475e-02    7.8430580730e+01    2.9411467774e+01    2.9411467774e+01
    4.0039397389e+03    4.4856043872e+03   -5.8998586433e+04    1.4592643590e+02    1.4604111103e+02    1.4583901343e+02   -2.6300093485e-01   -1.7436072140e-02   -2.3385302328e-02    7.8430580730e+01    2.9411467774e+01    2.9411467774e+01
    3.9939469257e+03    4.4744094618e+03   -5.8986392076e+04    1.4638091382e+02    1.4629413058e+02    1.4542690428e+02    9.6243827898e-02   -1.9617521665e-01    8.6515948547e-02    7.8430580730e+01    2.9411467774e+01    2.9411467774e+01
    4.0352908153e+03    4.5207269252e+03   -5.9037821903e+04    1.4586106511e+02    1.4580113715e+02    1.4554824359e+02   -1.2817444645e-02    1.0595814263e-01   -2.6770926945e-01    7.8430580730e+01    2.9411467774e+01    2.9411467774e+01
    3.9881064000e+03    4.4678663344e+03   -5.8983482830e+04    1.4591823284e+02    1.4651906379e+02    1.4556219764e+02    7.8459987186e-02   -1.9288847175e-01   -4.3252369470e-02    7.8430580730e+01    2.9411467774e+01    2.9411467774e+01
    4.0155574092e+03    4.4986196362e+03   -5.9013674976e+04    1.4683199424e+02    1.4544163722e+02    1.4588021779e+02   -5.2428633056e-02    2.2609439303e-01   -2.8220188188e-01    7.8430580730e+01    2.9411467774e+01    2.9411467774e+01
    3.9846168852e+03    4.4639570390e+03   -5.8981840620e+04    1.4642585601e+02    1.4588134467e+02    1.4570631025e+02   -2.0567806259e-01    2.5901994923e-01    1.4162737142e-02    7.8430580730e+01    2.9411467774e+01    2.9411467774e+01
    4.0023652734e+03    4.4838405171e+03   -5.8996239948e+04    1.4633299721e+02    1.4551172877e+02    1.4608847381e+02   -2.2439433411e-01    1.0622584830e-04    1.6028714645e-01    7.8430580730e+01    2.9411467774e+01    2.9411467774e+01
    4.0411282165e+03    4.5272665523e+03   -5.9041418689e+04    1.4591854818e+02    1.4617658459e+02    1.4561919346e+02   -1.4070903781e-01    2.6240110493e-01   -5.1456262765e-02    7.8430580730e+01    2.9411467774e+01    2.9411467774e+01
    3.9887499815e+03    4.4685873372e+03   -5.8980898773e+04    1.4621012843e+02    1.4607094241e+02    1.4560396446e+02    2.1032784008e-01    5.7761550955e-02    2.2510362604e-01    7.8430580730e+01    2.9411467774e+01    2.9411467774e+01
    3.9865796465e+03    4.4661559160e+03   -5.8978336197e+04    1.4643083993e+02    1.4619391962e+02    1.4557887149e+02   -1.3869359685e-01    6.4510721371e-02   -1.8257850179e-01    7.8430580730e+01    2.9411467774e+01    2.9411467774e+01
    3.9690110898e+03    4.4464739028e+03   -5.8963135430e+04    1.4643007201e+02    1.4609158335e+02    1.4587489735e+02    1.3603980254e-01    6.5959675684e-02    1.0700210515e-01    7.8430580730e+01    2.9411467774e+01    2.9411467774e+01
    3.9771817440e+03    4.4556274676e+03   -5.8969895806e+04    1.4621003233e+02    1.4595363614e+02    1.4604483973e+02    8.4587598592e-02   -1.0814169395e-01    3.2840638865e-02    7.8430580730e+01    2.9411467774e+01    2.9411467774e+01
    4.0215901154e+03    4.5053780629e+03   -5.9015909630e+04    1.4645928750e+02    1.4595556678e+02    1.4542126673e+02   -1.7770286128e-01   -1.9381654405e-01   -2.3210399587e-01    7.8430580730e+01    2.9411467774e+01    2.9411467774e+01
    4.0062627647e+03    4.4882068676e+03   -5.8999577405e+04    1.4612396804e+02    1.4620104577e+02    1.4558501465e+02    1.0553209751e-01   -2.1097737972e-01    4.0916458634e-02    7.8430580730e+01    2.9411467774e+01    2.9411467774e+01
    3.9865965833e+03    4.4661748902e+03   -5.8981495615e+04    1.4647520372e+02    1.4595798498e+02    1.4541784992e+02   -7.1837400185e-02   -2.7963448561e-03    5.6791601185e-02    7.8430580730e+01    2.9411467774e+01    2.9411467774e+01
    4.0014211867e+03    4.4827828590e+03   -5.9000590572e+04    1.4619903255e+02    1.4557770248e+02    1.4631909358e+02   -3.2378318408e-02    6.9620226258e-02   -5.4748159307e-02    7.8430580730e+01    2.9411467774e+01    2.9411467774e+01
    3.9817280517e+03    4.4607206856e+03   -5.8975704001e+04    1.4620283023e+02    1.4619990583e+02    1.4568965257e+02    1.0578570425e-01   -2.6545950177e-01    1.7116187417e-01    7.8430580730e+01    2.9411467774e+01    2.9411467774e+01
    3.9989637882e+03    4.4800298412e+03   -5.8992170071e+04    1.4592697577e+02    1.4616764952e+02    1.4592713772e+02    2.8788420033e-01    3.3129644539e-01   -2.6277508887e-01    7.8430580730e+01    2.9411467774e+01    2.9411467774e+01
    3.9918546805e+03    4.4720655243e+03   -5.8984959781e+04    1.4629461302e+02    1.4616861140e+02    1.4551743989e+02    1.3030287129e-01    2.1553897507e-01   -1.8177907937e-01    7.8430580730e+01    2.9411467774e+01    2.9411467774e+01
    3.9795909469e+03    4.4583264921e+03   -5.8968546249e+04    1.4612277353e+02    1.4586552628e+02    1.4599842740e+02   -6.2532887119e-02   -1.8333111465e-01   -1.6415288663e-01    7.8430580730e+01    2.9411467774e+01    2.9411467774e+01
    3.9900949040e+03    4.4700940509e+03   -5.8986529392e+04    1.4582563302e+02    1.4641324909e+02    1.4586592887e+02    1.3333173895e-01   -2.1724928857e-01   -9.9949238747e-02    7.8430580730e+01    2.9411467774e+01    2.9411467774e+01
    3.9750498581e+03    4.4532391209e+03   -5.8967060196e+04    1.4596151733e+02    1.4576076949e+02    1.4545802366e+02   -2.5189704437e-01    2.1107054038e-02    5.9401777932e-02    7.8430580730e+01    2.9411467774e+01    2.9411467774e+01
    4.0190295349e+03    4.5025094506e+03   -5.9020247654e+04    1.4592805818e+02    1.4615310022e+02    1.4572014128e+02    2.3788080875e-01    2.3916618768e-01   -2.2856495054e-01    7.8430580730e+01    2.9411467774e+01    2.9411467774e+01
    4.0255166052e+03    4.5097769004e+03   -5.9026844438e+04    1.4660711029e+02    1.4552013513e+02    1.4556402672e+02    1.1832984169e-01   -7.7030657646e-02    1.5007256075e-01    7.8430580730e+01    2.9411467774e+01    2.9411467774e+01
    4.0085781999e+03    4.4908008443e+03   -5.9004228034e+04    1.4607654637e+02    1.4578955305e+02    1.4594778676e+02   -2.2546503616e-01   -1.6780369298e-01    1.3541288840e-01    7.8430580730e+01    2.9411467774e+01    2.9411467774e+01
    4.0311860045e+03    4.5161283153e+03   -5.9033379443e+04    1.4654905965e+02    1.4510005227e+02    1.4559425633e+02    2.6834327783e-02    3.8192239265e-01   -2.6937784631e-02    7.8430580730e+01    2.9411467774e+01    2.9411467774e+01
    3.9534333597e+03    4.4290222079e+03   -5.8941561769e+04    1.4690847392e+02    1.4624197716e+02    1.4571959882e+02   -8.9074893170e-02    1.0754771999e-02    1.6669059019e-01    7.8430580730e+01    2.9411467774e+01    2.9411467774e+01
    4.0113927685e+03    4.4939539989e+03   -5.9003780316e+04    1.4561892020e+02    1.4649676572e+02    1.4573017980e+02   -2.0829819098e-01    2.5794299393e-01    2.3366719771e-01    7.8430580730e+01    2.9411467774e+01    2.9411467774e+01
    3.9826547092e+03    4.4617588178e+03   -5.8979690214e+04    1.4594033112e+02    1.4604888049e+02    1.4595980170e+02    1.0669222658e-01   -1.0545147023e-01   -2.2022129939e-01    7.8430580730e+01    2.9411467774e+01    2.9411467774e+01
    4.0357521371e+03    4.5212437430e+03   -5.9037595015e+04    1.4570907456e+02    1.4611436576e+02    1.4621752946e+02    1.1938422631e-01    1.0519500079e-01    9.1708079370e-02    7.8430580730e+01    2.9411467774e+01    2.9411467774e+01
    3.9741645293e+03    4.4522472890e+03   -5.8960475092e+04    1.4603821599e+02    1.4663989232e+02    1.4603277375e+02    2.6482395908e-01   -9.7271413228e-03    3.8191835822e-02    7.8430580730e+01    2.9411467774e+01    2.9411467774e+01
    4.0304852247e+03    4.5153432333e+03   -5.9026729888e+04    1.4616251104e+02    1.4579365469e+02    1.4526800814e+02   -3.1062086895e-01    3.3783973833e-01   -9.1273856390e-02    7.8430580730e+01    2.9411467774e+01    2.9411467774e+01
    3.9772289946e+03    4.4556804024e+03   -5.8970545586e+04    1.4668423033e+02    1.4598489516e+02    1.4579716488e+02    1.2544386300e-01   -2.8597140124e-01   -5.9861758406e-02    7.8430580730e+01    2.9411467774e+01    2.9411467774e+01
    3.9772289946e+03    4.4556804024e+03   -5.8970545586e+04    1.4668423033e+02    1.4598489516e+02    1.4579716488e+02    1.2544386300e-01   -2.8597140124e-01   -5.9861758406e-02    7.8430580730e+01    2.9411467774e+01    2.9411467774e+01
    3.9772289946e+03    4.4556804024e+03   -5.8970545586e+04    1.4668423033e+02    1.4598489516e+02    1.4579716488e+02    1.2544386300e-01   -2.8597140124e-01   -5.9861758406e-02    7.8430580730e+01    2.9411467774e+01    2.9411467774e+01
    3.9772289946e+03    4.4556804024e+03   -5.8970545586e+04    1.4668423033e+02    1.4598489516e+02    1.4579716488e+02    1.2544386300e-01   -2.8597140124e-01   -5.9861758406e-02    7.8430580730e+01    2.9411467774e+01    2.9411467774e+01
    3.9772289946e+03    4.4556804024e+03   -5.8970545586e+04    1.4668423033e+02    1.4598489516e+02    1.4579716488e+02    1.2544386300e-01   -2.8597140124e-01   -5.9861758406e-02    7.8430580730e+01    2.9411467774e+01    2.9411467774e+01
    3.9772289946e+03    4.4556804024e+03   -5.8970545586e+04    1.4668423033e+02    1.4598489516e+02    1.4579716488e+02    1.2544386300e-01   -2.8597140124e-01   -5.9861758406e-02    7.8430580730e+01    2.9411467774e+01    2.9411467774e+01
    3.9772289946e+03    4.4556804024e+03   -5.8970545586e+04    1.4668423033e+02    1.4598489516e+02    1.4579716488e+02    1.2544386300e-01   -2.8597140124e-01   -5.9861758406e-02    7.8430580730e+01    2.9411467774e+01    2.9411467774e+01
    3.9772289946e+03    4.4556804024e+03   -5.8970545586e+04    1.4668423033e+02    1.4598489516e+02    1.4579716488e+02    1.2544386300e-01   -2.8597140124e-01   -5.9861758406e-02    7.8430580730e+01    2.9411467774e+01    2.9411467774e+01
    3.9772289946e+03    4.4556804024e+03   -5.8970545586e+04    1.4668423033e+02    1.4598489516e+02    1.4579716488e+02    1.2544386300e-01   -2.8597140124e-01   -5.9861758406e-02    7.8430580730e+01    2.9411467774e+01    2.9411467774e+01
    3.9772289946e+03    4.4556804024e+03   -5.8970545586e+04    1.4668423033e+02    1.4598489516e+02    1.4579716488e+02    1.2544386300e-01   -2.8597140124e-01   -5.9861758406e-02    7.8430580730e+01    2.9411467774e+01    2.9411467774e+01
    3.9772289946e+03    4.4556804024e+03   -5.8970545586e+04    1.4668423033e+02    1.4598489516e+02    1.4579716488e+02    1.2544386300e-01   -2.8597140124e-01   -5.9861758406e-02    7.8430580730e+01    2.9411467774e+01    2.9411467774e+01
    3.9772289946e+03    4.4556804024e+03   -5.8970545586e+04    1.4668423033e+02    1.4598489516e+02    1.4579716488e+02    1.2544386300e-01   -2.8597140124e-01   -5.9861758406e-02    7.8430580730e+01    2.9411467774e+01    2.9411467774e+01
    3.9772289946e+03    4.4556804024e+03   -5.8970545586e+04    1.4668423033e+02    1.4598489516e+02    1.4579716488e+02    1.2544386300e-01   -2.8597140124e-01   -5.9861758406e-02    7.8430580730e+01    2.9411467774e+01    2.9411467774e+01
    3.9772289946e+03    4.4556804024e+03   -5.8970545586e+04    1.4668423033e+02    1.4598489516e+02    1.4579716488e+02    1.2544386300e-01   -2.8597140124e-01   -5.9861758406e-02    7.8430580730e+01    2.9411467774e+01    2.9411467774e+01
    3.9772289946e+03    4.4556804024e+03   -5.8970545586e+04    1.4668423033e+02    1.4598489516e+02    1.4579716488e+02    1.2544386300e-01   -2.8597140124e-01   -5.9861758406e-02    7.8430580730e+01    2.9411467774e+01    2.9411467774e+01
    3.9772289946e+03    4.4556804024e+03   -5.8970545586e+04    1.4668423033e+02    1.4598489516e+02    1.4579716488e+02    1.2544386300e-01   -2.8597140124e-01   -5.9861758406e-02    7.8430580730e+01    2.9411467774e+01    2.9411467774e+01
    3.9772289946e+03    4.4556804024e+03   -5.8970545586e+04    1.4668423033e+02    1.4598489516e+02    1.4579716488e+02    1.2544386300e-01   -2.8597140124e-01   -5.9861758406e-02    7.8430580730e+01    2.9411467774e+01    2.9411467774e+01
    3.9772289946e+03    4.4556804024e+03   -5.8970545586e+04    1.4668423033e+02    1.4598489516e+02    1.4579716488e+02    1.2544386300e-01   -2.8597140124e-01   -5.9861758406e-02    7.8430580730e+01    2.9411467774e+01    2.9411467774e+01
    3.9772289946e+03    4.4556804024e+03   -5.8970545586e+04    1.4668423033e+02    1.4598489516e+02    1.4579716488e+02    1.2544386300e-01   -2.8597140124e-01   -5.9861758406e-02    7.8430580730e+01    2.9411467774e+01    2.9411467774e+01
    3.9772289946e+03    4.4556804024e+03   -5.8970545586e+04    1.4668423033e+02    1.4598489516e+02    1.4579716488e+02    1.2544386300e-01   -2.8597140124e-01   -5.9861758406e-02    7.8430580730e+01    2.9411467774e+01    2.9411467774e+01
    3.9772289946e+03    4.4556804024e+03   -5.8970545586e+04    1.4668423033e+02    1.4598489516e+02    1.4579716488e+02    1.2544386300e-01   -2.8597140124e-01   -5.9861758406e-02    7.8430580730e+01    2.9411467774e+01    2.9411467774e+01
    3.9772289946e+03    4.4556804024e+03   -5.8970545586e+04    1.4668423033e+02    1.4598489516e+02    1.4579716488e+02    1.2544386300e-01   -2.8597140124e-01   -5.9861758406e-02    7.8430580730e+01    2.9411467774e+01    2.9411467774e+01
    3.9772289946e+03    4.4556804024e+03   -5.8970545586e+04    1.4668423033e+02    1.4598489516e+02    1.4579716488e+02    1.2544386300e-01   -2.8597140124e-01   -5.9861758406e-02    7.8430580730e+01    2.9411467774e+01    2.9411467774e+01
    3.9772289946e+03    4.4556804024e+03   -5.8970545586e+04    1.4668423033e+02    1.4598489516e+02    1.4579716488e+02    1.2544386300e-01   -2.8597140124e-01   -5.9861758406e-02    7.8430580730e+01    2.9411467774e+01    2.9411467774e+01
    3.9772289946e+03    4.4556804024e+03   -5.8970545586e+04    1.4668423033e+02    1.4598489516e+02    1.4579716488e+02    1.2544386300e-01   -2.8597140124e-01   -5.9861758406e-02    7.8430580730e+01    2.9411467774e+01    2.9411467774e+01
    3.9772289946e+03    4.4556804024e+03   -5.8970545586e+04    1.4668423033e+02    1.4598489516e+02    1.4579716488e+02    1.2544386300e-01   -2.8597140124e-01   -5.9861758406e-02    7.8430580730e+01    2.9411467774e+01    2.9411467774e+01
    3.9772289946e+03    4.4556804024e+03   -5.8970545586e+04    1.4668423033e+02    1.4598489516e+02    1.4579716488e+02    1.2544386300e-01   -2.8597140124e-01   -5.9861758406e-02    7.8430580730e+01    2.9411467774e+01    2.9411467774e+01
    3.9772289946e+03    4.4556804024e+03   -5.8970545586e+04    1.4668423033e+02    1.4598489516e+02    1.4579716488e+02    1.2544386300e-01   -2.8597140124e-01   -5.9861758406e-02    7.8430580730e+01    2.9411467774e+01    2.9411467774e+01
    3.9772289946e+03    4.4556804024e+03   -5.8970545586e+04    1.4668423033e+02    1.4598489516e+02    1.4579716488e+02    1.2544386300e-01   -2.8597140124e-01   -5.9861758406e-02    7.8430580730e+01    2.9411467774e+01    2.9411467774e+01
    3.9772289946e+03    4.4556804024e+03   -5.8970545586e+04    1.4668423033e+02    1.4598489516e+02    1.4579716488e+02    1.2544386300e-01   -2.8597140124e-01   -5.9861758406e-02    7.8430580730e+01    2.9411467774e+01    2.9411467774e+01
    3.9772289946e+03    4.4556804024e+03   -5.8970545586e+04    1.4668423033e+02    1.4598489516e+02    1.4579716488e+02    1.2544386300e-01   -2.8597140124e-01   -5.9861758406e-02    7.8430580730e+01    2.9411467774e+01    2.9411467774e+01
