    3.9684895468e+03    3.8226340652e+03   -5.5494222637e+04    8.6239312290e+01    8.6107998351e+01    8.5376984330e+01   -1.1797740719e-01   -8.6828955102e-02    1.4485436555e-01    7.1173625292e+01    3.0502982268e+01    3.0502982268e+01
    3.9831433391e+03    3.8367492809e+03   -5.5484742492e+04    8.6660853230e+01    8.5872906076e+01    8.5405951991e+01    1.4392502137e-01    5.4770052577e-02   -5.1580282898e-02    7.1173625292e+01    3.0502982268e+01    3.0502982268e+01
    4.0129796553e+03    3.8654890110e+03   -5.5518827991e+04    8.5797873152e+01    8.5562631999e+01    8.5782983431e+01    7.9983070492e-03    8.8523842848e-04    6.5558299284e-02    7.1173625292e+01    3.0502982268e+01    3.0502982268e+01
    3.9921451384e+03    3.8454202334e+03   -5.5498771246e+04    8.6016293603e+01    8.6239164002e+01    8.5874954481e+01   -3.4503057899e-02   -4.9360279799e-02   -1.1950364175e-01    7.1173625292e+01    3.0502982268e+01    3.0502982268e+01
    3.9650125208e+03    3.8192848318e+03   -5.5474699083e+04    8.5962256344e+01    8.5394538957e+01    8.6552477257e+01   -1.1421606713e-03    6.6845297520e-02    1.5588824555e-01    7.1173625292e+01    3.0502982268e+01    3.0502982268e+01
    3.9930619109e+03    3.8463033114e+03   -5.5496021628e+04    8.5978314608e+01    8.5829727884e+01    8.6030019511e+01   -6.1105935914e-02   -3.0423093975e-01   -2.1259555769e-01    7.1173625292e+01    3.0502982268e+01    3.0502982268e+01
    3.9907672975e+03    3.8440930328e+03   -5.5495083377e+04    8.5384407491e+01    8.6712136406e+01    8.5727934256e+01   -9.4882134988e-02    2.4073239847e-01    2.7869015807e-02    7.1173625292e+01    3.0502982268e+01    3.0502982268e+01
    4.0435735581e+03    3.8949584839e+03   -5.5542597542e+04    8.5993297332e+01    8.5680780627e+01    8.5770937117e+01    5.2519725390e-02    1.0171606593e-01    7.0732322197e-03    7.1173625292e+01    3.0502982268e+01    3.0502982268e+01
    3.9696572911e+03    3.8237588910e+03   -5.5478450905e+04    8.6435641540e+01    8.5803460868e+01    8.5853886605e+01   -2.4898753382e-02    2.4552153469e-01    1.7513562591e-01    7.1173625292e+01    3.0502982268e+01    3.0502982268e+01
    3.9807806440e+03    3.8344734228e+03   -5.5482152299e+04    8.6440734850e+01    8.5944672921e+01    8.5904154995e+01   -6.4229628604e-02    1.0425861910e-02   -2.1575732246e-01    7.1173625292e+01    3.0502982268e+01    3.0502982268e+01
    3.9803007989e+03    3.8340112136e+03   -5.5482118636e+04    8.6757043663e+01    8.6246844895e+01    8.5564634067e+01   -1.3063482159e-01   -5.9887178024e-02   -3.3145282489e-01    7.1173625292e+01    3.0502982268e+01    3.0502982268e+01
    3.9705459301e+03    3.8246148695e+03   -5.5476204349e+04    8.6147572532e+01    8.6348512066e+01    8.5372564387e+01    3.0187475747e-01   -2.5192479690e-01   -9.7190525551e-02    7.1173625292e+01    3.0502982268e+01    3.0502982268e+01
    4.0167623432e+03    3.8691326723e+03   -5.5519433001e+04    8.5756140858e+01    8.5865592802e+01    8.6322926876e+01   -1.7354676711e-01   -2.5477270240e-01    1.2428519161e-01    7.1173625292e+01    3.0502982268e+01    3.0502982268e+01
    3.9918268074e+03    3.8451136021e+03   -5.5492431142e+04    8.6760513988e+01    8.5705052791e+01    8.5954277932e+01   -2.3971586000e-01    8.3669997279e-02   -9.2133809492e-02    7.1173625292e+01    3.0502982268e+01    3.0502982268e+01
    4.0116141887e+03    3.8641737299e+03   -5.5511633730e+04    8.6361218683e+01    8.5949519129e+01    8.5733773533e+01    2.3429217392e-02    1.1333451693e-01   -1.7384436737e-01    7.1173625292e+01    3.0502982268e+01    3.0502982268e+01
    3.9913953441e+03    3.8446979966e+03   -5.5490597215e+04    8.6493894667e+01    8.6013719761e+01    8.5614700654e+01   -2.2124657791e-01    8.3851227340e-02   -1.6530509404e-01    7.1173625292e+01    3.0502982268e+01    3.0502982268e+01
    4.0081677002e+03    3.8608539116e+03   -5.5515032984e+04    8.6003061749e+01    8.5733554696e+01    8.5790273560e+01    1.8997593979e-01    9.3599626368e-03    8.9314371754e-02    7.1173625292e+01    3.0502982268e+01    3.0502982268e+01
    3.9575987316e+03    3.8121435245e+03   -5.5462872099e+04    8.6500123449e+01    8.5930987759e+01    8.6136375534e+01   -1.2336360163e-01    2.3200286864e-01    2.0254244749e-01    7.1173625292e+01    3.0502982268e+01    3.0502982268e+01
    3.9780976047e+03    3.8318889944e+03   -5.5480343074e+04    8.6498992019e+01    8.6255866621e+01    8.5858515026e+01    1.1105856005e-01   -1.5650497828e-01    6.2163588098e-02    7.1173625292e+01    3.0502982268e+01    3.0502982268e+01
    3.9983540047e+03    3.8514009028e+03   -5.5503070292e+04    8.6127718746e+01    8.5926842529e+01    8.5166823443e+01    2.5377974592e-01    6.2325413524e-02    1.7671041524e-01    7.1173625292e+01    3.0502982268e+01    3.0502982268e+01
    3.9878600340e+03    3.8412926212e+03   -5.5491311929e+04    8.6140231543e+01    8.5938070650e+01    8.5838152268e+01   -3.8214164343e-02    1.4812973602e-01   -7.4410650901e-02    7.1173625292e+01    3.0502982268e+01    3.0502982268e+01
    4.0133633788e+03    3.8658586314e+03   -5.5516226322e+04    8.5536057196e+01    8.5904858307e+01    8.6231291425e+01   -6.3082400416e-02   -1.3482595571e-02   -2.5317493792e-02    7.1173625292e+01    3.0502982268e+01    3.0502982268e+01
    3.9792650797e+03    3.8330135607e+03   -5.5483263047e+04    8.5750003179e+01    8.5805668907e+01    8.6187253634e+01    2.5088460893e-01   -2.6308915066e-01   -4.1948524051e-01    7.1173625292e+01    3.0502982268e+01    3.0502982268e+01
    4.0698439938e+03    3.9202633917e+03   -5.5574964658e+04    8.5572827865e+01    8.5397603952e+01    8.5367765134e+01   -1.6562244402e-01    7.5862287936e-02   -2.5787800612e-01    7.1173625292e+01    3.0502982268e+01    3.0502982268e+01
    3.9850108221e+03    3.8385481275e+03   -5.5486488417e+04    8.6468706244e+01    8.6108134707e+01    8.5763818974e+01   -3.1611085986e-01    2.6727396819e-02    4.1704415958e-02    7.1173625292e+01    3.0502982268e+01    3.0502982268e+01
    3.9781720246e+03    3.8319606791e+03   -5.5480439635e+04    8.6145173787e+01    8.6332776152e+01    8.5684734991e+01   -2.8593357959e-02   -9.0515839993e-02    3.7236236122e-01    7.1173625292e+01    3.0502982268e+01    3.0502982268e+01
    3.9663338908e+03    3.8205576369e+03   -5.5470290216e+04    8.6058408992e+01    8.5994712806e+01    8.6421032836e+01    1.7105365155e-01   -1.4714041294e-01   -7.7238250170e-02    7.1173625292e+01    3.0502982268e+01    3.0502982268e+01
    4.0466708463e+03    3.8979419362e+03   -5.5550199973e+04    8.5854317929e+01    8.5777409102e+01    8.5748885925e+01   -4.5695437016e-01   -2.6364890640e-01   -1.2303712674e-01    7.1173625292e+01    3.0502982268e+01    3.0502982268e+01
    3.9660816146e+03    3.8203146328e+03   -5.5473252419e+04    8.5904619928e+01    8.5908336629e+01    8.5871280208e+01    2.1428643466e-02   -3.4489788190e-02    5.5423683527e-02    7.1173625292e+01    3.0502982268e+01    3.0502982268e+01
    3.9778783594e+03    3.8316778071e+03   -5.5481956208e+04    8.5795464754e+01    8.6306806244e+01    8.5659608391e+01    9.7798813904e-02    2.9868699397e-01    4.3138245646e-02    7.1173625292e+01    3.0502982268e+01    3.0502982268e+01
    4.0253863926e+03    3.8774397585e+03   -5.5528867824e+04    8.6694047801e+01    8.5487696013e+01    8.5978169302e+01    3.4537352636e-01    1.4337660762e-01    1.3127234976e-01    7.1173625292e+01    3.0502982268e+01    3.0502982268e+01
    4.0231791637e+03    3.8753136528e+03   -5.5527972718e+04    8.5798980137e+01    8.5818591856e+01    8.5879037213e+01   -1.0461402020e-01    1.3834466094e-01    9.4188587742e-02    7.1173625292e+01    3.0502982268e+01    3.0502982268e+01
    3.9924552961e+03    3.8457189918e+03   -5.5495219147e+04    8.5940550527e+01    8.6102223917e+01    8.6147218851e+01   -9.0739379759e-03    1.9738981969e-02    1.0872013053e-01    7.1173625292e+01    3.0502982268e+01    3.0502982268e+01
    4.0184770449e+03    3.8707843528e+03   -5.5526031018e+04    8.5704032417e+01    8.5785539926e+01    8.5844130661e+01   -6.2820591932e-02   -1.7666343255e-01    1.1919403065e-01    7.1173625292e+01    3.0502982268e+01    3.0502982268e+01
    3.9872541426e+03    3.8407089984e+03   -5.5492405168e+04    8.6112818049e+01    8.6045489760e+01    8.5912511062e+01    1.9545737279e-01    2.6442334314e-01    6.7676046934e-02    7.1173625292e+01    3.0502982268e+01    3.0502982268e+01
    3.9885704379e+03    3.8419769153e+03   -5.5493032167e+04    8.6240865128e+01    8.5546708145e+01    8.6237224680e+01    2.6750109106e-01    8.3806648753e-02   -9.9622667178e-02    7.1173625292e+01    3.0502982268e+01    3.0502982268e+01
    4.0429375625e+03    3.8943458632e+03   -5.5546420660e+04    8.5803716886e+01    8.5554640571e+01    8.5764336333e+01   -5.8535901868e-02   -8.6315338484e-02   -4.0148926526e-03    7.1173625292e+01    3.0502982268e+01    3.0502982268e+01
    3.9746904533e+03    3.8286070674e+03   -5.5479299065e+04    8.6133868259e+01    8.5803916622e+01    8.5940063015e+01   -1.5604395914e-01    1.2714138027e-01   -1.3510882691e-03    7.1173625292e+01    3.0502982268e+01    3.0502982268e+01
    4.0206198495e+03    3.8728484021e+03   -5.5520768382e+04    8.6665477335e+01    8.5619646134e+01    8.5389170150e+01   -2.0544380901e-01   -1.0908002138e-01   -1.0155385669e-01    7.1173625292e+01    3.0502982268e+01    3.0502982268e+01
    4.0393689671e+03    3.8909084259e+03   -5.5541035163e+04    8.6045898821e+01    8.5635517361e+01    8.6256843712e+01    1.3358327475e-01   -2.1793752421e-02    1.5157719940e-01    7.1173625292e+01    3.0502982268e+01    3.0502982268e+01
    4.0144713800e+03    3.8669259098e+03   -5.5516233051e+04    8.6172285292e+01    8.5819902686e+01    8.5367233062e+01   -2.7314283397e-02    1.9417604717e-01    5.6091300544e-03    7.1173625292e+01    3.0502982268e+01    3.0502982268e+01
    3.9677294364e+03    3.8219018915e+03   -5.5475342045e+04    8.6188939918e+01    8.5888061182e+01    8.5688380331e+01   -1.2035543357e-01   -7.0907371051e-02   -2.0496498263e-01    7.1173625292e+01    3.0502982268e+01    3.0502982268e+01
    4.0181462257e+03    3.8704656924e+03   -5.5523380125e+04    8.6109460921e+01    8.6067613968e+01    8.5753409332e+01   -1.5066628797e-01    9.1850257055e-02    6.1684289254e-02    7.1173625292e+01    3.0502982268e+01    3.0502982268e+01
    3.9881888587e+03    3.8416093604e+03   -5.5490470841e+04    8.6559597140e+01    8.5673669780e+01    8.5920721395e+01   -1.9728244859e-01    2.6336772391e-01   -1.5245699218e-01    7.1173625292e+01    3.0502982268e+01    3.0502982268e+01
    3.9611922732e+03    3.8156049913e+03   -5.5463973135e+04    8.6443167043e+01    8.5532180446e+01    8.6456983882e+01    1.2984671227e-01   -3.5616186842e-01   -1.5627160452e-01    7.1173625292e+01    3.0502982268e+01    3.0502982268e+01
    4.0382687657e+03    3.8898486606e+03   -5.5541031122e+04    8.5973875142e+01    8.6018462044e+01    8.5711026152e+01   -1.9541433795e-02    1.1000819529e-01    9.4722727594e-02    7.1173625292e+01    3.0502982268e+01    3.0502982268e+01
    4.0227047068e+03    3.8748566338e+03   -5.5522669453e+04    8.6288011498e+01    8.5519234367e+01    8.5760778651e+01    1.8884332738e-01   -3.8581007516e-02   -1.9254038723e-01    7.1173625292e+01    3.0502982268e+01    3.0502982268e+01
    4.0199254220e+03    3.8721794972e+03   -5.5525984063e+04    8.6212383916e+01    8.5917428999e+01    8.5817570383e+01   -1.2361871150e-01   -2.7500178845e-02   -4.9399892491e-02    7.1173625292e+01    3.0502982268e+01    3.0502982268e+01
    4.0091768223e+03    3.8618259451e+03   -5.5511098460e+04    8.5876715542e+01    8.5437584038e+01    8.6090536953e+01    1.5796180555e-01    2.4937648648e-01   -4.7222736840e-02    7.1173625292e+01    3.0502982268e+01    3.0502982268e+01
    4.0164741960e+03    3.8688551155e+03   -5.5514725959e+04    8.5701307677e+01    8.5649271473e+01    8.5970810684e+01    6.3638355729e-02    8.9553465646e-02    1.0320587538e-02    7.1173625292e+01    3.0502982268e+01    3.0502982268e+01
    4.0086339954e+03    3.8613030689e+03   -5.5508130768e+04    8.6333412608e+01    8.5810987091e+01    8.5613899400e+01    5.5191046021e-02    2.8604272005e-02    8.3137801854e-02    7.1173625292e+01    3.0502982268e+01    3.0502982268e+01
    3.9885887529e+03    3.8419945572e+03   -5.5493741636e+04    8.6283637769e+01    8.5785425243e+01    8.5337128363e+01   -6.0412097648e-02    6.4646186705e-03   -4.6547094519e-02    7.1173625292e+01    3.0502982268e+01    3.0502982268e+01
    3.9458287034e+03    3.8008060849e+03   -5.5452405054e+04    8.6399458596e+01    8.5841418389e+01    8.6092802676e+01    1.1452975090e-01    6.7836917676e-02   -2.1711394767e-01    7.1173625292e+01    3.0502982268e+01    3.0502982268e+01
    4.0093178050e+03    3.8619617461e+03   -5.5512976366e+04    8.5827495998e+01    8.6192001131e+01    8.5568445266e+01    1.7456889273e-01   -4.7949995256e-02    6.4493193169e-02    7.1173625292e+01    3.0502982268e+01    3.0502982268e+01
    3.9896009289e+03    3.8429695323e+03   -5.5493339612e+04    8.5694240502e+01    8.6109104127e+01    8.5927539178e+01    9.8490512796e-02   -9.9928225892e-02    2.1074881284e-01    7.1173625292e+01    3.0502982268e+01    3.0502982268e+01
    3.9888874364e+03    3.8422822630e+03   -5.5491113503e+04    8.6631526487e+01    8.5802763824e+01    8.6187623842e+01   -7.2347411341e-02   -4.5781771416e-02    2.3239384294e-01    7.1173625292e+01    3.0502982268e+01    3.0502982268e+01
    3.9897980724e+03    3.8431594301e+03   -5.5495103937e+04    8.5818444417e+01    8.6208477047e+01    8.5892625538e+01   -7.3975554165e-02    5.7859339677e-02    1.1521405959e-01    7.1173625292e+01    3.0502982268e+01    3.0502982268e+01
    4.0033771046e+03    3.8562393867e+03   -5.5510045965e+04    8.6533309154e+01    8.5832963451e+01    8.5621517712e+01    4.1996889521e-03   -8.5016361497e-02    1.0124604698e-01    7.1173625292e+01    3.0502982268e+01    3.0502982268e+01
    4.0000801774e+03    3.8530636327e+03   -5.5506786772e+04    8.6185160519e+01    8.5547020723e+01    8.5992549067e+01    5.9336870237e-02   -2.1034488549e-01    8.2792905445e-02    7.1173625292e+01    3.0502982268e+01    3.0502982268e+01
    3.9822416676e+03    3.8358807489e+03   -5.5487072697e+04    8.6286881740e+01    8.5809332738e+01    8.6325079454e+01    7.2204271319e-03    2.9819431785e-01   -1.3941824328e-01    7.1173625292e+01    3.0502982268e+01    3.0502982268e+01
    4.0838271619e+03    3.9337326309e+03   -5.5587060472e+04    8.6169004811e+01    8.5787300163e+01    8.4605664352e+01   -6.2829672323e-02    9.2991577260e-02   -3.0632493693e-01    7.1173625292e+01    3.0502982268e+01    3.0502982268e+01
    4.0487092111e+03    3.8999053841e+03   -5.5549154932e+04    8.5822921515e+01    8.5887740789e+01    8.6097274008e+01   -1.2010128838e-02    2.9001273788e-01    1.2616374254e-01    7.1173625292e+01    3.0502982268e+01    3.0502982268e+01
    4.0670287301e+03    3.9175515986e+03   -5.5570351521e+04    8.6006428562e+01    8.5660360041e+01    8.5925639903e+01    2.9023464548e-02    7.5542674419e-02   -1.3810979387e-01    7.1173625292e+01    3.0502982268e+01    3.0502982268e+01
    3.9663556561e+03    3.8205786023e+03   -5.5471080684e+04    8.6005398273e+01    8.6213946625e+01    8.6026462120e+01    3.6852948112e-01    8.7228803584e-02    3.9421911704e-02    7.1173625292e+01    3.0502982268e+01    3.0502982268e+01
    3.9809565186e+03    3.8346428334e+03   -5.5489812347e+04    8.6321951361e+01    8.5932597238e+01    8.5677194720e+01    1.8592217286e-02   -2.1392218995e-02   -1.0067334379e-01    7.1173625292e+01    3.0502982268e+01    3.0502982268e+01
    4.0088212360e+03    3.8614834277e+03   -5.5511082476e+04    8.6328818765e+01    8.5381747060e+01    8.5670058252e+01   -1.5710115037e-01    2.4090412336e-01    7.0109566186e-02    7.1173625292e+01    3.0502982268e+01    3.0502982268e+01
    4.0394745549e+03    3.8910101330e+03   -5.5541879460e+04    8.6584007872e+01    8.5174488037e+01    8.5699946338e+01    1.1468234956e-01   -1.4316635306e-01    1.1769614607e-01    7.1173625292e+01    3.0502982268e+01    3.0502982268e+01
    3.9929527847e+03    3.8461981960e+03   -5.5494864293e+04    8.6307103706e+01    8.5990494602e+01    8.5558076131e+01    7.7696200887e-02   -2.3379729273e-04    9.5063508723e-02    7.1173625292e+01    3.0502982268e+01    3.0502982268e+01
    4.0041976085e+03    3.8570297343e+03   -5.5509214801e+04    8.6018663990e+01    8.6076976555e+01    8.5904485622e+01   -1.3750419862e-01   -7.5969692773e-02    1.1301448838e-01    7.1173625292e+01    3.0502982268e+01    3.0502982268e+01
    3.9932003644e+03    3.8464366762e+03   -5.5495861792e+04    8.6143399211e+01    8.5686070695e+01    8.5771136296e+01    7.3188671317e-02    2.2351949370e-01   -2.0130314226e-03    7.1173625292e+01    3.0502982268e+01    3.0502982268e+01
    4.0321305898e+03    3.8839360836e+03   -5.5536715513e+04    8.5749289061e+01    8.6045277332e+01    8.5507325963e+01   -3.6934144341e-02    1.1257149615e-01    1.6763847106e-01    7.1173625292e+01    3.0502982268e+01    3.0502982268e+01
    4.0106706231e+03    3.8632648436e+03   -5.5514680326e+04    8.5982704319e+01    8.5664371012e+01    8.6131956780e+01    1.4677015482e-02   -1.2181299371e-01   -4.4597082269e-02    7.1173625292e+01    3.0502982268e+01    3.0502982268e+01
    3.9720960356e+03    3.8261080033e+03   -5.5476999578e+04    8.6626419130e+01    8.5511255943e+01    8.5569435810e+01    4.7408442415e-02   -1.4300028946e-01   -1.5748955210e-02    7.1173625292e+01    3.0502982268e+01    3.0502982268e+01
    4.0306968619e+03    3.8825550500e+03   -5.5535343224e+04    8.6104901989e+01    8.5367175768e+01    8.5770182567e+01   -2.7349009350e-01   -3.0558446058e-01    1.5229775250e-01    7.1173625292e+01    3.0502982268e+01    3.0502982268e+01
    3.9667485350e+03    3.8209570416e+03   -5.5474128611e+04    8.5993587262e+01    8.6249396052e+01    8.5807587792e+01    5.9095632804e-02   -5.4101354718e-02    1.0827074073e-01    7.1173625292e+01    3.0502982268e+01    3.0502982268e+01
    4.0132565173e+03    3.8657556974e+03   -5.5517107336e+04    8.6100772846e+01    8.5521918012e+01    8.6080935473e+01   -1.9577344688e-02    1.4433879015e-01   -3.3744904480e-01    7.1173625292e+01    3.0502982268e+01    3.0502982268e+01
    4.0217434522e+03    3.8739307086e+03   -5.5525448212e+04    8.5902149935e+01    8.5327473954e+01    8.6180525368e+01    9.4730869357e-02   -1.5715613431e-01   -1.2817143582e-01    7.1173625292e+01    3.0502982268e+01    3.0502982268e+01
    4.0468476903e+03    3.8981122806e+03   -5.5551907464e+04    8.5904511657e+01    8.5149900973e+01    8.5616663804e+01    1.3931235955e-01   -1.9262833565e-01   -2.9476743752e-03    7.1173625292e+01    3.0502982268e+01    3.0502982268e+01
    3.9629227686e+03    3.8172718850e+03   -5.5470555219e+04    8.6112453281e+01    8.6168973929e+01    8.5829925869e+01    4.9388762896e-02   -2.6847427652e-02    2.0894067914e-01    7.1173625292e+01    3.0502982268e+01    3.0502982268e+01
    3.9896125259e+03    3.8429807031e+03   -5.5497648768e+04    8.6758205826e+01    8.5898251484e+01    8.5609592873e+01   -6.5937071325e-03    1.2905090820e-01   -1.4345847434e-01    7.1173625292e+01    3.0502982268e+01    3.0502982268e+01
    4.0193578839e+03    3.8716328181e+03   -5.5518662475e+04    8.6040272148e+01    8.5559508896e+01    8.6394834547e+01   -4.6476514115e-02   -3.7089547435e-02    1.2523604816e-01    7.1173625292e+01    3.0502982268e+01    3.0502982268e+01
    3.9957642139e+03    3.8489062956e+03   -5.5498158911e+04    8.6379148326e+01    8.6054393762e+01    8.5581524631e+01    2.3928592712e-01   -3.9292682022e-03   -9.6207562922e-02    7.1173625292e+01    3.0502982268e+01    3.0502982268e+01
    4.0159754255e+03    3.8683746764e+03   -5.5520384624e+04    8.5673148497e+01    8.6053358420e+01    8.5946034114e+01   -1.3691617994e-01    1.4166735255e-01    6.8642108266e-02    7.1173625292e+01    3.0502982268e+01    3.0502982268e+01
    3.9725447011e+03    3.8265401788e+03   -5.5475327546e+04    8.6154035415e+01    8.5937759165e+01    8.6212413142e+01    1.8401795312e-01   -1.6717768711e-02   -3.0805127184e-01    7.1173625292e+01    3.0502982268e+01    3.0502982268e+01
    4.0184840066e+03    3.8707910586e+03   -5.5521492593e+04    8.6461584031e+01    8.5497608421e+01    8.5482809956e+01   -1.8799902853e-01   -1.4494101379e-01   -1.3435092931e-01    7.1173625292e+01    3.0502982268e+01    3.0502982268e+01
    3.9394684512e+03    3.7946795935e+03   -5.5448489936e+04    8.6488002087e+01    8.6130072051e+01    8.6198715761e+01   -1.4467339570e-02    4.8430084920e-02   -2.5245371752e-02    7.1173625292e+01    3.0502982268e+01    3.0502982268e+01
    4.0221235298e+03    3.8742968170e+03   -5.5525559393e+04    8.5822601931e+01    8.5375808661e+01    8.6218873841e+01   -5.3604073093e-02    2.3641769060e-02    7.5440045712e-03    7.1173625292e+01    3.0502982268e+01    3.0502982268e+01
    3.9836520368e+03    3.8372392822e+03   -5.5486988506e+04    8.5928552814e+01    8.5888491779e+01    8.5824343763e+01   -6.3032556207e-02   -2.1345115210e-02    9.8694455093e-02    7.1173625292e+01    3.0502982268e+01    3.0502982268e+01
    3.9972509697e+03    3.8503384080e+03   -5.5506868263e+04    8.6067494597e+01    8.5881892522e+01    8.6418664297e+01    2.3799950989e-01    8.3593672716e-02    9.8285999654e-02    7.1173625292e+01    3.0502982268e+01    3.0502982268e+01
    3.9900589392e+03    3.8434107092e+03   -5.5490911842e+04    8.6042023258e+01    8.6169789456e+01    8.5896369710e+01   -2.5075384959e-01   -1.6401686285e-02   -1.5621522015e-02    7.1173625292e+01    3.0502982268e+01    3.0502982268e+01
    4.0336803847e+03    3.8854289182e+03   -5.5540651362e+04    8.6156446006e+01    8.5690111838e+01    8.5374530673e+01   -2.3464900312e-02    1.0640971118e-02    1.7922739361e-02    7.1173625292e+01    3.0502982268e+01    3.0502982268e+01
    3.9943553179e+03    3.8475491814e+03   -5.5498523895e+04    8.6058241096e+01    8.5688927594e+01    8.5874255900e+01    1.0885071603e-01    1.6797707763e-01   -2.4293509046e-01    7.1173625292e+01    3.0502982268e+01    3.0502982268e+01
    3.9591636667e+03    3.8136509429e+03   -5.5464308742e+04    8.6178568345e+01    8.5730393097e+01    8.6148383268e+01    1.7762114463e-02    1.1632385606e-01   -2.5920045330e-01    7.1173625292e+01    3.0502982268e+01    3.0502982268e+01
    3.9350847209e+03    3.7904569803e+03   -5.5444737261e+04    8.6300015398e+01    8.6084056454e+01    8.6199310363e+01    1.4597601170e-01    2.1571918903e-02   -2.7451323029e-02    7.1173625292e+01    3.0502982268e+01    3.0502982268e+01
    4.0303774610e+03    3.8822473882e+03   -5.5532884746e+04    8.6151695985e+01    8.5305867214e+01    8.5830927869e+01    2.1116246269e-01    1.9365666530e-02    2.6719512212e-01    7.1173625292e+01    3.0502982268e+01    3.0502982268e+01
    3.9828610345e+03    3.8364773519e+03   -5.5490620777e+04    8.6276596104e+01    8.5487348020e+01    8.5422471632e+01    3.7174753648e-02    1.4450077710e-01    9.0998844777e-02    7.1173625292e+01    3.0502982268e+01    3.0502982268e+01
    4.0396830782e+03    3.8912109924e+03   -5.5538764025e+04    8.5633705774e+01    8.5473845316e+01    8.6075691040e+01   -3.4352021413e-02   -4.7118758805e-02   -8.4923842081e-02    7.1173625292e+01    3.0502982268e+01    3.0502982268e+01
    4.0009974899e+03    3.8539472309e+03   -5.5505445289e+04    8.6460983839e+01    8.5549421065e+01    8.5537439914e+01    1.3092082251e-02    5.5734753788e-02    2.4068548604e-01    7.1173625292e+01    3.0502982268e+01    3.0502982268e+01
    3.9694114378e+03    3.8235220736e+03   -5.5479689088e+04    8.6250156235e+01    8.5795266607e+01    8.6314119471e+01    5.8788482298e-02    4.4335567215e-02    1.5380592003e-01    7.1173625292e+01    3.0502982268e+01    3.0502982268e+01
    4.0191403903e+03    3.8714233180e+03   -5.5523118060e+04    8.6469866732e+01    8.5501762238e+01    8.5745972233e+01   -2.3500653157e-01    1.4510068131e-01    1.6580137699e-03    7.1173625292e+01    3.0502982268e+01    3.0502982268e+01
    4.0191403903e+03    3.8714233180e+03   -5.5523118060e+04    8.6469866732e+01    8.5501762238e+01    8.5745972233e+01   -2.3500653157e-01    1.4510068131e-01    1.6580137699e-03    7.1173625292e+01    3.0502982268e+01    3.0502982268e+01
    4.0191403903e+03    3.8714233180e+03   -5.5523118060e+04    8.6469866732e+01    8.5501762238e+01    8.5745972233e+01   -2.3500653157e-01    1.4510068131e-01    1.6580137699e-03    7.1173625292e+01    3.0502982268e+01    3.0502982268e+01
    4.0191403903e+03    3.8714233180e+03   -5.5523118060e+04    8.6469866732e+01    8.5501762238e+01    8.5745972233e+01   -2.3500653157e-01    1.4510068131e-01    1.6580137699e-03    7.1173625292e+01    3.0502982268e+01    3.0502982268e+01
    4.0191403903e+03    3.8714233180e+03   -5.5523118060e+04    8.6469866732e+01    8.5501762238e+01    8.5745972233e+01   -2.3500653157e-01    1.4510068131e-01    1.6580137699e-03    7.1173625292e+01    3.0502982268e+01    3.0502982268e+01
    4.0191403903e+03    3.8714233180e+03   -5.5523118060e+04    8.6469866732e+01    8.5501762238e+01    8.5745972233e+01   -2.3500653157e-01    1.4510068131e-01    1.6580137699e-03    7.1173625292e+01    3.0502982268e+01    3.0502982268e+01
    4.0191403903e+03    3.8714233180e+03   -5.5523118060e+04    8.6469866732e+01    8.5501762238e+01    8.5745972233e+01   -2.3500653157e-01    1.4510068131e-01    1.6580137699e-03    7.1173625292e+01    3.0502982268e+01    3.0502982268e+01
    4.0191403903e+03    3.8714233180e+03   -5.5523118060e+04    8.6469866732e+01    8.5501762238e+01    8.5745972233e+01   -2.3500653157e-01    1.4510068131e-01    1.6580137699e-03    7.1173625292e+01    3.0502982268e+01    3.0502982268e+01
    4.0191403903e+03    3.8714233180e+03   -5.5523118060e+04    8.6469866732e+01    8.5501762238e+01    8.5745972233e+01   -2.3500653157e-01    1.4510068131e-01    1.6580137699e-03    7.1173625292e+01    3.0502982268e+01    3.0502982268e+01
    4.0191403903e+03    3.8714233180e+03   -5.5523118060e+04    8.6469866732e+01    8.5501762238e+01    8.5745972233e+01   -2.3500653157e-01    1.4510068131e-01    1.6580137699e-03    7.1173625292e+01    3.0502982268e+01    3.0502982268e+01
    4.0191403903e+03    3.8714233180e+03   -5.5523118060e+04    8.6469866732e+01    8.5501762238e+01    8.5745972233e+01   -2.3500653157e-01    1.4510068131e-01    1.6580137699e-03    7.1173625292e+01    3.0502982268e+01    3.0502982268e+01
    4.0191403903e+03    3.8714233180e+03   -5.5523118060e+04    8.6469866732e+01    8.5501762238e+01    8.5745972233e+01   -2.3500653157e-01    1.4510068131e-01    1.6580137699e-03    7.1173625292e+01    3.0502982268e+01    3.0502982268e+01
    4.0191403903e+03    3.8714233180e+03   -5.5523118060e+04    8.6469866732e+01    8.5501762238e+01    8.5745972233e+01   -2.3500653157e-01    1.4510068131e-01    1.6580137699e-03    7.1173625292e+01    3.0502982268e+01    3.0502982268e+01
    4.0191403903e+03    3.8714233180e+03   -5.5523118060e+04    8.6469866732e+01    8.5501762238e+01    8.5745972233e+01   -2.3500653157e-01    1.4510068131e-01    1.6580137699e-03    7.1173625292e+01    3.0502982268e+01    3.0502982268e+01
    4.0191403903e+03    3.8714233180e+03   -5.5523118060e+04    8.6469866732e+01    8.5501762238e+01    8.5745972233e+01   -2.3500653157e-01    1.4510068131e-01    1.6580137699e-03    7.1173625292e+01    3.0502982268e+01    3.0502982268e+01
    4.0191403903e+03    3.8714233180e+03   -5.5523118060e+04    8.6469866732e+01    8.5501762238e+01    8.5745972233e+01   -2.3500653157e-01    1.4510068131e-01    1.6580137699e-03    7.1173625292e+01    3.0502982268e+01    3.0502982268e+01
    4.0191403903e+03    3.8714233180e+03   -5.5523118060e+04    8.6469866732e+01    8.5501762238e+01    8.5745972233e+01   -2.3500653157e-01    1.4510068131e-01    1.6580137699e-03    7.1173625292e+01    3.0502982268e+01    3.0502982268e+01
    4.0191403903e+03    3.8714233180e+03   -5.5523118060e+04    8.6469866732e+01    8.5501762238e+01    8.5745972233e+01   -2.3500653157e-01    1.4510068131e-01    1.6580137699e-03    7.1173625292e+01    3.0502982268e+01    3.0502982268e+01
    4.0191403903e+03    3.8714233180e+03   -5.5523118060e+04    8.6469866732e+01    8.5501762238e+01    8.5745972233e+01   -2.3500653157e-01    1.4510068131e-01    1.6580137699e-03    7.1173625292e+01    3.0502982268e+01    3.0502982268e+01
    4.0191403903e+03    3.8714233180e+03   -5.5523118060e+04    8.6469866732e+01    8.5501762238e+01    8.5745972233e+01   -2.3500653157e-01    1.4510068131e-01    1.6580137699e-03    7.1173625292e+01    3.0502982268e+01    3.0502982268e+01
    4.0191403903e+03    3.8714233180e+03   -5.5523118060e+04    8.6469866732e+01    8.5501762238e+01    8.5745972233e+01   -2.3500653157e-01    1.4510068131e-01    1.6580137699e-03    7.1173625292e+01    3.0502982268e+01    3.0502982268e+01
    4.0191403903e+03    3.8714233180e+03   -5.5523118060e+04    8.6469866732e+01    8.5501762238e+01    8.5745972233e+01   -2.3500653157e-01    1.4510068131e-01    1.6580137699e-03    7.1173625292e+01    3.0502982268e+01    3.0502982268e+01
    4.0191403903e+03    3.8714233180e+03   -5.5523118060e+04    8.6469866732e+01    8.5501762238e+01    8.5745972233e+01   -2.3500653157e-01    1.4510068131e-01    1.6580137699e-03    7.1173625292e+01    3.0502982268e+01    3.0502982268e+01
    4.0191403903e+03    3.8714233180e+03   -5.5523118060e+04    8.6469866732e+01    8.5501762238e+01    8.5745972233e+01   -2.3500653157e-01    1.4510068131e-01    1.6580137699e-03    7.1173625292e+01    3.0502982268e+01    3.0502982268e+01
    4.0191403903e+03    3.8714233180e+03   -5.5523118060e+04    8.6469866732e+01    8.5501762238e+01    8.5745972233e+01   -2.3500653157e-01    1.4510068131e-01    1.6580137699e-03    7.1173625292e+01    3.0502982268e+01    3.0502982268e+01
    4.0191403903e+03    3.8714233180e+03   -5.5523118060e+04    8.6469866732e+01    8.5501762238e+01    8.5745972233e+01   -2.3500653157e-01    1.4510068131e-01    1.6580137699e-03    7.1173625292e+01    3.0502982268e+01    3.0502982268e+01
    4.0191403903e+03    3.8714233180e+03   -5.5523118060e+04    8.6469866732e+01    8.5501762238e+01    8.5745972233e+01   -2.3500653157e-01    1.4510068131e-01    1.6580137699e-03    7.1173625292e+01    3.0502982268e+01    3.0502982268e+01
    4.0191403903e+03    3.8714233180e+03   -5.5523118060e+04    8.6469866732e+01    8.5501762238e+01    8.5745972233e+01   -2.3500653157e-01    1.4510068131e-01    1.6580137699e-03    7.1173625292e+01    3.0502982268e+01    3.0502982268e+01
    4.0191403903e+03    3.8714233180e+03   -5.5523118060e+04    8.6469866732e+01    8.5501762238e+01    8.5745972233e+01   -2.3500653157e-01    1.4510068131e-01    1.6580137699e-03    7.1173625292e+01    3.0502982268e+01    3.0502982268e+01
    4.0191403903e+03    3.8714233180e+03   -5.5523118060e+04    8.6469866732e+01    8.5501762238e+01    8.5745972233e+01   -2.3500653157e-01    1.4510068131e-01    1.6580137699e-03    7.1173625292e+01    3.0502982268e+01    3.0502982268e+01
    4.0191403903e+03    3.8714233180e+03   -5.5523118060e+04    8.6469866732e+01    8.5501762238e+01    8.5745972233e+01   -2.3500653157e-01    1.4510068131e-01    1.6580137699e-03    7.1173625292e+01    3.0502982268e+01    3.0502982268e+01
