    2.0059227628e+03    2.2472306108e+03   -6.1251535643e+04    1.3379410088e+02    1.3323043409e+02    1.3305790485e+02   -1.4295131659e-02    2.6878708194e-02   -1.3702660786e-01    7.8430580730e+01    2.9411467774e+01    2.9411467774e+01
    1.9890988568e+03    2.2283828280e+03   -6.1213646264e+04    1.3346829773e+02    1.3363902723e+02    1.3341120427e+02    7.3812129473e-02    3.3680272343e-02    3.2483679092e-02    7.8430580730e+01    2.9411467774e+01    2.9411467774e+01
    2.0329550800e+03    2.2775148529e+03   -6.1262026752e+04    1.3353469363e+02    1.3317320226e+02    1.3335046760e+02   -1.0945679281e-01   -1.4765934073e-02    4.3724360749e-02    7.8430580730e+01    2.9411467774e+01    2.9411467774e+01
    1.9853182057e+03    2.2241473734e+03   -6.1210518248e+04    1.3353989291e+02    1.3352829163e+02    1.3348342064e+02    2.2233954620e-03   -1.1482356380e-01   -7.0581560159e-02    7.8430580730e+01    2.9411467774e+01    2.9411467774e+01
    2.0067231720e+03    2.2481273074e+03   -6.1234659241e+04    1.3366846708e+02    1.3336770814e+02    1.3339050226e+02    3.7116796076e-01    1.2279754847e-01    1.0512008060e-02    7.8430580730e+01    2.9411467774e+01    2.9411467774e+01
    1.9888942868e+03    2.2281536488e+03   -6.1215400464e+04    1.3358400628e+02    1.3331325804e+02    1.3339360585e+02   -1.1244185433e-01    2.4167432391e-02   -2.5732705346e-02    7.8430580730e+01    2.9411467774e+01    2.9411467774e+01
    2.0043787637e+03    2.2455008722e+03   -6.1234211968e+04    1.3339895495e+02    1.3344626107e+02    1.3367630850e+02    8.0867016912e-02    3.8444214682e-02    1.0336574046e-01    7.8430580730e+01    2.9411467774e+01    2.9411467774e+01
    1.9963143064e+03    2.2364662794e+03   -6.1221984915e+04    1.3339190706e+02    1.3348982620e+02    1.3353537805e+02   -2.3696717386e-01   -9.0807741284e-02   -1.6166674161e-02    7.8430580730e+01    2.9411467774e+01    2.9411467774e+01
    1.9881577668e+03    2.2273285271e+03   -6.1215263957e+04    1.3355120518e+02    1.3362455475e+02    1.3348999010e+02   -1.7685487462e-01    6.2034877874e-03    6.9245620067e-03    7.8430580730e+01    2.9411467774e+01    2.9411467774e+01
    2.0029429594e+03    2.2438923440e+03   -6.1231094841e+04    1.3359797324e+02    1.3340518427e+02    1.3339664999e+02   -3.6648593964e-04    1.0579467494e-01   -6.7562052172e-02    7.8430580730e+01    2.9411467774e+01    2.9411467774e+01
    1.9996330392e+03    2.2401842481e+03   -6.1227439137e+04    1.3354282942e+02    1.3335342232e+02    1.3331497916e+02    4.4030438422e-02    5.5945530013e-02   -9.9680197902e-02    7.8430580730e+01    2.9411467774e+01    2.9411467774e+01
    1.9982493851e+03    2.2386341436e+03   -6.1223676851e+04    1.3376355659e+02    1.3351897857e+02    1.3317349450e+02    1.5594364146e-02   -1.5779384201e-01   -6.6097923868e-02    7.8430580730e+01    2.9411467774e+01    2.9411467774e+01
    2.0105475190e+03    2.2524117145e+03   -6.1238017707e+04    1.3363551684e+02    1.3337791466e+02    1.3343517319e+02    1.5211193619e-02   -8.4383939220e-02   -7.5359312101e-02    7.8430580730e+01    2.9411467774e+01    2.9411467774e+01
    1.9857035925e+03    2.2245791213e+03   -6.1209611480e+04    1.3353947486e+02    1.3357670008e+02    1.3367342460e+02    1.9535894957e-01    1.8902149526e-01   -1.5010985187e-01    7.8430580730e+01    2.9411467774e+01    2.9411467774e+01
    2.0088820040e+03    2.2505458419e+03   -6.1235152045e+04    1.3339478275e+02    1.3351589667e+02    1.3356607419e+02    1.4016534263e-01   -1.3789751927e-01   -9.0760289049e-02    7.8430580730e+01    2.9411467774e+01    2.9411467774e+01
    1.9819056036e+03    2.2203242432e+03   -6.1205323645e+04    1.3354334985e+02    1.3327574118e+02    1.3395055686e+02    2.2148056017e-02    2.1632071238e-01   -1.7535416969e-02    7.8430580730e+01    2.9411467774e+01    2.9411467774e+01
    1.9982430039e+03    2.2386269947e+03   -6.1222199931e+04    1.3359169233e+02    1.3369643738e+02    1.3317651539e+02    5.0117282414e-02    2.4277957919e-02   -1.5016315739e-01    7.8430580730e+01    2.9411467774e+01    2.9411467774e+01
    1.9954483037e+03    2.2354960986e+03   -6.1222002429e+04    1.3343338291e+02    1.3389859324e+02    1.3315020534e+02   -1.5090556072e-02    2.7749772439e-02   -6.6323203427e-02    7.8430580730e+01    2.9411467774e+01    2.9411467774e+01
    1.9926552120e+03    2.2323670045e+03   -6.1219653794e+04    1.3367599455e+02    1.3334745825e+02    1.3322707275e+02   -5.3564960754e-02   -2.3453188692e-03    1.0074316590e-01    7.8430580730e+01    2.9411467774e+01    2.9411467774e+01
    2.0229778894e+03    2.2663374296e+03   -6.1251897942e+04    1.3358676300e+02    1.3310976373e+02    1.3341526006e+02   -9.1807117180e-02   -4.4269866237e-02    1.5333254497e-01    7.8430580730e+01    2.9411467774e+01    2.9411467774e+01
    2.0101890214e+03    2.2520100905e+03   -6.1236480993e+04    1.3366504040e+02    1.3339224525e+02    1.3336281068e+02   -1.2606438313e-01   -1.1782717406e-01    1.9893364030e-01    7.8430580730e+01    2.9411467774e+01    2.9411467774e+01
    1.9892207813e+03    2.2285194197e+03   -6.1214091860e+04    1.3374658548e+02    1.3329800688e+02    1.3353443030e+02    2.1777942375e-02    1.0707252582e-02    8.7359265228e-02    7.8430580730e+01    2.9411467774e+01    2.9411467774e+01
    1.9955609933e+03    2.2356223445e+03   -6.1220963659e+04    1.3342398867e+02    1.3345208207e+02    1.3374055938e+02    6.2839745954e-02    1.4027136710e-01   -1.1565034521e-01    7.8430580730e+01    2.9411467774e+01    2.9411467774e+01
    1.9654652557e+03    2.2019061597e+03   -6.1187816700e+04    1.3388508724e+02    1.3339185775e+02    1.3358240460e+02    1.6298973731e-01    2.6621836006e-02   -2.0046690212e-01    7.8430580730e+01    2.9411467774e+01    2.9411467774e+01
    2.0175070001e+03    2.2602084049e+03   -6.1246476529e+04    1.3343970296e+02    1.3343302147e+02    1.3319661745e+02    6.5572225442e-02   -2.6812093844e-02    1.4624605375e-01    7.8430580730e+01    2.9411467774e+01    2.9411467774e+01
    2.0000935453e+03    2.2407001520e+03   -6.1226666877e+04    1.3355725662e+02    1.3346861779e+02    1.3336445509e+02   -2.4064288316e-02   -3.4493791006e-03    1.7830327785e-01    7.8430580730e+01    2.9411467774e+01    2.9411467774e+01
    1.9936501222e+03    2.2334816001e+03   -6.1220707403e+04    1.3316693600e+02    1.3374572306e+02    1.3363395409e+02   -1.3501184512e-01   -2.0948135873e-02    5.5794912393e-02    7.8430580730e+01    2.9411467774e+01    2.9411467774e+01
    1.9987587900e+03    2.2392048288e+03   -6.1228914826e+04    1.3363196023e+02    1.3328670984e+02    1.3351838549e+02    8.6358962033e-02   -5.1652845691e-02   -7.5563644572e-02    7.8430580730e+01    2.9411467774e+01    2.9411467774e+01
    1.9908368865e+03    2.2303299386e+03   -6.1219269553e+04    1.3360285562e+02    1.3355441603e+02    1.3346324798e+02    5.4421491112e-02   -8.2590546622e-02    9.6086847329e-02    7.8430580730e+01    2.9411467774e+01    2.9411467774e+01
    2.0176152582e+03    2.2603296863e+03   -6.1243450718e+04    1.3350155216e+02    1.3361169037e+02    1.3344918103e+02   -2.4877506722e-02    6.0730354230e-02   -6.6714832274e-02    7.8430580730e+01    2.9411467774e+01    2.9411467774e+01
    1.9976779215e+03    2.2379939343e+03   -6.1223512212e+04    1.3396084319e+02    1.3319724060e+02    1.3361732887e+02    9.3489197839e-02    5.5150985686e-03    1.1544130055e-01    7.8430580730e+01    2.9411467774e+01    2.9411467774e+01
    2.0157594480e+03    2.2582506264e+03   -6.1244942763e+04    1.3349177854e+02    1.3366014612e+02    1.3310370301e+02    2.6120866278e-02    1.2292728799e-01   -5.1081293786e-02    7.8430580730e+01    2.9411467774e+01    2.9411467774e+01
    1.9890124864e+03    2.2282860674e+03   -6.1214088094e+04    1.3420708349e+02    1.3322748811e+02    1.3324789464e+02   -4.6552035312e-02   -9.8747069491e-04    2.4966483555e-02    7.8430580730e+01    2.9411467774e+01    2.9411467774e+01
    1.9824250661e+03    2.2209061959e+03   -6.1206523433e+04    1.3378128696e+02    1.3356212160e+02    1.3345315335e+02    1.1738337179e-01   -1.4527268653e-02    2.6566031796e-02    7.8430580730e+01    2.9411467774e+01    2.9411467774e+01
    1.9802744156e+03    2.2184968270e+03   -6.1205149745e+04    1.3375191738e+02    1.3351250958e+02    1.3369560382e+02   -5.3271161736e-02   -3.0495726339e-02    9.3968985380e-02    7.8430580730e+01    2.9411467774e+01    2.9411467774e+01
    1.9855139004e+03    2.2243666097e+03   -6.1210635944e+04    1.3365394715e+02    1.3359893939e+02    1.3351849228e+02   -8.3243726823e-02    4.2806553224e-02   -2.0116708602e-02    7.8430580730e+01    2.9411467774e+01    2.9411467774e+01
    2.0120375415e+03    2.2540809832e+03   -6.1242621234e+04    1.3345176513e+02    1.3361848458e+02    1.3330513404e+02    8.5455932429e-02    1.9458384171e-01    2.5127837112e-01    7.8430580730e+01    2.9411467774e+01    2.9411467774e+01
    2.0211339687e+03    2.2642716894e+03   -6.1252159596e+04    1.3346817107e+02    1.3348244487e+02    1.3307575605e+02   -1.7944645674e-01   -6.8918922178e-03   -6.7505817779e-02    7.8430580730e+01    2.9411467774e+01    2.9411467774e+01
    1.9885938740e+03    2.2278170970e+03   -6.1213591195e+04    1.3369850394e+02    1.3328226541e+02    1.3360542533e+02    6.4515646401e-02    8.9965842310e-02   -1.6616883944e-01    7.8430580730e+01    2.9411467774e+01    2.9411467774e+01
    1.9948798684e+03    2.2348592819e+03   -6.1218875287e+04    1.3367602703e+02    1.3323278229e+02    1.3346663761e+02    1.1507998958e-01   -2.8537969300e-02   -1.0094202778e-01    7.8430580730e+01    2.9411467774e+01    2.9411467774e+01
    2.0051243186e+03    2.2463361157e+03   -6.1232556313e+04    1.3343937969e+02    1.3320375912e+02    1.3382849797e+02    1.9265105272e-01    1.8068022092e-02   -6.6457210794e-02    7.8430580730e+01    2.9411467774e+01    2.9411467774e+01
    1.9998568283e+03    2.2404349585e+03   -6.1227805346e+04    1.3373635690e+02    1.3351746949e+02    1.3321262820e+02   -3.5614131538e-02   -5.7413202751e-03    1.4508463690e-01    7.8430580730e+01    2.9411467774e+01    2.9411467774e+01
    1.9866452353e+03    2.2256340416e+03   -6.1211658223e+04    1.3371257508e+02    1.3360343758e+02    1.3343962562e+02   -1.2755820747e-03    1.2771599066e-01   -1.2379640105e-01    7.8430580730e+01    2.9411467774e+01    2.9411467774e+01
    2.0155555032e+03    2.2580221475e+03   -6.1244675567e+04    1.3359917698e+02    1.3338916750e+02    1.3333999216e+02    1.1022348047e-01   -7.7951148235e-02   -2.9770766538e-02    7.8430580730e+01    2.9411467774e+01    2.9411467774e+01
    2.0170461564e+03    2.2596921229e+03   -6.1248038473e+04    1.3366682320e+02    1.3336561762e+02    1.3304711424e+02   -1.8271223300e-02    1.0402238096e-01    1.1522230245e-01    7.8430580730e+01    2.9411467774e+01    2.9411467774e+01
    2.0016599616e+03    2.2424550045e+03   -6.1230771714e+04    1.3390895544e+02    1.3328285215e+02    1.3332163819e+02    1.0370680776e-01    1.6046759641e-02   -1.0421002876e-01    7.8430580730e+01    2.9411467774e+01    2.9411467774e+01
    1.9979636712e+03    2.2383140590e+03   -6.1224272731e+04    1.3360550935e+02    1.3337012900e+02    1.3315749469e+02   -7.0043292685e-02   -2.0062595480e-02   -2.0868788429e-04    7.8430580730e+01    2.9411467774e+01    2.9411467774e+01
    2.0217647378e+03    2.2649783386e+03   -6.1250627721e+04    1.3348321180e+02    1.3340391566e+02    1.3322814621e+02    1.8503585261e-01    2.5407120874e-01    6.2581290472e-02    7.8430580730e+01    2.9411467774e+01    2.9411467774e+01
    1.9967051269e+03    2.2369041148e+03   -6.1223599338e+04    1.3343036609e+02    1.3383289518e+02    1.3319861425e+02    2.2306000571e-01    9.7903657384e-02   -2.4493080747e-01    7.8430580730e+01    2.9411467774e+01    2.9411467774e+01
    2.0002698896e+03    2.2408977101e+03   -6.1226906899e+04    1.3362492830e+02    1.3348577400e+02    1.3339851935e+02   -9.5451631885e-02   -8.1391470988e-03   -8.5687513268e-03    7.8430580730e+01    2.9411467774e+01    2.9411467774e+01
    2.0164385915e+03    2.2590114693e+03   -6.1245411344e+04    1.3378609598e+02    1.3317575766e+02    1.3334742460e+02   -4.3365975606e-02    1.4024367587e-01    3.2026243003e-02    7.8430580730e+01    2.9411467774e+01    2.9411467774e+01
    2.0127291440e+03    2.2548557838e+03   -6.1239383672e+04    1.3351766863e+02    1.3354800385e+02    1.3317926780e+02   -1.3513470507e-01   -2.1208185371e-02   -3.9136362041e-03    7.8430580730e+01    2.9411467774e+01    2.9411467774e+01
    1.9991948532e+03    2.2396933493e+03   -6.1227591344e+04    1.3373983648e+02    1.3323634261e+02    1.3330686103e+02   -5.7332754779e-02    1.0142467232e-01   -1.5624565122e-01    7.8430580730e+01    2.9411467774e+01    2.9411467774e+01
    1.9863929763e+03    2.2253514364e+03   -6.1210299996e+04    1.3358492758e+02    1.3356587232e+02    1.3361000483e+02    6.6547223967e-03    1.2087675923e-02    1.4367097873e-01    7.8430580730e+01    2.9411467774e+01    2.9411467774e+01
    1.9866335204e+03    2.2256209174e+03   -6.1210494802e+04    1.3391178045e+02    1.3350014440e+02    1.3326422233e+02   -4.2746237488e-02    1.4104772669e-01   -6.0129680286e-02    7.8430580730e+01    2.9411467774e+01    2.9411467774e+01
    1.9565881246e+03    2.1919611303e+03   -6.1178393169e+04    1.3339642652e+02    1.3359790562e+02    1.3366743939e+02   -1.8670788986e-01   -1.7019666793e-01   -7.8100725231e-02    7.8430580730e+01    2.9411467774e+01    2.9411467774e+01
    2.0096528456e+03    2.2514094139e+03   -6.1236944236e+04    1.3343895577e+02    1.3320831672e+02    1.3355665436e+02    1.2434379222e-02    6.8808063936e-03   -1.3689079525e-01    7.8430580730e+01    2.9411467774e+01    2.9411467774e+01
    1.9990441843e+03    2.2395245553e+03   -6.1225893325e+04    1.3381704860e+02    1.3338742993e+02    1.3324671763e+02   -2.4711380522e-02    3.4864368012e-02   -1.4924098684e-01    7.8430580730e+01    2.9411467774e+01    2.9411467774e+01
    2.0142410149e+03    2.2565495294e+03   -6.1243300939e+04    1.3358886590e+02    1.3305168445e+02    1.3332336988e+02   -5.5103428387e-02   -1.3120008117e-02    2.6729191506e-02    7.8430580730e+01    2.9411467774e+01    2.9411467774e+01
    1.9920453061e+03    2.2316837283e+03   -6.1219119730e+04    1.3361906841e+02    1.3344137244e+02    1.3354207530e+02   -2.1020232335e-01    7.7128846916e-02   -5.6346789213e-02    7.8430580730e+01    2.9411467774e+01    2.9411467774e+01
    2.0128758058e+03    2.2550200887e+03   -6.1242382783e+04    1.3364211076e+02    1.3329727187e+02    1.3337475580e+02    1.0541895198e-02    1.7512198344e-02    2.5639869599e-02    7.8430580730e+01    2.9411467774e+01    2.9411467774e+01
    2.0049910791e+03    2.2461868477e+03   -6.1233179404e+04    1.3355953905e+02    1.3365894747e+02    1.3317872594e+02    2.7097875224e-02   -1.0491123247e-01    6.8753033754e-02    7.8430580730e+01    2.9411467774e+01    2.9411467774e+01
    2.0279091456e+03    2.2718619044e+03   -6.1257961516e+04    1.3333291702e+02    1.3347023609e+02    1.3332591821e+02   -3.2321598429e-02    5.7088500241e-02    8.0045586178e-02    7.8430580730e+01    2.9411467774e+01    2.9411467774e+01
    1.9695685589e+03    2.2065030807e+03   -6.1194354318e+04    1.3376354214e+02    1.3339095232e+02    1.3360317316e+02    1.5104673065e-01   -1.5986114411e-03   -3.2673150175e-02    7.8430580730e+01    2.9411467774e+01    2.9411467774e+01
    2.0179428418e+03    2.2606966775e+03   -6.1247054327e+04    1.3342710715e+02    1.3354866126e+02    1.3336852078e+02    1.5868330929e-01   -3.4089894465e-03    8.9361414901e-02    7.8430580730e+01    2.9411467774e+01    2.9411467774e+01
    1.9891260410e+03    2.2284132824e+03   -6.1213958681e+04    1.3317395477e+02    1.3356921089e+02    1.3385972840e+02    1.1149462087e-02   -5.0823961565e-02   -9.4951724503e-03    7.8430580730e+01    2.9411467774e+01    2.9411467774e+01
    2.0012974917e+03    2.2420489304e+03   -6.1229017341e+04    1.3357902021e+02    1.3337987401e+02    1.3340754002e+02    1.6977546155e-01    9.9904979207e-02    2.3957954023e-01    7.8430580730e+01    2.9411467774e+01    2.9411467774e+01
    2.0050591456e+03    2.2462631025e+03   -6.1234665967e+04    1.3348782968e+02    1.3346177481e+02    1.3333652391e+02   -4.8821158447e-02    4.4893512142e-02   -1.8154906136e-02    7.8430580730e+01    2.9411467774e+01    2.9411467774e+01
    1.9865157795e+03    2.2254890126e+03   -6.1212291285e+04    1.3344959157e+02    1.3368574721e+02    1.3359740615e+02    1.0632956085e-01   -1.3909141556e-01    1.0228139495e-03    7.8430580730e+01    2.9411467774e+01    2.9411467774e+01
    1.9989877734e+03    2.2394613583e+03   -6.1226174578e+04    1.3344397230e+02    1.3351503269e+02    1.3336499157e+02    7.7942699701e-02   -1.3010517676e-01   -5.3201285066e-02    7.8430580730e+01    2.9411467774e+01    2.9411467774e+01
    1.9799465226e+03    2.2181294893e+03   -6.1205049397e+04    1.3386842983e+02    1.3349012424e+02    1.3347565266e+02   -1.0984626259e-01   -1.4715389123e-01    1.7498863313e-02    7.8430580730e+01    2.9411467774e+01    2.9411467774e+01
    1.9968909473e+03    2.2371122889e+03   -6.1221262950e+04    1.3345166245e+02    1.3345952479e+02    1.3381899341e+02    3.8357806934e-02    1.1894698570e-01    2.1997149804e-02    7.8430580730e+01    2.9411467774e+01    2.9411467774e+01
    1.9948049641e+03    2.2347753668e+03   -6.1220088520e+04    1.3356349692e+02    1.3355125592e+02    1.3350876756e+02    1.4572270342e-01    5.4002026951e-03    1.4280472095e-01    7.8430580730e+01    2.9411467774e+01    2.9411467774e+01
    2.0069295468e+03    2.2483585086e+03   -6.1235589728e+04    1.3360314321e+02    1.3359356179e+02    1.3314690216e+02    1.0677882167e-01    1.4625095355e-01   -1.2758707861e-01    7.8430580730e+01    2.9411467774e+01    2.9411467774e+01
    2.0229052911e+03    2.2662560979e+03   -6.1252481218e+04    1.3316568631e+02    1.3339737754e+02    1.3351506313e+02   -1.8162692377e-01    1.6480170069e-01    9.5012220952e-02    7.8430580730e+01    2.9411467774e+01    2.9411467774e+01
    1.9974817121e+03    2.2377741213e+03   -6.1223065329e+04    1.3385734469e+02    1.3341127594e+02    1.3333389326e+02   -2.1085079164e-01    1.1533206796e-01    3.0291424308e-02    7.8430580730e+01    2.9411467774e+01    2.9411467774e+01
    1.9925758453e+03    2.2322780902e+03   -6.1216253702e+04    1.3354296906e+02    1.3354569488e+02    1.3366546310e+02   -6.9246523653e-02    1.4198331671e-02   -1.0498587172e-01    7.8430580730e+01    2.9411467774e+01    2.9411467774e+01
    2.0102416814e+03    2.2520690853e+03   -6.1239269582e+04    1.3354850455e+02    1.3331298123e+02    1.3344230728e+02    1.1108754842e-02   -8.7569665499e-02    1.4675012599e-01    7.8430580730e+01    2.9411467774e+01    2.9411467774e+01
    2.0132682783e+03    2.2554597747e+03   -6.1244073694e+04    1.3359355559e+02    1.3322477037e+02    1.3315316019e+02   -1.0139285670e-01   -1.2288584412e-01    1.0525133457e-01    7.8430580730e+01    2.9411467774e+01    2.9411467774e+01
    2.0165512744e+03    2.2591377077e+03   -6.1245217637e+04    1.3363901217e+02    1.3315397136e+02    1.3357752747e+02   -1.5113181242e-01   -1.4544234000e-01   -2.8472227599e-02    7.8430580730e+01    2.9411467774e+01    2.9411467774e+01
    1.9929065618e+03    2.2326485912e+03   -6.1221428437e+04    1.3342808214e+02    1.3335409062e+02    1.3353834345e+02    7.2225644576e-02    4.1368923078e-02   -2.7852313460e-02    7.8430580730e+01    2.9411467774e+01    2.9411467774e+01
    2.0071345922e+03    2.2485882205e+03   -6.1234887517e+04    1.3360592212e+02    1.3312239973e+02    1.3343702471e+02    2.5617838273e-02   -1.3200430681e-01   -1.0263940459e-01    7.8430580730e+01    2.9411467774e+01    2.9411467774e+01
    2.0216726494e+03    2.2648751722e+03   -6.1251950781e+04    1.3345144153e+02    1.3336465201e+02    1.3331513628e+02    3.8869213263e-02   -1.5192392542e-01   -2.9954447575e-02    7.8430580730e+01    2.9411467774e+01    2.9411467774e+01
    2.0069618989e+03    2.2483947526e+03   -6.1235740729e+04    1.3353082794e+02    1.3307060477e+02    1.3374502281e+02    7.2348752489e-02    8.7495091657e-02   -4.7596151256e-02    7.8430580730e+01    2.9411467774e+01    2.9411467774e+01
    2.0120853760e+03    2.2541345721e+03   -6.1238466217e+04    1.3345750865e+02    1.3338649776e+02    1.3349466385e+02   -5.2996266997e-02    3.4546691865e-02   -1.0477590966e-01    7.8430580730e+01    2.9411467774e+01    2.9411467774e+01
    1.9974606125e+03    2.2377504835e+03   -6.1222642316e+04    1.3396888609e+02    1.3327740189e+02    1.3336923683e+02   -1.4447930820e-01   -5.3985913760e-02    3.6994164226e-03    7.8430580730e+01    2.9411467774e+01    2.9411467774e+01
    1.9978667297e+03    2.2382054557e+03   -6.1224950337e+04    1.3352178055e+02    1.3340457906e+02    1.3345767115e+02    1.2002342897e-01   -1.4221011071e-02   -7.8019733146e-02    7.8430580730e+01    2.9411467774e+01    2.9411467774e+01
    2.0136776812e+03    2.2559184279e+03   -6.1243729688e+04    1.3334968372e+02    1.3363764118e+02    1.3328156933e+02    1.2671984398e-01   -1.1187439477e-01   -6.0996127078e-02    7.8430580730e+01    2.9411467774e+01    2.9411467774e+01
    1.9832075316e+03    2.2217827901e+03   -6.1207905915e+04    1.3362294493e+02    1.3331169627e+02    1.3352819321e+02    6.6761016398e-03    9.8696092899e-02   -6.6190960944e-02    7.8430580730e+01    2.9411467774e+01    2.9411467774e+01
    2.0141226717e+03    2.2564169497e+03   -6.1243201973e+04    1.3371463347e+02    1.3348292714e+02    1.3320691536e+02    5.0465385891e-02    4.9657232432e-02   -9.4040859020e-02    7.8430580730e+01    2.9411467774e+01    2.9411467774e+01
    1.9950298434e+03    2.2350272985e+03   -6.1221625113e+04    1.3357315520e+02    1.3345812407e+02    1.3341155568e+02    3.9888328297e-02   -5.9970790449e-02    6.0509347053e-02    7.8430580730e+01    2.9411467774e+01    2.9411467774e+01
    2.0026872380e+03    2.2436058599e+03   -6.1229648897e+04    1.3385316646e+02    1.3360251108e+02    1.3307363831e+02   -4.9340212319e-03   -7.5681124067e-02    1.1756178201e-01    7.8430580730e+01    2.9411467774e+01    2.9411467774e+01
    1.9981374505e+03    2.2385087436e+03   -6.1224892482e+04    1.3379546867e+02    1.3339152025e+02    1.3332066890e+02    8.1253420336e-02    2.0362550918e-02   -9.2523838142e-02    7.8430580730e+01    2.9411467774e+01    2.9411467774e+01
    1.9936653710e+03    2.2334986832e+03   -6.1220509358e+04    1.3342969210e+02    1.3354513303e+02    1.3355396947e+02    2.3714949163e-01   -8.3945477163e-02    3.1453181242e-02    7.8430580730e+01    2.9411467774e+01    2.9411467774e+01
    1.9965843985e+03    2.2367688630e+03   -6.1223203167e+04    1.3354771780e+02    1.3362891126e+02    1.3322894911e+02   -3.9808300778e-02    1.2803301468e-01   -8.2498168933e-02    7.8430580730e+01    2.9411467774e+01    2.9411467774e+01
    1.9669621519e+03    2.2035831290e+03   -6.1190321437e+04    1.3354258189e+02    1.3371569007e+02    1.3353736267e+02   -1.9855474665e-03    5.4322427013e-02    3.7881244314e-02    7.8430580730e+01    2.9411467774e+01    2.9411467774e+01
    1.9989112895e+03    2.2393756736e+03   -6.1226597316e+04    1.3377080288e+02    1.3355906407e+02    1.3312766702e+02    3.4383726432e-02   -7.6267802590e-02    2.7703825377e-02    7.8430580730e+01    2.9411467774e+01    2.9411467774e+01
    1.9805783261e+03    2.2188372972e+03   -6.1205154049e+04    1.3390998304e+02    1.3360346081e+02    1.3325737509e+02   -2.1640645896e-02    1.3888146560e-01   -7.2468394943e-02    7.8430580730e+01    2.9411467774e+01    2.9411467774e+01
    2.0151343482e+03    2.2575503285e+03   -6.1245819588e+04    1.3368960809e+02    1.3319734145e+02    1.3333075763e+02   -5.7832282837e-02   -1.6334765823e-01    5.4751174813e-02    7.8430580730e+01    2.9411467774e+01    2.9411467774e+01
    1.9891364694e+03    2.2284249654e+03   -6.1217316696e+04    1.3369439593e+02    1.3319845052e+02    1.3344851175e+02    2.4398583086e-01    5.3841783894e-02   -5.1055475568e-02    7.8430580730e+01    2.9411467774e+01    2.9411467774e+01
    1.9891364694e+03    2.2284249654e+03   -6.1217316696e+04    1.3369439593e+02    1.3319845052e+02    1.3344851175e+02    2.4398583086e-01    5.3841783894e-02   -5.1055475568e-02    7.8430580730e+01    2.9411467774e+01    2.9411467774e+01
    1.9891364694e+03    2.2284249654e+03   -6.1217316696e+04    1.3369439593e+02    1.3319845052e+02    1.3344851175e+02    2.4398583086e-01    5.3841783894e-02   -5.1055475568e-02    7.8430580730e+01    2.9411467774e+01    2.9411467774e+01
    1.9891364694e+03    2.2284249654e+03   -6.1217316696e+04    1.3369439593e+02    1.3319845052e+02    1.3344851175e+02    2.4398583086e-01    5.3841783894e-02   -5.1055475568e-02    7.8430580730e+01    2.9411467774e+01    2.9411467774e+01
    1.9891364694e+03    2.2284249654e+03   -6.1217316696e+04    1.3369439593e+02    1.3319845052e+02    1.3344851175e+02    2.4398583086e-01    5.3841783894e-02   -5.1055475568e-02    7.8430580730e+01    2.9411467774e+01    2.9411467774e+01
    1.9891364694e+03    2.2284249654e+03   -6.1217316696e+04    1.3369439593e+02    1.3319845052e+02    1.3344851175e+02    2.4398583086e-01    5.3841783894e-02   -5.1055475568e-02    7.8430580730e+01    2.9411467774e+01    2.9411467774e+01
    1.9891364694e+03    2.2284249654e+03   -6.1217316696e+04    1.3369439593e+02    1.3319845052e+02    1.3344851175e+02    2.4398583086e-01    5.3841783894e-02   -5.1055475568e-02    7.8430580730e+01    2.9411467774e+01    2.9411467774e+01
    1.9891364694e+03    2.2284249654e+03   -6.1217316696e+04    1.3369439593e+02    1.3319845052e+02    1.3344851175e+02    2.4398583086e-01    5.3841783894e-02   -5.1055475568e-02    7.8430580730e+01    2.9411467774e+01    2.9411467774e+01
    1.9891364694e+03    2.2284249654e+03   -6.1217316696e+04    1.3369439593e+02    1.3319845052e+02    1.3344851175e+02    2.4398583086e-01    5.3841783894e-02   -5.1055475568e-02    7.8430580730e+01    2.9411467774e+01    2.9411467774e+01
    1.9891364694e+03    2.2284249654e+03   -6.1217316696e+04    1.3369439593e+02    1.3319845052e+02    1.3344851175e+02    2.4398583086e-01    5.3841783894e-02   -5.1055475568e-02    7.8430580730e+01    2.9411467774e+01    2.9411467774e+01
    1.9891364694e+03    2.2284249654e+03   -6.1217316696e+04    1.3369439593e+02    1.3319845052e+02    1.3344851175e+02    2.4398583086e-01    5.3841783894e-02   -5.1055475568e-02    7.8430580730e+01    2.9411467774e+01    2.9411467774e+01
    1.9891364694e+03    2.2284249654e+03   -6.1217316696e+04    1.3369439593e+02    1.3319845052e+02    1.3344851175e+02    2.4398583086e-01    5.3841783894e-02   -5.1055475568e-02    7.8430580730e+01    2.9411467774e+01    2.9411467774e+01
    1.9891364694e+03    2.2284249654e+03   -6.1217316696e+04    1.3369439593e+02    1.3319845052e+02    1.3344851175e+02    2.4398583086e-01    5.3841783894e-02   -5.1055475568e-02    7.8430580730e+01    2.9411467774e+01    2.9411467774e+01
    1.9891364694e+03    2.2284249654e+03   -6.1217316696e+04    1.3369439593e+02    1.3319845052e+02    1.3344851175e+02    2.4398583086e-01    5.3841783894e-02   -5.1055475568e-02    7.8430580730e+01    2.9411467774e+01    2.9411467774e+01
    1.9891364694e+03    2.2284249654e+03   -6.1217316696e+04    1.3369439593e+02    1.3319845052e+02    1.3344851175e+02    2.4398583086e-01    5.3841783894e-02   -5.1055475568e-02    7.8430580730e+01    2.9411467774e+01    2.9411467774e+01
    1.9891364694e+03    2.2284249654e+03   -6.1217316696e+04    1.3369439593e+02    1.3319845052e+02    1.3344851175e+02    2.4398583086e-01    5.3841783894e-02   -5.1055475568e-02    7.8430580730e+01    2.9411467774e+01    2.9411467774e+01
    1.9891364694e+03    2.2284249654e+03   -6.1217316696e+04    1.3369439593e+02    1.3319845052e+02    1.3344851175e+02    2.4398583086e-01    5.3841783894e-02   -5.1055475568e-02    7.8430580730e+01    2.9411467774e+01    2.9411467774e+01
    1.9891364694e+03    2.2284249654e+03   -6.1217316696e+04    1.3369439593e+02    1.3319845052e+02    1.3344851175e+02    2.4398583086e-01    5.3841783894e-02   -5.1055475568e-02    7.8430580730e+01    2.9411467774e+01    2.9411467774e+01
    1.9891364694e+03    2.2284249654e+03   -6.1217316696e+04    1.3369439593e+02    1.3319845052e+02    1.3344851175e+02    2.4398583086e-01    5.3841783894e-02   -5.1055475568e-02    7.8430580730e+01    2.9411467774e+01    2.9411467774e+01
    1.9891364694e+03    2.2284249654e+03   -6.1217316696e+04    1.3369439593e+02    1.3319845052e+02    1.3344851175e+02    2.4398583086e-01    5.3841783894e-02   -5.1055475568e-02    7.8430580730e+01    2.9411467774e+01    2.9411467774e+01
    1.9891364694e+03    2.2284249654e+03   -6.1217316696e+04    1.3369439593e+02    1.3319845052e+02    1.3344851175e+02    2.4398583086e-01    5.3841783894e-02   -5.1055475568e-02    7.8430580730e+01    2.9411467774e+01    2.9411467774e+01
    1.9891364694e+03    2.2284249654e+03   -6.1217316696e+04    1.3369439593e+02    1.3319845052e+02    1.3344851175e+02    2.4398583086e-01    5.3841783894e-02   -5.1055475568e-02    7.8430580730e+01    2.9411467774e+01    2.9411467774e+01
    1.9891364694e+03    2.2284249654e+03   -6.1217316696e+04    1.3369439593e+02    1.3319845052e+02    1.3344851175e+02    2.4398583086e-01    5.3841783894e-02   -5.1055475568e-02    7.8430580730e+01    2.9411467774e+01    2.9411467774e+01
    1.9891364694e+03    2.2284249654e+03   -6.1217316696e+04    1.3369439593e+02    1.3319845052e+02    1.3344851175e+02    2.4398583086e-01    5.3841783894e-02   -5.1055475568e-02    7.8430580730e+01    2.9411467774e+01    2.9411467774e+01
    1.9891364694e+03    2.2284249654e+03   -6.1217316696e+04    1.3369439593e+02    1.3319845052e+02    1.3344851175e+02    2.4398583086e-01    5.3841783894e-02   -5.1055475568e-02    7.8430580730e+01    2.9411467774e+01    2.9411467774e+01
    1.9891364694e+03    2.2284249654e+03   -6.1217316696e+04    1.3369439593e+02    1.3319845052e+02    1.3344851175e+02    2.4398583086e-01    5.3841783894e-02   -5.1055475568e-02    7.8430580730e+01    2.9411467774e+01    2.9411467774e+01
    1.9891364694e+03    2.2284249654e+03   -6.1217316696e+04    1.3369439593e+02    1.3319845052e+02    1.3344851175e+02    2.4398583086e-01    5.3841783894e-02   -5.1055475568e-02    7.8430580730e+01    2.9411467774e+01    2.9411467774e+01
    1.9891364694e+03    2.2284249654e+03   -6.1217316696e+04    1.3369439593e+02    1.3319845052e+02    1.3344851175e+02    2.4398583086e-01    5.3841783894e-02   -5.1055475568e-02    7.8430580730e+01    2.9411467774e+01    2.9411467774e+01
    1.9891364694e+03    2.2284249654e+03   -6.1217316696e+04    1.3369439593e+02    1.3319845052e+02    1.3344851175e+02    2.4398583086e-01    5.3841783894e-02   -5.1055475568e-02    7.8430580730e+01    2.9411467774e+01    2.9411467774e+01
    1.9891364694e+03    2.2284249654e+03   -6.1217316696e+04    1.3369439593e+02    1.3319845052e+02    1.3344851175e+02    2.4398583086e-01    5.3841783894e-02   -5.1055475568e-02    7.8430580730e+01    2.9411467774e+01    2.9411467774e+01
    1.9891364694e+03    2.2284249654e+03   -6.1217316696e+04    1.3369439593e+02    1.3319845052e+02    1.3344851175e+02    2.4398583086e-01    5.3841783894e-02   -5.1055475568e-02    7.8430580730e+01    2.9411467774e+01    2.9411467774e+01
