    2.0237979388e+03    1.6951447693e+03   -5.0793492708e+04    3.4053731148e+01    3.3514464730e+01    3.3556452161e+01    1.5507977068e-02    8.2124149835e-02    2.7304617950e-02    6.3250055643e+01    3.1625027822e+01    3.1625027822e+01
    1.9942289442e+03    1.6703776097e+03   -5.0759098794e+04    3.3738145289e+01    3.3725325837e+01    3.3798694847e+01    3.6714643783e-02    3.1640988138e-02   -1.7034762318e-02    6.3250055643e+01    3.1625027822e+01    3.1625027822e+01
    2.0056569340e+03    1.6799497596e+03   -5.0771989585e+04    3.3577408922e+01    3.3614446222e+01    3.3697327434e+01   -7.3110926105e-02    1.0278547312e-03    1.4430648566e-01    6.3250055643e+01    3.1625027822e+01    3.1625027822e+01
    1.9947143073e+03    1.6707841527e+03   -5.0760642727e+04    3.4168640836e+01    3.3376899543e+01    3.3668268970e+01   -3.5229055619e-02   -1.4347255969e-01   -4.9680563372e-02    6.3250055643e+01    3.1625027822e+01    3.1625027822e+01
    2.0002230388e+03    1.6753982978e+03   -5.0764765013e+04    3.3811646251e+01    3.3636141512e+01    3.3938747205e+01    6.8174609802e-02   -6.6799129483e-03   -1.4013062859e-01    6.3250055643e+01    3.1625027822e+01    3.1625027822e+01
    2.0067323008e+03    1.6808504930e+03   -5.0768980340e+04    3.3856240212e+01    3.3804535979e+01    3.3708008133e+01   -2.7162980059e-02   -4.2493581198e-02   -4.7611536449e-03    6.3250055643e+01    3.1625027822e+01    3.1625027822e+01
    1.9971676122e+03    1.6728390549e+03   -5.0763457727e+04    3.4209902944e+01    3.3302959854e+01    3.3785788001e+01   -2.8272712944e-02   -5.6674550819e-02   -1.2754383788e-01    6.3250055643e+01    3.1625027822e+01    3.1625027822e+01
    1.9808114335e+03    1.6591390257e+03   -5.0751373831e+04    3.3879477305e+01    3.3823644312e+01    3.3547944406e+01    4.6606853984e-02    4.2294293459e-02   -3.7652279951e-02    6.3250055643e+01    3.1625027822e+01    3.1625027822e+01
    1.9997180236e+03    1.6749752941e+03   -5.0763984286e+04    3.3840089660e+01    3.3455746303e+01    3.4074164105e+01   -6.8487057755e-02    2.8008267033e-02    1.3691176301e-01    6.3250055643e+01    3.1625027822e+01    3.1625027822e+01
    1.9962900656e+03    1.6721040168e+03   -5.0761884599e+04    3.3925640201e+01    3.3553544355e+01    3.3686219863e+01    8.9907102257e-02    2.2264974027e-03   -6.2761513741e-02    6.3250055643e+01    3.1625027822e+01    3.1625027822e+01
    2.0008801030e+03    1.6759486585e+03   -5.0763640771e+04    3.3910522258e+01    3.3796189753e+01    3.3783664370e+01   -1.6397351659e-01   -1.0843812789e-02    6.8824328946e-02    6.3250055643e+01    3.1625027822e+01    3.1625027822e+01
    1.9655378218e+03    1.6463457609e+03   -5.0735623004e+04    3.4119717572e+01    3.3699716157e+01    3.3742649756e+01   -1.6616555636e-01    4.5294539839e-02    7.5795236398e-03    6.3250055643e+01    3.1625027822e+01    3.1625027822e+01
    2.0149543100e+03    1.6877372951e+03   -5.0776000969e+04    3.3825688459e+01    3.3558615886e+01    3.3750521538e+01   -3.3931011910e-02    6.1178316741e-04    7.3065004843e-02    6.3250055643e+01    3.1625027822e+01    3.1625027822e+01
    2.0084599812e+03    1.6822976080e+03   -5.0772215814e+04    3.4011057577e+01    3.3504514938e+01    3.3432738292e+01    4.5355505759e-02   -1.0286078653e-01    9.3841538767e-02    6.3250055643e+01    3.1625027822e+01    3.1625027822e+01
    2.0123622257e+03    1.6855661504e+03   -5.0772900670e+04    3.3812031379e+01    3.3721534772e+01    3.3299303877e+01    6.6683500094e-02    8.2959830500e-02   -4.2127055489e-02    6.3250055643e+01    3.1625027822e+01    3.1625027822e+01
    2.0059519887e+03    1.6801968991e+03   -5.0768657050e+04    3.3749208610e+01    3.3709608692e+01    3.3563611086e+01   -4.2643121520e-02    1.2066174266e-03   -5.5272049615e-02    6.3250055643e+01    3.1625027822e+01    3.1625027822e+01
    1.9830945146e+03    1.6610513476e+03   -5.0751405749e+04    3.3780571950e+01    3.3905159706e+01    3.3521840390e+01   -1.7293942373e-02    6.8564367145e-02   -1.0043166520e-01    6.3250055643e+01    3.1625027822e+01    3.1625027822e+01
    1.9927522677e+03    1.6691407371e+03   -5.0757460275e+04    3.3936021601e+01    3.3774313197e+01    3.3740526469e+01    2.7503579432e-02   -6.1310623693e-02   -4.5208947862e-02    6.3250055643e+01    3.1625027822e+01    3.1625027822e+01
    2.0203717436e+03    1.6922749686e+03   -5.0780086457e+04    3.3965489517e+01    3.3640593525e+01    3.3535772394e+01    1.1074630789e-01    4.3796673280e-03    1.2017574227e-01    6.3250055643e+01    3.1625027822e+01    3.1625027822e+01
    1.9800911869e+03    1.6585357431e+03   -5.0750833523e+04    3.3970999103e+01    3.3626910102e+01    3.3828878973e+01   -7.0834662170e-02   -5.9696833623e-02   -6.9182007114e-03    6.3250055643e+01    3.1625027822e+01    3.1625027822e+01
    1.9831880842e+03    1.6611297220e+03   -5.0752194477e+04    3.3761815596e+01    3.3666136045e+01    3.3708779566e+01    1.0325656824e-01   -1.6611250983e-01    7.9761894677e-02    6.3250055643e+01    3.1625027822e+01    3.1625027822e+01
    1.9987374987e+03    1.6741540009e+03   -5.0764769948e+04    3.3906297201e+01    3.3790458906e+01    3.3355900833e+01    2.3039860805e-02    1.4434420633e-01    6.4638511125e-02    6.3250055643e+01    3.1625027822e+01    3.1625027822e+01
    1.9990716821e+03    1.6744339148e+03   -5.0762980960e+04    3.3999302159e+01    3.3641939671e+01    3.3737496913e+01    7.5385570137e-02    6.5586445725e-02    1.2048759027e-02    6.3250055643e+01    3.1625027822e+01    3.1625027822e+01
    1.9800808311e+03    1.6585270690e+03   -5.0749571468e+04    3.3912779211e+01    3.3745748382e+01    3.3635727387e+01    6.9642345135e-02    1.7442187454e-01   -4.1229166963e-02    6.3250055643e+01    3.1625027822e+01    3.1625027822e+01
    1.9890621464e+03    1.6660498702e+03   -5.0755333617e+04    3.4191846492e+01    3.3518182523e+01    3.3736969270e+01    9.9306909625e-02    6.8447566046e-02   -5.8252882520e-02    6.3250055643e+01    3.1625027822e+01    3.1625027822e+01
    2.0146961003e+03    1.6875210172e+03   -5.0776466423e+04    3.3563098111e+01    3.3633704222e+01    3.3718616108e+01    2.3069984213e-02   -1.1379978559e-02   -6.8196903812e-02    6.3250055643e+01    3.1625027822e+01    3.1625027822e+01
    1.9654295151e+03    1.6462550427e+03   -5.0735006507e+04    3.3989070012e+01    3.3741488108e+01    3.3726036049e+01   -4.2949544301e-03    1.2543603333e-01   -3.2481302310e-04    6.3250055643e+01    3.1625027822e+01    3.1625027822e+01
    2.0054110421e+03    1.6797437991e+03   -5.0767984551e+04    3.3825953883e+01    3.3673361241e+01    3.3658085919e+01    5.1112217749e-02   -1.0607099297e-02    1.3002443353e-02    6.3250055643e+01    3.1625027822e+01    3.1625027822e+01
    2.0071134812e+03    1.6811697719e+03   -5.0770534219e+04    3.3627142600e+01    3.3715456183e+01    3.3636895956e+01   -6.6874349000e-02    6.3278279853e-02   -1.9438272546e-02    6.3250055643e+01    3.1625027822e+01    3.1625027822e+01
    1.9627821920e+03    1.6440376296e+03   -5.0733071429e+04    3.4003952095e+01    3.3866101601e+01    3.3797274511e+01    1.4000609028e-02    5.4175145649e-02   -5.0799614254e-02    6.3250055643e+01    3.1625027822e+01    3.1625027822e+01
    2.0013405368e+03    1.6763343206e+03   -5.0765349217e+04    3.3704667051e+01    3.3659686121e+01    3.3689382143e+01    2.5076711541e-02    1.5355458527e-02   -1.2102623822e-02    6.3250055643e+01    3.1625027822e+01    3.1625027822e+01
    1.9988431851e+03    1.6742425244e+03   -5.0763223722e+04    3.3816792505e+01    3.3953751582e+01    3.3332874398e+01    6.6104894806e-03    1.1172006392e-01   -1.4262446225e-01    6.3250055643e+01    3.1625027822e+01    3.1625027822e+01
    2.0043465267e+03    1.6788521550e+03   -5.0766557416e+04    3.3704687632e+01    3.3505634351e+01    3.3711518937e+01    1.0352381653e-01   -8.0897929699e-02    5.7981882668e-02    6.3250055643e+01    3.1625027822e+01    3.1625027822e+01
    2.0266811470e+03    1.6975597610e+03   -5.0789392687e+04    3.3518938953e+01    3.3586784068e+01    3.3298652450e+01   -1.1062448259e-02   -1.3562484714e-04    4.6330856645e-02    6.3250055643e+01    3.1625027822e+01    3.1625027822e+01
    2.0068009644e+03    1.6809080060e+03   -5.0770549922e+04    3.3995926261e+01    3.3505323506e+01    3.3726761678e+01   -6.5669679327e-02   -5.4897689591e-02   -3.5800420113e-03    6.3250055643e+01    3.1625027822e+01    3.1625027822e+01
    2.0110526514e+03    1.6844692435e+03   -5.0775297911e+04    3.3655959315e+01    3.3495402638e+01    3.3913884319e+01    1.5405365870e-01   -1.8822940435e-01    3.4724390670e-02    6.3250055643e+01    3.1625027822e+01    3.1625027822e+01
    2.0082591189e+03    1.6821293646e+03   -5.0772471684e+04    3.3741415984e+01    3.3741877566e+01    3.3718805396e+01   -1.0573628541e-01   -1.3748224210e-03   -6.9855359716e-02    6.3250055643e+01    3.1625027822e+01    3.1625027822e+01
    1.9842819557e+03    1.6620459551e+03   -5.0753842688e+04    3.3756214863e+01    3.3898540060e+01    3.3740907403e+01    9.7429959810e-03   -1.1933057734e-02    1.0433430873e-01    6.3250055643e+01    3.1625027822e+01    3.1625027822e+01
    1.9956180905e+03    1.6715411666e+03   -5.0761185268e+04    3.3713107815e+01    3.3770644738e+01    3.3792527682e+01    1.1103321537e-01    2.7219528467e-02    2.1667292616e-02    6.3250055643e+01    3.1625027822e+01    3.1625027822e+01
    1.9877775049e+03    1.6649738471e+03   -5.0753243812e+04    3.3960358724e+01    3.3533669993e+01    3.4015218697e+01    3.7628797662e-02   -2.8123182853e-02    2.1498254705e-03    6.3250055643e+01    3.1625027822e+01    3.1625027822e+01
    2.0033157566e+03    1.6779887759e+03   -5.0767340185e+04    3.4170581849e+01    3.3795393854e+01    3.3437836840e+01    6.7339350909e-02    1.5122249013e-01   -1.0658670142e-01    6.3250055643e+01    3.1625027822e+01    3.1625027822e+01
    2.0115733696e+03    1.6849054000e+03   -5.0773633693e+04    3.3754758913e+01    3.3512529418e+01    3.3751973203e+01    1.3714657993e-01   -1.3575770188e-01    1.0661163361e-01    6.3250055643e+01    3.1625027822e+01    3.1625027822e+01
    1.9962024389e+03    1.6720306202e+03   -5.0762210045e+04    3.3906394244e+01    3.3607485239e+01    3.3713418529e+01   -2.0601424498e-02    3.6702038734e-02   -9.6103318584e-02    6.3250055643e+01    3.1625027822e+01    3.1625027822e+01
    1.9870173983e+03    1.6643371775e+03   -5.0753657455e+04    3.3669980549e+01    3.3837740242e+01    3.3552282795e+01   -7.7635122607e-02   -1.2286157990e-01    9.5803859430e-02    6.3250055643e+01    3.1625027822e+01    3.1625027822e+01
    1.9923972002e+03    1.6688433305e+03   -5.0756682119e+04    3.3953646009e+01    3.3811675784e+01    3.3599627283e+01   -1.0549279167e-01    6.0978923545e-02    1.5720118733e-02    6.3250055643e+01    3.1625027822e+01    3.1625027822e+01
    1.9809157689e+03    1.6592264177e+03   -5.0749140620e+04    3.4024065594e+01    3.3624355521e+01    3.3692726545e+01    1.3495089989e-02   -1.4362463248e-02   -1.6072318195e-01    6.3250055643e+01    3.1625027822e+01    3.1625027822e+01
    2.0078727541e+03    1.6818057432e+03   -5.0769023765e+04    3.4047016002e+01    3.3470161718e+01    3.3661826291e+01    3.1914758365e-02    6.8052674978e-02    5.9890615136e-02    6.3250055643e+01    3.1625027822e+01    3.1625027822e+01
    1.9789796182e+03    1.6576046867e+03   -5.0745419002e+04    3.4257753608e+01    3.3628225587e+01    3.3500845194e+01    8.6970285777e-03    5.5020388685e-02   -1.3964016584e-01    6.3250055643e+01    3.1625027822e+01    3.1625027822e+01
    1.9935402697e+03    1.6698007721e+03   -5.0760370558e+04    3.3913702507e+01    3.3687817598e+01    3.3478973603e+01   -1.1759215827e-02    9.0200318825e-02    1.8207515271e-02    6.3250055643e+01    3.1625027822e+01    3.1625027822e+01
    2.0041909896e+03    1.6787218761e+03   -5.0769169302e+04    3.3879996969e+01    3.3450838731e+01    3.3761709116e+01   -8.8901437683e-02   -1.0794781497e-02    8.7342725367e-02    6.3250055643e+01    3.1625027822e+01    3.1625027822e+01
    2.0025745489e+03    1.6773679362e+03   -5.0762945571e+04    3.3591081664e+01    3.3668093228e+01    3.3738749573e+01   -1.5549759869e-01    3.0818538099e-02   -2.4282797667e-03    6.3250055643e+01    3.1625027822e+01    3.1625027822e+01
    1.9904654597e+03    1.6672252936e+03   -5.0756449125e+04    3.3769488509e+01    3.3927341114e+01    3.3522126097e+01    1.3429109414e-01    7.9632355087e-03    3.6320624640e-02    6.3250055643e+01    3.1625027822e+01    3.1625027822e+01
    2.0205627035e+03    1.6924349177e+03   -5.0783682545e+04    3.3422040529e+01    3.3529858926e+01    3.3787265631e+01    2.0379475664e-02    2.7180574557e-02   -8.1640914699e-02    6.3250055643e+01    3.1625027822e+01    3.1625027822e+01
    1.9894279513e+03    1.6663562705e+03   -5.0756602533e+04    3.3865822407e+01    3.3489059284e+01    3.3829529866e+01   -1.6132644998e-03   -6.8913256752e-02   -8.3698699701e-02    6.3250055643e+01    3.1625027822e+01    3.1625027822e+01
    2.0112208642e+03    1.6846101394e+03   -5.0772700224e+04    3.3715524109e+01    3.3622420799e+01    3.3742457728e+01   -6.7863034729e-03    2.7789351009e-02   -1.2852128105e-01    6.3250055643e+01    3.1625027822e+01    3.1625027822e+01
    1.9985310628e+03    1.6739810890e+03   -5.0762392634e+04    3.4051413904e+01    3.3748509954e+01    3.3503362555e+01   -4.6366630585e-02   -9.3642705156e-02   -2.2993141567e-02    6.3250055643e+01    3.1625027822e+01    3.1625027822e+01
    1.9780332221e+03    1.6568119799e+03   -5.0744679602e+04    3.4067555118e+01    3.3747877303e+01    3.3854845399e+01   -7.7422518214e-03    7.8505621595e-03    3.9529535791e-02    6.3250055643e+01    3.1625027822e+01    3.1625027822e+01
    2.0302754784e+03    1.7005703937e+03   -5.0790400558e+04    3.3581934510e+01    3.3711944301e+01    3.3662899098e+01   -4.4462208434e-02    9.7372730705e-02    1.3444175181e-03    6.3250055643e+01    3.1625027822e+01    3.1625027822e+01
    1.9659444502e+03    1.6466863552e+03   -5.0734112649e+04    3.4018768480e+01    3.3681243551e+01    3.3852617186e+01    7.0409575281e-02   -1.2269181469e-01    3.3988604205e-03    6.3250055643e+01    3.1625027822e+01    3.1625027822e+01
    2.0151012827e+03    1.6878604002e+03   -5.0774662178e+04    3.3728364661e+01    3.3488766079e+01    3.3719669077e+01   -7.3721428236e-02    6.3086579053e-02    5.3633418181e-02    6.3250055643e+01    3.1625027822e+01    3.1625027822e+01
    1.9927720194e+03    1.6691572812e+03   -5.0759144408e+04    3.3835470475e+01    3.3957698546e+01    3.3639417443e+01    3.7599582663e-02    1.0409689197e-01    1.5427188537e-01    6.3250055643e+01    3.1625027822e+01    3.1625027822e+01
    1.9954552027e+03    1.6714047309e+03   -5.0760350263e+04    3.4139929694e+01    3.3606833231e+01    3.3484917114e+01   -1.0942332791e-01   -3.2814621081e-02    1.0163134500e-01    6.3250055643e+01    3.1625027822e+01    3.1625027822e+01
    2.0093933523e+03    1.6830794050e+03   -5.0771881576e+04    3.3632507486e+01    3.3803537886e+01    3.3719165132e+01    6.7745736481e-02   -1.8062936960e-01   -1.2471602388e-01    6.3250055643e+01    3.1625027822e+01    3.1625027822e+01
    2.0136477069e+03    1.6866428769e+03   -5.0775863518e+04    3.3975979361e+01    3.3280599564e+01    3.3549097564e+01    7.2826422880e-02   -1.4513792269e-01    7.3110978803e-02    6.3250055643e+01    3.1625027822e+01    3.1625027822e+01
    2.0018805724e+03    1.6767866575e+03   -5.0764329779e+04    3.3832711109e+01    3.4037843956e+01    3.3676346180e+01    5.0946753369e-02   -1.6734359366e-02   -3.6037345732e-02    6.3250055643e+01    3.1625027822e+01    3.1625027822e+01
    2.0132275543e+03    1.6862909546e+03   -5.0774934141e+04    3.3668385360e+01    3.3468767801e+01    3.3637909806e+01    9.1886698055e-03   -1.0996931557e-01   -6.2721293268e-03    6.3250055643e+01    3.1625027822e+01    3.1625027822e+01
    1.9932060867e+03    1.6695208584e+03   -5.0758028571e+04    3.4189082259e+01    3.3453401494e+01    3.3414905718e+01    5.9358022300e-03   -1.1948151551e-01   -5.5171911174e-02    6.3250055643e+01    3.1625027822e+01    3.1625027822e+01
    2.0157605605e+03    1.6884126151e+03   -5.0776882306e+04    3.3861622577e+01    3.3622059758e+01    3.3390059134e+01   -4.3700567827e-02   -4.0648776938e-03   -2.5077225806e-02    6.3250055643e+01    3.1625027822e+01    3.1625027822e+01
    2.0162874021e+03    1.6888539007e+03   -5.0777769682e+04    3.3701628325e+01    3.3514403332e+01    3.3748330908e+01   -3.1968558505e-02    9.3262426245e-02    5.7267928895e-02    6.3250055643e+01    3.1625027822e+01    3.1625027822e+01
    1.9986766854e+03    1.6741030633e+03   -5.0763244529e+04    3.3712818436e+01    3.3584607871e+01    3.4186187223e+01   -1.1078175538e-02   -6.1941432801e-03   -6.2582902012e-02    6.3250055643e+01    3.1625027822e+01    3.1625027822e+01
    2.0015272885e+03    1.6764907448e+03   -5.0764366148e+04    3.3463997048e+01    3.3967627549e+01    3.3656291205e+01    1.1073352444e-01   -5.6809175940e-02   -7.7058311518e-02    6.3250055643e+01    3.1625027822e+01    3.1625027822e+01
    1.9865125910e+03    1.6639143480e+03   -5.0755419865e+04    3.3797595911e+01    3.3644078914e+01    3.4021392712e+01   -5.0883505447e-02    2.3775586796e-02    9.1094385069e-02    6.3250055643e+01    3.1625027822e+01    3.1625027822e+01
    2.0211040499e+03    1.6928883525e+03   -5.0781157104e+04    3.3806851198e+01    3.3635335301e+01    3.3657055906e+01   -4.8060208826e-02    1.5569950162e-01    1.1481609248e-01    6.3250055643e+01    3.1625027822e+01    3.1625027822e+01
    1.9995621961e+03    1.6748447722e+03   -5.0763848216e+04    3.3773016355e+01    3.3906249514e+01    3.3535654220e+01   -5.0688751518e-02    1.2445140701e-01    5.9216213551e-02    6.3250055643e+01    3.1625027822e+01    3.1625027822e+01
    1.9906703034e+03    1.6673968718e+03   -5.0756056315e+04    3.3936720943e+01    3.3812980047e+01    3.3509387583e+01   -5.2513494907e-02    7.4140890800e-02    9.3658735267e-02    6.3250055643e+01    3.1625027822e+01    3.1625027822e+01
    2.0025546148e+03    1.6773512392e+03   -5.0767209340e+04    3.3796919539e+01    3.3693898129e+01    3.3545097173e+01   -2.4240003927e-02   -1.4006442672e-02    9.9176476708e-02    6.3250055643e+01    3.1625027822e+01    3.1625027822e+01
    1.9797948284e+03    1.6582875115e+03   -5.0747496591e+04    3.4224377595e+01    3.3750387231e+01    3.3664477367e+01    2.0193950753e-02   -3.9745142830e-02   -8.0158012941e-03    6.3250055643e+01    3.1625027822e+01    3.1625027822e+01
    2.0078258585e+03    1.6817664632e+03   -5.0770696142e+04    3.3557440371e+01    3.3654553668e+01    3.3794802652e+01    6.1247487195e-02   -1.2395600001e-01    8.7237288814e-02    6.3250055643e+01    3.1625027822e+01    3.1625027822e+01
    2.0095637181e+03    1.6832221044e+03   -5.0773415547e+04    3.3797165346e+01    3.3553273459e+01    3.3544511353e+01    6.4084405234e-02    8.8488559583e-02    1.3694889649e-03    6.3250055643e+01    3.1625027822e+01    3.1625027822e+01
    2.0021698878e+03    1.6770289897e+03   -5.0767557399e+04    3.4026376219e+01    3.3735450588e+01    3.3632571257e+01   -1.7257551338e-01    6.1090284793e-03    2.1242850186e-02    6.3250055643e+01    3.1625027822e+01    3.1625027822e+01
    2.0058275111e+03    1.6800926359e+03   -5.0770039931e+04    3.3777350779e+01    3.3565032080e+01    3.3626727065e+01   -2.0466424878e-03    7.2278785209e-02   -2.5826707358e-02    6.3250055643e+01    3.1625027822e+01    3.1625027822e+01
    2.0249028374e+03    1.6960702388e+03   -5.0784015746e+04    3.3609504520e+01    3.3786774826e+01    3.3590332956e+01   -9.3545738543e-03    7.4837082714e-03   -4.5387297961e-02    6.3250055643e+01    3.1625027822e+01    3.1625027822e+01
    2.0006013304e+03    1.6757151570e+03   -5.0765207203e+04    3.3757451331e+01    3.3625900194e+01    3.3732511035e+01   -5.5413006884e-02    1.5970311416e-01   -1.6637954645e-01    6.3250055643e+01    3.1625027822e+01    3.1625027822e+01
    1.9912896977e+03    1.6679156800e+03   -5.0759231651e+04    3.3630306717e+01    3.3782810028e+01    3.3573695435e+01   -9.2127265352e-02   -6.1547503466e-02    2.8370545101e-02    6.3250055643e+01    3.1625027822e+01    3.1625027822e+01
    2.0064545911e+03    1.6806178818e+03   -5.0771234801e+04    3.3973476432e+01    3.3804521111e+01    3.3586037554e+01    3.1125643481e-02   -4.5702613344e-02   -2.2365973760e-03    6.3250055643e+01    3.1625027822e+01    3.1625027822e+01
    2.0041177965e+03    1.6786605692e+03   -5.0765340057e+04    3.3639389916e+01    3.3923429242e+01    3.3760989950e+01    8.9728803573e-03   -7.9442461822e-04   -3.0468274322e-02    6.3250055643e+01    3.1625027822e+01    3.1625027822e+01
    1.9925623193e+03    1.6689816351e+03   -5.0758325765e+04    3.3825166806e+01    3.3888434964e+01    3.3552765881e+01   -1.5540704784e-02    6.4658099764e-02    2.4753590663e-01    6.3250055643e+01    3.1625027822e+01    3.1625027822e+01
    2.0130305700e+03    1.6861259594e+03   -5.0776442299e+04    3.3778426571e+01    3.3829519953e+01    3.3599700770e+01   -2.1002247572e-01    3.2117087388e-02   -1.9228318860e-01    6.3250055643e+01    3.1625027822e+01    3.1625027822e+01
    1.9955820345e+03    1.6715109659e+03   -5.0758876731e+04    3.3841004112e+01    3.3701760780e+01    3.3587387426e+01    3.8722584637e-02    8.8551676347e-02    6.2697282121e-03    6.3250055643e+01    3.1625027822e+01    3.1625027822e+01
    2.0104776547e+03    1.6839876229e+03   -5.0772166163e+04    3.3774052939e+01    3.3913541111e+01    3.3554473241e+01   -8.9746137725e-02    1.5736279314e-01   -1.4139366203e-02    6.3250055643e+01    3.1625027822e+01    3.1625027822e+01
    1.9934916371e+03    1.6697600371e+03   -5.0759736961e+04    3.4275955514e+01    3.3576453607e+01    3.3608778253e+01   -7.2166804681e-02    7.5819236846e-02    1.7245694289e-01    6.3250055643e+01    3.1625027822e+01    3.1625027822e+01
    1.9780399679e+03    1.6568176303e+03   -5.0747032064e+04    3.3799061507e+01    3.4121645052e+01    3.3754454243e+01   -2.9278303156e-02    7.9029691492e-02    7.4332370759e-02    6.3250055643e+01    3.1625027822e+01    3.1625027822e+01
    2.0032387285e+03    1.6779242568e+03   -5.0766924757e+04    3.4008756955e+01    3.3672656637e+01    3.3579233192e+01    6.9034885689e-02    6.8988542959e-02   -3.3581024517e-02    6.3250055643e+01    3.1625027822e+01    3.1625027822e+01
    1.9785892812e+03    1.6572777382e+03   -5.0747532163e+04    3.4032461147e+01    3.3780721879e+01    3.3705434381e+01    1.1230430278e-01    5.3690616752e-02    2.4208700988e-02    6.3250055643e+01    3.1625027822e+01    3.1625027822e+01
    1.9824843419e+03    1.6605402635e+03   -5.0746665041e+04    3.3799956627e+01    3.3948614675e+01    3.3513138296e+01    4.0510646257e-02   -4.5263571851e-02    5.9932474117e-03    6.3250055643e+01    3.1625027822e+01    3.1625027822e+01
    1.9897098720e+03    1.6665924089e+03   -5.0756169974e+04    3.3909368640e+01    3.3958101970e+01    3.3659465994e+01    1.4288857954e-02    1.8904076115e-02   -8.8768059889e-02    6.3250055643e+01    3.1625027822e+01    3.1625027822e+01
    1.9939044911e+03    1.6701058460e+03   -5.0758859717e+04    3.3826394725e+01    3.3883483927e+01    3.3705436528e+01   -7.9949972071e-02    5.2364423642e-02   -1.6803975376e-01    6.3250055643e+01    3.1625027822e+01    3.1625027822e+01
    2.0050488142e+03    1.6794403950e+03   -5.0767032061e+04    3.3857429234e+01    3.3655532753e+01    3.3577792807e+01   -1.0168878097e-01   -1.2754608739e-01    1.7802636941e-02    6.3250055643e+01    3.1625027822e+01    3.1625027822e+01
    1.9967688738e+03    1.6725050694e+03   -5.0760934186e+04    3.4369609781e+01    3.3653230412e+01    3.3651258681e+01   -1.0470938214e-03   -6.6861522350e-02   -3.3855456365e-02    6.3250055643e+01    3.1625027822e+01    3.1625027822e+01
    1.9956222462e+03    1.6715446475e+03   -5.0761878563e+04    3.3888367348e+01    3.3683171974e+01    3.3715398436e+01    8.0026706275e-02    1.3160813426e-01    1.4037578678e-02    6.3250055643e+01    3.1625027822e+01    3.1625027822e+01
    1.9956222462e+03    1.6715446475e+03   -5.0761878563e+04    3.3888367348e+01    3.3683171974e+01    3.3715398436e+01    8.0026706275e-02    1.3160813426e-01    1.4037578678e-02    6.3250055643e+01    3.1625027822e+01    3.1625027822e+01
    1.9956222462e+03    1.6715446475e+03   -5.0761878563e+04    3.3888367348e+01    3.3683171974e+01    3.3715398436e+01    8.0026706275e-02    1.3160813426e-01    1.4037578678e-02    6.3250055643e+01    3.1625027822e+01    3.1625027822e+01
    1.9956222462e+03    1.6715446475e+03   -5.0761878563e+04    3.3888367348e+01    3.3683171974e+01    3.3715398436e+01    8.0026706275e-02    1.3160813426e-01    1.4037578678e-02    6.3250055643e+01    3.1625027822e+01    3.1625027822e+01
    1.9956222462e+03    1.6715446475e+03   -5.0761878563e+04    3.3888367348e+01    3.3683171974e+01    3.3715398436e+01    8.0026706275e-02    1.3160813426e-01    1.4037578678e-02    6.3250055643e+01    3.1625027822e+01    3.1625027822e+01
    1.9956222462e+03    1.6715446475e+03   -5.0761878563e+04    3.3888367348e+01    3.3683171974e+01    3.3715398436e+01    8.0026706275e-02    1.3160813426e-01    1.4037578678e-02    6.3250055643e+01    3.1625027822e+01    3.1625027822e+01
    1.9956222462e+03    1.6715446475e+03   -5.0761878563e+04    3.3888367348e+01    3.3683171974e+01    3.3715398436e+01    8.0026706275e-02    1.3160813426e-01    1.4037578678e-02    6.3250055643e+01    3.1625027822e+01    3.1625027822e+01
    1.9956222462e+03    1.6715446475e+03   -5.0761878563e+04    3.3888367348e+01    3.3683171974e+01    3.3715398436e+01    8.0026706275e-02    1.3160813426e-01    1.4037578678e-02    6.3250055643e+01    3.1625027822e+01    3.1625027822e+01
    1.9956222462e+03    1.6715446475e+03   -5.0761878563e+04    3.3888367348e+01    3.3683171974e+01    3.3715398436e+01    8.0026706275e-02    1.3160813426e-01    1.4037578678e-02    6.3250055643e+01    3.1625027822e+01    3.1625027822e+01
    1.9956222462e+03    1.6715446475e+03   -5.0761878563e+04    3.3888367348e+01    3.3683171974e+01    3.3715398436e+01    8.0026706275e-02    1.3160813426e-01    1.4037578678e-02    6.3250055643e+01    3.1625027822e+01    3.1625027822e+01
    1.9956222462e+03    1.6715446475e+03   -5.0761878563e+04    3.3888367348e+01    3.3683171974e+01    3.3715398436e+01    8.0026706275e-02    1.3160813426e-01    1.4037578678e-02    6.3250055643e+01    3.1625027822e+01    3.1625027822e+01
    1.9956222462e+03    1.6715446475e+03   -5.0761878563e+04    3.3888367348e+01    3.3683171974e+01    3.3715398436e+01    8.0026706275e-02    1.3160813426e-01    1.4037578678e-02    6.3250055643e+01    3.1625027822e+01    3.1625027822e+01
    1.9956222462e+03    1.6715446475e+03   -5.0761878563e+04    3.3888367348e+01    3.3683171974e+01    3.3715398436e+01    8.0026706275e-02    1.3160813426e-01    1.4037578678e-02    6.3250055643e+01    3.1625027822e+01    3.1625027822e+01
    1.9956222462e+03    1.6715446475e+03   -5.0761878563e+04    3.3888367348e+01    3.3683171974e+01    3.3715398436e+01    8.0026706275e-02    1.3160813426e-01    1.4037578678e-02    6.3250055643e+01    3.1625027822e+01    3.1625027822e+01
    1.9956222462e+03    1.6715446475e+03   -5.0761878563e+04    3.3888367348e+01    3.3683171974e+01    3.3715398436e+01    8.0026706275e-02    1.3160813426e-01    1.4037578678e-02    6.3250055643e+01    3.1625027822e+01    3.1625027822e+01
    1.9956222462e+03    1.6715446475e+03   -5.0761878563e+04    3.3888367348e+01    3.3683171974e+01    3.3715398436e+01    8.0026706275e-02    1.3160813426e-01    1.4037578678e-02    6.3250055643e+01    3.1625027822e+01    3.1625027822e+01
    1.9956222462e+03    1.6715446475e+03   -5.0761878563e+04    3.3888367348e+01    3.3683171974e+01    3.3715398436e+01    8.0026706275e-02    1.3160813426e-01    1.4037578678e-02    6.3250055643e+01    3.1625027822e+01    3.1625027822e+01
    1.9956222462e+03    1.6715446475e+03   -5.0761878563e+04    3.3888367348e+01    3.3683171974e+01    3.3715398436e+01    8.0026706275e-02    1.3160813426e-01    1.4037578678e-02    6.3250055643e+01    3.1625027822e+01    3.1625027822e+01
    1.9956222462e+03    1.6715446475e+03   -5.0761878563e+04    3.3888367348e+01    3.3683171974e+01    3.3715398436e+01    8.0026706275e-02    1.3160813426e-01    1.4037578678e-02    6.3250055643e+01    3.1625027822e+01    3.1625027822e+01
    1.9956222462e+03    1.6715446475e+03   -5.0761878563e+04    3.3888367348e+01    3.3683171974e+01    3.3715398436e+01    8.0026706275e-02    1.3160813426e-01    1.4037578678e-02    6.3250055643e+01    3.1625027822e+01    3.1625027822e+01
    1.9956222462e+03    1.6715446475e+03   -5.0761878563e+04    3.3888367348e+01    3.3683171974e+01    3.3715398436e+01    8.0026706275e-02    1.3160813426e-01    1.4037578678e-02    6.3250055643e+01    3.1625027822e+01    3.1625027822e+01
    1.9956222462e+03    1.6715446475e+03   -5.0761878563e+04    3.3888367348e+01    3.3683171974e+01    3.3715398436e+01    8.0026706275e-02    1.3160813426e-01    1.4037578678e-02    6.3250055643e+01    3.1625027822e+01    3.1625027822e+01
    1.9956222462e+03    1.6715446475e+03   -5.0761878563e+04    3.3888367348e+01    3.3683171974e+01    3.3715398436e+01    8.0026706275e-02    1.3160813426e-01    1.4037578678e-02    6.3250055643e+01    3.1625027822e+01    3.1625027822e+01
    1.9956222462e+03    1.6715446475e+03   -5.0761878563e+04    3.3888367348e+01    3.3683171974e+01    3.3715398436e+01    8.0026706275e-02    1.3160813426e-01    1.4037578678e-02    6.3250055643e+01    3.1625027822e+01    3.1625027822e+01
    1.9956222462e+03    1.6715446475e+03   -5.0761878563e+04    3.3888367348e+01    3.3683171974e+01    3.3715398436e+01    8.0026706275e-02    1.3160813426e-01    1.4037578678e-02    6.3250055643e+01    3.1625027822e+01    3.1625027822e+01
    1.9956222462e+03    1.6715446475e+03   -5.0761878563e+04    3.3888367348e+01    3.3683171974e+01    3.3715398436e+01    8.0026706275e-02    1.3160813426e-01    1.4037578678e-02    6.3250055643e+01    3.1625027822e+01    3.1625027822e+01
    1.9956222462e+03    1.6715446475e+03   -5.0761878563e+04    3.3888367348e+01    3.3683171974e+01    3.3715398436e+01    8.0026706275e-02    1.3160813426e-01    1.4037578678e-02    6.3250055643e+01    3.1625027822e+01    3.1625027822e+01
    1.9956222462e+03    1.6715446475e+03   -5.0761878563e+04    3.3888367348e+01    3.3683171974e+01    3.3715398436e+01    8.0026706275e-02    1.3160813426e-01    1.4037578678e-02    6.3250055643e+01    3.1625027822e+01    3.1625027822e+01
    1.9956222462e+03    1.6715446475e+03   -5.0761878563e+04    3.3888367348e+01    3.3683171974e+01    3.3715398436e+01    8.0026706275e-02    1.3160813426e-01    1.4037578678e-02    6.3250055643e+01    3.1625027822e+01    3.1625027822e+01
    1.9956222462e+03    1.6715446475e+03   -5.0761878563e+04    3.3888367348e+01    3.3683171974e+01    3.3715398436e+01    8.0026706275e-02    1.3160813426e-01    1.4037578678e-02    6.3250055643e+01    3.1625027822e+01    3.1625027822e+01
    1.9956222462e+03    1.6715446475e+03   -5.0761878563e+04    3.3888367348e+01    3.3683171974e+01    3.3715398436e+01    8.0026706275e-02    1.3160813426e-01    1.4037578678e-02    6.3250055643e+01    3.1625027822e+01    3.1625027822e+01
