    2.0153827695e+03    1.4137805467e+03   -3.9232795575e+04    1.1330598334e+02    1.1361127642e+02    1.1336244280e+02    5.6614870787e-02    3.0584948510e-02    1.1213573133e-01    2.9726833769e+01    4.9544722949e+01    2.9726833769e+01
    1.9801005791e+03    1.3890302734e+03   -3.9199755564e+04    1.1359042852e+02    1.1369721581e+02    1.1367205820e+02    1.4219727956e-01    1.8570917693e-02    1.1915042589e-01    2.9726833769e+01    4.9544722949e+01    2.9726833769e+01
    2.0078864698e+03    1.4085219315e+03   -3.9220192964e+04    1.1363739118e+02    1.1365925728e+02    1.1321715149e+02   -3.3215341062e-02   -8.7286044971e-02    1.8259723539e-01    2.9726833769e+01    4.9544722949e+01    2.9726833769e+01
    2.0016708418e+03    1.4041617007e+03   -3.9215487271e+04    1.1314915083e+02    1.1420313651e+02    1.1333134407e+02    1.0097167433e-01    2.6378212555e-01    5.3687709903e-02    2.9726833769e+01    4.9544722949e+01    2.9726833769e+01
    2.0140436153e+03    1.4128411371e+03   -3.9224045061e+04    1.1331891734e+02    1.1373815651e+02    1.1331925777e+02   -1.2060257445e-01   -8.1869458020e-02    1.0399581432e-02    2.9726833769e+01    4.9544722949e+01    2.9726833769e+01
    1.9969618080e+03    1.4008583379e+03   -3.9211727408e+04    1.1321371853e+02    1.1377027824e+02    1.1351705520e+02    6.5532571644e-02   -1.3827873142e-01   -3.1880669122e-01    2.9726833769e+01    4.9544722949e+01    2.9726833769e+01
    1.9857142776e+03    1.3929682538e+03   -3.9204584218e+04    1.1365593620e+02    1.1388953328e+02    1.1354646085e+02   -2.3228556892e-02   -1.1382893873e-01    1.7429951498e-01    2.9726833769e+01    4.9544722949e+01    2.9726833769e+01
    1.9819315615e+03    1.3903146981e+03   -3.9201150012e+04    1.1322713019e+02    1.1369590172e+02    1.1381608911e+02   -2.2411544547e-01   -1.6490798207e-01    2.2108582907e-01    2.9726833769e+01    4.9544722949e+01    2.9726833769e+01
    1.9881206468e+03    1.3946563092e+03   -3.9207199595e+04    1.1340068562e+02    1.1382475511e+02    1.1360900258e+02    1.6040337279e-01   -5.7275453247e-02   -9.4680564185e-03    2.9726833769e+01    4.9544722949e+01    2.9726833769e+01
    2.0082351032e+03    1.4087664960e+03   -3.9219706549e+04    1.1367431323e+02    1.1358557881e+02    1.1354684175e+02   -6.7562508769e-02    5.3703371069e-02   -2.6702646636e-02    2.9726833769e+01    4.9544722949e+01    2.9726833769e+01
    2.0079493550e+03    1.4085660451e+03   -3.9220953088e+04    1.1350303711e+02    1.1348701956e+02    1.1346683325e+02   -5.8929852218e-02    1.9142510337e-01    1.7157620714e-01    2.9726833769e+01    4.9544722949e+01    2.9726833769e+01
    1.9904920341e+03    1.3963198252e+03   -3.9207044825e+04    1.1325476488e+02    1.1393051812e+02    1.1342615516e+02    5.0400077574e-02    5.0220463184e-02   -4.4371299980e-02    2.9726833769e+01    4.9544722949e+01    2.9726833769e+01
    2.0193633478e+03    1.4165729018e+03   -3.9228087506e+04    1.1336104744e+02    1.1370215274e+02    1.1303193375e+02   -1.6669315602e-01    1.2692297931e-01    8.6779034844e-02    2.9726833769e+01    4.9544722949e+01    2.9726833769e+01
    2.0338535457e+03    1.4267377003e+03   -3.9239036249e+04    1.1312720483e+02    1.1377615460e+02    1.1325686354e+02   -1.5681624912e-01   -1.4039267280e-01   -7.3043536069e-03    2.9726833769e+01    4.9544722949e+01    2.9726833769e+01
    2.0016735573e+03    1.4041636056e+03   -3.9214138739e+04    1.1329521333e+02    1.1398635489e+02    1.1317542634e+02   -1.6737469265e-02   -1.2010542110e-02   -6.9198370307e-02    2.9726833769e+01    4.9544722949e+01    2.9726833769e+01
    2.0269298233e+03    1.4218807450e+03   -3.9234505373e+04    1.1344101346e+02    1.1336937063e+02    1.1342924456e+02    2.5887163404e-02   -5.0109823781e-02   -1.7181165669e-02    2.9726833769e+01    4.9544722949e+01    2.9726833769e+01
    1.9966079698e+03    1.4006101223e+03   -3.9212329837e+04    1.1356960156e+02    1.1349820083e+02    1.1386615891e+02    7.1570860152e-02    1.0498580935e-01    1.5753755783e-01    2.9726833769e+01    4.9544722949e+01    2.9726833769e+01
    2.0106311827e+03    1.4104473333e+03   -3.9220227903e+04    1.1347623439e+02    1.1355610621e+02    1.1342013603e+02    7.9371315975e-02   -1.0542282542e-01    7.0326632501e-02    2.9726833769e+01    4.9544722949e+01    2.9726833769e+01
    2.0114702851e+03    1.4110359593e+03   -3.9221710039e+04    1.1324821983e+02    1.1370076836e+02    1.1378046229e+02    2.6458856260e-02   -2.0062885773e-01   -8.1721681088e-02    2.9726833769e+01    4.9544722949e+01    2.9726833769e+01
    2.0078631355e+03    1.4085055625e+03   -3.9218601814e+04    1.1351938654e+02    1.1357518824e+02    1.1333547739e+02   -1.7819636015e-01    1.3886676650e-02    1.3491924622e-01    2.9726833769e+01    4.9544722949e+01    2.9726833769e+01
    1.9823443890e+03    1.3906042944e+03   -3.9199697514e+04    1.1379633558e+02    1.1354368213e+02    1.1352467631e+02    5.3547726466e-02   -1.5222471357e-01   -4.6150967121e-02    2.9726833769e+01    4.9544722949e+01    2.9726833769e+01
    1.9890586204e+03    1.3953142928e+03   -3.9208834991e+04    1.1360052721e+02    1.1367400218e+02    1.1331981392e+02    1.6677215395e-01    3.1145691854e-02    5.9975795988e-02    2.9726833769e+01    4.9544722949e+01    2.9726833769e+01
    2.0080460633e+03    1.4086338854e+03   -3.9217927113e+04    1.1341808649e+02    1.1406648609e+02    1.1309642774e+02   -7.5868100558e-02    3.3072413588e-02    8.9367851886e-02    2.9726833769e+01    4.9544722949e+01    2.9726833769e+01
    1.9991931382e+03    1.4024236044e+03   -3.9214399151e+04    1.1351640946e+02    1.1395038651e+02    1.1328132110e+02   -6.8705147090e-02   -1.0500556191e-01   -4.5566057952e-02    2.9726833769e+01    4.9544722949e+01    2.9726833769e+01
    1.9906421816e+03    1.3964251528e+03   -3.9208758664e+04    1.1329985157e+02    1.1388641246e+02    1.1346746727e+02    5.2768413587e-02    1.1187008930e-01   -1.4201514973e-01    2.9726833769e+01    4.9544722949e+01    2.9726833769e+01
    1.9985626644e+03    1.4019813303e+03   -3.9214599583e+04    1.1316805371e+02    1.1408708457e+02    1.1359975930e+02   -9.5084070779e-02   -6.8810338529e-03    4.7805058531e-02    2.9726833769e+01    4.9544722949e+01    2.9726833769e+01
    2.0048064150e+03    1.4063612890e+03   -3.9216710804e+04    1.1344802516e+02    1.1389708907e+02    1.1332412985e+02    4.5338950236e-02    3.0692015551e-02   -8.9803003804e-02    2.9726833769e+01    4.9544722949e+01    2.9726833769e+01
    1.9983208783e+03    1.4018117187e+03   -3.9212915091e+04    1.1320724119e+02    1.1388609555e+02    1.1345386703e+02   -3.0883877592e-02   -4.0725588072e-02   -8.1281621447e-02    2.9726833769e+01    4.9544722949e+01    2.9726833769e+01
    1.9805515741e+03    1.3893466440e+03   -3.9200653457e+04    1.1376767701e+02    1.1373295574e+02    1.1347430150e+02   -1.0069581022e-01   -4.2424731300e-02    7.8706415573e-02    2.9726833769e+01    4.9544722949e+01    2.9726833769e+01
    1.9992677020e+03    1.4024759106e+03   -3.9214547070e+04    1.1366843988e+02    1.1375445706e+02    1.1337272023e+02   -5.0761410961e-02   -7.5432520901e-03   -1.9598279456e-01    2.9726833769e+01    4.9544722949e+01    2.9726833769e+01
    1.9710808221e+03    1.3827029607e+03   -3.9195182057e+04    1.1328657683e+02    1.1406724074e+02    1.1357062796e+02   -1.0574330778e-01    1.0731074190e-02    4.2626821719e-02    2.9726833769e+01    4.9544722949e+01    2.9726833769e+01
    1.9960044779e+03    1.4001867758e+03   -3.9211997614e+04    1.1352481507e+02    1.1367828641e+02    1.1350507794e+02    4.9305948381e-02    1.3023925204e-01    2.2872950825e-01    2.9726833769e+01    4.9544722949e+01    2.9726833769e+01
    2.0367247171e+03    1.4287518122e+03   -3.9240238206e+04    1.1304067330e+02    1.1346537425e+02    1.1365396904e+02   -1.0112008195e-01   -6.1959307855e-02   -1.6028853397e-01    2.9726833769e+01    4.9544722949e+01    2.9726833769e+01
    2.0200935099e+03    1.4170851067e+03   -3.9228525704e+04    1.1351792368e+02    1.1353743828e+02    1.1331640514e+02    6.1328901076e-02   -7.6158981537e-02   -1.8446673131e-02    2.9726833769e+01    4.9544722949e+01    2.9726833769e+01
    2.0000454688e+03    1.4030215099e+03   -3.9213822628e+04    1.1318445318e+02    1.1395510506e+02    1.1381846665e+02   -1.6731468581e-01   -4.2103352011e-02   -2.9298075997e-02    2.9726833769e+01    4.9544722949e+01    2.9726833769e+01
    1.9812715317e+03    1.3898516906e+03   -3.9200958926e+04    1.1372558245e+02    1.1366483714e+02    1.1331262107e+02    1.4703862565e-01    1.5633411702e-01   -4.3455428834e-02    2.9726833769e+01    4.9544722949e+01    2.9726833769e+01
    2.0102073583e+03    1.4101500226e+03   -3.9222458712e+04    1.1371099347e+02    1.1324424380e+02    1.1316830624e+02   -2.4404287741e-01    1.3438299328e-02   -1.1259836599e-02    2.9726833769e+01    4.9544722949e+01    2.9726833769e+01
    2.0147000285e+03    1.4133016075e+03   -3.9223507877e+04    1.1323700303e+02    1.1392736616e+02    1.1364392514e+02    5.9984428947e-02   -2.6374839193e-02   -1.9784575953e-02    2.9726833769e+01    4.9544722949e+01    2.9726833769e+01
    1.9948331368e+03    1.3993650861e+03   -3.9209530707e+04    1.1354568725e+02    1.1375398712e+02    1.1305541644e+02    4.3992917487e-02    1.2836015741e-01    8.4689995247e-02    2.9726833769e+01    4.9544722949e+01    2.9726833769e+01
    2.0083088616e+03    1.4088182371e+03   -3.9219564487e+04    1.1350216193e+02    1.1352250053e+02    1.1331632750e+02    1.1113000851e-01   -1.3477055104e-01    4.1333238766e-02    2.9726833769e+01    4.9544722949e+01    2.9726833769e+01
    2.0131655400e+03    1.4122251717e+03   -3.9221418864e+04    1.1323834106e+02    1.1366034948e+02    1.1353624401e+02   -1.9896447364e-04   -1.0601828118e-01    1.2448583005e-01    2.9726833769e+01    4.9544722949e+01    2.9726833769e+01
    2.0231908540e+03    1.4192578775e+03   -3.9229600880e+04    1.1301728346e+02    1.1391324793e+02    1.1364340110e+02   -1.0331455672e-01   -6.9923147128e-02   -1.3510389168e-01    2.9726833769e+01    4.9544722949e+01    2.9726833769e+01
    1.9957122891e+03    1.3999818069e+03   -3.9209630068e+04    1.1338285250e+02    1.1397127958e+02    1.1377400797e+02    1.1940345939e-03    9.9463546460e-02   -1.7480091178e-02    2.9726833769e+01    4.9544722949e+01    2.9726833769e+01
    1.9985895654e+03    1.4020002012e+03   -3.9212805156e+04    1.1322493980e+02    1.1386453012e+02    1.1342242473e+02   -4.4187977503e-02    4.7343580833e-02    1.7956251643e-01    2.9726833769e+01    4.9544722949e+01    2.9726833769e+01
    2.0028005178e+03    1.4049541625e+03   -3.9215343647e+04    1.1365358939e+02    1.1374816916e+02    1.1351174485e+02    3.7707033250e-02    8.7459070294e-02   -1.1368135629e-02    2.9726833769e+01    4.9544722949e+01    2.9726833769e+01
    1.9829395862e+03    1.3910218221e+03   -3.9201488894e+04    1.1367920486e+02    1.1377210604e+02    1.1356185949e+02   -3.4685367742e-01    9.9249653044e-02    2.4940276124e-01    2.9726833769e+01    4.9544722949e+01    2.9726833769e+01
    1.9894931331e+03    1.3956191012e+03   -3.9206376369e+04    1.1320841909e+02    1.1387665977e+02    1.1370909710e+02   -2.2974580606e-01   -2.2528774742e-01   -5.1673963873e-02    2.9726833769e+01    4.9544722949e+01    2.9726833769e+01
    2.0123857141e+03    1.4116781279e+03   -3.9222188210e+04    1.1361274293e+02    1.1333116958e+02    1.1366760189e+02   -9.6361688867e-02    3.2475035665e-02    4.3078406917e-02    2.9726833769e+01    4.9544722949e+01    2.9726833769e+01
    1.9839282340e+03    1.3917153534e+03   -3.9202470144e+04    1.1350558378e+02    1.1380628743e+02    1.1332125354e+02    9.1325494460e-02    4.2970290231e-02   -7.6137186774e-02    2.9726833769e+01    4.9544722949e+01    2.9726833769e+01
    1.9922605277e+03    1.3975604142e+03   -3.9207988632e+04    1.1343445617e+02    1.1373415894e+02    1.1375265955e+02   -1.4020182076e-01   -9.0613119430e-02   -2.4814418279e-01    2.9726833769e+01    4.9544722949e+01    2.9726833769e+01
    2.0005146874e+03    1.4033506644e+03   -3.9214403570e+04    1.1315726722e+02    1.1433803415e+02    1.1308313523e+02   -1.7064547327e-02    7.3858336305e-05   -2.0251497240e-02    2.9726833769e+01    4.9544722949e+01    2.9726833769e+01
    2.0035481534e+03    1.4054786250e+03   -3.9216600916e+04    1.1351944796e+02    1.1339850480e+02    1.1375926436e+02   -1.3194904516e-02    7.7786589752e-02    6.6686108675e-02    2.9726833769e+01    4.9544722949e+01    2.9726833769e+01
    1.9921894866e+03    1.3975105792e+03   -3.9207436435e+04    1.1296478684e+02    1.1379115296e+02    1.1398511249e+02    5.6396692046e-02   -4.3291472073e-02    7.8960228679e-02    2.9726833769e+01    4.9544722949e+01    2.9726833769e+01
    2.0093973858e+03    1.4095818312e+03   -3.9222642773e+04    1.1326918155e+02    1.1365775595e+02    1.1346361036e+02   -1.0470513577e-01   -1.0238786582e-01   -1.1205477707e-01    2.9726833769e+01    4.9544722949e+01    2.9726833769e+01
    2.0032510289e+03    1.4052701937e+03   -3.9216414532e+04    1.1369975750e+02    1.1393492581e+02    1.1307866201e+02    3.8172975601e-02   -1.6051994977e-01   -5.5077598596e-02    2.9726833769e+01    4.9544722949e+01    2.9726833769e+01
    2.0044752524e+03    1.4061289801e+03   -3.9216617318e+04    1.1381889200e+02    1.1337767510e+02    1.1350745747e+02   -5.2073327451e-02    1.9971818588e-01    3.6760188350e-02    2.9726833769e+01    4.9544722949e+01    2.9726833769e+01
    2.0041617863e+03    1.4059090853e+03   -3.9215553281e+04    1.1357992105e+02    1.1381738376e+02    1.1343425010e+02    1.0970307295e-01   -1.1081497042e-01    1.3509712827e-01    2.9726833769e+01    4.9544722949e+01    2.9726833769e+01
    1.9978011761e+03    1.4014471503e+03   -3.9211372569e+04    1.1308918558e+02    1.1371935302e+02    1.1369503348e+02    8.8247017396e-02   -3.6466121794e-02    1.4216501992e-01    2.9726833769e+01    4.9544722949e+01    2.9726833769e+01
    2.0045291582e+03    1.4061667948e+03   -3.9218005814e+04    1.1353518941e+02    1.1371084858e+02    1.1309916753e+02   -1.0542748700e-01   -1.9399746179e-01    4.5426948092e-02    2.9726833769e+01    4.9544722949e+01    2.9726833769e+01
    2.0098900559e+03    1.4099274367e+03   -3.9219489923e+04    1.1359175756e+02    1.1348292194e+02    1.1358455806e+02    1.4486603312e-01   -1.6395781918e-01   -1.5543841746e-01    2.9726833769e+01    4.9544722949e+01    2.9726833769e+01
    1.9935319717e+03    1.3984523256e+03   -3.9210343741e+04    1.1385410800e+02    1.1368742359e+02    1.1351317861e+02   -1.1309208919e-01    1.1540840456e-01    1.9868685742e-02    2.9726833769e+01    4.9544722949e+01    2.9726833769e+01
    2.0134403869e+03    1.4124179755e+03   -3.9223397078e+04    1.1333451243e+02    1.1352205907e+02    1.1354072955e+02    1.5086274285e-01    3.3881618477e-02   -9.0362787442e-02    2.9726833769e+01    4.9544722949e+01    2.9726833769e+01
    2.0115988578e+03    1.4111261523e+03   -3.9221435353e+04    1.1348927595e+02    1.1366517020e+02    1.1338826073e+02   -6.0205373948e-02   -8.9865979576e-03   -2.5808104736e-02    2.9726833769e+01    4.9544722949e+01    2.9726833769e+01
    2.0038940141e+03    1.4057212445e+03   -3.9216959219e+04    1.1334189758e+02    1.1370766909e+02    1.1358177372e+02    6.0443217043e-02    6.7071991408e-02    3.8837829628e-02    2.9726833769e+01    4.9544722949e+01    2.9726833769e+01
    2.0361980414e+03    1.4283823519e+03   -3.9238548951e+04    1.1294491479e+02    1.1362208945e+02    1.1374280357e+02    9.3688218363e-02   -1.2771002095e-02   -4.7898728135e-02    2.9726833769e+01    4.9544722949e+01    2.9726833769e+01
    2.0185063047e+03    1.4159716905e+03   -3.9227867284e+04    1.1338491261e+02    1.1400145643e+02    1.1321111397e+02   -2.9689859201e-02   -1.1208370558e-01    3.4257266478e-02    2.9726833769e+01    4.9544722949e+01    2.9726833769e+01
    1.9940139082e+03    1.3987904016e+03   -3.9209856771e+04    1.1362468243e+02    1.1394187424e+02    1.1313598643e+02   -3.0760403341e-01   -1.1718126521e-01   -2.7429590268e-03    2.9726833769e+01    4.9544722949e+01    2.9726833769e+01
    1.9843454161e+03    1.3920080045e+03   -3.9203200482e+04    1.1369651445e+02    1.1376111261e+02    1.1338808766e+02   -4.8769409441e-02    1.2475670494e-01   -2.2602473786e-01    2.9726833769e+01    4.9544722949e+01    2.9726833769e+01
    1.9810239014e+03    1.3896779792e+03   -3.9200606263e+04    1.1369167989e+02    1.1361730854e+02    1.1343589015e+02   -1.1507393020e-01   -6.7652032647e-02   -4.2044859666e-02    2.9726833769e+01    4.9544722949e+01    2.9726833769e+01
    1.9767992776e+03    1.3867144276e+03   -3.9197943721e+04    1.1340046522e+02    1.1383851683e+02    1.1375487145e+02    1.4777265546e-01    1.7101788959e-02    1.8516008417e-01    2.9726833769e+01    4.9544722949e+01    2.9726833769e+01
    1.9829162157e+03    1.3910054279e+03   -3.9202209099e+04    1.1338138057e+02    1.1387060031e+02    1.1359041392e+02    7.7502727051e-02   -2.4988576698e-02    5.5117590331e-02    2.9726833769e+01    4.9544722949e+01    2.9726833769e+01
    1.9973380287e+03    1.4011222548e+03   -3.9211075709e+04    1.1365524996e+02    1.1376801775e+02    1.1327540931e+02   -7.3898387840e-02   -1.5635232829e-01   -8.7479641514e-02    2.9726833769e+01    4.9544722949e+01    2.9726833769e+01
    1.9963689222e+03    1.4004424316e+03   -3.9210229813e+04    1.1313294714e+02    1.1415125190e+02    1.1339969395e+02    7.6583910794e-02    9.2317658116e-02   -2.1295038719e-03    2.9726833769e+01    4.9544722949e+01    2.9726833769e+01
    1.9989126388e+03    1.4022268356e+03   -3.9213037946e+04    1.1349636829e+02    1.1365407803e+02    1.1349045422e+02    1.4730968769e-01   -1.5020501628e-01    2.6989244179e-02    2.9726833769e+01    4.9544722949e+01    2.9726833769e+01
    1.9928223021e+03    1.3979544960e+03   -3.9210037040e+04    1.1352971095e+02    1.1385847654e+02    1.1353318828e+02    8.3959053501e-02    1.4173109575e-01    9.2949441614e-02    2.9726833769e+01    4.9544722949e+01    2.9726833769e+01
    2.0051219442e+03    1.4065826311e+03   -3.9218014289e+04    1.1335066579e+02    1.1368418753e+02    1.1364307449e+02    1.2926673443e-01    6.0602654581e-02    2.9242615042e-01    2.9726833769e+01    4.9544722949e+01    2.9726833769e+01
    2.0094177643e+03    1.4095961266e+03   -3.9221084529e+04    1.1327671481e+02    1.1399543516e+02    1.1307767763e+02    3.0632654605e-02   -1.6497615523e-01   -2.9649953862e-02    2.9726833769e+01    4.9544722949e+01    2.9726833769e+01
    1.9909526928e+03    1.3966429748e+03   -3.9207394496e+04    1.1351849653e+02    1.1380348599e+02    1.1351716332e+02    1.0227309819e-01    1.2113303806e-01    3.1534812544e-02    2.9726833769e+01    4.9544722949e+01    2.9726833769e+01
    2.0201130123e+03    1.4170987875e+03   -3.9227641926e+04    1.1352809507e+02    1.1340580220e+02    1.1332997471e+02   -5.8353626909e-02    6.1142169663e-02    1.5691947384e-01    2.9726833769e+01    4.9544722949e+01    2.9726833769e+01
    2.0218762394e+03    1.4183356822e+03   -3.9229762341e+04    1.1334805560e+02    1.1356503732e+02    1.1351910127e+02    9.6823382286e-02   -5.1744449555e-02    7.0176614272e-02    2.9726833769e+01    4.9544722949e+01    2.9726833769e+01
    1.9913264342e+03    1.3969051524e+03   -3.9208911433e+04    1.1356213947e+02    1.1388303953e+02    1.1348676712e+02   -1.0738612367e-01    1.0348140413e-01   -2.0031845726e-01    2.9726833769e+01    4.9544722949e+01    2.9726833769e+01
    2.0038358816e+03    1.4056804648e+03   -3.9216269149e+04    1.1328905533e+02    1.1374300842e+02    1.1364295639e+02    1.4126965520e-01    2.7180363604e-02    5.5339880657e-04    2.9726833769e+01    4.9544722949e+01    2.9726833769e+01
    1.9897523333e+03    1.3958009289e+03   -3.9206873476e+04    1.1368280412e+02    1.1395692163e+02    1.1333809839e+02    9.3958123089e-02    1.8054582053e-01   -3.5045355559e-04    2.9726833769e+01    4.9544722949e+01    2.9726833769e+01
    2.0287486034e+03    1.4231566098e+03   -3.9232540386e+04    1.1303529829e+02    1.1393811098e+02    1.1303059782e+02    2.5452586484e-01   -1.0264084518e-01    1.1386291431e-01    2.9726833769e+01    4.9544722949e+01    2.9726833769e+01
    2.0045598913e+03    1.4061883539e+03   -3.9217230811e+04    1.1346017453e+02    1.1364400899e+02    1.1336883146e+02    2.7006720142e-02   -1.7283578315e-01    7.6765308650e-02    2.9726833769e+01    4.9544722949e+01    2.9726833769e+01
    2.0038884007e+03    1.4057173067e+03   -3.9217122063e+04    1.1347089877e+02    1.1406124408e+02    1.1329666616e+02   -5.7412235874e-02    1.9962555120e-02   -1.5302250225e-01    2.9726833769e+01    4.9544722949e+01    2.9726833769e+01
    2.0068204012e+03    1.4077740899e+03   -3.9217498842e+04    1.1367434443e+02    1.1349394783e+02    1.1337680714e+02   -1.1577631776e-01    2.0760589229e-01   -7.0819197468e-02    2.9726833769e+01    4.9544722949e+01    2.9726833769e+01
    2.0321001975e+03    1.4255077357e+03   -3.9235065260e+04    1.1317633803e+02    1.1376438097e+02    1.1337727539e+02    2.8305863790e-02   -1.2881657023e-02   -1.6833468387e-01    2.9726833769e+01    4.9544722949e+01    2.9726833769e+01
    1.9752018639e+03    1.3855938501e+03   -3.9197103041e+04    1.1375922961e+02    1.1355178018e+02    1.1380147109e+02   -1.2539004263e-01    1.4091786016e-01   -3.8418201238e-02    2.9726833769e+01    4.9544722949e+01    2.9726833769e+01
    2.0059474029e+03    1.4071616861e+03   -3.9218253932e+04    1.1388049850e+02    1.1339660894e+02    1.1316190375e+02    2.0827818736e-01   -5.3112384659e-02   -7.0543019058e-02    2.9726833769e+01    4.9544722949e+01    2.9726833769e+01
    1.9999775224e+03    1.4029738459e+03   -3.9214819754e+04    1.1335490825e+02    1.1363043662e+02    1.1359587307e+02    8.2341675709e-02    1.5198431558e-01   -2.3649212691e-02    2.9726833769e+01    4.9544722949e+01    2.9726833769e+01
    1.9849471248e+03    1.3924301001e+03   -3.9202936251e+04    1.1332054610e+02    1.1401917386e+02    1.1354808947e+02   -5.1393960269e-02    1.5170309648e-01    4.7753927262e-03    2.9726833769e+01    4.9544722949e+01    2.9726833769e+01
    1.9798551629e+03    1.3888581152e+03   -3.9200252125e+04    1.1377160874e+02    1.1385378640e+02    1.1357578607e+02    1.8411702589e-02   -1.3192206730e-01    3.7141227802e-03    2.9726833769e+01    4.9544722949e+01    2.9726833769e+01
    2.0044446862e+03    1.4061075381e+03   -3.9216202978e+04    1.1346300669e+02    1.1360859876e+02    1.1342719023e+02   -4.1157466941e-02    1.3727096078e-02   -2.0840589968e-02    2.9726833769e+01    4.9544722949e+01    2.9726833769e+01
    1.9849296339e+03    1.3924178303e+03   -3.9202443119e+04    1.1361893988e+02    1.1428694039e+02    1.1330514900e+02   -1.2240009777e-01   -6.7994472211e-02    1.1353297284e-01    2.9726833769e+01    4.9544722949e+01    2.9726833769e+01
    1.9977443841e+03    1.4014073110e+03   -3.9211097402e+04    1.1312503732e+02    1.1410524918e+02    1.1344717097e+02    6.2399350158e-02    3.3912891098e-02   -1.7702388015e-01    2.9726833769e+01    4.9544722949e+01    2.9726833769e+01
    2.0097969786e+03    1.4098621435e+03   -3.9220917557e+04    1.1336490078e+02    1.1380034307e+02    1.1332978553e+02   -7.8062483416e-02    1.5099995229e-01   -2.3905933208e-01    2.9726833769e+01    4.9544722949e+01    2.9726833769e+01
    2.0080356466e+03    1.4086265782e+03   -3.9218810746e+04    1.1361473565e+02    1.1345136669e+02    1.1333109895e+02   -1.0027242500e-01    1.1996517459e-01   -4.6153323191e-02    2.9726833769e+01    4.9544722949e+01    2.9726833769e+01
    1.9972875613e+03    1.4010868522e+03   -3.9212134511e+04    1.1341123839e+02    1.1397578398e+02    1.1349684485e+02    1.5513558286e-01   -8.0655185038e-02   -3.6803038636e-02    2.9726833769e+01    4.9544722949e+01    2.9726833769e+01
    2.0161290201e+03    1.4143040377e+03   -3.9226278487e+04    1.1366197537e+02    1.1371465151e+02    1.1325300299e+02   -8.8980312962e-03   -8.5729430369e-02   -1.4020689841e-01    2.9726833769e+01    4.9544722949e+01    2.9726833769e+01
    2.0161290201e+03    1.4143040377e+03   -3.9226278487e+04    1.1366197537e+02    1.1371465151e+02    1.1325300299e+02   -8.8980312962e-03   -8.5729430369e-02   -1.4020689841e-01    2.9726833769e+01    4.9544722949e+01    2.9726833769e+01
    2.0161290201e+03    1.4143040377e+03   -3.9226278487e+04    1.1366197537e+02    1.1371465151e+02    1.1325300299e+02   -8.8980312962e-03   -8.5729430369e-02   -1.4020689841e-01    2.9726833769e+01    4.9544722949e+01    2.9726833769e+01
    2.0161290201e+03    1.4143040377e+03   -3.9226278487e+04    1.1366197537e+02    1.1371465151e+02    1.1325300299e+02   -8.8980312962e-03   -8.5729430369e-02   -1.4020689841e-01    2.9726833769e+01    4.9544722949e+01    2.9726833769e+01
    2.0161290201e+03    1.4143040377e+03   -3.9226278487e+04    1.1366197537e+02    1.1371465151e+02    1.1325300299e+02   -8.8980312962e-03   -8.5729430369e-02   -1.4020689841e-01    2.9726833769e+01    4.9544722949e+01    2.9726833769e+01
    2.0161290201e+03    1.4143040377e+03   -3.9226278487e+04    1.1366197537e+02    1.1371465151e+02    1.1325300299e+02   -8.8980312962e-03   -8.5729430369e-02   -1.4020689841e-01    2.9726833769e+01    4.9544722949e+01    2.9726833769e+01
    2.0161290201e+03    1.4143040377e+03   -3.9226278487e+04    1.1366197537e+02    1.1371465151e+02    1.1325300299e+02   -8.8980312962e-03   -8.5729430369e-02   -1.4020689841e-01    2.9726833769e+01    4.9544722949e+01    2.9726833769e+01
    2.0161290201e+03    1.4143040377e+03   -3.9226278487e+04    1.1366197537e+02    1.1371465151e+02    1.1325300299e+02   -8.8980312962e-03   -8.5729430369e-02   -1.4020689841e-01    2.9726833769e+01    4.9544722949e+01    2.9726833769e+01
    2.0161290201e+03    1.4143040377e+03   -3.9226278487e+04    1.1366197537e+02    1.1371465151e+02    1.1325300299e+02   -8.8980312962e-03   -8.5729430369e-02   -1.4020689841e-01    2.9726833769e+01    4.9544722949e+01    2.9726833769e+01
    2.0161290201e+03    1.4143040377e+03   -3.9226278487e+04    1.1366197537e+02    1.1371465151e+02    1.1325300299e+02   -8.8980312962e-03   -8.5729430369e-02   -1.4020689841e-01    2.9726833769e+01    4.9544722949e+01    2.9726833769e+01
    2.0161290201e+03    1.4143040377e+03   -3.9226278487e+04    1.1366197537e+02    1.1371465151e+02    1.1325300299e+02   -8.8980312962e-03   -8.5729430369e-02   -1.4020689841e-01    2.9726833769e+01    4.9544722949e+01    2.9726833769e+01
    2.0161290201e+03    1.4143040377e+03   -3.9226278487e+04    1.1366197537e+02    1.1371465151e+02    1.1325300299e+02   -8.8980312962e-03   -8.5729430369e-02   -1.4020689841e-01    2.9726833769e+01    4.9544722949e+01    2.9726833769e+01
    2.0161290201e+03    1.4143040377e+03   -3.9226278487e+04    1.1366197537e+02    1.1371465151e+02    1.1325300299e+02   -8.8980312962e-03   -8.5729430369e-02   -1.4020689841e-01    2.9726833769e+01    4.9544722949e+01    2.9726833769e+01
    2.0161290201e+03    1.4143040377e+03   -3.9226278487e+04    1.1366197537e+02    1.1371465151e+02    1.1325300299e+02   -8.8980312962e-03   -8.5729430369e-02   -1.4020689841e-01    2.9726833769e+01    4.9544722949e+01    2.9726833769e+01
    2.0161290201e+03    1.4143040377e+03   -3.9226278487e+04    1.1366197537e+02    1.1371465151e+02    1.1325300299e+02   -8.8980312962e-03   -8.5729430369e-02   -1.4020689841e-01    2.9726833769e+01    4.9544722949e+01    2.9726833769e+01
    2.0161290201e+03    1.4143040377e+03   -3.9226278487e+04    1.1366197537e+02    1.1371465151e+02    1.1325300299e+02   -8.8980312962e-03   -8.5729430369e-02   -1.4020689841e-01    2.9726833769e+01    4.9544722949e+01    2.9726833769e+01
    2.0161290201e+03    1.4143040377e+03   -3.9226278487e+04    1.1366197537e+02    1.1371465151e+02    1.1325300299e+02   -8.8980312962e-03   -8.5729430369e-02   -1.4020689841e-01    2.9726833769e+01    4.9544722949e+01    2.9726833769e+01
    2.0161290201e+03    1.4143040377e+03   -3.9226278487e+04    1.1366197537e+02    1.1371465151e+02    1.1325300299e+02   -8.8980312962e-03   -8.5729430369e-02   -1.4020689841e-01    2.9726833769e+01    4.9544722949e+01    2.9726833769e+01
    2.0161290201e+03    1.4143040377e+03   -3.9226278487e+04    1.1366197537e+02    1.1371465151e+02    1.1325300299e+02   -8.8980312962e-03   -8.5729430369e-02   -1.4020689841e-01    2.9726833769e+01    4.9544722949e+01    2.9726833769e+01
    2.0161290201e+03    1.4143040377e+03   -3.9226278487e+04    1.1366197537e+02    1.1371465151e+02    1.1325300299e+02   -8.8980312962e-03   -8.5729430369e-02   -1.4020689841e-01    2.9726833769e+01    4.9544722949e+01    2.9726833769e+01
    2.0161290201e+03    1.4143040377e+03   -3.9226278487e+04    1.1366197537e+02    1.1371465151e+02    1.1325300299e+02   -8.8980312962e-03   -8.5729430369e-02   -1.4020689841e-01    2.9726833769e+01    4.9544722949e+01    2.9726833769e+01
    2.0161290201e+03    1.4143040377e+03   -3.9226278487e+04    1.1366197537e+02    1.1371465151e+02    1.1325300299e+02   -8.8980312962e-03   -8.5729430369e-02   -1.4020689841e-01    2.9726833769e+01    4.9544722949e+01    2.9726833769e+01
    2.0161290201e+03    1.4143040377e+03   -3.9226278487e+04    1.1366197537e+02    1.1371465151e+02    1.1325300299e+02   -8.8980312962e-03   -8.5729430369e-02   -1.4020689841e-01    2.9726833769e+01    4.9544722949e+01    2.9726833769e+01
    2.0161290201e+03    1.4143040377e+03   -3.9226278487e+04    1.1366197537e+02    1.1371465151e+02    1.1325300299e+02   -8.8980312962e-03   -8.5729430369e-02   -1.4020689841e-01    2.9726833769e+01    4.9544722949e+01    2.9726833769e+01
    2.0161290201e+03    1.4143040377e+03   -3.9226278487e+04    1.1366197537e+02    1.1371465151e+02    1.1325300299e+02   -8.8980312962e-03   -8.5729430369e-02   -1.4020689841e-01    2.9726833769e+01    4.9544722949e+01    2.9726833769e+01
    2.0161290201e+03    1.4143040377e+03   -3.9226278487e+04    1.1366197537e+02    1.1371465151e+02    1.1325300299e+02   -8.8980312962e-03   -8.5729430369e-02   -1.4020689841e-01    2.9726833769e+01    4.9544722949e+01    2.9726833769e+01
    2.0161290201e+03    1.4143040377e+03   -3.9226278487e+04    1.1366197537e+02    1.1371465151e+02    1.1325300299e+02   -8.8980312962e-03   -8.5729430369e-02   -1.4020689841e-01    2.9726833769e+01    4.9544722949e+01    2.9726833769e+01
    2.0161290201e+03    1.4143040377e+03   -3.9226278487e+04    1.1366197537e+02    1.1371465151e+02    1.1325300299e+02   -8.8980312962e-03   -8.5729430369e-02   -1.4020689841e-01    2.9726833769e+01    4.9544722949e+01    2.9726833769e+01
    2.0161290201e+03    1.4143040377e+03   -3.9226278487e+04    1.1366197537e+02    1.1371465151e+02    1.1325300299e+02   -8.8980312962e-03   -8.5729430369e-02   -1.4020689841e-01    2.9726833769e+01    4.9544722949e+01    2.9726833769e+01
    2.0161290201e+03    1.4143040377e+03   -3.9226278487e+04    1.1366197537e+02    1.1371465151e+02    1.1325300299e+02   -8.8980312962e-03   -8.5729430369e-02   -1.4020689841e-01    2.9726833769e+01    4.9544722949e+01    2.9726833769e+01
    2.0161290201e+03    1.4143040377e+03   -3.9226278487e+04    1.1366197537e+02    1.1371465151e+02    1.1325300299e+02   -8.8980312962e-03   -8.5729430369e-02   -1.4020689841e-01    2.9726833769e+01    4.9544722949e+01    2.9726833769e+01
