-6.34901 -6.33993
-6.83033 -6.82999
-6.76115 -6.762
-6.46467 -6.4658
-6.4493 -6.45747
-6.84778 -6.85338
-6.33411 -6.33156
-6.50292 -6.50227
-6.52618 -6.52649
-6.43068 -6.43009
-6.82881 -6.83518
-6.82714 -6.8272
-6.7815 -6.78102
-5.88649 -5.8803
-6.83318 -6.83657
-6.35126 -6.34374
-6.86082 -6.85914
-6.26939 -6.26334
-6.3774 -6.37944
-5.46565 -5.45944
-6.90213 -6.9036
-5.8829 -5.88862
-6.55185 -6.54927
-6.40011 -6.40321
-6.48953 -6.47759
-6.56404 -6.56705
-6.46311 -6.45589
-6.68533 -6.67561
-6.71728 -6.72697
-6.5746 -6.5736
-6.51014 -6.50877
-6.53122 -6.52869
-6.48193 -6.48757
-6.34619 -6.33921
-6.29696 -6.30176
-6.72522 -6.73022
-6.94408 -6.94152
-6.46171 -6.44811
-6.42124 -6.42113
-6.69671 -6.70605
-6.50551 -6.49936
-6.36904 -6.38143
-6.62445 -6.61974
-6.54673 -6.55026
-6.27044 -6.27874
-6.86165 -6.87014
-6.66115 -6.66004
-6.19703 -6.19785
-6.8408 -6.84033
-6.64229 -6.63867
-6.4483 -6.43836
-6.71343 -6.71052
-5.85622 -5.84711
-6.66743 -6.66539
-6.93225 -6.93656
-6.296 -6.28627
-6.90034 -6.8995
-6.4943 -6.48907
-6.83244 -6.83611
-6.53553 -6.53425
-6.59854 -6.59281
-6.41286 -6.41585
-6.60561 -6.60371
-6.63358 -6.6282
-6.40992 -6.40063
-6.25547 -6.24595
-6.88718 -6.89096
-6.2301 -6.22166
-6.85672 -6.85958
-6.65416 -6.65128
-6.78307 -6.78221
-5.79837 -5.78442
-5.6324 -5.63242
-6.29591 -6.28826
-6.73823 -6.74731
-6.85185 -6.85343
-6.62388 -6.62218
-5.689 -5.69273
-6.67103 -6.67736
-6.12434 -6.13094
-6.88618 -6.88446
-6.51843 -6.51902
-6.36288 -6.37364
-5.68739 -5.68302
-6.60785 -6.60978
-5.77008 -5.75505
-5.81697 -5.81611
-6.61354 -6.61091
-6.9824 -6.99042
-6.684 -6.68401
-5.96146 -5.95504
-6.4575 -6.46151
-6.65088 -6.64274
-6.36114 -6.35549
-6.31697 -6.32103
-6.42999 -6.4275
-6.09307 -6.09647
-6.7949 -6.79787
-6.41898 -6.41731
-6.20412 -6.20226
-6.44804 -6.44599
-6.45233 -6.43987
-6.38083 -6.37767
-6.56828 -6.57183
-6.33933 -6.34593
-5.82926 -5.83023
-6.82289 -6.82447
-6.37699 -6.38571
-6.77962 -6.78704
-6.2173 -6.21173
-6.37764 -6.38252
-6.75421 -6.75916
-6.66363 -6.66379
-6.68731 -6.68422
-6.78812 -6.78902
-6.3079 -6.32193
-6.30285 -6.30234
-6.53426 -6.53971
-6.89578 -6.89562
-6.28731 -6.28743
-6.9065 -6.91427
-6.61208 -6.60752
-6.90801 -6.91352
-6.94958 -6.95127
-6.53268 -6.53738
-6.77615 -6.77783
-6.93507 -6.93885
-5.82021 -5.8186
-6.28138 -6.27801
-6.60074 -6.6045
-6.32166 -6.33081
-6.541 -6.54266
-6.41441 -6.40629
-5.76944 -5.76593
-6.77313 -6.77572
-6.9558 -6.96184
-6.79672 -6.7946
-6.89599 -6.89263
-6.93078 -6.9354
-6.90206 -6.9088
-6.93677 -6.94246
-6.2781 -6.28004
-6.69568 -6.69219
-6.39315 -6.38783
-6.32386 -6.324
-6.40926 -6.40851
-6.7441 -6.74205
-6.4743 -6.47414
-6.79117 -6.7986
-6.41483 -6.41318
-6.4326 -6.41683
-5.92484 -5.92512
-6.60272 -6.61
-6.72181 -6.72252
-6.86402 -6.86558
-6.48386 -6.47571
-6.73979 -6.7422
-6.49711 -6.50181
-6.14648 -6.14455
-5.82821 -5.8185
-6.94593 -6.95157
-6.29742 -6.29618
-6.18626 -6.18653
-6.53149 -6.52431
-5.73026 -5.73622
-6.39334 -6.39749
-5.62774 -5.63541
-6.26143 -6.26936
-6.79592 -6.7971
-6.66711 -6.6677
-6.78177 -6.78813
-6.76349 -6.7653
-6.325 -6.32026
-6.88773 -6.8863
-6.43009 -6.42811
-6.63691 -6.63809
-5.72347 -5.72616
-6.49503 -6.49226
-6.89638 -6.89869
-6.14416 -6.1358
-6.36121 -6.3535
-6.69388 -6.68448
-6.40658 -6.4115
-6.44005 -6.44519
-6.60585 -6.61016
-6.3132 -6.30761
-6.35939 -6.35031
-6.89697 -6.89788
-6.42463 -6.41696
-6.66905 -6.66739
-6.39249 -6.39392
-6.69079 -6.69047
-6.88262 -6.88724
-6.91853 -6.91715
-6.41407 -6.41018
-6.57263 -6.56165
-6.6832 -6.68551
-6.32972 -6.32485
-6.52443 -6.5242
-6.25028 -6.24607
-6.33608 -6.34039
-6.32325 -6.31677
-6.49185 -6.49967
-6.42873 -6.42986
-6.60183 -6.60261
-6.84835 -6.84944
-6.23723 -6.25175
-6.94573 -6.94779
-6.3539 -6.35228
-6.43522 -6.4256
-6.507 -6.498
-6.95321 -6.95848
-6.70283 -6.70866
-6.7868 -6.78642
-6.37493 -6.36748
-5.83193 -5.82563
-6.33418 -6.32757
-6.68728 -6.69335
-6.44034 -6.45153
-6.92626 -6.93106
-6.60153 -6.59592
-6.88695 -6.89205
-6.21397 -6.20772
-6.26345 -6.27235
-6.58069 -6.57632
-6.92258 -6.92834
-6.84359 -6.84673
-6.255 -6.25543
-6.37401 -6.37526
-6.62978 -6.63208
-6.95592 -6.9597
-6.97155 -6.97837
-6.61583 -6.61569
-6.46058 -6.46619
-6.80965 -6.8102
-6.83735 -6.84658
-6.46498 -6.46893
-6.54115 -6.53874
-6.32562 -6.32201
-6.219 -6.21099
-6.65461 -6.65507
-6.45709 -6.45998
-6.95698 -6.96469
-5.72056 -5.72137
-6.44945 -6.45147
-6.48983 -6.49857
-6.88158 -6.88425
-6.31923 -6.32105
-6.59066 -6.59129
-6.32913 -6.31363
-6.15917 -6.16859
-6.54221 -6.54356
-6.62037 -6.62081
-6.52976 -6.53452
-6.07631 -6.06516
-6.41612 -6.41465
-6.94654 -6.95191
-6.61453 -6.6122
-6.28852 -6.28325
-6.64259 -6.64188
-6.93228 -6.93899
-6.75229 -6.75341
-6.44712 -6.44761
-6.3898 -6.40281
-6.22346 -6.21368
-6.18313 -6.18377
-6.30182 -6.29443
-6.91711 -6.91343
-5.7471 -5.74601
-6.41231 -6.4111
-6.63209 -6.62754
-6.88307 -6.88589
-6.29764 -6.28726
-6.4992 -6.50128
-6.24665 -6.24713
-6.35598 -6.35449
-6.51919 -6.51746
-6.24846 -6.24523
-6.83182 -6.8319
-6.86975 -6.87351
-6.3482 -6.34552
-6.6583 -6.6527
-6.40214 -6.3995
-6.3448 -6.32587
-5.80092 -5.79933
-6.55294 -6.55375
-6.34046 -6.33488
-6.02786 -6.01728
-6.85579 -6.86202
-6.01782 -6.0134
-6.68417 -6.67857
-6.3891 -6.39068
-6.59493 -6.59023
-6.63097 -6.62891
-6.69945 -6.69611
-6.24112 -6.24395
-6.68446 -6.68718
-6.40265 -6.40411
-6.54205 -6.54434
-6.58513 -6.59251
-6.48699 -6.47665
-6.21609 -6.22279
-6.46787 -6.46615
-6.29691 -6.28665
-6.48462 -6.48242
-6.50161 -6.49949
-6.97692 -6.97441
-6.41854 -6.41165
-6.77638 -6.78221
-6.85436 -6.85806
-6.86337 -6.86722
-6.31387 -6.31467
-6.4667 -6.46509
-6.64426 -6.64614
-6.9018 -6.90703
-6.85437 -6.86085
-5.94745 -5.94973
-6.19363 -6.19594
-6.36196 -6.36037
-6.65778 -6.65395
-6.64198 -6.64477
-6.59562 -6.59648
-6.77746 -6.77617
-6.18856 -6.17903
-6.89523 -6.89556
-6.69798 -6.70081
-6.89681 -6.90054
-6.49201 -6.49134
-6.48539 -6.48542
-6.95767 -6.96474
-6.22386 -6.1841
-6.2401 -6.24982
-6.39619 -6.39524
-6.5961 -6.58581
-6.52658 -6.53188
-6.27578 -6.28192
-6.47786 -6.46482
-6.80695 -6.80786
-6.40894 -6.40546
-6.44986 -6.44825
-6.88052 -6.88595
-6.60174 -6.59647
-6.76062 -6.76041
-6.90363 -6.90336
-6.95477 -6.96272
-6.38987 -6.39196
-6.33162 -6.33235
-5.69932 -5.69538
-6.48214 -6.48474
-6.90117 -6.90254
-6.62137 -6.62283
-6.31419 -6.32223
-6.23741 -6.24506
-6.63784 -6.63701
-6.28032 -6.28002
-6.94256 -6.94692
-6.28783 -6.29337
-6.4786 -6.47829
-6.66245 -6.66168
-6.22224 -6.21941
-6.16582 -6.16563
-6.81233 -6.81822
-6.43041 -6.42016
-6.84338 -6.83513
-6.88726 -6.88448
-6.41913 -6.41695
-6.79114 -6.79509
-6.52289 -6.52565
-6.84304 -6.84391
-6.56691 -6.56252
-6.87303 -6.88182
-6.87541 -6.88349
-6.76493 -6.76429
-6.82223 -6.82565
-7.00278 -7.00568
-6.7313 -6.73286
-6.85291 -6.85709
-6.69344 -6.68884
-6.47391 -6.46409
-5.98135 -5.98421
-6.04895 -6.04783
-6.67196 -6.6723
-6.90213 -6.90167
-6.63053 -6.63224
-6.82091 -6.82111
-6.2365 -6.23107
-6.49156 -6.49132
-6.46735 -6.46943
-6.94464 -6.94707
-6.56499 -6.56
-6.52369 -6.51919
-6.79738 -6.80203
-6.88938 -6.89545
-6.62183 -6.61967
-6.40926 -6.40851
-6.47346 -6.47564
-5.42635 -5.41755
-6.67466 -6.66817
-6.65104 -6.64622
-6.51513 -6.51375
-6.53677 -6.52675
-6.21653 -6.22315
-6.38434 -6.38916
-6.27971 -6.27982
-6.66259 -6.66177
-5.51309 -5.51355
-6.56124 -6.5596
-6.51752 -6.51437
-6.61417 -6.61147
-6.52442 -6.52772
-6.47754 -6.48503
-6.55243 -6.54626
-6.98044 -6.98519
-6.81549 -6.81747
-6.95281 -6.95273
-6.57212 -6.57864
-6.77434 -6.7777
-6.45753 -6.45128
-6.42947 -6.429
-6.63317 -6.63341
-6.4475 -6.44543
-6.1476 -6.14847
-6.5526 -6.55511
-6.39246 -6.38904
-6.45996 -6.46587
-6.37614 -6.37046
-6.94066 -6.9428
-6.41696 -6.41899
-6.80851 -6.81379
-6.29434 -6.29186
-6.67023 -6.66649
-6.3068 -6.29769
-6.77905 -6.78105
-6.37974 -6.38075
-6.74247 -6.74745
-6.30839 -6.30663
-6.39828 -6.39158
-6.77189 -6.77597
-6.53385 -6.53059
-6.25696 -6.26305
-6.56542 -6.56865
-6.32148 -6.32132
-6.77053 -6.77512
-6.97657 -6.99075
-6.95878 -6.95486
-5.37158 -5.36583
-6.6834 -6.68937
-6.95348 -6.95734
-6.8294 -6.8331
-6.39249 -6.38701
-6.27286 -6.26479
-6.47213 -6.46723
-6.46832 -6.46388
-6.85932 -6.86251
-6.84685 -6.85155
-6.84485 -6.84071
-6.42289 -6.41937
-6.25324 -6.2445
-6.81093 -6.81738
-6.40629 -6.41412
-6.29761 -6.28931
-6.69829 -6.70026
-6.94267 -6.95043
-5.37177 -5.36552
-6.18283 -6.17933
-5.84239 -5.83166
-6.77731 -6.77745
-6.72444 -6.73984
-6.18835 -6.19581
-6.6958 -6.69135
-6.9425 -6.94269
-5.69305 -5.69433
-6.65069 -6.64314
-6.46983 -6.46858
-6.33556 -6.32389
-6.40832 -6.40363
-6.37803 -6.36932
-6.42562 -6.42456
-6.50444 -6.49669
-6.28875 -6.28775
-6.63193 -6.63126
-6.21777 -6.22333
-6.9483 -6.95014
-6.64188 -6.63456
-6.86191 -6.86174
-6.31395 -6.30378
-6.54884 -6.5478
-6.88289 -6.8885
-6.38279 -6.38173
-6.71816 -6.72009
-6.19011 -6.1908
-6.63254 -6.62508
-6.35591 -6.35411
-6.79809 -6.7979
-6.99665 -7.00242
-6.5853 -6.58653
-5.86579 -5.86445
-6.45539 -6.44419
-6.80208 -6.7995
-6.6325 -6.6216
-6.85207 -6.85446
-6.67479 -6.67413
-6.92148 -6.92371
-6.48785 -6.48723
-6.85077 -6.84655
-6.29439 -6.3107
-6.24981 -6.24596
-6.69486 -6.69373
-6.34219 -6.33368
-6.33608 -6.32932
-5.86127 -5.85707
-6.97498 -6.98195
-6.65264 -6.65278
-6.446 -6.43539
-6.28907 -6.2648
-6.35795 -6.35878
-6.33862 -6.33672
-6.51362 -6.50846
-6.5389 -6.5284
-5.77172 -5.77428
-6.6259 -6.62676
-6.87198 -6.87609
-6.9161 -6.91368
-6.45712 -6.44726
-6.32731 -6.32133
-6.41264 -6.41067
-6.77738 -6.77864
-6.99297 -6.99398
-6.47277 -6.48216
-6.92225 -6.9271
-6.52328 -6.51582
-6.37608 -6.38094
-5.88454 -5.88265
-6.97066 -6.9717
-6.13155 -6.13175
-6.83305 -6.83304
-6.40567 -6.40259
-6.41555 -6.41285
-6.14742 -6.14574
-6.40952 -6.40443
-6.85961 -6.85675
-6.6775 -6.66895
-6.58552 -6.58879
-6.78422 -6.78523
-6.33498 -6.33861
-6.15434 -6.14776
-6.63262 -6.63723
-6.37304 -6.3715
-6.66264 -6.65984
-6.40641 -6.39726
-6.22981 -6.23394
-6.63532 -6.63371
-6.29934 -6.30621
-6.43443 -6.43528
-6.88461 -6.8888
-5.80673 -5.80675
-6.8385 -6.83664
-6.88073 -6.881
-6.72498 -6.72623
-5.82279 -5.81819
-6.83753 -6.83477
-6.92274 -6.93133
-6.65393 -6.65068
-5.71137 -5.70579
-6.96129 -6.96228
-6.67631 -6.6828
-6.40265 -6.40411
-6.64772 -6.64299
-6.61258 -6.6095
-6.33034 -6.32221
-6.84814 -6.85853
-6.66951 -6.66853
-6.83022 -6.83719
-6.4056 -6.40861
-6.37979 -6.38224
-6.3666 -6.35612
-6.44339 -6.44153
-6.12557 -6.13424
-6.8207 -6.82514
-6.59221 -6.59115
-6.74066 -6.74322
-6.51167 -6.50587
-6.75745 -6.75827
-6.33642 -6.33865
-6.83406 -6.83731
-6.87678 -6.8796
-6.45975 -6.46158
-6.95808 -6.96557
-5.69704 -5.691
-6.53413 -6.52951
-6.85175 -6.85104
-6.44862 -6.45581
-6.23407 -6.23215
-6.16756 -6.17587
-6.92708 -6.93343
-6.34802 -6.34879
-6.93516 -6.94502
-6.50449 -6.50987
-6.60533 -6.60818
-6.46269 -6.46545
-6.91696 -6.91334
-6.30163 -6.30364
-6.26132 -6.25827
-6.86311 -6.86358
-6.96889 -6.97192
-6.9055 -6.90924
-6.95099 -6.96123
-6.63303 -6.63263
-6.52321 -6.51528
-6.20272 -6.19971
-6.59144 -6.59286
-5.93134 -5.92397
-6.40683 -6.40101
-6.37255 -6.37511
-6.85564 -6.86575
-6.17417 -6.16849
-6.3924 -6.38322
-6.54304 -6.54379
-6.52216 -6.51901
-6.4909 -6.48342
-6.52099 -6.52455
-6.16802 -6.16754
-6.33005 -6.31188
-6.66525 -6.66768
-6.68386 -6.68145
-6.72655 -6.72134
-6.29091 -6.28453
-6.97203 -6.97685
-5.46481 -5.45606
-6.08181 -6.07124
-6.29532 -6.30623
-6.53415 -6.53314
-6.63133 -6.62941
-6.23726 -6.22938
-6.50355 -6.49765
-6.53497 -6.53296
-6.57928 -6.57092
-6.82458 -6.82756
-6.20926 -6.20179
-6.53584 -6.54397
-6.28698 -6.28348
-6.79661 -6.80058
-6.39315 -6.38429
-6.56163 -6.56423
-6.89699 -6.90234
-6.86417 -6.8605
-6.46702 -6.4526
-5.75079 -5.74806
-6.86343 -6.8658
-6.62895 -6.62706
-6.83264 -6.83727
-6.76026 -6.75909
-6.74247 -6.75091
-6.83669 -6.83932
-6.93179 -6.93215
-6.52437 -6.51731
-6.57349 -6.57397
-6.75637 -6.75338
-6.22425 -6.23004
-6.79654 -6.79245
-6.63208 -6.6316
-6.59509 -6.5896
-6.80496 -6.80121
-6.95038 -6.94937
-6.46508 -6.46355
-6.49316 -6.49005
-5.73861 -5.73148
-6.87511 -6.87381
-5.46448 -5.46589
-6.60517 -6.60778
-6.96842 -6.96915
-6.32566 -6.33011
-6.53181 -6.53012
-6.26351 -6.25734
-6.43117 -6.43649
-6.86151 -6.86633
-5.77146 -5.78132
-6.18662 -6.19665
-6.87418 -6.87223
-6.32141 -6.32671
-6.58083 -6.58125
-6.58326 -6.59152
-6.78508 -6.79158
-6.31822 -6.32226
-6.51745 -6.51383
-5.72861 -5.7321
-6.41857 -6.42755
-6.45119 -6.44979
-6.719 -6.72269
-6.75991 -6.76522
-6.60113 -6.60003
-6.37624 -6.37084
-5.53361 -5.53732
-6.97957 -6.9832
-6.18011 -6.18506
-6.51062 -6.50366
-6.96465 -6.97112
-6.44703 -6.45071
-6.98289 -6.98822
-6.5856 -6.58693
-6.40384 -6.40276
-6.39137 -6.40486
-6.35902 -6.36422
-6.80904 -6.8107
-6.42489 -6.41843
-6.362 -6.35545
-6.87639 -6.87673
-6.86035 -6.86056
-6.8662 -6.86816
-6.27828 -6.27235
-6.61535 -6.62055
-6.66642 -6.66731
-5.77186 -5.77172
-6.4361 -6.43834
-6.40097 -6.41022
-6.65877 -6.65769
-6.66642 -6.66417
-6.35914 -6.34683
-6.64105 -6.64089
-6.71337 -6.71582
-6.30811 -6.30771
-6.48407 -6.47924
-6.02577 -6.03162
-6.26386 -6.26963
-6.37209 -6.38132
-6.46619 -6.45852
-6.56055 -6.55831
-6.40086 -6.40338
-6.23907 -6.24467
-6.59548 -6.60063
-6.21711 -6.21452
-6.98019 -6.97744
-6.14948 -6.15618
-6.69191 -6.69183
-6.46579 -6.46879
-6.24408 -6.24296
-6.37026 -6.37719
-6.53087 -6.52733
-6.97608 -6.9849
-6.54331 -6.53733
-6.48656 -6.47378
-6.84199 -6.84261
-6.24847 -6.25983
-6.84179 -6.83968
-6.69739 -6.70472
-6.65606 -6.64841
-6.9123 -6.91876
-6.40752 -6.40522
-6.68545 -6.6793
-6.64162 -6.63353
-6.56759 -6.5699
-6.94002 -6.94672
-6.46351 -6.46751
-6.94958 -6.95525
-6.39346 -6.38273
-6.43166 -6.42888
-6.58785 -6.5919
-6.43895 -6.42984
-5.62244 -5.61466
-5.74153 -5.74348
-6.46264 -6.46107
-6.29668 -6.30111
-6.58458 -6.58007
-6.76273 -6.76601
-6.40243 -6.39819
-5.48878 -5.48315
-6.59369 -6.59586
-6.60907 -6.61342
-6.67572 -6.67592
-6.26832 -6.26149
-6.45271 -6.45236
-6.4193 -6.4093
-6.63018 -6.62801
-5.82969 -5.83317
-6.32081 -6.31705
-5.91485 -5.91006
-6.45467 -6.44754
-6.16381 -6.1593
-6.41913 -6.41695
-5.7777 -5.77225
-6.28174 -6.29112
-6.44789 -6.4462
-6.93351 -6.93372
-6.81449 -6.81686
-6.2866 -6.27817
-6.94601 -6.95097
-6.39551 -6.39846
-6.50147 -6.50902
-6.3455 -6.34032
-6.84977 -6.853
-6.98929 -6.99618
-6.72635 -6.73074
-6.87274 -6.87358
-6.43264 -6.42619
-6.84481 -6.84764
-5.93162 -5.9365
-5.77069 -5.77109
-6.88721 -6.88519
-6.61682 -6.616
-6.98471 -6.99257
-6.4344 -6.42987
-6.54061 -6.52973
-6.31033 -6.30829
-6.30949 -6.30427
-6.80644 -6.80641
-6.37098 -6.37145
-6.62598 -6.63224
-6.35984 -6.35208
-6.20511 -6.1974
-6.73613 -6.74151
-6.1142 -6.10702
-6.48286 -6.48328
-6.79726 -6.7926
-6.27879 -6.29052
-6.59507 -6.59567
-6.3832 -6.39026
-6.67622 -6.66813
-6.5937 -6.58885
-6.4248 -6.42105
-6.97327 -6.97675
-6.96665 -6.96784
-6.33755 -6.33721
-6.37161 -6.36518
-6.85257 -6.85388
-6.94894 -6.95133
-6.4029 -6.40422
-6.49171 -6.50154
-6.35903 -6.36728
-6.83355 -6.83681
-6.4589 -6.46771
-5.4589 -5.45026
-6.29452 -6.29132
-6.79523 -6.80147
-6.62705 -6.62845
-6.35594 -6.35896
-6.75185 -6.75479
-6.19338 -6.19909
-6.3549 -6.35373
-6.55199 -6.54695
-6.29829 -6.29542
-6.50004 -6.50854
-6.37947 -6.37684
-6.60959 -6.6109
-6.3509 -6.34611
-6.91906 -6.92127
-6.69667 -6.69001
-6.68018 -6.68206
-6.59135 -6.58402
-6.94661 -6.95022
-6.95542 -6.96448
-6.98223 -6.98305
-6.67745 -6.68492
-6.61667 -6.61825
-6.82032 -6.82378
-5.70684 -5.7024
-6.48128 -6.4934
-6.50746 -6.5184
-6.46858 -6.47229
-6.91475 -6.92402
-6.33863 -6.34069
-6.91173 -6.91057
-6.85623 -6.86346
-6.3636 -6.37118
-6.38608 -6.37809
-6.75892 -6.75443
-6.50489 -6.50674
-6.66043 -6.66171
-5.61991 -5.62229
-6.5788 -6.57798
-6.77162 -6.77544
-5.55279 -5.54498
-6.21471 -6.21564
-6.87184 -6.87399
-6.63611 -6.63853
-6.32491 -6.32269
-6.9643 -6.96761
-6.63799 -6.63934
-6.62224 -6.62571
-6.31903 -6.32234
-6.42989 -6.42635
-6.51478 -6.51525
-6.32014 -6.31185
-5.93594 -5.94066
-6.58546 -6.58198
-6.849 -6.84931
-6.46419 -6.46576
-6.37428 -6.36746
-6.84212 -6.84264
-6.40221 -6.3998
-6.82345 -6.82859
-6.511 -6.51654
-6.3287 -6.31996
-6.96806 -6.97245
-6.60969 -6.6144
-6.3876 -6.37396
-6.42178 -6.41963
-6.69718 -6.69248
-5.80645 -5.80397
-6.62373 -6.62111
-6.48405 -6.48403
-6.64539 -6.65114
-6.24851 -6.24772
-6.12101 -6.11468
-6.95521 -6.95124
-6.31956 -6.32145
-6.45008 -6.44849
-5.51499 -5.506
-6.90625 -6.91022
-6.4095 -6.4033
-6.45555 -6.4513
-6.59331 -6.59848
-5.52413 -5.51234
-5.94674 -5.93868
-6.67156 -6.67003
-6.39103 -6.38423
-6.38987 -6.3981
-6.38828 -6.38449
-6.9468 -6.95285
-6.4638 -6.45914
-6.38828 -6.38449
-6.60731 -6.6046
-6.83492 -6.84067
-6.45271 -6.45667
-6.6582 -6.6532
-6.57315 -6.57103
-6.9794 -6.98531
-6.24549 -6.24208
-6.65957 -6.65731
-6.64135 -6.63499
-5.67628 -5.66517
-6.15409 -6.15117
-6.16682 -6.16255
-6.48402 -6.48859
-6.50717 -6.50756
-5.90696 -5.90903
-6.77747 -6.78047
-6.47661 -6.47741
-6.77032 -6.77113
-6.66045 -6.66391
-6.50172 -6.50155
-6.89102 -6.90012
-6.44937 -6.44438
-6.14135 -6.15214
-6.29554 -6.28529
-6.99508 -7.00144
-6.39394 -6.40375
-6.01425 -6.00853
-5.82306 -5.81673
-6.67679 -6.6764
-7.03145 -7.03757
-6.31085 -6.30929
-6.60334 -6.60524
-6.32719 -6.33357
-5.84884 -5.85531
-6.64938 -6.64865
-6.35979 -6.37333
-6.6624 -6.66219
-6.34974 -6.34512
-6.58912 -6.5816
-6.37609 -6.38458
-6.59241 -6.58944
-6.63653 -6.63829
-6.53979 -6.53663
-6.46426 -6.46101
-6.07819 -6.10213
-6.2916 -6.28699
-6.33006 -6.32311
-6.18573 -6.18712
-5.46136 -5.46005
-6.71917 -6.72035
-6.42594 -6.42206
-6.67362 -6.66677
-6.83059 -6.82889
-6.71038 -6.70944
-6.9293 -6.93321
-6.4484 -6.43991
-6.1675 -6.17637
-6.6376 -6.63563
-6.39234 -6.38265
-6.97711 -6.98222
-6.44467 -6.43362
-6.94893 -6.95974
-6.35909 -6.35775
-6.87787 -6.87785
-6.31147 -6.30617
-6.48214 -6.48474
-6.19274 -6.1916
-6.89326 -6.89505
-6.74743 -6.74384
-6.38096 -6.37901
-6.83193 -6.83749
-6.07701 -6.07194
-6.86979 -6.86989
-6.88631 -6.89052
-6.57833 -6.57922
-6.55753 -6.55051
-6.93014 -6.936
-6.18223 -6.18137
-6.39656 -6.38514
-6.80964 -6.81149
-6.36493 -6.36744
-6.50301 -6.49977
-6.94895 -6.94982
-6.87225 -6.87479
-6.57126 -6.5752
-5.75245 -5.74389
-6.81483 -6.81868
-5.82389 -5.82165
-6.75876 -6.75906
-6.45075 -6.44861
-6.31885 -6.31814
-6.68625 -6.67895
-6.4449 -6.44321
-5.52201 -5.50918
-6.55419 -6.55449
-6.86259 -6.86673
-6.9272 -6.93374
-6.20345 -6.20325
-6.47513 -6.46699
-6.9932 -6.99553
-6.91845 -6.91955
-6.8003 -6.79706
-6.58083 -6.57826
-6.9635 -6.96557
-6.69047 -6.69517
-6.71235 -6.71134
-6.18563 -6.16974
-6.91877 -6.92508
-6.37718 -6.38042
-6.57966 -6.58553
-6.19404 -6.19168
-6.74923 -6.74278
-6.73449 -6.73408
-6.60864 -6.60963
-6.2563 -6.24578
-6.57836 -6.58225
-6.33635 -6.32954
-6.37966 -6.381
-6.69409 -6.69955
-6.93988 -6.93737
-6.84659 -6.85342
-6.82708 -6.83241
-6.95156 -6.95586
-6.46767 -6.47202
-6.70067 -6.70236
-6.70894 -6.7067
-6.8565 -6.85371
-6.51965 -6.51659
-6.28042 -6.28241
-6.72932 -6.73303
-6.29166 -6.2807
-6.55741 -6.55167
-6.11786 -6.10851
-5.95437 -5.95025
-6.55361 -6.55203
-6.3262 -6.32922
-6.62944 -6.63044
-6.98558 -6.98991
-6.43571 -6.43555
-6.53646 -6.53387
-6.46907 -6.47431
-6.70773 -6.70947
-6.36419 -6.35562
-6.58558 -6.5884
-6.9649 -6.96899
-6.26969 -6.25828
-6.66944 -6.66404
-6.8365 -6.84017
-6.84758 -6.84658
-6.31135 -6.29403
-6.41199 -6.4153
-6.20559 -6.20867
-6.39188 -6.39249
-6.45973 -6.45394
-6.39302 -6.39295
-6.27104 -6.26781
-6.21178 -6.2094
-6.3178 -6.31662
-6.3687 -6.37282
-6.53779 -6.52743
-6.84873 -6.85719
-6.78745 -6.78722
-6.47624 -6.47821
-6.56327 -6.56313
-6.8952 -6.90234
-6.4326 -6.41683
-6.73145 -6.73071
-6.78204 -6.78035
-6.37505 -6.36134
-6.53756 -6.5334
-6.49225 -6.48493
-6.46092 -6.47033
-6.42173 -6.42267
-5.95583 -5.94843
-6.91987 -6.92226
-5.47269 -5.4792
-5.78911 -5.77888
-6.95395 -6.96319
-6.38285 -6.37832
-6.50551 -6.49936
-6.43662 -6.4308
-6.44344 -6.44237
-6.25282 -6.25267
-6.28408 -6.27717
-5.83142 -5.8321
-6.97343 -6.97519
-6.85747 -6.86206
-6.37814 -6.37771
-6.08277 -6.08269
-6.27765 -6.2812
-6.40697 -6.41317
-5.82196 -5.82576
-6.8285 -6.83246
-5.86464 -5.8607
-6.69039 -6.69039
-6.41855 -6.43389
-6.3663 -6.36364
-6.71111 -6.71239
-6.64633 -6.64501
-6.331 -6.3303
-6.26669 -6.26716
-6.59779 -6.60069
-6.73667 -6.73868
-6.82298 -6.81932
-6.5081 -6.51065
-6.4811 -6.48173
-6.47136 -6.4739
-6.40725 -6.39602
-6.88191 -6.88479
-6.33608 -6.32932
-6.22428 -6.23115
-6.34046 -6.33488
-6.29565 -6.3007
-6.39724 -6.38994
-6.96015 -6.9658
-6.62486 -6.62363
-6.5188 -6.50824
-6.41008 -6.40427
-6.52002 -6.53187
-6.4378 -6.43457
-6.60342 -6.60355
-6.47249 -6.47002
-6.28586 -6.28538
-6.58615 -6.58004
-6.34468 -6.34037
-6.74174 -6.7445
-6.36586 -6.3671
-6.97335 -6.97716
-6.48523 -6.47762
-6.91767 -6.91901
-6.26725 -6.26202
-6.45467 -6.44754
-6.83054 -6.83507
-6.76349 -6.75709
-6.71639 -6.72333
-6.56614 -6.55998
-6.31394 -6.32093
-6.80132 -6.80349
-6.40487 -6.4017
-6.44842 -6.4561
-6.72337 -6.72567
-6.24359 -6.24963
-6.42023 -6.41788
-6.63983 -6.63927
-6.23866 -6.2442
-6.93963 -6.94379
-6.32344 -6.32449
-6.49985 -6.49814
-6.256 -6.25593
-6.43204 -6.42907
-6.52641 -6.52551
-6.30114 -6.3037
-6.56002 -6.5519
-6.91923 -6.92172
-6.93493 -6.93666
-6.29822 -6.29774
-6.54637 -6.54693
-6.415 -6.42291
-6.3976 -6.39727
-6.49691 -6.50307
-6.47698 -6.47288
-6.95456 -6.95223
-6.7049 -6.70129
-6.42375 -6.42371
-6.31367 -6.31282
-6.80155 -6.79987
-6.67427 -6.67192
-6.66132 -6.6664
-5.70878 -5.70866
-6.53969 -6.54543
-6.50649 -6.49691
-6.58766 -6.5892
-6.33996 -6.33923
-6.41632 -6.41749
-5.72514 -5.72365
-6.62438 -6.62373
-6.44549 -6.43297
-6.60468 -6.60574
-6.87865 -6.88213
-6.53884 -6.53718
-6.30143 -6.29819
-6.37238 -6.37149
-6.91603 -6.9189
-6.91754 -6.91674
-6.4702 -6.45277
-6.36777 -6.37265
-6.62008 -6.62613
-5.79168 -5.79608
-6.36969 -6.36413
-6.63282 -6.63336
-6.66405 -6.65938
-6.32485 -6.32292
-5.30903 -5.309
-6.95659 -6.96622
-6.66041 -6.66081
-6.42395 -6.42121
-6.87615 -6.88603
-6.23322 -6.23867
-6.36234 -6.36901
-5.47143 -5.46181
-6.35405 -6.35519
-6.98622 -6.99179
-5.50364 -5.50384
-6.55114 -6.54779
-6.34958 -6.33963
-6.41848 -6.41092
-6.77057 -6.76851
-6.49394 -6.49551
-6.72738 -6.72594
-6.82502 -6.82867
-6.42053 -6.41789
-6.39826 -6.39868
-6.29654 -6.30216
-6.7274 -6.72376
-6.33934 -6.3331
-6.64839 -6.64268
-6.32446 -6.31923
-6.45236 -6.45058
-7.00014 -7.00215
-6.49239 -6.48914
-6.3444 -6.33562
-6.32751 -6.3403
-6.52787 -6.53059
-6.54852 -6.54239
-6.95594 -6.95905
-6.98169 -6.99148
-6.9232 -6.92826
-6.9285 -6.93189
-6.46617 -6.45795
-6.4598 -6.45539
-6.40164 -6.39392
-6.91091 -6.91811
-6.91846 -6.923
-6.72824 -6.7237
-6.39002 -6.38425
-6.54417 -6.54703
-6.78856 -6.78576
-6.72738 -6.72398
-6.733 -6.72955
-6.39682 -6.3944
-6.35465 -6.36146
-5.80362 -5.80986
-6.41355 -6.41017
-6.836 -6.83883
-6.16451 -6.16213
-6.79383 -6.79857
-6.19812 -6.19307
-6.99805 -6.99891
-6.46357 -6.45972
-6.69526 -6.69914
-6.58648 -6.59613
-6.32459 -6.31763
-6.4794 -6.48713
-6.89979 -6.90911
-6.94552 -6.95387
-6.31838 -6.31445
-6.76301 -6.76989
-6.83744 -6.84452
-6.3962 -6.38815
-6.94415 -6.94641
-6.61566 -6.61426
-6.87052 -6.87095
-6.74446 -6.75112
-6.26368 -6.25792
-6.90948 -6.91508
-6.86087 -6.86024
-6.41982 -6.41027
-6.74706 -6.7502
-6.50468 -6.51145
-6.62118 -6.61736
-6.9001 -6.9048
-6.15866 -6.16281
-6.89389 -6.89105
-6.33477 -6.32722
-6.87178 -6.869
-6.56144 -6.5609
-6.7184 -6.72117
-6.30132 -6.28268
-6.26652 -6.26108
-6.67765 -6.67763
-6.51493 -6.51255
-6.36765 -6.35981
-6.16151 -6.16623
-6.60488 -6.59986
-6.56026 -6.56112
-6.70439 -6.69963
-6.65651 -6.65568
-6.50958 -6.50724
-6.40395 -6.39883
-6.46775 -6.45843
-6.81688 -6.8165
-6.79919 -6.79532
-6.73883 -6.73288
-6.3687 -6.37073
-6.48948 -6.48962
-6.45157 -6.4419
-6.36051 -6.35681
-6.31619 -6.3159
-6.81021 -6.81104
-5.90633 -5.90492
-6.42074 -6.42354
-6.86114 -6.85966
-6.63533 -6.63185
-6.33137 -6.32644
-6.26126 -6.24729
-6.26806 -6.26681
-6.6512 -6.64682
-6.72923 -6.73197
-6.38778 -6.39149
-6.80871 -6.81543
-6.32483 -6.31886
-6.60214 -6.59531
-6.63388 -6.62552
-6.30731 -6.30277
-6.42694 -6.42665
-6.79555 -6.80105
-6.97206 -6.97695
-6.0764 -6.08229
-6.515 -6.51469
-6.52163 -6.52157
-6.21105 -6.21887
-6.5923 -6.585
-5.85568 -5.85168
-6.49624 -6.49328
-6.37199 -6.36813
-6.22532 -6.22532
-6.15346 -6.15776
-6.2822 -6.28439
-6.4197 -6.42263
-6.1903 -6.19422
-6.36093 -6.35641
-6.62364 -6.62056
-6.7009 -6.69427
-6.80099 -6.80892
-6.39887 -6.39812
-6.84178 -6.84169
-6.94767 -6.94356
-6.74507 -6.74861
-6.91892 -6.92564
-6.56142 -6.55265
-6.75851 -6.75843
-6.74444 -6.74451
-6.99469 -6.9965
-6.97898 -6.97937
-6.49271 -6.4845
-5.4473 -5.43229
-6.30245 -6.30194
-6.58103 -6.57602
-6.39794 -6.4045
-6.44321 -6.44668
-6.40484 -6.40725
-6.77633 -6.77688
-6.96384 -6.96737
-6.87657 -6.87892
-6.91726 -6.92819
-6.33604 -6.34022
-6.29978 -6.29471
-6.60213 -6.60185
-6.57668 -6.5784
-6.42512 -6.42743
-5.98812 -5.98343
-6.59905 -6.59171
-6.34461 -6.34796
-6.3049 -6.30918
-6.79318 -6.79595
-6.78769 -6.78187
-6.60808 -6.61728
-6.33895 -6.33531
-6.78855 -6.79738
-6.87874 -6.87881
-6.97924 -6.9795
-6.91252 -6.91896
-6.62244 -6.62552
-6.96622 -6.96422
-7.02795 -7.03437
-6.36641 -6.3578
-6.34782 -6.35555
-5.57519 -5.56985
-6.72536 -6.7282
-6.4283 -6.43191
-6.59029 -6.59609
-6.49392 -6.4969
-6.66562 -6.66527
-6.89177 -6.89473
-6.49987 -6.49531
-5.77072 -5.76397
-6.84557 -6.85054
-6.51524 -6.51137
-6.60308 -6.59951
-6.94809 -6.9506
-6.60665 -6.60098
-6.73814 -6.7332
-6.407 -6.4045
-7.02758 -7.03232
-6.81892 -6.81893
-6.46932 -6.46817
-6.44116 -6.43167
-6.38245 -6.37838
-6.20143 -6.20205
-6.83253 -6.83952
-6.38209 -6.38684
-6.45954 -6.4578
-6.5967 -6.60286
-5.99587 -5.9896
-6.86307 -6.86642
-6.55481 -6.55133
-6.67179 -6.67139
-6.30449 -6.3027
-6.39696 -6.3884
-6.26122 -6.253
-6.2167 -6.20707
-6.64562 -6.64827
-6.75607 -6.76038
-6.86616 -6.87
-6.93221 -6.93613
-6.5281 -6.53657
-6.43612 -6.44475
-6.66392 -6.66187
-6.39821 -6.39819
-6.92572 -6.92746
-6.45738 -6.45718
-6.57226 -6.56615
-5.51403 -5.50305
-6.41682 -6.41457
-6.58404 -6.58497
-6.44558 -6.43906
-6.03725 -6.02986
-6.74664 -6.75201
-6.71148 -6.71696
-6.83263 -6.83153
-6.67558 -6.66813
-6.50548 -6.51021
-6.27472 -6.26991
-6.60639 -6.60121
-6.2187 -6.21562
-6.98371 -6.9905
-6.44828 -6.4481
-6.61974 -6.61992
-6.90329 -6.91009
-6.69008 -6.6953
-6.6107 -6.6115
-6.84836 -6.85102
-6.69169 -6.68594
-6.48415 -6.47283
-6.44261 -6.45605
-6.99221 -6.99283
-6.53288 -6.52855
-6.07697 -6.06718
-6.43096 -6.42597
-6.63624 -6.63551
-6.76261 -6.75696
-5.70126 -5.70146
-6.03694 -6.02449
-5.89062 -5.89205
-6.37546 -6.37454
-6.90079 -6.9061
-6.4157 -6.40935
-6.39554 -6.39824
-6.32494 -6.32956
-6.90076 -6.90236
-6.78808 -6.78892
-6.59301 -6.60403
-6.81938 -6.8261
-6.27484 -6.27682
-5.84503 -5.84569
-6.71462 -6.71513
-6.1854 -6.19218
-6.63158 -6.63374
-6.93208 -6.93815
-6.27957 -6.28195
-6.45649 -6.45461
-6.20041 -6.20457
-6.95252 -6.95895
-7.01391 -7.01659
-6.85195 -6.84853
-6.02465 -6.01589
-6.96055 -6.96603
-6.30687 -6.31746
-6.42613 -6.43338
-6.80631 -6.81567
-6.51777 -6.51167
-6.3337 -6.33159
-6.51084 -6.50737
-6.23849 -6.23702
-5.8339 -5.82526
-6.81472 -6.81526
-6.84415 -6.84641
-5.37803 -5.3831
-6.27224 -6.2771
-6.26221 -6.26961
-6.21839 -6.21866
-6.30284 -6.30246
-5.84888 -5.85514
-6.79456 -6.80213
-6.59831 -6.6033
-6.19742 -6.19572
-6.17575 -6.163
-6.92255 -6.92284
-6.64717 -6.64981
-6.14728 -6.14661
-6.59605 -6.60047
-6.58461 -6.58485
-6.43975 -6.43879
-6.86786 -6.87155
-6.32486 -6.32868
-6.34911 -6.35486
-6.89087 -6.89191
-6.68637 -6.67926
-6.90739 -6.91192
-6.45238 -6.44632
-6.39464 -6.39374
-5.85578 -5.84979
-6.55749 -6.56578
-6.9624 -6.96063
-6.58425 -6.58876
-6.45151 -6.4453
-6.91695 -6.92231
-6.71838 -6.72447
-6.86711 -6.86921
-6.43495 -6.42617
-6.26112 -6.25405
-6.82059 -6.82012
-6.51587 -6.51017
-5.91149 -5.91436
-5.84967 -5.83961
-6.84052 -6.84102
-6.22124 -6.22525
-6.80113 -6.80843
-6.42912 -6.42652
-6.51286 -6.51231
-6.31373 -6.31361
-6.67399 -6.6762
-6.87441 -6.87552
-5.73349 -5.73646
-6.33032 -6.32727
-6.39441 -6.41181
-6.41517 -6.42154
-6.72457 -6.72566
-6.96669 -6.96868
-6.68201 -6.68212
-6.29047 -6.29726
-6.28661 -6.28653
-6.16355 -6.15721
-5.72232 -5.72897
-6.50811 -6.50413
-6.9646 -6.97599
-6.53936 -6.54239
-5.92653 -5.9198
-6.83678 -6.83951
-6.79461 -6.79931
-6.66835 -6.67001
-6.97369 -6.97391
-6.24041 -6.23076
-6.25532 -6.25879
-6.97117 -6.97729
-6.73169 -6.73082
-6.94105 -6.9397
-6.24242 -6.23559
-6.62153 -6.62133
-6.57649 -6.58404
-5.80126 -5.80442
-6.44072 -6.43566
-6.45889 -6.46877
-6.26126 -6.25218
-6.60848 -6.6018
-6.41526 -6.42777
-6.14405 -6.15011
-6.41905 -6.42351
-6.63435 -6.63881
-5.73072 -5.73141
-6.45532 -6.45447
-6.88925 -6.89445
-6.73653 -6.74106
-6.64631 -6.64038
-6.42563 -6.42705
-6.18419 -6.18829
-6.53241 -6.53087
-6.84847 -6.85201
-6.32642 -6.32842
-6.53767 -6.53494
-6.91094 -6.91363
-6.73938 -6.73881
-6.85386 -6.84735
-6.75246 -6.75348
-6.41754 -6.41277
-6.74568 -6.74678
-6.77827 -6.78116
-6.35465 -6.35606
-5.99791 -6.00048
-6.5359 -6.53238
-6.99249 -6.99795
-6.42296 -6.42774
-6.70108 -6.70694
-6.65253 -6.64932
-6.60926 -6.60813
-6.81951 -6.81525
-6.63159 -6.63132
-6.78658 -6.78726
-6.29035 -6.28711
-6.93809 -6.94433
-6.59794 -6.59088
-6.62205 -6.62278
-6.47621 -6.47975
-6.79041 -6.79244
-6.80978 -6.81598
-6.42753 -6.42644
-6.12376 -6.1246
-5.75171 -5.75133
-6.82921 -6.83572
-6.44068 -6.43037
-6.88123 -6.88633
-6.60711 -6.60225
-6.92743 -6.93622
-5.51926 -5.5128
-6.95042 -6.95268
-6.57744 -6.57812
-6.32305 -6.31764
-6.24981 -6.25997
-6.44742 -6.44619
-5.82711 -5.83115
-6.11547 -6.09693
-6.39701 -6.39715
-6.94229 -6.94935
-6.81533 -6.8165
-6.81156 -6.81154
-6.42825 -6.43192
-6.55169 -6.55394
-6.54796 -6.54964
-6.74614 -6.75164
-6.5112 -6.51383
-6.48579 -6.49398
-6.44573 -6.43908
-6.3167 -6.31397
-6.94325 -6.94824
-6.2187 -6.2202
-5.72565 -5.72843
-6.49595 -6.48901
-6.65703 -6.65814
-6.01039 -6.01575
-6.98943 -6.99761
-6.8593 -6.85784
-6.69454 -6.69231
-6.69972 -6.70566
-6.85713 -6.85382
-6.79732 -6.80612
-6.64214 -6.64599
-6.81992 -6.82867
-6.49416 -6.48792
-6.46227 -6.47193
-6.84968 -6.8507
-6.67452 -6.68217
-6.27156 -6.26288
-6.73505 -6.73497
-6.54028 -6.53269
-6.61878 -6.62296
-6.86687 -6.87126
-6.98858 -7.00035
-6.32089 -6.33416
-6.67398 -6.6707
-6.99748 -7.0056
-5.98695 -5.9864
-6.43977 -6.44502
-6.35227 -6.35536
-6.51195 -6.51423
-6.31566 -6.33066
-6.63223 -6.63159
-6.36065 -6.35245
-6.32699 -6.32599
-6.59982 -6.59966
-6.68106 -6.69033
-6.92611 -6.92886
-6.82303 -6.82688
-6.57169 -6.57176
-6.84918 -6.84689
-6.33674 -6.33733
-6.57311 -6.55799
-6.41425 -6.40338
-6.84072 -6.84638
-6.45691 -6.44728
-6.84418 -6.8453
-6.36231 -6.36487
-6.27311 -6.28136
-6.35266 -6.3534
-6.66104 -6.65351
-6.32572 -6.33102
-6.34295 -6.34858
-6.26471 -6.25707
-6.88811 -6.89022
-6.80206 -6.80289
-6.82969 -6.83028
-6.93105 -6.93739
-6.96861 -6.96618
-6.45247 -6.45014
-6.782 -6.78731
-6.43617 -6.4338
-6.27503 -6.27193
-6.44358 -6.43929
-6.58754 -6.58197
-6.45013 -6.45482
-6.53244 -6.52504
-6.69897 -6.69816
-6.9062 -6.91113
-6.48416 -6.48221
-6.91558 -6.91665
-6.95098 -6.95595
-6.94905 -6.95747
-6.41994 -6.40639
-6.71689 -6.71166
-6.42456 -6.42204
-6.52141 -6.51759
-6.47264 -6.47565
-6.40375 -6.41473
-5.98557 -5.98607
-6.95108 -6.95321
-6.45019 -6.44621
-6.4179 -6.41878
-6.83785 -6.84386
-6.81004 -6.80882
-6.61671 -6.6146
-6.47417 -6.47512
-6.34933 -6.35223
-6.61099 -6.62073
-6.98931 -6.98933
-6.46487 -6.47441
-6.48986 -6.47995
-6.8993 -6.90272
-6.93438 -6.9389
-6.46651 -6.4747
-6.56057 -6.56384
-6.88425 -6.88318
-6.72934 -6.72341
-6.50517 -6.51309
-6.90694 -6.91188
-6.73702 -6.73635
-6.94585 -6.95161
-6.34306 -6.33819
-6.49025 -6.48984
-6.50223 -6.49673
-6.33238 -6.33174
-6.88323 -6.8822
-6.59157 -6.59031
-6.80345 -6.81159
-5.90416 -5.90007
-6.86209 -6.85818
-6.56561 -6.55629
-6.99998 -7.01042
-6.47076 -6.46329
-6.33621 -6.33368
-6.46438 -6.45536
-6.30843 -6.30986
-6.96222 -6.96665
-6.33941 -6.34158
-6.3585 -6.36034
-6.98041 -6.9897
-6.86399 -6.86493
-6.45668 -6.45603
-6.18395 -6.19386
-6.7015 -6.69312
-6.24793 -6.25343
-6.65968 -6.64848
-6.72624 -6.72176
-6.81097 -6.81387
-6.83431 -6.84014
-6.89022 -6.89441
-6.60634 -6.60722
-6.97537 -6.98123
-6.8149 -6.81456
-6.46789 -6.46527
-5.90953 -5.90254
-5.84541 -5.84406
-6.4932 -6.48167
-6.72622 -6.72776
-6.49261 -6.48991
-6.07486 -6.07168
-6.34362 -6.34086
-6.67123 -6.67297
-6.23081 -6.22529
-5.78199 -5.776
-5.96832 -5.96149
-6.43882 -6.43431
-6.46724 -6.46995
-6.96389 -6.9646
-6.63658 -6.6368
-6.74384 -6.75367
-6.95333 -6.9599
-6.1963 -6.19579
-6.17365 -6.16466
-6.96477 -6.96583
-6.8929 -6.89616
-6.62573 -6.61596
-6.68602 -6.68564
-6.31611 -6.32152
-6.90533 -6.90884
-6.4943 -6.48907
-6.56607 -6.56568
-6.88328 -6.88438
-6.78207 -6.78195
-6.55574 -6.55606
-6.73253 -6.72774
-6.38405 -6.37293
-6.62546 -6.63053
-6.90262 -6.90847
-6.29597 -6.29457
-6.55105 -6.54807
-6.58789 -6.58945
-6.21017 -6.20912
-6.42463 -6.41696
-6.99152 -6.99157
-6.3785 -6.37304
-6.95192 -6.95537
-6.84887 -6.8511
-6.35074 -6.35631
-6.35814 -6.35799
-6.31895 -6.31217
-6.37566 -6.38439
-6.92266 -6.9185
-6.33563 -6.3286
-6.71237 -6.71281
-6.28665 -6.28362
-6.81124 -6.81924
-6.26901 -6.27059
-6.67039 -6.67408
-6.62945 -6.63003
-6.87709 -6.87756
-6.80753 -6.80641
-6.91028 -6.91601
-6.60158 -6.5985
-6.4629 -6.45729
-6.93065 -6.93464
-5.75629 -5.76032
-6.77388 -6.77924
-6.71305 -6.72183
-6.50844 -6.50535
-6.75955 -6.76172
-6.42985 -6.43293
-6.67567 -6.67252
-6.64912 -6.64601
-6.93934 -6.94558
-5.5766 -5.57486
-6.64388 -6.63805
-6.76676 -6.77701
-6.12234 -6.12236
-6.87942 -6.88348
-6.26071 -6.26081
-6.46835 -6.46126
-6.87333 -6.87235
-6.915 -6.91387
-6.40552 -6.43062
-6.43115 -6.4179
-6.38491 -6.38054
-6.94589 -6.95542
-6.11277 -6.10413
-6.49399 -6.49805
-6.89008 -6.89488
-6.4816 -6.48032
-6.45061 -6.4556
-6.52936 -6.53366
-6.69348 -6.6942
-6.54648 -6.55007
-6.71283 -6.71514
-6.47685 -6.48058
-6.6939 -6.69672
-6.86621 -6.86933
-6.56192 -6.56182
-6.58267 -6.58125
-6.6655 -6.66825
-6.27509 -6.28392
-6.26879 -6.29407
-5.85119 -5.85074
-6.5596 -6.56026
-6.25606 -6.25957
-6.64299 -6.64039
-6.47987 -6.48058
-6.74001 -6.73972
-6.90276 -6.90946
-6.57689 -6.57503
-6.51542 -6.51232
-6.34642 -6.35154
-6.44689 -6.44833
-6.5501 -6.55776
-5.72428 -5.72267
-6.19636 -6.1897
-6.8362 -6.83781
-6.94987 -6.94835
-6.33187 -6.33962
-6.94243 -6.94132
-6.4487 -6.45068
-6.82648 -6.82858
-6.79287 -6.78657
-6.37775 -6.37404
-6.63584 -6.62745
-5.61064 -5.61009
-6.30793 -6.31764
-6.76752 -6.76331
-6.61593 -6.61146
-6.96098 -6.96866
-5.56773 -5.57366
-6.68871 -6.68842
-6.59176 -6.58989
-6.94536 -6.95431
-6.56102 -6.55573
-7.01235 -7.02041
-6.21998 -6.21364
-6.41279 -6.41589
-6.65296 -6.64932
-6.44034 -6.45153
-6.46438 -6.45963
-6.35904 -6.35748
-6.65998 -6.65557
-6.59805 -6.59658
-6.42946 -6.42712
-6.46012 -6.46181
-6.74019 -6.73187
-6.86793 -6.86711
-6.75949 -6.76402
-6.95592 -6.96015
-6.61065 -6.61261
-6.91998 -6.92682
-6.70522 -6.70137
-6.46256 -6.45308
-6.65255 -6.64881
-6.32846 -6.30435
-6.37466 -6.37068
-6.67095 -6.67014
-6.30153 -6.2895
-6.68807 -6.68595
-6.88428 -6.8901
-6.3287 -6.31645
-6.63475 -6.63219
-6.95032 -6.95351
-6.65188 -6.65216
-6.35678 -6.3552
-6.90501 -6.90622
-6.58629 -6.5868
-6.63762 -6.632
-6.39138 -6.38321
-6.56266 -6.55861
-5.85101 -5.84528
-6.54766 -6.54462
-6.24422 -6.24384
-6.35685 -6.37048
-6.82189 -6.82468
-6.31496 -6.30678
-5.78286 -5.77328
-6.67242 -6.66667
-6.84546 -6.84367
-6.32673 -6.30545
-5.28327 -5.2747
-6.80378 -6.80721
-5.9342 -5.93762
-6.42107 -6.4259
-6.41462 -6.41904
-6.46292 -6.45681
-6.71938 -6.73318
-6.6334 -6.64758
-6.24704 -6.25822
-6.20637 -6.2049
-6.91156 -6.91497
-5.72079 -5.71988
-6.5615 -6.5719
-6.76519 -6.76021
-6.97006 -6.97475
-6.99838 -6.99995
-6.30727 -6.30212
-6.73699 -6.73876
-6.9411 -6.93985
-6.99349 -6.9955
-6.57165 -6.56998
-6.67261 -6.67151
-6.51508 -6.52086
-6.90327 -6.90881
-6.70419 -6.70027
-6.51328 -6.50275
-6.66946 -6.66948
-6.92994 -6.93595
-6.68676 -6.68469
-6.60235 -6.59838
-6.87538 -6.87642
-5.68589 -5.68209
-6.56863 -6.56912
-6.92525 -6.92904
-6.57577 -6.57106
-6.89129 -6.88678
-6.97288 -6.97644
-6.88863 -6.89432
-5.70708 -5.70969
-6.2623 -6.24404
-6.77457 -6.77958
-6.92251 -6.92288
-6.79818 -6.80294
-6.77419 -6.7789
-6.68037 -6.67745
-6.39165 -6.39105
-6.84588 -6.85332
-6.44566 -6.44312
-6.62791 -6.62562
-6.21427 -6.20874
-6.7942 -6.7891
-6.44788 -6.44056
-5.80902 -5.81381
-6.35853 -6.36182
-6.98168 -6.98487
-6.32418 -6.32715
-6.43218 -6.43128
-6.63119 -6.63537
-6.65554 -6.65832
-6.97428 -6.97394
-6.54367 -6.53983
-6.83268 -6.83386
-5.92885 -5.93258
-6.38321 -6.38819
-6.17727 -6.17148
-6.5107 -6.51459
-6.90565 -6.91034
-6.73887 -6.73905
-6.54641 -6.54138
-6.95708 -6.95715
-6.20195 -6.19411
-6.74725 -6.75088
-6.46751 -6.46292
-6.16976 -6.16811
-6.42745 -6.42036
-6.27174 -6.26925
-6.57051 -6.56021
-6.29067 -6.28735
-6.39814 -6.40309
-6.41852 -6.40892
-6.28972 -6.28583
-6.36943 -6.36672
-6.77435 -6.7757
-6.67395 -6.67896
-6.60516 -6.60548
-6.3885 -6.38068
-6.30182 -6.29443
-6.44716 -6.43886
-6.82839 -6.83817
-6.67189 -6.66574
-6.66019 -6.66444
-6.68648 -6.67987
-6.84153 -6.84516
-6.47583 -6.47992
-6.69923 -6.70159
-6.6372 -6.63825
-6.89113 -6.90467
-6.47601 -6.46999
-6.8468 -6.85629
-6.64354 -6.64512
-6.55842 -6.56595
-6.96145 -6.96865
-6.69813 -6.70621
-6.11035 -6.11167
-6.12297 -6.12848
-6.32017 -6.33299
-6.98209 -6.98199
-6.49061 -6.49281
-6.80778 -6.8091
-6.53755 -6.53828
-5.97508 -5.96488
-6.52269 -6.51812
-6.69872 -6.69996
-6.31877 -6.31509
-6.78284 -6.7801
-6.20218 -6.2097
-6.42121 -6.41544
-6.22559 -6.22681
-6.81236 -6.81537
-6.45124 -6.45832
-6.57622 -6.58088
-6.85422 -6.8604
-5.83528 -5.83611
-6.44269 -6.45016
-6.42934 -6.42342
-6.86818 -6.86738
-6.1114 -6.1124
-6.70978 -6.70638
-6.60841 -6.60784
-6.78053 -6.78047
-6.69087 -6.69074
-6.43466 -6.43675
-6.61866 -6.61876
-6.34663 -6.34842
-6.78356 -6.78543
-6.69704 -6.70123
-6.80426 -6.80994
-6.46371 -6.45984
-5.84603 -5.84452
-6.68058 -6.68554
-6.43246 -6.42
-6.74093 -6.74392
-5.59885 -5.59357
-6.43746 -6.44974
-6.51692 -6.51158
-6.58438 -6.58832
-6.53265 -6.53731
-5.97624 -5.97136
-6.46607 -6.47136
-6.55162 -6.54034
-6.47689 -6.47462
-6.46947 -6.45873
-6.79167 -6.79215
-6.47897 -6.4786
-6.95209 -6.94885
-6.88703 -6.88763
-6.49734 -6.49858
-6.79929 -6.80483
-6.29616 -6.28974
-6.43146 -6.43293
-6.96025 -6.97347
-6.53419 -6.53975
-6.45151 -6.4453
-6.75197 -6.75232
-6.56803 -6.57404
-6.72493 -6.72695
-6.70414 -6.70341
-6.40236 -6.40066
-6.3788 -6.37625
-6.48233 -6.48297
-5.81861 -5.80939
-6.3116 -6.2934
-5.69806 -5.6912
-6.43325 -6.43623
-6.46483 -6.45805
-6.48532 -6.47104
-5.7686 -5.75618
-6.83845 -6.83611
-6.43856 -6.4319
-6.68587 -6.67304
-6.77699 -6.77353
-6.56239 -6.5668
-6.80753 -6.80263
-6.85908 -6.85517
-6.54133 -6.54653
-6.43041 -6.43922
-6.4407 -6.44316
-6.49491 -6.49823
-6.28989 -6.29325
-6.46374 -6.45866
-6.49583 -6.49143
-6.9422 -6.94954
-6.25928 -6.26295
-6.64447 -6.64487
-6.89626 -6.89872
-6.73532 -6.73795
-6.16271 -6.15934
-6.35514 -6.35649
-6.43636 -6.43165
-6.2853 -6.289
-6.21948 -6.22471
-6.36038 -6.36046
-6.72919 -6.72502
-6.80162 -6.8036
-6.29385 -6.29652
-6.7833 -6.78289
-6.68346 -6.68024
-5.90498 -5.90186
-6.34118 -6.34588
-6.87208 -6.88265
-6.90316 -6.91232
-6.68041 -6.68163
-6.6863 -6.69018
-6.29854 -6.28417
-6.74875 -6.75243
-6.48575 -6.4866
-6.39476 -6.39494
-5.85769 -5.85816
-6.61054 -6.60915
-5.70085 -5.70066
-6.17762 -6.17061
-6.47829 -6.48475
-5.46638 -5.45916
-6.42946 -6.42948
-6.88509 -6.88916
-6.82177 -6.83016
-6.61666 -6.62832
-6.56161 -6.55661
-6.63695 -6.63159
-6.9567 -6.9646
-5.95136 -5.9441
-6.45228 -6.45581
-6.47315 -6.4724
-6.62722 -6.62693
-6.15533 -6.15253
-6.5942 -6.59422
-6.93896 -6.93969
-6.4002 -6.3976
-6.31894 -6.32369
-6.47124 -6.46544
-6.5769 -6.57806
-6.85779 -6.85864
-6.94503 -6.94615
-6.77913 -6.7728
-6.62118 -6.62043
-6.29865 -6.29385
-6.84663 -6.84898
-6.61759 -6.6111
-6.00278 -5.99972
-6.6204 -6.62255
-6.8196 -6.82508
-6.92221 -6.92357
-6.45135 -6.45303
-6.60987 -6.61304
-6.56536 -6.56278
-6.881 -6.88466
-6.7315 -6.73049
-5.96596 -5.9634
-6.53881 -6.5392
-6.89571 -6.89664
-6.76981 -6.77689
-6.92615 -6.93265
-6.31885 -6.31347
-6.83206 -6.84235
-6.43226 -6.42932
-7.00852 -7.01098
-6.29386 -6.29795
-5.68814 -5.68094
-6.63742 -6.63582
-6.59832 -6.603
-6.19195 -6.19983
-6.69576 -6.69688
-6.52384 -6.53292
-6.35983 -6.35911
-6.61203 -6.61312
-6.92901 -6.93586
-6.58862 -6.59085
-6.62478 -6.62641
-6.86835 -6.86935
-6.19974 -6.20105
-6.42188 -6.42153
-7.02247 -7.02974
-6.96084 -6.97212
-6.67392 -6.67795
-6.55841 -6.5523
-6.66502 -6.66213
-6.86928 -6.86671
-6.82792 -6.83251
-6.55222 -6.5464
-6.44716 -6.43886
-6.58523 -6.58035
-6.25363 -6.24637
-6.46914 -6.46736
-6.58913 -6.58842
-6.29186 -6.28816
-6.4291 -6.43022
-6.84063 -6.84196
-5.8966 -5.89698
-6.76639 -6.76411
-6.20727 -6.20661
-6.22052 -6.23311
-6.45067 -6.44804
-6.43715 -6.42742
-6.63018 -6.63241
-6.52283 -6.52405
-6.33813 -6.34376
-6.6849 -6.6823
-6.31052 -6.31224
-5.71713 -5.71534
-6.87996 -6.88215
-6.46667 -6.46829
-6.68806 -6.69298
-6.75401 -6.7581
-6.18409 -6.18006
-6.12292 -6.12556
-6.2777 -6.27432
-6.62668 -6.62782
-6.95005 -6.95632
-6.72721 -6.72489
-6.98995 -6.99299
-6.39122 -6.38915
-6.70276 -6.7015
-6.42546 -6.42234
-5.62103 -5.61798
-6.81531 -6.81194
-6.58734 -6.58655
-5.56299 -5.56746
-6.3944 -6.39159
-6.4364 -6.43767
-6.96136 -6.96555
-6.66471 -6.66436
-6.39201 -6.40531
-6.46078 -6.45485
-6.79175 -6.79617
-6.34064 -6.34096
-6.50208 -6.49967
-6.18896 -6.20421
-6.31052 -6.31098
-6.45971 -6.45184
-6.59472 -6.58957
-6.47272 -6.46797
-6.82961 -6.82982
-6.86812 -6.87357
-6.34415 -6.34045
-6.48617 -6.48331
-6.43845 -6.42513
-6.44703 -6.45071
-6.78327 -6.7877
-6.66659 -6.66178
-6.30327 -6.29778
-6.95648 -6.9593
-6.7201 -6.71444
-6.26028 -6.25664
-6.29094 -6.28465
-6.59897 -6.59433
-6.60371 -6.60301
-6.91721 -6.92065
-6.70169 -6.69907
-6.35663 -6.3544
-6.4011 -6.40801
-6.87944 -6.88353
-6.66962 -6.66567
-6.36957 -6.37484
-6.48459 -6.48179
-6.49201 -6.49233
-6.27156 -6.26288
-6.55878 -6.56642
-6.64984 -6.65257
-5.46092 -5.45947
-6.92163 -6.92044
-6.41397 -6.41491
-6.71264 -6.71453
-6.30911 -6.30805
-5.90883 -5.89911
-6.31934 -6.31959
-6.61889 -6.62309
-6.63151 -6.62574
-6.91955 -6.91874
-6.795 -6.79566
-6.86624 -6.86572
-6.29911 -6.29778
-6.5984 -6.59835
-6.31293 -6.31801
-5.84119 -5.84223
-6.60985 -6.61007
-6.70184 -6.70202
-6.35265 -6.35348
-6.46052 -6.46255
-6.3367 -6.33584
-6.92453 -6.93096
-6.62907 -6.62891
-6.18798 -6.18372
-6.3429 -6.34401
-6.29418 -6.28815
-6.83172 -6.83566
-6.4167 -6.41379
-6.41819 -6.41488
-6.50325 -6.50709
-6.30338 -6.30523
-6.92073 -6.91988
-6.61305 -6.60402
-6.84547 -6.85075
-5.65981 -5.65382
-6.83865 -6.84555
-6.23725 -6.24407
-5.65787 -5.65278
-6.8536 -6.85139
-6.06324 -6.06786
-6.33528 -6.34308
-6.22417 -6.22699
-6.36287 -6.35885
-6.24036 -6.2394
-6.50189 -6.5079
-6.58605 -6.58282
-6.4856 -6.47769
-5.77727 -5.76884
-6.61425 -6.61204
-6.96487 -6.96981
-6.88615 -6.88676
-6.84218 -6.84228
-6.89708 -6.89992
-6.49083 -6.48292
-6.92073 -6.92216
-6.49805 -6.50503
-5.93 -5.92608
-5.61269 -5.60595
-6.49659 -6.4831
-6.39682 -6.40364
-6.78934 -6.79152
-6.49076 -6.49294
-6.37935 -6.38214
-6.59289 -6.59079
-6.47643 -6.46231
-6.88072 -6.88479
-6.41039 -6.39843
-6.88646 -6.89502
-6.30822 -6.30664
-6.42607 -6.42712
-6.83237 -6.83455
-6.56763 -6.57296
-6.4393 -6.42954
-6.24412 -6.23524
-6.34795 -6.35517
-6.61203 -6.61392
-6.84888 -6.84517
-6.58358 -6.58429
-5.75622 -5.75563
-6.45691 -6.44728
-6.37834 -6.38157
-6.80333 -6.8011
-6.44358 -6.43929
-6.66393 -6.66074
-6.87874 -6.87868
-6.41981 -6.41578
-6.85384 -6.86048
-6.94631 -6.94854
-6.8559 -6.8531
-6.93191 -6.93629
-5.54054 -5.53581
-6.19502 -6.19379
-6.35681 -6.36405
-5.8416 -5.84193
-6.65343 -6.64956
-5.91731 -5.90624
-6.94549 -6.94824
-6.36585 -6.3616
-6.46763 -6.46307
-6.66217 -6.66106
-6.90557 -6.90521
-6.37937 -6.37467
-6.8227 -6.82409
-6.32437 -6.31442
-6.92805 -6.93094
-6.82416 -6.83073
-6.75928 -6.75873
-6.69733 -6.69595
-6.79047 -6.78543
-6.61251 -6.60431
-6.5175 -6.51605
-6.54111 -6.55435
-6.46156 -6.45022
-6.97808 -6.98235
-6.37278 -6.37117
-6.31795 -6.30791
-6.37584 -6.35835
-5.70882 -5.70706
-6.51388 -6.51456
-6.90395 -6.90547
-6.75157 -6.75243
-6.51164 -6.51008
-6.75212 -6.7528
-6.26217 -6.26061
-6.69243 -6.68959
-6.39172 -6.38561
-6.86545 -6.87489
-6.516 -6.51301
-6.75125 -6.75415
-6.63319 -6.62912
-6.8603 -6.85953
-6.47345 -6.47461
-5.84835 -5.84147
-6.57013 -6.56904
-6.35357 -6.3549
-6.37614 -6.37046
-6.54665 -6.53482
-6.33435 -6.32467
-6.79553 -6.80083
-6.75333 -6.75986
-6.42557 -6.42018
-6.40916 -6.40858
-6.39649 -6.39887
-6.85593 -6.8595
-6.97324 -6.97888
-6.41014 -6.4083
-6.6048 -6.60217
-6.64387 -6.64176
-6.55071 -6.54243
-6.71166 -6.71681
-6.16051 -6.15034
-6.65533 -6.65453
-6.67637 -6.67081
-6.8337 -6.83755
-6.55609 -6.54975
-6.23251 -6.23038
-6.60415 -6.60291
-6.39802 -6.38139
-6.60802 -6.60703
-6.71225 -6.7153
-6.38883 -6.38513
-6.64347 -6.64084
-6.01765 -6.01353
-6.38845 -6.39708
-5.83919 -5.82788
-6.81936 -6.81912
-6.50228 -6.51138
-6.65591 -6.65676
-6.68491 -6.6904
-6.532 -6.52704
-6.77628 -6.77803
-6.72628 -6.72774
-6.81704 -6.81329
-6.26727 -6.26734
-6.91134 -6.91756
-5.69333 -5.6836
-6.56516 -6.56713
-5.41821 -5.41412
-6.87255 -6.87979
-6.48775 -6.4864
-6.08829 -6.08792
-6.27203 -6.27121
-6.73159 -6.72795
-6.89937 -6.90157
-6.52442 -6.52772
-6.80715 -6.81093
-6.50651 -6.50648
-5.52875 -5.52692
-6.86228 -6.86699
-6.13608 -6.12776
-6.32562 -6.32201
-6.9581 -6.96896
-6.70323 -6.70209
-6.77865 -6.78103
-6.25556 -6.26299
-6.40057 -6.39467
-6.46505 -6.46476
-6.29115 -6.28686
-6.40823 -6.3978
-5.94122 -5.94937
-6.40689 -6.41214
-6.83806 -6.8372
-6.21584 -6.21491
-6.68401 -6.68551
-6.40101 -6.39537
-6.85933 -6.85102
-6.94961 -6.95133
-6.42692 -6.4307
-6.56543 -6.56961
-6.61013 -6.6086
-6.95911 -6.96744
-5.92805 -5.92243
-6.6783 -6.69293
-6.69242 -6.69026
-6.64154 -6.64363
-6.75232 -6.75927
-6.39639 -6.38531
-6.93936 -6.94017
-5.75099 -5.73572
-6.16976 -6.16811
-6.12613 -6.13881
-6.51166 -6.50751
-6.68962 -6.69254
-6.64531 -6.64244
-6.65914 -6.65835
-6.56392 -6.56042
-6.2911 -6.28912
-6.70029 -6.70129
-6.85253 -6.85888
-6.94478 -6.94475
-5.87521 -5.88053
-6.82652 -6.82841
-6.23338 -6.23803
-6.52007 -6.51975
-6.55851 -6.55911
-6.48499 -6.47217
-6.68622 -6.68375
-6.45753 -6.45501
-6.89901 -6.90036
-6.94321 -6.94261
-6.12245 -6.12522
-6.6607 -6.65604
-5.70539 -5.70752
-6.32371 -6.32923
-6.90882 -6.91582
-6.80182 -6.80282
-6.42293 -6.42521
-6.4587 -6.45788
-6.42453 -6.42449
-6.34842 -6.34925
-6.65777 -6.65785
-6.69596 -6.69685
-6.8376 -6.83595
-6.7782 -6.78027
-6.51787 -6.5184
-6.0072 -6.01489
-6.48737 -6.48911
-6.71476 -6.71503
-6.40591 -6.40726
-6.41123 -6.40438
-6.09291 -6.09132
-6.19328 -6.21198
-6.87927 -6.87613
-6.31483 -6.32368
-6.54231 -6.55038
-6.66747 -6.6685
-6.08602 -6.08405
-6.46115 -6.4684
-6.83016 -6.83687
-6.2805 -6.28473
-6.44087 -6.43802
-5.569 -5.57524
-6.91328 -6.91544
-6.63024 -6.63209
-6.95569 -6.96
-6.18563 -6.16974
-6.56195 -6.57022
-6.32048 -6.32161
-6.45237 -6.45424
-6.40319 -6.39459
-6.54625 -6.54276
-6.40711 -6.40964
-6.62608 -6.62206
-6.34457 -6.33737
-6.22906 -6.23156
-6.31653 -6.31502
-6.45441 -6.46005
-6.38502 -6.38997
-6.85691 -6.85932
-6.55704 -6.56099
-6.1556 -6.1482
-6.4104 -6.40333
-6.81913 -6.81944
-6.64106 -6.64386
-6.90555 -6.91468
-6.70994 -6.69597
-6.71153 -6.71883
-6.37327 -6.37327
-6.35471 -6.35433
-6.40484 -6.40725
-6.64154 -6.64122
-6.91981 -6.91889
-6.27937 -6.28622
-6.46035 -6.45617
-6.86426 -6.85833
-6.65989 -6.65146
-6.90218 -6.90729
-6.46186 -6.45891
-6.63608 -6.63195
-6.95555 -6.95719
-6.43017 -6.42385
-6.30249 -6.2984
-6.96502 -6.96996
-6.64999 -6.65708
-6.81937 -6.81883
-6.41306 -6.41689
-6.5769 -6.58227
-6.70517 -6.7073
-6.89876 -6.90329
-6.29959 -6.29868
-6.25187 -6.25233
-6.2772 -6.27562
-6.84486 -6.84738
-6.67194 -6.66809
-6.86044 -6.85995
-6.40776 -6.39922
-6.20285 -6.20254
-6.68606 -6.67691
-6.53944 -6.53373
-5.83933 -5.8341
-6.49684 -6.50865
-5.63176 -5.63318
-6.24677 -6.23937
-6.33559 -6.33069
-6.66226 -6.66385
-5.86167 -5.8572
-6.41493 -6.41485
-6.61989 -6.60721
-6.8831 -6.88799
-6.69698 -6.69729
-6.49024 -6.48984
-6.32268 -6.32131
-5.64233 -5.63748
-6.44713 -6.44267
-6.76066 -6.76339
-6.84655 -6.84781
-6.46607 -6.47136
-6.62619 -6.62918
-6.42863 -6.43087
-6.25346 -6.25907
-6.65907 -6.64841
-6.95607 -6.96352
-6.40841 -6.41212
-6.41281 -6.41545
-6.6441 -6.63737
-6.66267 -6.66299
-6.61966 -6.62342
-6.97542 -6.98235
-6.70954 -6.70954
-5.88151 -5.88013
-6.15859 -6.16033
-6.557 -6.56166
-6.90451 -6.90305
-6.271 -6.27331
-6.4035 -6.39335
-6.28018 -6.27412
-6.30102 -6.31077
-6.44451 -6.44516
-6.55868 -6.56147
-6.40629 -6.39854
-6.82915 -6.82824
-6.32913 -6.31363
-6.335 -6.3234
-6.31725 -6.30456
-6.74689 -6.74301
-6.58014 -6.57393
-6.63414 -6.63336
-6.48558 -6.48962
-6.65631 -6.65524
-6.30516 -6.29981
-6.3559 -6.36066
-6.86829 -6.86948
-6.58261 -6.56361
-6.23849 -6.2338
-6.49551 -6.50034
-5.7465 -5.74275
-6.51858 -6.51871
-6.85621 -6.85699
-6.41671 -6.4118
-6.42142 -6.41802
-6.64828 -6.64377
-6.84307 -6.84301
-6.92889 -6.93721
-5.89698 -5.90048
-6.90154 -6.90376
-6.82089 -6.82221
-6.65569 -6.65959
-6.27691 -6.27606
-6.25522 -6.26273
-6.61788 -6.61379
-6.26156 -6.25528
-6.62724 -6.6182
-6.29503 -6.28362
-6.82484 -6.82624
-6.67511 -6.68109
-6.46903 -6.45692
-6.54936 -6.54496
-6.62217 -6.61946
-6.99151 -6.99818
-6.43353 -6.43583
-6.88394 -6.88539
-6.59712 -6.59645
-6.16689 -6.16405
-6.69897 -6.6972
-6.97611 -6.97807
-6.68381 -6.68856
-6.84838 -6.84712
-6.41092 -6.40002
-6.18968 -6.18843
-6.89557 -6.89903
-6.63833 -6.64068
-6.38539 -6.38067
-6.54928 -6.54504
-6.95233 -6.95499
-6.274 -6.28125
-6.45224 -6.45407
-6.95449 -6.95694
-6.66782 -6.66744
-6.35944 -6.36592
-6.53835 -6.5341
-6.40521 -6.39963
-6.90357 -6.90513
-6.58311 -6.57748
-6.6747 -6.67471
-6.51668 -6.51985
-6.6391 -6.63698
-6.51129 -6.51186
-6.30705 -6.30095
-6.77159 -6.76737
-6.59182 -6.59342
-6.52189 -6.52024
-5.88614 -5.8791
-6.82458 -6.82949
-6.60805 -6.60941
-6.46151 -6.45853
-6.24081 -6.25354
-6.4594 -6.45769
-6.951 -6.95272
-6.2914 -6.29378
-6.94848 -6.9469
-6.63865 -6.64325
-6.75619 -6.75781
-6.91706 -6.91175
-6.42303 -6.42416
-6.9544 -6.96645
-6.76421 -6.75917
-6.91906 -6.92073
-6.70505 -6.70008
-6.52148 -6.51806
-6.37995 -6.37795
-5.87956 -5.88395
-6.55578 -6.55908
-6.50673 -6.514
-6.83905 -6.84657
-6.14945 -6.14997
-6.26366 -6.26185
-6.87361 -6.87449
-6.94359 -6.95302
-6.43058 -6.4299
-6.93021 -6.93208
-6.40856 -6.40374
-6.96941 -6.97084
-6.49478 -6.49554
-6.55149 -6.54266
-6.29588 -6.2912
-6.54906 -6.55787
-6.4568 -6.45696
-6.56813 -6.56294
-6.58942 -6.58457
-6.99096 -6.98892
-6.79112 -6.78289
-6.83945 -6.83384
-6.70447 -6.71257
-6.88621 -6.8899
-6.64265 -6.64313
-6.88941 -6.88938
-6.57458 -6.57707
-6.52118 -6.52863
-6.27561 -6.27715
-6.55493 -6.55341
-5.33569 -5.34007
-6.66673 -6.6718
-6.98622 -6.98756
-6.91244 -6.91315
-6.47862 -6.48083
-6.40752 -6.40522
-6.30942 -6.30916
-6.52566 -6.52394
-6.84629 -6.85338
-6.51269 -6.51371
-6.63705 -6.63902
-6.51419 -6.51483
-6.96558 -6.97367
-6.61168 -6.60393
-6.54253 -6.54534
-6.61084 -6.61023
-6.89598 -6.90115
-6.68438 -6.68716
-6.65388 -6.65616
-6.37199 -6.36813
-6.58898 -6.58945
-6.96855 -6.97312
-6.7075 -6.71075
-6.5468 -6.5499
-6.92556 -6.92787
-6.43264 -6.42619
-6.92817 -6.93336
-6.88365 -6.89315
-6.39143 -6.40127
-6.8684 -6.8743
-6.80701 -6.80507
-6.60924 -6.61812
-6.46036 -6.46369
-6.7496 -6.75134
-6.47209 -6.46978
-6.82292 -6.82248
-6.97553 -6.97758
-6.90854 -6.91027
-6.30141 -6.2942
-6.58252 -6.58128
-6.87331 -6.87393
-6.26662 -6.27987
-6.5304 -6.53818
-6.72505 -6.72489
-6.99339 -6.99478
-6.95478 -6.96561
-6.97628 -6.98101
-6.81323 -6.81518
-6.58341 -6.57913
-5.90404 -5.90828
-6.31285 -6.32006
-6.50977 -6.51156
-5.4208 -5.40751
-6.45315 -6.45605
-6.1549 -6.171
-6.94239 -6.94535
-6.64881 -6.64488
-5.98541 -5.97679
-6.7291 -6.73208
-6.53062 -6.53038
-6.98054 -6.98549
-6.73626 -6.73947
-6.29367 -6.29134
-6.81931 -6.82304
-6.9435 -6.95562
-6.53469 -6.53888
-6.3978 -6.40326
-6.86697 -6.87599
-6.87834 -6.88007
-6.48079 -6.47495
-6.52471 -6.53043
-6.97891 -6.98508
-6.65181 -6.65398
-6.36401 -6.36875
-6.42866 -6.42713
-6.36491 -6.36138
-6.52748 -6.53452
-6.70845 -6.70779
-6.4721 -6.46839
-6.86446 -6.868
-6.18002 -6.1841
-6.99047 -6.99144
-6.74814 -6.75337
-6.57644 -6.57899
-6.30387 -6.31355
-6.75785 -6.76245
-6.16359 -6.15754
-6.30935 -6.30618
-6.47127 -6.47992
-6.52725 -6.52523
-6.59916 -6.59797
-6.55079 -6.55252
-6.5498 -6.55299
-6.97763 -6.97522
-6.70076 -6.70687
-6.25465 -6.26479
-6.28943 -6.28796
-6.41298 -6.41155
-6.4821 -6.48506
-6.14948 -6.15541
-6.51262 -6.50853
-6.35705 -6.34445
-6.31536 -6.3104
-6.37996 -6.37753
-6.82363 -6.82509
-6.86694 -6.86864
-6.8824 -6.88718
-6.60899 -6.60769
-6.31216 -6.32558
-6.97925 -6.98888
-6.26555 -6.26597
-6.22336 -6.21912
-6.92772 -6.93318
-6.35466 -6.36172
-6.65367 -6.65065
-6.75366 -6.75365
-5.96425 -5.96293
-6.43556 -6.4252
-6.52704 -6.52525
-6.35707 -6.35395
-5.69071 -5.68701
-6.60334 -6.60415
-6.6441 -6.64671
-6.82028 -6.82414
-5.92705 -5.93156
-6.61517 -6.61694
-5.87312 -5.86814
-6.40379 -6.40689
-6.23243 -6.23318
-6.35962 -6.35472
-6.37909 -6.37619
-6.46357 -6.45972
-6.52384 -6.52183
-6.89097 -6.89435
-6.41341 -6.41623
-6.36908 -6.3607
-6.83954 -6.84537
-6.71181 -6.7182
-6.67964 -6.68082
-6.43323 -6.42352
-6.43935 -6.43936
-6.41077 -6.41886
-6.78652 -6.78698
-5.44594 -5.45068
-6.3167 -6.3183
-6.92923 -6.93328
-6.57613 -6.57934
-6.52883 -6.48972
-6.87457 -6.88173
-6.43275 -6.42928
-6.67957 -6.67484
-6.83173 -6.83487
-6.76315 -6.76197
-6.13398 -6.12711
-6.40195 -6.40061
-6.66388 -6.66098
-6.36326 -6.36046
-6.54234 -6.53957
-6.45039 -6.43909
-6.33219 -6.32751
-6.50063 -6.49488
-6.39861 -6.40156
-6.45902 -6.45565
-6.40057 -6.39696
-6.29993 -6.31075
-6.39684 -6.3949
-6.51707 -6.51617
-6.69629 -6.68681
-6.25311 -6.25133
-7.00172 -7.00698
-6.33508 -6.34318
-6.69902 -6.69644
-6.41298 -6.41155
-6.90113 -6.90005
-5.92929 -5.92492
-6.30807 -6.30506
-6.58355 -6.5797
-6.39192 -6.38645
-6.41478 -6.41872
-6.76265 -6.7638
-6.37073 -6.36547
-6.6054 -6.60955
-6.35067 -6.3491
-6.76932 -6.77232
-6.6054 -6.60537
-6.58336 -6.59189
-6.32524 -6.3258
-6.92095 -6.92625
-6.82157 -6.82485
-6.85811 -6.85529
-6.67015 -6.67569
-6.62052 -6.60786
-5.77867 -5.77186
-6.79097 -6.79846
-6.46877 -6.46328
-6.84411 -6.84781
-6.63551 -6.63182
-6.36586 -6.3671
-6.32999 -6.32734
-6.42321 -6.41441
-6.7541 -6.75115
-6.95853 -6.96373
-6.9451 -6.94741
-6.0944 -6.09759
-6.81917 -6.81993
-6.38423 -6.39242
-6.64024 -6.63405
-6.68189 -6.68417
-6.29486 -6.30481
-6.36841 -6.36988
-6.95885 -6.9659
-6.34101 -6.33662
-6.46695 -6.46596
-6.27446 -6.28139
-6.58924 -6.58141
-6.90594 -6.90284
-5.79218 -5.79318
-6.5585 -6.55815
-6.84959 -6.8519
-6.34778 -6.35358
-6.33005 -6.32616
-6.54106 -6.54467
-6.97591 -6.98319
-6.22975 -6.23405
-6.60872 -6.6157
-6.95537 -6.96199
-6.27396 -6.27737
-6.22157 -6.22756
-6.81893 -6.81674
-6.46351 -6.46673
-6.4969 -6.49442
-6.98692 -6.99209
-6.54895 -6.53687
-6.80392 -6.80919
-6.55891 -6.5571
-6.74636 -6.74402
-6.92618 -6.9304
-5.5689 -5.56569
-6.37316 -6.37842
-6.92028 -6.92544
-5.64418 -5.64139
-6.38574 -6.38659
-6.73401 -6.73439
-5.7173 -5.71599
-5.80458 -5.80214
-6.43913 -6.42972
-6.51926 -6.51973
-6.2542 -6.24996
-6.41617 -6.41443
-5.57112 -5.56633
-6.68885 -6.68306
-6.38652 -6.38291
-6.47717 -6.47826
-6.55867 -6.54885
-6.48293 -6.47583
-6.64794 -6.64122
-6.43825 -6.43724
-6.85839 -6.86124
-6.60152 -6.60041
-6.47188 -6.47238
-6.93513 -6.9398
-6.23108 -6.22567
-6.328 -6.32149
-6.93167 -6.93098
-6.19588 -6.19436
-6.27569 -6.28329
-6.70009 -6.7031
-6.94762 -6.94947
-6.41927 -6.41958
-6.68927 -6.68481
-6.65117 -6.6561
-6.84247 -6.84794
-6.43695 -6.43736
-6.96665 -6.97097
-6.98919 -6.99271
-6.45171 -6.45137
-6.29781 -6.29819
-6.63591 -6.63847
-6.4964 -6.48948
-6.55002 -6.54633
-6.61754 -6.62197
-6.60498 -6.60715
-6.9133 -6.91597
-6.51862 -6.51567
-6.36889 -6.35537
-6.367 -6.36825
-6.79993 -6.80493
-6.47839 -6.47283
-6.35982 -6.351
-6.95251 -6.96264
-5.75251 -5.74811
-6.78401 -6.78126
-6.86195 -6.86038
-6.79955 -6.80078
-6.64092 -6.64372
-6.40617 -6.40828
-6.6456 -6.63983
-6.11831 -6.11914
-6.19032 -6.19216
-6.92532 -6.93415
-6.72831 -6.72513
-6.47182 -6.47016
-6.64935 -6.64194
-6.99378 -7.00091
-6.61006 -6.60757
-6.92937 -6.94455
-6.3607 -6.36636
-6.94614 -6.94941
-6.59131 -6.59525
-6.51814 -6.52234
-6.10056 -6.08909
-6.36655 -6.36765
-6.81971 -6.8196
-6.92561 -6.92854
-6.37212 -6.36209
-6.61362 -6.61455
-6.68559 -6.68745
-6.26983 -6.27628
-6.94795 -6.95351
-6.87526 -6.88272
-5.89218 -5.88089
-6.53099 -6.5217
-6.37938 -6.37491
-6.69197 -6.69565
-6.53524 -6.52879
-6.45181 -6.45005
-6.71405 -6.71376
-6.25141 -6.23998
-6.36897 -6.37367
-6.42847 -6.42636
-6.7713 -6.77218
-6.87843 -6.88963
-6.31897 -6.32329
-6.85006 -6.85286
-6.21197 -6.21801
-6.76959 -6.77196
-6.43801 -6.44207
-6.44814 -6.43553
-6.45619 -6.45984
-6.86926 -6.87636
-6.58663 -6.58419
-5.78396 -5.77897
-6.44536 -6.45123
-6.69491 -6.70069
-6.6427 -6.64661
-5.74316 -5.73841
-6.41215 -6.41924
-6.27716 -6.27008
-6.96074 -6.96318
-6.86664 -6.87012
-6.76144 -6.76565
-6.34533 -6.34649
-6.76708 -6.7649
-6.29675 -6.30335
-6.63841 -6.63684
-6.69855 -6.69038
-6.14812 -6.15519
-5.97063 -5.96661
-6.39305 -6.38791
-6.68845 -6.67767
-6.44722 -6.43447
-6.66389 -6.6585
-6.33454 -6.3244
-6.92565 -6.93185
-6.33845 -6.33889
-6.55002 -6.5492
-6.52171 -6.51077
-6.31126 -6.31656
-6.69558 -6.69874
-6.7119 -6.70717
-6.62194 -6.61882
-6.95052 -6.95831
-6.57607 -6.58572
-6.60296 -6.59846
-6.25997 -6.25183
-6.32856 -6.33363
-6.42841 -6.41247
-6.54699 -6.54745
-6.39543 -6.38823
-6.83435 -6.83723
-6.63905 -6.6389
-6.94413 -6.94924
-6.38433 -6.386
-6.31471 -6.33581
-6.90703 -6.90556
-6.57699 -6.58121
-6.5131 -6.5278
-6.88004 -6.88362
-6.73556 -6.7337
-6.46114 -6.45768
-6.90784 -6.91648
-6.64238 -6.64468
-6.32727 -6.32174
-6.45457 -6.4449
-6.41735 -6.42308
-6.31586 -6.31432
-6.59813 -6.59513
-5.88094 -5.87348
-6.24869 -6.24862
-6.86506 -6.86428
-6.9399 -6.9466
-6.47036 -6.47348
-6.81366 -6.81796
-6.42735 -6.42111
-6.53574 -6.54699
-5.58069 -5.5714
-6.50924 -6.51081
-6.93124 -6.93567
-6.79246 -6.79144
-6.68003 -6.6828
-6.53564 -6.52641
-6.27973 -6.2799
-6.74145 -6.74022
-6.32316 -6.34419
-6.41883 -6.41757
-6.70181 -6.69538
-6.72377 -6.7206
-6.42509 -6.42177
-6.47419 -6.47733
-6.60868 -6.60717
-6.66437 -6.65966
-6.58041 -6.57522
-5.94199 -5.95251
-6.74698 -6.75089
-6.18574 -6.19346
-6.67215 -6.6706
-6.41898 -6.41731
-6.24741 -6.25355
-6.87362 -6.87601
-6.33102 -6.33473
-6.60245 -6.60677
-6.78495 -6.78908
-6.25907 -6.2753
-6.74204 -6.74834
-6.60948 -6.60916
-6.38892 -6.39622
-6.45749 -6.44795
-6.92861 -6.93182
-6.68116 -6.68872
-6.83619 -6.83036
-6.44711 -6.44604
-6.43048 -6.43236
-6.96968 -6.97404
-6.5003 -6.49985
-6.35822 -6.36491
-6.19222 -6.18685
-6.34924 -6.34417
-6.49792 -6.49496
-6.68362 -6.6788
-6.78063 -6.78079
-6.37938 -6.37491
-6.64414 -6.64589
-6.6734 -6.67026
-6.43039 -6.42065
-6.57262 -6.57333
-6.81822 -6.81651
-6.58237 -6.58076
-6.90748 -6.91077
-6.35405 -6.35519
-6.67289 -6.66888
-6.64291 -6.6365
-6.34863 -6.34773
-6.95248 -6.96112
-6.73613 -6.7412
-6.47758 -6.47554
-5.66125 -5.65502
-6.87174 -6.87828
-6.60437 -6.60914
-6.77386 -6.77827
-6.45107 -6.45238
-6.50968 -6.50691
-6.81505 -6.82365
-6.39316 -6.37691
-6.44538 -6.43292
-6.88788 -6.88771
-6.46506 -6.46108
-6.3864 -6.38069
-6.73504 -6.73938
-6.96767 -6.97328
-6.5918 -6.59699
-6.66539 -6.66265
-6.66935 -6.67102
-6.68346 -6.68188
-6.96541 -6.96364
-6.89452 -6.89168
-6.42934 -6.44339
-6.49446 -6.50511
-6.52594 -6.52631
-6.97176 -6.97619
-6.40778 -6.40686
-6.40812 -6.3981
-6.52384 -6.52183
-6.43342 -6.4313
-6.32505 -6.32537
-6.99987 -7.00489
-6.63161 -6.62961
-6.58672 -6.59252
-6.50111 -6.49341
-6.74436 -6.74504
-6.73371 -6.73798
-6.62139 -6.6223
-6.35592 -6.35623
-6.76655 -6.77429
-6.45447 -6.44884
-6.9747 -6.98131
-6.46542 -6.47137
-6.88905 -6.88494
-6.35324 -6.34063
-6.51128 -6.50855
-6.81257 -6.82066
-6.62315 -6.62463
-6.58092 -6.59464
-6.57708 -6.57256
-6.75538 -6.75707
-6.67735 -6.68064
-6.62927 -6.62437
-6.88577 -6.88569
-6.68573 -6.6819
-6.24754 -6.2538
-6.46609 -6.4687
-6.65188 -6.65782
-6.86497 -6.87193
-6.81551 -6.81864
-6.39156 -6.39795
-6.63764 -6.63953
-6.90305 -6.91387
-6.3791 -6.37815
-6.48618 -6.47997
-5.50091 -5.49632
-6.60394 -6.60098
-6.33782 -6.33011
-6.34549 -6.34742
-6.09175 -6.0891
-6.57876 -6.57168
-6.40245 -6.40449
-6.71025 -6.70247
-6.57226 -6.57799
-5.86749 -5.85935
-6.6766 -6.68375
-6.89622 -6.89563
-6.36218 -6.35745
-6.74424 -6.74582
-6.58438 -6.5753
-6.65926 -6.6694
-6.74883 -6.74577
-6.4587 -6.46234
-6.59159 -6.59435
-6.844 -6.85347
-6.6795 -6.68157
-6.61459 -6.61155
-6.84364 -6.84611
-6.92889 -6.9351
-6.92443 -6.93632
-6.20885 -6.2109
-6.1166 -6.12269
-6.02646 -6.02543
-6.37057 -6.37295
-6.97625 -6.97766
-6.86965 -6.87207
-6.87277 -6.87215
-6.90136 -6.90908
-6.4564 -6.4572
-6.60723 -6.61196
-6.98642 -6.99456
-6.61219 -6.61455
-6.74856 -6.75585
-6.23258 -6.24042
-6.94306 -6.95006
-6.83318 -6.83604
-6.64819 -6.64545
-5.45127 -5.44977
-6.93724 -6.93292
-6.86505 -6.865
-6.48044 -6.47679
-6.31971 -6.32063
-6.36426 -6.35849
-6.39915 -6.38931
-6.89771 -6.89792
-6.33288 -6.34478
-6.85979 -6.86332
-6.97325 -6.98064
-6.71817 -6.72714
-6.27424 -6.28851
-6.70831 -6.71519
-6.19331 -6.19828
-6.00212 -6.00759
-6.75904 -6.75867
-6.57678 -6.5773
-6.90982 -6.91581
-6.41306 -6.41689
-6.43386 -6.43965
-6.65324 -6.65714
-6.15568 -6.13902
-6.69279 -6.69548
-6.66089 -6.65731
-6.49023 -6.48656
-5.43246 -5.43309
-6.62421 -6.61778
-6.82246 -6.82526
-6.70364 -6.70912
-6.9217 -6.92603
-6.56319 -6.56679
-6.58041 -6.5758
-6.54384 -6.53917
-6.68987 -6.68572
-5.60733 -5.6052
-6.84954 -6.84636
-6.70277 -6.70626
-6.33192 -6.32036
-6.41475 -6.42286
-6.6303 -6.62387
-6.33847 -6.33635
-6.3596 -6.35557
-6.37026 -6.37719
-6.75445 -6.75412
-6.46754 -6.46283
-6.40167 -6.39781
-6.6676 -6.6661
-6.41889 -6.4118
-6.40038 -6.39983
-6.29597 -6.29457
-6.13048 -6.12804
-6.34276 -6.34521
-6.25463 -6.25563
-6.35336 -6.35895
-6.62051 -6.62336
-6.52561 -6.53364
-6.4738 -6.47016
-6.69508 -6.69528
-6.47154 -6.46359
-6.49714 -6.50493
-6.90634 -6.91575
-6.31014 -6.3131
-6.55812 -6.55832
-6.83009 -6.82906
-6.32061 -6.32098
-6.43198 -6.42452
-6.80182 -6.80042
-6.96946 -6.97233
-6.77257 -6.77226
-6.56385 -6.56597
-6.20535 -6.19906
-6.50523 -6.49638
-6.399 -6.40401
-6.58053 -6.57311
-6.42269 -6.4246
-6.6767 -6.67658
-6.32007 -6.31791
-6.86948 -6.87425
-6.8985 -6.90761
-6.28399 -6.27377
-6.39074 -6.37613
-6.26082 -6.26306
-6.95153 -6.95635
-6.48105 -6.48354
-6.51328 -6.50504
-6.66837 -6.66734
-6.11522 -6.11051
-6.66647 -6.66182
-6.32977 -6.33735
-6.51413 -6.51509
-6.84816 -6.85574
-6.58676 -6.58755
-6.80025 -6.80727
-6.9143 -6.91245
-6.50994 -6.50509
-6.37416 -6.38129
-6.46506 -6.46108
-6.74101 -6.7377
-6.94589 -6.95088
-6.70123 -6.69708
-6.83119 -6.84234
-6.6625 -6.66056
-6.17641 -6.1835
-6.36903 -6.3732
-6.34499 -6.34787
-6.56947 -6.57058
-6.2628 -6.25732
-6.38383 -6.391
-6.88637 -6.88544
-6.45712 -6.44726
-6.1997 -6.21163
-6.48545 -6.49107
-6.65394 -6.65339
-6.78491 -6.78425
-5.7108 -5.72014
-6.81519 -6.81214
-6.72803 -6.72586
-6.56105 -6.56519
-6.89338 -6.89665
-6.45475 -6.45717
-6.28493 -6.28009
-6.62122 -6.61631
-6.41148 -6.41465
-6.44934 -6.4522
-6.59116 -6.58818
-6.46662 -6.45416
-6.33342 -6.3324
-6.26325 -6.2626
-6.18718 -6.18431
-5.97586 -5.96958
-6.81336 -6.81017
-6.34943 -6.35268
-6.68462 -6.69058
-6.24013 -6.24147
-6.88058 -6.88089
-6.81264 -6.81581
-5.42739 -5.42049
-6.60799 -6.60798
-6.83037 -6.83284
-6.90432 -6.90621
-6.52573 -6.53026
-6.48728 -6.48707
-6.71609 -6.71053
-5.60444 -5.61034
-6.85578 -6.85785
-6.42337 -6.42373
-6.68335 -6.67741
-6.79939 -6.80706
-6.53141 -6.54099
-6.6331 -6.63239
-6.42632 -6.42033
-6.22975 -6.23491
-6.47987 -6.48058
-6.31929 -6.31071
-6.57246 -6.56685
-5.43533 -5.42823
-6.88421 -6.89056
-6.17739 -6.18755
-6.89764 -6.90131
-6.20263 -6.2137
-6.71593 -6.71856
-5.76013 -5.75888
-6.23973 -6.25368
-6.84891 -6.85629
-6.30739 -6.30156
-5.70654 -5.69971
-6.86986 -6.87574
-6.59971 -6.59868
-6.51191 -6.51078
-6.82962 -6.82641
-6.86905 -6.87195
-6.66402 -6.66278
-6.6026 -6.60345
-6.17575 -6.163
-6.7436 -6.75021
-6.40899 -6.40834
-6.33696 -6.32505
-6.99289 -6.99853
-6.5074 -6.50314
-6.41898 -6.41719
-6.83527 -6.83449
-6.72477 -6.72352
-6.46697 -6.45757
-6.74111 -6.74284
-6.71416 -6.72016
-6.93358 -6.93451
-6.92454 -6.92751
-6.95798 -6.95578
-6.62758 -6.63057
-6.80726 -6.80594
-5.62999 -5.62977
-6.25815 -6.24162
-6.80332 -6.79718
-6.98941 -6.99091
-6.48916 -6.47652
-6.41645 -6.41374
-6.25647 -6.26375
-6.53451 -6.53252
-6.62226 -6.62556
-6.40207 -6.40337
-6.90193 -6.91254
-6.88237 -6.88784
-6.68079 -6.67963
-6.59946 -6.59481
-6.87508 -6.8805
-6.92353 -6.92127
-6.51675 -6.50446
-6.8236 -6.8297
-6.9034 -6.90774
-6.98651 -6.99379
-6.32534 -6.32119
-6.83758 -6.84223
-6.84695 -6.84908
-6.33771 -6.34382
-6.20614 -6.20787
-6.22544 -6.22095
-6.5712 -6.57438
-6.47458 -6.47364
-6.45857 -6.45226
-6.2535 -6.25855
-6.88976 -6.89369
-6.20841 -6.213
-6.8022 -6.80553
-6.33267 -6.32608
-6.84548 -6.84811
-6.36317 -6.36223
-6.65946 -6.65776
-6.38217 -6.39125
-6.66597 -6.66843
-6.90144 -6.90184
-6.61111 -6.60572
-6.41127 -6.41081
-6.44252 -6.43918
-6.95355 -6.96209
-6.61529 -6.61705
-6.33647 -6.33962
-6.25704 -6.25548
-6.9214 -6.92019
-6.41611 -6.41668
-6.83115 -6.83485
-6.38662 -6.38348
-6.46926 -6.46113
-6.45905 -6.45457
-6.73548 -6.73659
-6.93542 -6.93659
-6.64361 -6.64038
-6.63151 -6.62997
-6.99466 -6.99936
-6.44219 -6.43639
-6.34691 -6.34532
-6.79129 -6.79639
-6.60355 -6.59581
-6.57682 -6.57671
-6.89651 -6.89821
-6.48222 -6.48337
-6.75682 -6.74689
-6.03232 -6.04089
-6.60452 -6.60174
-6.87449 -6.87536
-6.89921 -6.90255
-6.79801 -6.80337
-6.72116 -6.7302
-6.45933 -6.45794
-5.75205 -5.75653
-6.8824 -6.88345
-6.39588 -6.37875
-6.70746 -6.71142
-6.58933 -6.59374
-6.97648 -6.97709
-6.35928 -6.3648
-6.33033 -6.33222
-6.86937 -6.87079
-6.39782 -6.40301
-6.37964 -6.36921
-5.64568 -5.64408
-6.41163 -6.40774
-6.22451 -6.23123
-6.83965 -6.83473
-6.99346 -6.99703
-6.73841 -6.74238
-6.5684 -6.56567
-6.63838 -6.63283
-6.29713 -6.30184
-6.64622 -6.65377
-6.71519 -6.71521
-6.96256 -6.97073
-6.35538 -6.36346
-6.12452 -6.12264
-6.6373 -6.63696
-6.5842 -6.58651
-6.53648 -6.53855
-6.39082 -6.39515
-6.41375 -6.40498
-6.61595 -6.61596
-6.52934 -6.51989
-6.7339 -6.73272
-6.6826 -6.67963
-6.4487 -6.45068
-6.56551 -6.56373
-6.69404 -6.69059
-6.55489 -6.55813
-6.75133 -6.75271
-6.26318 -6.26224
-6.35368 -6.35177
-6.29692 -6.29132
-6.78951 -6.7894
-6.28758 -6.27871
-6.46072 -6.45742
-6.51263 -6.50983
-6.68394 -6.69217
-6.08878 -6.09212
-6.61646 -6.61121
-6.93198 -6.93406
-6.38994 -6.38574
-6.62503 -6.62785
-6.82378 -6.83336
-6.0459 -6.04485
-6.84616 -6.84718
-6.1854 -6.19218
-6.68598 -6.68532
-6.64395 -6.64931
-6.414 -6.41109
-6.15465 -6.15419
-6.61289 -6.61056
-6.87174 -6.88086
-6.76691 -6.76846
-6.71688 -6.71867
-6.3651 -6.3687
-6.47478 -6.47142
-6.95306 -6.95165
-6.3446 -6.34456
-6.62852 -6.62431
-6.94841 -6.95793
-6.18696 -6.18596
-6.37642 -6.36104
-6.69054 -6.6972
-5.55448 -5.54742
-6.6331 -6.63845
-6.50223 -6.49673
-6.29348 -6.30371
-6.71234 -6.70769
-6.86846 -6.86808
-6.67249 -6.6732
-6.262 -6.2616
-6.78397 -6.78466
-6.15285 -6.15799
-6.89106 -6.89747
-6.96694 -6.9669
-6.93777 -6.94622
-6.77921 -6.78652
-6.53701 -6.54574
-6.88517 -6.88819
-5.84337 -5.83941
-6.41026 -6.40995
-6.46205 -6.45097
-6.82301 -6.83286
-6.34173 -6.33891
-6.6214 -6.62071
-6.81492 -6.81647
-6.43217 -6.43211
-6.77539 -6.77385
-6.84948 -6.85079
-6.39234 -6.38265
-6.38297 -6.38658
-6.62408 -6.62948
-6.23607 -6.25062
-6.88677 -6.8939
-6.3212 -6.32517
-6.66482 -6.66595
-6.85263 -6.85992
-6.11871 -6.12157
-6.38716 -6.37648
-6.45216 -6.45483
-6.94921 -6.95025
-6.77751 -6.77956
-6.60952 -6.60936
-6.54699 -6.54602
-6.58639 -6.59111
-6.47122 -6.46148
-6.56468 -6.56978
-6.5491 -6.55735
-6.42838 -6.42417
-6.48506 -6.48438
-6.65712 -6.65504
-6.92196 -6.9247
-6.1501 -6.14201
-6.38782 -6.38827
-6.39507 -6.39237
-6.84743 -6.84571
-5.74202 -5.74377
-6.6036 -6.60232
-6.73035 -6.73933
-6.44804 -6.45057
-6.88793 -6.88865
-6.93674 -6.94041
-6.91499 -6.91413
-6.29255 -6.28803
-6.62663 -6.62598
-6.91977 -6.92617
-6.4276 -6.4296
-6.65898 -6.64872
-6.62484 -6.62116
-5.66024 -5.65529
-6.37458 -6.37414
-6.91515 -6.91759
-6.29091 -6.32012
-6.39681 -6.39743
-6.39872 -6.40376
-6.95276 -6.95971
-6.71095 -6.71106
-6.43303 -6.42837
-6.36915 -6.37568
-6.82675 -6.8321
-6.71043 -6.71904
-6.93617 -6.93498
-6.41643 -6.42045
-6.62342 -6.61925
-6.29809 -6.30083
-6.97878 -6.9768
-6.98128 -6.98228
-6.95461 -6.96548
-6.56018 -6.55474
-6.69336 -6.69168
-6.2972 -6.30359
-6.52832 -6.53413
-6.34802 -6.34879
-6.58255 -6.58474
-6.91402 -6.91717
-6.66893 -6.66222
-6.46186 -6.45891
-6.35226 -6.35892
-6.67898 -6.67996
-6.46778 -6.46171
-6.33394 -6.33579
-6.41752 -6.41105
-6.47878 -6.4696
-6.69703 -6.69658
-5.82896 -5.81941
-6.45663 -6.45407
-6.97322 -6.97465
-6.67776 -6.67624
-6.94123 -6.9425
-6.62545 -6.62461
-6.90947 -6.9167
-6.27774 -6.27723
-6.19222 -6.17146
-6.27638 -6.27269
-6.80158 -6.80945
-6.94974 -6.95022
-6.50074 -6.48729
-6.64871 -6.64337
-6.70124 -6.6992
-6.44841 -6.44182
-6.57224 -6.57393
-6.69116 -6.6948
-6.75959 -6.75581
-6.11179 -6.11753
-6.95647 -6.95668
-6.77578 -6.77803
-6.85327 -6.85133
-6.57908 -6.57142
-6.65026 -6.65257
-6.21628 -6.20814
-6.66967 -6.67583
-6.63698 -6.63386
-6.62277 -6.62159
-6.90065 -6.90068
-6.79342 -6.79702
-6.29011 -6.29072
-6.47718 -6.4791
-6.87976 -6.88635
-6.57656 -6.57745
-6.66152 -6.66531
-6.8604 -6.86718
-6.49599 -6.48832
-6.56304 -6.56182
-5.87764 -5.88095
-6.9478 -6.95489
-6.37204 -6.36898
-6.66979 -6.66358
-6.73772 -6.7406
-6.43844 -6.43909
-6.8865 -6.89515
-6.45916 -6.45877
-5.79741 -5.78459
-6.97061 -6.97707
-6.85992 -6.8626
-6.81698 -6.813
-6.61443 -6.61655
-6.67222 -6.66817
-6.66874 -6.66986
-6.55496 -6.55253
-6.53218 -6.53637
-6.28633 -6.28267
-6.38068 -6.37753
-6.94846 -6.94661
-6.594 -6.60291
-6.7645 -6.76982
-6.99852 -6.99954
-6.64993 -6.65993
-6.96928 -6.97079
-6.34822 -6.33702
-6.39988 -6.40037
-6.85327 -6.85545
-6.31004 -6.31
-6.48523 -6.47762
-6.26647 -6.26472
-6.61679 -6.61616
-6.53864 -6.53076
-6.71318 -6.71685
-6.94108 -6.94417
-6.50594 -6.5098
-6.53755 -6.53828
-6.5516 -6.54571
-6.70768 -6.71065
-6.63694 -6.63573
-6.40975 -6.40422
-6.87255 -6.87609
-6.65862 -6.66757
-6.66662 -6.66441
-6.90503 -6.90683
-6.3981 -6.38355
-6.2888 -6.28569
-6.72938 -6.72762
-6.85151 -6.85412
-6.62432 -6.62402
-6.41517 -6.41561
-6.65687 -6.66581
-6.38707 -6.37783
-6.46752 -6.46695
-6.19228 -6.18825
-6.73739 -6.73728
-6.68019 -6.67752
-6.512 -6.5108
-6.81366 -6.81367
-6.45177 -6.45365
-6.32245 -6.32725
-6.7786 -6.78652
-6.32522 -6.31232
-6.85545 -6.85599
-6.87571 -6.87516
-6.90495 -6.91068
-6.19743 -6.19303
-6.27865 -6.29008
-6.68356 -6.67926
-6.57006 -6.56081
-6.59081 -6.59408
-6.3273 -6.32901
-6.54163 -6.54157
-6.51471 -6.52133
-6.25386 -6.25771
-6.96672 -6.97173
-6.42016 -6.40686
-6.75311 -6.75714
-6.64843 -6.6457
-6.42886 -6.42494
-6.87204 -6.87478
-6.40053 -6.39221
-6.44386 -6.44961
-6.82424 -6.82378
-6.66819 -6.66325
-6.96486 -6.97143
-6.85539 -6.85453
-6.36979 -6.36054
-6.97583 -6.98003
-6.54473 -6.54414
-6.60719 -6.60802
-6.89996 -6.90501
-6.80356 -6.8045
-6.39856 -6.39978
-6.17939 -6.17032
-6.36585 -6.3616
-6.66568 -6.66478
-6.82769 -6.83136
-6.40507 -6.4107
-6.81468 -6.82336
-6.51286 -6.51547
-6.60894 -6.61073
-6.81459 -6.82217
-6.76761 -6.77296
-6.89452 -6.89866
-6.69914 -6.71042
-6.76142 -6.76808
-6.84442 -6.8386
-6.41405 -6.41494
-6.88925 -6.89264
-6.19346 -6.19265
-6.40684 -6.3984
-6.7683 -6.76495
-6.47956 -6.47441
-6.50593 -6.49839
-6.8773 -6.87949
-6.37663 -6.39214
-6.42141 -6.4089
-6.96817 -6.97735
-6.4917 -6.49559
-6.82113 -6.82409
-6.67284 -6.66909
-6.15894 -6.16576
-6.42797 -6.42071
-6.27712 -6.28354
-5.7543 -5.75637
-6.33488 -6.33177
-6.67227 -6.67266
-6.9084 -6.90287
-6.3921 -6.3854
-5.73798 -5.72813
-6.39635 -6.39592
-6.6592 -6.66151
-6.31603 -6.31459
-5.78022 -5.77813
-6.46343 -6.45996
-6.49 -6.48603
-6.57502 -6.57533
-6.45607 -6.46143
-6.64347 -6.63978
-6.84576 -6.85071
-6.31824 -6.30466
-6.63163 -6.63097
-6.46581 -6.4626
-5.71197 -5.71349
-6.67374 -6.6749
-6.46075 -6.45581
-6.64452 -6.64093
-6.89253 -6.89508
-6.96922 -6.97598
-6.27957 -6.28115
-6.77279 -6.76477
-6.61597 -6.62451
-6.79158 -6.78863
-6.63892 -6.63681
-6.79792 -6.7981
-5.94377 -5.93943
-6.8511 -6.85423
-6.26392 -6.25907
-5.99316 -5.98982
-6.38556 -6.38768
-6.40878 -6.40248
-6.52417 -6.52186
-6.67152 -6.67003
-6.60428 -6.60213
-6.75354 -6.75102
-6.3721 -6.3745
-6.44171 -6.4365
-6.87712 -6.88088
-6.69299 -6.69198
-6.84839 -6.85289
-6.71834 -6.72492
-6.4877 -6.48448
-6.92694 -6.93203
-6.94179 -6.93412
-6.67729 -6.67837
-6.92384 -6.92584
-6.80436 -6.80571
-6.49288 -6.48887
-6.90041 -6.90312
-6.95323 -6.95657
-6.3146 -6.31773
-6.91624 -6.92084
-6.4309 -6.43346
-6.3113 -6.31699
-6.93361 -6.93559
-6.49645 -6.50462
-6.89042 -6.89501
-6.27113 -6.28668
-6.90492 -6.90418
-6.57844 -6.57888
-6.58734 -6.58158
-5.90825 -5.91012
-5.79083 -5.79582
-6.52401 -6.51491
-6.35262 -6.34327
-6.9661 -6.96464
-6.33755 -6.33721
-6.85962 -6.862
-6.99254 -6.99159
-6.68078 -6.67965
-6.84632 -6.84675
-6.35138 -6.35745
-6.18231 -6.17143
-6.38367 -6.37569
-6.8439 -6.84997
-6.46178 -6.46277
-6.55138 -6.54906
-6.47605 -6.4672
-6.69074 -6.69027
-6.99493 -7.00205
-6.37364 -6.37391
-6.32011 -6.33423
-6.39336 -6.39595
-6.27497 -6.2766
-6.46269 -6.46081
-6.39201 -6.39254
-6.33235 -6.33438
-6.39378 -6.38894
-6.89859 -6.90065
-6.68795 -6.69108
-6.4297 -6.42006
-6.8309 -6.83831
-6.80068 -6.80531
-6.35912 -6.35796
-6.42108 -6.4107
-5.68357 -5.67632
-6.42026 -6.4208
-6.55988 -6.55819
-6.30458 -6.30329
-6.9475 -6.95127
-6.64704 -6.65122
-6.59226 -6.59626
-6.97756 -6.98548
-6.87245 -6.86762
-6.41555 -6.41285
-6.99325 -6.99969
-6.76684 -6.76082
-6.83854 -6.83695
-6.86613 -6.87127
-6.57788 -6.58256
-6.20843 -6.20107
-6.65851 -6.65609
-6.79181 -6.79171
-6.95594 -6.95429
-6.88346 -6.89035
-6.35377 -6.34775
-6.84129 -6.84179
-6.40675 -6.41938
-6.90195 -6.90916
-6.36787 -6.36387
-6.86234 -6.86763
-6.78268 -6.7833
-6.2012 -6.20236
-6.84807 -6.84811
-6.89665 -6.89776
-6.9455 -6.95281
-6.26303 -6.26587
-5.52504 -5.51132
-6.37401 -6.37649
-6.92833 -6.9302
-6.91865 -6.92298
-6.41311 -6.41951
-6.33005 -6.32616
-6.55022 -6.55144
-6.53919 -6.53288
-6.8764 -6.87913
-6.4587 -6.45788
-6.32062 -6.32878
-6.6589 -6.65611
-6.6099 -6.61522
-5.9594 -5.95796
-6.56254 -6.56018
-6.49751 -6.49574
-6.88235 -6.88528
-6.40292 -6.39524
-6.95123 -6.95441
-6.85085 -6.8518
-6.93688 -6.94448
-6.13593 -6.14063
-6.6529 -6.65712
-6.88208 -6.88266
-6.79867 -6.80075
-6.86382 -6.86576
-6.60637 -6.60102
-5.91693 -5.9152
-6.39009 -6.38567
-6.40034 -6.38936
-6.87121 -6.8699
-6.60002 -6.59689
-6.48493 -6.47634
-6.92023 -6.92347
-6.7583 -6.75974
-6.40507 -6.4107
-5.52228 -5.51704
-6.86531 -6.86569
-6.82422 -6.82834
-6.55579 -6.56001
-6.96193 -6.97057
-6.71059 -6.71089
-6.54834 -6.5462
-5.70577 -5.70797
-6.52936 -6.52438
-6.42514 -6.42851
-6.7921 -6.79839
-5.62384 -5.61732
-6.43689 -6.43312
-6.76673 -6.77402
-6.40245 -6.39897
-6.33597 -6.33731
-6.71512 -6.72187
-5.66042 -5.65871
-6.83125 -6.83509
-6.91251 -6.92116
-5.6155 -5.62111
-6.42004 -6.40749
-6.86778 -6.87114
-6.55119 -6.55636
-6.39546 -6.3882
-6.39457 -6.39826
-6.4697 -6.47909
-6.66545 -6.66531
-6.66646 -6.66219
-6.50682 -6.50027
-6.61647 -6.62236
-6.33682 -6.33071
-6.92621 -6.92715
-6.32972 -6.32485
-6.3737 -6.37032
-6.43443 -6.43528
-6.18003 -6.18074
-6.91533 -6.92653
-6.6889 -6.68358
-6.27427 -6.26905
-6.25452 -6.25731
-6.78565 -6.79088
-6.22687 -6.21932
-6.23136 -6.24852
-6.51193 -6.51714
-6.67761 -6.67934
-6.87712 -6.87981
-6.83492 -6.82912
-6.9766 -6.98609
-6.55672 -6.55353
-6.63652 -6.62528
-6.94731 -6.95623
-5.94452 -5.94538
-6.26152 -6.26138
-6.93818 -6.93629
-6.99797 -7.00044
-6.9184 -6.92371
-6.50102 -6.5068
-6.96538 -6.96993
-6.40738 -6.41177
-6.31448 -6.31742
-6.39443 -6.40351
-6.30418 -6.31234
-6.71187 -6.7148
-6.24041 -6.23076
-6.95631 -6.95939
-6.59434 -6.58871
-6.09965 -6.09473
-6.60585 -6.60632
-6.84161 -6.84518
-6.95207 -6.95218
-6.94778 -6.95459
-6.51026 -6.51554
-6.73472 -6.73703
-6.82147 -6.826
-6.37536 -6.37189
-6.69334 -6.68716
-6.66888 -6.66753
-6.84628 -6.84325
-6.2947 -6.30257
-6.43816 -6.4352
-6.65027 -6.64983
-6.18131 -6.18492
-6.62776 -6.62636
-6.49265 -6.49904
-6.62448 -6.62274
-6.97382 -6.97522
-6.94081 -6.93943
-6.79104 -6.79147
-6.87764 -6.87911
-6.97205 -6.97559
-6.22966 -6.22749
-6.91448 -6.91638
-6.93567 -6.93838
-5.44895 -5.43723
-6.55591 -6.55838
-6.40799 -6.41202
-6.38722 -6.38293
-6.59824 -6.6012
-6.38968 -6.38222
-6.75808 -6.76253
-6.27605 -6.27544
-6.59986 -6.59935
-5.90801 -5.90884
-6.28361 -6.28909
-6.45745 -6.45611
-6.3874 -6.38861
-6.37863 -6.36677
-6.88611 -6.89003
-6.29146 -6.29773
-6.90148 -6.90181
-6.3421 -6.34537
-6.02736 -6.01176
-6.42358 -6.41478
-6.94998 -6.95048
-6.8832 -6.88498
-6.8663 -6.86236
-6.26402 -6.24887
-6.19001 -6.18414
-6.28375 -6.27618
-6.44466 -6.44027
-6.6665 -6.67287
-6.43513 -6.42474
-6.33517 -6.33756
-6.41701 -6.42333
-6.53271 -6.52854
-6.58846 -6.59366
-6.402 -6.40166
-6.39928 -6.40055
-6.92695 -6.92299
-6.27862 -6.26713
-6.52596 -6.52605
-6.45198 -6.45064
-6.31965 -6.31395
-6.45654 -6.4597
-6.56864 -6.5705
-6.88554 -6.89352
-6.81194 -6.81935
-6.89101 -6.88619
-6.80394 -6.80384
-5.77154 -5.7751
-6.23945 -6.24004
-6.91303 -6.91625
-6.67808 -6.67004
-6.94789 -6.94806
-6.47026 -6.46199
-6.51719 -6.52238
-6.46723 -6.46399
-6.86258 -6.86729
-5.71916 -5.71986
-6.69749 -6.70008
-6.46631 -6.46165
-6.89089 -6.89378
-6.70269 -6.70099
-6.53013 -6.52948
-6.41559 -6.41418
-6.81142 -6.81871
-6.77886 -6.7864
-6.40812 -6.3981
-6.33751 -6.33273
-6.59926 -6.59388
-6.34135 -6.33933
-6.53127 -6.52681
-6.66147 -6.6639
-6.85892 -6.85713
-6.66761 -6.67147
-6.38608 -6.38696
-6.81464 -6.81499
-6.51885 -6.51192
-6.40826 -6.41806
-6.57648 -6.56762
-6.45418 -6.46056
-6.52525 -6.53076
-6.9595 -6.96393
-6.92832 -6.93411
-6.4291 -6.43022
-6.6674 -6.66423
-5.68289 -5.68427
-5.76513 -5.762
-6.94866 -6.95198
-6.46253 -6.45927
-6.35315 -6.34702
-5.74807 -5.7489
-6.30273 -6.31487
-6.56923 -6.57268
-6.5854 -6.58418
-6.31477 -6.32035
-5.73516 -5.74403
-6.63303 -6.63246
-6.49009 -6.48836
-6.21604 -6.21742
-6.8611 -6.86151
-6.80845 -6.80878
-6.37466 -6.37628
-6.36992 -6.36246
-6.44673 -6.44361
-5.7302 -5.7333
-6.29809 -6.30324
-6.49549 -6.49255
-6.56935 -6.57599
-6.87874 -6.88329
-6.68531 -6.68658
-6.45181 -6.45005
-6.98447 -6.99049
-6.52035 -6.50989
-6.74996 -6.75339
-6.18764 -6.18344
-6.80398 -6.80272
-6.46031 -6.46683
-6.93014 -6.93592
-6.3361 -6.33691
-6.46294 -6.4519
-6.56412 -6.55943
-6.54371 -6.53648
-6.53155 -6.52816
-6.4562 -6.45195
-6.35722 -6.35544
-6.20871 -6.20136
-6.87429 -6.87932
-6.51255 -6.51637
-6.58004 -6.5804
-6.41222 -6.40924
-6.65096 -6.65615
-6.64573 -6.65444
-6.90759 -6.91349
-6.39735 -6.38842
-6.4224 -6.42299
-6.9437 -6.94467
-5.8819 -5.88934
-6.58026 -6.57603
-6.26406 -6.26259
-6.56904 -6.57026
-6.33059 -6.32682
-6.69481 -6.70024
-6.28478 -6.28335
-6.58481 -6.58918
-6.67713 -6.6884
-6.48722 -6.48933
-6.20586 -6.19937
-6.40109 -6.39498
-6.14539 -6.13615
-6.64477 -6.64351
-6.68677 -6.68334
-6.54089 -6.54118
-6.62912 -6.63066
-6.91081 -6.91695
-7.00863 -7.01466
-6.53819 -6.53544
-6.83951 -6.84024
-6.41742 -6.40897
-6.22979 -6.22948
-6.3849 -6.38379
-6.8792 -6.87797
-6.46372 -6.4646
-6.79209 -6.79804
-6.3413 -6.33701
-6.48403 -6.48445
-6.54059 -6.54062
-6.20882 -6.20606
-6.29934 -6.30621
-6.82475 -6.82951
-6.4932 -6.48167
-5.68034 -5.67848
-6.39106 -6.38619
-6.48869 -6.49364
-6.67338 -6.66853
-6.92367 -6.93023
-6.71811 -6.71974
-6.8169 -6.82051
-6.98093 -6.9859
-6.52454 -6.53397
-6.45236 -6.44719
-6.40619 -6.40533
-6.93399 -6.93912
-6.21164 -6.20597
-6.38139 -6.37772
-6.71066 -6.71119
-6.27327 -6.27153
-6.67639 -6.67078
-6.86681 -6.86515
-6.96144 -6.96239
-6.50205 -6.50418
-6.82625 -6.82618
-6.88467 -6.88483
-6.39445 -6.39497
-6.46181 -6.46658
-6.96771 -6.97215
-6.71549 -6.71308
-6.30613 -6.27407
-6.41269 -6.40081
-6.29078 -6.28397
-6.74942 -6.75133
-6.62373 -6.62131
-6.51745 -6.50694
-6.31021 -6.29993
-6.77129 -6.77351
-6.91743 -6.92612
-6.40856 -6.40374
-6.87648 -6.87736
-6.62263 -6.61643
-6.27878 -6.28685
-6.80621 -6.81394
-6.61045 -6.59357
-6.71999 -6.71503
-6.50701 -6.50497
-6.86651 -6.8647
-6.59544 -6.60157
-6.66972 -6.66133
-6.3102 -6.30521
-6.92502 -6.92419
-6.54242 -6.54307
-6.70681 -6.70867
-6.04873 -6.04123
-6.74684 -6.75448
-6.40038 -6.39741
-6.53071 -6.52561
-6.84504 -6.84893
-6.59556 -6.59833
-6.81245 -6.80782
-6.88905 -6.89098
-6.61133 -6.61886
-6.42608 -6.43214
-6.60425 -6.59535
-6.33575 -6.33169
-6.47028 -6.47016
-6.42741 -6.43092
-6.49397 -6.49414
-6.4113 -6.41
-6.77425 -6.7738
-6.56819 -6.56921
-6.57833 -6.58255
-6.19777 -6.20431
-6.85143 -6.85125
-7.00289 -7.00899
-6.49985 -6.49894
-6.51564 -6.50674
-5.85076 -5.85964
-6.81667 -6.81594
-6.50711 -6.50461
-6.35928 -6.36645
-6.50701 -6.50899
-6.72074 -6.71933
-6.85476 -6.8519
-6.40319 -6.39459
-6.37605 -6.36744
-6.34585 -6.34206
-6.48873 -6.48843
-6.21455 -6.21467
-6.40209 -6.40097
-6.20916 -6.21304
-6.65766 -6.65819
-6.35666 -6.35039
-6.53819 -6.53454
-6.15032 -6.14607
-6.53496 -6.52809
-6.29688 -6.28412
-6.81436 -6.81447
-6.60986 -6.61301
-6.98862 -6.98901
-6.78655 -6.79125
-5.80669 -5.80835
-6.94137 -6.94732
-6.45184 -6.44969
-6.48512 -6.48542
-5.93815 -5.93796
-6.86168 -6.86661
-6.98678 -6.98676
-6.44494 -6.44242
-6.74936 -6.75058
-5.93126 -5.93841
-6.01891 -6.03552
-6.37087 -6.36954
-6.9139 -6.91564
-6.69363 -6.68988
-6.57458 -6.57244
-5.50738 -5.50249
-6.46367 -6.46221
-6.59908 -6.59902
-6.63141 -6.62443
-6.21454 -6.21677
-6.94012 -6.93943
-6.58824 -6.58434
-6.5804 -6.57408
-6.70384 -6.7086
-6.31149 -6.30624
-6.37223 -6.36553
-6.10056 -6.08909
-6.50327 -6.49959
-6.58374 -6.58486
-6.32049 -6.31611
-7.01408 -7.01665
-5.71036 -5.70476
-6.8026 -6.80945
-6.54935 -6.54876
-6.6312 -6.63127
-6.62105 -6.62184
-6.81006 -6.80691
-6.68852 -6.69881
-6.49429 -6.49081
-6.68161 -6.67963
-6.68824 -6.68678
-6.91736 -6.91591
-5.57211 -5.56777
-6.74286 -6.7457
-6.65962 -6.65722
-6.95104 -6.95433
-6.81224 -6.81167
-6.64989 -6.64958
-6.89776 -6.90375
-6.9628 -6.96261
-6.45338 -6.45663
-6.70412 -6.70535
-6.54172 -6.5439
-6.47481 -6.46951
-6.38196 -6.37835
-6.56956 -6.57136
-6.2127 -6.21004
-6.58978 -6.59146
-6.46171 -6.44811
-6.28965 -6.28685
-6.92908 -6.93058
-6.61034 -6.61865
-6.40323 -6.39902
-6.249 -6.25229
-6.28656 -6.29143
-6.6329 -6.62582
-6.32615 -6.32363
-6.97931 -6.98018
-6.85687 -6.86899
-6.50183 -6.50421
-6.64754 -6.64098
-6.69125 -6.6937
-6.41281 -6.41545
-6.36615 -6.3652
-6.86256 -6.87199
-6.84557 -6.84395
-6.93706 -6.94219
-6.53762 -6.54009
-6.67513 -6.67296
-6.26137 -6.26413
-6.68147 -6.68752
-6.10622 -6.0789
-6.7914 -6.79475
-6.59213 -6.59102
-6.48836 -6.48033
-6.96389 -6.96709
-6.96418 -6.9719
-6.30865 -6.30785
-6.39944 -6.40043
-6.85179 -6.85622
-6.26029 -6.25912
-6.86635 -6.86711
-6.59464 -6.5932
-6.25869 -6.26141
-6.63977 -6.63988
-6.35915 -6.36086
-6.37533 -6.38852
-6.33584 -6.34468
-6.62212 -6.62219
-6.19362 -6.18657
-6.63394 -6.63811
-6.42523 -6.42759
-6.48394 -6.48582
-6.34042 -6.34139
-6.65022 -6.64769
-6.92436 -6.91975
-6.46164 -6.45491
-6.92782 -6.93351
-6.59514 -6.58713
-6.56843 -6.56819
-6.68989 -6.68018
-6.82776 -6.83514
-6.27117 -6.26089
-6.23249 -6.22768
-6.49434 -6.4964
-6.8617 -6.86671
-6.51577 -6.51325
-6.57818 -6.57126
-6.69788 -6.69403
-6.58375 -6.58993
-6.26469 -6.26519
-6.17417 -6.17631
-6.32914 -6.31651
-6.40827 -6.40151
-6.78892 -6.78937
-6.33064 -6.31129
-5.91744 -5.91295
-6.27801 -6.28613
-5.76172 -5.75881
-6.35484 -6.35242
-6.3743 -6.36493
-6.84907 -6.85309
-7.00226 -7.00806
-6.3075 -6.30707
-6.91989 -6.92079
-5.8413 -5.83638
-6.70172 -6.69813
-6.75141 -6.75276
-6.12746 -6.13831
-6.55513 -6.54788
-6.91546 -6.92618
-6.52059 -6.52475
-5.75393 -5.75238
-6.41073 -6.40431
-6.81417 -6.81723
-6.94254 -6.94895
-6.93541 -6.9366
-6.87851 -6.8774
-6.86573 -6.86731
-6.38245 -6.37838
-6.90077 -6.9072
-6.56901 -6.56452
-6.33714 -6.33632
-6.27626 -6.27478
-6.77279 -6.77656
-5.89238 -5.88834
-6.83702 -6.84517
-6.83009 -6.83039
-6.90085 -6.90732
-6.59235 -6.59258
-6.28028 -6.27706
-6.68795 -6.67941
-6.26644 -6.2761
-6.57864 -6.58199
-6.43573 -6.44318
-6.9367 -6.93658
-6.40229 -6.40419
-5.68813 -5.68679
-6.30677 -6.31516
-6.5284 -6.52698
-6.58615 -6.59011
-6.84533 -6.84715
-6.79419 -6.79652
-6.91602 -6.91978
-6.43388 -6.43646
-6.88761 -6.88947
-6.5615 -6.5667
-5.87949 -5.88195
-6.46273 -6.46915
-6.61505 -6.61704
-6.91824 -6.92086
-6.44762 -6.44632
-6.34756 -6.34882
-6.64573 -6.65067
-6.96809 -6.97315
-6.3883 -6.38149
-6.40908 -6.42293
-6.4927 -6.48789
-6.31938 -6.31689
-6.78419 -6.79037
-6.43029 -6.41962
-6.63401 -6.62887
-6.51356 -6.51547
-6.61969 -6.62044
-5.54741 -5.54557
-5.76172 -5.75171
-6.30072 -6.2904
-6.62761 -6.62921
-6.93962 -6.9428
-6.56886 -6.56875
-6.67757 -6.68405
-6.32884 -6.34206
-6.35431 -6.34961
-6.55613 -6.55739
-6.89145 -6.89689
-6.42644 -6.42853
-6.61722 -6.61143
-6.94848 -6.947
-6.83561 -6.83347
-6.39447 -6.39509
-6.37767 -6.37866
-6.38419 -6.37954
-6.89783 -6.90182
-6.1591 -6.1502
-6.46114 -6.45786
-6.4257 -6.42986
-6.91797 -6.9223
-6.84965 -6.85538
-6.34921 -6.34883
-6.55107 -6.55392
-6.88932 -6.88905
-6.38269 -6.37866
-6.45265 -6.45261
-6.43221 -6.43586
-6.49357 -6.48283
-6.87074 -6.87404
-6.89335 -6.89548
-6.36064 -6.35055
-6.3427 -6.34437
-6.89755 -6.89873
-6.66397 -6.6659
-6.75325 -6.75196
-6.18529 -6.19189
-6.4751 -6.47199
-6.78771 -6.79005
-6.6166 -6.62014
-6.83341 -6.83526
-6.38255 -6.38726
-6.51347 -6.52028
-6.38604 -6.38034
-6.65427 -6.6579
-6.5979 -6.59644
-6.64295 -6.63833
-6.26184 -6.26233
-6.73945 -6.74635
-6.64157 -6.6437
-6.43009 -6.42473
-6.33993 -6.33836
-6.48274 -6.48235
-6.35934 -6.36422
-6.98824 -6.99696
-6.60423 -6.5968
-6.95068 -6.95588
-6.31373 -6.30551
-5.64436 -5.64536
-6.59441 -6.58924
-6.91814 -6.92706
-6.83954 -6.83852
-6.56441 -6.55989
-6.7098 -6.70201
-6.379 -6.36973
-6.59554 -6.59421
-6.6409 -6.64282
-6.65909 -6.65843
-6.12753 -6.1346
-6.68795 -6.68781
-6.31822 -6.31276
-6.52033 -6.52188
-6.70207 -6.70622
-5.67016 -5.67716
-6.58307 -6.58149
-6.67118 -6.67375
-6.33423 -6.33304
-6.75452 -6.7548
-6.45649 -6.45461
-6.33033 -6.33222
-6.91574 -6.92258
-6.84846 -6.84982
-6.50093 -6.51304
-6.57588 -6.58079
-6.24232 -6.24403
-5.60281 -5.59465
-5.78085 -5.77604
-6.60714 -6.59685
-6.45748 -6.45994
-6.94134 -6.94416
-6.89724 -6.90259
-5.78701 -5.77383
-6.42608 -6.43823
-7.00948 -7.01542
-6.45091 -6.46411
-6.06013 -6.05401
-6.43525 -6.43114
-6.88784 -6.89195
-6.45148 -6.45191
-6.93469 -6.93713
-6.8022 -6.80336
-6.32819 -6.33484
-6.36737 -6.37375
-6.44592 -6.44328
-6.7419 -6.74388
-5.40708 -5.39622
-6.36639 -6.37308
-6.47097 -6.48379
-6.28408 -6.27717
-6.33759 -6.34022
-6.39243 -6.38935
-6.59707 -6.59361
-6.36456 -6.37194
-6.98312 -6.98441
-6.1536 -6.1584
-6.50593 -6.49839
-6.49184 -6.49714
-6.96293 -6.96666
-6.56578 -6.5581
-6.52143 -6.52564
-5.48945 -5.48994
-6.50341 -6.50047
-6.43929 -6.44485
-6.65784 -6.65188
-6.18497 -6.18572
-6.97871 -6.98132
-6.68565 -6.68414
-6.98106 -6.9813
-6.36625 -6.37158
-5.92765 -5.92297
-6.80995 -6.81102
-5.69797 -5.69816
-6.31229 -6.31073
-5.82085 -5.82812
-6.68203 -6.68506
-6.81954 -6.82157
-6.31446 -6.31075
-5.69672 -5.68894
-6.7213 -6.71892
-6.30219 -6.29929
-6.38508 -6.37859
-6.53513 -6.53999
-6.1334 -6.12694
-6.71532 -6.71561
-6.90698 -6.90885
-6.65695 -6.65003
-6.4258 -6.42004
-6.33067 -6.33725
-6.89436 -6.89451
-6.09917 -6.09784
-6.61938 -6.61582
-6.7788 -6.78437
-6.65595 -6.64884
-6.86694 -6.87526
-5.95749 -5.95577
-6.39862 -6.39274
-6.80658 -6.8094
-6.53606 -6.54071
-6.65125 -6.65334
-6.46289 -6.46708
-6.36974 -6.35965
-6.78792 -6.79027
-6.50566 -6.50521
-6.62099 -6.6238
-6.60089 -6.59232
-6.972 -6.97986
-6.60722 -6.60635
-6.92042 -6.92576
-6.2538 -6.2514
-6.34782 -6.35404
-6.25794 -6.25907
-6.2563 -6.24578
-6.61552 -6.61678
-6.84976 -6.85469
-6.5009 -6.50237
-6.85228 -6.85629
-6.93769 -6.94152
-5.81125 -5.80979
-6.43488 -6.43004
-6.65563 -6.66194
-6.02112 -6.0345
-6.28371 -6.29239
-6.49812 -6.49531
-6.63811 -6.63432
-6.91703 -6.92126
-6.63567 -6.63477
-6.8647 -6.86821
-6.84862 -6.84513
-6.34173 -6.33891
-6.49172 -6.4969
-6.39467 -6.3941
-6.7332 -6.73682
-6.78765 -6.78968
-6.74975 -6.75337
-6.63921 -6.64325
-6.36967 -6.37494
-6.86586 -6.86993
-6.35583 -6.36088
-6.79806 -6.79737
-6.45136 -6.44913
-6.98843 -6.99154
-6.76392 -6.75802
-6.33572 -6.34914
-6.44756 -6.45792
-6.70903 -6.70476
-6.57594 -6.58234
-6.59592 -6.59742
-6.66625 -6.66383
-6.53702 -6.53868
-6.25059 -6.25182
-5.87409 -5.87261
-6.14857 -6.13872
-6.61557 -6.61995
-6.86521 -6.86844
-6.6188 -6.62001
-6.95465 -6.95742
-6.31404 -6.31155
-6.67115 -6.66821
-6.1701 -6.17423
-6.45069 -6.4655
-6.83316 -6.8328
-6.39398 -6.38465
-6.14171 -6.14171
-6.58631 -6.58504
-6.85568 -6.8616
-6.89944 -6.90579
-6.45155 -6.44345
-6.60628 -6.59789
-6.34009 -6.34363
-6.34837 -6.33317
-6.08867 -6.08063
-6.44236 -6.43282
-6.4193 -6.4093
-5.67005 -5.67339
-5.80097 -5.80058
-6.88624 -6.88166
-6.23829 -6.25348
-6.87092 -6.87181
-6.84523 -6.84417
-6.95704 -6.9611
-6.52462 -6.52554
-6.87633 -6.87492
-6.40507 -6.40804
-6.52961 -6.52582
-6.40633 -6.40561
-6.31418 -6.32699
-6.8801 -6.88417
-6.95628 -6.9626
-6.61177 -6.60998
-6.32527 -6.32228
-6.30695 -6.30364
-6.66965 -6.67414
-6.20182 -6.20344
-6.18172 -6.20981
-6.41915 -6.40627
-6.36231 -6.36487
-6.84393 -6.84293
-5.88592 -5.87355
-6.54553 -6.55564
-6.32821 -6.33675
-6.8313 -6.83252
-6.53062 -6.52055
-6.39529 -6.38853
-6.34286 -6.33956
-6.24726 -6.25313
-6.23876 -6.2368
-6.34192 -6.33305
-6.39267 -6.39878
-6.75021 -6.75016
-6.43086 -6.42885
-6.57122 -6.56931
-6.52543 -6.528
-6.38545 -6.39454
-6.6667 -6.65583
-6.56344 -6.56588
-6.40556 -6.40374
-6.68661 -6.68178
-6.47685 -6.46321
-6.68743 -6.68857
-6.59009 -6.59153
-6.88091 -6.88808
-6.75821 -6.76728
-6.78112 -6.78014
-6.97795 -6.98402
-6.37934 -6.36789
-6.49459 -6.49005
-6.66588 -6.66179
-6.72906 -6.72875
-6.67952 -6.67787
-6.79141 -6.79027
-6.31686 -6.32411
-6.65646 -6.65424
-6.31267 -6.31186
-6.41143 -6.40742
-6.50948 -6.50585
-6.63562 -6.64324
-6.70337 -6.70149
-6.45271 -6.45115
-6.61368 -6.62439
-6.51346 -6.51201
-6.43232 -6.43327
-6.54832 -6.55207
-6.48222 -6.47917
-6.27819 -6.2655
-5.90125 -5.90975
-6.26671 -6.26405
-6.24679 -6.23992
-6.8496 -6.85088
-6.21729 -6.21676
-6.65232 -6.64595
-6.66991 -6.66471
-6.41698 -6.40929
-6.78247 -6.79148
-6.40459 -6.404
-6.51624 -6.51108
-6.15259 -6.14669
-6.36114 -6.35416
-6.2963 -6.29477
-6.54748 -6.54996
-6.91275 -6.91403
-6.35783 -6.35022
-6.66736 -6.67242
-6.58041 -6.55602
-5.67488 -5.67572
-6.57327 -6.56535
-6.91694 -6.92429
-6.74502 -6.75271
-6.69529 -6.6995
-6.2721 -6.27434
-6.39618 -6.40006
-6.77732 -6.7827
-6.40596 -6.40293
-6.55607 -6.54657
-5.69515 -5.69041
-6.15009 -6.1366
-6.95552 -6.96072
-6.98563 -6.98745
-6.16833 -6.16924
-6.48076 -6.48467
-6.89883 -6.90136
-6.61279 -6.61735
-6.88081 -6.88383
-6.17771 -6.15915
-6.03224 -6.03421
-6.46631 -6.46165
-6.87759 -6.88585
-6.71158 -6.7146
-6.45864 -6.46203
-6.87437 -6.8745
-6.66118 -6.66169
-6.5675 -6.55692
-6.5497 -6.55342
-6.84568 -6.84691
-6.30375 -6.30523
-5.61949 -5.61061
-6.10968 -6.10879
-6.4504 -6.45305
-6.97876 -6.98602
-6.65001 -6.64623
-6.38031 -6.38671
-6.70961 -6.70965
-6.94014 -6.9436
-6.81727 -6.81393
-6.54553 -6.54498
-6.47912 -6.48288
-6.50964 -6.4974
-6.64484 -6.63432
-6.95256 -6.95636
-6.7086 -6.69944
-6.88491 -6.88455
-6.37507 -6.37783
-6.75207 -6.74629
-6.46505 -6.46476
-6.85593 -6.86387
-6.8717 -6.87147
-6.73966 -6.74825
-6.89547 -6.89998
-6.95892 -6.95968
-6.23871 -6.24396
-6.64255 -6.63777
-6.27131 -6.27654
-6.59439 -6.59538
-6.5661 -6.56162
-6.56726 -6.56091
-6.56178 -6.56069
-6.59187 -6.58966
-6.54019 -6.54264
-6.5465 -6.54017
-6.38272 -6.3851
-6.80413 -6.80653
-6.60014 -6.603
-6.27601 -6.26847
-6.94242 -6.94763
-6.68159 -6.68888
-6.80174 -6.80657
-5.51893 -5.51459
-6.88428 -6.88549
-6.87085 -6.87166
-6.55822 -6.5552
-6.34745 -6.3459
-6.67839 -6.67231
-6.37586 -6.37869
-6.6554 -6.65477
-6.79519 -6.79879
-6.87076 -6.88103
-6.60676 -6.61107
-6.4248 -6.42105
-6.46317 -6.46569
-6.44999 -6.44671
-6.71403 -6.71031
-6.81926 -6.82284
-6.65356 -6.65431
-6.15953 -6.16131
-6.4227 -6.42284
-6.54197 -6.53825
-6.52386 -6.52699
-6.63699 -6.63207
-6.40856 -6.39938
-6.89615 -6.8957
-6.36235 -6.3621
-6.54549 -6.55047
-6.94446 -6.94827
-5.9244 -5.92849
-6.31968 -6.31699
-6.55737 -6.55704
-6.66755 -6.66456
-6.5592 -6.56743
