-6.5209 -6.51028
-6.49882 -6.50126
-6.50493 -6.51016
-6.56153 -6.54423
-6.53779 -6.53682
-6.56255 -6.56208
-6.59473 -6.58862
-6.54538 -6.54101
-6.51331 -6.50373
-6.58461 -6.58762
-6.57264 -6.5729
-6.56661 -6.57148
-6.55626 -6.54898
-6.56653 -6.56562
-6.59968 -6.60143
-6.58413 -6.57928
-6.44796 -6.43859
-6.62714 -6.62003
-6.5123 -6.49845
-6.49775 -6.48644
-6.65055 -6.65254
-6.60167 -6.59544
-6.5271 -6.52587
-6.7101 -6.70774
-6.62877 -6.62391
-6.56684 -6.56341
-6.59605 -6.60108
-6.56753 -6.55741
-6.69118 -6.68805
-6.55987 -6.55307
-6.63029 -6.62485
-6.59249 -6.58555
-6.692 -6.6895
-6.61431 -6.61044
-6.51988 -6.51605
-6.68111 -6.6781
-6.5881 -6.58349
-6.65539 -6.65481
-6.59053 -6.59086
-6.65658 -6.65105
-6.53648 -6.53001
-6.66394 -6.66237
-6.67351 -6.6622
-6.68535 -6.67924
-6.65752 -6.64771
-6.52401 -6.52583
-6.6227 -6.61581
-6.69433 -6.69273
-6.60844 -6.60395
-6.76567 -6.77268
-6.68181 -6.67794
-6.65742 -6.65796
-6.69901 -6.69982
-6.6493 -6.65063
-6.64439 -6.63787
-6.64915 -6.64075
-6.67405 -6.66727
-6.7305 -6.72977
-6.68791 -6.68831
-6.69973 -6.69934
-6.58452 -6.57187
-6.58402 -6.57879
-6.63855 -6.63235
-6.59132 -6.58393
-6.63355 -6.62799
-6.5119 -6.50345
-6.57735 -6.57394
-6.65477 -6.64579
-6.59402 -6.58921
-6.58629 -6.57543
-6.56976 -6.57348
-6.47099 -6.46778
-6.53504 -6.53069
-6.43188 -6.4208
-6.5037 -6.50339
-6.48757 -6.47608
-6.46531 -6.45703
-6.46083 -6.45181
-6.40589 -6.3989
-6.48523 -6.47845
-6.46501 -6.46324
-6.4859 -6.4801
-6.50562 -6.50113
-6.42024 -6.4173
-6.50026 -6.49802
-6.47273 -6.46052
-6.50895 -6.50769
-6.43025 -6.4236
-6.44887 -6.44746
-6.49736 -6.48936
-6.19292 -6.19197
-6.23239 -6.23186
-6.304 -6.30064
-6.32151 -6.32017
-6.22597 -6.21779
-6.27976 -6.28157
-6.25712 -6.25174
-6.2392 -6.23684
-6.30942 -6.30806
-6.29904 -6.29961
-5.84764 -5.84475
-5.88524 -5.88083
-5.89908 -5.89917
-5.93872 -5.93969
-5.86322 -5.86532
-5.8866 -5.88434
-5.88834 -5.88364
-5.87261 -5.86591
-5.9734 -5.97895
-5.88541 -5.88811
