-1.11755 -1.93515 -3.67977 1.09933 -0.427767 -1.14255 -1.04933 -2.10359 -3.9595 1.19593 -0.513746 -1.19344
-1.61928 -3.64868 -3.24877 0.553419 0.131087 -0.53356 -1.5428 -3.44281 -3.21073 0.727412 0.032561 -0.747992
-6.7656 -4.07897 -5.46767 -1.31397 1.1728 0.395395 -6.76651 -4.12434 -5.46904 -1.18487 1.18958 0.257903
0.46138 -2.53325 -2.16094 1.28407 0.559841 -0.0480186 0.130397 -2.42989 -2.07809 1.22835 0.49824 0.0822371
-0.0333312 -2.6109 -2.92264 1.60976 0.0550435 -0.683488 0.0602534 -2.59935 -2.87877 1.62635 -0.0140692 -0.668455
-1.94884 -1.51777 -4.52622 -1.09997 -0.73261 -1.56644 -1.96981 -1.86759 -4.89814 -0.992442 -0.606012 -1.41477
-3.82098 -3.05971 -1.87572 1.34617 -0.48641 -0.109066 -3.76521 -3.12733 -1.9435 1.32553 -0.437997 -0.0255124
-2.16076 -2.9473 -2.95015 -0.865953 -0.419166 1.10245 -2.8192 -2.86286 -3.03445 -1.03751 -0.618862 1.01421
0.164664 -3.18066 -0.725427 -0.555113 -0.265751 0.607977 -0.148706 -3.55715 -0.750902 -0.339892 -0.106561 0.643361
-7.3143 -3.49402 -5.06165 1.96463 -2.22369 0.0105931 -7.17197 -3.73518 -4.93709 2.22888 -2.20798 0.0041424
-1.93363 -0.0647082 -0.68295 -1.45612 1.75381 1.39098 -2.0233 -0.162093 -0.657919 -1.36168 1.7105 1.47498
-0.993305 0.685941 -3.07481 -1.50001 -0.200205 1.42582 -0.999388 0.589753 -3.35807 -1.75813 -0.103928 1.36565
-3.57564 1.39358 1.03071 0.219102 -0.280404 2.45882 -3.70599 1.66352 1.21666 0.145198 -0.371689 2.46649
-2.1362 -1.43071 -2.35522 -0.573458 1.10874 0.54301 -2.13995 -1.45466 -2.12001 -0.368608 1.16251 0.374403
-3.31659 -4.26913 -2.41361 -1.00241 1.9426 -1.23442 -3.17794 -3.85272 -2.58997 -1.09553 1.8669 -1.06702
0.426057 -2.58409 -2.99867 -0.890593 -1.86269 2.89972 0.366821 -2.37549 -3.14327 -0.775108 -1.83727 2.77092
-0.434296 0.264939 1.25335 -1.06234 1.03989 0.857233 -0.376285 0.0749711 1.447 -0.911954 0.925307 0.703775
-4.23345 -2.01644 -1.99938 0.0805009 0.591049 1.20472 -4.45202 -2.08163 -1.99034 0.108067 0.482655 1.25996
-3.06038 -1.75579 -4.06702 1.74365 -0.805985 1.33839 -3.34206 -1.76868 -3.98871 1.71352 -0.777797 1.50606
-5.23917 -1.67339 -2.65031 -0.553388 -0.274101 -0.287361 -5.28163 -1.62154 -2.66816 -0.51394 -0.520793 -0.603162
-1.70837 -0.790523 -0.793119 0.115428 2.24614 1.62409 -1.74582 -0.96159 -0.97089 0.114465 1.988 1.71882
-3.26796 -2.72768 -0.195292 -0.948113 -1.84858 -0.518944 -3.32346 -2.29239 -0.304881 -0.815203 -1.83995 -0.529394
-3.52646 1.41372 -0.429696 -0.695186 1.8012 1.81214 -3.57779 1.35558 -0.268379 -0.848623 1.60862 1.80621
-2.16637 -2.74083 -1.02492 -0.604778 -0.654529 0.97235 -2.39631 -2.68252 -0.978317 -0.611092 -0.81409 0.883563
-5.6983 0.528246 -0.555723 2.93791 0.464233 -1.12827 -6.21215 0.512331 -0.278484 3.0649 0.551398 -1.07343
-0.170516 -3.64394 -1.44247 -0.389929 -0.85349 0.795718 -0.099804 -3.45704 -1.28041 -0.461305 -0.848924 0.636412
1.17083 -0.332315 -0.293609 -1.71386 -1.73671 -1.25622 1.3756 -0.677304 -0.436624 -1.55731 -1.75486 -1.12434
-0.0916207 1.08525 -1.86472 0.782725 -0.764048 1.70071 0.149106 0.834783 -2.01539 0.879418 -0.844392 1.75202
1.58919 -3.23936 -0.236563 -0.471778 -2.0575 1.98841 1.52572 -3.23699 -0.252002 -0.528946 -1.99021 1.93004
-1.16023 2.65597 0.284758 -0.363324 1.12786 -2.02362 -0.922873 2.12199 0.167501 -0.611077 1.00618 -2.10623
-1.83568 -2.26942 -2.74863 -0.88227 1.65849 0.141433 -1.89729 -2.19485 -2.43513 -1.09671 1.4391 -0.116066
-2.02408 2.47165 1.91872 -0.594955 0.654239 -0.522836 -1.99173 2.82793 2.04495 -0.746766 0.77701 -0.426344
-0.204511 1.24653 0.479733 1.11964 -1.01436 -0.685768 -0.299218 0.967912 0.478126 1.03236 -1.07253 -0.644434
-3.88247 -1.25478 -1.1588 -0.71537 -0.228659 -2.44829 -3.92737 -1.40316 -1.38048 -0.468512 -0.287547 -2.52039
-3.34006 -3.48852 -0.787014 0.35927 1.576 -0.0512875 -3.00056 -3.61933 -0.759798 0.175576 1.61523 -0.226687
-2.42426 -2.56193 -0.716048 0.894858 1.72162 2.39614 -2.3457 -2.35908 -0.37825 0.984795 1.53952 2.10736
-1.92203 -1.11629 0.0102009 -0.801493 0.152132 0.700772 -1.66905 -0.953016 0.130281 -0.80894 0.111148 0.411861
-1.66891 -1.96858 -1.43381 0.57872 0.135177 -1.03425 -1.4753 -1.71413 -1.18289 0.672249 -0.0846129 -1.08451
2.42452 2.2015 3.83638 0.213634 1.34293 0.466026 2.29397 1.91047 4.00222 0.20447 1.25512 0.558943
-1.82128 -0.70258 -1.52321 -0.325878 1.40023 -0.309716 -1.59355 -0.685585 -1.73495 -0.122936 1.30834 -0.429852
4.05804 1.54357 0.491953 4.22209 -4.46559 -1.03898 3.53803 1.45655 0.669817 4.23631 -4.35221 -1.23116
2.53731 -2.52814 7.24175 -0.0342001 1.47087 0.0639592 2.50893 -2.75556 7.45876 -0.168245 1.59685 0.287194
1.39777 -0.124065 3.93862 0.0972687 -0.692586 1.38501 1.74197 -0.00389341 4.42839 0.0674157 -0.50183 1.42519
1.36717 2.19614 2.82631 -0.402177 -1.56178 -0.159803 1.5558 2.28285 2.96719 -0.329458 -1.42537 -0.127391
0.98433 2.3113 5.30995 2.68141 -3.06265 1.27487 0.974358 2.32371 5.57101 2.75118 -2.983 1.08382
7.97585 3.91497 0.355662 0.0491276 -0.221478 -0.398897 7.60196 3.96642 0.069907 0.0195111 -0.202694 -0.55608
2.38647 1.73692 2.47241 -1.01441 -0.91387 -2.16849 2.33266 1.56132 3.0436 -1.19135 -1.08795 -2.28921
4.32341 7.0327 2.26854 0.601825 0.185662 -2.88453 4.20339 6.76474 2.11309 0.820135 0.208716 -2.87293
2.96843 4.62933 2.25979 -3.00326 0.39474 -2.96781 2.85482 4.75744 2.38851 -2.77175 0.271576 -2.95171
-3.59128 -3.95583 -0.639276 1.76812 -2.76073 -0.371149 -3.42397 -4.19321 -0.725408 1.83872 -2.51999 -0.639567
8.33943 4.84361 9.07853 0.108464 -0.133713 0.928682 8.19593 5.21651 9.12972 0.407376 -0.258158 1.02764
7.62135 10.3057 7.09361 2.09055 -1.61604 -0.324074 7.76418 10.2752 6.86389 2.28987 -1.6435 -0.347277
4.79742 4.68607 3.94131 0.565413 0.791469 -0.848925 4.54875 4.77998 4.05515 0.641899 0.761445 -0.865852
13.8748 10.0509 8.14319 1.48799 0.780156 -1.60624 13.7868 10.308 7.96599 1.7446 0.95497 -1.66317
9.66563 7.62092 3.85323 0.580874 -1.32754 -1.32458 9.20903 7.69517 3.68234 0.760254 -1.52528 -1.11406
11.5163 10.5187 10.5243 -0.469548 -0.243481 1.31016 11.3418 10.4047 10.0604 -0.388985 0.160917 1.65784
10.9148 8.0613 7.71282 -3.24696 -0.130487 1.44179 10.999 7.95753 7.48673 -3.16827 -0.0704852 1.27874
4.77696 3.74691 8.22096 2.27469 2.95215 1.92812 4.78881 3.94501 8.27089 2.2262 2.88248 1.90696
9.77798 6.89781 6.25205 0.600278 -1.69499 1.13267 9.54103 6.35513 6.15331 0.615601 -1.62403 0.967206
5.0222 2.20629 7.66594 -0.56861 -0.5235 -3.7815 4.92894 2.31265 7.95109 -0.55603 -0.352997 -3.79123
17.348 19.7719 17.3827 -0.130724 -1.16868 -1.28266 17.5082 20.0467 17.3983 -0.258691 -1.10373 -1.39476
20.9794 19.4095 14.2899 -0.326038 0.878033 -2.91054 21.5014 19.1192 14.4087 -0.566516 0.817503 -2.79008
16.4576 16.0301 13.0116 0.400927 -1.38589 -1.27908 16.0967 16.0081 12.7383 0.561749 -1.51862 -1.54632
14.6446 11.5837 15.9825 1.95567 -2.23932 -0.0381553 14.4732 11.7787 16.1184 1.81113 -2.33851 -0.00795537
16.4137 17.7071 14.3497 -0.406233 0.558758 0.728507 16.2326 17.093 14.8978 -0.639119 0.736141 1.08356
16.8546 17.7142 26.4316 0.654398 -3.18525 -0.453348 16.1171 17.3792 26.5336 0.451104 -3.36398 -0.414513
19.8392 15.5406 13.9931 -3.73319 0.807101 -4.38627 19.4922 15.1509 14.3345 -3.54738 0.789502 -4.47538
14.5676 18.4144 14.5412 1.13717 -1.99928 -3.64156 14.4335 18.5104 14.4735 1.23869 -1.8295 -3.86039
16.5436 17.7119 17.2729 4.80311 0.0554308 3.26903 16.7848 17.7371 17.3503 5.00319 0.167378 3.13085
19.5292 19.0659 17.4857 0.101584 -0.523594 1.5163 19.0956 19.4612 17.5823 -0.104171 -0.444641 1.19844
27.8547 25.4276 26.4416 -0.0292621 0.0986611 -1.77566 28.226 25.0612 26.6065 -0.381449 0.360813 -1.93403
31.6205 39.8498 40.2591 0.788216 0.485319 1.51991 31.1988 39.2779 40.3611 0.95404 0.0766419 1.57403
36.2437 34.8794 29.8847 -4.50059 -2.31382 0.246652 36.2854 34.8224 29.7565 -4.71344 -2.38532 0.361525
29.4042 30.8366 40.7316 -2.88049 -2.63911 -2.86573 29.3787 30.6934 41.2662 -2.85001 -2.57003 -3.02212
23.9007 28.6928 29.144 1.43452 2.43139 1.83007 23.1548 27.639 28.7714 1.18371 2.57838 1.89064
30.4209 34.4717 31.2024 0.798582 -1.34865 2.55128 30.2926 34.9519 31.4978 0.981602 -1.65109 2.30695
36.6757 29.3069 35.4754 2.85238 1.63627 -3.04937 37.6043 29.6922 35.6246 3.13958 1.49243 -2.86746
32.0977 31.6602 29.5368 0.577762 0.204246 -0.642545 32.0428 31.239 29.7698 1.22582 0.399902 -0.204243
30.9228 37.6411 30.4483 -3.01262 0.673289 -0.221063 30.3371 37.8801 30.6836 -2.91834 0.707102 -0.563186
31.0662 38.9374 33.1103 -3.43326 3.08581 1.97957 31.0881 38.3521 33.0633 -3.77758 3.08054 1.93511
49.1054 54.263 57.1877 -7.74405 -7.23541 7.534 48.6104 54.078 56.078 -7.71113 -7.66781 8.13972
47.9231 55.5781 53.4448 -12.8943 -13.5692 9.6844 47.835 55.7356 52.4491 -12.9073 -13.5944 9.79614
55.2295 54.7817 51.2387 -6.26241 -6.185 8.38837 54.8419 54.5492 50.3128 -5.64023 -5.93665 8.36836
49.0338 50.838 53.9207 -7.41552 -9.14603 9.94849 49.6603 51.0017 53.8721 -7.70485 -9.29819 10.1182
46.2065 50.198 53.9919 -9.6105 -9.15851 6.12472 46.547 50.8665 53.6692 -9.62444 -9.41804 6.18739
53.3726 53.2447 49.5788 -8.09093 -10.4968 10.6517 53.5923 53.3591 49.8362 -8.49753 -11.1388 10.8933
47.7414 47.5629 53.1565 -7.33794 -7.56397 8.76488 48.0894 47.7271 51.6841 -7.05621 -6.95752 8.55876
56.8338 55.0309 54.1925 -4.95951 -6.37248 5.34445 57.1999 54.3285 52.9342 -4.86888 -5.96888 5.69354
59.5283 54.2472 53.4159 -7.05235 -9.26904 8.07202 59.28 54.1249 51.7814 -6.68601 -9.22528 7.82348
49.6187 50.6158 47.6978 -8.05922 -6.44331 5.69512 49.6265 52.1436 47.6287 -8.77435 -6.78638 6.10432
83.5312 86.0882 84.43 -1.66507 -2.66344 12.0445 83.7103 85.4266 84.967 -2.99999 -2.9923 12.684
78.9722 82.5669 80.5312 9.87132 7.78788 11.8965 79.605 81.3948 79.9719 10.1238 8.09175 12.662
80.3666 82.4286 76.9374 5.33036 4.13474 9.51399 80.2056 81.6457 76.4479 5.04777 3.65665 9.87139
77.3322 83.5035 72.0304 8.68568 9.85834 11.7982 76.7987 82.4231 71.2627 8.54575 9.69943 11.9672
84.4383 89.5405 81.4213 12.3899 13.4578 15.1918 83.4583 88.955 81.6723 12.6457 13.5077 15.7741
77.4759 85.8544 80.4654 8.96574 8.23029 12.824 76.611 84.3471 79.6034 9.0436 7.99952 13.0314
78.7985 88.9389 79.9521 -2.42004 1.62479 7.44366 78.8597 87.9738 80.0719 -3.00582 1.24735 7.88171
79.7096 93.3777 79.1112 6.36497 6.52944 10.3872 79.1493 91.925 78.2241 6.30218 6.02826 11.0165
78.9827 82.5553 78.5996 7.19908 5.95866 9.63671 77.7905 80.8886 78.2839 7.32846 5.90202 9.74093
75.8646 78.4313 80.7848 8.9009 10.7291 14.2656 75.2195 77.1537 80.386 8.90374 10.8402 15.1321
128.287 133.611 125.919 1.25063 8.38232 10.448 128.666 132.369 125.16 1.25521 7.83706 11.7113
125.373 128.199 125.539 2.59014 3.33881 17.6706 125.546 128.806 125.35 1.66618 2.72964 18.9727
124.159 129.145 126.458 8.4137 11.5743 17.1677 123.879 127.47 126.704 8.90347 11.8476 18.4019
115.65 125.802 129.641 11.4537 11.7546 14.7441 114.655 125.693 129.317 12.3925 12.3292 15.9707
124.674 126.224 126.735 3.17727 11.6609 17.0493 125.293 126.006 126.671 3.75281 11.9792 17.9049
120.158 127.802 126.499 10.7081 5.30839 15.896 119.505 125.939 126.424 10.6676 5.30333 16.5184
129.17 124.021 131.924 -0.23151 6.18847 14.0368 129.111 122.48 131.446 -0.107079 6.41495 14.2359
124.599 132.235 129.081 2.89664 6.6461 12.9816 125.091 131.128 129.472 3.19919 6.67018 14.019
124.941 123.208 127.796 3.58304 0.921919 15.1019 123.597 122.317 126.029 3.4308 0.921469 15.5939
128.411 127.675 127.15 -1.89772 -6.84751 11.3687 128.356 126.929 127.475 -2.06228 -7.92239 11.949
