-0.142166 -0.246175 -0.468112 0.139848 -0.0544171 -0.145346 -0.133488 -0.267603 -0.503696 0.152137 -0.0653547 -0.15182
-0.205992 -0.464155 -0.413283 0.0704016 0.0166758 -0.0678753 -0.196263 -0.437967 -0.408444 0.0925356 0.00414215 -0.0951536
-0.860666 -0.518894 -0.695553 -0.167153 0.149195 0.0502991 -0.860782 -0.524666 -0.695727 -0.150729 0.151329 0.0328084
0.0586931 -0.32226 -0.274897 0.163349 0.0712185 -0.00610854 0.0165881 -0.309111 -0.264358 0.156261 0.0633821 0.0104616
-0.00424013 -0.332138 -0.371795 0.204781 0.0070022 -0.086948 0.00766496 -0.330669 -0.366214 0.206891 -0.00178978 -0.0850356
-0.247916 -0.193078 -0.57579 -0.13993 -0.0931968 -0.19927 -0.250583 -0.237579 -0.623102 -0.126251 -0.077092 -0.179976
-0.486075 -0.389233 -0.238614 0.171249 -0.0618773 -0.0138746 -0.47898 -0.397834 -0.247237 0.168624 -0.0557184 -0.00324548
-0.274874 -0.374932 -0.375295 -0.11016 -0.0533229 0.140245 -0.358637 -0.364191 -0.386019 -0.131984 -0.0787267 0.12902
0.0209473 -0.404618 -0.0922831 -0.070617 -0.0338068 0.077342 -0.0189173 -0.452513 -0.0955238 -0.0432384 -0.0135559 0.0818433
-0.930467 -0.444481 -0.643903 0.249924 -0.28288 0.00134756 -0.912361 -0.47516 -0.628058 0.283541 -0.280882 0.000526963
-0.228411 -0.00764369 -0.0806738 -0.172005 0.20717 0.16431 -0.239003 -0.0191473 -0.077717 -0.160849 0.202053 0.174232
-0.117335 0.0810271 -0.363213 -0.177189 -0.0236494 0.168426 -0.118053 0.0696649 -0.396674 -0.20768 -0.0122765 0.161318
-0.422374 0.164617 0.121753 0.0258815 -0.0331229 0.29045 -0.437772 0.196505 0.143719 0.0171516 -0.0439059 0.291355
-0.25234 -0.169003 -0.278211 -0.06774 0.13097 0.0641433 -0.252782 -0.171832 -0.250427 -0.043542 0.137321 0.0442266
-0.391774 -0.504293 -0.285109 -0.11841 0.229471 -0.145816 -0.375395 -0.455104 -0.305941 -0.129411 0.220528 -0.126043
0.0503282 -0.305247 -0.354219 -0.105202 -0.220032 0.342531 0.043331 -0.280606 -0.371301 -0.0915601 -0.217028 0.327316
-0.0513014 0.0312961 0.148053 -0.12549 0.122837 0.101261 -0.0444488 0.008856 0.170927 -0.107725 0.109302 0.0831338
-0.500079 -0.238193 -0.236177 0.00950921 0.069818 0.142308 -0.525897 -0.245894 -0.23511 0.0127655 0.0570139 0.148833
-0.361509 -0.207404 -0.480419 0.20597 -0.0952074 0.158099 -0.394783 -0.208926 -0.471168 0.20241 -0.0918776 0.177904
-0.61888 -0.197671 -0.313069 -0.0653692 -0.0323783 -0.0339446 -0.623895 -0.191545 -0.315178 -0.0607094 -0.061519 -0.0712488
-0.186279 -0.0861978 -0.0864808 0.0125861 0.244917 0.177089 -0.190362 -0.104851 -0.105865 0.0124812 0.216769 0.187418
-0.356335 -0.297423 -0.0212944 -0.103381 -0.201568 -0.0565851 -0.362386 -0.24996 -0.0332439 -0.0888888 -0.200627 -0.0577246
-0.384521 0.154151 -0.0468536 -0.0758024 0.196401 0.197594 -0.390118 0.147811 -0.0292638 -0.0925329 0.175402 0.196948
-0.236218 -0.298857 -0.111756 -0.0659444 -0.0713691 0.106024 -0.261291 -0.292499 -0.106675 -0.0666328 -0.0887675 0.0963427
-0.621336 0.0575994 -0.0605954 0.320346 0.0506195 -0.123025 -0.677367 0.055864 -0.0303656 0.334193 0.0601239 -0.117046
-0.0185929 -0.397331 -0.157286 -0.0425174 -0.0930636 0.0867642 -0.0108825 -0.376952 -0.139614 -0.0503002 -0.0925658 0.0693937
0.127666 -0.0362353 -0.0320148 -0.186878 -0.189369 -0.136977 0.149994 -0.0738525 -0.047609 -0.169807 -0.191347 -0.122597
-0.00999022 0.118334 -0.203327 0.0853475 -0.083311 0.185444 0.0162584 0.0910239 -0.219756 0.0958908 -0.0920716 0.191039
0.173284 -0.353217 -0.0257946 -0.0514421 -0.224348 0.216814 0.166363 -0.352958 -0.0274781 -0.0576757 -0.21701 0.21045
-0.12651 0.289604 0.0310498 -0.0396164 0.122981 -0.220653 -0.100629 0.231379 0.0182641 -0.0666311 0.109713 -0.229661
-0.183481 -0.226833 -0.274732 -0.088185 0.16577 0.0141365 -0.189638 -0.219381 -0.243397 -0.109618 0.143841 -0.011601
-0.202312 0.247047 0.191781 -0.0594671 0.0653927 -0.0522587 -0.199078 0.282658 0.204397 -0.074641 0.0776639 -0.0426141
-0.0204413 0.124594 0.0479504 0.111911 -0.101388 -0.0685442 -0.0299076 0.0967451 0.0477898 0.103187 -0.107202 -0.0644127
-0.388062 -0.125418 -0.115824 -0.0715029 -0.022855 -0.244713 -0.392549 -0.140249 -0.137982 -0.0468289 -0.028741 -0.251918
-0.333846 -0.348686 -0.0786639 0.0359099 0.157525 -0.00512631 -0.299913 -0.36176 -0.0759436 0.0175492 0.161446 -0.0226579
-0.24231 -0.25607 -0.0715707 0.0894431 0.17208 0.2395 -0.234458 -0.235796 -0.037807 0.0984326 0.153879 0.210636
-0.192111 -0.111576 0.0010196 -0.0801111 0.0152059 0.0700438 -0.166826 -0.0952561 0.0130219 -0.0808554 0.0111095 0.0411664
-0.166811 -0.196764 -0.143313 0.0578444 0.0135112 -0.103376 -0.14746 -0.171331 -0.118233 0.0671928 -0.00845726 -0.108399
0.242336 0.220045 0.383455 0.0213532 0.134229 0.0465804 0.229288 0.190956 0.400031 0.0204373 0.125452 0.0558676
-0.182041 -0.0702245 -0.152249 -0.0325723 0.139956 -0.0309568 -0.159279 -0.0685259 -0.173412 -0.0122878 0.130772 -0.0429647
0.368737 0.140258 0.0447016 0.383644 -0.405769 -0.0944079 0.321485 0.132351 0.0608634 0.384936 -0.395467 -0.11187
0.230554 -0.229721 0.658027 -0.00310761 0.133652 0.0058117 0.227976 -0.250386 0.677746 -0.0152877 0.145099 0.0260961
0.127009 -0.0112733 0.357886 0.00883839 -0.0629323 0.12585 0.158285 -0.000353778 0.402389 0.00612578 -0.0455992 0.129501
0.124229 0.199554 0.256815 -0.0365441 -0.141912 -0.0145206 0.141369 0.207433 0.269616 -0.0299364 -0.129517 -0.0115755
0.0894418 0.210018 0.482492 0.243649 -0.27829 0.115842 0.0885358 0.211146 0.506214 0.249988 -0.271052 0.098482
0.724732 0.355737 0.0323175 0.00446402 -0.0201248 -0.0362461 0.690757 0.360411 0.00635215 0.00177289 -0.0184179 -0.0505287
0.216849 0.157826 0.224658 -0.0921753 -0.0830395 -0.197041 0.211959 0.141871 0.276559 -0.108253 -0.0988573 -0.20801
0.39285 0.639032 0.206133 0.0546853 0.0168703 -0.262105 0.381944 0.614683 0.192007 0.0745221 0.0189651 -0.261051
0.269729 0.420647 0.205337 -0.272893 0.0358683 -0.269672 0.259405 0.432289 0.217034 -0.251857 0.024677 -0.268209
-0.326325 -0.35945 -0.0580883 0.160662 -0.250855 -0.0337247 -0.311122 -0.38102 -0.0659147 0.167077 -0.228981 -0.0581147
0.681992 0.396106 0.742435 0.00887006 -0.010935 0.0759468 0.670257 0.426602 0.746621 0.0333149 -0.0211119 0.0840399
0.623268 0.84279 0.58011 0.170963 -0.132159 -0.0265025 0.634948 0.840301 0.561323 0.187264 -0.134404 -0.0284
0.392329 0.383223 0.322317 0.046239 0.0647257 -0.0694244 0.371993 0.390902 0.331627 0.052494 0.0622704 -0.0708087
1.13467 0.821953 0.665944 0.121687 0.0638005 -0.131357 1.12747 0.84298 0.651452 0.142672 0.0780967 -0.136013
0.790447 0.623232 0.315114 0.0475034 -0.108565 -0.108323 0.753107 0.629304 0.301139 0.062173 -0.124736 -0.0911071
0.941795 0.860214 0.860672 -0.0383993 -0.0199117 0.107144 0.927519 0.850886 0.822735 -0.0318109 0.0131596 0.135577
0.892603 0.659246 0.630748 -0.265534 -0.0106712 0.117909 0.899492 0.65076 0.612258 -0.259099 -0.00576422 0.104574
0.390656 0.30642 0.672303 0.186022 0.241424 0.15768 0.391625 0.32262 0.676387 0.182057 0.235727 0.15595
0.799635 0.564097 0.511288 0.0490902 -0.138615 0.0926286 0.780258 0.519717 0.503213 0.0503433 -0.132811 0.0790973
0.410712 0.180428 0.626914 -0.0465005 -0.0428114 -0.309248 0.403085 0.189126 0.650234 -0.0454717 -0.0288678 -0.310044
1.26107 1.43727 1.26359 -0.00950266 -0.0849541 -0.0932401 1.27272 1.45725 1.26473 -0.0188049 -0.0802332 -0.101389
1.52505 1.41093 1.03877 -0.0237006 0.0638265 -0.211575 1.56299 1.38982 1.0474 -0.0411815 0.0594264 -0.202818
1.19634 1.16527 0.945845 0.0291445 -0.100744 -0.0929799 1.17011 1.16367 0.925977 0.040835 -0.110393 -0.112406
1.06455 0.842046 1.16181 0.142163 -0.162782 -0.00277361 1.0521 0.856221 1.17169 0.131655 -0.169992 -0.000578296
1.19315 1.28718 1.04312 -0.0295302 0.0406175 0.0529571 1.17999 1.24253 1.08296 -0.0464592 0.053512 0.0787668
1.2252 1.28769 1.92138 0.0475699 -0.231544 -0.0329551 1.17159 1.26334 1.9288 0.0327919 -0.244536 -0.030132
1.44216 1.12968 1.01719 -0.271375 0.0586703 -0.31885 1.41694 1.10136 1.04201 -0.257868 0.057391 -0.325327
1.05896 1.33859 1.05704 0.0826635 -0.145333 -0.264715 1.0492 1.34557 1.05211 0.0900439 -0.132991 -0.280622
1.2026 1.28752 1.25561 0.349151 0.00402941 0.237634 1.22013 1.28936 1.26124 0.363695 0.0121671 0.227589
1.41963 1.38595 1.27108 0.00738441 -0.0380614 0.110224 1.38811 1.41469 1.2781 -0.00757244 -0.0323221 0.0871175
1.77173 1.61735 1.68184 -0.00186125 0.00627544 -0.112942 1.79535 1.59404 1.69234 -0.0242624 0.0229499 -0.123016
2.01125 2.53469 2.56072 0.0501353 0.0308692 0.0966756 1.98443 2.49831 2.56721 0.0606827 0.00487489 0.100118
2.30532 2.21854 1.90085 -0.286265 -0.147173 0.0156886 2.30797 2.21491 1.89269 -0.299803 -0.151721 0.0229952
1.87028 1.96139 2.59077 -0.183216 -0.167863 -0.182278 1.86866 1.95228 2.62478 -0.181278 -0.163469 -0.192225
1.52023 1.82504 1.85374 0.0912443 0.154651 0.116403 1.47278 1.75801 1.83004 0.0752913 0.164 0.120256
1.93495 2.19261 1.98466 0.0507946 -0.0857825 0.162277 1.92679 2.22315 2.00345 0.0624358 -0.105019 0.146736
2.33279 1.86409 2.25645 0.181429 0.104077 -0.193958 2.39186 1.8886 2.26594 0.199696 0.0949277 -0.182387
2.0416 2.01378 1.87872 0.0367491 0.0129913 -0.0408697 2.03812 1.98699 1.89354 0.0779697 0.0254361 -0.0129911
1.96688 2.3942 1.9367 -0.191621 0.0428252 -0.0140609 1.92962 2.4094 1.95166 -0.185624 0.0449759 -0.035822
1.97599 2.47666 2.10602 -0.218376 0.196276 0.125913 1.97739 2.43943 2.10303 -0.240277 0.195941 0.123085
2.6772 2.95839 3.11784 -0.422202 -0.39447 0.41075 2.65021 2.9483 3.05734 -0.420406 -0.418045 0.443773
2.61274 3.03009 2.91378 -0.702992 -0.739788 0.527988 2.60794 3.03868 2.8595 -0.703699 -0.741159 0.53408
3.01108 2.98667 2.79351 -0.341423 -0.337203 0.457329 2.98995 2.97399 2.74303 -0.307502 -0.323663 0.456238
2.6733 2.77166 2.93973 -0.40429 -0.498637 0.542386 2.70745 2.78058 2.93708 -0.420064 -0.506932 0.551637
2.51915 2.73677 2.94361 -0.523959 -0.499317 0.333917 2.53772 2.77321 2.92601 -0.524719 -0.513466 0.337333
2.90984 2.90287 2.70301 -0.441113 -0.572281 0.580726 2.92182 2.90911 2.71704 -0.46328 -0.607281 0.593898
2.60283 2.5931 2.89806 -0.400061 -0.412384 0.477856 2.62181 2.60205 2.81779 -0.384701 -0.37932 0.466619
3.09855 3.00025 2.95455 -0.27039 -0.347424 0.291376 3.11851 2.96196 2.88594 -0.265449 -0.32542 0.310409
3.24545 2.95753 2.91221 -0.38449 -0.505343 0.440082 3.23191 2.95086 2.82309 -0.364518 -0.502957 0.426532
2.70519 2.75954 2.60046 -0.439384 -0.351286 0.310495 2.70561 2.84284 2.59669 -0.478373 -0.36999 0.332804
4.17457 4.30236 4.21949 -0.0832138 -0.133109 0.601938 4.18352 4.2693 4.24632 -0.149928 -0.149543 0.633896
3.94673 4.12638 4.02464 0.493331 0.389209 0.594542 3.97835 4.0678 3.99669 0.505947 0.404395 0.6328
4.01641 4.11946 3.84504 0.266391 0.206639 0.475473 4.00837 4.08034 3.82057 0.252268 0.182745 0.493334
3.86477 4.17319 3.5998 0.434077 0.492682 0.589628 3.83811 4.11919 3.56144 0.427084 0.48474 0.598076
4.2199 4.47489 4.06912 0.6192 0.672569 0.75923 4.17092 4.44563 4.08167 0.631984 0.675063 0.788329
3.87195 4.29067 4.02135 0.448073 0.411318 0.640893 3.82872 4.21534 3.97828 0.451965 0.399785 0.651261
3.93805 4.44482 3.9957 -0.120944 0.0812006 0.372006 3.94111 4.3966 4.00169 -0.150219 0.062338 0.393898
3.98358 4.66666 3.95367 0.318097 0.326317 0.519113 3.95558 4.59406 3.90934 0.314959 0.301269 0.550561
3.94725 4.1258 3.92811 0.359783 0.297791 0.481606 3.88767 4.0425 3.91233 0.366248 0.29496 0.486814
3.79142 3.9197 4.03732 0.444833 0.536201 0.712942 3.75918 3.85585 4.01738 0.444975 0.541752 0.756244
5.82846 6.07033 5.72085 0.0568195 0.380833 0.474685 5.84568 6.01391 5.68636 0.0570279 0.35606 0.532078
5.69606 5.82443 5.70362 0.117678 0.151692 0.802827 5.70392 5.85201 5.69501 0.0756994 0.124015 0.861983
5.64089 5.86743 5.74533 0.382258 0.525852 0.779976 5.6282 5.79133 5.75652 0.40451 0.538273 0.83605
5.25432 5.71554 5.88998 0.520373 0.534047 0.669865 5.20909 5.7106 5.87525 0.563026 0.560153 0.725596
5.66428 5.73471 5.75794 0.144353 0.529789 0.7746 5.69241 5.72483 5.75504 0.170501 0.544249 0.81347
5.45911 5.8064 5.74721 0.4865 0.241175 0.7222 5.42947 5.72178 5.7438 0.484658 0.240945 0.75048
5.86855 5.63462 5.99368 -0.0105182 0.28116 0.637732 5.8659 5.56461 5.97196 -0.00486489 0.29145 0.646776
5.66087 6.00779 5.86453 0.131603 0.301951 0.589792 5.68323 5.95752 5.8823 0.145349 0.303045 0.636924
5.67641 5.59769 5.80616 0.162788 0.0418854 0.686122 5.61536 5.55723 5.72585 0.155871 0.041865 0.708474
5.83408 5.80064 5.77678 -0.0862187 -0.311102 0.516512 5.83157 5.76676 5.79154 -0.0936953 -0.359937 0.542876
