    3.0020208224e+03    3.3631569527e+03   -6.6627771626e+04    4.0009366167e+01    3.9598683647e+01    4.0174260898e+01    1.9318945466e-01    8.7684899259e-02    3.5897432554e-02    8.4333407524e+01    3.1625027822e+01    3.1625027822e+01
    3.0093545703e+03    3.3713729335e+03   -6.6616704258e+04    4.0291611077e+01    3.9785852296e+01    4.0000452763e+01   -1.9503392651e-02   -8.7462297664e-03    1.8641744712e-02    8.4333407524e+01    3.1625027822e+01    3.1625027822e+01
    3.0356753730e+03    3.4008600676e+03   -6.6645685120e+04    3.9861688189e+01    3.9850225507e+01    4.0107622325e+01   -3.1544256460e-02   -2.8841520520e-03    5.5678652686e-02    8.4333407524e+01    3.1625027822e+01    3.1625027822e+01
    3.0055363686e+03    3.3670954110e+03   -6.6606735894e+04    4.0112148403e+01    4.0044037017e+01    4.0101298413e+01    9.4647244496e-03    9.0768719948e-02   -3.1376956863e-02    8.4333407524e+01    3.1625027822e+01    3.1625027822e+01
    2.9920121193e+03    3.3519442260e+03   -6.6596440221e+04    4.0325027029e+01    3.9767113309e+01    3.9982130980e+01    1.1513170826e-01   -7.7917572789e-02   -6.3407652312e-02    8.4333407524e+01    3.1625027822e+01    3.1625027822e+01
    2.9977483009e+03    3.3583704569e+03   -6.6601654642e+04    4.0356832920e+01    4.0254215323e+01    3.9911136106e+01   -5.1744021268e-02   -2.1697613834e-02   -2.1813148292e-02    8.4333407524e+01    3.1625027822e+01    3.1625027822e+01
    3.0097203038e+03    3.3717826639e+03   -6.6615202761e+04    3.9989370535e+01    3.9962783270e+01    3.9972258516e+01    3.3061883663e-02   -2.1890426704e-01    6.6860059308e-02    8.4333407524e+01    3.1625027822e+01    3.1625027822e+01
    2.9962526245e+03    3.3566948541e+03   -6.6599594365e+04    4.0400304452e+01    4.0082945635e+01    3.9874889740e+01    4.0105307157e-03   -1.2091504479e-02    2.4898639012e-02    8.4333407524e+01    3.1625027822e+01    3.1625027822e+01
    3.0156235525e+03    3.3783960597e+03   -6.6625465765e+04    4.0218703299e+01    3.9805030804e+01    4.0483269731e+01   -4.8256086840e-02    7.5566928644e-02    4.3178184654e-02    8.4333407524e+01    3.1625027822e+01    3.1625027822e+01
    2.9769227704e+03    3.3350396634e+03   -6.6580930600e+04    4.0317608968e+01    4.0222898957e+01    3.9960011216e+01   -3.8805079228e-02    7.6617090518e-02    9.8119336919e-03    8.4333407524e+01    3.1625027822e+01    3.1625027822e+01
    3.0004964932e+03    3.3614492503e+03   -6.6606144145e+04    4.0469773103e+01    4.0273716268e+01    4.0067827153e+01   -1.5930058834e-01    1.1504053844e-01    2.2884037758e-02    8.4333407524e+01    3.1625027822e+01    3.1625027822e+01
    3.0058423176e+03    3.3674381650e+03   -6.6612909503e+04    3.9934480357e+01    3.9978612169e+01    3.9781230532e+01    2.1926237919e-03   -2.8938730576e-02    1.3016162639e-01    8.4333407524e+01    3.1625027822e+01    3.1625027822e+01
    2.9956981368e+03    3.3560736628e+03   -6.6602251685e+04    4.0484396169e+01    4.0221610716e+01    3.9835796422e+01    1.9185930150e-02    9.8250449443e-02    5.9248675929e-02    8.4333407524e+01    3.1625027822e+01    3.1625027822e+01
    3.0108019903e+03    3.3729944748e+03   -6.6619059685e+04    4.0437819496e+01    3.9760077200e+01    4.0122814040e+01   -9.1422067599e-02    5.0690970604e-02    2.2944236709e-01    8.4333407524e+01    3.1625027822e+01    3.1625027822e+01
    3.0236830491e+03    3.3874250950e+03   -6.6634663805e+04    3.9923145378e+01    3.9822184270e+01    3.9443386502e+01   -3.9637614236e-02    6.8079947183e-02    1.3706215661e-01    8.4333407524e+01    3.1625027822e+01    3.1625027822e+01
    3.0014384245e+03    3.3625044938e+03   -6.6611406656e+04    4.0589613599e+01    3.9703575980e+01    3.9734677555e+01    1.4418594776e-03   -9.8905081133e-02   -1.7755195576e-01    8.4333407524e+01    3.1625027822e+01    3.1625027822e+01
    3.0084560535e+03    3.3703663273e+03   -6.6613725984e+04    4.0058687907e+01    3.9990331518e+01    4.0019336775e+01   -1.0923581167e-01   -4.1270554182e-02    1.0523437801e-01    8.4333407524e+01    3.1625027822e+01    3.1625027822e+01
    3.0067381982e+03    3.3684418179e+03   -6.6617131283e+04    4.0053702509e+01    3.9935285476e+01    4.0043086612e+01    6.6230795394e-02   -5.3387275400e-02    1.0545525854e-02    8.4333407524e+01    3.1625027822e+01    3.1625027822e+01
    3.0092243984e+03    3.3712271023e+03   -6.6611313776e+04    4.0152241810e+01    4.0086041496e+01    3.9562587581e+01    1.0306627568e-01   -1.3526449120e-01   -4.4346239019e-02    8.4333407524e+01    3.1625027822e+01    3.1625027822e+01
    3.0137991668e+03    3.3763522046e+03   -6.6622056585e+04    3.9870437071e+01    4.0103433365e+01    4.0127581702e+01    2.3666078744e-02   -2.4829814546e-02    5.5611729617e-02    8.4333407524e+01    3.1625027822e+01    3.1625027822e+01
    3.0127200267e+03    3.3751432465e+03   -6.6621051859e+04    4.0165186432e+01    3.9828805272e+01    3.9802414440e+01    1.4401728803e-01    1.8052674954e-03    1.9503550739e-01    8.4333407524e+01    3.1625027822e+01    3.1625027822e+01
    2.9897136242e+03    3.3493692272e+03   -6.6597685510e+04    4.0171935733e+01    4.0142284350e+01    4.0362355109e+01   -3.9054016619e-02   -9.6620266027e-02    5.3074409705e-02    8.4333407524e+01    3.1625027822e+01    3.1625027822e+01
    2.9795590544e+03    3.3379930862e+03   -6.6582811177e+04    4.0319596988e+01    4.0068135512e+01    4.0054536407e+01    1.2674694310e-01    1.3702636342e-01    1.1032955899e-02    8.4333407524e+01    3.1625027822e+01    3.1625027822e+01
    2.9884580162e+03    3.3479625725e+03   -6.6593627723e+04    4.0087879136e+01    4.0220793376e+01    3.9904764957e+01    2.6376997022e-02   -7.0895404586e-02    1.4840458011e-01    8.4333407524e+01    3.1625027822e+01    3.1625027822e+01
    2.9987149851e+03    3.3594534309e+03   -6.6604109533e+04    3.9999306803e+01    4.0062222408e+01    4.0280150130e+01   -3.8995333401e-02    2.8341953895e-02   -1.1490487780e-01    8.4333407524e+01    3.1625027822e+01    3.1625027822e+01
    3.0205026276e+03    3.3838620762e+03   -6.6630688738e+04    4.0091760801e+01    3.9962140753e+01    3.9729016432e+01    9.7335673002e-02   -1.8859103721e-01    1.3778470691e-02    8.4333407524e+01    3.1625027822e+01    3.1625027822e+01
    3.0295770829e+03    3.3940281674e+03   -6.6638328286e+04    3.9994440427e+01    3.9913106832e+01    3.9873287410e+01    7.2156853841e-02    1.1839921232e-01   -6.4819365696e-02    8.4333407524e+01    3.1625027822e+01    3.1625027822e+01
    3.0074599190e+03    3.3692503601e+03   -6.6611702297e+04    4.0295117751e+01    3.9788431166e+01    3.9898853155e+01   -1.0083916338e-01   -1.9880858691e-03    1.3527796794e-01    8.4333407524e+01    3.1625027822e+01    3.1625027822e+01
    3.0015184504e+03    3.3625941466e+03   -6.6611021869e+04    4.0177439767e+01    4.0092808490e+01    3.9974902434e+01    2.8508695520e-02    9.2839576217e-02    7.6097241030e-02    8.4333407524e+01    3.1625027822e+01    3.1625027822e+01
    2.9795940896e+03    3.3380323362e+03   -6.6582087332e+04    4.0445874891e+01    3.9837103798e+01    3.9882339161e+01   -1.0731745296e-01    3.4934378677e-02   -7.7226088181e-02    8.4333407524e+01    3.1625027822e+01    3.1625027822e+01
    2.9816257406e+03    3.3403083900e+03   -6.6586764078e+04    4.0787506338e+01    3.9865754983e+01    4.0322744375e+01   -3.5722523183e-02    1.1131995908e-01   -5.6243938450e-02    8.4333407524e+01    3.1625027822e+01    3.1625027822e+01
    2.9899400020e+03    3.3496228378e+03   -6.6591623412e+04    4.0372851141e+01    4.0149824860e+01    3.9987400996e+01   -9.8774683931e-03   -8.3373961891e-02   -5.4897222415e-02    8.4333407524e+01    3.1625027822e+01    3.1625027822e+01
    2.9926582938e+03    3.3526681338e+03   -6.6602486302e+04    4.0210261252e+01    4.0033518405e+01    4.0010263471e+01   -2.4888382753e-02    3.7474478658e-02   -1.5044226910e-02    8.4333407524e+01    3.1625027822e+01    3.1625027822e+01
    3.0230899380e+03    3.3867606340e+03   -6.6632733723e+04    4.0156540065e+01    4.0118041983e+01    3.9849615932e+01    2.8332747345e-02    1.4144998738e-01    2.9862665641e-02    8.4333407524e+01    3.1625027822e+01    3.1625027822e+01
    2.9832678200e+03    3.3421480078e+03   -6.6587089459e+04    3.9880480181e+01    4.0311676372e+01    3.9897227032e+01   -3.2802062684e-02   -3.4580906717e-02   -8.3169788682e-02    8.4333407524e+01    3.1625027822e+01    3.1625027822e+01
    2.9823276109e+03    3.3410946937e+03   -6.6585975603e+04    4.0217506751e+01    4.0241196513e+01    4.0035335533e+01   -1.1149207926e-01   -2.8856976586e-02   -1.2475181681e-01    8.4333407524e+01    3.1625027822e+01    3.1625027822e+01
    2.9971216488e+03    3.3576684199e+03   -6.6605393307e+04    3.9980971093e+01    4.0003804831e+01    3.9821967370e+01    2.3545142818e-01   -1.0512643994e-01    3.9542377020e-02    8.4333407524e+01    3.1625027822e+01    3.1625027822e+01
    2.9991164581e+03    3.3599032002e+03   -6.6604826167e+04    4.0271759846e+01    4.0035049861e+01    4.0352302307e+01   -1.6375430353e-01    6.9980602327e-02    1.2390413972e-02    8.4333407524e+01    3.1625027822e+01    3.1625027822e+01
    3.0093983711e+03    3.3714220035e+03   -6.6617665920e+04    4.0418623329e+01    3.9635945518e+01    3.9977585006e+01    8.9979959327e-02    9.4664547287e-02   -4.7745075533e-02    8.4333407524e+01    3.1625027822e+01    3.1625027822e+01
    3.0042310553e+03    3.3656330715e+03   -6.6610269146e+04    4.0332102781e+01    3.9723856249e+01    4.0064933059e+01    2.4734741164e-01    4.8681775114e-02   -1.4337246149e-01    8.4333407524e+01    3.1625027822e+01    3.1625027822e+01
    3.0140325057e+03    3.3766136137e+03   -6.6616485260e+04    4.0427471405e+01    3.9935862245e+01    3.9701422154e+01   -4.4792776404e-03   -8.9896813231e-02    8.2470804322e-02    8.4333407524e+01    3.1625027822e+01    3.1625027822e+01
    2.9933044340e+03    3.3533920031e+03   -6.6601572618e+04    4.0092944747e+01    4.0209893017e+01    4.0039890563e+01   -8.3760632841e-02    3.1146835178e-02   -1.9320585362e-02    8.4333407524e+01    3.1625027822e+01    3.1625027822e+01
    2.9690790478e+03    3.3262523593e+03   -6.6572576245e+04    4.0435089628e+01    4.0212054485e+01    3.9924914208e+01   -3.1189691758e-02   -6.1847295754e-02   -4.7431516697e-02    8.4333407524e+01    3.1625027822e+01    3.1625027822e+01
    2.9889970461e+03    3.3485664465e+03   -6.6595320270e+04    4.0086525934e+01    4.0389752977e+01    3.9853887652e+01   -1.2380557075e-03    1.0798978714e-01   -1.5803112174e-02    8.4333407524e+01    3.1625027822e+01    3.1625027822e+01
    2.9627956847e+03    3.3192131221e+03   -6.6570070669e+04    4.0508649398e+01    4.0016286101e+01    4.0109660415e+01    2.1955386558e-01   -1.2108095296e-01    5.0860655280e-02    8.4333407524e+01    3.1625027822e+01    3.1625027822e+01
    2.9670240024e+03    3.3239500967e+03   -6.6567680605e+04    4.0494011156e+01    4.0236351317e+01    4.0179755795e+01   -6.0893978318e-02    7.5446859299e-02    2.3785339898e-02    8.4333407524e+01    3.1625027822e+01    3.1625027822e+01
    2.9957714548e+03    3.3561558008e+03   -6.6601412126e+04    4.0388207748e+01    3.9940636706e+01    4.0415520030e+01    1.9387972548e-01    1.7632517538e-01    1.2167796293e-02    8.4333407524e+01    3.1625027822e+01    3.1625027822e+01
    2.9972116336e+03    3.3577692297e+03   -6.6607078243e+04    3.9875125279e+01    4.0153954035e+01    4.0054786469e+01    1.0696079071e-01    4.0342665182e-03    9.0357522256e-02    8.4333407524e+01    3.1625027822e+01    3.1625027822e+01
    3.0111189159e+03    3.3733495258e+03   -6.6614240365e+04    4.0334705510e+01    3.9841713531e+01    3.9989559633e+01   -4.8842057929e-02   -1.0031180344e-01    1.5397731573e-01    8.4333407524e+01    3.1625027822e+01    3.1625027822e+01
    2.9875511588e+03    3.3469466223e+03   -6.6594445602e+04    4.0440380875e+01    4.0150966260e+01    4.0023450655e+01   -4.9522020093e-03   -1.5049528587e-01    2.0316459891e-01    8.4333407524e+01    3.1625027822e+01    3.1625027822e+01
    3.0068084716e+03    3.3685205451e+03   -6.6612013671e+04    4.0226241675e+01    4.0029856918e+01    4.0325334179e+01    1.1102295290e-02   -4.5048022503e-02   -7.2683901037e-02    8.4333407524e+01    3.1625027822e+01    3.1625027822e+01
    3.0120779171e+03    3.3744238926e+03   -6.6621140003e+04    4.0231598136e+01    4.0024928266e+01    3.9993561577e+01   -7.2103167793e-02    5.7594668675e-03   -1.7221684565e-02    8.4333407524e+01    3.1625027822e+01    3.1625027822e+01
    2.9947126478e+03    3.3549696217e+03   -6.6599150186e+04    4.0068119689e+01    3.9829553584e+01    4.0029995042e+01   -1.0915032120e-01    8.5914508276e-03   -5.2700076317e-02    8.4333407524e+01    3.1625027822e+01    3.1625027822e+01
    3.0160832399e+03    3.3789110464e+03   -6.6622762714e+04    4.0170253331e+01    4.0035387716e+01    4.0132431602e+01   -4.4372813533e-02    1.0346712691e-01   -9.6739984178e-02    8.4333407524e+01    3.1625027822e+01    3.1625027822e+01
    2.9931797277e+03    3.3532522949e+03   -6.6598716199e+04    4.0104965689e+01    3.9954653847e+01    3.9813012418e+01   -9.5639982972e-02    4.9337413175e-03    4.3983008464e-02    8.4333407524e+01    3.1625027822e+01    3.1625027822e+01
    3.0017857964e+03    3.3628936537e+03   -6.6609813834e+04    4.0660279316e+01    3.9855224173e+01    3.9721971538e+01   -6.4613622444e-03    1.6444774008e-02    4.5443588480e-02    8.4333407524e+01    3.1625027822e+01    3.1625027822e+01
    3.0166491988e+03    3.3795450888e+03   -6.6622079949e+04    4.0007946838e+01    4.0025257726e+01    4.0189498677e+01    5.3805544606e-02   -4.7160740409e-02    3.2830041035e-02    8.4333407524e+01    3.1625027822e+01    3.1625027822e+01
    3.0221704179e+03    3.3857304978e+03   -6.6627013169e+04    4.0086098035e+01    3.9768952879e+01    3.9805958326e+01   -1.0572278052e-02   -6.9198313505e-02    2.1259706804e-01    8.4333407524e+01    3.1625027822e+01    3.1625027822e+01
    3.0127429172e+03    3.3751688907e+03   -6.6623407526e+04    4.0395453349e+01    4.0000278931e+01    3.9868466747e+01    7.9175652995e-02   -2.2990653848e-01   -8.9151078191e-02    8.4333407524e+01    3.1625027822e+01    3.1625027822e+01
    3.0351935301e+03    3.4003202601e+03   -6.6648390851e+04    3.9826789286e+01    4.0103503727e+01    3.9758373672e+01   -9.9587339698e-02    5.5799674944e-02    7.0241262520e-02    8.4333407524e+01    3.1625027822e+01    3.1625027822e+01
    3.0247667919e+03    3.3886392096e+03   -6.6635724856e+04    4.0331970144e+01    3.9835794228e+01    3.9737030308e+01   -9.6281585652e-02    7.4255243583e-03    3.2387053223e-02    8.4333407524e+01    3.1625027822e+01    3.1625027822e+01
    2.9931227316e+03    3.3531884423e+03   -6.6600900700e+04    4.0304790639e+01    3.9854467696e+01    4.0131072319e+01    2.5333628149e-02    1.2869961339e-01   -9.0145071462e-02    8.4333407524e+01    3.1625027822e+01    3.1625027822e+01
    2.9882644006e+03    3.3477456655e+03   -6.6592605966e+04    4.0294778488e+01    4.0180588626e+01    3.9976998665e+01   -1.4055845363e-01    1.0862759230e-01   -1.6673572640e-02    8.4333407524e+01    3.1625027822e+01    3.1625027822e+01
    3.0012585014e+03    3.3623029263e+03   -6.6609377224e+04    4.0142647895e+01    4.0282460797e+01    4.0032333203e+01   -7.1567882312e-02    8.8714888686e-03    4.6900332894e-03    8.4333407524e+01    3.1625027822e+01    3.1625027822e+01
    3.0209966273e+03    3.3844155029e+03   -6.6627581110e+04    4.0260592433e+01    3.9697509917e+01    3.9892934439e+01   -6.9681677389e-02   -6.1129807435e-02   -2.1408738310e-02    8.4333407524e+01    3.1625027822e+01    3.1625027822e+01
    2.9800479349e+03    3.3385407780e+03   -6.6586002368e+04    4.0476311639e+01    4.0112903704e+01    4.0332419444e+01    4.9847287653e-02    3.9668018672e-03   -1.0890464763e-01    8.4333407524e+01    3.1625027822e+01    3.1625027822e+01
    3.0147033005e+03    3.3773651035e+03   -6.6624914516e+04    4.0065230085e+01    4.0106590839e+01    3.9873087574e+01    5.4786802862e-02   -5.0184039009e-02   -8.0619440672e-02    8.4333407524e+01    3.1625027822e+01    3.1625027822e+01
    3.0070640012e+03    3.3688068143e+03   -6.6612883020e+04    4.0197267992e+01    3.9951041649e+01    3.9841423213e+01    2.2703747844e-01   -1.4107097470e-01   -6.7372528666e-02    8.4333407524e+01    3.1625027822e+01    3.1625027822e+01
    2.9775253749e+03    3.3357147599e+03   -6.6582338827e+04    4.0358361362e+01    4.0031869620e+01    4.0081265575e+01    1.0219233634e-01   -1.4618987517e-01   -2.0256436842e-03    8.4333407524e+01    3.1625027822e+01    3.1625027822e+01
    3.0107984353e+03    3.3729904921e+03   -6.6615681816e+04    4.0093308050e+01    4.0166627840e+01    4.0310820923e+01   -4.3508164398e-03    5.1581283920e-02   -9.2452834756e-02    8.4333407524e+01    3.1625027822e+01    3.1625027822e+01
    3.0089283550e+03    3.3708954455e+03   -6.6616453377e+04    4.0263401314e+01    4.0091871118e+01    4.0219726185e+01    1.3601136572e-01    1.6685530986e-01    1.4480705733e-01    8.4333407524e+01    3.1625027822e+01    3.1625027822e+01
    3.0179683475e+03    3.3810229281e+03   -6.6623871698e+04    3.9625146705e+01    3.9885013338e+01    3.9969035926e+01    2.4137016208e-02   -2.3594822705e-02    8.5890446980e-03    8.4333407524e+01    3.1625027822e+01    3.1625027822e+01
    3.0204167012e+03    3.3837658130e+03   -6.6626775296e+04    3.9959499742e+01    3.9851153109e+01    4.0146809728e+01   -6.3447878813e-02   -3.8132298855e-02   -1.1659280150e-01    8.4333407524e+01    3.1625027822e+01    3.1625027822e+01
    2.9959460449e+03    3.3563513936e+03   -6.6602001389e+04    4.0418544836e+01    4.0210158907e+01    3.9674201924e+01   -1.2125970266e-01    3.7977319018e-02   -3.4845495080e-02    8.4333407524e+01    3.1625027822e+01    3.1625027822e+01
    3.0282198854e+03    3.3925077022e+03   -6.6642029804e+04    4.0000596239e+01    3.9550217439e+01    3.9957634809e+01   -1.2206158777e-01   -3.2122056486e-02   -8.8298487155e-02    8.4333407524e+01    3.1625027822e+01    3.1625027822e+01
    2.9642334151e+03    3.3208238082e+03   -6.6568800639e+04    4.0544642223e+01    4.0048138610e+01    4.0114284743e+01    1.2837944936e-01   -8.0099997239e-02   -2.0815281973e-02    8.4333407524e+01    3.1625027822e+01    3.1625027822e+01
    2.9917860554e+03    3.3516909671e+03   -6.6598331182e+04    4.0420440597e+01    3.9982073270e+01    3.9598153475e+01    4.8622033054e-02   -7.9816905183e-02   -2.5932560985e-02    8.4333407524e+01    3.1625027822e+01    3.1625027822e+01
    3.0322348544e+03    3.3970056627e+03   -6.6642510887e+04    4.0152434951e+01    3.9969796932e+01    3.9842596363e+01    3.1708562334e-02   -4.3115461741e-02   -9.6377506828e-02    8.4333407524e+01    3.1625027822e+01    3.1625027822e+01
    3.0119474639e+03    3.3742777461e+03   -6.6618785921e+04    4.0613446305e+01    4.0281682896e+01    3.9740635865e+01    8.4398933727e-02    6.9739186266e-02   -1.7078936900e-01    8.4333407524e+01    3.1625027822e+01    3.1625027822e+01
    3.0115208542e+03    3.3737998164e+03   -6.6625038510e+04    4.0353858823e+01    3.9974585311e+01    3.9844037670e+01    2.1922501251e-02    1.2122972185e-02   -1.0361349304e-01    8.4333407524e+01    3.1625027822e+01    3.1625027822e+01
    3.0158155213e+03    3.3786111220e+03   -6.6625605985e+04    4.0381523127e+01    3.9996095361e+01    3.9637376752e+01   -1.0451110721e-01    4.1296280406e-02   -1.8263923551e-01    8.4333407524e+01    3.1625027822e+01    3.1625027822e+01
    2.9665121254e+03    3.3233766420e+03   -6.6567851990e+04    4.0516242740e+01    4.0014730960e+01    3.9868990158e+01    3.0609273636e-02   -6.2621173041e-02   -7.6008628061e-02    8.4333407524e+01    3.1625027822e+01    3.1625027822e+01
    3.0095879128e+03    3.3716343466e+03   -6.6618911131e+04    4.0453310126e+01    3.9813535131e+01    3.9871830775e+01   -8.0393324015e-02    6.2727800212e-02   -3.6960822683e-02    8.4333407524e+01    3.1625027822e+01    3.1625027822e+01
    2.9798784903e+03    3.3383509496e+03   -6.6588577918e+04    4.0076502310e+01    4.0052397755e+01    3.9924098431e+01    5.8105603070e-02   -1.7414146436e-01   -7.9264218224e-02    8.4333407524e+01    3.1625027822e+01    3.1625027822e+01
    2.9656513183e+03    3.3224122818e+03   -6.6566813373e+04    4.0454890424e+01    3.9980473029e+01    4.0255251102e+01    3.9649921504e-02   -4.6616110597e-02   -3.5219416211e-02    8.4333407524e+01    3.1625027822e+01    3.1625027822e+01
    3.0017585368e+03    3.3628631148e+03   -6.6610131315e+04    4.0433257280e+01    4.0007844974e+01    3.9868519007e+01   -1.0071801974e-01   -1.5181119099e-01    3.3927247981e-02    8.4333407524e+01    3.1625027822e+01    3.1625027822e+01
    2.9956406843e+03    3.3560092989e+03   -6.6600282274e+04    4.0317736921e+01    4.0149217422e+01    3.9797359439e+01    8.4781194717e-02    4.2295922298e-02    5.0439381107e-02    8.4333407524e+01    3.1625027822e+01    3.1625027822e+01
    2.9422785552e+03    3.2962278297e+03   -6.6541939607e+04    4.0617484237e+01    4.0246937117e+01    4.0294594630e+01    1.8226650097e-01    3.8490884880e-02    3.9346849335e-02    8.4333407524e+01    3.1625027822e+01    3.1625027822e+01
    3.0110090718e+03    3.3732264677e+03   -6.6618036486e+04    4.0129591769e+01    4.0029515140e+01    3.9716842547e+01    6.1256005597e-02   -8.7612415456e-02    4.3253634539e-03    8.4333407524e+01    3.1625027822e+01    3.1625027822e+01
    2.9970730225e+03    3.3576139441e+03   -6.6600759017e+04    4.0675072216e+01    4.0341144348e+01    4.0134352193e+01    1.6213930191e-01    3.9114673954e-03    3.8605551271e-02    8.4333407524e+01    3.1625027822e+01    3.1625027822e+01
    2.9957984122e+03    3.3561860011e+03   -6.6606629426e+04    4.0248636289e+01    3.9977476381e+01    3.9982567710e+01    4.2649115806e-02    3.8885019147e-02   -3.9706647761e-03    8.4333407524e+01    3.1625027822e+01    3.1625027822e+01
    3.0278647159e+03    3.3921098066e+03   -6.6635386747e+04    4.0296696865e+01    3.9792981083e+01    3.9550466128e+01    1.0255950237e-02   -8.2611448303e-02   -2.2206302277e-01    8.4333407524e+01    3.1625027822e+01    3.1625027822e+01
    2.9922199981e+03    3.3521771121e+03   -6.6592445891e+04    4.0398921094e+01    4.0315686721e+01    4.0067799188e+01   -1.3010759156e-01   -7.8881805452e-02   -4.4746819228e-03    8.4333407524e+01    3.1625027822e+01    3.1625027822e+01
    2.9962551269e+03    3.3566976575e+03   -6.6605009667e+04    4.0599507004e+01    3.9674993333e+01    3.9934619593e+01    1.0530242905e-01    6.2835559067e-02   -4.2305223510e-02    8.4333407524e+01    3.1625027822e+01    3.1625027822e+01
    2.9950168931e+03    3.3553104671e+03   -6.6601442568e+04    4.0095646790e+01    4.0192761971e+01    3.9969485338e+01   -1.2124368444e-01   -6.8821315515e-02    8.0815793931e-02    8.4333407524e+01    3.1625027822e+01    3.1625027822e+01
    2.9620610323e+03    3.3183900928e+03   -6.6566022798e+04    4.0150322086e+01    4.0472652392e+01    4.0687878388e+01   -5.9707660217e-02    2.7805903327e-02    8.4645448267e-02    8.4333407524e+01    3.1625027822e+01    3.1625027822e+01
    3.0124086693e+03    3.3747944335e+03   -6.6614507526e+04    4.0506174615e+01    3.9661128311e+01    3.9915633947e+01   -1.7116993890e-01   -4.0203597984e-02    2.8270082011e-02    8.4333407524e+01    3.1625027822e+01    3.1625027822e+01
    3.0078296696e+03    3.3696645908e+03   -6.6618604785e+04    4.0092787536e+01    3.9807139947e+01    4.0164814907e+01   -2.0692767311e-02    1.8875861848e-01    8.4503224857e-02    8.4333407524e+01    3.1625027822e+01    3.1625027822e+01
    2.9785322356e+03    3.3368427435e+03   -6.6585681811e+04    4.0608175022e+01    3.9979328497e+01    3.9982306877e+01   -1.9916980090e-01    7.4074122254e-02    4.5281447433e-02    8.4333407524e+01    3.1625027822e+01    3.1625027822e+01
    3.0103443893e+03    3.3724818255e+03   -6.6618373492e+04    4.0049515119e+01    4.0086822559e+01    3.9903201359e+01    6.2500817429e-02    1.1641521842e-01    1.4381111788e-01    8.4333407524e+01    3.1625027822e+01    3.1625027822e+01
    3.0103443893e+03    3.3724818255e+03   -6.6618373492e+04    4.0049515119e+01    4.0086822559e+01    3.9903201359e+01    6.2500817429e-02    1.1641521842e-01    1.4381111788e-01    8.4333407524e+01    3.1625027822e+01    3.1625027822e+01
    3.0103443893e+03    3.3724818255e+03   -6.6618373492e+04    4.0049515119e+01    4.0086822559e+01    3.9903201359e+01    6.2500817429e-02    1.1641521842e-01    1.4381111788e-01    8.4333407524e+01    3.1625027822e+01    3.1625027822e+01
    3.0103443893e+03    3.3724818255e+03   -6.6618373492e+04    4.0049515119e+01    4.0086822559e+01    3.9903201359e+01    6.2500817429e-02    1.1641521842e-01    1.4381111788e-01    8.4333407524e+01    3.1625027822e+01    3.1625027822e+01
    3.0103443893e+03    3.3724818255e+03   -6.6618373492e+04    4.0049515119e+01    4.0086822559e+01    3.9903201359e+01    6.2500817429e-02    1.1641521842e-01    1.4381111788e-01    8.4333407524e+01    3.1625027822e+01    3.1625027822e+01
    3.0103443893e+03    3.3724818255e+03   -6.6618373492e+04    4.0049515119e+01    4.0086822559e+01    3.9903201359e+01    6.2500817429e-02    1.1641521842e-01    1.4381111788e-01    8.4333407524e+01    3.1625027822e+01    3.1625027822e+01
    3.0103443893e+03    3.3724818255e+03   -6.6618373492e+04    4.0049515119e+01    4.0086822559e+01    3.9903201359e+01    6.2500817429e-02    1.1641521842e-01    1.4381111788e-01    8.4333407524e+01    3.1625027822e+01    3.1625027822e+01
    3.0103443893e+03    3.3724818255e+03   -6.6618373492e+04    4.0049515119e+01    4.0086822559e+01    3.9903201359e+01    6.2500817429e-02    1.1641521842e-01    1.4381111788e-01    8.4333407524e+01    3.1625027822e+01    3.1625027822e+01
    3.0103443893e+03    3.3724818255e+03   -6.6618373492e+04    4.0049515119e+01    4.0086822559e+01    3.9903201359e+01    6.2500817429e-02    1.1641521842e-01    1.4381111788e-01    8.4333407524e+01    3.1625027822e+01    3.1625027822e+01
    3.0103443893e+03    3.3724818255e+03   -6.6618373492e+04    4.0049515119e+01    4.0086822559e+01    3.9903201359e+01    6.2500817429e-02    1.1641521842e-01    1.4381111788e-01    8.4333407524e+01    3.1625027822e+01    3.1625027822e+01
    3.0103443893e+03    3.3724818255e+03   -6.6618373492e+04    4.0049515119e+01    4.0086822559e+01    3.9903201359e+01    6.2500817429e-02    1.1641521842e-01    1.4381111788e-01    8.4333407524e+01    3.1625027822e+01    3.1625027822e+01
    3.0103443893e+03    3.3724818255e+03   -6.6618373492e+04    4.0049515119e+01    4.0086822559e+01    3.9903201359e+01    6.2500817429e-02    1.1641521842e-01    1.4381111788e-01    8.4333407524e+01    3.1625027822e+01    3.1625027822e+01
    3.0103443893e+03    3.3724818255e+03   -6.6618373492e+04    4.0049515119e+01    4.0086822559e+01    3.9903201359e+01    6.2500817429e-02    1.1641521842e-01    1.4381111788e-01    8.4333407524e+01    3.1625027822e+01    3.1625027822e+01
    3.0103443893e+03    3.3724818255e+03   -6.6618373492e+04    4.0049515119e+01    4.0086822559e+01    3.9903201359e+01    6.2500817429e-02    1.1641521842e-01    1.4381111788e-01    8.4333407524e+01    3.1625027822e+01    3.1625027822e+01
    3.0103443893e+03    3.3724818255e+03   -6.6618373492e+04    4.0049515119e+01    4.0086822559e+01    3.9903201359e+01    6.2500817429e-02    1.1641521842e-01    1.4381111788e-01    8.4333407524e+01    3.1625027822e+01    3.1625027822e+01
    3.0103443893e+03    3.3724818255e+03   -6.6618373492e+04    4.0049515119e+01    4.0086822559e+01    3.9903201359e+01    6.2500817429e-02    1.1641521842e-01    1.4381111788e-01    8.4333407524e+01    3.1625027822e+01    3.1625027822e+01
    3.0103443893e+03    3.3724818255e+03   -6.6618373492e+04    4.0049515119e+01    4.0086822559e+01    3.9903201359e+01    6.2500817429e-02    1.1641521842e-01    1.4381111788e-01    8.4333407524e+01    3.1625027822e+01    3.1625027822e+01
    3.0103443893e+03    3.3724818255e+03   -6.6618373492e+04    4.0049515119e+01    4.0086822559e+01    3.9903201359e+01    6.2500817429e-02    1.1641521842e-01    1.4381111788e-01    8.4333407524e+01    3.1625027822e+01    3.1625027822e+01
    3.0103443893e+03    3.3724818255e+03   -6.6618373492e+04    4.0049515119e+01    4.0086822559e+01    3.9903201359e+01    6.2500817429e-02    1.1641521842e-01    1.4381111788e-01    8.4333407524e+01    3.1625027822e+01    3.1625027822e+01
    3.0103443893e+03    3.3724818255e+03   -6.6618373492e+04    4.0049515119e+01    4.0086822559e+01    3.9903201359e+01    6.2500817429e-02    1.1641521842e-01    1.4381111788e-01    8.4333407524e+01    3.1625027822e+01    3.1625027822e+01
    3.0103443893e+03    3.3724818255e+03   -6.6618373492e+04    4.0049515119e+01    4.0086822559e+01    3.9903201359e+01    6.2500817429e-02    1.1641521842e-01    1.4381111788e-01    8.4333407524e+01    3.1625027822e+01    3.1625027822e+01
    3.0103443893e+03    3.3724818255e+03   -6.6618373492e+04    4.0049515119e+01    4.0086822559e+01    3.9903201359e+01    6.2500817429e-02    1.1641521842e-01    1.4381111788e-01    8.4333407524e+01    3.1625027822e+01    3.1625027822e+01
    3.0103443893e+03    3.3724818255e+03   -6.6618373492e+04    4.0049515119e+01    4.0086822559e+01    3.9903201359e+01    6.2500817429e-02    1.1641521842e-01    1.4381111788e-01    8.4333407524e+01    3.1625027822e+01    3.1625027822e+01
    3.0103443893e+03    3.3724818255e+03   -6.6618373492e+04    4.0049515119e+01    4.0086822559e+01    3.9903201359e+01    6.2500817429e-02    1.1641521842e-01    1.4381111788e-01    8.4333407524e+01    3.1625027822e+01    3.1625027822e+01
    3.0103443893e+03    3.3724818255e+03   -6.6618373492e+04    4.0049515119e+01    4.0086822559e+01    3.9903201359e+01    6.2500817429e-02    1.1641521842e-01    1.4381111788e-01    8.4333407524e+01    3.1625027822e+01    3.1625027822e+01
    3.0103443893e+03    3.3724818255e+03   -6.6618373492e+04    4.0049515119e+01    4.0086822559e+01    3.9903201359e+01    6.2500817429e-02    1.1641521842e-01    1.4381111788e-01    8.4333407524e+01    3.1625027822e+01    3.1625027822e+01
    3.0103443893e+03    3.3724818255e+03   -6.6618373492e+04    4.0049515119e+01    4.0086822559e+01    3.9903201359e+01    6.2500817429e-02    1.1641521842e-01    1.4381111788e-01    8.4333407524e+01    3.1625027822e+01    3.1625027822e+01
    3.0103443893e+03    3.3724818255e+03   -6.6618373492e+04    4.0049515119e+01    4.0086822559e+01    3.9903201359e+01    6.2500817429e-02    1.1641521842e-01    1.4381111788e-01    8.4333407524e+01    3.1625027822e+01    3.1625027822e+01
    3.0103443893e+03    3.3724818255e+03   -6.6618373492e+04    4.0049515119e+01    4.0086822559e+01    3.9903201359e+01    6.2500817429e-02    1.1641521842e-01    1.4381111788e-01    8.4333407524e+01    3.1625027822e+01    3.1625027822e+01
    3.0103443893e+03    3.3724818255e+03   -6.6618373492e+04    4.0049515119e+01    4.0086822559e+01    3.9903201359e+01    6.2500817429e-02    1.1641521842e-01    1.4381111788e-01    8.4333407524e+01    3.1625027822e+01    3.1625027822e+01
    3.0103443893e+03    3.3724818255e+03   -6.6618373492e+04    4.0049515119e+01    4.0086822559e+01    3.9903201359e+01    6.2500817429e-02    1.1641521842e-01    1.4381111788e-01    8.4333407524e+01    3.1625027822e+01    3.1625027822e+01
