    3.9726917601e+03    5.5459156998e+03   -7.5679181310e+04    1.2643261657e+02    1.2557880880e+02    1.2602370171e+02    1.1168847606e-02   -2.9953544405e-01   -2.3249890986e-03    5.9453667539e+01    4.9544722949e+01    2.9726833769e+01
    4.0102072092e+03    5.5982876257e+03   -7.5687462670e+04    1.2631782630e+02    1.2577006990e+02    1.2618704509e+02    1.3942712483e-02    2.5019384051e-02    6.6980438182e-02    5.9453667539e+01    4.9544722949e+01    2.9726833769e+01
    4.0119167656e+03    5.6006741828e+03   -7.5695161892e+04    1.2607735213e+02    1.2625622010e+02    1.2583160092e+02   -2.6765047339e-01    2.1124324225e-01   -4.4666081561e-02    5.9453667539e+01    4.9544722949e+01    2.9726833769e+01
    4.0288738778e+03    5.6243464737e+03   -7.5717884117e+04    1.2577359749e+02    1.2605306302e+02    1.2619875806e+02    1.2319687098e-01    1.2829124310e-01    1.6557993929e-03    5.9453667539e+01    4.9544722949e+01    2.9726833769e+01
    4.0079689817e+03    5.5951630386e+03   -7.5682855385e+04    1.2618455380e+02    1.2561321187e+02    1.2619957520e+02    6.1352217601e-02   -2.0108944144e-02    1.1837994020e-01    5.9453667539e+01    4.9544722949e+01    2.9726833769e+01
    3.9939267848e+03    5.5755599975e+03   -7.5668448032e+04    1.2652234083e+02    1.2552503911e+02    1.2620972990e+02    2.0215082602e-01   -1.2424970644e-02   -1.0615413932e-01    5.9453667539e+01    4.9544722949e+01    2.9726833769e+01
    3.9961547712e+03    5.5786702879e+03   -7.5675037839e+04    1.2587267529e+02    1.2625749938e+02    1.2665233115e+02   -3.1082386783e-01    4.6194007727e-02    3.3382709979e-01    5.9453667539e+01    4.9544722949e+01    2.9726833769e+01
    3.9851834388e+03    5.5633542028e+03   -7.5650517917e+04    1.2634702240e+02    1.2633974460e+02    1.2616488742e+02   -1.1127321822e-01    8.6736749773e-02   -3.9377911260e-02    5.9453667539e+01    4.9544722949e+01    2.9726833769e+01
    3.9869760169e+03    5.5658566590e+03   -7.5659057444e+04    1.2675018576e+02    1.2639595013e+02    1.2562305692e+02    1.1192635970e-01   -2.2172025367e-01    2.4179320533e-01    5.9453667539e+01    4.9544722949e+01    2.9726833769e+01
    4.0102403662e+03    5.5983339132e+03   -7.5686950193e+04    1.2612158989e+02    1.2613441129e+02    1.2631266580e+02   -2.0735730284e-01   -7.0546633122e-02    6.1738561332e-02    5.9453667539e+01    4.9544722949e+01    2.9726833769e+01
    4.0216284511e+03    5.6142317886e+03   -7.5704592450e+04    1.2617314755e+02    1.2592754947e+02    1.2607389449e+02   -1.2333394527e-01    9.0228634133e-02   -1.0174354330e-01    5.9453667539e+01    4.9544722949e+01    2.9726833769e+01
    3.9928279891e+03    5.5740260681e+03   -7.5664105310e+04    1.2621711536e+02    1.2585509274e+02    1.2625992842e+02   -2.7323194892e-02    2.2175383012e-01   -5.8533912361e-02    5.9453667539e+01    4.9544722949e+01    2.9726833769e+01
    3.9808174223e+03    5.5572592020e+03   -7.5658101737e+04    1.2669630928e+02    1.2612751063e+02    1.2596316623e+02    1.0174980081e-01    3.8750335047e-01    5.6355802173e-02    5.9453667539e+01    4.9544722949e+01    2.9726833769e+01
    3.9875731148e+03    5.5666902134e+03   -7.5659559186e+04    1.2678162085e+02    1.2583456106e+02    1.2589803034e+02    1.6632823889e-01   -1.9488543216e-01    1.6193367256e-02    5.9453667539e+01    4.9544722949e+01    2.9726833769e+01
    3.9575497940e+03    5.5247773703e+03   -7.5617207731e+04    1.2642478384e+02    1.2636790339e+02    1.2575200186e+02   -1.1370470180e-01    8.1678705233e-02   -2.6129957925e-03    5.9453667539e+01    4.9544722949e+01    2.9726833769e+01
    4.0131319042e+03    5.6023705279e+03   -7.5691688358e+04    1.2634982740e+02    1.2573681539e+02    1.2603903056e+02   -7.1029728704e-03    1.0461066549e-01   -2.0315685732e-01    5.9453667539e+01    4.9544722949e+01    2.9726833769e+01
    3.9886595397e+03    5.5682068729e+03   -7.5663107665e+04    1.2644476704e+02    1.2593020735e+02    1.2594453930e+02    1.7711907653e-01    8.7891562019e-02   -3.4467964705e-02    5.9453667539e+01    4.9544722949e+01    2.9726833769e+01
    4.0446291105e+03    5.6463409292e+03   -7.5742818994e+04    1.2582208009e+02    1.2602232839e+02    1.2560228275e+02   -5.6203187768e-02    1.1811418858e-01    1.4067737052e-01    5.9453667539e+01    4.9544722949e+01    2.9726833769e+01
    3.9867921884e+03    5.5656000326e+03   -7.5659361954e+04    1.2624351777e+02    1.2582989361e+02    1.2596320965e+02    1.9197413050e-01    4.5208263240e-02    1.1077955490e-01    5.9453667539e+01    4.9544722949e+01    2.9726833769e+01
    3.9931172207e+03    5.5744298382e+03   -7.5666885509e+04    1.2667875250e+02    1.2566476786e+02    1.2608936268e+02    9.7591110196e-02    2.0626943184e-01    1.6907345203e-01    5.9453667539e+01    4.9544722949e+01    2.9726833769e+01
    4.0104115883e+03    5.5985729408e+03   -7.5690593681e+04    1.2673161497e+02    1.2598079899e+02    1.2539961160e+02   -1.5838320331e-01   -8.8955315684e-02   -1.2161154283e-01    5.9453667539e+01    4.9544722949e+01    2.9726833769e+01
    4.0068118698e+03    5.5935476994e+03   -7.5684833643e+04    1.2643241429e+02    1.2593551108e+02    1.2566997745e+02    2.0056463469e-01   -1.5172916143e-02   -1.8736053522e-01    5.9453667539e+01    4.9544722949e+01    2.9726833769e+01
    4.0282091771e+03    5.6234185451e+03   -7.5721072870e+04    1.2621619221e+02    1.2547942806e+02    1.2570776716e+02    1.1769977463e-01   -1.7933606213e-01    1.0634140109e-01    5.9453667539e+01    4.9544722949e+01    2.9726833769e+01
    3.9840364661e+03    5.5617530180e+03   -7.5660580887e+04    1.2670492220e+02    1.2641118465e+02    1.2543105589e+02    2.2189187137e-02   -2.1503467395e-02    2.0980443522e-02    5.9453667539e+01    4.9544722949e+01    2.9726833769e+01
    3.9587784587e+03    5.5264925980e+03   -7.5621519145e+04    1.2678321104e+02    1.2610967473e+02    1.2593519922e+02   -2.2837860223e-02    2.0851950106e-01   -3.6760398875e-02    5.9453667539e+01    4.9544722949e+01    2.9726833769e+01
    3.9943911113e+03    5.5762082018e+03   -7.5667945742e+04    1.2623399270e+02    1.2567190061e+02    1.2633986345e+02    4.3382251012e-02    2.0717517686e-01    1.4663762064e-01    5.9453667539e+01    4.9544722949e+01    2.9726833769e+01
    4.0094383154e+03    5.5972142426e+03   -7.5692945279e+04    1.2656709691e+02    1.2597348641e+02    1.2589852521e+02    6.0470940819e-02   -7.4178236231e-02    1.3242351703e-01    5.9453667539e+01    4.9544722949e+01    2.9726833769e+01
    3.9912151851e+03    5.5717745783e+03   -7.5660479477e+04    1.2647788261e+02    1.2630186373e+02    1.2571408992e+02    9.6201529541e-02    1.3277471926e-01   -1.3852783392e-01    5.9453667539e+01    4.9544722949e+01    2.9726833769e+01
    4.0167653888e+03    5.6074429071e+03   -7.5692122274e+04    1.2631311298e+02    1.2624495922e+02    1.2567034470e+02   -1.6330789325e-01   -7.7893982170e-02    4.5978410294e-02    5.9453667539e+01    4.9544722949e+01    2.9726833769e+01
    3.9807911679e+03    5.5572225506e+03   -7.5649330397e+04    1.2682015750e+02    1.2562636105e+02    1.2617580574e+02    5.5339161628e-03   -3.7103051838e-02    4.0698208381e-02    5.9453667539e+01    4.9544722949e+01    2.9726833769e+01
    4.0083698105e+03    5.5957225996e+03   -7.5685857482e+04    1.2596020692e+02    1.2610116802e+02    1.2612312514e+02    1.4613736894e-01    4.1614341504e-02    7.1837779913e-02    5.9453667539e+01    4.9544722949e+01    2.9726833769e+01
    3.9793298613e+03    5.5551825527e+03   -7.5646238941e+04    1.2675227476e+02    1.2603142236e+02    1.2605517764e+02   -1.2668138780e-01   -2.8463429296e-02    1.9761781338e-01    5.9453667539e+01    4.9544722949e+01    2.9726833769e+01
    4.0372228136e+03    5.6360016679e+03   -7.5727704168e+04    1.2617789165e+02    1.2565766569e+02    1.2612113144e+02   -8.8214501537e-02   -7.7362855733e-02    1.6982014670e-01    5.9453667539e+01    4.9544722949e+01    2.9726833769e+01
    3.9937153372e+03    5.5752648146e+03   -7.5666086060e+04    1.2625391275e+02    1.2560304574e+02    1.2610598764e+02   -1.6908066780e-01   -9.7132441996e-03   -6.8552377030e-02    5.9453667539e+01    4.9544722949e+01    2.9726833769e+01
    3.9952165740e+03    5.5773605555e+03   -7.5670185943e+04    1.2626102088e+02    1.2616157696e+02    1.2573523077e+02    8.3276970011e-02   -1.5002462748e-01   -7.4425843222e-02    5.9453667539e+01    4.9544722949e+01    2.9726833769e+01
    3.9784144727e+03    5.5539046614e+03   -7.5643296813e+04    1.2603158048e+02    1.2605315834e+02    1.2641901011e+02   -3.1246362199e-01    2.5693071119e-01    1.5967688941e-01    5.9453667539e+01    4.9544722949e+01    2.9726833769e+01
    4.0322146744e+03    5.6290102576e+03   -7.5713512000e+04    1.2626784972e+02    1.2570247503e+02    1.2585130347e+02   -2.3483537026e-01   -8.3608168132e-02    1.6669327763e-01    5.9453667539e+01    4.9544722949e+01    2.9726833769e+01
    4.0309599690e+03    5.6272586769e+03   -7.5713971974e+04    1.2624461005e+02    1.2586234441e+02    1.2580927977e+02   -1.0503854107e-02   -8.3908394593e-02   -7.4851305359e-02    5.9453667539e+01    4.9544722949e+01    2.9726833769e+01
    4.0141442068e+03    5.6037837120e+03   -7.5694116549e+04    1.2633816631e+02    1.2578321426e+02    1.2582384274e+02    2.4957099908e-01   -1.5556267235e-01    1.9831782874e-01    5.9453667539e+01    4.9544722949e+01    2.9726833769e+01
    4.0028101832e+03    5.5879613066e+03   -7.5677121471e+04    1.2636774015e+02    1.2596894289e+02    1.2550053662e+02   -3.0185459932e-01    2.4913223301e-01   -1.5216161095e-02    5.9453667539e+01    4.9544722949e+01    2.9726833769e+01
    3.9716971081e+03    5.5445271562e+03   -7.5634119916e+04    1.2608634244e+02    1.2640185726e+02    1.2596251360e+02    1.0433038238e-02   -1.6701716271e-02   -2.0035974262e-02    5.9453667539e+01    4.9544722949e+01    2.9726833769e+01
    3.9981276632e+03    5.5814244639e+03   -7.5665230198e+04    1.2608118737e+02    1.2634957114e+02    1.2592980396e+02   -2.1716633402e-01    1.4197494748e-02   -4.3703084485e-02    5.9453667539e+01    4.9544722949e+01    2.9726833769e+01
    3.9810885323e+03    5.5576376742e+03   -7.5647577512e+04    1.2665859406e+02    1.2608084883e+02    1.2580653067e+02   -6.3660840949e-02   -4.2732928456e-02   -7.3506270627e-02    5.9453667539e+01    4.9544722949e+01    2.9726833769e+01
    3.9577745578e+03    5.5250911427e+03   -7.5613439752e+04    1.2662527407e+02    1.2581746828e+02    1.2589877820e+02    2.5677618413e-01    6.6590435768e-02    4.6805577176e-02    5.9453667539e+01    4.9544722949e+01    2.9726833769e+01
    4.0265135830e+03    5.6210514796e+03   -7.5705352892e+04    1.2599804759e+02    1.2592942239e+02    1.2597330020e+02    2.7382987148e-01    7.4789312884e-02   -1.4402618821e-01    5.9453667539e+01    4.9544722949e+01    2.9726833769e+01
    3.9669405741e+03    5.5378869891e+03   -7.5622161335e+04    1.2679139487e+02    1.2599611969e+02    1.2585678869e+02    3.0125323288e-02    9.1157795550e-02   -1.1657752941e-01    5.9453667539e+01    4.9544722949e+01    2.9726833769e+01
    3.9936556850e+03    5.5751815396e+03   -7.5667373764e+04    1.2624432178e+02    1.2596174434e+02    1.2623474543e+02    5.9069825226e-03    1.5844575902e-01   -5.6118789796e-02    5.9453667539e+01    4.9544722949e+01    2.9726833769e+01
    4.0322789286e+03    5.6290999570e+03   -7.5720306969e+04    1.2682080117e+02    1.2524130441e+02    1.2595078648e+02   -2.3070074249e-01   -1.4002754236e-01    2.7825786647e-01    5.9453667539e+01    4.9544722949e+01    2.9726833769e+01
    4.0256684276e+03    5.6198716345e+03   -7.5704720794e+04    1.2680539559e+02    1.2553769471e+02    1.2546737930e+02    2.9201322933e-02    2.8327832696e-01   -1.3303863366e-01    5.9453667539e+01    4.9544722949e+01    2.9726833769e+01
    4.0187789829e+03    5.6102539038e+03   -7.5697895646e+04    1.2638222996e+02    1.2575257939e+02    1.2578694188e+02    1.6275333571e-02    2.9041550083e-02   -2.7763190268e-01    5.9453667539e+01    4.9544722949e+01    2.9726833769e+01
    3.9900189979e+03    5.5701046896e+03   -7.5656241183e+04    1.2645443390e+02    1.2611079716e+02    1.2568332185e+02   -2.4246916394e-01   -1.1311268385e-01    5.7841804038e-04    5.9453667539e+01    4.9544722949e+01    2.9726833769e+01
    4.0160743544e+03    5.6064782166e+03   -7.5695082065e+04    1.2634320003e+02    1.2572441642e+02    1.2572755466e+02    1.7144530338e-01    1.8398635059e-01    1.3167810479e-02    5.9453667539e+01    4.9544722949e+01    2.9726833769e+01
    3.9868745720e+03    5.5657150410e+03   -7.5654842452e+04    1.2604479451e+02    1.2607855140e+02    1.2615040119e+02    1.9493350275e-02    4.8400779299e-03    2.9652081593e-02    5.9453667539e+01    4.9544722949e+01    2.9726833769e+01
    3.9959858888e+03    5.5784345264e+03   -7.5660343142e+04    1.2598641304e+02    1.2621938696e+02    1.2583550358e+02    5.4643625510e-02    1.6460083502e-01    1.0593792104e-01    5.9453667539e+01    4.9544722949e+01    2.9726833769e+01
    4.0268291608e+03    5.6214920291e+03   -7.5711785365e+04    1.2591801128e+02    1.2576978855e+02    1.2577791728e+02    7.5711428491e-02    1.0596355285e-01   -8.2957839589e-02    5.9453667539e+01    4.9544722949e+01    2.9726833769e+01
    4.0100808121e+03    5.5981111742e+03   -7.5685532021e+04    1.2639640299e+02    1.2592590734e+02    1.2569808995e+02    5.6260694592e-03    1.8037119860e-01    1.6754123665e-01    5.9453667539e+01    4.9544722949e+01    2.9726833769e+01
    4.0289231078e+03    5.6244151992e+03   -7.5716166313e+04    1.2636046855e+02    1.2575338008e+02    1.2604048156e+02   -1.5901916081e-02    2.1282119642e-01    7.8832881921e-02    5.9453667539e+01    4.9544722949e+01    2.9726833769e+01
    3.9722189068e+03    5.5452555922e+03   -7.5644794286e+04    1.2706562152e+02    1.2561469220e+02    1.2608978385e+02   -1.4205975259e-02    2.4186253822e-01    7.9460619469e-02    5.9453667539e+01    4.9544722949e+01    2.9726833769e+01
    4.0103987089e+03    5.5985549611e+03   -7.5695786880e+04    1.2645966246e+02    1.2624302465e+02    1.2590544563e+02    1.0872672194e-01    8.7994970468e-02    3.2317781029e-01    5.9453667539e+01    4.9544722949e+01    2.9726833769e+01
    3.9707327506e+03    5.5431809038e+03   -7.5638155437e+04    1.2642070569e+02    1.2611369128e+02    1.2590899766e+02    1.9782438583e-01   -8.5388954690e-02   -3.4134559102e-01    5.9453667539e+01    4.9544722949e+01    2.9726833769e+01
    3.9776250129e+03    5.5528025680e+03   -7.5645075718e+04    1.2632659872e+02    1.2602879332e+02    1.2651837351e+02    1.0571333329e-01    1.1072440795e-02   -7.5425567281e-02    5.9453667539e+01    4.9544722949e+01    2.9726833769e+01
    4.0079164428e+03    5.5950896938e+03   -7.5695457336e+04    1.2640459400e+02    1.2556732446e+02    1.2640506518e+02   -1.5516528192e-01   -6.6924069144e-02   -5.9274502120e-02    5.9453667539e+01    4.9544722949e+01    2.9726833769e+01
    4.0182008505e+03    5.6094468254e+03   -7.5705135369e+04    1.2621147317e+02    1.2590232577e+02    1.2554526114e+02    6.6196907673e-02    6.3687162624e-02   -2.9351092097e-03    5.9453667539e+01    4.9544722949e+01    2.9726833769e+01
    4.0022320691e+03    5.5871542538e+03   -7.5686133240e+04    1.2621577522e+02    1.2613765364e+02    1.2613229065e+02    1.2391624267e-01   -1.7256127119e-02    1.8591236612e-01    5.9453667539e+01    4.9544722949e+01    2.9726833769e+01
    3.9728247425e+03    5.5461013446e+03   -7.5642718823e+04    1.2648300851e+02    1.2610482464e+02    1.2590347885e+02    9.3179692702e-02   -5.0024120863e-02   -2.1869530155e-02    5.9453667539e+01    4.9544722949e+01    2.9726833769e+01
    3.9903463044e+03    5.5705616125e+03   -7.5663257361e+04    1.2652637367e+02    1.2604730723e+02    1.2575345116e+02   -1.3710611631e-01   -8.6587330757e-02   -1.0874897515e-01    5.9453667539e+01    4.9544722949e+01    2.9726833769e+01
    3.9699754903e+03    5.5421237612e+03   -7.5641193144e+04    1.2630073911e+02    1.2626210462e+02    1.2617748806e+02    1.0763895235e-01   -5.8730015124e-02    1.0126433557e-01    5.9453667539e+01    4.9544722949e+01    2.9726833769e+01
    4.0186125308e+03    5.6100215351e+03   -7.5698542725e+04    1.2610617861e+02    1.2626640506e+02    1.2603352905e+02   -5.8587139744e-02    1.2179574407e-01   -8.4332808119e-02    5.9453667539e+01    4.9544722949e+01    2.9726833769e+01
    4.0205034755e+03    5.6126613119e+03   -7.5704104942e+04    1.2646638126e+02    1.2570621981e+02    1.2564636773e+02   -7.6218583693e-02    6.1463389659e-02    1.2063115488e-01    5.9453667539e+01    4.9544722949e+01    2.9726833769e+01
    3.9771945251e+03    5.5522016028e+03   -7.5645682337e+04    1.2636874583e+02    1.2642504598e+02    1.2584786947e+02   -2.9709913475e-02    1.7928593960e-01    2.4775990787e-01    5.9453667539e+01    4.9544722949e+01    2.9726833769e+01
    3.9844954828e+03    5.5623938097e+03   -7.5653748083e+04    1.2626457781e+02    1.2620708299e+02    1.2590194440e+02    3.2153838637e-02   -2.1514930089e-02    3.8313032987e-02    5.9453667539e+01    4.9544722949e+01    2.9726833769e+01
    3.9770636434e+03    5.5520188907e+03   -7.5641765273e+04    1.2654105658e+02    1.2592589159e+02    1.2601855036e+02    3.1703210155e-02    8.8203163310e-02    2.3290982353e-01    5.9453667539e+01    4.9544722949e+01    2.9726833769e+01
    3.9811618875e+03    5.5577400787e+03   -7.5645679578e+04    1.2694685190e+02    1.2564626077e+02    1.2603727568e+02   -1.4607964747e-01   -2.6010372797e-01   -1.7634851260e-01    5.9453667539e+01    4.9544722949e+01    2.9726833769e+01
    3.9682768459e+03    5.5397524375e+03   -7.5628429795e+04    1.2658955722e+02    1.2597620812e+02    1.2640631903e+02    1.3938000657e-02   -1.6691875530e-02    1.3336309163e-01    5.9453667539e+01    4.9544722949e+01    2.9726833769e+01
    3.9487760230e+03    5.5125291021e+03   -7.5606765503e+04    1.2635753024e+02    1.2637661963e+02    1.2622516028e+02    1.1548018326e-01    6.7491367463e-02   -8.3438161436e-02    5.9453667539e+01    4.9544722949e+01    2.9726833769e+01
    3.9881353947e+03    5.5674751616e+03   -7.5656906704e+04    1.2679764832e+02    1.2603188233e+02    1.2603995918e+02    2.2588217484e-01   -6.3118500499e-03    1.0350017239e-01    5.9453667539e+01    4.9544722949e+01    2.9726833769e+01
    4.0170397266e+03    5.6078258853e+03   -7.5700326722e+04    1.2671145550e+02    1.2581780138e+02    1.2608407430e+02   -2.3797964584e-02   -7.3541352389e-02   -9.0199811833e-02    5.9453667539e+01    4.9544722949e+01    2.9726833769e+01
    3.9829136254e+03    5.5601855216e+03   -7.5655278852e+04    1.2661072351e+02    1.2604983350e+02    1.2592195697e+02    2.0782936469e-01   -5.2055487010e-02    5.1017778744e-02    5.9453667539e+01    4.9544722949e+01    2.9726833769e+01
    3.9642877843e+03    5.5341836693e+03   -7.5628925223e+04    1.2647556889e+02    1.2585487599e+02    1.2612694697e+02   -3.9534902353e-02   -2.6823960630e-01    1.1824875584e-01    5.9453667539e+01    4.9544722949e+01    2.9726833769e+01
    4.0161046373e+03    5.6065204917e+03   -7.5703361255e+04    1.2640670618e+02    1.2604519832e+02    1.2548218644e+02   -2.0557652296e-02   -1.4441417224e-01   -7.7888440904e-02    5.9453667539e+01    4.9544722949e+01    2.9726833769e+01
    3.9920731220e+03    5.5729722665e+03   -7.5669018235e+04    1.2609588405e+02    1.2578976926e+02    1.2585680457e+02    1.2302501035e-01    3.9301350959e-02    1.2481981646e-01    5.9453667539e+01    4.9544722949e+01    2.9726833769e+01
    3.9860791880e+03    5.5646046773e+03   -7.5662280698e+04    1.2634710595e+02    1.2618767407e+02    1.2595561794e+02   -1.6872189736e-01   -1.4414029362e-01   -3.0921764150e-02    5.9453667539e+01    4.9544722949e+01    2.9726833769e+01
    3.9691500816e+03    5.5409714827e+03   -7.5637925838e+04    1.2680124460e+02    1.2611704797e+02    1.2573835093e+02    3.5770593253e-02   -1.5685085047e-01   -3.6878637220e-02    5.9453667539e+01    4.9544722949e+01    2.9726833769e+01
    3.9928652258e+03    5.5740780510e+03   -7.5669882503e+04    1.2643399249e+02    1.2637752091e+02    1.2551089451e+02    2.6309873812e-01   -2.7009373278e-01    5.3342424974e-02    5.9453667539e+01    4.9544722949e+01    2.9726833769e+01
    4.0281090098e+03    5.6232787105e+03   -7.5719537797e+04    1.2634326235e+02    1.2601357905e+02    1.2565157921e+02   -5.9185026019e-02   -2.0747874484e-02    1.0746231441e-01    5.9453667539e+01    4.9544722949e+01    2.9726833769e+01
    4.0112960167e+03    5.5998076114e+03   -7.5694890171e+04    1.2616731608e+02    1.2603649391e+02    1.2583164618e+02   -2.0164017506e-02   -1.1569102891e-02   -2.2554009266e-01    5.9453667539e+01    4.9544722949e+01    2.9726833769e+01
    4.0081030320e+03    5.5953501742e+03   -7.5691390936e+04    1.2631429654e+02    1.2567570257e+02    1.2623697612e+02   -6.9016661116e-02   -1.4107755488e-01    1.5447776103e-01    5.9453667539e+01    4.9544722949e+01    2.9726833769e+01
    3.9946823724e+03    5.5766148049e+03   -7.5667169019e+04    1.2627417754e+02    1.2637924508e+02    1.2577459162e+02   -5.1487499220e-02   -8.0943766229e-02   -1.0766401095e-01    5.9453667539e+01    4.9544722949e+01    2.9726833769e+01
    4.0160940410e+03    5.6065056992e+03   -7.5702863081e+04    1.2619893493e+02    1.2602420500e+02    1.2603715120e+02    1.2527664020e-01    1.4067344563e-01    8.4125453533e-02    5.9453667539e+01    4.9544722949e+01    2.9726833769e+01
    3.9727258805e+03    5.5459633322e+03   -7.5638496578e+04    1.2641428152e+02    1.2616464310e+02    1.2610433971e+02   -2.2528003821e-01   -5.1877971894e-02    1.8625113303e-01    5.9453667539e+01    4.9544722949e+01    2.9726833769e+01
    4.0088620616e+03    5.5964097868e+03   -7.5690143933e+04    1.2666058881e+02    1.2568144674e+02    1.2572229642e+02    2.4609413070e-01   -1.1788337945e-01   -5.4626248454e-02    5.9453667539e+01    4.9544722949e+01    2.9726833769e+01
    3.9837386971e+03    5.5613373296e+03   -7.5654295681e+04    1.2642970563e+02    1.2603712609e+02    1.2565400686e+02   -1.1841404509e-01    1.4981178113e-01   -5.2236860479e-02    5.9453667539e+01    4.9544722949e+01    2.9726833769e+01
    4.0123187226e+03    5.6012353186e+03   -7.5696642117e+04    1.2662140337e+02    1.2563586087e+02    1.2591857116e+02   -4.7397944704e-02   -1.3667173342e-01    1.1769977494e-01    5.9453667539e+01    4.9544722949e+01    2.9726833769e+01
    3.9880435671e+03    5.5673469693e+03   -7.5665732168e+04    1.2600317646e+02    1.2568895624e+02    1.2622865585e+02   -1.0551842717e-01    9.8169525272e-02    7.3409069875e-02    5.9453667539e+01    4.9544722949e+01    2.9726833769e+01
    3.9963883618e+03    5.5789963825e+03   -7.5664575422e+04    1.2601208399e+02    1.2620660387e+02    1.2616860772e+02   -2.0743019966e-01    9.6700290163e-02    2.2081154648e-01    5.9453667539e+01    4.9544722949e+01    2.9726833769e+01
    4.0238631176e+03    5.6173514044e+03   -7.5708702069e+04    1.2627048358e+02    1.2585361309e+02    1.2594966965e+02    9.0356025516e-02    1.5584341939e-01    1.6918094351e-01    5.9453667539e+01    4.9544722949e+01    2.9726833769e+01
    4.0000947712e+03    5.5841705655e+03   -7.5679784570e+04    1.2663457415e+02    1.2572390120e+02    1.2617802060e+02   -2.2524280067e-01    4.3827099230e-02   -8.5732627612e-02    5.9453667539e+01    4.9544722949e+01    2.9726833769e+01
    4.0047587230e+03    5.5906814868e+03   -7.5682501522e+04    1.2610540724e+02    1.2574952119e+02    1.2594775659e+02   -1.3319415416e-01    6.4829262026e-02    6.9900419796e-02    5.9453667539e+01    4.9544722949e+01    2.9726833769e+01
    3.9916940701e+03    5.5724431064e+03   -7.5667537579e+04    1.2627726414e+02    1.2601821676e+02    1.2622568672e+02   -1.5401028680e-01   -1.9158483212e-01    1.4558623532e-01    5.9453667539e+01    4.9544722949e+01    2.9726833769e+01
    3.9999313774e+03    5.5839424662e+03   -7.5680970025e+04    1.2630420317e+02    1.2601581360e+02    1.2600473935e+02    9.5832545670e-02    2.2235479591e-01   -1.0547267363e-01    5.9453667539e+01    4.9544722949e+01    2.9726833769e+01
    3.9999313774e+03    5.5839424662e+03   -7.5680970025e+04    1.2630420317e+02    1.2601581360e+02    1.2600473935e+02    9.5832545670e-02    2.2235479591e-01   -1.0547267363e-01    5.9453667539e+01    4.9544722949e+01    2.9726833769e+01
    3.9999313774e+03    5.5839424662e+03   -7.5680970025e+04    1.2630420317e+02    1.2601581360e+02    1.2600473935e+02    9.5832545670e-02    2.2235479591e-01   -1.0547267363e-01    5.9453667539e+01    4.9544722949e+01    2.9726833769e+01
    3.9999313774e+03    5.5839424662e+03   -7.5680970025e+04    1.2630420317e+02    1.2601581360e+02    1.2600473935e+02    9.5832545670e-02    2.2235479591e-01   -1.0547267363e-01    5.9453667539e+01    4.9544722949e+01    2.9726833769e+01
    3.9999313774e+03    5.5839424662e+03   -7.5680970025e+04    1.2630420317e+02    1.2601581360e+02    1.2600473935e+02    9.5832545670e-02    2.2235479591e-01   -1.0547267363e-01    5.9453667539e+01    4.9544722949e+01    2.9726833769e+01
    3.9999313774e+03    5.5839424662e+03   -7.5680970025e+04    1.2630420317e+02    1.2601581360e+02    1.2600473935e+02    9.5832545670e-02    2.2235479591e-01   -1.0547267363e-01    5.9453667539e+01    4.9544722949e+01    2.9726833769e+01
    3.9999313774e+03    5.5839424662e+03   -7.5680970025e+04    1.2630420317e+02    1.2601581360e+02    1.2600473935e+02    9.5832545670e-02    2.2235479591e-01   -1.0547267363e-01    5.9453667539e+01    4.9544722949e+01    2.9726833769e+01
    3.9999313774e+03    5.5839424662e+03   -7.5680970025e+04    1.2630420317e+02    1.2601581360e+02    1.2600473935e+02    9.5832545670e-02    2.2235479591e-01   -1.0547267363e-01    5.9453667539e+01    4.9544722949e+01    2.9726833769e+01
    3.9999313774e+03    5.5839424662e+03   -7.5680970025e+04    1.2630420317e+02    1.2601581360e+02    1.2600473935e+02    9.5832545670e-02    2.2235479591e-01   -1.0547267363e-01    5.9453667539e+01    4.9544722949e+01    2.9726833769e+01
    3.9999313774e+03    5.5839424662e+03   -7.5680970025e+04    1.2630420317e+02    1.2601581360e+02    1.2600473935e+02    9.5832545670e-02    2.2235479591e-01   -1.0547267363e-01    5.9453667539e+01    4.9544722949e+01    2.9726833769e+01
    3.9999313774e+03    5.5839424662e+03   -7.5680970025e+04    1.2630420317e+02    1.2601581360e+02    1.2600473935e+02    9.5832545670e-02    2.2235479591e-01   -1.0547267363e-01    5.9453667539e+01    4.9544722949e+01    2.9726833769e+01
    3.9999313774e+03    5.5839424662e+03   -7.5680970025e+04    1.2630420317e+02    1.2601581360e+02    1.2600473935e+02    9.5832545670e-02    2.2235479591e-01   -1.0547267363e-01    5.9453667539e+01    4.9544722949e+01    2.9726833769e+01
    3.9999313774e+03    5.5839424662e+03   -7.5680970025e+04    1.2630420317e+02    1.2601581360e+02    1.2600473935e+02    9.5832545670e-02    2.2235479591e-01   -1.0547267363e-01    5.9453667539e+01    4.9544722949e+01    2.9726833769e+01
    3.9999313774e+03    5.5839424662e+03   -7.5680970025e+04    1.2630420317e+02    1.2601581360e+02    1.2600473935e+02    9.5832545670e-02    2.2235479591e-01   -1.0547267363e-01    5.9453667539e+01    4.9544722949e+01    2.9726833769e+01
    3.9999313774e+03    5.5839424662e+03   -7.5680970025e+04    1.2630420317e+02    1.2601581360e+02    1.2600473935e+02    9.5832545670e-02    2.2235479591e-01   -1.0547267363e-01    5.9453667539e+01    4.9544722949e+01    2.9726833769e+01
    3.9999313774e+03    5.5839424662e+03   -7.5680970025e+04    1.2630420317e+02    1.2601581360e+02    1.2600473935e+02    9.5832545670e-02    2.2235479591e-01   -1.0547267363e-01    5.9453667539e+01    4.9544722949e+01    2.9726833769e+01
    3.9999313774e+03    5.5839424662e+03   -7.5680970025e+04    1.2630420317e+02    1.2601581360e+02    1.2600473935e+02    9.5832545670e-02    2.2235479591e-01   -1.0547267363e-01    5.9453667539e+01    4.9544722949e+01    2.9726833769e+01
    3.9999313774e+03    5.5839424662e+03   -7.5680970025e+04    1.2630420317e+02    1.2601581360e+02    1.2600473935e+02    9.5832545670e-02    2.2235479591e-01   -1.0547267363e-01    5.9453667539e+01    4.9544722949e+01    2.9726833769e+01
    3.9999313774e+03    5.5839424662e+03   -7.5680970025e+04    1.2630420317e+02    1.2601581360e+02    1.2600473935e+02    9.5832545670e-02    2.2235479591e-01   -1.0547267363e-01    5.9453667539e+01    4.9544722949e+01    2.9726833769e+01
    3.9999313774e+03    5.5839424662e+03   -7.5680970025e+04    1.2630420317e+02    1.2601581360e+02    1.2600473935e+02    9.5832545670e-02    2.2235479591e-01   -1.0547267363e-01    5.9453667539e+01    4.9544722949e+01    2.9726833769e+01
    3.9999313774e+03    5.5839424662e+03   -7.5680970025e+04    1.2630420317e+02    1.2601581360e+02    1.2600473935e+02    9.5832545670e-02    2.2235479591e-01   -1.0547267363e-01    5.9453667539e+01    4.9544722949e+01    2.9726833769e+01
    3.9999313774e+03    5.5839424662e+03   -7.5680970025e+04    1.2630420317e+02    1.2601581360e+02    1.2600473935e+02    9.5832545670e-02    2.2235479591e-01   -1.0547267363e-01    5.9453667539e+01    4.9544722949e+01    2.9726833769e+01
    3.9999313774e+03    5.5839424662e+03   -7.5680970025e+04    1.2630420317e+02    1.2601581360e+02    1.2600473935e+02    9.5832545670e-02    2.2235479591e-01   -1.0547267363e-01    5.9453667539e+01    4.9544722949e+01    2.9726833769e+01
    3.9999313774e+03    5.5839424662e+03   -7.5680970025e+04    1.2630420317e+02    1.2601581360e+02    1.2600473935e+02    9.5832545670e-02    2.2235479591e-01   -1.0547267363e-01    5.9453667539e+01    4.9544722949e+01    2.9726833769e+01
    3.9999313774e+03    5.5839424662e+03   -7.5680970025e+04    1.2630420317e+02    1.2601581360e+02    1.2600473935e+02    9.5832545670e-02    2.2235479591e-01   -1.0547267363e-01    5.9453667539e+01    4.9544722949e+01    2.9726833769e+01
    3.9999313774e+03    5.5839424662e+03   -7.5680970025e+04    1.2630420317e+02    1.2601581360e+02    1.2600473935e+02    9.5832545670e-02    2.2235479591e-01   -1.0547267363e-01    5.9453667539e+01    4.9544722949e+01    2.9726833769e+01
    3.9999313774e+03    5.5839424662e+03   -7.5680970025e+04    1.2630420317e+02    1.2601581360e+02    1.2600473935e+02    9.5832545670e-02    2.2235479591e-01   -1.0547267363e-01    5.9453667539e+01    4.9544722949e+01    2.9726833769e+01
    3.9999313774e+03    5.5839424662e+03   -7.5680970025e+04    1.2630420317e+02    1.2601581360e+02    1.2600473935e+02    9.5832545670e-02    2.2235479591e-01   -1.0547267363e-01    5.9453667539e+01    4.9544722949e+01    2.9726833769e+01
    3.9999313774e+03    5.5839424662e+03   -7.5680970025e+04    1.2630420317e+02    1.2601581360e+02    1.2600473935e+02    9.5832545670e-02    2.2235479591e-01   -1.0547267363e-01    5.9453667539e+01    4.9544722949e+01    2.9726833769e+01
    3.9999313774e+03    5.5839424662e+03   -7.5680970025e+04    1.2630420317e+02    1.2601581360e+02    1.2600473935e+02    9.5832545670e-02    2.2235479591e-01   -1.0547267363e-01    5.9453667539e+01    4.9544722949e+01    2.9726833769e+01
    3.9999313774e+03    5.5839424662e+03   -7.5680970025e+04    1.2630420317e+02    1.2601581360e+02    1.2600473935e+02    9.5832545670e-02    2.2235479591e-01   -1.0547267363e-01    5.9453667539e+01    4.9544722949e+01    2.9726833769e+01
