    3.0124691515e+03    2.9017506694e+03   -5.2684345276e+04    1.4011954272e+02    1.3951265307e+02    1.3909902529e+02   -8.5083844635e-02    8.1744154469e-03   -4.7804068642e-02    6.8626758139e+01    2.9411467774e+01    2.9411467774e+01
    3.0227423269e+03    2.9116462707e+03   -5.2674225382e+04    1.3929718943e+02    1.3959905945e+02    1.3919321955e+02    4.8922030593e-02    1.1595568805e-01    1.9526745187e-01    6.8626758139e+01    2.9411467774e+01    2.9411467774e+01
    2.9816750793e+03    2.8720883840e+03   -5.2634327322e+04    1.4002898800e+02    1.3962523233e+02    1.3949692638e+02   -1.0344606335e-01    6.1159746054e-02   -1.1434233576e-01    6.8626758139e+01    2.9411467774e+01    2.9411467774e+01
    2.9676135116e+03    2.8585436268e+03   -5.2622074297e+04    1.3990185555e+02    1.3968980541e+02    1.3953227514e+02    5.2631144747e-02    3.3728631061e-03    3.7010487214e-02    6.8626758139e+01    2.9411467774e+01    2.9411467774e+01
    2.9893773716e+03    2.8795075910e+03   -5.2641637505e+04    1.3956262940e+02    1.3935612754e+02    1.3971365877e+02   -1.9319660420e-02    2.7361945272e-02   -1.6215339883e-01    6.8626758139e+01    2.9411467774e+01    2.9411467774e+01
    3.0149710285e+03    2.9041605939e+03   -5.2667427670e+04    1.3983734136e+02    1.3936013263e+02    1.3925288791e+02    1.5413974506e-01   -6.2584708212e-02   -1.6988683682e-02    6.8626758139e+01    2.9411467774e+01    2.9411467774e+01
    3.0102288879e+03    2.8995927431e+03   -5.2663776472e+04    1.3966087853e+02    1.3940768472e+02    1.3950121594e+02    9.1312446470e-02   -2.1681363950e-01    1.0476600891e-01    6.8626758139e+01    2.9411467774e+01    2.9411467774e+01
    3.0048448835e+03    2.8944066192e+03   -5.2659743913e+04    1.3988372491e+02    1.3926154213e+02    1.3960188579e+02   -1.4139638545e-01    1.5399925800e-03    4.2511622407e-02    6.8626758139e+01    2.9411467774e+01    2.9411467774e+01
    2.9838057403e+03    2.8741407361e+03   -5.2635834494e+04    1.4034420895e+02    1.3916906014e+02    1.3921171983e+02   -1.5607620093e-01    3.7969829002e-01    1.0656920096e-01    6.8626758139e+01    2.9411467774e+01    2.9411467774e+01
    3.0378606302e+03    2.9262089250e+03   -5.2687843699e+04    1.3967535177e+02    1.3929995436e+02    1.3919478817e+02   -3.9026732385e-02    1.5872757507e-01    2.6810432367e-01    6.8626758139e+01    2.9411467774e+01    2.9411467774e+01
    3.0047655303e+03    2.8943301825e+03   -5.2656893666e+04    1.3971722851e+02    1.3941968190e+02    1.3941674992e+02    5.3924330464e-02    1.6922574816e-01   -1.7856632279e-01    6.8626758139e+01    2.9411467774e+01    2.9411467774e+01
    3.0004612658e+03    2.8901841144e+03   -5.2650799984e+04    1.3951088214e+02    1.3983050971e+02    1.3973022417e+02   -7.7031047947e-02   -5.1356175042e-02   -1.7110436569e-01    6.8626758139e+01    2.9411467774e+01    2.9411467774e+01
    2.9683343760e+03    2.8592379970e+03   -5.2623410228e+04    1.4012425825e+02    1.3925362829e+02    1.3944041188e+02    3.6540184993e-02   -4.1495696141e-02    1.1182149567e-01    6.8626758139e+01    2.9411467774e+01    2.9411467774e+01
    3.0194741297e+03    2.9084981908e+03   -5.2674135797e+04    1.3962685254e+02    1.3953033260e+02    1.3938980530e+02   -1.4697648859e-01   -1.4348744490e-03   -3.8038452235e-02    6.8626758139e+01    2.9411467774e+01    2.9411467774e+01
    3.0159018455e+03    2.9050572002e+03   -5.2665797115e+04    1.3935309683e+02    1.3963782886e+02    1.3936729547e+02    3.0432449930e-01   -4.3253982429e-02    1.2526494090e-01    6.8626758139e+01    2.9411467774e+01    2.9411467774e+01
    3.0006019710e+03    2.8903196481e+03   -5.2653400670e+04    1.3932143422e+02    1.3963338762e+02    1.3965560467e+02    1.2739360105e-01    2.9443804953e-02    7.4361147087e-02    6.8626758139e+01    2.9411467774e+01    2.9411467774e+01
    3.0167734810e+03    2.9058968001e+03   -5.2670326223e+04    1.3998895980e+02    1.3913115709e+02    1.3969896738e+02    1.1282084348e-01   -2.6654735989e-01   -2.4994156434e-02    6.8626758139e+01    2.9411467774e+01    2.9411467774e+01
    2.9967617645e+03    2.8866205823e+03   -5.2646875702e+04    1.3927699854e+02    1.3959725686e+02    1.3981410294e+02   -2.0285002567e-01    1.8702089542e-02    3.6678851124e-02    6.8626758139e+01    2.9411467774e+01    2.9411467774e+01
    2.9816257050e+03    2.8720408244e+03   -5.2633732730e+04    1.3976560991e+02    1.3950773149e+02    1.3957731229e+02    7.6789435996e-02    6.5484782815e-02    9.9964703896e-02    6.8626758139e+01    2.9411467774e+01    2.9411467774e+01
    3.0107795029e+03    2.9001231212e+03   -5.2665105293e+04    1.3980893941e+02    1.3901972187e+02    1.3951629373e+02   -4.0800266551e-02   -6.1834479109e-02    9.3899289125e-02    6.8626758139e+01    2.9411467774e+01    2.9411467774e+01
    3.0197552347e+03    2.9087689642e+03   -5.2673694255e+04    1.3936660253e+02    1.3906661737e+02    1.3978488505e+02    1.3791819228e-01    1.3735345012e-01    2.2844414408e-01    6.8626758139e+01    2.9411467774e+01    2.9411467774e+01
    3.0210608246e+03    2.9100265694e+03   -5.2676449516e+04    1.3960248006e+02    1.3923585466e+02    1.3912641608e+02   -1.7073307207e-02   -1.0102261458e-02    1.6723877576e-01    6.8626758139e+01    2.9411467774e+01    2.9411467774e+01
    2.9952914951e+03    2.8852043503e+03   -5.2647570494e+04    1.4008762978e+02    1.3952003251e+02    1.3907621304e+02    9.5691393788e-02    1.8937157963e-01    1.1395162130e-01    6.8626758139e+01    2.9411467774e+01    2.9411467774e+01
    3.0068847054e+03    2.8963714707e+03   -5.2657939174e+04    1.3994150724e+02    1.3921605022e+02    1.3940278996e+02   -6.8683177421e-02    1.9573724986e-02    1.5105831818e-01    6.8626758139e+01    2.9411467774e+01    2.9411467774e+01
    3.0006798305e+03    2.8903946461e+03   -5.2650894063e+04    1.3971299087e+02    1.3946107406e+02    1.3943980407e+02    7.9197872844e-02    1.7348200667e-02   -1.8058814706e-01    6.8626758139e+01    2.9411467774e+01    2.9411467774e+01
    3.0138415676e+03    2.9030726446e+03   -5.2666491379e+04    1.3942026067e+02    1.4012946775e+02    1.3903179569e+02    7.3966506376e-02   -5.2120540713e-03   -2.5943976758e-01    6.8626758139e+01    2.9411467774e+01    2.9411467774e+01
    2.9934600854e+03    2.8834402511e+03   -5.2646511803e+04    1.3959533733e+02    1.4016446828e+02    1.3917410922e+02    2.4109978232e-01    3.5787526690e-02    7.0363069473e-02    6.8626758139e+01    2.9411467774e+01    2.9411467774e+01
    3.0092330668e+03    2.8986335218e+03   -5.2660649631e+04    1.4030353244e+02    1.3920144375e+02    1.3913225444e+02   -2.3993062563e-02    6.0117970355e-02   -1.6496788219e-01    6.8626758139e+01    2.9411467774e+01    2.9411467774e+01
    2.9817494610e+03    2.8721600320e+03   -5.2635537745e+04    1.3977857371e+02    1.3925445011e+02    1.3975676148e+02    3.9584639589e-02    1.4478412869e-01    9.6350724668e-02    6.8626758139e+01    2.9411467774e+01    2.9411467774e+01
    3.0334112804e+03    2.9219231039e+03   -5.2683034575e+04    1.3968003986e+02    1.3945585217e+02    1.3929651121e+02    1.4874408711e-01   -1.1801928821e-02    1.0009764055e-01    6.8626758139e+01    2.9411467774e+01    2.9411467774e+01
    2.9829287614e+03    2.8732959890e+03   -5.2634648643e+04    1.3950120480e+02    1.3974893591e+02    1.3959500559e+02   -1.1627004577e-01    3.8567944957e-02   -8.4339803512e-02    6.8626758139e+01    2.9411467774e+01    2.9411467774e+01
    3.0086863768e+03    2.8981069246e+03   -5.2658872145e+04    1.3956614806e+02    1.3971525049e+02    1.3931907527e+02   -4.9377937998e-04    1.6074984221e-01    8.5420497122e-02    6.8626758139e+01    2.9411467774e+01    2.9411467774e+01
    2.9842344967e+03    2.8745537342e+03   -5.2638833041e+04    1.4018556020e+02    1.3958093629e+02    1.3945495284e+02    1.6615697200e-01   -2.1056163217e-01   -1.2085435457e-01    6.8626758139e+01    2.9411467774e+01    2.9411467774e+01
    3.0190797446e+03    2.9081183007e+03   -5.2670620355e+04    1.3969045215e+02    1.3942993946e+02    1.3946156125e+02    1.9561880791e-01   -1.3401836999e-01   -6.0244232165e-02    6.8626758139e+01    2.9411467774e+01    2.9411467774e+01
    3.0127688621e+03    2.9020393646e+03   -5.2666450094e+04    1.3974280355e+02    1.3934079980e+02    1.3948488691e+02    6.5778093604e-03    1.0953185539e-01   -2.6506313171e-01    6.8626758139e+01    2.9411467774e+01    2.9411467774e+01
    2.9894146619e+03    2.8795435106e+03   -5.2642205360e+04    1.3976142999e+02    1.3945478508e+02    1.3943149291e+02    3.8361141372e-02   -2.5847499558e-01   -1.2553686508e-01    6.8626758139e+01    2.9411467774e+01    2.9411467774e+01
    2.9930908655e+03    2.8830846013e+03   -5.2648590716e+04    1.3963354898e+02    1.3921037414e+02    1.3973752678e+02   -1.6228626726e-01    8.3198558596e-02   -2.3666097361e-02    6.8626758139e+01    2.9411467774e+01    2.9411467774e+01
    3.0048196353e+03    2.8943822990e+03   -5.2657938089e+04    1.3929668460e+02    1.3975487150e+02    1.3942930034e+02   -1.4575593193e-01   -4.4066946600e-01   -7.0698920622e-02    6.8626758139e+01    2.9411467774e+01    2.9411467774e+01
    3.0260413871e+03    2.9148240792e+03   -5.2677503258e+04    1.3977883656e+02    1.3945573159e+02    1.3930975056e+02   -1.6882366814e-01    5.2744052115e-03    1.1013454758e-01    6.8626758139e+01    2.9411467774e+01    2.9411467774e+01
    3.0013901671e+03    2.8910788753e+03   -5.2653779605e+04    1.3992350027e+02    1.3938611955e+02    1.3957340851e+02    1.1372244122e-02    1.8669891266e-01    7.5404161860e-02    6.8626758139e+01    2.9411467774e+01    2.9411467774e+01
    2.9969059270e+03    2.8867594463e+03   -5.2650615695e+04    1.3962310708e+02    1.3933251476e+02    1.3968200501e+02    1.6522756385e-01   -2.0337967993e-02   -1.5313109745e-01    6.8626758139e+01    2.9411467774e+01    2.9411467774e+01
    2.9792981771e+03    2.8697988411e+03   -5.2632416002e+04    1.3944153183e+02    1.3986983781e+02    1.3983021053e+02   -1.4296430657e-02   -1.2607466076e-01   -8.9912415680e-02    6.8626758139e+01    2.9411467774e+01    2.9411467774e+01
    2.9754525997e+03    2.8660946017e+03   -5.2630955573e+04    1.3971661407e+02    1.3936552438e+02    1.3984748923e+02    1.1206842244e-02   -1.5924073819e-01    1.1749044126e-01    6.8626758139e+01    2.9411467774e+01    2.9411467774e+01
    3.0112281043e+03    2.9005552349e+03   -5.2660588690e+04    1.3954660165e+02    1.3967466403e+02    1.3977040871e+02   -6.1029845175e-02    9.0441856979e-02    2.4556130860e-02    6.8626758139e+01    2.9411467774e+01    2.9411467774e+01
    2.9976322413e+03    2.8874590661e+03   -5.2652322367e+04    1.3969448745e+02    1.3953132935e+02    1.3940642255e+02    1.6969531381e-01    8.8846659050e-03    1.8892529699e-02    6.8626758139e+01    2.9411467774e+01    2.9411467774e+01
    3.0050129384e+03    2.8945684975e+03   -5.2658511769e+04    1.3935278101e+02    1.3967216126e+02    1.3928643917e+02    1.6189413146e-02   -5.4012842226e-02   -1.3991309889e-03    6.8626758139e+01    2.9411467774e+01    2.9411467774e+01
    3.0109768241e+03    2.9003131902e+03   -5.2664157595e+04    1.3979697277e+02    1.3943478766e+02    1.3919012218e+02   -2.2394538441e-01    1.9663310753e-01    1.4684094953e-01    6.8626758139e+01    2.9411467774e+01    2.9411467774e+01
    3.0196802928e+03    2.9086967768e+03   -5.2670860219e+04    1.3950217526e+02    1.3955638487e+02    1.3965105616e+02    1.8203336043e-01   -7.9077294373e-02   -7.0895299646e-02    6.8626758139e+01    2.9411467774e+01    2.9411467774e+01
    3.0035236196e+03    2.8931339163e+03   -5.2655021353e+04    1.3972367379e+02    1.3972308074e+02    1.3944116998e+02    2.5358382105e-01   -1.8361238939e-01   -3.3299010254e-02    6.8626758139e+01    2.9411467774e+01    2.9411467774e+01
    3.0141616152e+03    2.9033809293e+03   -5.2668136391e+04    1.3990353201e+02    1.3937638522e+02    1.3940410431e+02   -2.0570796127e-01    1.4983001244e-01   -2.1925712609e-01    6.8626758139e+01    2.9411467774e+01    2.9411467774e+01
    3.0235287201e+03    2.9124037613e+03   -5.2672722207e+04    1.3975087444e+02    1.3916707810e+02    1.3947148359e+02   -7.2655200406e-02   -7.9427833775e-02    7.3098700464e-02    6.8626758139e+01    2.9411467774e+01    2.9411467774e+01
    3.0205953291e+03    2.9095781823e+03   -5.2672694397e+04    1.3965400469e+02    1.3933258841e+02    1.3960637743e+02    1.2386654765e-01    2.1946741546e-02    4.8573565973e-03    6.8626758139e+01    2.9411467774e+01    2.9411467774e+01
    3.0137471344e+03    2.9029816821e+03   -5.2664079139e+04    1.4001952870e+02    1.3938580870e+02    1.3915105974e+02   -5.9753086280e-02    2.5785339931e-01   -1.8319635882e-03    6.8626758139e+01    2.9411467774e+01    2.9411467774e+01
    2.9703246670e+03    2.8611551380e+03   -5.2625686244e+04    1.3987938676e+02    1.3927404695e+02    1.3971341772e+02    1.0153809474e-01   -1.2308753817e-02    1.3080227633e-01    6.8626758139e+01    2.9411467774e+01    2.9411467774e+01
    3.0194379726e+03    2.9084633627e+03   -5.2670644872e+04    1.3970201257e+02    1.3906581367e+02    1.3936665270e+02    4.9195780653e-02    4.7075239710e-02    1.1261830050e-01    6.8626758139e+01    2.9411467774e+01    2.9411467774e+01
    3.0295578832e+03    2.9182113322e+03   -5.2684209421e+04    1.3962812032e+02    1.3927538194e+02    1.3929247636e+02   -1.4388540202e-01    2.3122910508e-02   -1.3875000113e-02    6.8626758139e+01    2.9411467774e+01    2.9411467774e+01
    3.0519655211e+03    2.9397954132e+03   -5.2702912348e+04    1.3956423677e+02    1.3940176692e+02    1.3891747958e+02   -1.6756956702e-02    6.8249469786e-02    2.7653466497e-02    6.8626758139e+01    2.9411467774e+01    2.9411467774e+01
    3.0047090283e+03    2.8942757571e+03   -5.2660031094e+04    1.3920886772e+02    1.3958328479e+02    1.3950176554e+02   -3.0866624569e-02   -5.1718955132e-02    7.3711251213e-02    6.8626758139e+01    2.9411467774e+01    2.9411467774e+01
    3.0070277750e+03    2.8965092820e+03   -5.2656968404e+04    1.3984543603e+02    1.3946546307e+02    1.3941512909e+02   -1.4837164935e-01    2.2748863407e-02    6.4578998920e-02    6.8626758139e+01    2.9411467774e+01    2.9411467774e+01
    2.9936575450e+03    2.8836304534e+03   -5.2643839583e+04    1.3969627819e+02    1.3980912542e+02    1.3961311970e+02    4.7153763363e-03    1.8836103498e-01    4.6812572996e-02    6.8626758139e+01    2.9411467774e+01    2.9411467774e+01
    3.0007495076e+03    2.8904617623e+03   -5.2658311990e+04    1.3992878336e+02    1.3934129947e+02    1.3970039342e+02   -6.5634063585e-02    2.0272964474e-01    1.8153871096e-01    6.8626758139e+01    2.9411467774e+01    2.9411467774e+01
    3.0207061426e+03    2.9096849231e+03   -5.2669698504e+04    1.3986580598e+02    1.3955195645e+02    1.3921503516e+02   -1.3108422141e-02   -5.8610277929e-02    1.8761546748e-01    6.8626758139e+01    2.9411467774e+01    2.9411467774e+01
    2.9527406741e+03    2.8442174166e+03   -5.2605165335e+04    1.4003752788e+02    1.3945319031e+02    1.3978910190e+02   -1.3228237485e-02   -8.9146841594e-02    4.0343832153e-02    6.8626758139e+01    2.9411467774e+01    2.9411467774e+01
    3.0229851739e+03    2.9118801922e+03   -5.2674581956e+04    1.4001382790e+02    1.3920622674e+02    1.3937307231e+02    5.1469227986e-02    8.2693489893e-02   -1.3604564820e-01    6.8626758139e+01    2.9411467774e+01    2.9411467774e+01
    2.9950799129e+03    2.8850005444e+03   -5.2649894332e+04    1.3959235136e+02    1.3940981657e+02    1.3955087455e+02    2.5818180462e-02    6.0250823523e-03    1.5488984867e-01    6.8626758139e+01    2.9411467774e+01    2.9411467774e+01
    3.0217405136e+03    2.9106812774e+03   -5.2674050647e+04    1.3980461094e+02    1.3962347996e+02    1.3902350223e+02   -9.1445202286e-02    2.4088464866e-01   -1.7825953181e-01    6.8626758139e+01    2.9411467774e+01    2.9411467774e+01
    3.0143230939e+03    2.9035364731e+03   -5.2668595828e+04    1.3973798504e+02    1.3948708899e+02    1.3958299950e+02   -9.2079863282e-02   -1.8814179928e-02   -1.7898650168e-01    6.8626758139e+01    2.9411467774e+01    2.9411467774e+01
    2.9822598286e+03    2.8726516418e+03   -5.2636533009e+04    1.3989338321e+02    1.3962514014e+02    1.3987034872e+02    1.4650441340e-01   -1.0222892778e-01    2.6849115610e-02    6.8626758139e+01    2.9411467774e+01    2.9411467774e+01
    3.0092871033e+03    2.8986855723e+03   -5.2663436686e+04    1.3980622979e+02    1.3963113254e+02    1.3894014806e+02    1.4727529692e-01   -1.7675472722e-01   -4.2082965102e-02    6.8626758139e+01    2.9411467774e+01    2.9411467774e+01
    2.9942688755e+03    2.8842193154e+03   -5.2647988132e+04    1.3978060815e+02    1.3935909347e+02    1.3962870513e+02    6.0088006237e-02    1.7626528181e-01    1.4696131856e-01    6.8626758139e+01    2.9411467774e+01    2.9411467774e+01
    3.0557597844e+03    2.9434502244e+03   -5.2705073548e+04    1.3926077461e+02    1.3918982731e+02    1.3964585529e+02    1.5152889662e-01    8.7836310485e-02    1.7183052163e-01    6.8626758139e+01    2.9411467774e+01    2.9411467774e+01
    2.9914251442e+03    2.8814801010e+03   -5.2642740777e+04    1.3979105589e+02    1.3964293801e+02    1.3938351207e+02   -6.6936276082e-02    1.3537826167e-01    1.1118638483e-01    6.8626758139e+01    2.9411467774e+01    2.9411467774e+01
    2.9807315761e+03    2.8711795578e+03   -5.2631139340e+04    1.3952385593e+02    1.3981352891e+02    1.3980749623e+02   -1.0287763546e-01    6.5688816072e-02   -1.1384909015e-01    6.8626758139e+01    2.9411467774e+01    2.9411467774e+01
    2.9906200154e+03    2.8807045634e+03   -5.2644449023e+04    1.4001854552e+02    1.3902457249e+02    1.3933903630e+02   -1.1308830081e-01   -1.8872143707e-01   -1.1476850442e-01    6.8626758139e+01    2.9411467774e+01    2.9411467774e+01
    3.0079947959e+03    2.8974407615e+03   -5.2662369380e+04    1.3985473096e+02    1.3945167490e+02    1.3922176152e+02   -1.2032562677e-01    1.7278120728e-01   -7.6322734952e-02    6.8626758139e+01    2.9411467774e+01    2.9411467774e+01
    2.9927695049e+03    2.8827750518e+03   -5.2644282992e+04    1.3939969510e+02    1.4008588599e+02    1.3950345446e+02    3.8353297316e-03    2.0019556360e-01   -2.6220356013e-02    6.8626758139e+01    2.9411467774e+01    2.9411467774e+01
    3.0142579418e+03    2.9034737156e+03   -5.2666157851e+04    1.3981581658e+02    1.3923965351e+02    1.3936562579e+02   -1.1811757022e-01    4.9592172981e-02    5.3433881310e-03    6.8626758139e+01    2.9411467774e+01    2.9411467774e+01
    3.0209811180e+03    2.9099497923e+03   -5.2672746597e+04    1.3925376805e+02    1.3924557780e+02    1.3961438221e+02    7.5565795461e-02   -1.1475113717e-02   -2.5221630192e-01    6.8626758139e+01    2.9411467774e+01    2.9411467774e+01
    2.9937629675e+03    2.8837320012e+03   -5.2644524518e+04    1.3965288310e+02    1.3974673513e+02    1.3943964376e+02    1.6250498465e-01    9.5263118190e-02    7.6416721124e-03    6.8626758139e+01    2.9411467774e+01    2.9411467774e+01
    3.0256741964e+03    2.9144703841e+03   -5.2678322479e+04    1.3992790886e+02    1.3966523293e+02    1.3901483787e+02    1.0732290112e-01   -3.5538189793e-01    1.9595418564e-02    6.8626758139e+01    2.9411467774e+01    2.9411467774e+01
    3.0059736488e+03    2.8954938985e+03   -5.2658585047e+04    1.3990952082e+02    1.3938218528e+02    1.3957715117e+02    5.9425134921e-02   -1.4858584475e-01    1.8137589199e-01    6.8626758139e+01    2.9411467774e+01    2.9411467774e+01
    2.9951404102e+03    2.8850588183e+03   -5.2648814063e+04    1.3934079735e+02    1.3954180081e+02    1.3987057316e+02   -1.2023447559e-01    1.4567861125e-01    2.2964557278e-01    6.8626758139e+01    2.9411467774e+01    2.9411467774e+01
    3.0117926943e+03    2.9010990743e+03   -5.2664935232e+04    1.3975745144e+02    1.3930539510e+02    1.3926149015e+02    5.4909018104e-02    7.7507793480e-02   -9.2733123268e-02    6.8626758139e+01    2.9411467774e+01    2.9411467774e+01
    3.0246387308e+03    2.9134729753e+03   -5.2676006735e+04    1.3962949937e+02    1.3891058295e+02    1.3985981533e+02    4.2550534703e-02    2.4170794430e-02   -1.8190778748e-01    6.8626758139e+01    2.9411467774e+01    2.9411467774e+01
    3.0150890468e+03    2.9042742746e+03   -5.2664620181e+04    1.3964963240e+02    1.3976640424e+02    1.3936923814e+02   -9.0698551279e-02   -7.2742036704e-03   -7.6473785924e-02    6.8626758139e+01    2.9411467774e+01    2.9411467774e+01
    3.0148823327e+03    2.9040751580e+03   -5.2667322998e+04    1.3973968771e+02    1.3915113418e+02    1.3939403429e+02   -4.6964972457e-02   -1.2736369923e-01   -1.9481445934e-01    6.8626758139e+01    2.9411467774e+01    2.9411467774e+01
    3.0004837593e+03    2.8902057811e+03   -5.2654710837e+04    1.3985769170e+02    1.3930907890e+02    1.3930072175e+02   -4.0327507532e-02   -1.9178687396e-01    2.9699268713e-02    6.8626758139e+01    2.9411467774e+01    2.9411467774e+01
    2.9662018063e+03    2.8571838064e+03   -5.2618880449e+04    1.3956820753e+02    1.3976168264e+02    1.3926908215e+02   -8.2388993439e-03   -1.2699495433e-01    1.3196268513e-01    6.8626758139e+01    2.9411467774e+01    2.9411467774e+01
    3.0064533289e+03    2.8959559488e+03   -5.2657623992e+04    1.3986067055e+02    1.3963098657e+02    1.3901781149e+02   -4.0634432702e-01    1.7941944561e-02   -2.5445049019e-01    6.8626758139e+01    2.9411467774e+01    2.9411467774e+01
    2.9728684718e+03    2.8636054493e+03   -5.2630149713e+04    1.3960762909e+02    1.3959599742e+02    1.3975602909e+02    1.0201793568e-01    1.6378048206e-01   -1.3189038067e-01    6.8626758139e+01    2.9411467774e+01    2.9411467774e+01
    3.0032461833e+03    2.8928666767e+03   -5.2655527537e+04    1.3959618751e+02    1.3955413419e+02    1.3946030919e+02   -9.0824318600e-02   -7.1973497510e-02   -1.6162441362e-01    6.8626758139e+01    2.9411467774e+01    2.9411467774e+01
    2.9936799517e+03    2.8836520366e+03   -5.2647755381e+04    1.4028005210e+02    1.3953756933e+02    1.3940178473e+02    1.5185172330e-01    1.5552206468e-01    1.7979667514e-01    6.8626758139e+01    2.9411467774e+01    2.9411467774e+01
    3.0272611140e+03    2.9159989770e+03   -5.2677877733e+04    1.3947868942e+02    1.3929988153e+02    1.3950637899e+02   -9.8230780776e-02   -8.6054488741e-02   -3.1889232144e-02    6.8626758139e+01    2.9411467774e+01    2.9411467774e+01
    2.9987460126e+03    2.8885319025e+03   -5.2652832184e+04    1.4024076826e+02    1.3905344094e+02    1.3952434847e+02   -4.0866265257e-03   -6.0822006101e-02   -1.0587692264e-01    6.8626758139e+01    2.9411467774e+01    2.9411467774e+01
    2.9962515111e+03    2.8861290824e+03   -5.2649664014e+04    1.3959868941e+02    1.3948920227e+02    1.3968159847e+02   -7.2760123049e-02    2.6693164569e-02   -7.6724738603e-02    6.8626758139e+01    2.9411467774e+01    2.9411467774e+01
    2.9850786792e+03    2.8753668901e+03   -5.2638049245e+04    1.3978213958e+02    1.3934089860e+02    1.3963693872e+02    8.5601565266e-02    4.2665955359e-02   -1.5282763186e-01    6.8626758139e+01    2.9411467774e+01    2.9411467774e+01
    3.0362697257e+03    2.9246764916e+03   -5.2685794461e+04    1.3932575154e+02    1.3946529977e+02    1.3961522215e+02   -3.8582249986e-02   -1.7084689689e-01    1.3171916441e-02    6.8626758139e+01    2.9411467774e+01    2.9411467774e+01
    3.0032650153e+03    2.8928848165e+03   -5.2656451952e+04    1.3977036606e+02    1.3954965914e+02    1.3947454098e+02   -1.7437306092e-01    4.0871544580e-02    7.3709249466e-02    6.8626758139e+01    2.9411467774e+01    2.9411467774e+01
    2.9911471888e+03    2.8812123613e+03   -5.2645282787e+04    1.3949924230e+02    1.3998179685e+02    1.3936572285e+02    2.5273870843e-01   -5.7756121981e-02    2.6450644453e-01    6.8626758139e+01    2.9411467774e+01    2.9411467774e+01
    3.0204925534e+03    2.9094791840e+03   -5.2671307579e+04    1.3958440385e+02    1.3941812922e+02    1.3939818150e+02   -6.4078149253e-02   -1.6752325843e-01    7.8268601354e-02    6.8626758139e+01    2.9411467774e+01    2.9411467774e+01
    3.0204925534e+03    2.9094791840e+03   -5.2671307579e+04    1.3958440385e+02    1.3941812922e+02    1.3939818150e+02   -6.4078149253e-02   -1.6752325843e-01    7.8268601354e-02    6.8626758139e+01    2.9411467774e+01    2.9411467774e+01
    3.0204925534e+03    2.9094791840e+03   -5.2671307579e+04    1.3958440385e+02    1.3941812922e+02    1.3939818150e+02   -6.4078149253e-02   -1.6752325843e-01    7.8268601354e-02    6.8626758139e+01    2.9411467774e+01    2.9411467774e+01
    3.0204925534e+03    2.9094791840e+03   -5.2671307579e+04    1.3958440385e+02    1.3941812922e+02    1.3939818150e+02   -6.4078149253e-02   -1.6752325843e-01    7.8268601354e-02    6.8626758139e+01    2.9411467774e+01    2.9411467774e+01
    3.0204925534e+03    2.9094791840e+03   -5.2671307579e+04    1.3958440385e+02    1.3941812922e+02    1.3939818150e+02   -6.4078149253e-02   -1.6752325843e-01    7.8268601354e-02    6.8626758139e+01    2.9411467774e+01    2.9411467774e+01
    3.0204925534e+03    2.9094791840e+03   -5.2671307579e+04    1.3958440385e+02    1.3941812922e+02    1.3939818150e+02   -6.4078149253e-02   -1.6752325843e-01    7.8268601354e-02    6.8626758139e+01    2.9411467774e+01    2.9411467774e+01
    3.0204925534e+03    2.9094791840e+03   -5.2671307579e+04    1.3958440385e+02    1.3941812922e+02    1.3939818150e+02   -6.4078149253e-02   -1.6752325843e-01    7.8268601354e-02    6.8626758139e+01    2.9411467774e+01    2.9411467774e+01
    3.0204925534e+03    2.9094791840e+03   -5.2671307579e+04    1.3958440385e+02    1.3941812922e+02    1.3939818150e+02   -6.4078149253e-02   -1.6752325843e-01    7.8268601354e-02    6.8626758139e+01    2.9411467774e+01    2.9411467774e+01
    3.0204925534e+03    2.9094791840e+03   -5.2671307579e+04    1.3958440385e+02    1.3941812922e+02    1.3939818150e+02   -6.4078149253e-02   -1.6752325843e-01    7.8268601354e-02    6.8626758139e+01    2.9411467774e+01    2.9411467774e+01
    3.0204925534e+03    2.9094791840e+03   -5.2671307579e+04    1.3958440385e+02    1.3941812922e+02    1.3939818150e+02   -6.4078149253e-02   -1.6752325843e-01    7.8268601354e-02    6.8626758139e+01    2.9411467774e+01    2.9411467774e+01
    3.0204925534e+03    2.9094791840e+03   -5.2671307579e+04    1.3958440385e+02    1.3941812922e+02    1.3939818150e+02   -6.4078149253e-02   -1.6752325843e-01    7.8268601354e-02    6.8626758139e+01    2.9411467774e+01    2.9411467774e+01
    3.0204925534e+03    2.9094791840e+03   -5.2671307579e+04    1.3958440385e+02    1.3941812922e+02    1.3939818150e+02   -6.4078149253e-02   -1.6752325843e-01    7.8268601354e-02    6.8626758139e+01    2.9411467774e+01    2.9411467774e+01
    3.0204925534e+03    2.9094791840e+03   -5.2671307579e+04    1.3958440385e+02    1.3941812922e+02    1.3939818150e+02   -6.4078149253e-02   -1.6752325843e-01    7.8268601354e-02    6.8626758139e+01    2.9411467774e+01    2.9411467774e+01
    3.0204925534e+03    2.9094791840e+03   -5.2671307579e+04    1.3958440385e+02    1.3941812922e+02    1.3939818150e+02   -6.4078149253e-02   -1.6752325843e-01    7.8268601354e-02    6.8626758139e+01    2.9411467774e+01    2.9411467774e+01
    3.0204925534e+03    2.9094791840e+03   -5.2671307579e+04    1.3958440385e+02    1.3941812922e+02    1.3939818150e+02   -6.4078149253e-02   -1.6752325843e-01    7.8268601354e-02    6.8626758139e+01    2.9411467774e+01    2.9411467774e+01
    3.0204925534e+03    2.9094791840e+03   -5.2671307579e+04    1.3958440385e+02    1.3941812922e+02    1.3939818150e+02   -6.4078149253e-02   -1.6752325843e-01    7.8268601354e-02    6.8626758139e+01    2.9411467774e+01    2.9411467774e+01
    3.0204925534e+03    2.9094791840e+03   -5.2671307579e+04    1.3958440385e+02    1.3941812922e+02    1.3939818150e+02   -6.4078149253e-02   -1.6752325843e-01    7.8268601354e-02    6.8626758139e+01    2.9411467774e+01    2.9411467774e+01
    3.0204925534e+03    2.9094791840e+03   -5.2671307579e+04    1.3958440385e+02    1.3941812922e+02    1.3939818150e+02   -6.4078149253e-02   -1.6752325843e-01    7.8268601354e-02    6.8626758139e+01    2.9411467774e+01    2.9411467774e+01
    3.0204925534e+03    2.9094791840e+03   -5.2671307579e+04    1.3958440385e+02    1.3941812922e+02    1.3939818150e+02   -6.4078149253e-02   -1.6752325843e-01    7.8268601354e-02    6.8626758139e+01    2.9411467774e+01    2.9411467774e+01
    3.0204925534e+03    2.9094791840e+03   -5.2671307579e+04    1.3958440385e+02    1.3941812922e+02    1.3939818150e+02   -6.4078149253e-02   -1.6752325843e-01    7.8268601354e-02    6.8626758139e+01    2.9411467774e+01    2.9411467774e+01
    3.0204925534e+03    2.9094791840e+03   -5.2671307579e+04    1.3958440385e+02    1.3941812922e+02    1.3939818150e+02   -6.4078149253e-02   -1.6752325843e-01    7.8268601354e-02    6.8626758139e+01    2.9411467774e+01    2.9411467774e+01
    3.0204925534e+03    2.9094791840e+03   -5.2671307579e+04    1.3958440385e+02    1.3941812922e+02    1.3939818150e+02   -6.4078149253e-02   -1.6752325843e-01    7.8268601354e-02    6.8626758139e+01    2.9411467774e+01    2.9411467774e+01
    3.0204925534e+03    2.9094791840e+03   -5.2671307579e+04    1.3958440385e+02    1.3941812922e+02    1.3939818150e+02   -6.4078149253e-02   -1.6752325843e-01    7.8268601354e-02    6.8626758139e+01    2.9411467774e+01    2.9411467774e+01
    3.0204925534e+03    2.9094791840e+03   -5.2671307579e+04    1.3958440385e+02    1.3941812922e+02    1.3939818150e+02   -6.4078149253e-02   -1.6752325843e-01    7.8268601354e-02    6.8626758139e+01    2.9411467774e+01    2.9411467774e+01
    3.0204925534e+03    2.9094791840e+03   -5.2671307579e+04    1.3958440385e+02    1.3941812922e+02    1.3939818150e+02   -6.4078149253e-02   -1.6752325843e-01    7.8268601354e-02    6.8626758139e+01    2.9411467774e+01    2.9411467774e+01
    3.0204925534e+03    2.9094791840e+03   -5.2671307579e+04    1.3958440385e+02    1.3941812922e+02    1.3939818150e+02   -6.4078149253e-02   -1.6752325843e-01    7.8268601354e-02    6.8626758139e+01    2.9411467774e+01    2.9411467774e+01
    3.0204925534e+03    2.9094791840e+03   -5.2671307579e+04    1.3958440385e+02    1.3941812922e+02    1.3939818150e+02   -6.4078149253e-02   -1.6752325843e-01    7.8268601354e-02    6.8626758139e+01    2.9411467774e+01    2.9411467774e+01
    3.0204925534e+03    2.9094791840e+03   -5.2671307579e+04    1.3958440385e+02    1.3941812922e+02    1.3939818150e+02   -6.4078149253e-02   -1.6752325843e-01    7.8268601354e-02    6.8626758139e+01    2.9411467774e+01    2.9411467774e+01
    3.0204925534e+03    2.9094791840e+03   -5.2671307579e+04    1.3958440385e+02    1.3941812922e+02    1.3939818150e+02   -6.4078149253e-02   -1.6752325843e-01    7.8268601354e-02    6.8626758139e+01    2.9411467774e+01    2.9411467774e+01
    3.0204925534e+03    2.9094791840e+03   -5.2671307579e+04    1.3958440385e+02    1.3941812922e+02    1.3939818150e+02   -6.4078149253e-02   -1.6752325843e-01    7.8268601354e-02    6.8626758139e+01    2.9411467774e+01    2.9411467774e+01
    3.0204925534e+03    2.9094791840e+03   -5.2671307579e+04    1.3958440385e+02    1.3941812922e+02    1.3939818150e+02   -6.4078149253e-02   -1.6752325843e-01    7.8268601354e-02    6.8626758139e+01    2.9411467774e+01    2.9411467774e+01
