mkdir: cannot create directory ‘100GPa’: File exists
mkdir: cannot create directory ‘100GPa/size’: File exists

***************************************************************
*                 Welcome to use GPUMD                        *
*     (Graphics Processing Units Molecular Dynamics)          *
*                     Version 3.9                             *
*              This is the gpumd executable                   *
***************************************************************


---------------------------------------------------------------
Compiling options:
---------------------------------------------------------------

DEBUG is off: Use different PRNG seeds for different runs.

---------------------------------------------------------------
GPU information:
---------------------------------------------------------------

number of GPUs = 1
Device id:                   0
    Device name:             Tesla V100-SXM2-32GB
    Compute capability:      7.0
    Amount of global memory: 31.7394 GB
    Number of SMs:           80

---------------------------------------------------------------
Started running GPUMD.
---------------------------------------------------------------


---------------------------------------------------------------
Started initializing positions and related parameters.
---------------------------------------------------------------

Number of atoms is 7290.
Use periodic boundary conditions along x.
Use periodic boundary conditions along y.
Use periodic boundary conditions along z.
Use orthogonal box.
Box lengths are
    Lx =     2.9726833769e+01 A
    Ly =     5.9453667539e+01 A
    Lz =     2.9726833769e+01 A
Do not specify initial velocities here.
Have 1 grouping method(s).
There are 9 groups of atoms in grouping method 0.
    810 atoms in group 0.
    1053 atoms in group 1.
    810 atoms in group 2.
    810 atoms in group 3.
    567 atoms in group 4.
    810 atoms in group 5.
    648 atoms in group 6.
    810 atoms in group 7.
    972 atoms in group 8.
There are 3 atom types.
    1458 atoms of type 0.
    1458 atoms of type 1.
    4374 atoms of type 2.

---------------------------------------------------------------
Finished initializing positions and related parameters.
---------------------------------------------------------------


---------------------------------------------------------------
Started executing the commands in run.in.
---------------------------------------------------------------

Use the NEP4 potential with 3 atom types.
    type 0 (Ca with Z = 20).
    type 1 (Si with Z = 14).
    type 2 (O with Z = 8).
    radial cutoff = 7 A.
    angular cutoff = 5 A.
    MN_radial = 219.
    MN_angular = 86.
    enlarged MN_radial = 274.
    enlarged MN_angular = 108.
    n_max_radial = 4.
    n_max_angular = 4.
    basis_size_radial = 12.
    basis_size_angular = 12.
    l_max_3body = 4.
    l_max_4body = 2.
    l_max_5body = 0.
    ANN = 30-50-1.
    number of neural network parameters = 4801.
    number of descriptor parameters = 1170.
    total number of parameters = 5971.
Initialized velocities with T = 2000 K.
Use NVT ensemble for this run.
    choose the Berendsen method.
    initial temperature is 2000 K.
    final temperature is 2000 K.
    tau_T is 100 time_step.
Group 0 in grouping method 0 will be fixed.
Time step for this run is 1 fs.
Dump thermo every 1000 steps.
Run 100000 steps.
    10000 steps completed.
    20000 steps completed.
    30000 steps completed.
    40000 steps completed.
    50000 steps completed.
    60000 steps completed.
    70000 steps completed.
    80000 steps completed.
    90000 steps completed.
    100000 steps completed.

---------------------------------------------------------------
Time used for this run = 559.9 second.
Speed of this run = 1.30202e+06 atom*step/second.
---------------------------------------------------------------

Integrate with heating and cooling for this run.
    choose the Langevin method.
    average temperature is 2000 K.
    tau_T is 100 time_step.
    delta_T is 200 K.
    T_hot is 2200 K.
    T_cold is 1800 K.
    heat source is group 1 in grouping method 0.
    heat sink is group 8 in grouping method 0.
Group 0 in grouping method 0 will be fixed.
Dump thermo every 100000 steps.
Compute space and/or time average of:
    temperature
    using grouping method 0.
    with sampling interval 10.
    and output interval 100.
Run 3000000 steps.
    300000 steps completed.
    600000 steps completed.
    900000 steps completed.
    1200000 steps completed.
    1500000 steps completed.
    1800000 steps completed.
    2100000 steps completed.
    2400000 steps completed.
    2700000 steps completed.
    3000000 steps completed.

---------------------------------------------------------------
Time used for this run = 17255.5 second.
Speed of this run = 1.26742e+06 atom*step/second.
---------------------------------------------------------------


---------------------------------------------------------------
Finished executing the commands in run.in.
---------------------------------------------------------------


---------------------------------------------------------------
Time used = 17815.410000 s.
---------------------------------------------------------------


---------------------------------------------------------------
Finished running GPUMD.
---------------------------------------------------------------


***************************************************************
*                 Welcome to use GPUMD                        *
*     (Graphics Processing Units Molecular Dynamics)          *
*                     Version 3.9                             *
*              This is the gpumd executable                   *
***************************************************************


---------------------------------------------------------------
Compiling options:
---------------------------------------------------------------

DEBUG is off: Use different PRNG seeds for different runs.

---------------------------------------------------------------
GPU information:
---------------------------------------------------------------

number of GPUs = 1
Device id:                   0
    Device name:             Tesla V100-SXM2-32GB
    Compute capability:      7.0
    Amount of global memory: 31.7394 GB
    Number of SMs:           80

---------------------------------------------------------------
Started running GPUMD.
---------------------------------------------------------------


---------------------------------------------------------------
Started initializing positions and related parameters.
---------------------------------------------------------------

Number of atoms is 8505.
Use periodic boundary conditions along x.
Use periodic boundary conditions along y.
Use periodic boundary conditions along z.
Use orthogonal box.
Box lengths are
    Lx =     2.9726833769e+01 A
    Ly =     6.9362612128e+01 A
    Lz =     2.9726833769e+01 A
Do not specify initial velocities here.
Have 1 grouping method(s).
There are 9 groups of atoms in grouping method 0.
    1053 atoms in group 0.
    1215 atoms in group 1.
    810 atoms in group 2.
    810 atoms in group 3.
    972 atoms in group 4.
    810 atoms in group 5.
    810 atoms in group 6.
    810 atoms in group 7.
    1215 atoms in group 8.
There are 3 atom types.
    1701 atoms of type 0.
    1701 atoms of type 1.
    5103 atoms of type 2.

---------------------------------------------------------------
Finished initializing positions and related parameters.
---------------------------------------------------------------


---------------------------------------------------------------
Started executing the commands in run.in.
---------------------------------------------------------------

Use the NEP4 potential with 3 atom types.
    type 0 (Ca with Z = 20).
    type 1 (Si with Z = 14).
    type 2 (O with Z = 8).
    radial cutoff = 7 A.
    angular cutoff = 5 A.
    MN_radial = 219.
    MN_angular = 86.
    enlarged MN_radial = 274.
    enlarged MN_angular = 108.
    n_max_radial = 4.
    n_max_angular = 4.
    basis_size_radial = 12.
    basis_size_angular = 12.
    l_max_3body = 4.
    l_max_4body = 2.
    l_max_5body = 0.
    ANN = 30-50-1.
    number of neural network parameters = 4801.
    number of descriptor parameters = 1170.
    total number of parameters = 5971.
Initialized velocities with T = 2000 K.
Use NVT ensemble for this run.
    choose the Berendsen method.
    initial temperature is 2000 K.
    final temperature is 2000 K.
    tau_T is 100 time_step.
Group 0 in grouping method 0 will be fixed.
Time step for this run is 1 fs.
Dump thermo every 1000 steps.
Run 100000 steps.
    10000 steps completed.
    20000 steps completed.
    30000 steps completed.
    40000 steps completed.
    50000 steps completed.
    60000 steps completed.
    70000 steps completed.
    80000 steps completed.
    90000 steps completed.
    100000 steps completed.

---------------------------------------------------------------
Time used for this run = 630.24 second.
Speed of this run = 1.34949e+06 atom*step/second.
---------------------------------------------------------------

Integrate with heating and cooling for this run.
    choose the Langevin method.
    average temperature is 2000 K.
    tau_T is 100 time_step.
    delta_T is 200 K.
    T_hot is 2200 K.
    T_cold is 1800 K.
    heat source is group 1 in grouping method 0.
    heat sink is group 8 in grouping method 0.
Group 0 in grouping method 0 will be fixed.
Dump thermo every 100000 steps.
Compute space and/or time average of:
    temperature
    using grouping method 0.
    with sampling interval 10.
    and output interval 100.
Run 3000000 steps.
    300000 steps completed.
    600000 steps completed.
    900000 steps completed.
    1200000 steps completed.
    1500000 steps completed.
    1800000 steps completed.
    2100000 steps completed.
    2400000 steps completed.
    2700000 steps completed.
    3000000 steps completed.

---------------------------------------------------------------
Time used for this run = 19252.3 second.
Speed of this run = 1.32529e+06 atom*step/second.
---------------------------------------------------------------


---------------------------------------------------------------
Finished executing the commands in run.in.
---------------------------------------------------------------


---------------------------------------------------------------
Time used = 19882.590000 s.
---------------------------------------------------------------


---------------------------------------------------------------
Finished running GPUMD.
---------------------------------------------------------------

