    1.9919565535e+03    2.5027113633e+03   -7.6152592758e+04    3.3644880301e+01    3.3772126139e+01    3.3504952432e+01    8.1964304371e-03   -4.8410793037e-02   -5.2973089420e-02    9.4875083465e+01    3.1625027822e+01    3.1625027822e+01
    1.9997697533e+03    2.5125279348e+03   -7.6149357428e+04    3.3662083773e+01    3.3712037726e+01    3.3750585364e+01   -1.9080206668e-02   -4.0669411598e-02    3.6232292210e-02    9.4875083465e+01    3.1625027822e+01    3.1625027822e+01
    1.9890369385e+03    2.4990431340e+03   -7.6137623094e+04    3.3870905317e+01    3.3691544507e+01    3.3537342471e+01   -1.7072705555e-02   -6.4799208735e-02   -5.7071891216e-02    9.4875083465e+01    3.1625027822e+01    3.1625027822e+01
    2.0192777338e+03    2.5370379295e+03   -7.6171613452e+04    3.3991089383e+01    3.3619826249e+01    3.3541485011e+01   -1.0890795318e-01   -1.6401478608e-02    5.5321881726e-02    9.4875083465e+01    3.1625027822e+01    3.1625027822e+01
    2.0038837404e+03    2.5176967836e+03   -7.6152788441e+04    3.3846419771e+01    3.3879929809e+01    3.3739783099e+01   -3.8726884571e-02   -1.2825704156e-01    1.0319395559e-01    9.4875083465e+01    3.1625027822e+01    3.1625027822e+01
    1.9886992623e+03    2.4986188747e+03   -7.6133825446e+04    3.4018336085e+01    3.3737679603e+01    3.3802075870e+01   -1.7578971283e-01    6.3407822320e-03    5.2075190155e-02    9.4875083465e+01    3.1625027822e+01    3.1625027822e+01
    2.0016025107e+03    2.5148306271e+03   -7.6148299502e+04    3.3721826059e+01    3.3812142401e+01    3.3666265982e+01   -1.4341497236e-02    4.7410512138e-02   -1.8591657871e-02    9.4875083465e+01    3.1625027822e+01    3.1625027822e+01
    2.0036354522e+03    2.5173848322e+03   -7.6152215469e+04    3.3720844805e+01    3.3857955195e+01    3.3575424782e+01    5.6511763479e-02    7.5052735897e-02    1.3798889960e-02    9.4875083465e+01    3.1625027822e+01    3.1625027822e+01
    1.9862183446e+03    2.4955018283e+03   -7.6134261655e+04    3.4072355920e+01    3.3587003137e+01    3.3850810952e+01    5.1026690171e-02    1.1031157772e-01   -6.3795158239e-02    9.4875083465e+01    3.1625027822e+01    3.1625027822e+01
    1.9952605261e+03    2.5068625030e+03   -7.6140990630e+04    3.3810249278e+01    3.3632497158e+01    3.3547484724e+01    5.6157442813e-02   -9.1095695881e-02    1.2055519542e-01    9.4875083465e+01    3.1625027822e+01    3.1625027822e+01
    1.9966127612e+03    2.5085614628e+03   -7.6143885592e+04    3.3683964235e+01    3.3664319070e+01    3.3783954457e+01    9.7060657720e-03   -1.0085963649e-02    7.1479309212e-02    9.4875083465e+01    3.1625027822e+01    3.1625027822e+01
    1.9895879716e+03    2.4997354567e+03   -7.6134727013e+04    3.4121096591e+01    3.3607508316e+01    3.3779092338e+01    7.5972762033e-03   -3.0171899857e-02   -8.7641368923e-02    9.4875083465e+01    3.1625027822e+01    3.1625027822e+01
    2.0194598188e+03    2.5372667026e+03   -7.6171762235e+04    3.3932120033e+01    3.3557817668e+01    3.3510996824e+01    3.0898070123e-03    5.7932902742e-02   -3.5341401423e-02    9.4875083465e+01    3.1625027822e+01    3.1625027822e+01
    2.0019412489e+03    2.5152562206e+03   -7.6148468109e+04    3.3996975849e+01    3.3562056685e+01    3.3675221260e+01   -1.1841933999e-01   -3.4619103450e-02    3.0829126226e-02    9.4875083465e+01    3.1625027822e+01    3.1625027822e+01
    2.0103604026e+03    2.5258341178e+03   -7.6161940516e+04    3.3689371928e+01    3.3577762142e+01    3.3552489960e+01   -2.6141897285e-02    2.7400706880e-02    3.6178413470e-02    9.4875083465e+01    3.1625027822e+01    3.1625027822e+01
    2.0033822642e+03    2.5170667246e+03   -7.6150473335e+04    3.4035839206e+01    3.3607017531e+01    3.3748710459e+01   -1.7871511881e-02   -7.6776630359e-02    9.5005546765e-03    9.4875083465e+01    3.1625027822e+01    3.1625027822e+01
    2.0085576658e+03    2.5235691438e+03   -7.6156990629e+04    3.3706548991e+01    3.3533981382e+01    3.3653749758e+01   -4.6454023422e-02    1.1064306896e-03    2.9232684014e-03    9.4875083465e+01    3.1625027822e+01    3.1625027822e+01
    2.0043229003e+03    2.5182485480e+03   -7.6151146533e+04    3.3795099736e+01    3.3604318391e+01    3.3646529855e+01    4.5282640563e-02    3.6596858870e-02    1.4466309741e-01    9.4875083465e+01    3.1625027822e+01    3.1625027822e+01
    2.0167495869e+03    2.5338615440e+03   -7.6169240123e+04    3.3785341167e+01    3.3364934788e+01    3.3657851210e+01   -1.2595290003e-02    3.8132603605e-02    3.9425911517e-02    9.4875083465e+01    3.1625027822e+01    3.1625027822e+01
    2.0305504622e+03    2.5512010826e+03   -7.6182193920e+04    3.3431960379e+01    3.3623811348e+01    3.3700566634e+01   -1.6787268979e-01   -1.1619759318e-02    2.5311049300e-02    9.4875083465e+01    3.1625027822e+01    3.1625027822e+01
    2.0077482836e+03    2.5225522290e+03   -7.6157859700e+04    3.3596048506e+01    3.3652307590e+01    3.3848818998e+01   -5.5516233322e-02   -6.8951105499e-02    7.2063748936e-02    9.4875083465e+01    3.1625027822e+01    3.1625027822e+01
    1.9890950784e+03    2.4991161814e+03   -7.6133530381e+04    3.3807992789e+01    3.3782721092e+01    3.3592694424e+01   -9.4287286085e-02    4.8352058052e-02    4.8889426052e-02    9.4875083465e+01    3.1625027822e+01    3.1625027822e+01
    2.0076937376e+03    2.5224836969e+03   -7.6157240290e+04    3.3618408980e+01    3.3570965079e+01    3.3656911530e+01   -8.4302702731e-02   -9.3552192337e-02    2.0499191512e-02    9.4875083465e+01    3.1625027822e+01    3.1625027822e+01
    1.9865059752e+03    2.4958632098e+03   -7.6131964393e+04    3.4090920945e+01    3.3773523767e+01    3.3815695869e+01   -3.0042322533e-02    2.1429844549e-02   -9.4652325864e-02    9.4875083465e+01    3.1625027822e+01    3.1625027822e+01
    1.9837707487e+03    2.4924266478e+03   -7.6124258337e+04    3.3940081909e+01    3.3771246923e+01    3.3895729811e+01   -6.3252747247e-02   -1.3904831423e-02    4.3953939103e-03    9.4875083465e+01    3.1625027822e+01    3.1625027822e+01
    1.9849704969e+03    2.4939340218e+03   -7.6127197925e+04    3.3741336354e+01    3.3578151695e+01    3.3963261785e+01    1.2281724018e-02   -1.3156092257e-01    6.9828342225e-02    9.4875083465e+01    3.1625027822e+01    3.1625027822e+01
    1.9753674085e+03    2.4818686188e+03   -7.6116055337e+04    3.3920622171e+01    3.3605247461e+01    3.3863165510e+01    3.9112882187e-02   -1.6833238697e-02    4.7236567629e-02    9.4875083465e+01    3.1625027822e+01    3.1625027822e+01
    1.9986632939e+03    2.5111377697e+03   -7.6144390445e+04    3.3796466214e+01    3.3700889063e+01    3.3678172086e+01   -6.8060698070e-03   -7.3487967365e-02   -5.9896110328e-02    9.4875083465e+01    3.1625027822e+01    3.1625027822e+01
    2.0068794257e+03    2.5214605884e+03   -7.6155681167e+04    3.3831540146e+01    3.3604743707e+01    3.3924661840e+01   -2.6980544334e-02    5.9335509184e-02    5.3827358712e-02    9.4875083465e+01    3.1625027822e+01    3.1625027822e+01
    2.0258847847e+03    2.5453390851e+03   -7.6179140441e+04    3.3454812867e+01    3.3458311727e+01    3.3792977522e+01    8.6451680444e-03    7.6068381493e-03    4.2593764497e-02    9.4875083465e+01    3.1625027822e+01    3.1625027822e+01
    1.9889573614e+03    2.4989431526e+03   -7.6135643794e+04    3.3814511029e+01    3.3711858634e+01    3.3877300860e+01   -5.8703547653e-03    2.9164319535e-02   -1.0595830769e-01    9.4875083465e+01    3.1625027822e+01    3.1625027822e+01
    2.0103098060e+03    2.5257705478e+03   -7.6162627010e+04    3.3979582001e+01    3.3679529378e+01    3.3492868829e+01   -4.2309042609e-02   -1.2317490054e-01   -2.1276109113e-02    9.4875083465e+01    3.1625027822e+01    3.1625027822e+01
    2.0154790231e+03    2.5322651966e+03   -7.6166958151e+04    3.3618055813e+01    3.3535150294e+01    3.3479707159e+01    7.4507326016e-02    3.7569081845e-03   -7.2857759568e-02    9.4875083465e+01    3.1625027822e+01    3.1625027822e+01
    2.0115584271e+03    2.5273393261e+03   -7.6164236204e+04    3.3882773395e+01    3.3459694276e+01    3.3732018495e+01   -3.3705730158e-02    3.0388354991e-02    5.7180459178e-02    9.4875083465e+01    3.1625027822e+01    3.1625027822e+01
    2.0057399160e+03    2.5200288987e+03   -7.6154905514e+04    3.3735885700e+01    3.3585996605e+01    3.3615581524e+01   -1.1256706911e-02    5.0859739128e-02    7.6143591628e-02    9.4875083465e+01    3.1625027822e+01    3.1625027822e+01
    2.0093041637e+03    2.5245070502e+03   -7.6159495360e+04    3.3778460263e+01    3.3606577792e+01    3.3677417845e+01   -4.3363920251e-02   -1.5905338219e-02   -1.5705835135e-03    9.4875083465e+01    3.1625027822e+01    3.1625027822e+01
    2.0034259725e+03    2.5171216401e+03   -7.6151298175e+04    3.3673986137e+01    3.3549288540e+01    3.3880150938e+01    5.5079842793e-03   -8.6915222879e-02   -8.4047480674e-02    9.4875083465e+01    3.1625027822e+01    3.1625027822e+01
    2.0159143344e+03    2.5328121256e+03   -7.6167226285e+04    3.3811165219e+01    3.3562773883e+01    3.3589905573e+01    1.5380955403e-02    1.7249010648e-02   -1.4268891554e-03    9.4875083465e+01    3.1625027822e+01    3.1625027822e+01
    1.9877170796e+03    2.4973848518e+03   -7.6131336555e+04    3.3843842726e+01    3.3817883064e+01    3.3801252105e+01   -1.0217424694e-01   -6.1784746207e-02    2.0597433916e-02    9.4875083465e+01    3.1625027822e+01    3.1625027822e+01
    1.9813913205e+03    2.4894371137e+03   -7.6124632516e+04    3.4082720733e+01    3.3742200572e+01    3.3775797562e+01    4.0746404720e-02    5.5996767406e-02    2.9368133567e-02    9.4875083465e+01    3.1625027822e+01    3.1625027822e+01
    2.0033730935e+03    2.5170552025e+03   -7.6152241107e+04    3.3739617586e+01    3.3688409666e+01    3.3593997917e+01    1.5873602890e-02    6.6020774982e-02    9.0116204839e-02    9.4875083465e+01    3.1625027822e+01    3.1625027822e+01
    1.9981132369e+03    2.5104466733e+03   -7.6145350302e+04    3.4068074257e+01    3.3623332548e+01    3.3621489000e+01   -2.7650305250e-02    2.0764128462e-02   -7.3808375483e-02    9.4875083465e+01    3.1625027822e+01    3.1625027822e+01
    2.0083094005e+03    2.5232572211e+03   -7.6158684717e+04    3.3847949827e+01    3.3677832920e+01    3.3689578499e+01    1.1232876230e-01   -3.1935329226e-02   -3.1793935778e-02    9.4875083465e+01    3.1625027822e+01    3.1625027822e+01
    2.0189016227e+03    2.5365653803e+03   -7.6166997594e+04    3.3844612380e+01    3.3513147185e+01    3.3546669108e+01    4.3961875198e-02   -8.6897031343e-02    1.4838309854e-02    9.4875083465e+01    3.1625027822e+01    3.1625027822e+01
    2.0106302007e+03    2.5261730945e+03   -7.6160854783e+04    3.3820312278e+01    3.3691628335e+01    3.3668364076e+01   -1.1334947812e-03   -3.1769713408e-02   -1.0187088858e-01    9.4875083465e+01    3.1625027822e+01    3.1625027822e+01
    2.0162381100e+03    2.5332189201e+03   -7.6169626168e+04    3.3812157572e+01    3.3623388637e+01    3.3694188468e+01   -1.2644434506e-02   -2.5745007127e-02   -4.3128254098e-02    9.4875083465e+01    3.1625027822e+01    3.1625027822e+01
    2.0086078171e+03    2.5236321543e+03   -7.6158208959e+04    3.3577775714e+01    3.3681350840e+01    3.3644582352e+01   -2.1355931114e-02   -9.2295838331e-02    8.0958491052e-02    9.4875083465e+01    3.1625027822e+01    3.1625027822e+01
    2.0071629082e+03    2.5218167583e+03   -7.6153615856e+04    3.3832238045e+01    3.3460292825e+01    3.3603532942e+01    2.5872064755e-02    6.7692584064e-02    2.9916327396e-02    9.4875083465e+01    3.1625027822e+01    3.1625027822e+01
    2.0026351105e+03    2.5161279943e+03   -7.6147416746e+04    3.3710693029e+01    3.3827744738e+01    3.3638284786e+01   -9.3383910795e-02   -2.3636803890e-02    4.5663722381e-02    9.4875083465e+01    3.1625027822e+01    3.1625027822e+01
    1.9933857729e+03    2.5045070470e+03   -7.6137992779e+04    3.4027171680e+01    3.3572322469e+01    3.3797409915e+01    1.2066621794e-02   -1.8211952184e-01   -2.6033214857e-02    9.4875083465e+01    3.1625027822e+01    3.1625027822e+01
    1.9902170598e+03    2.5005258485e+03   -7.6134601988e+04    3.3936460603e+01    3.3736526567e+01    3.3568554483e+01    4.0551077719e-02    5.8435753897e-03    1.3749598009e-02    9.4875083465e+01    3.1625027822e+01    3.1625027822e+01
    1.9907987832e+03    2.5012567308e+03   -7.6136977399e+04    3.3923923730e+01    3.3830487683e+01    3.3764834900e+01   -6.4828762478e-02    3.8175345732e-02   -1.0386757603e-01    9.4875083465e+01    3.1625027822e+01    3.1625027822e+01
    2.0256153838e+03    2.5450006076e+03   -7.6181028106e+04    3.3681030891e+01    3.3443703812e+01    3.3460793623e+01    2.9024652115e-03   -6.7128595476e-02   -5.2736478517e-02    9.4875083465e+01    3.1625027822e+01    3.1625027822e+01
    1.9938062089e+03    2.5050352863e+03   -7.6141117309e+04    3.3703251314e+01    3.3936086023e+01    3.3704217609e+01    2.5662128821e-02    5.5181285803e-02    1.5083395088e-03    9.4875083465e+01    3.1625027822e+01    3.1625027822e+01
    1.9793744552e+03    2.4869031068e+03   -7.6119913099e+04    3.4048482570e+01    3.3716051892e+01    3.3693955588e+01   -1.7163939264e-02    2.0790774367e-02    1.8051973269e-02    9.4875083465e+01    3.1625027822e+01    3.1625027822e+01
    2.0117723905e+03    2.5276081515e+03   -7.6163685182e+04    3.3876928983e+01    3.3729619468e+01    3.3606750297e+01   -8.2522357731e-02    7.8335981750e-03   -1.6047958786e-02    9.4875083465e+01    3.1625027822e+01    3.1625027822e+01
    1.9842385171e+03    2.4930143560e+03   -7.6124599478e+04    3.3921192631e+01    3.3862142553e+01    3.3768293462e+01    4.9857858945e-02    3.3487946600e-02    1.1871985979e-02    9.4875083465e+01    3.1625027822e+01    3.1625027822e+01
    2.0165018911e+03    2.5335503368e+03   -7.6168987983e+04    3.3903407011e+01    3.3531374492e+01    3.3333714990e+01   -1.0900848776e-02    3.4601413097e-02   -3.1106801933e-02    9.4875083465e+01    3.1625027822e+01    3.1625027822e+01
    2.0035637393e+03    2.5172947315e+03   -7.6150367617e+04    3.3785751602e+01    3.3695777426e+01    3.3517518265e+01   -1.0794457784e-01    2.3568133797e-02   -5.7678638521e-02    9.4875083465e+01    3.1625027822e+01    3.1625027822e+01
    1.9802383067e+03    2.4879884571e+03   -7.6123271055e+04    3.4047711795e+01    3.3738592284e+01    3.3706964338e+01    5.9498961458e-02   -2.8565959059e-02   -4.9948342734e-02    9.4875083465e+01    3.1625027822e+01    3.1625027822e+01
    2.0129693947e+03    2.5291120780e+03   -7.6164670447e+04    3.3765907114e+01    3.3604850482e+01    3.3572048144e+01   -6.3835026133e-02   -1.3122488502e-04    3.3176981378e-02    9.4875083465e+01    3.1625027822e+01    3.1625027822e+01
    2.0299257574e+03    2.5504161980e+03   -7.6185267876e+04    3.3786858286e+01    3.3427166312e+01    3.3395925993e+01    2.5485649750e-02    2.4531519717e-02    5.9920022596e-02    9.4875083465e+01    3.1625027822e+01    3.1625027822e+01
    2.0012816353e+03    2.5144274765e+03   -7.6148820190e+04    3.3702358222e+01    3.3724353291e+01    3.3541749313e+01    9.4718226870e-03    8.0869494078e-02    4.7485409462e-02    9.4875083465e+01    3.1625027822e+01    3.1625027822e+01
    2.0100492141e+03    2.5254431379e+03   -7.6157730308e+04    3.3688657432e+01    3.3794011474e+01    3.3598381235e+01   -9.7512243901e-02    1.4295353481e-01   -1.8947012278e-02    9.4875083465e+01    3.1625027822e+01    3.1625027822e+01
    2.0029236336e+03    2.5164904973e+03   -7.6151084467e+04    3.3981786072e+01    3.3864630146e+01    3.3406811304e+01   -1.0312627045e-01    1.9236919282e-02    3.7879667831e-02    9.4875083465e+01    3.1625027822e+01    3.1625027822e+01
    2.0013112532e+03    2.5144646887e+03   -7.6149589959e+04    3.3856540333e+01    3.3794700487e+01    3.3674579638e+01    4.9727967524e-02   -3.7567560126e-03    3.6853502025e-02    9.4875083465e+01    3.1625027822e+01    3.1625027822e+01
    1.9980370983e+03    2.5103510122e+03   -7.6143428576e+04    3.3684814936e+01    3.3768458358e+01    3.3669269353e+01   -6.0113647409e-02   -3.5028715638e-02    4.5376510482e-02    9.4875083465e+01    3.1625027822e+01    3.1625027822e+01
    2.0076164834e+03    2.5223866341e+03   -7.6158199416e+04    3.4194114391e+01    3.3668555655e+01    3.3390347531e+01    1.6037663634e-02   -3.6858211379e-02    2.9444699037e-02    9.4875083465e+01    3.1625027822e+01    3.1625027822e+01
    2.0017658495e+03    2.5150358473e+03   -7.6149386664e+04    3.3831765385e+01    3.3820220926e+01    3.3742406323e+01   -7.1774752727e-02   -3.8118176561e-03   -1.2740697247e-01    9.4875083465e+01    3.1625027822e+01    3.1625027822e+01
    1.9848438956e+03    2.4937749588e+03   -7.6128680742e+04    3.3947975228e+01    3.3809982620e+01    3.3603318109e+01   -1.1804069807e-02   -2.5985425756e-02   -5.2338908872e-02    9.4875083465e+01    3.1625027822e+01    3.1625027822e+01
    1.9922982053e+03    2.5031406176e+03   -7.6136923203e+04    3.3994238972e+01    3.3790678388e+01    3.3409758010e+01    4.6744280784e-02   -1.1328903884e-01    6.5205261195e-02    9.4875083465e+01    3.1625027822e+01    3.1625027822e+01
    2.0003394113e+03    2.5132436580e+03   -7.6147012500e+04    3.3723397586e+01    3.3842453163e+01    3.3764569651e+01    6.5852773436e-02   -9.7994796380e-02    5.8777658961e-02    9.4875083465e+01    3.1625027822e+01    3.1625027822e+01
    1.9909879249e+03    2.5014943701e+03   -7.6136105107e+04    3.4040007223e+01    3.3630810468e+01    3.3744250024e+01   -5.0275572482e-03    7.8176494465e-02    2.7385674177e-02    9.4875083465e+01    3.1625027822e+01    3.1625027822e+01
    2.0001648644e+03    2.5130243558e+03   -7.6145374763e+04    3.3842198261e+01    3.3721414636e+01    3.3664530832e+01   -9.3325463532e-02    1.4347550136e-03   -7.4564826776e-02    9.4875083465e+01    3.1625027822e+01    3.1625027822e+01
    1.9977944859e+03    2.5100461918e+03   -7.6144733491e+04    3.3822328283e+01    3.3656335292e+01    3.3459540097e+01   -1.0166588905e-01    1.1610567677e-01    1.1908865238e-02    9.4875083465e+01    3.1625027822e+01    3.1625027822e+01
    1.9985815471e+03    2.5110350624e+03   -7.6145461114e+04    3.3726701216e+01    3.3664796588e+01    3.3795435407e+01   -8.6107796159e-03   -2.6771873450e-02    1.6857530713e-02    9.4875083465e+01    3.1625027822e+01    3.1625027822e+01
    2.0098168172e+03    2.5251511524e+03   -7.6159032166e+04    3.3871519820e+01    3.3663181242e+01    3.3522527104e+01   -1.2147236636e-02   -4.7992203009e-02    6.1159150115e-02    9.4875083465e+01    3.1625027822e+01    3.1625027822e+01
    2.0071029798e+03    2.5217414638e+03   -7.6155002378e+04    3.3742951783e+01    3.3977948940e+01    3.3601361555e+01   -6.4030526455e-02    2.4457046429e-02   -3.3843912042e-02    9.4875083465e+01    3.1625027822e+01    3.1625027822e+01
    2.0053418787e+03    2.5195288011e+03   -7.6153954878e+04    3.3858336078e+01    3.3526774299e+01    3.3681746659e+01   -1.1000437180e-02   -3.4799825562e-02    3.2957853534e-02    9.4875083465e+01    3.1625027822e+01    3.1625027822e+01
    2.0035278803e+03    2.5172496780e+03   -7.6151238386e+04    3.3781610432e+01    3.3653327725e+01    3.3933190584e+01   -8.7895514670e-02    1.0339508459e-02   -4.0488859341e-02    9.4875083465e+01    3.1625027822e+01    3.1625027822e+01
    2.0037591492e+03    2.5175402462e+03   -7.6152843934e+04    3.3907676987e+01    3.3564600132e+01    3.3763917920e+01    9.2145815009e-02    2.7977839621e-02    3.2212235678e-02    9.4875083465e+01    3.1625027822e+01    3.1625027822e+01
    2.0048109816e+03    2.5188617776e+03   -7.6150714704e+04    3.3807911424e+01    3.3603790522e+01    3.3670328052e+01    2.1603994232e-02   -3.0473533627e-02    3.5908839355e-02    9.4875083465e+01    3.1625027822e+01    3.1625027822e+01
    2.0009183343e+03    2.5139710219e+03   -7.6149551510e+04    3.3808529303e+01    3.3630413040e+01    3.3778573294e+01   -1.1326710039e-01    9.4695246544e-04   -4.6746426235e-02    9.4875083465e+01    3.1625027822e+01    3.1625027822e+01
    2.0115986761e+03    2.5273898953e+03   -7.6159959500e+04    3.3728083497e+01    3.3884628096e+01    3.3553117758e+01   -3.3041591811e-02    2.4719024698e-02    6.7246954554e-02    9.4875083465e+01    3.1625027822e+01    3.1625027822e+01
    2.0044458582e+03    2.5184030333e+03   -7.6155104169e+04    3.3681962706e+01    3.3522594219e+01    3.3627214621e+01   -7.2282736411e-02   -6.4080072710e-02    1.1295947456e-01    9.4875083465e+01    3.1625027822e+01    3.1625027822e+01
    2.0069417425e+03    2.5215388838e+03   -7.6156360450e+04    3.3989752444e+01    3.3707858910e+01    3.3533529989e+01   -3.0082494135e-02    7.4789351952e-03    9.4687211701e-02    9.4875083465e+01    3.1625027822e+01    3.1625027822e+01
    1.9937847195e+03    2.5050082869e+03   -7.6138182178e+04    3.3754846074e+01    3.3788126704e+01    3.3773929040e+01   -4.1155077329e-02   -2.1059942635e-02   -5.3568471514e-02    9.4875083465e+01    3.1625027822e+01    3.1625027822e+01
    2.0125737005e+03    2.5286149243e+03   -7.6163530626e+04    3.3966171174e+01    3.3609808698e+01    3.3539651327e+01    5.3747781148e-02    1.2214045891e-01    4.7875846221e-02    9.4875083465e+01    3.1625027822e+01    3.1625027822e+01
    2.0010205606e+03    2.5140994599e+03   -7.6147668160e+04    3.3772615808e+01    3.3678486873e+01    3.3714805063e+01   -6.4915452672e-02    7.0071672347e-02    3.6259609273e-02    9.4875083465e+01    3.1625027822e+01    3.1625027822e+01
    1.9997775157e+03    2.5125376876e+03   -7.6144813281e+04    3.3870184747e+01    3.3693483506e+01    3.3619941605e+01   -6.9503281404e-02   -6.7698501906e-02   -6.7752217764e-02    9.4875083465e+01    3.1625027822e+01    3.1625027822e+01
    2.0137210396e+03    2.5300564511e+03   -7.6164754504e+04    3.3749031433e+01    3.3538476367e+01    3.3573932483e+01    3.0793737528e-02   -9.9716373742e-03   -1.3949231719e-02    9.4875083465e+01    3.1625027822e+01    3.1625027822e+01
    1.9877137101e+03    2.4973806184e+03   -7.6131803492e+04    3.3770404468e+01    3.3838403629e+01    3.3618369882e+01    6.2153161633e-02   -6.6993068747e-02    4.3262862193e-02    9.4875083465e+01    3.1625027822e+01    3.1625027822e+01
    1.9894828532e+03    2.4996033851e+03   -7.6134704066e+04    3.3955122915e+01    3.3646301812e+01    3.3708251360e+01   -6.7380441327e-02    5.7857626278e-02    4.6075973141e-03    9.4875083465e+01    3.1625027822e+01    3.1625027822e+01
    2.0041475325e+03    2.5180282144e+03   -7.6154252356e+04    3.3958102617e+01    3.3745809042e+01    3.3609535195e+01   -4.4918440160e-02   -5.1200130149e-03    5.9546710453e-03    9.4875083465e+01    3.1625027822e+01    3.1625027822e+01
    2.0328459604e+03    2.5540851662e+03   -7.6189083583e+04    3.3653480073e+01    3.3413808174e+01    3.3595420537e+01   -1.0780243822e-01   -8.6685729814e-03    2.5146061750e-02    9.4875083465e+01    3.1625027822e+01    3.1625027822e+01
    1.9999727262e+03    2.5127829517e+03   -7.6146953168e+04    3.3828964656e+01    3.3851211859e+01    3.3621245854e+01   -6.7270921295e-02    2.8444750528e-02   -6.5545110626e-03    9.4875083465e+01    3.1625027822e+01    3.1625027822e+01
    1.9848243450e+03    2.4937503952e+03   -7.6127606299e+04    3.3858094005e+01    3.3738853363e+01    3.3918952527e+01   -4.6066003598e-02    2.5458599743e-02   -8.6869385595e-02    9.4875083465e+01    3.1625027822e+01    3.1625027822e+01
    2.0115642652e+03    2.5273466612e+03   -7.6163410998e+04    3.3834694987e+01    3.3777523974e+01    3.3642491560e+01    4.1072186158e-02    6.3054683420e-02   -1.8049748734e-02    9.4875083465e+01    3.1625027822e+01    3.1625027822e+01
    2.0092690647e+03    2.5244629514e+03   -7.6157505109e+04    3.3762437955e+01    3.3672368990e+01    3.3530386793e+01   -3.4423355599e-02    2.7051084408e-02   -6.0433478300e-02    9.4875083465e+01    3.1625027822e+01    3.1625027822e+01
    2.0090197944e+03    2.5241497662e+03   -7.6158743831e+04    3.3735485129e+01    3.3847013963e+01    3.3644658893e+01    3.3744481391e-03   -2.0216236395e-02    6.8546634247e-02    9.4875083465e+01    3.1625027822e+01    3.1625027822e+01
    2.0090197944e+03    2.5241497662e+03   -7.6158743831e+04    3.3735485129e+01    3.3847013963e+01    3.3644658893e+01    3.3744481391e-03   -2.0216236395e-02    6.8546634247e-02    9.4875083465e+01    3.1625027822e+01    3.1625027822e+01
    2.0090197944e+03    2.5241497662e+03   -7.6158743831e+04    3.3735485129e+01    3.3847013963e+01    3.3644658893e+01    3.3744481391e-03   -2.0216236395e-02    6.8546634247e-02    9.4875083465e+01    3.1625027822e+01    3.1625027822e+01
    2.0090197944e+03    2.5241497662e+03   -7.6158743831e+04    3.3735485129e+01    3.3847013963e+01    3.3644658893e+01    3.3744481391e-03   -2.0216236395e-02    6.8546634247e-02    9.4875083465e+01    3.1625027822e+01    3.1625027822e+01
    2.0090197944e+03    2.5241497662e+03   -7.6158743831e+04    3.3735485129e+01    3.3847013963e+01    3.3644658893e+01    3.3744481391e-03   -2.0216236395e-02    6.8546634247e-02    9.4875083465e+01    3.1625027822e+01    3.1625027822e+01
    2.0090197944e+03    2.5241497662e+03   -7.6158743831e+04    3.3735485129e+01    3.3847013963e+01    3.3644658893e+01    3.3744481391e-03   -2.0216236395e-02    6.8546634247e-02    9.4875083465e+01    3.1625027822e+01    3.1625027822e+01
    2.0090197944e+03    2.5241497662e+03   -7.6158743831e+04    3.3735485129e+01    3.3847013963e+01    3.3644658893e+01    3.3744481391e-03   -2.0216236395e-02    6.8546634247e-02    9.4875083465e+01    3.1625027822e+01    3.1625027822e+01
    2.0090197944e+03    2.5241497662e+03   -7.6158743831e+04    3.3735485129e+01    3.3847013963e+01    3.3644658893e+01    3.3744481391e-03   -2.0216236395e-02    6.8546634247e-02    9.4875083465e+01    3.1625027822e+01    3.1625027822e+01
    2.0090197944e+03    2.5241497662e+03   -7.6158743831e+04    3.3735485129e+01    3.3847013963e+01    3.3644658893e+01    3.3744481391e-03   -2.0216236395e-02    6.8546634247e-02    9.4875083465e+01    3.1625027822e+01    3.1625027822e+01
    2.0090197944e+03    2.5241497662e+03   -7.6158743831e+04    3.3735485129e+01    3.3847013963e+01    3.3644658893e+01    3.3744481391e-03   -2.0216236395e-02    6.8546634247e-02    9.4875083465e+01    3.1625027822e+01    3.1625027822e+01
    2.0090197944e+03    2.5241497662e+03   -7.6158743831e+04    3.3735485129e+01    3.3847013963e+01    3.3644658893e+01    3.3744481391e-03   -2.0216236395e-02    6.8546634247e-02    9.4875083465e+01    3.1625027822e+01    3.1625027822e+01
    2.0090197944e+03    2.5241497662e+03   -7.6158743831e+04    3.3735485129e+01    3.3847013963e+01    3.3644658893e+01    3.3744481391e-03   -2.0216236395e-02    6.8546634247e-02    9.4875083465e+01    3.1625027822e+01    3.1625027822e+01
    2.0090197944e+03    2.5241497662e+03   -7.6158743831e+04    3.3735485129e+01    3.3847013963e+01    3.3644658893e+01    3.3744481391e-03   -2.0216236395e-02    6.8546634247e-02    9.4875083465e+01    3.1625027822e+01    3.1625027822e+01
    2.0090197944e+03    2.5241497662e+03   -7.6158743831e+04    3.3735485129e+01    3.3847013963e+01    3.3644658893e+01    3.3744481391e-03   -2.0216236395e-02    6.8546634247e-02    9.4875083465e+01    3.1625027822e+01    3.1625027822e+01
    2.0090197944e+03    2.5241497662e+03   -7.6158743831e+04    3.3735485129e+01    3.3847013963e+01    3.3644658893e+01    3.3744481391e-03   -2.0216236395e-02    6.8546634247e-02    9.4875083465e+01    3.1625027822e+01    3.1625027822e+01
    2.0090197944e+03    2.5241497662e+03   -7.6158743831e+04    3.3735485129e+01    3.3847013963e+01    3.3644658893e+01    3.3744481391e-03   -2.0216236395e-02    6.8546634247e-02    9.4875083465e+01    3.1625027822e+01    3.1625027822e+01
    2.0090197944e+03    2.5241497662e+03   -7.6158743831e+04    3.3735485129e+01    3.3847013963e+01    3.3644658893e+01    3.3744481391e-03   -2.0216236395e-02    6.8546634247e-02    9.4875083465e+01    3.1625027822e+01    3.1625027822e+01
    2.0090197944e+03    2.5241497662e+03   -7.6158743831e+04    3.3735485129e+01    3.3847013963e+01    3.3644658893e+01    3.3744481391e-03   -2.0216236395e-02    6.8546634247e-02    9.4875083465e+01    3.1625027822e+01    3.1625027822e+01
    2.0090197944e+03    2.5241497662e+03   -7.6158743831e+04    3.3735485129e+01    3.3847013963e+01    3.3644658893e+01    3.3744481391e-03   -2.0216236395e-02    6.8546634247e-02    9.4875083465e+01    3.1625027822e+01    3.1625027822e+01
    2.0090197944e+03    2.5241497662e+03   -7.6158743831e+04    3.3735485129e+01    3.3847013963e+01    3.3644658893e+01    3.3744481391e-03   -2.0216236395e-02    6.8546634247e-02    9.4875083465e+01    3.1625027822e+01    3.1625027822e+01
    2.0090197944e+03    2.5241497662e+03   -7.6158743831e+04    3.3735485129e+01    3.3847013963e+01    3.3644658893e+01    3.3744481391e-03   -2.0216236395e-02    6.8546634247e-02    9.4875083465e+01    3.1625027822e+01    3.1625027822e+01
    2.0090197944e+03    2.5241497662e+03   -7.6158743831e+04    3.3735485129e+01    3.3847013963e+01    3.3644658893e+01    3.3744481391e-03   -2.0216236395e-02    6.8546634247e-02    9.4875083465e+01    3.1625027822e+01    3.1625027822e+01
    2.0090197944e+03    2.5241497662e+03   -7.6158743831e+04    3.3735485129e+01    3.3847013963e+01    3.3644658893e+01    3.3744481391e-03   -2.0216236395e-02    6.8546634247e-02    9.4875083465e+01    3.1625027822e+01    3.1625027822e+01
    2.0090197944e+03    2.5241497662e+03   -7.6158743831e+04    3.3735485129e+01    3.3847013963e+01    3.3644658893e+01    3.3744481391e-03   -2.0216236395e-02    6.8546634247e-02    9.4875083465e+01    3.1625027822e+01    3.1625027822e+01
    2.0090197944e+03    2.5241497662e+03   -7.6158743831e+04    3.3735485129e+01    3.3847013963e+01    3.3644658893e+01    3.3744481391e-03   -2.0216236395e-02    6.8546634247e-02    9.4875083465e+01    3.1625027822e+01    3.1625027822e+01
    2.0090197944e+03    2.5241497662e+03   -7.6158743831e+04    3.3735485129e+01    3.3847013963e+01    3.3644658893e+01    3.3744481391e-03   -2.0216236395e-02    6.8546634247e-02    9.4875083465e+01    3.1625027822e+01    3.1625027822e+01
    2.0090197944e+03    2.5241497662e+03   -7.6158743831e+04    3.3735485129e+01    3.3847013963e+01    3.3644658893e+01    3.3744481391e-03   -2.0216236395e-02    6.8546634247e-02    9.4875083465e+01    3.1625027822e+01    3.1625027822e+01
    2.0090197944e+03    2.5241497662e+03   -7.6158743831e+04    3.3735485129e+01    3.3847013963e+01    3.3644658893e+01    3.3744481391e-03   -2.0216236395e-02    6.8546634247e-02    9.4875083465e+01    3.1625027822e+01    3.1625027822e+01
    2.0090197944e+03    2.5241497662e+03   -7.6158743831e+04    3.3735485129e+01    3.3847013963e+01    3.3644658893e+01    3.3744481391e-03   -2.0216236395e-02    6.8546634247e-02    9.4875083465e+01    3.1625027822e+01    3.1625027822e+01
    2.0090197944e+03    2.5241497662e+03   -7.6158743831e+04    3.3735485129e+01    3.3847013963e+01    3.3644658893e+01    3.3744481391e-03   -2.0216236395e-02    6.8546634247e-02    9.4875083465e+01    3.1625027822e+01    3.1625027822e+01
    2.0090197944e+03    2.5241497662e+03   -7.6158743831e+04    3.3735485129e+01    3.3847013963e+01    3.3644658893e+01    3.3744481391e-03   -2.0216236395e-02    6.8546634247e-02    9.4875083465e+01    3.1625027822e+01    3.1625027822e+01
