    1.9847833817e+03    2.2235482113e+03   -6.5545423826e+04    7.3801425495e+01    7.3944745997e+01    7.3590485664e+01    6.5881112223e-02   -8.8059983726e-02    4.6837849196e-02    8.1341286048e+01    3.0502982268e+01    3.0502982268e+01
    1.9897913748e+03    2.2291586544e+03   -6.5538759532e+04    7.4007632898e+01    7.3650400901e+01    7.3965889471e+01   -1.2651701136e-02    1.2001091464e-01   -6.9181795501e-02    8.1341286048e+01    3.0502982268e+01    3.0502982268e+01
    1.9985141319e+03    2.2389307388e+03   -6.5548133176e+04    7.3947602743e+01    7.3623592386e+01    7.3767062130e+01    5.9987114297e-02    3.6544615080e-02   -6.6132594024e-04    8.1341286048e+01    3.0502982268e+01    3.0502982268e+01
    1.9856525405e+03    2.2245219279e+03   -6.5533840358e+04    7.4159403669e+01    7.3791364769e+01    7.3649710698e+01   -1.0675424621e-01   -4.6171443098e-03    6.9612665262e-02    8.1341286048e+01    3.0502982268e+01    3.0502982268e+01
    1.9907739237e+03    2.2302594016e+03   -6.5537858288e+04    7.4002612333e+01    7.3874986678e+01    7.3608496066e+01   -1.2705449916e-01    1.0629305147e-02    3.3070607386e-02    8.1341286048e+01    3.0502982268e+01    3.0502982268e+01
    2.0185903774e+03    2.2614221101e+03   -6.5567990903e+04    7.3811720115e+01    7.3591651495e+01    7.3662914522e+01   -1.5863545320e-01    2.3100996174e-02   -9.8084450838e-02    8.1341286048e+01    3.0502982268e+01    3.0502982268e+01
    1.9769945017e+03    2.2148223472e+03   -6.5522304245e+04    7.4060162268e+01    7.3804792494e+01    7.3842385120e+01   -2.3723125569e-02   -1.1137847792e-01    6.9391655148e-02    8.1341286048e+01    3.0502982268e+01    3.0502982268e+01
    1.9956609488e+03    2.2357343244e+03   -6.5543455401e+04    7.4065321706e+01    7.3765299265e+01    7.3682838519e+01   -1.1522446060e-01   -4.2844453852e-02    1.1830817941e-01    8.1341286048e+01    3.0502982268e+01    3.0502982268e+01
    1.9912218853e+03    2.2307612519e+03   -6.5539216269e+04    7.4153409082e+01    7.3545863852e+01    7.3845198234e+01   -4.6182911079e-02    1.2325443875e-02    2.3265037448e-02    8.1341286048e+01    3.0502982268e+01    3.0502982268e+01
    1.9890822608e+03    2.2283642356e+03   -6.5537473855e+04    7.3830415198e+01    7.3667515989e+01    7.4125347319e+01    6.0939063389e-02   -6.7926174553e-03   -5.5037049970e-02    8.1341286048e+01    3.0502982268e+01    3.0502982268e+01
    1.9861588712e+03    2.2250891689e+03   -6.5533677311e+04    7.4021215796e+01    7.3725806623e+01    7.3700452590e+01   -5.2592788744e-02    6.8976829866e-03   -1.2422189576e-02    8.1341286048e+01    3.0502982268e+01    3.0502982268e+01
    1.9960459344e+03    2.2361656229e+03   -6.5543372866e+04    7.3902201754e+01    7.3826161159e+01    7.3500448282e+01    5.0793327665e-02    7.9959860391e-02    1.3232224278e-01    8.1341286048e+01    3.0502982268e+01    3.0502982268e+01
    2.0080135320e+03    2.2495728947e+03   -6.5557323253e+04    7.4045171801e+01    7.3649003176e+01    7.3364418289e+01   -3.4359240547e-02   -4.8874170892e-02    8.6102766490e-04    8.1341286048e+01    3.0502982268e+01    3.0502982268e+01
    2.0082693091e+03    2.2498594412e+03   -6.5557584587e+04    7.3923425348e+01    7.3817721981e+01    7.3418164680e+01   -3.0122863784e-02   -5.9595335421e-02   -3.5176902089e-02    8.1341286048e+01    3.0502982268e+01    3.0502982268e+01
    1.9922066000e+03    2.2318644255e+03   -6.5540037486e+04    7.3816355276e+01    7.3768242213e+01    7.3891767107e+01   -1.3326895525e-02   -1.2983361213e-01    7.2834877853e-03    8.1341286048e+01    3.0502982268e+01    3.0502982268e+01
    1.9918525643e+03    2.2314678001e+03   -6.5538388120e+04    7.3753615994e+01    7.3755805430e+01    7.3832242896e+01   -1.0693698028e-01    7.0827420499e-03   -1.6488624219e-02    8.1341286048e+01    3.0502982268e+01    3.0502982268e+01
    1.9807170735e+03    2.2189927357e+03   -6.5526798006e+04    7.4258051449e+01    7.3823243620e+01    7.3389526614e+01    1.9980322825e-04    4.6303069085e-02   -5.8979438450e-02    8.1341286048e+01    3.0502982268e+01    3.0502982268e+01
    2.0207023285e+03    2.2637881239e+03   -6.5570160519e+04    7.3888792894e+01    7.3597145117e+01    7.3644789306e+01   -2.1875530386e-02    1.4071631627e-02    3.3126111760e-02    8.1341286048e+01    3.0502982268e+01    3.0502982268e+01
    1.9874045938e+03    2.2264847492e+03   -6.5535638759e+04    7.3859274269e+01    7.3820419337e+01    7.3798455740e+01    6.3399204200e-02    6.5998549356e-02   -1.3348853836e-01    8.1341286048e+01    3.0502982268e+01    3.0502982268e+01
    1.9894390841e+03    2.2287639838e+03   -6.5536506461e+04    7.4164325934e+01    7.3813784474e+01    7.3611263498e+01    3.6664442780e-02   -2.7018658420e-02    2.4766326930e-02    8.1341286048e+01    3.0502982268e+01    3.0502982268e+01
    1.9963507464e+03    2.2365071031e+03   -6.5545374657e+04    7.4201453939e+01    7.3835736810e+01    7.3686345604e+01   -7.5809531319e-02   -7.7531035358e-02    5.7284252603e-02    8.1341286048e+01    3.0502982268e+01    3.0502982268e+01
    2.0124612716e+03    2.2545556870e+03   -6.5566431165e+04    7.3858646492e+01    7.3620966272e+01    7.3671027896e+01   -7.1996248959e-02    1.4046074867e-01   -1.8835011244e-02    8.1341286048e+01    3.0502982268e+01    3.0502982268e+01
    1.9908609386e+03    2.2303568842e+03   -6.5541374815e+04    7.3793326787e+01    7.3904122741e+01    7.3647404947e+01   -3.6426952465e-02   -3.0179484214e-02   -1.2222952726e-02    8.1341286048e+01    3.0502982268e+01    3.0502982268e+01
    2.0208757386e+03    2.2639823949e+03   -6.5571855531e+04    7.4034904126e+01    7.3779903793e+01    7.3640446620e+01   -1.6550041398e-01   -1.4958710428e-01   -1.1489222651e-02    8.1341286048e+01    3.0502982268e+01    3.0502982268e+01
    1.9981375327e+03    2.2385088356e+03   -6.5548123003e+04    7.3910873554e+01    7.4036524282e+01    7.3688443829e+01    8.8670142998e-02    1.7379005200e-02    1.9406520989e-04    8.1341286048e+01    3.0502982268e+01    3.0502982268e+01
    1.9780660493e+03    2.2160227994e+03   -6.5523782734e+04    7.4043589586e+01    7.3858011563e+01    7.4002867756e+01    4.6846949188e-02   -2.3458739269e-02   -1.2542771087e-01    8.1341286048e+01    3.0502982268e+01    3.0502982268e+01
    1.9939912065e+03    2.2338637160e+03   -6.5542498000e+04    7.4063004274e+01    7.3867469712e+01    7.3465923901e+01    2.4294038221e-02    2.3482154883e-01   -6.2700869793e-02    8.1341286048e+01    3.0502982268e+01    3.0502982268e+01
    2.0053797693e+03    2.2466222964e+03   -6.5554533112e+04    7.3924632051e+01    7.3798818719e+01    7.3748489408e+01    4.9093061017e-02   -4.0419578904e-02   -5.7869892723e-02    8.1341286048e+01    3.0502982268e+01    3.0502982268e+01
    1.9999314006e+03    2.2405185017e+03   -6.5548361312e+04    7.3937961195e+01    7.3940249372e+01    7.3605675110e+01   -4.5931910964e-03    1.3630010152e-01    3.3177864211e-02    8.1341286048e+01    3.0502982268e+01    3.0502982268e+01
    2.0118539109e+03    2.2538752623e+03   -6.5561474169e+04    7.3591793317e+01    7.3815566401e+01    7.3678694055e+01    8.7553955646e-02    1.0852398003e-01    5.0005843320e-02    8.1341286048e+01    3.0502982268e+01    3.0502982268e+01
    1.9857327442e+03    2.2246117799e+03   -6.5532704028e+04    7.4140893938e+01    7.4018378473e+01    7.3639579647e+01   -4.2798288166e-02    3.3337146246e-02    5.6889386258e-02    8.1341286048e+01    3.0502982268e+01    3.0502982268e+01
    1.9970957816e+03    2.2373417643e+03   -6.5545550211e+04    7.3946313859e+01    7.3473403136e+01    7.3946462688e+01    8.1269035797e-02    3.2108564522e-02    8.1619794542e-02    8.1341286048e+01    3.0502982268e+01    3.0502982268e+01
    1.9866181993e+03    2.2256037532e+03   -6.5532669647e+04    7.4048352972e+01    7.3730738454e+01    7.3956877643e+01    2.8183111723e-02    7.1621528461e-03   -1.7437263461e-01    8.1341286048e+01    3.0502982268e+01    3.0502982268e+01
    2.0076144246e+03    2.2491257756e+03   -6.5555160816e+04    7.3823662209e+01    7.3752730161e+01    7.3775414357e+01    1.0567433244e-01    2.6630362789e-02   -2.9697257821e-02    8.1341286048e+01    3.0502982268e+01    3.0502982268e+01
    1.9887232877e+03    2.2279620789e+03   -6.5536283833e+04    7.3916187877e+01    7.3630033365e+01    7.4125574080e+01   -5.5740217988e-02    4.5377827265e-02    3.3397584328e-02    8.1341286048e+01    3.0502982268e+01    3.0502982268e+01
    1.9954511799e+03    2.2354993209e+03   -6.5543991794e+04    7.3810934992e+01    7.3845938056e+01    7.3689161999e+01   -1.3717777501e-01   -4.8991955257e-02   -5.6311148452e-02    8.1341286048e+01    3.0502982268e+01    3.0502982268e+01
    1.9941626568e+03    2.2340557914e+03   -6.5539654802e+04    7.3826959739e+01    7.3807952170e+01    7.3889993460e+01    2.7403467833e-02    1.2747733985e-01    1.1777820689e-01    8.1341286048e+01    3.0502982268e+01    3.0502982268e+01
    1.9955673412e+03    2.2356294561e+03   -6.5545197133e+04    7.4058605373e+01    7.3750800776e+01    7.3928693262e+01   -4.7210434977e-02   -7.6068609827e-02   -6.4222034723e-02    8.1341286048e+01    3.0502982268e+01    3.0502982268e+01
    1.9921432384e+03    2.2317934416e+03   -6.5537828306e+04    7.4032761215e+01    7.3775240041e+01    7.3747751970e+01   -1.1238726294e-01    2.8412870906e-02   -1.0296070916e-02    8.1341286048e+01    3.0502982268e+01    3.0502982268e+01
    1.9803592859e+03    2.2185919071e+03   -6.5528797701e+04    7.4095886749e+01    7.3861126367e+01    7.3638478379e+01   -1.1463049092e-02   -2.4646107117e-02   -6.8744747256e-02    8.1341286048e+01    3.0502982268e+01    3.0502982268e+01
    2.0175394962e+03    2.2602448103e+03   -6.5569136434e+04    7.3945743993e+01    7.3646265486e+01    7.3632461479e+01    7.6758202339e-02    1.7322225804e-02    2.0704214715e-02    8.1341286048e+01    3.0502982268e+01    3.0502982268e+01
    2.0020587992e+03    2.2429018214e+03   -6.5549387098e+04    7.3865704029e+01    7.3585593259e+01    7.3772903224e+01   -9.1801135504e-02    4.2442476122e-02   -2.5841230129e-02    8.1341286048e+01    3.0502982268e+01    3.0502982268e+01
    1.9953110548e+03    2.2353423391e+03   -6.5543563574e+04    7.3955177565e+01    7.3615568357e+01    7.3969244426e+01   -1.9588924635e-02    2.3029484670e-02   -9.9629866921e-03    8.1341286048e+01    3.0502982268e+01    3.0502982268e+01
    1.9764107115e+03    2.2141683283e+03   -6.5522554896e+04    7.4165191943e+01    7.3760300340e+01    7.3846883472e+01    1.3048690566e-01   -1.4080224258e-01   -1.7155869973e-01    8.1341286048e+01    3.0502982268e+01    3.0502982268e+01
    2.0365748012e+03    2.2815700182e+03   -6.5589307301e+04    7.3660746830e+01    7.3700423502e+01    7.3411384017e+01   -6.2089239117e-02   -7.8754113600e-02    3.7142171658e-03    8.1341286048e+01    3.0502982268e+01    3.0502982268e+01
    2.0149466299e+03    2.2573400281e+03   -6.5563209721e+04    7.3881929751e+01    7.3834714481e+01    7.3646458046e+01   -6.6441799652e-02    7.6656840235e-02   -6.4431538176e-03    8.1341286048e+01    3.0502982268e+01    3.0502982268e+01
    1.9973168351e+03    2.2375894100e+03   -6.5543721576e+04    7.4176949849e+01    7.3547102919e+01    7.3701306156e+01   -9.9177238512e-03    4.7197791545e-02   -2.8352210374e-03    8.1341286048e+01    3.0502982268e+01    3.0502982268e+01
    1.9945712497e+03    2.2345135371e+03   -6.5544048384e+04    7.4079587808e+01    7.3511096225e+01    7.3709156981e+01    2.5284697494e-02   -1.1250086858e-01    1.4272384866e-02    8.1341286048e+01    3.0502982268e+01    3.0502982268e+01
    1.9999104089e+03    2.2404949847e+03   -6.5547041235e+04    7.3758249217e+01    7.3954511956e+01    7.3754760867e+01   -9.1038659091e-03    1.5816235603e-01   -1.0489580949e-01    8.1341286048e+01    3.0502982268e+01    3.0502982268e+01
    2.0038966801e+03    2.2449607950e+03   -6.5555226255e+04    7.3901654802e+01    7.3437743882e+01    7.3772847667e+01   -1.0124603997e-01   -5.7238999107e-02    8.3409948570e-02    8.1341286048e+01    3.0502982268e+01    3.0502982268e+01
    1.9890010458e+03    2.2282732506e+03   -6.5537277606e+04    7.4044659371e+01    7.3851681527e+01    7.3660789595e+01   -6.8333048248e-02   -8.3697848000e-02    3.5157508812e-02    8.1341286048e+01    3.0502982268e+01    3.0502982268e+01
    1.9941095685e+03    2.2339963167e+03   -6.5542475820e+04    7.3664312161e+01    7.3933428698e+01    7.4014031564e+01   -1.0560617028e-02    1.0054485165e-01   -1.7574820766e-01    8.1341286048e+01    3.0502982268e+01    3.0502982268e+01
    1.9945010541e+03    2.2344348971e+03   -6.5543890090e+04    7.3980476560e+01    7.3942474629e+01    7.3554095136e+01   -2.0192305189e-02    8.8248078938e-02    9.4606160632e-02    8.1341286048e+01    3.0502982268e+01    3.0502982268e+01
    2.0040812949e+03    2.2451676186e+03   -6.5552250604e+04    7.4039547395e+01    7.3653768691e+01    7.3642081230e+01    8.9645662820e-02    2.0268629003e-02   -2.5012325396e-02    8.1341286048e+01    3.0502982268e+01    3.0502982268e+01
    2.0175457925e+03    2.2602518640e+03   -6.5568063056e+04    7.4064750534e+01    7.3614019716e+01    7.3660863176e+01   -1.3127515776e-01   -7.2503460747e-02    5.8360491381e-02    8.1341286048e+01    3.0502982268e+01    3.0502982268e+01
    2.0002769493e+03    2.2409056190e+03   -6.5550003191e+04    7.3756013722e+01    7.3784891641e+01    7.3789289328e+01    5.8869876560e-02    5.5356805652e-02    2.4451821878e-01    8.1341286048e+01    3.0502982268e+01    3.0502982268e+01
    1.9835502994e+03    2.2221667920e+03   -6.5531302191e+04    7.4191126236e+01    7.3681146178e+01    7.3851270738e+01    6.3781003822e-03   -3.7771236170e-02    3.6428839966e-02    8.1341286048e+01    3.0502982268e+01    3.0502982268e+01
    1.9979150085e+03    2.2382595423e+03   -6.5544873093e+04    7.3832468785e+01    7.3754152481e+01    7.3976391958e+01   -5.5259198965e-02    6.4991726477e-02   -7.6622369316e-02    8.1341286048e+01    3.0502982268e+01    3.0502982268e+01
    2.0141439324e+03    2.2564407681e+03   -6.5563679080e+04    7.3872475016e+01    7.3710503794e+01    7.3595254370e+01   -1.2415737313e-01    1.2570901703e-02    5.8712587861e-02    8.1341286048e+01    3.0502982268e+01    3.0502982268e+01
    2.0156064863e+03    2.2580792637e+03   -6.5565494235e+04    7.3753898104e+01    7.3789166658e+01    7.3832987751e+01    9.6943183819e-02   -8.3484924976e-02    8.7215839977e-02    8.1341286048e+01    3.0502982268e+01    3.0502982268e+01
    1.9939617881e+03    2.2338307587e+03   -6.5543001837e+04    7.4060636075e+01    7.3673051448e+01    7.3737727457e+01    2.5357711011e-02   -1.3561866916e-01   -6.5031791150e-02    8.1341286048e+01    3.0502982268e+01    3.0502982268e+01
    1.9864415985e+03    2.2254059077e+03   -6.5533933629e+04    7.3843895587e+01    7.3778432852e+01    7.3880247559e+01   -3.3228906964e-02    1.1206547670e-01   -9.0940976560e-02    8.1341286048e+01    3.0502982268e+01    3.0502982268e+01
    1.9994079190e+03    2.2399320465e+03   -6.5549172094e+04    7.3877692379e+01    7.3862557707e+01    7.3703667516e+01    4.3430700143e-02    1.3794745096e-03   -3.2072430717e-02    8.1341286048e+01    3.0502982268e+01    3.0502982268e+01
    2.0149140023e+03    2.2573034755e+03   -6.5566902454e+04    7.3799368720e+01    7.3730552244e+01    7.3881205085e+01   -7.2190565511e-02   -1.4313357754e-02   -4.3301980007e-02    8.1341286048e+01    3.0502982268e+01    3.0502982268e+01
    1.9929655761e+03    2.2327147047e+03   -6.5542983915e+04    7.3869503949e+01    7.3716082270e+01    7.3968500021e+01    5.6295676513e-02    4.2197171535e-02   -1.0495823515e-01    8.1341286048e+01    3.0502982268e+01    3.0502982268e+01
    1.9919499332e+03    2.2315768823e+03   -6.5540193562e+04    7.3938373233e+01    7.3594193031e+01    7.3976776360e+01   -5.7799128428e-02    4.6299392544e-02    1.2139134476e-03    8.1341286048e+01    3.0502982268e+01    3.0502982268e+01
    1.9787836561e+03    2.2168267327e+03   -6.5526149199e+04    7.3891031547e+01    7.3834574775e+01    7.3894627516e+01   -4.2094934958e-02   -9.0109753373e-02   -7.2692898379e-02    8.1341286048e+01    3.0502982268e+01    3.0502982268e+01
    1.9765339541e+03    2.2143063967e+03   -6.5524252522e+04    7.4093809296e+01    7.3915392523e+01    7.3527466851e+01    4.4515569136e-02   -9.7337042643e-02   -1.1815062766e-01    8.1341286048e+01    3.0502982268e+01    3.0502982268e+01
    1.9837253919e+03    2.2223629478e+03   -6.5529509314e+04    7.3909786353e+01    7.3592246968e+01    7.4080330031e+01   -1.3518376960e-01    2.1077299377e-02    8.0113591827e-02    8.1341286048e+01    3.0502982268e+01    3.0502982268e+01
    1.9872552157e+03    2.2263174012e+03   -6.5535157689e+04    7.4028023178e+01    7.3752871367e+01    7.3697910698e+01   -2.2572510795e-02   -5.9950425957e-02   -1.0567877790e-01    8.1341286048e+01    3.0502982268e+01    3.0502982268e+01
    2.0023968530e+03    2.2432805423e+03   -6.5550822038e+04    7.3995566369e+01    7.3606738953e+01    7.3609155798e+01   -4.3005423220e-03    2.0888677353e-02    5.7789610114e-02    8.1341286048e+01    3.0502982268e+01    3.0502982268e+01
    1.9980473406e+03    2.2384077937e+03   -6.5545859076e+04    7.3955695594e+01    7.3884985002e+01    7.3622088820e+01    5.0514111792e-03   -1.1424143072e-03   -5.0405512053e-02    8.1341286048e+01    3.0502982268e+01    3.0502982268e+01
    1.9760159145e+03    2.2137260382e+03   -6.5520660200e+04    7.4119182257e+01    7.4106060802e+01    7.3650427940e+01   -1.4420873948e-02    5.5247021527e-02   -3.2256594496e-02    8.1341286048e+01    3.0502982268e+01    3.0502982268e+01
    2.0062025785e+03    2.2475440877e+03   -6.5555854621e+04    7.3811455742e+01    7.3722402896e+01    7.3812659625e+01    4.6132553729e-02   -1.3734188158e-01    4.5523621881e-02    8.1341286048e+01    3.0502982268e+01    3.0502982268e+01
    2.0027623919e+03    2.2436900546e+03   -6.5551775303e+04    7.4095034956e+01    7.3666515673e+01    7.3575358439e+01    9.7140002754e-02   -6.1181382769e-02    3.9764912357e-02    8.1341286048e+01    3.0502982268e+01    3.0502982268e+01
    1.9847293488e+03    2.2234876784e+03   -6.5532560673e+04    7.4035320374e+01    7.4055891755e+01    7.3391508378e+01   -5.5524932278e-02    4.9195923127e-02    4.3959559926e-02    8.1341286048e+01    3.0502982268e+01    3.0502982268e+01
    1.9991075866e+03    2.2395955847e+03   -6.5546947159e+04    7.3755277835e+01    7.3872085281e+01    7.3560102067e+01   -1.6068965062e-02    3.4503417852e-02    6.6449687124e-02    8.1341286048e+01    3.0502982268e+01    3.0502982268e+01
    1.9992650955e+03    2.2397720416e+03   -6.5547928712e+04    7.3879704692e+01    7.3650524993e+01    7.3629430455e+01   -3.6184637291e-02   -9.6462419356e-02    3.2746327024e-02    8.1341286048e+01    3.0502982268e+01    3.0502982268e+01
    2.0097385854e+03    2.2515054680e+03   -6.5558499605e+04    7.3812345983e+01    7.3551200629e+01    7.3723429577e+01    6.5892726333e-02   -6.5063203070e-02   -6.1970159073e-03    8.1341286048e+01    3.0502982268e+01    3.0502982268e+01
    1.9961098159e+03    2.2362371893e+03   -6.5545944542e+04    7.3636512559e+01    7.3917635948e+01    7.3826903287e+01    1.7460989632e-01    4.8129385350e-02    3.2687366903e-02    8.1341286048e+01    3.0502982268e+01    3.0502982268e+01
    1.9891142112e+03    2.2284000296e+03   -6.5535943816e+04    7.4079006589e+01    7.3545516382e+01    7.3889175323e+01    1.5917878977e-01    3.4077163549e-02   -1.6360435410e-01    8.1341286048e+01    3.0502982268e+01    3.0502982268e+01
    1.9959918990e+03    2.2361050872e+03   -6.5546549272e+04    7.3703736004e+01    7.3788458414e+01    7.3805805271e+01   -3.6827432654e-02    3.5474473515e-02   -1.5643663679e-01    8.1341286048e+01    3.0502982268e+01    3.0502982268e+01
    1.9992284905e+03    2.2397310331e+03   -6.5547463562e+04    7.3860019405e+01    7.3828767481e+01    7.3691768244e+01    6.8941006145e-03    5.8885405470e-02   -7.6800370414e-03    8.1341286048e+01    3.0502982268e+01    3.0502982268e+01
    2.0095960967e+03    2.2513458383e+03   -6.5559574691e+04    7.4037961816e+01    7.3738813140e+01    7.3582163465e+01   -1.0381847826e-01   -1.9401315266e-02    9.6893676414e-03    8.1341286048e+01    3.0502982268e+01    3.0502982268e+01
    2.0146618055e+03    2.2570209401e+03   -6.5562751091e+04    7.3967922114e+01    7.3532457490e+01    7.3678706699e+01   -1.1774948996e-01    1.7779517077e-01   -3.2155573410e-02    8.1341286048e+01    3.0502982268e+01    3.0502982268e+01
    1.9947803551e+03    2.2347477974e+03   -6.5544454489e+04    7.3992000794e+01    7.3707949170e+01    7.3840462263e+01    2.1643428303e-01   -2.4578410099e-03   -5.0519693634e-04    8.1341286048e+01    3.0502982268e+01    3.0502982268e+01
    1.9921513480e+03    2.2318025268e+03   -6.5540226352e+04    7.4191448054e+01    7.3764547372e+01    7.3647326671e+01   -6.3734624903e-02    1.2792385789e-01    7.5255644860e-02    8.1341286048e+01    3.0502982268e+01    3.0502982268e+01
    2.0125241412e+03    2.2546261198e+03   -6.5563698200e+04    7.3873844626e+01    7.3681331525e+01    7.3661668207e+01   -7.1373312379e-02   -8.1844931545e-03    9.9698451490e-03    8.1341286048e+01    3.0502982268e+01    3.0502982268e+01
    2.0086001323e+03    2.2502300616e+03   -6.5559940826e+04    7.3866546050e+01    7.3690595652e+01    7.3657302770e+01   -6.0842491443e-02   -1.4324685471e-02    1.1899899259e-01    8.1341286048e+01    3.0502982268e+01    3.0502982268e+01
    2.0139567447e+03    2.2562310621e+03   -6.5565365121e+04    7.3739985489e+01    7.3665835894e+01    7.3651355973e+01    8.2992203320e-02    5.5568360166e-02   -8.5759616345e-02    8.1341286048e+01    3.0502982268e+01    3.0502982268e+01
    1.9932809731e+03    2.2330680432e+03   -6.5538771455e+04    7.3826241075e+01    7.4005104541e+01    7.3663449923e+01    4.3218313838e-02   -3.5580918179e-02    1.0137343261e-02    8.1341286048e+01    3.0502982268e+01    3.0502982268e+01
    1.9868275744e+03    2.2258383156e+03   -6.5533725283e+04    7.3864228190e+01    7.3740190564e+01    7.3925129534e+01    1.4664907584e-01    1.3019429889e-01    3.9639177301e-02    8.1341286048e+01    3.0502982268e+01    3.0502982268e+01
    2.0084068301e+03    2.2500135056e+03   -6.5558168488e+04    7.4004263755e+01    7.3576704498e+01    7.3752957377e+01    2.6888408856e-02    2.5780433378e-02    1.7230021915e-02    8.1341286048e+01    3.0502982268e+01    3.0502982268e+01
    1.9985178932e+03    2.2389349527e+03   -6.5548033233e+04    7.3867838865e+01    7.3649658197e+01    7.3771194556e+01    6.4257584004e-02    8.8388756719e-02   -7.5524526941e-02    8.1341286048e+01    3.0502982268e+01    3.0502982268e+01
    1.9998633797e+03    2.2404422980e+03   -6.5547129106e+04    7.3842706875e+01    7.3788474462e+01    7.3823224145e+01    2.0389984664e-02   -3.1397846287e-02    4.0545705956e-03    8.1341286048e+01    3.0502982268e+01    3.0502982268e+01
    2.0102478379e+03    2.2520759824e+03   -6.5560789008e+04    7.3606364254e+01    7.3651513185e+01    7.3766906302e+01    7.0541537016e-02    4.0060550770e-02   -1.6090162157e-01    8.1341286048e+01    3.0502982268e+01    3.0502982268e+01
    2.0148752546e+03    2.2572600666e+03   -6.5566620734e+04    7.3945657525e+01    7.3557647879e+01    7.3736905608e+01   -5.3956663389e-02   -1.0470616128e-01    1.1978248805e-01    8.1341286048e+01    3.0502982268e+01    3.0502982268e+01
    2.0180140345e+03    2.2607764345e+03   -6.5569550781e+04    7.3822298429e+01    7.3785236693e+01    7.3663285958e+01   -4.8406079789e-02    1.1794682404e-01    3.5600381690e-02    8.1341286048e+01    3.0502982268e+01    3.0502982268e+01
    1.9854640805e+03    2.2243107965e+03   -6.5533344288e+04    7.3998694225e+01    7.3837763821e+01    7.3668369085e+01   -5.7953490472e-02   -7.9262707138e-03   -1.5602900250e-02    8.1341286048e+01    3.0502982268e+01    3.0502982268e+01
    1.9978096109e+03    2.2381414656e+03   -6.5543247011e+04    7.3765887200e+01    7.4106475577e+01    7.3531408448e+01   -2.8186591935e-02    8.6595527732e-02   -1.8427497810e-02    8.1341286048e+01    3.0502982268e+01    3.0502982268e+01
    1.9978096109e+03    2.2381414656e+03   -6.5543247011e+04    7.3765887200e+01    7.4106475577e+01    7.3531408448e+01   -2.8186591935e-02    8.6595527732e-02   -1.8427497810e-02    8.1341286048e+01    3.0502982268e+01    3.0502982268e+01
    1.9978096109e+03    2.2381414656e+03   -6.5543247011e+04    7.3765887200e+01    7.4106475577e+01    7.3531408448e+01   -2.8186591935e-02    8.6595527732e-02   -1.8427497810e-02    8.1341286048e+01    3.0502982268e+01    3.0502982268e+01
    1.9978096109e+03    2.2381414656e+03   -6.5543247011e+04    7.3765887200e+01    7.4106475577e+01    7.3531408448e+01   -2.8186591935e-02    8.6595527732e-02   -1.8427497810e-02    8.1341286048e+01    3.0502982268e+01    3.0502982268e+01
    1.9978096109e+03    2.2381414656e+03   -6.5543247011e+04    7.3765887200e+01    7.4106475577e+01    7.3531408448e+01   -2.8186591935e-02    8.6595527732e-02   -1.8427497810e-02    8.1341286048e+01    3.0502982268e+01    3.0502982268e+01
    1.9978096109e+03    2.2381414656e+03   -6.5543247011e+04    7.3765887200e+01    7.4106475577e+01    7.3531408448e+01   -2.8186591935e-02    8.6595527732e-02   -1.8427497810e-02    8.1341286048e+01    3.0502982268e+01    3.0502982268e+01
    1.9978096109e+03    2.2381414656e+03   -6.5543247011e+04    7.3765887200e+01    7.4106475577e+01    7.3531408448e+01   -2.8186591935e-02    8.6595527732e-02   -1.8427497810e-02    8.1341286048e+01    3.0502982268e+01    3.0502982268e+01
    1.9978096109e+03    2.2381414656e+03   -6.5543247011e+04    7.3765887200e+01    7.4106475577e+01    7.3531408448e+01   -2.8186591935e-02    8.6595527732e-02   -1.8427497810e-02    8.1341286048e+01    3.0502982268e+01    3.0502982268e+01
    1.9978096109e+03    2.2381414656e+03   -6.5543247011e+04    7.3765887200e+01    7.4106475577e+01    7.3531408448e+01   -2.8186591935e-02    8.6595527732e-02   -1.8427497810e-02    8.1341286048e+01    3.0502982268e+01    3.0502982268e+01
    1.9978096109e+03    2.2381414656e+03   -6.5543247011e+04    7.3765887200e+01    7.4106475577e+01    7.3531408448e+01   -2.8186591935e-02    8.6595527732e-02   -1.8427497810e-02    8.1341286048e+01    3.0502982268e+01    3.0502982268e+01
    1.9978096109e+03    2.2381414656e+03   -6.5543247011e+04    7.3765887200e+01    7.4106475577e+01    7.3531408448e+01   -2.8186591935e-02    8.6595527732e-02   -1.8427497810e-02    8.1341286048e+01    3.0502982268e+01    3.0502982268e+01
    1.9978096109e+03    2.2381414656e+03   -6.5543247011e+04    7.3765887200e+01    7.4106475577e+01    7.3531408448e+01   -2.8186591935e-02    8.6595527732e-02   -1.8427497810e-02    8.1341286048e+01    3.0502982268e+01    3.0502982268e+01
    1.9978096109e+03    2.2381414656e+03   -6.5543247011e+04    7.3765887200e+01    7.4106475577e+01    7.3531408448e+01   -2.8186591935e-02    8.6595527732e-02   -1.8427497810e-02    8.1341286048e+01    3.0502982268e+01    3.0502982268e+01
    1.9978096109e+03    2.2381414656e+03   -6.5543247011e+04    7.3765887200e+01    7.4106475577e+01    7.3531408448e+01   -2.8186591935e-02    8.6595527732e-02   -1.8427497810e-02    8.1341286048e+01    3.0502982268e+01    3.0502982268e+01
    1.9978096109e+03    2.2381414656e+03   -6.5543247011e+04    7.3765887200e+01    7.4106475577e+01    7.3531408448e+01   -2.8186591935e-02    8.6595527732e-02   -1.8427497810e-02    8.1341286048e+01    3.0502982268e+01    3.0502982268e+01
    1.9978096109e+03    2.2381414656e+03   -6.5543247011e+04    7.3765887200e+01    7.4106475577e+01    7.3531408448e+01   -2.8186591935e-02    8.6595527732e-02   -1.8427497810e-02    8.1341286048e+01    3.0502982268e+01    3.0502982268e+01
    1.9978096109e+03    2.2381414656e+03   -6.5543247011e+04    7.3765887200e+01    7.4106475577e+01    7.3531408448e+01   -2.8186591935e-02    8.6595527732e-02   -1.8427497810e-02    8.1341286048e+01    3.0502982268e+01    3.0502982268e+01
    1.9978096109e+03    2.2381414656e+03   -6.5543247011e+04    7.3765887200e+01    7.4106475577e+01    7.3531408448e+01   -2.8186591935e-02    8.6595527732e-02   -1.8427497810e-02    8.1341286048e+01    3.0502982268e+01    3.0502982268e+01
    1.9978096109e+03    2.2381414656e+03   -6.5543247011e+04    7.3765887200e+01    7.4106475577e+01    7.3531408448e+01   -2.8186591935e-02    8.6595527732e-02   -1.8427497810e-02    8.1341286048e+01    3.0502982268e+01    3.0502982268e+01
    1.9978096109e+03    2.2381414656e+03   -6.5543247011e+04    7.3765887200e+01    7.4106475577e+01    7.3531408448e+01   -2.8186591935e-02    8.6595527732e-02   -1.8427497810e-02    8.1341286048e+01    3.0502982268e+01    3.0502982268e+01
    1.9978096109e+03    2.2381414656e+03   -6.5543247011e+04    7.3765887200e+01    7.4106475577e+01    7.3531408448e+01   -2.8186591935e-02    8.6595527732e-02   -1.8427497810e-02    8.1341286048e+01    3.0502982268e+01    3.0502982268e+01
    1.9978096109e+03    2.2381414656e+03   -6.5543247011e+04    7.3765887200e+01    7.4106475577e+01    7.3531408448e+01   -2.8186591935e-02    8.6595527732e-02   -1.8427497810e-02    8.1341286048e+01    3.0502982268e+01    3.0502982268e+01
    1.9978096109e+03    2.2381414656e+03   -6.5543247011e+04    7.3765887200e+01    7.4106475577e+01    7.3531408448e+01   -2.8186591935e-02    8.6595527732e-02   -1.8427497810e-02    8.1341286048e+01    3.0502982268e+01    3.0502982268e+01
    1.9978096109e+03    2.2381414656e+03   -6.5543247011e+04    7.3765887200e+01    7.4106475577e+01    7.3531408448e+01   -2.8186591935e-02    8.6595527732e-02   -1.8427497810e-02    8.1341286048e+01    3.0502982268e+01    3.0502982268e+01
    1.9978096109e+03    2.2381414656e+03   -6.5543247011e+04    7.3765887200e+01    7.4106475577e+01    7.3531408448e+01   -2.8186591935e-02    8.6595527732e-02   -1.8427497810e-02    8.1341286048e+01    3.0502982268e+01    3.0502982268e+01
    1.9978096109e+03    2.2381414656e+03   -6.5543247011e+04    7.3765887200e+01    7.4106475577e+01    7.3531408448e+01   -2.8186591935e-02    8.6595527732e-02   -1.8427497810e-02    8.1341286048e+01    3.0502982268e+01    3.0502982268e+01
    1.9978096109e+03    2.2381414656e+03   -6.5543247011e+04    7.3765887200e+01    7.4106475577e+01    7.3531408448e+01   -2.8186591935e-02    8.6595527732e-02   -1.8427497810e-02    8.1341286048e+01    3.0502982268e+01    3.0502982268e+01
    1.9978096109e+03    2.2381414656e+03   -6.5543247011e+04    7.3765887200e+01    7.4106475577e+01    7.3531408448e+01   -2.8186591935e-02    8.6595527732e-02   -1.8427497810e-02    8.1341286048e+01    3.0502982268e+01    3.0502982268e+01
    1.9978096109e+03    2.2381414656e+03   -6.5543247011e+04    7.3765887200e+01    7.4106475577e+01    7.3531408448e+01   -2.8186591935e-02    8.6595527732e-02   -1.8427497810e-02    8.1341286048e+01    3.0502982268e+01    3.0502982268e+01
    1.9978096109e+03    2.2381414656e+03   -6.5543247011e+04    7.3765887200e+01    7.4106475577e+01    7.3531408448e+01   -2.8186591935e-02    8.6595527732e-02   -1.8427497810e-02    8.1341286048e+01    3.0502982268e+01    3.0502982268e+01
    1.9978096109e+03    2.2381414656e+03   -6.5543247011e+04    7.3765887200e+01    7.4106475577e+01    7.3531408448e+01   -2.8186591935e-02    8.6595527732e-02   -1.8427497810e-02    8.1341286048e+01    3.0502982268e+01    3.0502982268e+01
