    2.0194296268e+03    2.2553144615e+03   -6.5591375395e+04    7.3655370812e+01    7.3523081928e+01    7.3592063876e+01   -3.5865581318e-02    5.9577917752e-02    1.2073348638e-02    6.1005964536e+01    4.0670643024e+01    3.0502982268e+01
    2.0231990917e+03    2.2595242288e+03   -6.5579684952e+04    7.3681120176e+01    7.3623872714e+01    7.3627597631e+01    1.4419100506e-01    4.4259751723e-02   -1.2817130634e-01    6.1005964536e+01    4.0670643024e+01    3.0502982268e+01
    1.9870675757e+03    2.2191722752e+03   -6.5539769322e+04    7.4014502737e+01    7.3614300140e+01    7.3557717159e+01   -1.8351669636e-01    5.8081124899e-02    1.0613305426e-01    6.1005964536e+01    4.0670643024e+01    3.0502982268e+01
    2.0078898671e+03    2.2424267695e+03   -6.5564501270e+04    7.3796999626e+01    7.3671298386e+01    7.3843618558e+01    5.1634935962e-02    7.6594492259e-02   -5.9754237209e-02    6.1005964536e+01    4.0670643024e+01    3.0502982268e+01
    1.9924141699e+03    2.2251433925e+03   -6.5547962314e+04    7.3767003358e+01    7.3860969342e+01    7.3767507972e+01   -4.8866210527e-02    9.2037445441e-02    4.6789304750e-02    6.1005964536e+01    4.0670643024e+01    3.0502982268e+01
    1.9907579178e+03    2.2232936775e+03   -6.5543351796e+04    7.4220143295e+01    7.3736588865e+01    7.3592274777e+01   -4.7434222947e-02    8.2157851877e-02    1.4685754267e-02    6.1005964536e+01    4.0670643024e+01    3.0502982268e+01
    2.0071734850e+03    2.2416267086e+03   -6.5564031573e+04    7.3815190512e+01    7.3641228833e+01    7.3655214921e+01    1.7884825247e-02    1.5280708793e-02   -7.4699471115e-02    6.1005964536e+01    4.0670643024e+01    3.0502982268e+01
    2.0008979070e+03    2.2346180950e+03   -6.5556155297e+04    7.3744881818e+01    7.3719795416e+01    7.3885516843e+01   -1.3047167279e-01    4.1856451304e-02   -7.2287052865e-02    6.1005964536e+01    4.0670643024e+01    3.0502982268e+01
    1.9858109245e+03    2.2177688375e+03   -6.5536856343e+04    7.3887675623e+01    7.3796373919e+01    7.3945032061e+01    2.5986854083e-02    2.2168791920e-03   -4.1047281015e-03    6.1005964536e+01    4.0670643024e+01    3.0502982268e+01
    1.9781217590e+03    2.2091815186e+03   -6.5529559040e+04    7.3772051310e+01    7.4007692245e+01    7.3776947020e+01   -4.8044980209e-02    1.9275062937e-02   -5.8555153064e-02    6.1005964536e+01    4.0670643024e+01    3.0502982268e+01
    1.9742183744e+03    2.2048221889e+03   -6.5527549204e+04    7.3886637316e+01    7.3836380337e+01    7.3523247538e+01   -7.1415128985e-02    3.2580096105e-02    6.5957917529e-02    6.1005964536e+01    4.0670643024e+01    3.0502982268e+01
    2.0055174610e+03    2.2397772483e+03   -6.5560373696e+04    7.3745892782e+01    7.3644767131e+01    7.3608069245e+01    1.3110393678e-01   -6.3878345254e-02   -3.5199251334e-02    6.1005964536e+01    4.0670643024e+01    3.0502982268e+01
    2.0139252100e+03    2.2491670867e+03   -6.5571661172e+04    7.3695393889e+01    7.3638913827e+01    7.3717887212e+01   -1.8485197247e-02   -2.4759212313e-03   -8.0407489337e-02    6.1005964536e+01    4.0670643024e+01    3.0502982268e+01
    2.0062116541e+03    2.2405525284e+03   -6.5563800629e+04    7.3709868760e+01    7.3315301520e+01    7.3867949089e+01   -6.1231423691e-02    4.8072877068e-02    1.2717618446e-01    6.1005964536e+01    4.0670643024e+01    3.0502982268e+01
    1.9980155371e+03    2.2313990422e+03   -6.5553403315e+04    7.3581674635e+01    7.3690577004e+01    7.3847618399e+01   -1.1254451668e-01   -6.3591655851e-02    8.3567249598e-02    6.1005964536e+01    4.0670643024e+01    3.0502982268e+01
    2.0141954037e+03    2.2494688411e+03   -6.5571003032e+04    7.3636695191e+01    7.3801518919e+01    7.3490429216e+01    7.9332131710e-02    7.2546910678e-02    7.7504149226e-02    6.1005964536e+01    4.0670643024e+01    3.0502982268e+01
    2.0031367540e+03    2.2371184565e+03   -6.5558895168e+04    7.3920528907e+01    7.3778795825e+01    7.3523690539e+01   -1.8577975802e-01   -5.1406818133e-02    5.8495341796e-02    6.1005964536e+01    4.0670643024e+01    3.0502982268e+01
    2.0062543675e+03    2.2406002310e+03   -6.5558962055e+04    7.3662175387e+01    7.3706379347e+01    7.3959121332e+01    6.2348630761e-03    2.2143776041e-02    1.6091585271e-01    6.1005964536e+01    4.0670643024e+01    3.0502982268e+01
    2.0044520756e+03    2.2385874177e+03   -6.5557552925e+04    7.3776026850e+01    7.3741133688e+01    7.3634622606e+01    5.8759828908e-02   -4.7435935715e-02   -4.3505731164e-02    6.1005964536e+01    4.0670643024e+01    3.0502982268e+01
    1.9938858015e+03    2.2267869219e+03   -6.5547742493e+04    7.3781824524e+01    7.3897231663e+01    7.3600321251e+01   -1.2909635882e-01    1.5637339352e-01   -1.2462714870e-01    6.1005964536e+01    4.0670643024e+01    3.0502982268e+01
    1.9867227411e+03    2.2187871613e+03   -6.5538717838e+04    7.4119054631e+01    7.3714977594e+01    7.3890986738e+01    1.6931294425e-02   -8.4520556053e-02    2.0656819566e-01    6.1005964536e+01    4.0670643024e+01    3.0502982268e+01
    2.0017819037e+03    2.2356053493e+03   -6.5557555630e+04    7.3767062306e+01    7.3884830985e+01    7.3582131197e+01    5.3409767383e-02   -7.8049864509e-02    1.1927643020e-01    6.1005964536e+01    4.0670643024e+01    3.0502982268e+01
    1.9935224394e+03    2.2263811163e+03   -6.5548973346e+04    7.3958705886e+01    7.3669495732e+01    7.3597988943e+01   -8.1051385511e-02   -4.6983892820e-02    6.2455034720e-02    6.1005964536e+01    4.0670643024e+01    3.0502982268e+01
    2.0013199011e+03    2.2350893812e+03   -6.5556170806e+04    7.3791409825e+01    7.3764192831e+01    7.3527157184e+01    8.9125376597e-02   -1.9881061283e-03    3.4384783315e-02    6.1005964536e+01    4.0670643024e+01    3.0502982268e+01
    2.0072439785e+03    2.2417054362e+03   -6.5561706610e+04    7.3951927325e+01    7.3392950464e+01    7.3608214474e+01   -9.7250223049e-02   -1.9198236748e-02   -1.3302741064e-01    6.1005964536e+01    4.0670643024e+01    3.0502982268e+01
    2.0203228497e+03    2.2563120196e+03   -6.5577034477e+04    7.3510371196e+01    7.3631292597e+01    7.3739823340e+01   -3.4169563071e-02    3.6587593439e-02   -7.7131525441e-02    6.1005964536e+01    4.0670643024e+01    3.0502982268e+01
    2.0025817628e+03    2.2364986381e+03   -6.5557915905e+04    7.3760964796e+01    7.3786804153e+01    7.3590061485e+01   -6.2684837485e-02   -2.5763650079e-02   -1.2523939269e-01    6.1005964536e+01    4.0670643024e+01    3.0502982268e+01
    2.0071336418e+03    2.2415822113e+03   -6.5563852129e+04    7.3858333421e+01    7.3472166115e+01    7.3938441029e+01    5.6267159717e-02    2.8252896365e-02   -4.3169316710e-02    6.1005964536e+01    4.0670643024e+01    3.0502982268e+01
    1.9900820188e+03    2.2225388283e+03   -6.5546193717e+04    7.3909705130e+01    7.3975766819e+01    7.3598841670e+01    4.3312318469e-02   -5.1851935456e-02   -9.8311109491e-02    6.1005964536e+01    4.0670643024e+01    3.0502982268e+01
    2.0180658107e+03    2.2537913412e+03   -6.5574461886e+04    7.3632148213e+01    7.3658856760e+01    7.3859275939e+01    1.7322813118e-02   -8.6327469209e-02    1.6083280714e-01    6.1005964536e+01    4.0670643024e+01    3.0502982268e+01
    2.0087746830e+03    2.2434149387e+03   -6.5566074221e+04    7.3720011780e+01    7.3667998527e+01    7.3602705725e+01   -1.3287317234e-02    6.4457166568e-02   -2.5406316473e-04    6.1005964536e+01    4.0670643024e+01    3.0502982268e+01
    2.0123920007e+03    2.2474547868e+03   -6.5572158942e+04    7.3704266827e+01    7.3727244788e+01    7.3909381293e+01   -1.0097717518e-01    3.3628817623e-02    1.1471972592e-01    6.1005964536e+01    4.0670643024e+01    3.0502982268e+01
    1.9908561186e+03    2.2234033488e+03   -6.5546323838e+04    7.4219565119e+01    7.3650790717e+01    7.3767423008e+01    3.6655294745e-02   -8.6879549549e-03    5.2227495390e-02    6.1005964536e+01    4.0670643024e+01    3.0502982268e+01
    1.9754866412e+03    2.2062385989e+03   -6.5526347354e+04    7.3781255002e+01    7.3790378100e+01    7.3928018295e+01   -5.7242192470e-02   -1.0863114593e-01    7.7837336638e-02    6.1005964536e+01    4.0670643024e+01    3.0502982268e+01
    1.9816356689e+03    2.2131058801e+03   -6.5533691884e+04    7.4049137496e+01    7.3899104404e+01    7.3586953869e+01    1.3608695126e-01    2.0162573081e-02   -9.7295364218e-02    6.1005964536e+01    4.0670643024e+01    3.0502982268e+01
    1.9835840370e+03    2.2152818325e+03   -6.5535331097e+04    7.4171811108e+01    7.3622282617e+01    7.3735293779e+01   -7.4435328405e-02    1.2095526376e-01   -8.6380696390e-02    6.1005964536e+01    4.0670643024e+01    3.0502982268e+01
    1.9983119256e+03    2.2317300512e+03   -6.5557010843e+04    7.3852694875e+01    7.3870567529e+01    7.3648600665e+01    1.6278149021e-02   -7.5639059285e-02   -4.7246876646e-02    6.1005964536e+01    4.0670643024e+01    3.0502982268e+01
    1.9951279649e+03    2.2281741796e+03   -6.5549292151e+04    7.4032648272e+01    7.3532359493e+01    7.3739633615e+01    3.3154457340e-02   -1.3044469293e-01    5.3379529455e-02    6.1005964536e+01    4.0670643024e+01    3.0502982268e+01
    2.0040736041e+03    2.2381647378e+03   -6.5562769083e+04    7.3914654631e+01    7.3789154264e+01    7.3501032104e+01   -3.2643273830e-02    4.5468672146e-02    9.3628710560e-02    6.1005964536e+01    4.0670643024e+01    3.0502982268e+01
    2.0019345887e+03    2.2357758690e+03   -6.5555479980e+04    7.3936668893e+01    7.3831766355e+01    7.3735609726e+01   -1.1974843238e-01    5.1697489387e-02   -1.0219648211e-01    6.1005964536e+01    4.0670643024e+01    3.0502982268e+01
    1.9901169592e+03    2.2225778500e+03   -6.5541891063e+04    7.3905317623e+01    7.3722420173e+01    7.3575126428e+01   -5.4597643621e-02    2.7068456656e-02   -3.7503602027e-02    6.1005964536e+01    4.0670643024e+01    3.0502982268e+01
    2.0119457574e+03    2.2469564188e+03   -6.5569535088e+04    7.3488433357e+01    7.3791514712e+01    7.3739970218e+01    8.0318576777e-02    4.2808130147e-02    8.6379159471e-02    6.1005964536e+01    4.0670643024e+01    3.0502982268e+01
    2.0281522777e+03    2.2650559847e+03   -6.5587234464e+04    7.3674456046e+01    7.3768701577e+01    7.3453379829e+01   -7.2115362344e-02    2.3134442294e-03    1.5928235197e-01    6.1005964536e+01    4.0670643024e+01    3.0502982268e+01
    1.9999521275e+03    2.2335618412e+03   -6.5556663681e+04    7.4056777731e+01    7.3688673379e+01    7.3755937073e+01   -5.6088555275e-02    9.7097915280e-02   -4.0186307911e-02    6.1005964536e+01    4.0670643024e+01    3.0502982268e+01
    1.9879886755e+03    2.2202009665e+03   -6.5543401321e+04    7.3916572289e+01    7.3710465014e+01    7.3738183081e+01    3.3680174837e-02   -7.2947680057e-02   -1.0691998423e-01    6.1005964536e+01    4.0670643024e+01    3.0502982268e+01
    2.0046541466e+03    2.2388130921e+03   -6.5562427417e+04    7.3844096832e+01    7.3878937075e+01    7.3353416416e+01   -7.7084575052e-02   -6.9243415834e-02    7.2590761662e-02    6.1005964536e+01    4.0670643024e+01    3.0502982268e+01
    2.0123638099e+03    2.2474233031e+03   -6.5569151152e+04    7.3857717875e+01    7.3750345995e+01    7.3553280419e+01   -3.8014242917e-02    4.9578150436e-02   -1.1330414657e-01    6.1005964536e+01    4.0670643024e+01    3.0502982268e+01
    1.9924848936e+03    2.2252223773e+03   -6.5546654510e+04    7.3800670584e+01    7.4132911651e+01    7.3530226662e+01    1.4953901184e-02   -4.9854854624e-03    6.2994238999e-02    6.1005964536e+01    4.0670643024e+01    3.0502982268e+01
    2.0065025717e+03    2.2408774275e+03   -6.5562623374e+04    7.3923119178e+01    7.3818758665e+01    7.3520669267e+01   -5.4682741540e-02   -4.1599763918e-02    1.0652254085e-01    6.1005964536e+01    4.0670643024e+01    3.0502982268e+01
    1.9886340588e+03    2.2209217355e+03   -6.5541589230e+04    7.4099788202e+01    7.3580043319e+01    7.3761071026e+01    1.1176329299e-01   -5.4121240041e-02   -4.1757015016e-02    6.1005964536e+01    4.0670643024e+01    3.0502982268e+01
    1.9907774693e+03    2.2233155128e+03   -6.5544680097e+04    7.3960419480e+01    7.3698305713e+01    7.3878994145e+01   -1.5914463289e-01   -3.4337279747e-02    2.7011164000e-02    6.1005964536e+01    4.0670643024e+01    3.0502982268e+01
    2.0106756407e+03    2.2455379428e+03   -6.5568253174e+04    7.3828775431e+01    7.3706383263e+01    7.3546219516e+01    5.1115438647e-02   -3.8227842784e-02    2.3029259406e-02    6.1005964536e+01    4.0670643024e+01    3.0502982268e+01
    2.0031747211e+03    2.2371608584e+03   -6.5560105694e+04    7.3763589175e+01    7.3748422260e+01    7.3636310541e+01   -6.9275272260e-02   -1.5361273473e-02    7.3029456111e-02    6.1005964536e+01    4.0670643024e+01    3.0502982268e+01
    2.0076460031e+03    2.2421544204e+03   -6.5565617957e+04    7.4079848963e+01    7.3542949343e+01    7.3749913984e+01   -4.4136521064e-02    3.1840399596e-02    8.1091715824e-02    6.1005964536e+01    4.0670643024e+01    3.0502982268e+01
    2.0134989076e+03    2.2486909889e+03   -6.5569550436e+04    7.3620252228e+01    7.3791859888e+01    7.3758373055e+01   -6.5305524268e-02   -4.6685591445e-02    3.1727741022e-02    6.1005964536e+01    4.0670643024e+01    3.0502982268e+01
    1.9924991728e+03    2.2252383244e+03   -6.5548326922e+04    7.3733919576e+01    7.3866429448e+01    7.3796057284e+01    7.4181602622e-02   -3.0692545221e-02   -2.2335054632e-01    6.1005964536e+01    4.0670643024e+01    3.0502982268e+01
    2.0046587070e+03    2.2388181852e+03   -6.5560776668e+04    7.4202415486e+01    7.3570320213e+01    7.3622600618e+01   -9.5500720730e-02    5.5302929947e-02    8.0565606040e-02    6.1005964536e+01    4.0670643024e+01    3.0502982268e+01
    1.9948363425e+03    2.2278484934e+03   -6.5551265330e+04    7.3583712546e+01    7.3838200302e+01    7.3897026192e+01   -9.2977551081e-02   -1.1689810019e-01    3.8069142527e-02    6.1005964536e+01    4.0670643024e+01    3.0502982268e+01
    2.0181740969e+03    2.2539122761e+03   -6.5573898575e+04    7.3684059524e+01    7.3665008145e+01    7.3718283480e+01    4.9317134448e-02    1.2409793016e-02    5.5635222245e-02    6.1005964536e+01    4.0670643024e+01    3.0502982268e+01
    1.9853229692e+03    2.2172238852e+03   -6.5540513102e+04    7.4072105694e+01    7.3550497782e+01    7.3754255240e+01    1.6038721784e-02    5.6897400204e-02    3.8910056209e-02    6.1005964536e+01    4.0670643024e+01    3.0502982268e+01
    1.9961055191e+03    2.2292659196e+03   -6.5551781744e+04    7.3989794448e+01    7.3540251132e+01    7.3593011232e+01   -9.7864272336e-02    5.0284973018e-02    6.2634495551e-02    6.1005964536e+01    4.0670643024e+01    3.0502982268e+01
    2.0280300899e+03    2.2649195246e+03   -6.5585962690e+04    7.3680616207e+01    7.3678148263e+01    7.3429535897e+01   -1.1262580927e-02    4.2340490248e-02    1.0125481733e-02    6.1005964536e+01    4.0670643024e+01    3.0502982268e+01
    2.0113095520e+03    2.2462458998e+03   -6.5568904025e+04    7.3725969671e+01    7.3582690176e+01    7.3742951842e+01    7.3595615457e-02   -1.6574010733e-02   -6.1917136941e-02    6.1005964536e+01    4.0670643024e+01    3.0502982268e+01
    2.0167663627e+03    2.2523401078e+03   -6.5573486821e+04    7.3801362991e+01    7.3761280427e+01    7.3520307491e+01    8.0686371188e-02    3.7505558792e-02   -5.1575033432e-02    6.1005964536e+01    4.0670643024e+01    3.0502982268e+01
    1.9696562557e+03    2.1997271797e+03   -6.5522234424e+04    7.3947614761e+01    7.4152561974e+01    7.3643205495e+01    5.0110358844e-02   -2.5555074059e-01    3.7539160452e-03    6.1005964536e+01    4.0670643024e+01    3.0502982268e+01
    1.9914875357e+03    2.2241085203e+03   -6.5545226586e+04    7.3672278015e+01    7.3825130362e+01    7.3710355976e+01   -1.3944237760e-01   -1.3213666648e-02    9.7177332086e-03    6.1005964536e+01    4.0670643024e+01    3.0502982268e+01
    2.0133989442e+03    2.2485793490e+03   -6.5572387529e+04    7.3674764103e+01    7.3572623780e+01    7.3942756519e+01    1.5316855640e-02    1.5901896051e-01   -1.3652793156e-02    6.1005964536e+01    4.0670643024e+01    3.0502982268e+01
    1.9885263500e+03    2.2208014454e+03   -6.5542637074e+04    7.4172526358e+01    7.3716478959e+01    7.3611501680e+01   -1.0909481452e-01    8.4159065790e-03   -3.4049562620e-02    6.1005964536e+01    4.0670643024e+01    3.0502982268e+01
    1.9921732203e+03    2.2248742981e+03   -6.5544782023e+04    7.3833542766e+01    7.3757883051e+01    7.3883479231e+01   -1.4420376313e-01   -1.8625481863e-02   -1.8630782620e-01    6.1005964536e+01    4.0670643024e+01    3.0502982268e+01
    1.9887116075e+03    2.2210083425e+03   -6.5542927261e+04    7.3907212755e+01    7.3950482975e+01    7.3696819869e+01    8.5814828592e-02   -8.3010807330e-03   -1.0383649800e-01    6.1005964536e+01    4.0670643024e+01    3.0502982268e+01
    2.0054165025e+03    2.2396644971e+03   -6.5562468771e+04    7.3912025525e+01    7.3731800266e+01    7.3615804033e+01    5.5504022699e-02    7.2848841965e-02    7.1054549185e-02    6.1005964536e+01    4.0670643024e+01    3.0502982268e+01
    1.9930018115e+03    2.2257996751e+03   -6.5548528476e+04    7.3748312180e+01    7.4020065138e+01    7.3816947869e+01    8.1563815489e-02    1.0889455376e-01   -3.4033512521e-02    6.1005964536e+01    4.0670643024e+01    3.0502982268e+01
    2.0082051930e+03    2.2427789279e+03   -6.5565338890e+04    7.3746881926e+01    7.3759006851e+01    7.3573681499e+01   -1.1485733396e-01   -1.5805109668e-01   -9.5513216937e-02    6.1005964536e+01    4.0670643024e+01    3.0502982268e+01
    1.9844213802e+03    2.2162169838e+03   -6.5537398709e+04    7.3887490177e+01    7.3563420098e+01    7.3871016314e+01    7.0487008413e-02    9.9042502564e-02    6.3505148218e-02    6.1005964536e+01    4.0670643024e+01    3.0502982268e+01
    1.9888671355e+03    2.2211820373e+03   -6.5542892049e+04    7.4056523751e+01    7.3881917873e+01    7.3565832017e+01   -3.1995727392e-02   -7.2455913832e-02    7.4768954691e-02    6.1005964536e+01    4.0670643024e+01    3.0502982268e+01
    1.9919568829e+03    2.2246326908e+03   -6.5545081086e+04    7.4006392872e+01    7.3805571704e+01    7.3637513955e+01    6.9506707428e-02    3.6668039868e-02    3.6243006378e-02    6.1005964536e+01    4.0670643024e+01    3.0502982268e+01
    2.0050558100e+03    2.2392616729e+03   -6.5561339133e+04    7.4162755376e+01    7.3563559098e+01    7.3539396333e+01    1.3362302384e-01   -1.4827779566e-01    2.8380018035e-02    6.1005964536e+01    4.0670643024e+01    3.0502982268e+01
    2.0177563155e+03    2.2534456946e+03   -6.5575613673e+04    7.3465159042e+01    7.3828422388e+01    7.3769046104e+01   -2.6961560012e-02    5.7435902812e-02   -4.5501155868e-03    6.1005964536e+01    4.0670643024e+01    3.0502982268e+01
    2.0044031787e+03    2.2385328093e+03   -6.5559406899e+04    7.3720604995e+01    7.3718586444e+01    7.3741819923e+01   -8.8456671214e-02    7.4662117739e-02    9.0460674551e-02    6.1005964536e+01    4.0670643024e+01    3.0502982268e+01
    2.0108170483e+03    2.2456958679e+03   -6.5568939488e+04    7.4073215909e+01    7.3414021196e+01    7.3694994062e+01   -1.0705983470e-01   -7.1109490162e-02   -9.6392469983e-02    6.1005964536e+01    4.0670643024e+01    3.0502982268e+01
    1.9926511656e+03    2.2254080711e+03   -6.5547120684e+04    7.4062158425e+01    7.3282659247e+01    7.3877308196e+01   -3.1523414554e-02    8.0177960291e-03    1.9450913173e-02    6.1005964536e+01    4.0670643024e+01    3.0502982268e+01
    1.9826713300e+03    2.2142625143e+03   -6.5536402958e+04    7.3428094930e+01    7.4109862184e+01    7.3990084375e+01    9.8610757033e-02    4.0140857243e-02    8.7395066957e-02    6.1005964536e+01    4.0670643024e+01    3.0502982268e+01
    1.9929943933e+03    2.2257913905e+03   -6.5547849078e+04    7.3696728920e+01    7.3887734027e+01    7.3687190412e+01    1.9434225315e-03   -4.4315334412e-02    1.7910111437e-01    6.1005964536e+01    4.0670643024e+01    3.0502982268e+01
    2.0197513215e+03    2.2556737326e+03   -6.5577496077e+04    7.3671335778e+01    7.3621992995e+01    7.3444148559e+01    1.3727217728e-02   -1.4828469378e-01   -5.7766692423e-02    6.1005964536e+01    4.0670643024e+01    3.0502982268e+01
    2.0098976100e+03    2.2446690322e+03   -6.5568609601e+04    7.3922303991e+01    7.3555675814e+01    7.3441076836e+01   -7.4525968931e-02   -1.2939681942e-02   -7.0158120182e-02    6.1005964536e+01    4.0670643024e+01    3.0502982268e+01
    2.0116908442e+03    2.2466717299e+03   -6.5568964961e+04    7.4187926040e+01    7.3381595902e+01    7.3283941494e+01    5.1870438062e-02   -9.2021323227e-02    1.8290130297e-02    6.1005964536e+01    4.0670643024e+01    3.0502982268e+01
    1.9962272006e+03    2.2294018143e+03   -6.5549797116e+04    7.3898147809e+01    7.3700089041e+01    7.3676442780e+01    9.1446165484e-02    1.5544091763e-01    6.4776025822e-02    6.1005964536e+01    4.0670643024e+01    3.0502982268e+01
    1.9955942630e+03    2.2286949448e+03   -6.5551302708e+04    7.3927157067e+01    7.3804801016e+01    7.3756973634e+01    1.8766702404e-01   -6.2849204730e-02   -1.7303453945e-01    6.1005964536e+01    4.0670643024e+01    3.0502982268e+01
    1.9919558750e+03    2.2246315652e+03   -6.5546859787e+04    7.4072361836e+01    7.3542460124e+01    7.3630596660e+01    7.2154083338e-02   -1.1154612397e-01   -4.5515767250e-02    6.1005964536e+01    4.0670643024e+01    3.0502982268e+01
    2.0056836578e+03    2.2399628582e+03   -6.5564806181e+04    7.3638196288e+01    7.3677480258e+01    7.3773509832e+01    6.2147185484e-03    7.3950707963e-02    1.8891072231e-02    6.1005964536e+01    4.0670643024e+01    3.0502982268e+01
    2.0183766640e+03    2.2541385046e+03   -6.5578465294e+04    7.3794445146e+01    7.3331180902e+01    7.3724188490e+01    1.5405485638e-01   -3.4291101809e-04   -6.4864875463e-03    6.1005964536e+01    4.0670643024e+01    3.0502982268e+01
    1.9980694289e+03    2.2314592291e+03   -6.5553222394e+04    7.3866702047e+01    7.3709435920e+01    7.3655207557e+01   -7.4850541914e-03   -1.8796515441e-01   -1.0285189448e-01    6.1005964536e+01    4.0670643024e+01    3.0502982268e+01
    2.0129680085e+03    2.2480980767e+03   -6.5569743758e+04    7.3894554658e+01    7.3542201830e+01    7.3776210042e+01    1.4265776373e-01   -1.2416902768e-01    2.8296635269e-03    6.1005964536e+01    4.0670643024e+01    3.0502982268e+01
    1.9936999092e+03    2.2265793159e+03   -6.5547924288e+04    7.3624513884e+01    7.3772638225e+01    7.4001265797e+01   -1.9265260893e-02    1.2870115193e-01   -3.9042191300e-02    6.1005964536e+01    4.0670643024e+01    3.0502982268e+01
    1.9644098908e+03    2.1938679993e+03   -6.5515739029e+04    7.4192025160e+01    7.3761374675e+01    7.3848338028e+01   -1.2487874535e-01   -5.2171054797e-03   -1.2149152235e-02    6.1005964536e+01    4.0670643024e+01    3.0502982268e+01
    2.0011173395e+03    2.2348631589e+03   -6.5557526483e+04    7.3848463308e+01    7.3550394820e+01    7.3722038909e+01    1.0547934114e-01    1.8188485306e-02    1.4853416639e-01    6.1005964536e+01    4.0670643024e+01    3.0502982268e+01
    1.9958157786e+03    2.2289423352e+03   -6.5549645999e+04    7.4030465592e+01    7.3620188595e+01    7.3574278297e+01    3.1617063150e-02   -2.3539723751e-02   -4.5533513387e-02    6.1005964536e+01    4.0670643024e+01    3.0502982268e+01
    1.9922759154e+03    2.2249889888e+03   -6.5548599009e+04    7.3790223465e+01    7.3591787607e+01    7.3855596941e+01    2.9303611413e-02   -9.1422565866e-02    1.3724258103e-01    6.1005964536e+01    4.0670643024e+01    3.0502982268e+01
    1.9950269960e+03    2.2280614167e+03   -6.5551669601e+04    7.4122482339e+01    7.3415942310e+01    7.3703230408e+01    5.3540267155e-02   -3.0712312789e-02   -8.5828784800e-02    6.1005964536e+01    4.0670643024e+01    3.0502982268e+01
    1.9867059924e+03    2.2187684561e+03   -6.5541263570e+04    7.3862551787e+01    7.3697865357e+01    7.3678244450e+01   -4.6911042978e-02    3.5378522129e-02    5.9197548694e-02    6.1005964536e+01    4.0670643024e+01    3.0502982268e+01
    1.9867059924e+03    2.2187684561e+03   -6.5541263570e+04    7.3862551787e+01    7.3697865357e+01    7.3678244450e+01   -4.6911042978e-02    3.5378522129e-02    5.9197548694e-02    6.1005964536e+01    4.0670643024e+01    3.0502982268e+01
    1.9867059924e+03    2.2187684561e+03   -6.5541263570e+04    7.3862551787e+01    7.3697865357e+01    7.3678244450e+01   -4.6911042978e-02    3.5378522129e-02    5.9197548694e-02    6.1005964536e+01    4.0670643024e+01    3.0502982268e+01
    1.9867059924e+03    2.2187684561e+03   -6.5541263570e+04    7.3862551787e+01    7.3697865357e+01    7.3678244450e+01   -4.6911042978e-02    3.5378522129e-02    5.9197548694e-02    6.1005964536e+01    4.0670643024e+01    3.0502982268e+01
    1.9867059924e+03    2.2187684561e+03   -6.5541263570e+04    7.3862551787e+01    7.3697865357e+01    7.3678244450e+01   -4.6911042978e-02    3.5378522129e-02    5.9197548694e-02    6.1005964536e+01    4.0670643024e+01    3.0502982268e+01
    1.9867059924e+03    2.2187684561e+03   -6.5541263570e+04    7.3862551787e+01    7.3697865357e+01    7.3678244450e+01   -4.6911042978e-02    3.5378522129e-02    5.9197548694e-02    6.1005964536e+01    4.0670643024e+01    3.0502982268e+01
    1.9867059924e+03    2.2187684561e+03   -6.5541263570e+04    7.3862551787e+01    7.3697865357e+01    7.3678244450e+01   -4.6911042978e-02    3.5378522129e-02    5.9197548694e-02    6.1005964536e+01    4.0670643024e+01    3.0502982268e+01
    1.9867059924e+03    2.2187684561e+03   -6.5541263570e+04    7.3862551787e+01    7.3697865357e+01    7.3678244450e+01   -4.6911042978e-02    3.5378522129e-02    5.9197548694e-02    6.1005964536e+01    4.0670643024e+01    3.0502982268e+01
    1.9867059924e+03    2.2187684561e+03   -6.5541263570e+04    7.3862551787e+01    7.3697865357e+01    7.3678244450e+01   -4.6911042978e-02    3.5378522129e-02    5.9197548694e-02    6.1005964536e+01    4.0670643024e+01    3.0502982268e+01
    1.9867059924e+03    2.2187684561e+03   -6.5541263570e+04    7.3862551787e+01    7.3697865357e+01    7.3678244450e+01   -4.6911042978e-02    3.5378522129e-02    5.9197548694e-02    6.1005964536e+01    4.0670643024e+01    3.0502982268e+01
    1.9867059924e+03    2.2187684561e+03   -6.5541263570e+04    7.3862551787e+01    7.3697865357e+01    7.3678244450e+01   -4.6911042978e-02    3.5378522129e-02    5.9197548694e-02    6.1005964536e+01    4.0670643024e+01    3.0502982268e+01
    1.9867059924e+03    2.2187684561e+03   -6.5541263570e+04    7.3862551787e+01    7.3697865357e+01    7.3678244450e+01   -4.6911042978e-02    3.5378522129e-02    5.9197548694e-02    6.1005964536e+01    4.0670643024e+01    3.0502982268e+01
    1.9867059924e+03    2.2187684561e+03   -6.5541263570e+04    7.3862551787e+01    7.3697865357e+01    7.3678244450e+01   -4.6911042978e-02    3.5378522129e-02    5.9197548694e-02    6.1005964536e+01    4.0670643024e+01    3.0502982268e+01
    1.9867059924e+03    2.2187684561e+03   -6.5541263570e+04    7.3862551787e+01    7.3697865357e+01    7.3678244450e+01   -4.6911042978e-02    3.5378522129e-02    5.9197548694e-02    6.1005964536e+01    4.0670643024e+01    3.0502982268e+01
    1.9867059924e+03    2.2187684561e+03   -6.5541263570e+04    7.3862551787e+01    7.3697865357e+01    7.3678244450e+01   -4.6911042978e-02    3.5378522129e-02    5.9197548694e-02    6.1005964536e+01    4.0670643024e+01    3.0502982268e+01
    1.9867059924e+03    2.2187684561e+03   -6.5541263570e+04    7.3862551787e+01    7.3697865357e+01    7.3678244450e+01   -4.6911042978e-02    3.5378522129e-02    5.9197548694e-02    6.1005964536e+01    4.0670643024e+01    3.0502982268e+01
    1.9867059924e+03    2.2187684561e+03   -6.5541263570e+04    7.3862551787e+01    7.3697865357e+01    7.3678244450e+01   -4.6911042978e-02    3.5378522129e-02    5.9197548694e-02    6.1005964536e+01    4.0670643024e+01    3.0502982268e+01
    1.9867059924e+03    2.2187684561e+03   -6.5541263570e+04    7.3862551787e+01    7.3697865357e+01    7.3678244450e+01   -4.6911042978e-02    3.5378522129e-02    5.9197548694e-02    6.1005964536e+01    4.0670643024e+01    3.0502982268e+01
    1.9867059924e+03    2.2187684561e+03   -6.5541263570e+04    7.3862551787e+01    7.3697865357e+01    7.3678244450e+01   -4.6911042978e-02    3.5378522129e-02    5.9197548694e-02    6.1005964536e+01    4.0670643024e+01    3.0502982268e+01
    1.9867059924e+03    2.2187684561e+03   -6.5541263570e+04    7.3862551787e+01    7.3697865357e+01    7.3678244450e+01   -4.6911042978e-02    3.5378522129e-02    5.9197548694e-02    6.1005964536e+01    4.0670643024e+01    3.0502982268e+01
    1.9867059924e+03    2.2187684561e+03   -6.5541263570e+04    7.3862551787e+01    7.3697865357e+01    7.3678244450e+01   -4.6911042978e-02    3.5378522129e-02    5.9197548694e-02    6.1005964536e+01    4.0670643024e+01    3.0502982268e+01
    1.9867059924e+03    2.2187684561e+03   -6.5541263570e+04    7.3862551787e+01    7.3697865357e+01    7.3678244450e+01   -4.6911042978e-02    3.5378522129e-02    5.9197548694e-02    6.1005964536e+01    4.0670643024e+01    3.0502982268e+01
    1.9867059924e+03    2.2187684561e+03   -6.5541263570e+04    7.3862551787e+01    7.3697865357e+01    7.3678244450e+01   -4.6911042978e-02    3.5378522129e-02    5.9197548694e-02    6.1005964536e+01    4.0670643024e+01    3.0502982268e+01
    1.9867059924e+03    2.2187684561e+03   -6.5541263570e+04    7.3862551787e+01    7.3697865357e+01    7.3678244450e+01   -4.6911042978e-02    3.5378522129e-02    5.9197548694e-02    6.1005964536e+01    4.0670643024e+01    3.0502982268e+01
    1.9867059924e+03    2.2187684561e+03   -6.5541263570e+04    7.3862551787e+01    7.3697865357e+01    7.3678244450e+01   -4.6911042978e-02    3.5378522129e-02    5.9197548694e-02    6.1005964536e+01    4.0670643024e+01    3.0502982268e+01
    1.9867059924e+03    2.2187684561e+03   -6.5541263570e+04    7.3862551787e+01    7.3697865357e+01    7.3678244450e+01   -4.6911042978e-02    3.5378522129e-02    5.9197548694e-02    6.1005964536e+01    4.0670643024e+01    3.0502982268e+01
    1.9867059924e+03    2.2187684561e+03   -6.5541263570e+04    7.3862551787e+01    7.3697865357e+01    7.3678244450e+01   -4.6911042978e-02    3.5378522129e-02    5.9197548694e-02    6.1005964536e+01    4.0670643024e+01    3.0502982268e+01
    1.9867059924e+03    2.2187684561e+03   -6.5541263570e+04    7.3862551787e+01    7.3697865357e+01    7.3678244450e+01   -4.6911042978e-02    3.5378522129e-02    5.9197548694e-02    6.1005964536e+01    4.0670643024e+01    3.0502982268e+01
    1.9867059924e+03    2.2187684561e+03   -6.5541263570e+04    7.3862551787e+01    7.3697865357e+01    7.3678244450e+01   -4.6911042978e-02    3.5378522129e-02    5.9197548694e-02    6.1005964536e+01    4.0670643024e+01    3.0502982268e+01
    1.9867059924e+03    2.2187684561e+03   -6.5541263570e+04    7.3862551787e+01    7.3697865357e+01    7.3678244450e+01   -4.6911042978e-02    3.5378522129e-02    5.9197548694e-02    6.1005964536e+01    4.0670643024e+01    3.0502982268e+01
    1.9867059924e+03    2.2187684561e+03   -6.5541263570e+04    7.3862551787e+01    7.3697865357e+01    7.3678244450e+01   -4.6911042978e-02    3.5378522129e-02    5.9197548694e-02    6.1005964536e+01    4.0670643024e+01    3.0502982268e+01
